[2023-10-18T02:40:51.351+0000] {processor.py:157} INFO - Started process (PID=271) to work on /home/airflow/.local/lib/python3.8/site-packages/airflow/example_dags/example_params_trigger_ui.py
[2023-10-18T02:40:51.352+0000] {processor.py:829} INFO - Processing file /home/airflow/.local/lib/python3.8/site-packages/airflow/example_dags/example_params_trigger_ui.py for tasks to queue
[2023-10-18T02:40:51.353+0000] {logging_mixin.py:151} INFO - [2023-10-18T02:40:51.352+0000] {dagbag.py:536} INFO - Filling up the DagBag from /home/airflow/.local/lib/python3.8/site-packages/airflow/example_dags/example_params_trigger_ui.py
[2023-10-18T02:40:51.364+0000] {processor.py:839} INFO - DAG(s) dict_keys(['example_params_trigger_ui']) retrieved from /home/airflow/.local/lib/python3.8/site-packages/airflow/example_dags/example_params_trigger_ui.py
[2023-10-18T02:40:51.377+0000] {logging_mixin.py:151} INFO - [2023-10-18T02:40:51.377+0000] {dag.py:2941} INFO - Sync 1 DAGs
[2023-10-18T02:40:51.387+0000] {logging_mixin.py:151} INFO - [2023-10-18T02:40:51.387+0000] {dag.py:3722} INFO - Setting next_dagrun for example_params_trigger_ui to None, run_after=None
[2023-10-18T02:40:51.400+0000] {processor.py:179} INFO - Processing /home/airflow/.local/lib/python3.8/site-packages/airflow/example_dags/example_params_trigger_ui.py took 0.051 seconds
[2023-10-18T02:41:21.932+0000] {processor.py:157} INFO - Started process (PID=509) to work on /home/airflow/.local/lib/python3.8/site-packages/airflow/example_dags/example_params_trigger_ui.py
[2023-10-18T02:41:21.933+0000] {processor.py:829} INFO - Processing file /home/airflow/.local/lib/python3.8/site-packages/airflow/example_dags/example_params_trigger_ui.py for tasks to queue
[2023-10-18T02:41:21.933+0000] {logging_mixin.py:151} INFO - [2023-10-18T02:41:21.933+0000] {dagbag.py:536} INFO - Filling up the DagBag from /home/airflow/.local/lib/python3.8/site-packages/airflow/example_dags/example_params_trigger_ui.py
[2023-10-18T02:41:21.943+0000] {processor.py:839} INFO - DAG(s) dict_keys(['example_params_trigger_ui']) retrieved from /home/airflow/.local/lib/python3.8/site-packages/airflow/example_dags/example_params_trigger_ui.py
[2023-10-18T02:41:21.970+0000] {logging_mixin.py:151} INFO - [2023-10-18T02:41:21.969+0000] {dag.py:2941} INFO - Sync 1 DAGs
[2023-10-18T02:41:21.976+0000] {logging_mixin.py:151} INFO - [2023-10-18T02:41:21.976+0000] {dag.py:3722} INFO - Setting next_dagrun for example_params_trigger_ui to None, run_after=None
[2023-10-18T02:41:21.985+0000] {processor.py:179} INFO - Processing /home/airflow/.local/lib/python3.8/site-packages/airflow/example_dags/example_params_trigger_ui.py took 0.055 seconds
[2023-10-18T02:41:52.197+0000] {processor.py:157} INFO - Started process (PID=747) to work on /home/airflow/.local/lib/python3.8/site-packages/airflow/example_dags/example_params_trigger_ui.py
[2023-10-18T02:41:52.198+0000] {processor.py:829} INFO - Processing file /home/airflow/.local/lib/python3.8/site-packages/airflow/example_dags/example_params_trigger_ui.py for tasks to queue
[2023-10-18T02:41:52.198+0000] {logging_mixin.py:151} INFO - [2023-10-18T02:41:52.198+0000] {dagbag.py:536} INFO - Filling up the DagBag from /home/airflow/.local/lib/python3.8/site-packages/airflow/example_dags/example_params_trigger_ui.py
[2023-10-18T02:41:52.208+0000] {processor.py:839} INFO - DAG(s) dict_keys(['example_params_trigger_ui']) retrieved from /home/airflow/.local/lib/python3.8/site-packages/airflow/example_dags/example_params_trigger_ui.py
[2023-10-18T02:41:52.238+0000] {logging_mixin.py:151} INFO - [2023-10-18T02:41:52.238+0000] {dag.py:2941} INFO - Sync 1 DAGs
[2023-10-18T02:41:52.245+0000] {logging_mixin.py:151} INFO - [2023-10-18T02:41:52.245+0000] {dag.py:3722} INFO - Setting next_dagrun for example_params_trigger_ui to None, run_after=None
[2023-10-18T02:41:52.254+0000] {processor.py:179} INFO - Processing /home/airflow/.local/lib/python3.8/site-packages/airflow/example_dags/example_params_trigger_ui.py took 0.059 seconds
[2023-10-18T02:42:22.298+0000] {processor.py:157} INFO - Started process (PID=985) to work on /home/airflow/.local/lib/python3.8/site-packages/airflow/example_dags/example_params_trigger_ui.py
[2023-10-18T02:42:22.299+0000] {processor.py:829} INFO - Processing file /home/airflow/.local/lib/python3.8/site-packages/airflow/example_dags/example_params_trigger_ui.py for tasks to queue
[2023-10-18T02:42:22.300+0000] {logging_mixin.py:151} INFO - [2023-10-18T02:42:22.300+0000] {dagbag.py:536} INFO - Filling up the DagBag from /home/airflow/.local/lib/python3.8/site-packages/airflow/example_dags/example_params_trigger_ui.py
[2023-10-18T02:42:22.310+0000] {processor.py:839} INFO - DAG(s) dict_keys(['example_params_trigger_ui']) retrieved from /home/airflow/.local/lib/python3.8/site-packages/airflow/example_dags/example_params_trigger_ui.py
[2023-10-18T02:42:22.340+0000] {logging_mixin.py:151} INFO - [2023-10-18T02:42:22.340+0000] {dag.py:2941} INFO - Sync 1 DAGs
[2023-10-18T02:42:22.347+0000] {logging_mixin.py:151} INFO - [2023-10-18T02:42:22.347+0000] {dag.py:3722} INFO - Setting next_dagrun for example_params_trigger_ui to None, run_after=None
[2023-10-18T02:42:22.356+0000] {processor.py:179} INFO - Processing /home/airflow/.local/lib/python3.8/site-packages/airflow/example_dags/example_params_trigger_ui.py took 0.061 seconds
[2023-10-18T02:42:53.155+0000] {processor.py:157} INFO - Started process (PID=1271) to work on /home/airflow/.local/lib/python3.8/site-packages/airflow/example_dags/example_params_trigger_ui.py
[2023-10-18T02:42:53.156+0000] {processor.py:829} INFO - Processing file /home/airflow/.local/lib/python3.8/site-packages/airflow/example_dags/example_params_trigger_ui.py for tasks to queue
[2023-10-18T02:42:53.156+0000] {logging_mixin.py:151} INFO - [2023-10-18T02:42:53.156+0000] {dagbag.py:536} INFO - Filling up the DagBag from /home/airflow/.local/lib/python3.8/site-packages/airflow/example_dags/example_params_trigger_ui.py
[2023-10-18T02:42:53.166+0000] {processor.py:839} INFO - DAG(s) dict_keys(['example_params_trigger_ui']) retrieved from /home/airflow/.local/lib/python3.8/site-packages/airflow/example_dags/example_params_trigger_ui.py
[2023-10-18T02:42:53.197+0000] {logging_mixin.py:151} INFO - [2023-10-18T02:42:53.197+0000] {dag.py:2941} INFO - Sync 1 DAGs
[2023-10-18T02:42:53.204+0000] {logging_mixin.py:151} INFO - [2023-10-18T02:42:53.204+0000] {dag.py:3722} INFO - Setting next_dagrun for example_params_trigger_ui to None, run_after=None
[2023-10-18T02:42:53.214+0000] {processor.py:179} INFO - Processing /home/airflow/.local/lib/python3.8/site-packages/airflow/example_dags/example_params_trigger_ui.py took 0.062 seconds
[2023-10-18T02:43:23.247+0000] {processor.py:157} INFO - Started process (PID=1509) to work on /home/airflow/.local/lib/python3.8/site-packages/airflow/example_dags/example_params_trigger_ui.py
[2023-10-18T02:43:23.248+0000] {processor.py:829} INFO - Processing file /home/airflow/.local/lib/python3.8/site-packages/airflow/example_dags/example_params_trigger_ui.py for tasks to queue
[2023-10-18T02:43:23.248+0000] {logging_mixin.py:151} INFO - [2023-10-18T02:43:23.248+0000] {dagbag.py:536} INFO - Filling up the DagBag from /home/airflow/.local/lib/python3.8/site-packages/airflow/example_dags/example_params_trigger_ui.py
[2023-10-18T02:43:23.258+0000] {processor.py:839} INFO - DAG(s) dict_keys(['example_params_trigger_ui']) retrieved from /home/airflow/.local/lib/python3.8/site-packages/airflow/example_dags/example_params_trigger_ui.py
[2023-10-18T02:43:23.284+0000] {logging_mixin.py:151} INFO - [2023-10-18T02:43:23.284+0000] {dag.py:2941} INFO - Sync 1 DAGs
[2023-10-18T02:43:23.291+0000] {logging_mixin.py:151} INFO - [2023-10-18T02:43:23.291+0000] {dag.py:3722} INFO - Setting next_dagrun for example_params_trigger_ui to None, run_after=None
[2023-10-18T02:43:23.301+0000] {processor.py:179} INFO - Processing /home/airflow/.local/lib/python3.8/site-packages/airflow/example_dags/example_params_trigger_ui.py took 0.056 seconds
[2023-10-18T02:43:53.490+0000] {processor.py:157} INFO - Started process (PID=1746) to work on /home/airflow/.local/lib/python3.8/site-packages/airflow/example_dags/example_params_trigger_ui.py
[2023-10-18T02:43:53.491+0000] {processor.py:829} INFO - Processing file /home/airflow/.local/lib/python3.8/site-packages/airflow/example_dags/example_params_trigger_ui.py for tasks to queue
[2023-10-18T02:43:53.491+0000] {logging_mixin.py:151} INFO - [2023-10-18T02:43:53.491+0000] {dagbag.py:536} INFO - Filling up the DagBag from /home/airflow/.local/lib/python3.8/site-packages/airflow/example_dags/example_params_trigger_ui.py
[2023-10-18T02:43:53.501+0000] {processor.py:839} INFO - DAG(s) dict_keys(['example_params_trigger_ui']) retrieved from /home/airflow/.local/lib/python3.8/site-packages/airflow/example_dags/example_params_trigger_ui.py
[2023-10-18T02:43:53.527+0000] {logging_mixin.py:151} INFO - [2023-10-18T02:43:53.527+0000] {dag.py:2941} INFO - Sync 1 DAGs
[2023-10-18T02:43:53.534+0000] {logging_mixin.py:151} INFO - [2023-10-18T02:43:53.534+0000] {dag.py:3722} INFO - Setting next_dagrun for example_params_trigger_ui to None, run_after=None
[2023-10-18T02:43:53.543+0000] {processor.py:179} INFO - Processing /home/airflow/.local/lib/python3.8/site-packages/airflow/example_dags/example_params_trigger_ui.py took 0.055 seconds
[2023-10-18T02:44:24.375+0000] {processor.py:157} INFO - Started process (PID=1985) to work on /home/airflow/.local/lib/python3.8/site-packages/airflow/example_dags/example_params_trigger_ui.py
[2023-10-18T02:44:24.376+0000] {processor.py:829} INFO - Processing file /home/airflow/.local/lib/python3.8/site-packages/airflow/example_dags/example_params_trigger_ui.py for tasks to queue
[2023-10-18T02:44:24.376+0000] {logging_mixin.py:151} INFO - [2023-10-18T02:44:24.376+0000] {dagbag.py:536} INFO - Filling up the DagBag from /home/airflow/.local/lib/python3.8/site-packages/airflow/example_dags/example_params_trigger_ui.py
[2023-10-18T02:44:24.386+0000] {processor.py:839} INFO - DAG(s) dict_keys(['example_params_trigger_ui']) retrieved from /home/airflow/.local/lib/python3.8/site-packages/airflow/example_dags/example_params_trigger_ui.py
[2023-10-18T02:44:24.411+0000] {logging_mixin.py:151} INFO - [2023-10-18T02:44:24.411+0000] {dag.py:2941} INFO - Sync 1 DAGs
[2023-10-18T02:44:24.417+0000] {logging_mixin.py:151} INFO - [2023-10-18T02:44:24.417+0000] {dag.py:3722} INFO - Setting next_dagrun for example_params_trigger_ui to None, run_after=None
[2023-10-18T02:44:24.428+0000] {processor.py:179} INFO - Processing /home/airflow/.local/lib/python3.8/site-packages/airflow/example_dags/example_params_trigger_ui.py took 0.055 seconds
[2023-10-18T02:44:54.490+0000] {processor.py:157} INFO - Started process (PID=2224) to work on /home/airflow/.local/lib/python3.8/site-packages/airflow/example_dags/example_params_trigger_ui.py
[2023-10-18T02:44:54.491+0000] {processor.py:829} INFO - Processing file /home/airflow/.local/lib/python3.8/site-packages/airflow/example_dags/example_params_trigger_ui.py for tasks to queue
[2023-10-18T02:44:54.491+0000] {logging_mixin.py:151} INFO - [2023-10-18T02:44:54.491+0000] {dagbag.py:536} INFO - Filling up the DagBag from /home/airflow/.local/lib/python3.8/site-packages/airflow/example_dags/example_params_trigger_ui.py
[2023-10-18T02:44:54.500+0000] {processor.py:839} INFO - DAG(s) dict_keys(['example_params_trigger_ui']) retrieved from /home/airflow/.local/lib/python3.8/site-packages/airflow/example_dags/example_params_trigger_ui.py
[2023-10-18T02:44:54.524+0000] {logging_mixin.py:151} INFO - [2023-10-18T02:44:54.524+0000] {dag.py:2941} INFO - Sync 1 DAGs
[2023-10-18T02:44:54.530+0000] {logging_mixin.py:151} INFO - [2023-10-18T02:44:54.530+0000] {dag.py:3722} INFO - Setting next_dagrun for example_params_trigger_ui to None, run_after=None
[2023-10-18T02:44:54.539+0000] {processor.py:179} INFO - Processing /home/airflow/.local/lib/python3.8/site-packages/airflow/example_dags/example_params_trigger_ui.py took 0.051 seconds
[2023-10-18T02:45:24.761+0000] {processor.py:157} INFO - Started process (PID=2462) to work on /home/airflow/.local/lib/python3.8/site-packages/airflow/example_dags/example_params_trigger_ui.py
[2023-10-18T02:45:24.762+0000] {processor.py:829} INFO - Processing file /home/airflow/.local/lib/python3.8/site-packages/airflow/example_dags/example_params_trigger_ui.py for tasks to queue
[2023-10-18T02:45:24.762+0000] {logging_mixin.py:151} INFO - [2023-10-18T02:45:24.762+0000] {dagbag.py:536} INFO - Filling up the DagBag from /home/airflow/.local/lib/python3.8/site-packages/airflow/example_dags/example_params_trigger_ui.py
[2023-10-18T02:45:24.774+0000] {processor.py:839} INFO - DAG(s) dict_keys(['example_params_trigger_ui']) retrieved from /home/airflow/.local/lib/python3.8/site-packages/airflow/example_dags/example_params_trigger_ui.py
[2023-10-18T02:45:24.800+0000] {logging_mixin.py:151} INFO - [2023-10-18T02:45:24.800+0000] {dag.py:2941} INFO - Sync 1 DAGs
[2023-10-18T02:45:24.807+0000] {logging_mixin.py:151} INFO - [2023-10-18T02:45:24.807+0000] {dag.py:3722} INFO - Setting next_dagrun for example_params_trigger_ui to None, run_after=None
[2023-10-18T02:45:24.817+0000] {processor.py:179} INFO - Processing /home/airflow/.local/lib/python3.8/site-packages/airflow/example_dags/example_params_trigger_ui.py took 0.059 seconds
[2023-10-18T02:45:54.851+0000] {processor.py:157} INFO - Started process (PID=2700) to work on /home/airflow/.local/lib/python3.8/site-packages/airflow/example_dags/example_params_trigger_ui.py
[2023-10-18T02:45:54.851+0000] {processor.py:829} INFO - Processing file /home/airflow/.local/lib/python3.8/site-packages/airflow/example_dags/example_params_trigger_ui.py for tasks to queue
[2023-10-18T02:45:54.852+0000] {logging_mixin.py:151} INFO - [2023-10-18T02:45:54.852+0000] {dagbag.py:536} INFO - Filling up the DagBag from /home/airflow/.local/lib/python3.8/site-packages/airflow/example_dags/example_params_trigger_ui.py
[2023-10-18T02:45:54.863+0000] {processor.py:839} INFO - DAG(s) dict_keys(['example_params_trigger_ui']) retrieved from /home/airflow/.local/lib/python3.8/site-packages/airflow/example_dags/example_params_trigger_ui.py
[2023-10-18T02:45:54.888+0000] {logging_mixin.py:151} INFO - [2023-10-18T02:45:54.888+0000] {dag.py:2941} INFO - Sync 1 DAGs
[2023-10-18T02:45:54.895+0000] {logging_mixin.py:151} INFO - [2023-10-18T02:45:54.895+0000] {dag.py:3722} INFO - Setting next_dagrun for example_params_trigger_ui to None, run_after=None
[2023-10-18T02:45:54.906+0000] {processor.py:179} INFO - Processing /home/airflow/.local/lib/python3.8/site-packages/airflow/example_dags/example_params_trigger_ui.py took 0.057 seconds
[2023-10-18T02:46:25.904+0000] {processor.py:157} INFO - Started process (PID=2938) to work on /home/airflow/.local/lib/python3.8/site-packages/airflow/example_dags/example_params_trigger_ui.py
[2023-10-18T02:46:25.905+0000] {processor.py:829} INFO - Processing file /home/airflow/.local/lib/python3.8/site-packages/airflow/example_dags/example_params_trigger_ui.py for tasks to queue
[2023-10-18T02:46:25.906+0000] {logging_mixin.py:151} INFO - [2023-10-18T02:46:25.905+0000] {dagbag.py:536} INFO - Filling up the DagBag from /home/airflow/.local/lib/python3.8/site-packages/airflow/example_dags/example_params_trigger_ui.py
[2023-10-18T02:46:25.920+0000] {processor.py:839} INFO - DAG(s) dict_keys(['example_params_trigger_ui']) retrieved from /home/airflow/.local/lib/python3.8/site-packages/airflow/example_dags/example_params_trigger_ui.py
[2023-10-18T02:46:25.952+0000] {logging_mixin.py:151} INFO - [2023-10-18T02:46:25.952+0000] {dag.py:2941} INFO - Sync 1 DAGs
[2023-10-18T02:46:25.958+0000] {logging_mixin.py:151} INFO - [2023-10-18T02:46:25.958+0000] {dag.py:3722} INFO - Setting next_dagrun for example_params_trigger_ui to None, run_after=None
[2023-10-18T02:46:25.967+0000] {processor.py:179} INFO - Processing /home/airflow/.local/lib/python3.8/site-packages/airflow/example_dags/example_params_trigger_ui.py took 0.067 seconds
[2023-10-18T02:46:56.087+0000] {processor.py:157} INFO - Started process (PID=3176) to work on /home/airflow/.local/lib/python3.8/site-packages/airflow/example_dags/example_params_trigger_ui.py
[2023-10-18T02:46:56.088+0000] {processor.py:829} INFO - Processing file /home/airflow/.local/lib/python3.8/site-packages/airflow/example_dags/example_params_trigger_ui.py for tasks to queue
[2023-10-18T02:46:56.089+0000] {logging_mixin.py:151} INFO - [2023-10-18T02:46:56.089+0000] {dagbag.py:536} INFO - Filling up the DagBag from /home/airflow/.local/lib/python3.8/site-packages/airflow/example_dags/example_params_trigger_ui.py
[2023-10-18T02:46:56.102+0000] {processor.py:839} INFO - DAG(s) dict_keys(['example_params_trigger_ui']) retrieved from /home/airflow/.local/lib/python3.8/site-packages/airflow/example_dags/example_params_trigger_ui.py
[2023-10-18T02:46:56.132+0000] {logging_mixin.py:151} INFO - [2023-10-18T02:46:56.132+0000] {dag.py:2941} INFO - Sync 1 DAGs
[2023-10-18T02:46:56.138+0000] {logging_mixin.py:151} INFO - [2023-10-18T02:46:56.138+0000] {dag.py:3722} INFO - Setting next_dagrun for example_params_trigger_ui to None, run_after=None
[2023-10-18T02:46:56.149+0000] {processor.py:179} INFO - Processing /home/airflow/.local/lib/python3.8/site-packages/airflow/example_dags/example_params_trigger_ui.py took 0.065 seconds
[2023-10-18T02:47:27.094+0000] {processor.py:157} INFO - Started process (PID=3414) to work on /home/airflow/.local/lib/python3.8/site-packages/airflow/example_dags/example_params_trigger_ui.py
[2023-10-18T02:47:27.095+0000] {processor.py:829} INFO - Processing file /home/airflow/.local/lib/python3.8/site-packages/airflow/example_dags/example_params_trigger_ui.py for tasks to queue
[2023-10-18T02:47:27.096+0000] {logging_mixin.py:151} INFO - [2023-10-18T02:47:27.096+0000] {dagbag.py:536} INFO - Filling up the DagBag from /home/airflow/.local/lib/python3.8/site-packages/airflow/example_dags/example_params_trigger_ui.py
[2023-10-18T02:47:27.110+0000] {processor.py:839} INFO - DAG(s) dict_keys(['example_params_trigger_ui']) retrieved from /home/airflow/.local/lib/python3.8/site-packages/airflow/example_dags/example_params_trigger_ui.py
[2023-10-18T02:47:27.140+0000] {logging_mixin.py:151} INFO - [2023-10-18T02:47:27.140+0000] {dag.py:2941} INFO - Sync 1 DAGs
[2023-10-18T02:47:27.146+0000] {logging_mixin.py:151} INFO - [2023-10-18T02:47:27.146+0000] {dag.py:3722} INFO - Setting next_dagrun for example_params_trigger_ui to None, run_after=None
[2023-10-18T02:47:27.155+0000] {processor.py:179} INFO - Processing /home/airflow/.local/lib/python3.8/site-packages/airflow/example_dags/example_params_trigger_ui.py took 0.064 seconds
[2023-10-18T02:47:57.199+0000] {processor.py:157} INFO - Started process (PID=3649) to work on /home/airflow/.local/lib/python3.8/site-packages/airflow/example_dags/example_params_trigger_ui.py
[2023-10-18T02:47:57.201+0000] {processor.py:829} INFO - Processing file /home/airflow/.local/lib/python3.8/site-packages/airflow/example_dags/example_params_trigger_ui.py for tasks to queue
[2023-10-18T02:47:57.202+0000] {logging_mixin.py:151} INFO - [2023-10-18T02:47:57.201+0000] {dagbag.py:536} INFO - Filling up the DagBag from /home/airflow/.local/lib/python3.8/site-packages/airflow/example_dags/example_params_trigger_ui.py
[2023-10-18T02:47:57.220+0000] {processor.py:839} INFO - DAG(s) dict_keys(['example_params_trigger_ui']) retrieved from /home/airflow/.local/lib/python3.8/site-packages/airflow/example_dags/example_params_trigger_ui.py
[2023-10-18T02:47:57.250+0000] {logging_mixin.py:151} INFO - [2023-10-18T02:47:57.250+0000] {dag.py:2941} INFO - Sync 1 DAGs
[2023-10-18T02:47:57.256+0000] {logging_mixin.py:151} INFO - [2023-10-18T02:47:57.256+0000] {dag.py:3722} INFO - Setting next_dagrun for example_params_trigger_ui to None, run_after=None
[2023-10-18T02:47:57.266+0000] {processor.py:179} INFO - Processing /home/airflow/.local/lib/python3.8/site-packages/airflow/example_dags/example_params_trigger_ui.py took 0.071 seconds
[2023-10-18T02:48:27.361+0000] {processor.py:157} INFO - Started process (PID=3887) to work on /home/airflow/.local/lib/python3.8/site-packages/airflow/example_dags/example_params_trigger_ui.py
[2023-10-18T02:48:27.362+0000] {processor.py:829} INFO - Processing file /home/airflow/.local/lib/python3.8/site-packages/airflow/example_dags/example_params_trigger_ui.py for tasks to queue
[2023-10-18T02:48:27.363+0000] {logging_mixin.py:151} INFO - [2023-10-18T02:48:27.362+0000] {dagbag.py:536} INFO - Filling up the DagBag from /home/airflow/.local/lib/python3.8/site-packages/airflow/example_dags/example_params_trigger_ui.py
[2023-10-18T02:48:27.377+0000] {processor.py:839} INFO - DAG(s) dict_keys(['example_params_trigger_ui']) retrieved from /home/airflow/.local/lib/python3.8/site-packages/airflow/example_dags/example_params_trigger_ui.py
[2023-10-18T02:48:27.408+0000] {logging_mixin.py:151} INFO - [2023-10-18T02:48:27.408+0000] {dag.py:2941} INFO - Sync 1 DAGs
[2023-10-18T02:48:27.417+0000] {logging_mixin.py:151} INFO - [2023-10-18T02:48:27.417+0000] {dag.py:3722} INFO - Setting next_dagrun for example_params_trigger_ui to None, run_after=None
[2023-10-18T02:48:27.426+0000] {processor.py:179} INFO - Processing /home/airflow/.local/lib/python3.8/site-packages/airflow/example_dags/example_params_trigger_ui.py took 0.070 seconds
[2023-10-18T02:48:57.495+0000] {processor.py:157} INFO - Started process (PID=4125) to work on /home/airflow/.local/lib/python3.8/site-packages/airflow/example_dags/example_params_trigger_ui.py
[2023-10-18T02:48:57.496+0000] {processor.py:829} INFO - Processing file /home/airflow/.local/lib/python3.8/site-packages/airflow/example_dags/example_params_trigger_ui.py for tasks to queue
[2023-10-18T02:48:57.498+0000] {logging_mixin.py:151} INFO - [2023-10-18T02:48:57.497+0000] {dagbag.py:536} INFO - Filling up the DagBag from /home/airflow/.local/lib/python3.8/site-packages/airflow/example_dags/example_params_trigger_ui.py
[2023-10-18T02:48:57.513+0000] {processor.py:839} INFO - DAG(s) dict_keys(['example_params_trigger_ui']) retrieved from /home/airflow/.local/lib/python3.8/site-packages/airflow/example_dags/example_params_trigger_ui.py
[2023-10-18T02:48:57.545+0000] {logging_mixin.py:151} INFO - [2023-10-18T02:48:57.545+0000] {dag.py:2941} INFO - Sync 1 DAGs
[2023-10-18T02:48:57.551+0000] {logging_mixin.py:151} INFO - [2023-10-18T02:48:57.551+0000] {dag.py:3722} INFO - Setting next_dagrun for example_params_trigger_ui to None, run_after=None
[2023-10-18T02:48:57.560+0000] {processor.py:179} INFO - Processing /home/airflow/.local/lib/python3.8/site-packages/airflow/example_dags/example_params_trigger_ui.py took 0.070 seconds
[2023-10-18T02:49:27.701+0000] {processor.py:157} INFO - Started process (PID=4366) to work on /home/airflow/.local/lib/python3.8/site-packages/airflow/example_dags/example_params_trigger_ui.py
[2023-10-18T02:49:27.702+0000] {processor.py:829} INFO - Processing file /home/airflow/.local/lib/python3.8/site-packages/airflow/example_dags/example_params_trigger_ui.py for tasks to queue
[2023-10-18T02:49:27.704+0000] {logging_mixin.py:151} INFO - [2023-10-18T02:49:27.703+0000] {dagbag.py:536} INFO - Filling up the DagBag from /home/airflow/.local/lib/python3.8/site-packages/airflow/example_dags/example_params_trigger_ui.py
[2023-10-18T02:49:27.720+0000] {processor.py:839} INFO - DAG(s) dict_keys(['example_params_trigger_ui']) retrieved from /home/airflow/.local/lib/python3.8/site-packages/airflow/example_dags/example_params_trigger_ui.py
[2023-10-18T02:49:27.750+0000] {logging_mixin.py:151} INFO - [2023-10-18T02:49:27.750+0000] {dag.py:2941} INFO - Sync 1 DAGs
[2023-10-18T02:49:27.756+0000] {logging_mixin.py:151} INFO - [2023-10-18T02:49:27.756+0000] {dag.py:3722} INFO - Setting next_dagrun for example_params_trigger_ui to None, run_after=None
[2023-10-18T02:49:27.765+0000] {processor.py:179} INFO - Processing /home/airflow/.local/lib/python3.8/site-packages/airflow/example_dags/example_params_trigger_ui.py took 0.068 seconds
[2023-10-18T02:49:57.822+0000] {processor.py:157} INFO - Started process (PID=4604) to work on /home/airflow/.local/lib/python3.8/site-packages/airflow/example_dags/example_params_trigger_ui.py
[2023-10-18T02:49:57.823+0000] {processor.py:829} INFO - Processing file /home/airflow/.local/lib/python3.8/site-packages/airflow/example_dags/example_params_trigger_ui.py for tasks to queue
[2023-10-18T02:49:57.824+0000] {logging_mixin.py:151} INFO - [2023-10-18T02:49:57.824+0000] {dagbag.py:536} INFO - Filling up the DagBag from /home/airflow/.local/lib/python3.8/site-packages/airflow/example_dags/example_params_trigger_ui.py
[2023-10-18T02:49:57.838+0000] {processor.py:839} INFO - DAG(s) dict_keys(['example_params_trigger_ui']) retrieved from /home/airflow/.local/lib/python3.8/site-packages/airflow/example_dags/example_params_trigger_ui.py
[2023-10-18T02:49:57.869+0000] {logging_mixin.py:151} INFO - [2023-10-18T02:49:57.869+0000] {dag.py:2941} INFO - Sync 1 DAGs
[2023-10-18T02:49:57.875+0000] {logging_mixin.py:151} INFO - [2023-10-18T02:49:57.875+0000] {dag.py:3722} INFO - Setting next_dagrun for example_params_trigger_ui to None, run_after=None
[2023-10-18T02:49:57.884+0000] {processor.py:179} INFO - Processing /home/airflow/.local/lib/python3.8/site-packages/airflow/example_dags/example_params_trigger_ui.py took 0.066 seconds
[2023-10-18T02:50:27.920+0000] {processor.py:157} INFO - Started process (PID=4840) to work on /home/airflow/.local/lib/python3.8/site-packages/airflow/example_dags/example_params_trigger_ui.py
[2023-10-18T02:50:27.921+0000] {processor.py:829} INFO - Processing file /home/airflow/.local/lib/python3.8/site-packages/airflow/example_dags/example_params_trigger_ui.py for tasks to queue
[2023-10-18T02:50:27.921+0000] {logging_mixin.py:151} INFO - [2023-10-18T02:50:27.921+0000] {dagbag.py:536} INFO - Filling up the DagBag from /home/airflow/.local/lib/python3.8/site-packages/airflow/example_dags/example_params_trigger_ui.py
[2023-10-18T02:50:27.933+0000] {processor.py:839} INFO - DAG(s) dict_keys(['example_params_trigger_ui']) retrieved from /home/airflow/.local/lib/python3.8/site-packages/airflow/example_dags/example_params_trigger_ui.py
[2023-10-18T02:50:27.969+0000] {logging_mixin.py:151} INFO - [2023-10-18T02:50:27.969+0000] {dag.py:2941} INFO - Sync 1 DAGs
[2023-10-18T02:50:27.976+0000] {logging_mixin.py:151} INFO - [2023-10-18T02:50:27.976+0000] {dag.py:3722} INFO - Setting next_dagrun for example_params_trigger_ui to None, run_after=None
[2023-10-18T02:50:27.988+0000] {processor.py:179} INFO - Processing /home/airflow/.local/lib/python3.8/site-packages/airflow/example_dags/example_params_trigger_ui.py took 0.071 seconds
[2023-10-18T02:50:58.091+0000] {processor.py:157} INFO - Started process (PID=5081) to work on /home/airflow/.local/lib/python3.8/site-packages/airflow/example_dags/example_params_trigger_ui.py
[2023-10-18T02:50:58.092+0000] {processor.py:829} INFO - Processing file /home/airflow/.local/lib/python3.8/site-packages/airflow/example_dags/example_params_trigger_ui.py for tasks to queue
[2023-10-18T02:50:58.093+0000] {logging_mixin.py:151} INFO - [2023-10-18T02:50:58.092+0000] {dagbag.py:536} INFO - Filling up the DagBag from /home/airflow/.local/lib/python3.8/site-packages/airflow/example_dags/example_params_trigger_ui.py
[2023-10-18T02:50:58.106+0000] {processor.py:839} INFO - DAG(s) dict_keys(['example_params_trigger_ui']) retrieved from /home/airflow/.local/lib/python3.8/site-packages/airflow/example_dags/example_params_trigger_ui.py
[2023-10-18T02:50:58.137+0000] {logging_mixin.py:151} INFO - [2023-10-18T02:50:58.136+0000] {dag.py:2941} INFO - Sync 1 DAGs
[2023-10-18T02:50:58.143+0000] {logging_mixin.py:151} INFO - [2023-10-18T02:50:58.143+0000] {dag.py:3722} INFO - Setting next_dagrun for example_params_trigger_ui to None, run_after=None
[2023-10-18T02:50:58.154+0000] {processor.py:179} INFO - Processing /home/airflow/.local/lib/python3.8/site-packages/airflow/example_dags/example_params_trigger_ui.py took 0.067 seconds
[2023-10-18T02:51:28.272+0000] {processor.py:157} INFO - Started process (PID=5319) to work on /home/airflow/.local/lib/python3.8/site-packages/airflow/example_dags/example_params_trigger_ui.py
[2023-10-18T02:51:28.273+0000] {processor.py:829} INFO - Processing file /home/airflow/.local/lib/python3.8/site-packages/airflow/example_dags/example_params_trigger_ui.py for tasks to queue
[2023-10-18T02:51:28.274+0000] {logging_mixin.py:151} INFO - [2023-10-18T02:51:28.274+0000] {dagbag.py:536} INFO - Filling up the DagBag from /home/airflow/.local/lib/python3.8/site-packages/airflow/example_dags/example_params_trigger_ui.py
[2023-10-18T02:51:28.288+0000] {processor.py:839} INFO - DAG(s) dict_keys(['example_params_trigger_ui']) retrieved from /home/airflow/.local/lib/python3.8/site-packages/airflow/example_dags/example_params_trigger_ui.py
[2023-10-18T02:51:28.317+0000] {logging_mixin.py:151} INFO - [2023-10-18T02:51:28.317+0000] {dag.py:2941} INFO - Sync 1 DAGs
[2023-10-18T02:51:28.323+0000] {logging_mixin.py:151} INFO - [2023-10-18T02:51:28.323+0000] {dag.py:3722} INFO - Setting next_dagrun for example_params_trigger_ui to None, run_after=None
[2023-10-18T02:51:28.332+0000] {processor.py:179} INFO - Processing /home/airflow/.local/lib/python3.8/site-packages/airflow/example_dags/example_params_trigger_ui.py took 0.064 seconds
[2023-10-18T02:51:58.424+0000] {processor.py:157} INFO - Started process (PID=5556) to work on /home/airflow/.local/lib/python3.8/site-packages/airflow/example_dags/example_params_trigger_ui.py
[2023-10-18T02:51:58.425+0000] {processor.py:829} INFO - Processing file /home/airflow/.local/lib/python3.8/site-packages/airflow/example_dags/example_params_trigger_ui.py for tasks to queue
[2023-10-18T02:51:58.426+0000] {logging_mixin.py:151} INFO - [2023-10-18T02:51:58.425+0000] {dagbag.py:536} INFO - Filling up the DagBag from /home/airflow/.local/lib/python3.8/site-packages/airflow/example_dags/example_params_trigger_ui.py
[2023-10-18T02:51:58.439+0000] {processor.py:839} INFO - DAG(s) dict_keys(['example_params_trigger_ui']) retrieved from /home/airflow/.local/lib/python3.8/site-packages/airflow/example_dags/example_params_trigger_ui.py
[2023-10-18T02:51:58.469+0000] {logging_mixin.py:151} INFO - [2023-10-18T02:51:58.469+0000] {dag.py:2941} INFO - Sync 1 DAGs
[2023-10-18T02:51:58.475+0000] {logging_mixin.py:151} INFO - [2023-10-18T02:51:58.475+0000] {dag.py:3722} INFO - Setting next_dagrun for example_params_trigger_ui to None, run_after=None
[2023-10-18T02:51:58.485+0000] {processor.py:179} INFO - Processing /home/airflow/.local/lib/python3.8/site-packages/airflow/example_dags/example_params_trigger_ui.py took 0.064 seconds
[2023-10-18T02:52:29.344+0000] {processor.py:157} INFO - Started process (PID=5793) to work on /home/airflow/.local/lib/python3.8/site-packages/airflow/example_dags/example_params_trigger_ui.py
[2023-10-18T02:52:29.345+0000] {processor.py:829} INFO - Processing file /home/airflow/.local/lib/python3.8/site-packages/airflow/example_dags/example_params_trigger_ui.py for tasks to queue
[2023-10-18T02:52:29.346+0000] {logging_mixin.py:151} INFO - [2023-10-18T02:52:29.345+0000] {dagbag.py:536} INFO - Filling up the DagBag from /home/airflow/.local/lib/python3.8/site-packages/airflow/example_dags/example_params_trigger_ui.py
[2023-10-18T02:52:29.358+0000] {processor.py:839} INFO - DAG(s) dict_keys(['example_params_trigger_ui']) retrieved from /home/airflow/.local/lib/python3.8/site-packages/airflow/example_dags/example_params_trigger_ui.py
[2023-10-18T02:52:29.390+0000] {logging_mixin.py:151} INFO - [2023-10-18T02:52:29.390+0000] {dag.py:2941} INFO - Sync 1 DAGs
[2023-10-18T02:52:29.399+0000] {logging_mixin.py:151} INFO - [2023-10-18T02:52:29.399+0000] {dag.py:3722} INFO - Setting next_dagrun for example_params_trigger_ui to None, run_after=None
[2023-10-18T02:52:29.410+0000] {processor.py:179} INFO - Processing /home/airflow/.local/lib/python3.8/site-packages/airflow/example_dags/example_params_trigger_ui.py took 0.069 seconds
[2023-10-18T02:52:59.542+0000] {processor.py:157} INFO - Started process (PID=6031) to work on /home/airflow/.local/lib/python3.8/site-packages/airflow/example_dags/example_params_trigger_ui.py
[2023-10-18T02:52:59.542+0000] {processor.py:829} INFO - Processing file /home/airflow/.local/lib/python3.8/site-packages/airflow/example_dags/example_params_trigger_ui.py for tasks to queue
[2023-10-18T02:52:59.544+0000] {logging_mixin.py:151} INFO - [2023-10-18T02:52:59.543+0000] {dagbag.py:536} INFO - Filling up the DagBag from /home/airflow/.local/lib/python3.8/site-packages/airflow/example_dags/example_params_trigger_ui.py
[2023-10-18T02:52:59.561+0000] {processor.py:839} INFO - DAG(s) dict_keys(['example_params_trigger_ui']) retrieved from /home/airflow/.local/lib/python3.8/site-packages/airflow/example_dags/example_params_trigger_ui.py
[2023-10-18T02:52:59.596+0000] {logging_mixin.py:151} INFO - [2023-10-18T02:52:59.596+0000] {dag.py:2941} INFO - Sync 1 DAGs
[2023-10-18T02:52:59.603+0000] {logging_mixin.py:151} INFO - [2023-10-18T02:52:59.603+0000] {dag.py:3722} INFO - Setting next_dagrun for example_params_trigger_ui to None, run_after=None
[2023-10-18T02:52:59.613+0000] {processor.py:179} INFO - Processing /home/airflow/.local/lib/python3.8/site-packages/airflow/example_dags/example_params_trigger_ui.py took 0.075 seconds
[2023-10-18T02:53:29.691+0000] {processor.py:157} INFO - Started process (PID=6269) to work on /home/airflow/.local/lib/python3.8/site-packages/airflow/example_dags/example_params_trigger_ui.py
[2023-10-18T02:53:29.692+0000] {processor.py:829} INFO - Processing file /home/airflow/.local/lib/python3.8/site-packages/airflow/example_dags/example_params_trigger_ui.py for tasks to queue
[2023-10-18T02:53:29.693+0000] {logging_mixin.py:151} INFO - [2023-10-18T02:53:29.693+0000] {dagbag.py:536} INFO - Filling up the DagBag from /home/airflow/.local/lib/python3.8/site-packages/airflow/example_dags/example_params_trigger_ui.py
[2023-10-18T02:53:29.707+0000] {processor.py:839} INFO - DAG(s) dict_keys(['example_params_trigger_ui']) retrieved from /home/airflow/.local/lib/python3.8/site-packages/airflow/example_dags/example_params_trigger_ui.py
[2023-10-18T02:53:29.738+0000] {logging_mixin.py:151} INFO - [2023-10-18T02:53:29.737+0000] {dag.py:2941} INFO - Sync 1 DAGs
[2023-10-18T02:53:29.744+0000] {logging_mixin.py:151} INFO - [2023-10-18T02:53:29.744+0000] {dag.py:3722} INFO - Setting next_dagrun for example_params_trigger_ui to None, run_after=None
[2023-10-18T02:53:29.755+0000] {processor.py:179} INFO - Processing /home/airflow/.local/lib/python3.8/site-packages/airflow/example_dags/example_params_trigger_ui.py took 0.067 seconds
