[2023-10-18T02:40:50.562+0000] {processor.py:157} INFO - Started process (PID=166) to work on /home/airflow/.local/lib/python3.8/site-packages/airflow/example_dags/example_sensor_decorator.py
[2023-10-18T02:40:50.562+0000] {processor.py:829} INFO - Processing file /home/airflow/.local/lib/python3.8/site-packages/airflow/example_dags/example_sensor_decorator.py for tasks to queue
[2023-10-18T02:40:50.563+0000] {logging_mixin.py:151} INFO - [2023-10-18T02:40:50.563+0000] {dagbag.py:536} INFO - Filling up the DagBag from /home/airflow/.local/lib/python3.8/site-packages/airflow/example_dags/example_sensor_decorator.py
[2023-10-18T02:40:50.569+0000] {processor.py:839} INFO - DAG(s) dict_keys(['example_sensor_decorator']) retrieved from /home/airflow/.local/lib/python3.8/site-packages/airflow/example_dags/example_sensor_decorator.py
[2023-10-18T02:40:50.586+0000] {logging_mixin.py:151} INFO - [2023-10-18T02:40:50.585+0000] {dag.py:2941} INFO - Sync 1 DAGs
[2023-10-18T02:40:50.592+0000] {logging_mixin.py:151} INFO - [2023-10-18T02:40:50.592+0000] {dag.py:3722} INFO - Setting next_dagrun for example_sensor_decorator to None, run_after=None
[2023-10-18T02:40:50.607+0000] {processor.py:179} INFO - Processing /home/airflow/.local/lib/python3.8/site-packages/airflow/example_dags/example_sensor_decorator.py took 0.048 seconds
[2023-10-18T02:41:21.180+0000] {processor.py:157} INFO - Started process (PID=404) to work on /home/airflow/.local/lib/python3.8/site-packages/airflow/example_dags/example_sensor_decorator.py
[2023-10-18T02:41:21.181+0000] {processor.py:829} INFO - Processing file /home/airflow/.local/lib/python3.8/site-packages/airflow/example_dags/example_sensor_decorator.py for tasks to queue
[2023-10-18T02:41:21.182+0000] {logging_mixin.py:151} INFO - [2023-10-18T02:41:21.182+0000] {dagbag.py:536} INFO - Filling up the DagBag from /home/airflow/.local/lib/python3.8/site-packages/airflow/example_dags/example_sensor_decorator.py
[2023-10-18T02:41:21.189+0000] {processor.py:839} INFO - DAG(s) dict_keys(['example_sensor_decorator']) retrieved from /home/airflow/.local/lib/python3.8/site-packages/airflow/example_dags/example_sensor_decorator.py
[2023-10-18T02:41:21.216+0000] {logging_mixin.py:151} INFO - [2023-10-18T02:41:21.216+0000] {dag.py:2941} INFO - Sync 1 DAGs
[2023-10-18T02:41:21.224+0000] {logging_mixin.py:151} INFO - [2023-10-18T02:41:21.224+0000] {dag.py:3722} INFO - Setting next_dagrun for example_sensor_decorator to None, run_after=None
[2023-10-18T02:41:21.235+0000] {processor.py:179} INFO - Processing /home/airflow/.local/lib/python3.8/site-packages/airflow/example_dags/example_sensor_decorator.py took 0.057 seconds
[2023-10-18T02:41:51.359+0000] {processor.py:157} INFO - Started process (PID=642) to work on /home/airflow/.local/lib/python3.8/site-packages/airflow/example_dags/example_sensor_decorator.py
[2023-10-18T02:41:51.360+0000] {processor.py:829} INFO - Processing file /home/airflow/.local/lib/python3.8/site-packages/airflow/example_dags/example_sensor_decorator.py for tasks to queue
[2023-10-18T02:41:51.361+0000] {logging_mixin.py:151} INFO - [2023-10-18T02:41:51.360+0000] {dagbag.py:536} INFO - Filling up the DagBag from /home/airflow/.local/lib/python3.8/site-packages/airflow/example_dags/example_sensor_decorator.py
[2023-10-18T02:41:51.366+0000] {processor.py:839} INFO - DAG(s) dict_keys(['example_sensor_decorator']) retrieved from /home/airflow/.local/lib/python3.8/site-packages/airflow/example_dags/example_sensor_decorator.py
[2023-10-18T02:41:51.387+0000] {logging_mixin.py:151} INFO - [2023-10-18T02:41:51.387+0000] {dag.py:2941} INFO - Sync 1 DAGs
[2023-10-18T02:41:51.396+0000] {logging_mixin.py:151} INFO - [2023-10-18T02:41:51.395+0000] {dag.py:3722} INFO - Setting next_dagrun for example_sensor_decorator to None, run_after=None
[2023-10-18T02:41:51.407+0000] {processor.py:179} INFO - Processing /home/airflow/.local/lib/python3.8/site-packages/airflow/example_dags/example_sensor_decorator.py took 0.051 seconds
[2023-10-18T02:42:21.493+0000] {processor.py:157} INFO - Started process (PID=880) to work on /home/airflow/.local/lib/python3.8/site-packages/airflow/example_dags/example_sensor_decorator.py
[2023-10-18T02:42:21.494+0000] {processor.py:829} INFO - Processing file /home/airflow/.local/lib/python3.8/site-packages/airflow/example_dags/example_sensor_decorator.py for tasks to queue
[2023-10-18T02:42:21.495+0000] {logging_mixin.py:151} INFO - [2023-10-18T02:42:21.495+0000] {dagbag.py:536} INFO - Filling up the DagBag from /home/airflow/.local/lib/python3.8/site-packages/airflow/example_dags/example_sensor_decorator.py
[2023-10-18T02:42:21.499+0000] {processor.py:839} INFO - DAG(s) dict_keys(['example_sensor_decorator']) retrieved from /home/airflow/.local/lib/python3.8/site-packages/airflow/example_dags/example_sensor_decorator.py
[2023-10-18T02:42:21.515+0000] {logging_mixin.py:151} INFO - [2023-10-18T02:42:21.515+0000] {dag.py:2941} INFO - Sync 1 DAGs
[2023-10-18T02:42:21.522+0000] {logging_mixin.py:151} INFO - [2023-10-18T02:42:21.522+0000] {dag.py:3722} INFO - Setting next_dagrun for example_sensor_decorator to None, run_after=None
[2023-10-18T02:42:21.532+0000] {processor.py:179} INFO - Processing /home/airflow/.local/lib/python3.8/site-packages/airflow/example_dags/example_sensor_decorator.py took 0.042 seconds
[2023-10-18T02:42:52.439+0000] {processor.py:157} INFO - Started process (PID=1165) to work on /home/airflow/.local/lib/python3.8/site-packages/airflow/example_dags/example_sensor_decorator.py
[2023-10-18T02:42:52.440+0000] {processor.py:829} INFO - Processing file /home/airflow/.local/lib/python3.8/site-packages/airflow/example_dags/example_sensor_decorator.py for tasks to queue
[2023-10-18T02:42:52.441+0000] {logging_mixin.py:151} INFO - [2023-10-18T02:42:52.441+0000] {dagbag.py:536} INFO - Filling up the DagBag from /home/airflow/.local/lib/python3.8/site-packages/airflow/example_dags/example_sensor_decorator.py
[2023-10-18T02:42:52.447+0000] {processor.py:839} INFO - DAG(s) dict_keys(['example_sensor_decorator']) retrieved from /home/airflow/.local/lib/python3.8/site-packages/airflow/example_dags/example_sensor_decorator.py
[2023-10-18T02:42:52.467+0000] {logging_mixin.py:151} INFO - [2023-10-18T02:42:52.467+0000] {dag.py:2941} INFO - Sync 1 DAGs
[2023-10-18T02:42:52.474+0000] {logging_mixin.py:151} INFO - [2023-10-18T02:42:52.474+0000] {dag.py:3722} INFO - Setting next_dagrun for example_sensor_decorator to None, run_after=None
[2023-10-18T02:42:52.485+0000] {processor.py:179} INFO - Processing /home/airflow/.local/lib/python3.8/site-packages/airflow/example_dags/example_sensor_decorator.py took 0.050 seconds
[2023-10-18T02:43:22.549+0000] {processor.py:157} INFO - Started process (PID=1403) to work on /home/airflow/.local/lib/python3.8/site-packages/airflow/example_dags/example_sensor_decorator.py
[2023-10-18T02:43:22.550+0000] {processor.py:829} INFO - Processing file /home/airflow/.local/lib/python3.8/site-packages/airflow/example_dags/example_sensor_decorator.py for tasks to queue
[2023-10-18T02:43:22.551+0000] {logging_mixin.py:151} INFO - [2023-10-18T02:43:22.550+0000] {dagbag.py:536} INFO - Filling up the DagBag from /home/airflow/.local/lib/python3.8/site-packages/airflow/example_dags/example_sensor_decorator.py
[2023-10-18T02:43:22.556+0000] {processor.py:839} INFO - DAG(s) dict_keys(['example_sensor_decorator']) retrieved from /home/airflow/.local/lib/python3.8/site-packages/airflow/example_dags/example_sensor_decorator.py
[2023-10-18T02:43:22.579+0000] {logging_mixin.py:151} INFO - [2023-10-18T02:43:22.579+0000] {dag.py:2941} INFO - Sync 1 DAGs
[2023-10-18T02:43:22.588+0000] {logging_mixin.py:151} INFO - [2023-10-18T02:43:22.588+0000] {dag.py:3722} INFO - Setting next_dagrun for example_sensor_decorator to None, run_after=None
[2023-10-18T02:43:22.600+0000] {processor.py:179} INFO - Processing /home/airflow/.local/lib/python3.8/site-packages/airflow/example_dags/example_sensor_decorator.py took 0.054 seconds
[2023-10-18T02:43:52.777+0000] {processor.py:157} INFO - Started process (PID=1640) to work on /home/airflow/.local/lib/python3.8/site-packages/airflow/example_dags/example_sensor_decorator.py
[2023-10-18T02:43:52.778+0000] {processor.py:829} INFO - Processing file /home/airflow/.local/lib/python3.8/site-packages/airflow/example_dags/example_sensor_decorator.py for tasks to queue
[2023-10-18T02:43:52.779+0000] {logging_mixin.py:151} INFO - [2023-10-18T02:43:52.778+0000] {dagbag.py:536} INFO - Filling up the DagBag from /home/airflow/.local/lib/python3.8/site-packages/airflow/example_dags/example_sensor_decorator.py
[2023-10-18T02:43:52.783+0000] {processor.py:839} INFO - DAG(s) dict_keys(['example_sensor_decorator']) retrieved from /home/airflow/.local/lib/python3.8/site-packages/airflow/example_dags/example_sensor_decorator.py
[2023-10-18T02:43:52.801+0000] {logging_mixin.py:151} INFO - [2023-10-18T02:43:52.801+0000] {dag.py:2941} INFO - Sync 1 DAGs
[2023-10-18T02:43:52.808+0000] {logging_mixin.py:151} INFO - [2023-10-18T02:43:52.808+0000] {dag.py:3722} INFO - Setting next_dagrun for example_sensor_decorator to None, run_after=None
[2023-10-18T02:43:52.817+0000] {processor.py:179} INFO - Processing /home/airflow/.local/lib/python3.8/site-packages/airflow/example_dags/example_sensor_decorator.py took 0.043 seconds
[2023-10-18T02:44:23.595+0000] {processor.py:157} INFO - Started process (PID=1880) to work on /home/airflow/.local/lib/python3.8/site-packages/airflow/example_dags/example_sensor_decorator.py
[2023-10-18T02:44:23.596+0000] {processor.py:829} INFO - Processing file /home/airflow/.local/lib/python3.8/site-packages/airflow/example_dags/example_sensor_decorator.py for tasks to queue
[2023-10-18T02:44:23.597+0000] {logging_mixin.py:151} INFO - [2023-10-18T02:44:23.597+0000] {dagbag.py:536} INFO - Filling up the DagBag from /home/airflow/.local/lib/python3.8/site-packages/airflow/example_dags/example_sensor_decorator.py
[2023-10-18T02:44:23.602+0000] {processor.py:839} INFO - DAG(s) dict_keys(['example_sensor_decorator']) retrieved from /home/airflow/.local/lib/python3.8/site-packages/airflow/example_dags/example_sensor_decorator.py
[2023-10-18T02:44:23.618+0000] {logging_mixin.py:151} INFO - [2023-10-18T02:44:23.618+0000] {dag.py:2941} INFO - Sync 1 DAGs
[2023-10-18T02:44:23.624+0000] {logging_mixin.py:151} INFO - [2023-10-18T02:44:23.624+0000] {dag.py:3722} INFO - Setting next_dagrun for example_sensor_decorator to None, run_after=None
[2023-10-18T02:44:23.634+0000] {processor.py:179} INFO - Processing /home/airflow/.local/lib/python3.8/site-packages/airflow/example_dags/example_sensor_decorator.py took 0.041 seconds
[2023-10-18T02:44:53.714+0000] {processor.py:157} INFO - Started process (PID=2119) to work on /home/airflow/.local/lib/python3.8/site-packages/airflow/example_dags/example_sensor_decorator.py
[2023-10-18T02:44:53.715+0000] {processor.py:829} INFO - Processing file /home/airflow/.local/lib/python3.8/site-packages/airflow/example_dags/example_sensor_decorator.py for tasks to queue
[2023-10-18T02:44:53.715+0000] {logging_mixin.py:151} INFO - [2023-10-18T02:44:53.715+0000] {dagbag.py:536} INFO - Filling up the DagBag from /home/airflow/.local/lib/python3.8/site-packages/airflow/example_dags/example_sensor_decorator.py
[2023-10-18T02:44:53.720+0000] {processor.py:839} INFO - DAG(s) dict_keys(['example_sensor_decorator']) retrieved from /home/airflow/.local/lib/python3.8/site-packages/airflow/example_dags/example_sensor_decorator.py
[2023-10-18T02:44:53.738+0000] {logging_mixin.py:151} INFO - [2023-10-18T02:44:53.738+0000] {dag.py:2941} INFO - Sync 1 DAGs
[2023-10-18T02:44:53.746+0000] {logging_mixin.py:151} INFO - [2023-10-18T02:44:53.746+0000] {dag.py:3722} INFO - Setting next_dagrun for example_sensor_decorator to None, run_after=None
[2023-10-18T02:44:53.758+0000] {processor.py:179} INFO - Processing /home/airflow/.local/lib/python3.8/site-packages/airflow/example_dags/example_sensor_decorator.py took 0.046 seconds
[2023-10-18T02:45:23.858+0000] {processor.py:157} INFO - Started process (PID=2357) to work on /home/airflow/.local/lib/python3.8/site-packages/airflow/example_dags/example_sensor_decorator.py
[2023-10-18T02:45:23.859+0000] {processor.py:829} INFO - Processing file /home/airflow/.local/lib/python3.8/site-packages/airflow/example_dags/example_sensor_decorator.py for tasks to queue
[2023-10-18T02:45:23.859+0000] {logging_mixin.py:151} INFO - [2023-10-18T02:45:23.859+0000] {dagbag.py:536} INFO - Filling up the DagBag from /home/airflow/.local/lib/python3.8/site-packages/airflow/example_dags/example_sensor_decorator.py
[2023-10-18T02:45:23.863+0000] {processor.py:839} INFO - DAG(s) dict_keys(['example_sensor_decorator']) retrieved from /home/airflow/.local/lib/python3.8/site-packages/airflow/example_dags/example_sensor_decorator.py
[2023-10-18T02:45:23.877+0000] {logging_mixin.py:151} INFO - [2023-10-18T02:45:23.877+0000] {dag.py:2941} INFO - Sync 1 DAGs
[2023-10-18T02:45:23.883+0000] {logging_mixin.py:151} INFO - [2023-10-18T02:45:23.883+0000] {dag.py:3722} INFO - Setting next_dagrun for example_sensor_decorator to None, run_after=None
[2023-10-18T02:45:23.894+0000] {processor.py:179} INFO - Processing /home/airflow/.local/lib/python3.8/site-packages/airflow/example_dags/example_sensor_decorator.py took 0.038 seconds
[2023-10-18T02:45:53.977+0000] {processor.py:157} INFO - Started process (PID=2595) to work on /home/airflow/.local/lib/python3.8/site-packages/airflow/example_dags/example_sensor_decorator.py
[2023-10-18T02:45:53.978+0000] {processor.py:829} INFO - Processing file /home/airflow/.local/lib/python3.8/site-packages/airflow/example_dags/example_sensor_decorator.py for tasks to queue
[2023-10-18T02:45:53.979+0000] {logging_mixin.py:151} INFO - [2023-10-18T02:45:53.979+0000] {dagbag.py:536} INFO - Filling up the DagBag from /home/airflow/.local/lib/python3.8/site-packages/airflow/example_dags/example_sensor_decorator.py
[2023-10-18T02:45:53.986+0000] {processor.py:839} INFO - DAG(s) dict_keys(['example_sensor_decorator']) retrieved from /home/airflow/.local/lib/python3.8/site-packages/airflow/example_dags/example_sensor_decorator.py
[2023-10-18T02:45:54.006+0000] {logging_mixin.py:151} INFO - [2023-10-18T02:45:54.006+0000] {dag.py:2941} INFO - Sync 1 DAGs
[2023-10-18T02:45:54.013+0000] {logging_mixin.py:151} INFO - [2023-10-18T02:45:54.013+0000] {dag.py:3722} INFO - Setting next_dagrun for example_sensor_decorator to None, run_after=None
[2023-10-18T02:45:54.023+0000] {processor.py:179} INFO - Processing /home/airflow/.local/lib/python3.8/site-packages/airflow/example_dags/example_sensor_decorator.py took 0.050 seconds
[2023-10-18T02:46:24.237+0000] {processor.py:157} INFO - Started process (PID=2833) to work on /home/airflow/.local/lib/python3.8/site-packages/airflow/example_dags/example_sensor_decorator.py
[2023-10-18T02:46:24.238+0000] {processor.py:829} INFO - Processing file /home/airflow/.local/lib/python3.8/site-packages/airflow/example_dags/example_sensor_decorator.py for tasks to queue
[2023-10-18T02:46:24.239+0000] {logging_mixin.py:151} INFO - [2023-10-18T02:46:24.238+0000] {dagbag.py:536} INFO - Filling up the DagBag from /home/airflow/.local/lib/python3.8/site-packages/airflow/example_dags/example_sensor_decorator.py
[2023-10-18T02:46:24.245+0000] {processor.py:839} INFO - DAG(s) dict_keys(['example_sensor_decorator']) retrieved from /home/airflow/.local/lib/python3.8/site-packages/airflow/example_dags/example_sensor_decorator.py
[2023-10-18T02:46:24.264+0000] {logging_mixin.py:151} INFO - [2023-10-18T02:46:24.264+0000] {dag.py:2941} INFO - Sync 1 DAGs
[2023-10-18T02:46:24.273+0000] {logging_mixin.py:151} INFO - [2023-10-18T02:46:24.273+0000] {dag.py:3722} INFO - Setting next_dagrun for example_sensor_decorator to None, run_after=None
[2023-10-18T02:46:24.283+0000] {processor.py:179} INFO - Processing /home/airflow/.local/lib/python3.8/site-packages/airflow/example_dags/example_sensor_decorator.py took 0.050 seconds
[2023-10-18T02:46:54.416+0000] {processor.py:157} INFO - Started process (PID=3071) to work on /home/airflow/.local/lib/python3.8/site-packages/airflow/example_dags/example_sensor_decorator.py
[2023-10-18T02:46:54.417+0000] {processor.py:829} INFO - Processing file /home/airflow/.local/lib/python3.8/site-packages/airflow/example_dags/example_sensor_decorator.py for tasks to queue
[2023-10-18T02:46:54.418+0000] {logging_mixin.py:151} INFO - [2023-10-18T02:46:54.417+0000] {dagbag.py:536} INFO - Filling up the DagBag from /home/airflow/.local/lib/python3.8/site-packages/airflow/example_dags/example_sensor_decorator.py
[2023-10-18T02:46:54.424+0000] {processor.py:839} INFO - DAG(s) dict_keys(['example_sensor_decorator']) retrieved from /home/airflow/.local/lib/python3.8/site-packages/airflow/example_dags/example_sensor_decorator.py
[2023-10-18T02:46:54.443+0000] {logging_mixin.py:151} INFO - [2023-10-18T02:46:54.443+0000] {dag.py:2941} INFO - Sync 1 DAGs
[2023-10-18T02:46:54.451+0000] {logging_mixin.py:151} INFO - [2023-10-18T02:46:54.451+0000] {dag.py:3722} INFO - Setting next_dagrun for example_sensor_decorator to None, run_after=None
[2023-10-18T02:46:54.461+0000] {processor.py:179} INFO - Processing /home/airflow/.local/lib/python3.8/site-packages/airflow/example_dags/example_sensor_decorator.py took 0.049 seconds
[2023-10-18T02:47:25.273+0000] {processor.py:157} INFO - Started process (PID=3309) to work on /home/airflow/.local/lib/python3.8/site-packages/airflow/example_dags/example_sensor_decorator.py
[2023-10-18T02:47:25.274+0000] {processor.py:829} INFO - Processing file /home/airflow/.local/lib/python3.8/site-packages/airflow/example_dags/example_sensor_decorator.py for tasks to queue
[2023-10-18T02:47:25.275+0000] {logging_mixin.py:151} INFO - [2023-10-18T02:47:25.274+0000] {dagbag.py:536} INFO - Filling up the DagBag from /home/airflow/.local/lib/python3.8/site-packages/airflow/example_dags/example_sensor_decorator.py
[2023-10-18T02:47:25.280+0000] {processor.py:839} INFO - DAG(s) dict_keys(['example_sensor_decorator']) retrieved from /home/airflow/.local/lib/python3.8/site-packages/airflow/example_dags/example_sensor_decorator.py
[2023-10-18T02:47:25.301+0000] {logging_mixin.py:151} INFO - [2023-10-18T02:47:25.301+0000] {dag.py:2941} INFO - Sync 1 DAGs
[2023-10-18T02:47:25.308+0000] {logging_mixin.py:151} INFO - [2023-10-18T02:47:25.308+0000] {dag.py:3722} INFO - Setting next_dagrun for example_sensor_decorator to None, run_after=None
[2023-10-18T02:47:25.319+0000] {processor.py:179} INFO - Processing /home/airflow/.local/lib/python3.8/site-packages/airflow/example_dags/example_sensor_decorator.py took 0.050 seconds
[2023-10-18T02:47:55.453+0000] {processor.py:157} INFO - Started process (PID=3546) to work on /home/airflow/.local/lib/python3.8/site-packages/airflow/example_dags/example_sensor_decorator.py
[2023-10-18T02:47:55.454+0000] {processor.py:829} INFO - Processing file /home/airflow/.local/lib/python3.8/site-packages/airflow/example_dags/example_sensor_decorator.py for tasks to queue
[2023-10-18T02:47:55.455+0000] {logging_mixin.py:151} INFO - [2023-10-18T02:47:55.454+0000] {dagbag.py:536} INFO - Filling up the DagBag from /home/airflow/.local/lib/python3.8/site-packages/airflow/example_dags/example_sensor_decorator.py
[2023-10-18T02:47:55.460+0000] {processor.py:839} INFO - DAG(s) dict_keys(['example_sensor_decorator']) retrieved from /home/airflow/.local/lib/python3.8/site-packages/airflow/example_dags/example_sensor_decorator.py
[2023-10-18T02:47:55.478+0000] {logging_mixin.py:151} INFO - [2023-10-18T02:47:55.478+0000] {dag.py:2941} INFO - Sync 1 DAGs
[2023-10-18T02:47:55.485+0000] {logging_mixin.py:151} INFO - [2023-10-18T02:47:55.485+0000] {dag.py:3722} INFO - Setting next_dagrun for example_sensor_decorator to None, run_after=None
[2023-10-18T02:47:55.495+0000] {processor.py:179} INFO - Processing /home/airflow/.local/lib/python3.8/site-packages/airflow/example_dags/example_sensor_decorator.py took 0.046 seconds
[2023-10-18T02:48:25.610+0000] {processor.py:157} INFO - Started process (PID=3785) to work on /home/airflow/.local/lib/python3.8/site-packages/airflow/example_dags/example_sensor_decorator.py
[2023-10-18T02:48:25.611+0000] {processor.py:829} INFO - Processing file /home/airflow/.local/lib/python3.8/site-packages/airflow/example_dags/example_sensor_decorator.py for tasks to queue
[2023-10-18T02:48:25.612+0000] {logging_mixin.py:151} INFO - [2023-10-18T02:48:25.612+0000] {dagbag.py:536} INFO - Filling up the DagBag from /home/airflow/.local/lib/python3.8/site-packages/airflow/example_dags/example_sensor_decorator.py
[2023-10-18T02:48:25.616+0000] {processor.py:839} INFO - DAG(s) dict_keys(['example_sensor_decorator']) retrieved from /home/airflow/.local/lib/python3.8/site-packages/airflow/example_dags/example_sensor_decorator.py
[2023-10-18T02:48:25.634+0000] {logging_mixin.py:151} INFO - [2023-10-18T02:48:25.634+0000] {dag.py:2941} INFO - Sync 1 DAGs
[2023-10-18T02:48:25.642+0000] {logging_mixin.py:151} INFO - [2023-10-18T02:48:25.642+0000] {dag.py:3722} INFO - Setting next_dagrun for example_sensor_decorator to None, run_after=None
[2023-10-18T02:48:25.653+0000] {processor.py:179} INFO - Processing /home/airflow/.local/lib/python3.8/site-packages/airflow/example_dags/example_sensor_decorator.py took 0.045 seconds
[2023-10-18T02:48:55.784+0000] {processor.py:157} INFO - Started process (PID=4022) to work on /home/airflow/.local/lib/python3.8/site-packages/airflow/example_dags/example_sensor_decorator.py
[2023-10-18T02:48:55.785+0000] {processor.py:829} INFO - Processing file /home/airflow/.local/lib/python3.8/site-packages/airflow/example_dags/example_sensor_decorator.py for tasks to queue
[2023-10-18T02:48:55.786+0000] {logging_mixin.py:151} INFO - [2023-10-18T02:48:55.786+0000] {dagbag.py:536} INFO - Filling up the DagBag from /home/airflow/.local/lib/python3.8/site-packages/airflow/example_dags/example_sensor_decorator.py
[2023-10-18T02:48:55.793+0000] {processor.py:839} INFO - DAG(s) dict_keys(['example_sensor_decorator']) retrieved from /home/airflow/.local/lib/python3.8/site-packages/airflow/example_dags/example_sensor_decorator.py
[2023-10-18T02:48:55.814+0000] {logging_mixin.py:151} INFO - [2023-10-18T02:48:55.814+0000] {dag.py:2941} INFO - Sync 1 DAGs
[2023-10-18T02:48:55.822+0000] {logging_mixin.py:151} INFO - [2023-10-18T02:48:55.822+0000] {dag.py:3722} INFO - Setting next_dagrun for example_sensor_decorator to None, run_after=None
[2023-10-18T02:48:55.834+0000] {processor.py:179} INFO - Processing /home/airflow/.local/lib/python3.8/site-packages/airflow/example_dags/example_sensor_decorator.py took 0.055 seconds
[2023-10-18T02:49:25.934+0000] {processor.py:157} INFO - Started process (PID=4261) to work on /home/airflow/.local/lib/python3.8/site-packages/airflow/example_dags/example_sensor_decorator.py
[2023-10-18T02:49:25.935+0000] {processor.py:829} INFO - Processing file /home/airflow/.local/lib/python3.8/site-packages/airflow/example_dags/example_sensor_decorator.py for tasks to queue
[2023-10-18T02:49:25.936+0000] {logging_mixin.py:151} INFO - [2023-10-18T02:49:25.935+0000] {dagbag.py:536} INFO - Filling up the DagBag from /home/airflow/.local/lib/python3.8/site-packages/airflow/example_dags/example_sensor_decorator.py
[2023-10-18T02:49:25.942+0000] {processor.py:839} INFO - DAG(s) dict_keys(['example_sensor_decorator']) retrieved from /home/airflow/.local/lib/python3.8/site-packages/airflow/example_dags/example_sensor_decorator.py
[2023-10-18T02:49:25.962+0000] {logging_mixin.py:151} INFO - [2023-10-18T02:49:25.962+0000] {dag.py:2941} INFO - Sync 1 DAGs
[2023-10-18T02:49:25.969+0000] {logging_mixin.py:151} INFO - [2023-10-18T02:49:25.969+0000] {dag.py:3722} INFO - Setting next_dagrun for example_sensor_decorator to None, run_after=None
[2023-10-18T02:49:25.979+0000] {processor.py:179} INFO - Processing /home/airflow/.local/lib/python3.8/site-packages/airflow/example_dags/example_sensor_decorator.py took 0.049 seconds
[2023-10-18T02:49:56.029+0000] {processor.py:157} INFO - Started process (PID=4498) to work on /home/airflow/.local/lib/python3.8/site-packages/airflow/example_dags/example_sensor_decorator.py
[2023-10-18T02:49:56.030+0000] {processor.py:829} INFO - Processing file /home/airflow/.local/lib/python3.8/site-packages/airflow/example_dags/example_sensor_decorator.py for tasks to queue
[2023-10-18T02:49:56.030+0000] {logging_mixin.py:151} INFO - [2023-10-18T02:49:56.030+0000] {dagbag.py:536} INFO - Filling up the DagBag from /home/airflow/.local/lib/python3.8/site-packages/airflow/example_dags/example_sensor_decorator.py
[2023-10-18T02:49:56.036+0000] {processor.py:839} INFO - DAG(s) dict_keys(['example_sensor_decorator']) retrieved from /home/airflow/.local/lib/python3.8/site-packages/airflow/example_dags/example_sensor_decorator.py
[2023-10-18T02:49:56.055+0000] {logging_mixin.py:151} INFO - [2023-10-18T02:49:56.055+0000] {dag.py:2941} INFO - Sync 1 DAGs
[2023-10-18T02:49:56.063+0000] {logging_mixin.py:151} INFO - [2023-10-18T02:49:56.063+0000] {dag.py:3722} INFO - Setting next_dagrun for example_sensor_decorator to None, run_after=None
[2023-10-18T02:49:56.074+0000] {processor.py:179} INFO - Processing /home/airflow/.local/lib/python3.8/site-packages/airflow/example_dags/example_sensor_decorator.py took 0.048 seconds
[2023-10-18T02:50:26.215+0000] {processor.py:157} INFO - Started process (PID=4738) to work on /home/airflow/.local/lib/python3.8/site-packages/airflow/example_dags/example_sensor_decorator.py
[2023-10-18T02:50:26.216+0000] {processor.py:829} INFO - Processing file /home/airflow/.local/lib/python3.8/site-packages/airflow/example_dags/example_sensor_decorator.py for tasks to queue
[2023-10-18T02:50:26.217+0000] {logging_mixin.py:151} INFO - [2023-10-18T02:50:26.216+0000] {dagbag.py:536} INFO - Filling up the DagBag from /home/airflow/.local/lib/python3.8/site-packages/airflow/example_dags/example_sensor_decorator.py
[2023-10-18T02:50:26.223+0000] {processor.py:839} INFO - DAG(s) dict_keys(['example_sensor_decorator']) retrieved from /home/airflow/.local/lib/python3.8/site-packages/airflow/example_dags/example_sensor_decorator.py
[2023-10-18T02:50:26.244+0000] {logging_mixin.py:151} INFO - [2023-10-18T02:50:26.244+0000] {dag.py:2941} INFO - Sync 1 DAGs
[2023-10-18T02:50:26.252+0000] {logging_mixin.py:151} INFO - [2023-10-18T02:50:26.252+0000] {dag.py:3722} INFO - Setting next_dagrun for example_sensor_decorator to None, run_after=None
[2023-10-18T02:50:26.262+0000] {processor.py:179} INFO - Processing /home/airflow/.local/lib/python3.8/site-packages/airflow/example_dags/example_sensor_decorator.py took 0.051 seconds
[2023-10-18T02:50:56.337+0000] {processor.py:157} INFO - Started process (PID=4975) to work on /home/airflow/.local/lib/python3.8/site-packages/airflow/example_dags/example_sensor_decorator.py
[2023-10-18T02:50:56.338+0000] {processor.py:829} INFO - Processing file /home/airflow/.local/lib/python3.8/site-packages/airflow/example_dags/example_sensor_decorator.py for tasks to queue
[2023-10-18T02:50:56.339+0000] {logging_mixin.py:151} INFO - [2023-10-18T02:50:56.338+0000] {dagbag.py:536} INFO - Filling up the DagBag from /home/airflow/.local/lib/python3.8/site-packages/airflow/example_dags/example_sensor_decorator.py
[2023-10-18T02:50:56.345+0000] {processor.py:839} INFO - DAG(s) dict_keys(['example_sensor_decorator']) retrieved from /home/airflow/.local/lib/python3.8/site-packages/airflow/example_dags/example_sensor_decorator.py
[2023-10-18T02:50:56.369+0000] {logging_mixin.py:151} INFO - [2023-10-18T02:50:56.368+0000] {dag.py:2941} INFO - Sync 1 DAGs
[2023-10-18T02:50:56.376+0000] {logging_mixin.py:151} INFO - [2023-10-18T02:50:56.376+0000] {dag.py:3722} INFO - Setting next_dagrun for example_sensor_decorator to None, run_after=None
[2023-10-18T02:50:56.387+0000] {processor.py:179} INFO - Processing /home/airflow/.local/lib/python3.8/site-packages/airflow/example_dags/example_sensor_decorator.py took 0.054 seconds
[2023-10-18T02:51:26.573+0000] {processor.py:157} INFO - Started process (PID=5214) to work on /home/airflow/.local/lib/python3.8/site-packages/airflow/example_dags/example_sensor_decorator.py
[2023-10-18T02:51:26.574+0000] {processor.py:829} INFO - Processing file /home/airflow/.local/lib/python3.8/site-packages/airflow/example_dags/example_sensor_decorator.py for tasks to queue
[2023-10-18T02:51:26.575+0000] {logging_mixin.py:151} INFO - [2023-10-18T02:51:26.575+0000] {dagbag.py:536} INFO - Filling up the DagBag from /home/airflow/.local/lib/python3.8/site-packages/airflow/example_dags/example_sensor_decorator.py
[2023-10-18T02:51:26.581+0000] {processor.py:839} INFO - DAG(s) dict_keys(['example_sensor_decorator']) retrieved from /home/airflow/.local/lib/python3.8/site-packages/airflow/example_dags/example_sensor_decorator.py
[2023-10-18T02:51:26.602+0000] {logging_mixin.py:151} INFO - [2023-10-18T02:51:26.602+0000] {dag.py:2941} INFO - Sync 1 DAGs
[2023-10-18T02:51:26.609+0000] {logging_mixin.py:151} INFO - [2023-10-18T02:51:26.609+0000] {dag.py:3722} INFO - Setting next_dagrun for example_sensor_decorator to None, run_after=None
[2023-10-18T02:51:26.620+0000] {processor.py:179} INFO - Processing /home/airflow/.local/lib/python3.8/site-packages/airflow/example_dags/example_sensor_decorator.py took 0.051 seconds
[2023-10-18T02:51:56.737+0000] {processor.py:157} INFO - Started process (PID=5451) to work on /home/airflow/.local/lib/python3.8/site-packages/airflow/example_dags/example_sensor_decorator.py
[2023-10-18T02:51:56.738+0000] {processor.py:829} INFO - Processing file /home/airflow/.local/lib/python3.8/site-packages/airflow/example_dags/example_sensor_decorator.py for tasks to queue
[2023-10-18T02:51:56.740+0000] {logging_mixin.py:151} INFO - [2023-10-18T02:51:56.740+0000] {dagbag.py:536} INFO - Filling up the DagBag from /home/airflow/.local/lib/python3.8/site-packages/airflow/example_dags/example_sensor_decorator.py
[2023-10-18T02:51:56.747+0000] {processor.py:839} INFO - DAG(s) dict_keys(['example_sensor_decorator']) retrieved from /home/airflow/.local/lib/python3.8/site-packages/airflow/example_dags/example_sensor_decorator.py
[2023-10-18T02:51:56.767+0000] {logging_mixin.py:151} INFO - [2023-10-18T02:51:56.767+0000] {dag.py:2941} INFO - Sync 1 DAGs
[2023-10-18T02:51:56.774+0000] {logging_mixin.py:151} INFO - [2023-10-18T02:51:56.774+0000] {dag.py:3722} INFO - Setting next_dagrun for example_sensor_decorator to None, run_after=None
[2023-10-18T02:51:56.785+0000] {processor.py:179} INFO - Processing /home/airflow/.local/lib/python3.8/site-packages/airflow/example_dags/example_sensor_decorator.py took 0.053 seconds
[2023-10-18T02:52:27.617+0000] {processor.py:157} INFO - Started process (PID=5688) to work on /home/airflow/.local/lib/python3.8/site-packages/airflow/example_dags/example_sensor_decorator.py
[2023-10-18T02:52:27.618+0000] {processor.py:829} INFO - Processing file /home/airflow/.local/lib/python3.8/site-packages/airflow/example_dags/example_sensor_decorator.py for tasks to queue
[2023-10-18T02:52:27.618+0000] {logging_mixin.py:151} INFO - [2023-10-18T02:52:27.618+0000] {dagbag.py:536} INFO - Filling up the DagBag from /home/airflow/.local/lib/python3.8/site-packages/airflow/example_dags/example_sensor_decorator.py
[2023-10-18T02:52:27.624+0000] {processor.py:839} INFO - DAG(s) dict_keys(['example_sensor_decorator']) retrieved from /home/airflow/.local/lib/python3.8/site-packages/airflow/example_dags/example_sensor_decorator.py
[2023-10-18T02:52:27.644+0000] {logging_mixin.py:151} INFO - [2023-10-18T02:52:27.644+0000] {dag.py:2941} INFO - Sync 1 DAGs
[2023-10-18T02:52:27.652+0000] {logging_mixin.py:151} INFO - [2023-10-18T02:52:27.652+0000] {dag.py:3722} INFO - Setting next_dagrun for example_sensor_decorator to None, run_after=None
[2023-10-18T02:52:27.665+0000] {processor.py:179} INFO - Processing /home/airflow/.local/lib/python3.8/site-packages/airflow/example_dags/example_sensor_decorator.py took 0.050 seconds
[2023-10-18T02:52:57.834+0000] {processor.py:157} INFO - Started process (PID=5926) to work on /home/airflow/.local/lib/python3.8/site-packages/airflow/example_dags/example_sensor_decorator.py
[2023-10-18T02:52:57.835+0000] {processor.py:829} INFO - Processing file /home/airflow/.local/lib/python3.8/site-packages/airflow/example_dags/example_sensor_decorator.py for tasks to queue
[2023-10-18T02:52:57.836+0000] {logging_mixin.py:151} INFO - [2023-10-18T02:52:57.835+0000] {dagbag.py:536} INFO - Filling up the DagBag from /home/airflow/.local/lib/python3.8/site-packages/airflow/example_dags/example_sensor_decorator.py
[2023-10-18T02:52:57.843+0000] {processor.py:839} INFO - DAG(s) dict_keys(['example_sensor_decorator']) retrieved from /home/airflow/.local/lib/python3.8/site-packages/airflow/example_dags/example_sensor_decorator.py
[2023-10-18T02:52:57.864+0000] {logging_mixin.py:151} INFO - [2023-10-18T02:52:57.864+0000] {dag.py:2941} INFO - Sync 1 DAGs
[2023-10-18T02:52:57.872+0000] {logging_mixin.py:151} INFO - [2023-10-18T02:52:57.872+0000] {dag.py:3722} INFO - Setting next_dagrun for example_sensor_decorator to None, run_after=None
[2023-10-18T02:52:57.882+0000] {processor.py:179} INFO - Processing /home/airflow/.local/lib/python3.8/site-packages/airflow/example_dags/example_sensor_decorator.py took 0.052 seconds
[2023-10-18T02:53:27.986+0000] {processor.py:157} INFO - Started process (PID=6164) to work on /home/airflow/.local/lib/python3.8/site-packages/airflow/example_dags/example_sensor_decorator.py
[2023-10-18T02:53:27.986+0000] {processor.py:829} INFO - Processing file /home/airflow/.local/lib/python3.8/site-packages/airflow/example_dags/example_sensor_decorator.py for tasks to queue
[2023-10-18T02:53:27.987+0000] {logging_mixin.py:151} INFO - [2023-10-18T02:53:27.987+0000] {dagbag.py:536} INFO - Filling up the DagBag from /home/airflow/.local/lib/python3.8/site-packages/airflow/example_dags/example_sensor_decorator.py
[2023-10-18T02:53:27.992+0000] {processor.py:839} INFO - DAG(s) dict_keys(['example_sensor_decorator']) retrieved from /home/airflow/.local/lib/python3.8/site-packages/airflow/example_dags/example_sensor_decorator.py
[2023-10-18T02:53:28.013+0000] {logging_mixin.py:151} INFO - [2023-10-18T02:53:28.013+0000] {dag.py:2941} INFO - Sync 1 DAGs
[2023-10-18T02:53:28.022+0000] {logging_mixin.py:151} INFO - [2023-10-18T02:53:28.022+0000] {dag.py:3722} INFO - Setting next_dagrun for example_sensor_decorator to None, run_after=None
[2023-10-18T02:53:28.034+0000] {processor.py:179} INFO - Processing /home/airflow/.local/lib/python3.8/site-packages/airflow/example_dags/example_sensor_decorator.py took 0.051 seconds
[2023-10-18T02:53:58.978+0000] {processor.py:157} INFO - Started process (PID=6402) to work on /home/airflow/.local/lib/python3.8/site-packages/airflow/example_dags/example_sensor_decorator.py
[2023-10-18T02:53:58.979+0000] {processor.py:829} INFO - Processing file /home/airflow/.local/lib/python3.8/site-packages/airflow/example_dags/example_sensor_decorator.py for tasks to queue
[2023-10-18T02:53:58.980+0000] {logging_mixin.py:151} INFO - [2023-10-18T02:53:58.979+0000] {dagbag.py:536} INFO - Filling up the DagBag from /home/airflow/.local/lib/python3.8/site-packages/airflow/example_dags/example_sensor_decorator.py
[2023-10-18T02:53:58.986+0000] {processor.py:839} INFO - DAG(s) dict_keys(['example_sensor_decorator']) retrieved from /home/airflow/.local/lib/python3.8/site-packages/airflow/example_dags/example_sensor_decorator.py
[2023-10-18T02:53:59.004+0000] {logging_mixin.py:151} INFO - [2023-10-18T02:53:59.004+0000] {dag.py:2941} INFO - Sync 1 DAGs
[2023-10-18T02:53:59.012+0000] {logging_mixin.py:151} INFO - [2023-10-18T02:53:59.012+0000] {dag.py:3722} INFO - Setting next_dagrun for example_sensor_decorator to None, run_after=None
[2023-10-18T02:53:59.022+0000] {processor.py:179} INFO - Processing /home/airflow/.local/lib/python3.8/site-packages/airflow/example_dags/example_sensor_decorator.py took 0.048 seconds
