[2023-10-18T02:40:52.059+0000] {processor.py:157} INFO - Started process (PID=351) to work on /home/airflow/.local/lib/python3.8/site-packages/airflow/example_dags/example_external_task_marker_dag.py
[2023-10-18T02:40:52.060+0000] {processor.py:829} INFO - Processing file /home/airflow/.local/lib/python3.8/site-packages/airflow/example_dags/example_external_task_marker_dag.py for tasks to queue
[2023-10-18T02:40:52.060+0000] {logging_mixin.py:151} INFO - [2023-10-18T02:40:52.060+0000] {dagbag.py:536} INFO - Filling up the DagBag from /home/airflow/.local/lib/python3.8/site-packages/airflow/example_dags/example_external_task_marker_dag.py
[2023-10-18T02:40:52.065+0000] {processor.py:839} INFO - DAG(s) dict_keys(['example_external_task_marker_child', 'example_external_task_marker_parent']) retrieved from /home/airflow/.local/lib/python3.8/site-packages/airflow/example_dags/example_external_task_marker_dag.py
[2023-10-18T02:40:52.083+0000] {logging_mixin.py:151} INFO - [2023-10-18T02:40:52.083+0000] {dag.py:2941} INFO - Sync 2 DAGs
[2023-10-18T02:40:52.091+0000] {logging_mixin.py:151} INFO - [2023-10-18T02:40:52.091+0000] {dag.py:3722} INFO - Setting next_dagrun for example_external_task_marker_child to None, run_after=None
[2023-10-18T02:40:52.093+0000] {logging_mixin.py:151} INFO - [2023-10-18T02:40:52.093+0000] {dag.py:3722} INFO - Setting next_dagrun for example_external_task_marker_parent to None, run_after=None
[2023-10-18T02:40:52.108+0000] {processor.py:179} INFO - Processing /home/airflow/.local/lib/python3.8/site-packages/airflow/example_dags/example_external_task_marker_dag.py took 0.052 seconds
[2023-10-18T02:41:22.528+0000] {processor.py:157} INFO - Started process (PID=591) to work on /home/airflow/.local/lib/python3.8/site-packages/airflow/example_dags/example_external_task_marker_dag.py
[2023-10-18T02:41:22.528+0000] {processor.py:829} INFO - Processing file /home/airflow/.local/lib/python3.8/site-packages/airflow/example_dags/example_external_task_marker_dag.py for tasks to queue
[2023-10-18T02:41:22.529+0000] {logging_mixin.py:151} INFO - [2023-10-18T02:41:22.529+0000] {dagbag.py:536} INFO - Filling up the DagBag from /home/airflow/.local/lib/python3.8/site-packages/airflow/example_dags/example_external_task_marker_dag.py
[2023-10-18T02:41:22.533+0000] {processor.py:839} INFO - DAG(s) dict_keys(['example_external_task_marker_parent', 'example_external_task_marker_child']) retrieved from /home/airflow/.local/lib/python3.8/site-packages/airflow/example_dags/example_external_task_marker_dag.py
[2023-10-18T02:41:22.548+0000] {logging_mixin.py:151} INFO - [2023-10-18T02:41:22.548+0000] {dag.py:2941} INFO - Sync 2 DAGs
[2023-10-18T02:41:22.555+0000] {logging_mixin.py:151} INFO - [2023-10-18T02:41:22.554+0000] {dag.py:3722} INFO - Setting next_dagrun for example_external_task_marker_child to None, run_after=None
[2023-10-18T02:41:22.556+0000] {logging_mixin.py:151} INFO - [2023-10-18T02:41:22.556+0000] {dag.py:3722} INFO - Setting next_dagrun for example_external_task_marker_parent to None, run_after=None
[2023-10-18T02:41:22.563+0000] {processor.py:179} INFO - Processing /home/airflow/.local/lib/python3.8/site-packages/airflow/example_dags/example_external_task_marker_dag.py took 0.037 seconds
[2023-10-18T02:41:52.732+0000] {processor.py:157} INFO - Started process (PID=827) to work on /home/airflow/.local/lib/python3.8/site-packages/airflow/example_dags/example_external_task_marker_dag.py
[2023-10-18T02:41:52.733+0000] {processor.py:829} INFO - Processing file /home/airflow/.local/lib/python3.8/site-packages/airflow/example_dags/example_external_task_marker_dag.py for tasks to queue
[2023-10-18T02:41:52.734+0000] {logging_mixin.py:151} INFO - [2023-10-18T02:41:52.734+0000] {dagbag.py:536} INFO - Filling up the DagBag from /home/airflow/.local/lib/python3.8/site-packages/airflow/example_dags/example_external_task_marker_dag.py
[2023-10-18T02:41:52.738+0000] {processor.py:839} INFO - DAG(s) dict_keys(['example_external_task_marker_parent', 'example_external_task_marker_child']) retrieved from /home/airflow/.local/lib/python3.8/site-packages/airflow/example_dags/example_external_task_marker_dag.py
[2023-10-18T02:41:52.756+0000] {logging_mixin.py:151} INFO - [2023-10-18T02:41:52.756+0000] {dag.py:2941} INFO - Sync 2 DAGs
[2023-10-18T02:41:52.763+0000] {logging_mixin.py:151} INFO - [2023-10-18T02:41:52.763+0000] {dag.py:3722} INFO - Setting next_dagrun for example_external_task_marker_child to None, run_after=None
[2023-10-18T02:41:52.765+0000] {logging_mixin.py:151} INFO - [2023-10-18T02:41:52.765+0000] {dag.py:3722} INFO - Setting next_dagrun for example_external_task_marker_parent to None, run_after=None
[2023-10-18T02:41:52.773+0000] {processor.py:179} INFO - Processing /home/airflow/.local/lib/python3.8/site-packages/airflow/example_dags/example_external_task_marker_dag.py took 0.043 seconds
[2023-10-18T02:42:22.831+0000] {processor.py:157} INFO - Started process (PID=1065) to work on /home/airflow/.local/lib/python3.8/site-packages/airflow/example_dags/example_external_task_marker_dag.py
[2023-10-18T02:42:22.832+0000] {processor.py:829} INFO - Processing file /home/airflow/.local/lib/python3.8/site-packages/airflow/example_dags/example_external_task_marker_dag.py for tasks to queue
[2023-10-18T02:42:22.833+0000] {logging_mixin.py:151} INFO - [2023-10-18T02:42:22.833+0000] {dagbag.py:536} INFO - Filling up the DagBag from /home/airflow/.local/lib/python3.8/site-packages/airflow/example_dags/example_external_task_marker_dag.py
[2023-10-18T02:42:22.837+0000] {processor.py:839} INFO - DAG(s) dict_keys(['example_external_task_marker_child', 'example_external_task_marker_parent']) retrieved from /home/airflow/.local/lib/python3.8/site-packages/airflow/example_dags/example_external_task_marker_dag.py
[2023-10-18T02:42:22.855+0000] {logging_mixin.py:151} INFO - [2023-10-18T02:42:22.854+0000] {dag.py:2941} INFO - Sync 2 DAGs
[2023-10-18T02:42:22.862+0000] {logging_mixin.py:151} INFO - [2023-10-18T02:42:22.862+0000] {dag.py:3722} INFO - Setting next_dagrun for example_external_task_marker_child to None, run_after=None
[2023-10-18T02:42:22.863+0000] {logging_mixin.py:151} INFO - [2023-10-18T02:42:22.863+0000] {dag.py:3722} INFO - Setting next_dagrun for example_external_task_marker_parent to None, run_after=None
[2023-10-18T02:42:22.872+0000] {processor.py:179} INFO - Processing /home/airflow/.local/lib/python3.8/site-packages/airflow/example_dags/example_external_task_marker_dag.py took 0.043 seconds
[2023-10-18T02:42:53.718+0000] {processor.py:157} INFO - Started process (PID=1351) to work on /home/airflow/.local/lib/python3.8/site-packages/airflow/example_dags/example_external_task_marker_dag.py
[2023-10-18T02:42:53.719+0000] {processor.py:829} INFO - Processing file /home/airflow/.local/lib/python3.8/site-packages/airflow/example_dags/example_external_task_marker_dag.py for tasks to queue
[2023-10-18T02:42:53.719+0000] {logging_mixin.py:151} INFO - [2023-10-18T02:42:53.719+0000] {dagbag.py:536} INFO - Filling up the DagBag from /home/airflow/.local/lib/python3.8/site-packages/airflow/example_dags/example_external_task_marker_dag.py
[2023-10-18T02:42:53.724+0000] {processor.py:839} INFO - DAG(s) dict_keys(['example_external_task_marker_child', 'example_external_task_marker_parent']) retrieved from /home/airflow/.local/lib/python3.8/site-packages/airflow/example_dags/example_external_task_marker_dag.py
[2023-10-18T02:42:53.742+0000] {logging_mixin.py:151} INFO - [2023-10-18T02:42:53.742+0000] {dag.py:2941} INFO - Sync 2 DAGs
[2023-10-18T02:42:53.749+0000] {logging_mixin.py:151} INFO - [2023-10-18T02:42:53.749+0000] {dag.py:3722} INFO - Setting next_dagrun for example_external_task_marker_child to None, run_after=None
[2023-10-18T02:42:53.751+0000] {logging_mixin.py:151} INFO - [2023-10-18T02:42:53.751+0000] {dag.py:3722} INFO - Setting next_dagrun for example_external_task_marker_parent to None, run_after=None
[2023-10-18T02:42:53.759+0000] {processor.py:179} INFO - Processing /home/airflow/.local/lib/python3.8/site-packages/airflow/example_dags/example_external_task_marker_dag.py took 0.043 seconds
[2023-10-18T02:43:23.942+0000] {processor.py:157} INFO - Started process (PID=1591) to work on /home/airflow/.local/lib/python3.8/site-packages/airflow/example_dags/example_external_task_marker_dag.py
[2023-10-18T02:43:23.943+0000] {processor.py:829} INFO - Processing file /home/airflow/.local/lib/python3.8/site-packages/airflow/example_dags/example_external_task_marker_dag.py for tasks to queue
[2023-10-18T02:43:23.944+0000] {logging_mixin.py:151} INFO - [2023-10-18T02:43:23.943+0000] {dagbag.py:536} INFO - Filling up the DagBag from /home/airflow/.local/lib/python3.8/site-packages/airflow/example_dags/example_external_task_marker_dag.py
[2023-10-18T02:43:23.947+0000] {processor.py:839} INFO - DAG(s) dict_keys(['example_external_task_marker_parent', 'example_external_task_marker_child']) retrieved from /home/airflow/.local/lib/python3.8/site-packages/airflow/example_dags/example_external_task_marker_dag.py
[2023-10-18T02:43:23.963+0000] {logging_mixin.py:151} INFO - [2023-10-18T02:43:23.963+0000] {dag.py:2941} INFO - Sync 2 DAGs
[2023-10-18T02:43:23.970+0000] {logging_mixin.py:151} INFO - [2023-10-18T02:43:23.970+0000] {dag.py:3722} INFO - Setting next_dagrun for example_external_task_marker_child to None, run_after=None
[2023-10-18T02:43:23.971+0000] {logging_mixin.py:151} INFO - [2023-10-18T02:43:23.971+0000] {dag.py:3722} INFO - Setting next_dagrun for example_external_task_marker_parent to None, run_after=None
[2023-10-18T02:43:23.978+0000] {processor.py:179} INFO - Processing /home/airflow/.local/lib/python3.8/site-packages/airflow/example_dags/example_external_task_marker_dag.py took 0.038 seconds
[2023-10-18T02:43:54.005+0000] {processor.py:157} INFO - Started process (PID=1826) to work on /home/airflow/.local/lib/python3.8/site-packages/airflow/example_dags/example_external_task_marker_dag.py
[2023-10-18T02:43:54.006+0000] {processor.py:829} INFO - Processing file /home/airflow/.local/lib/python3.8/site-packages/airflow/example_dags/example_external_task_marker_dag.py for tasks to queue
[2023-10-18T02:43:54.007+0000] {logging_mixin.py:151} INFO - [2023-10-18T02:43:54.006+0000] {dagbag.py:536} INFO - Filling up the DagBag from /home/airflow/.local/lib/python3.8/site-packages/airflow/example_dags/example_external_task_marker_dag.py
[2023-10-18T02:43:54.010+0000] {processor.py:839} INFO - DAG(s) dict_keys(['example_external_task_marker_child', 'example_external_task_marker_parent']) retrieved from /home/airflow/.local/lib/python3.8/site-packages/airflow/example_dags/example_external_task_marker_dag.py
[2023-10-18T02:43:54.026+0000] {logging_mixin.py:151} INFO - [2023-10-18T02:43:54.026+0000] {dag.py:2941} INFO - Sync 2 DAGs
[2023-10-18T02:43:54.033+0000] {logging_mixin.py:151} INFO - [2023-10-18T02:43:54.033+0000] {dag.py:3722} INFO - Setting next_dagrun for example_external_task_marker_child to None, run_after=None
[2023-10-18T02:43:54.035+0000] {logging_mixin.py:151} INFO - [2023-10-18T02:43:54.035+0000] {dag.py:3722} INFO - Setting next_dagrun for example_external_task_marker_parent to None, run_after=None
[2023-10-18T02:43:54.043+0000] {processor.py:179} INFO - Processing /home/airflow/.local/lib/python3.8/site-packages/airflow/example_dags/example_external_task_marker_dag.py took 0.040 seconds
[2023-10-18T02:44:24.962+0000] {processor.py:157} INFO - Started process (PID=2067) to work on /home/airflow/.local/lib/python3.8/site-packages/airflow/example_dags/example_external_task_marker_dag.py
[2023-10-18T02:44:24.962+0000] {processor.py:829} INFO - Processing file /home/airflow/.local/lib/python3.8/site-packages/airflow/example_dags/example_external_task_marker_dag.py for tasks to queue
[2023-10-18T02:44:24.963+0000] {logging_mixin.py:151} INFO - [2023-10-18T02:44:24.963+0000] {dagbag.py:536} INFO - Filling up the DagBag from /home/airflow/.local/lib/python3.8/site-packages/airflow/example_dags/example_external_task_marker_dag.py
[2023-10-18T02:44:24.967+0000] {processor.py:839} INFO - DAG(s) dict_keys(['example_external_task_marker_parent', 'example_external_task_marker_child']) retrieved from /home/airflow/.local/lib/python3.8/site-packages/airflow/example_dags/example_external_task_marker_dag.py
[2023-10-18T02:44:24.983+0000] {logging_mixin.py:151} INFO - [2023-10-18T02:44:24.983+0000] {dag.py:2941} INFO - Sync 2 DAGs
[2023-10-18T02:44:24.989+0000] {logging_mixin.py:151} INFO - [2023-10-18T02:44:24.989+0000] {dag.py:3722} INFO - Setting next_dagrun for example_external_task_marker_child to None, run_after=None
[2023-10-18T02:44:24.991+0000] {logging_mixin.py:151} INFO - [2023-10-18T02:44:24.991+0000] {dag.py:3722} INFO - Setting next_dagrun for example_external_task_marker_parent to None, run_after=None
[2023-10-18T02:44:24.998+0000] {processor.py:179} INFO - Processing /home/airflow/.local/lib/python3.8/site-packages/airflow/example_dags/example_external_task_marker_dag.py took 0.038 seconds
[2023-10-18T02:44:55.043+0000] {processor.py:157} INFO - Started process (PID=2304) to work on /home/airflow/.local/lib/python3.8/site-packages/airflow/example_dags/example_external_task_marker_dag.py
[2023-10-18T02:44:55.044+0000] {processor.py:829} INFO - Processing file /home/airflow/.local/lib/python3.8/site-packages/airflow/example_dags/example_external_task_marker_dag.py for tasks to queue
[2023-10-18T02:44:55.044+0000] {logging_mixin.py:151} INFO - [2023-10-18T02:44:55.044+0000] {dagbag.py:536} INFO - Filling up the DagBag from /home/airflow/.local/lib/python3.8/site-packages/airflow/example_dags/example_external_task_marker_dag.py
[2023-10-18T02:44:55.048+0000] {processor.py:839} INFO - DAG(s) dict_keys(['example_external_task_marker_child', 'example_external_task_marker_parent']) retrieved from /home/airflow/.local/lib/python3.8/site-packages/airflow/example_dags/example_external_task_marker_dag.py
[2023-10-18T02:44:55.064+0000] {logging_mixin.py:151} INFO - [2023-10-18T02:44:55.064+0000] {dag.py:2941} INFO - Sync 2 DAGs
[2023-10-18T02:44:55.071+0000] {logging_mixin.py:151} INFO - [2023-10-18T02:44:55.071+0000] {dag.py:3722} INFO - Setting next_dagrun for example_external_task_marker_child to None, run_after=None
[2023-10-18T02:44:55.073+0000] {logging_mixin.py:151} INFO - [2023-10-18T02:44:55.073+0000] {dag.py:3722} INFO - Setting next_dagrun for example_external_task_marker_parent to None, run_after=None
[2023-10-18T02:44:55.082+0000] {processor.py:179} INFO - Processing /home/airflow/.local/lib/python3.8/site-packages/airflow/example_dags/example_external_task_marker_dag.py took 0.041 seconds
[2023-10-18T02:45:25.373+0000] {processor.py:157} INFO - Started process (PID=2542) to work on /home/airflow/.local/lib/python3.8/site-packages/airflow/example_dags/example_external_task_marker_dag.py
[2023-10-18T02:45:25.374+0000] {processor.py:829} INFO - Processing file /home/airflow/.local/lib/python3.8/site-packages/airflow/example_dags/example_external_task_marker_dag.py for tasks to queue
[2023-10-18T02:45:25.375+0000] {logging_mixin.py:151} INFO - [2023-10-18T02:45:25.374+0000] {dagbag.py:536} INFO - Filling up the DagBag from /home/airflow/.local/lib/python3.8/site-packages/airflow/example_dags/example_external_task_marker_dag.py
[2023-10-18T02:45:25.378+0000] {processor.py:839} INFO - DAG(s) dict_keys(['example_external_task_marker_child', 'example_external_task_marker_parent']) retrieved from /home/airflow/.local/lib/python3.8/site-packages/airflow/example_dags/example_external_task_marker_dag.py
[2023-10-18T02:45:25.396+0000] {logging_mixin.py:151} INFO - [2023-10-18T02:45:25.396+0000] {dag.py:2941} INFO - Sync 2 DAGs
[2023-10-18T02:45:25.404+0000] {logging_mixin.py:151} INFO - [2023-10-18T02:45:25.403+0000] {dag.py:3722} INFO - Setting next_dagrun for example_external_task_marker_child to None, run_after=None
[2023-10-18T02:45:25.406+0000] {logging_mixin.py:151} INFO - [2023-10-18T02:45:25.405+0000] {dag.py:3722} INFO - Setting next_dagrun for example_external_task_marker_parent to None, run_after=None
[2023-10-18T02:45:25.414+0000] {processor.py:179} INFO - Processing /home/airflow/.local/lib/python3.8/site-packages/airflow/example_dags/example_external_task_marker_dag.py took 0.043 seconds
[2023-10-18T02:45:55.602+0000] {processor.py:157} INFO - Started process (PID=2782) to work on /home/airflow/.local/lib/python3.8/site-packages/airflow/example_dags/example_external_task_marker_dag.py
[2023-10-18T02:45:55.603+0000] {processor.py:829} INFO - Processing file /home/airflow/.local/lib/python3.8/site-packages/airflow/example_dags/example_external_task_marker_dag.py for tasks to queue
[2023-10-18T02:45:55.604+0000] {logging_mixin.py:151} INFO - [2023-10-18T02:45:55.603+0000] {dagbag.py:536} INFO - Filling up the DagBag from /home/airflow/.local/lib/python3.8/site-packages/airflow/example_dags/example_external_task_marker_dag.py
[2023-10-18T02:45:55.607+0000] {processor.py:839} INFO - DAG(s) dict_keys(['example_external_task_marker_parent', 'example_external_task_marker_child']) retrieved from /home/airflow/.local/lib/python3.8/site-packages/airflow/example_dags/example_external_task_marker_dag.py
[2023-10-18T02:45:55.629+0000] {logging_mixin.py:151} INFO - [2023-10-18T02:45:55.629+0000] {dag.py:2941} INFO - Sync 2 DAGs
[2023-10-18T02:45:55.636+0000] {logging_mixin.py:151} INFO - [2023-10-18T02:45:55.636+0000] {dag.py:3722} INFO - Setting next_dagrun for example_external_task_marker_child to None, run_after=None
[2023-10-18T02:45:55.639+0000] {logging_mixin.py:151} INFO - [2023-10-18T02:45:55.638+0000] {dag.py:3722} INFO - Setting next_dagrun for example_external_task_marker_parent to None, run_after=None
[2023-10-18T02:45:55.647+0000] {processor.py:179} INFO - Processing /home/airflow/.local/lib/python3.8/site-packages/airflow/example_dags/example_external_task_marker_dag.py took 0.047 seconds
[2023-10-18T02:46:26.587+0000] {processor.py:157} INFO - Started process (PID=3018) to work on /home/airflow/.local/lib/python3.8/site-packages/airflow/example_dags/example_external_task_marker_dag.py
[2023-10-18T02:46:26.588+0000] {processor.py:829} INFO - Processing file /home/airflow/.local/lib/python3.8/site-packages/airflow/example_dags/example_external_task_marker_dag.py for tasks to queue
[2023-10-18T02:46:26.588+0000] {logging_mixin.py:151} INFO - [2023-10-18T02:46:26.588+0000] {dagbag.py:536} INFO - Filling up the DagBag from /home/airflow/.local/lib/python3.8/site-packages/airflow/example_dags/example_external_task_marker_dag.py
[2023-10-18T02:46:26.593+0000] {processor.py:839} INFO - DAG(s) dict_keys(['example_external_task_marker_child', 'example_external_task_marker_parent']) retrieved from /home/airflow/.local/lib/python3.8/site-packages/airflow/example_dags/example_external_task_marker_dag.py
[2023-10-18T02:46:26.615+0000] {logging_mixin.py:151} INFO - [2023-10-18T02:46:26.615+0000] {dag.py:2941} INFO - Sync 2 DAGs
[2023-10-18T02:46:26.623+0000] {logging_mixin.py:151} INFO - [2023-10-18T02:46:26.623+0000] {dag.py:3722} INFO - Setting next_dagrun for example_external_task_marker_child to None, run_after=None
[2023-10-18T02:46:26.626+0000] {logging_mixin.py:151} INFO - [2023-10-18T02:46:26.625+0000] {dag.py:3722} INFO - Setting next_dagrun for example_external_task_marker_parent to None, run_after=None
[2023-10-18T02:46:26.644+0000] {processor.py:179} INFO - Processing /home/airflow/.local/lib/python3.8/site-packages/airflow/example_dags/example_external_task_marker_dag.py took 0.060 seconds
[2023-10-18T02:46:56.709+0000] {processor.py:157} INFO - Started process (PID=3258) to work on /home/airflow/.local/lib/python3.8/site-packages/airflow/example_dags/example_external_task_marker_dag.py
[2023-10-18T02:46:56.710+0000] {processor.py:829} INFO - Processing file /home/airflow/.local/lib/python3.8/site-packages/airflow/example_dags/example_external_task_marker_dag.py for tasks to queue
[2023-10-18T02:46:56.711+0000] {logging_mixin.py:151} INFO - [2023-10-18T02:46:56.710+0000] {dagbag.py:536} INFO - Filling up the DagBag from /home/airflow/.local/lib/python3.8/site-packages/airflow/example_dags/example_external_task_marker_dag.py
[2023-10-18T02:46:56.715+0000] {processor.py:839} INFO - DAG(s) dict_keys(['example_external_task_marker_child', 'example_external_task_marker_parent']) retrieved from /home/airflow/.local/lib/python3.8/site-packages/airflow/example_dags/example_external_task_marker_dag.py
[2023-10-18T02:46:56.733+0000] {logging_mixin.py:151} INFO - [2023-10-18T02:46:56.733+0000] {dag.py:2941} INFO - Sync 2 DAGs
[2023-10-18T02:46:56.740+0000] {logging_mixin.py:151} INFO - [2023-10-18T02:46:56.740+0000] {dag.py:3722} INFO - Setting next_dagrun for example_external_task_marker_child to None, run_after=None
[2023-10-18T02:46:56.741+0000] {logging_mixin.py:151} INFO - [2023-10-18T02:46:56.741+0000] {dag.py:3722} INFO - Setting next_dagrun for example_external_task_marker_parent to None, run_after=None
[2023-10-18T02:46:56.749+0000] {processor.py:179} INFO - Processing /home/airflow/.local/lib/python3.8/site-packages/airflow/example_dags/example_external_task_marker_dag.py took 0.041 seconds
[2023-10-18T02:47:27.658+0000] {processor.py:157} INFO - Started process (PID=3494) to work on /home/airflow/.local/lib/python3.8/site-packages/airflow/example_dags/example_external_task_marker_dag.py
[2023-10-18T02:47:27.659+0000] {processor.py:829} INFO - Processing file /home/airflow/.local/lib/python3.8/site-packages/airflow/example_dags/example_external_task_marker_dag.py for tasks to queue
[2023-10-18T02:47:27.659+0000] {logging_mixin.py:151} INFO - [2023-10-18T02:47:27.659+0000] {dagbag.py:536} INFO - Filling up the DagBag from /home/airflow/.local/lib/python3.8/site-packages/airflow/example_dags/example_external_task_marker_dag.py
[2023-10-18T02:47:27.663+0000] {processor.py:839} INFO - DAG(s) dict_keys(['example_external_task_marker_child', 'example_external_task_marker_parent']) retrieved from /home/airflow/.local/lib/python3.8/site-packages/airflow/example_dags/example_external_task_marker_dag.py
[2023-10-18T02:47:27.680+0000] {logging_mixin.py:151} INFO - [2023-10-18T02:47:27.680+0000] {dag.py:2941} INFO - Sync 2 DAGs
[2023-10-18T02:47:27.687+0000] {logging_mixin.py:151} INFO - [2023-10-18T02:47:27.687+0000] {dag.py:3722} INFO - Setting next_dagrun for example_external_task_marker_child to None, run_after=None
[2023-10-18T02:47:27.689+0000] {logging_mixin.py:151} INFO - [2023-10-18T02:47:27.689+0000] {dag.py:3722} INFO - Setting next_dagrun for example_external_task_marker_parent to None, run_after=None
[2023-10-18T02:47:27.697+0000] {processor.py:179} INFO - Processing /home/airflow/.local/lib/python3.8/site-packages/airflow/example_dags/example_external_task_marker_dag.py took 0.041 seconds
[2023-10-18T02:47:57.823+0000] {processor.py:157} INFO - Started process (PID=3732) to work on /home/airflow/.local/lib/python3.8/site-packages/airflow/example_dags/example_external_task_marker_dag.py
[2023-10-18T02:47:57.824+0000] {processor.py:829} INFO - Processing file /home/airflow/.local/lib/python3.8/site-packages/airflow/example_dags/example_external_task_marker_dag.py for tasks to queue
[2023-10-18T02:47:57.825+0000] {logging_mixin.py:151} INFO - [2023-10-18T02:47:57.825+0000] {dagbag.py:536} INFO - Filling up the DagBag from /home/airflow/.local/lib/python3.8/site-packages/airflow/example_dags/example_external_task_marker_dag.py
[2023-10-18T02:47:57.829+0000] {processor.py:839} INFO - DAG(s) dict_keys(['example_external_task_marker_parent', 'example_external_task_marker_child']) retrieved from /home/airflow/.local/lib/python3.8/site-packages/airflow/example_dags/example_external_task_marker_dag.py
[2023-10-18T02:47:57.846+0000] {logging_mixin.py:151} INFO - [2023-10-18T02:47:57.846+0000] {dag.py:2941} INFO - Sync 2 DAGs
[2023-10-18T02:47:57.854+0000] {logging_mixin.py:151} INFO - [2023-10-18T02:47:57.854+0000] {dag.py:3722} INFO - Setting next_dagrun for example_external_task_marker_child to None, run_after=None
[2023-10-18T02:47:57.856+0000] {logging_mixin.py:151} INFO - [2023-10-18T02:47:57.856+0000] {dag.py:3722} INFO - Setting next_dagrun for example_external_task_marker_parent to None, run_after=None
[2023-10-18T02:47:57.865+0000] {processor.py:179} INFO - Processing /home/airflow/.local/lib/python3.8/site-packages/airflow/example_dags/example_external_task_marker_dag.py took 0.044 seconds
[2023-10-18T02:48:27.972+0000] {processor.py:157} INFO - Started process (PID=3970) to work on /home/airflow/.local/lib/python3.8/site-packages/airflow/example_dags/example_external_task_marker_dag.py
[2023-10-18T02:48:27.973+0000] {processor.py:829} INFO - Processing file /home/airflow/.local/lib/python3.8/site-packages/airflow/example_dags/example_external_task_marker_dag.py for tasks to queue
[2023-10-18T02:48:27.973+0000] {logging_mixin.py:151} INFO - [2023-10-18T02:48:27.973+0000] {dagbag.py:536} INFO - Filling up the DagBag from /home/airflow/.local/lib/python3.8/site-packages/airflow/example_dags/example_external_task_marker_dag.py
[2023-10-18T02:48:27.977+0000] {processor.py:839} INFO - DAG(s) dict_keys(['example_external_task_marker_parent', 'example_external_task_marker_child']) retrieved from /home/airflow/.local/lib/python3.8/site-packages/airflow/example_dags/example_external_task_marker_dag.py
[2023-10-18T02:48:27.994+0000] {logging_mixin.py:151} INFO - [2023-10-18T02:48:27.994+0000] {dag.py:2941} INFO - Sync 2 DAGs
[2023-10-18T02:48:28.001+0000] {logging_mixin.py:151} INFO - [2023-10-18T02:48:28.001+0000] {dag.py:3722} INFO - Setting next_dagrun for example_external_task_marker_child to None, run_after=None
[2023-10-18T02:48:28.002+0000] {logging_mixin.py:151} INFO - [2023-10-18T02:48:28.002+0000] {dag.py:3722} INFO - Setting next_dagrun for example_external_task_marker_parent to None, run_after=None
[2023-10-18T02:48:28.010+0000] {processor.py:179} INFO - Processing /home/airflow/.local/lib/python3.8/site-packages/airflow/example_dags/example_external_task_marker_dag.py took 0.040 seconds
[2023-10-18T02:48:58.148+0000] {processor.py:157} INFO - Started process (PID=4208) to work on /home/airflow/.local/lib/python3.8/site-packages/airflow/example_dags/example_external_task_marker_dag.py
[2023-10-18T02:48:58.149+0000] {processor.py:829} INFO - Processing file /home/airflow/.local/lib/python3.8/site-packages/airflow/example_dags/example_external_task_marker_dag.py for tasks to queue
[2023-10-18T02:48:58.149+0000] {logging_mixin.py:151} INFO - [2023-10-18T02:48:58.149+0000] {dagbag.py:536} INFO - Filling up the DagBag from /home/airflow/.local/lib/python3.8/site-packages/airflow/example_dags/example_external_task_marker_dag.py
[2023-10-18T02:48:58.153+0000] {processor.py:839} INFO - DAG(s) dict_keys(['example_external_task_marker_parent', 'example_external_task_marker_child']) retrieved from /home/airflow/.local/lib/python3.8/site-packages/airflow/example_dags/example_external_task_marker_dag.py
[2023-10-18T02:48:58.170+0000] {logging_mixin.py:151} INFO - [2023-10-18T02:48:58.170+0000] {dag.py:2941} INFO - Sync 2 DAGs
[2023-10-18T02:48:58.178+0000] {logging_mixin.py:151} INFO - [2023-10-18T02:48:58.178+0000] {dag.py:3722} INFO - Setting next_dagrun for example_external_task_marker_child to None, run_after=None
[2023-10-18T02:48:58.180+0000] {logging_mixin.py:151} INFO - [2023-10-18T02:48:58.180+0000] {dag.py:3722} INFO - Setting next_dagrun for example_external_task_marker_parent to None, run_after=None
[2023-10-18T02:48:58.189+0000] {processor.py:179} INFO - Processing /home/airflow/.local/lib/python3.8/site-packages/airflow/example_dags/example_external_task_marker_dag.py took 0.043 seconds
[2023-10-18T02:49:28.290+0000] {processor.py:157} INFO - Started process (PID=4446) to work on /home/airflow/.local/lib/python3.8/site-packages/airflow/example_dags/example_external_task_marker_dag.py
[2023-10-18T02:49:28.291+0000] {processor.py:829} INFO - Processing file /home/airflow/.local/lib/python3.8/site-packages/airflow/example_dags/example_external_task_marker_dag.py for tasks to queue
[2023-10-18T02:49:28.291+0000] {logging_mixin.py:151} INFO - [2023-10-18T02:49:28.291+0000] {dagbag.py:536} INFO - Filling up the DagBag from /home/airflow/.local/lib/python3.8/site-packages/airflow/example_dags/example_external_task_marker_dag.py
[2023-10-18T02:49:28.295+0000] {processor.py:839} INFO - DAG(s) dict_keys(['example_external_task_marker_parent', 'example_external_task_marker_child']) retrieved from /home/airflow/.local/lib/python3.8/site-packages/airflow/example_dags/example_external_task_marker_dag.py
[2023-10-18T02:49:28.319+0000] {logging_mixin.py:151} INFO - [2023-10-18T02:49:28.319+0000] {dag.py:2941} INFO - Sync 2 DAGs
[2023-10-18T02:49:28.326+0000] {logging_mixin.py:151} INFO - [2023-10-18T02:49:28.326+0000] {dag.py:3722} INFO - Setting next_dagrun for example_external_task_marker_child to None, run_after=None
[2023-10-18T02:49:28.328+0000] {logging_mixin.py:151} INFO - [2023-10-18T02:49:28.328+0000] {dag.py:3722} INFO - Setting next_dagrun for example_external_task_marker_parent to None, run_after=None
[2023-10-18T02:49:28.337+0000] {processor.py:179} INFO - Processing /home/airflow/.local/lib/python3.8/site-packages/airflow/example_dags/example_external_task_marker_dag.py took 0.050 seconds
[2023-10-18T02:49:58.420+0000] {processor.py:157} INFO - Started process (PID=4684) to work on /home/airflow/.local/lib/python3.8/site-packages/airflow/example_dags/example_external_task_marker_dag.py
[2023-10-18T02:49:58.420+0000] {processor.py:829} INFO - Processing file /home/airflow/.local/lib/python3.8/site-packages/airflow/example_dags/example_external_task_marker_dag.py for tasks to queue
[2023-10-18T02:49:58.421+0000] {logging_mixin.py:151} INFO - [2023-10-18T02:49:58.421+0000] {dagbag.py:536} INFO - Filling up the DagBag from /home/airflow/.local/lib/python3.8/site-packages/airflow/example_dags/example_external_task_marker_dag.py
[2023-10-18T02:49:58.425+0000] {processor.py:839} INFO - DAG(s) dict_keys(['example_external_task_marker_child', 'example_external_task_marker_parent']) retrieved from /home/airflow/.local/lib/python3.8/site-packages/airflow/example_dags/example_external_task_marker_dag.py
[2023-10-18T02:49:58.441+0000] {logging_mixin.py:151} INFO - [2023-10-18T02:49:58.441+0000] {dag.py:2941} INFO - Sync 2 DAGs
[2023-10-18T02:49:58.448+0000] {logging_mixin.py:151} INFO - [2023-10-18T02:49:58.448+0000] {dag.py:3722} INFO - Setting next_dagrun for example_external_task_marker_child to None, run_after=None
[2023-10-18T02:49:58.450+0000] {logging_mixin.py:151} INFO - [2023-10-18T02:49:58.450+0000] {dag.py:3722} INFO - Setting next_dagrun for example_external_task_marker_parent to None, run_after=None
[2023-10-18T02:49:58.457+0000] {processor.py:179} INFO - Processing /home/airflow/.local/lib/python3.8/site-packages/airflow/example_dags/example_external_task_marker_dag.py took 0.040 seconds
[2023-10-18T02:50:28.529+0000] {processor.py:157} INFO - Started process (PID=4923) to work on /home/airflow/.local/lib/python3.8/site-packages/airflow/example_dags/example_external_task_marker_dag.py
[2023-10-18T02:50:28.529+0000] {processor.py:829} INFO - Processing file /home/airflow/.local/lib/python3.8/site-packages/airflow/example_dags/example_external_task_marker_dag.py for tasks to queue
[2023-10-18T02:50:28.530+0000] {logging_mixin.py:151} INFO - [2023-10-18T02:50:28.530+0000] {dagbag.py:536} INFO - Filling up the DagBag from /home/airflow/.local/lib/python3.8/site-packages/airflow/example_dags/example_external_task_marker_dag.py
[2023-10-18T02:50:28.534+0000] {processor.py:839} INFO - DAG(s) dict_keys(['example_external_task_marker_parent', 'example_external_task_marker_child']) retrieved from /home/airflow/.local/lib/python3.8/site-packages/airflow/example_dags/example_external_task_marker_dag.py
[2023-10-18T02:50:28.551+0000] {logging_mixin.py:151} INFO - [2023-10-18T02:50:28.551+0000] {dag.py:2941} INFO - Sync 2 DAGs
[2023-10-18T02:50:28.557+0000] {logging_mixin.py:151} INFO - [2023-10-18T02:50:28.557+0000] {dag.py:3722} INFO - Setting next_dagrun for example_external_task_marker_child to None, run_after=None
[2023-10-18T02:50:28.559+0000] {logging_mixin.py:151} INFO - [2023-10-18T02:50:28.559+0000] {dag.py:3722} INFO - Setting next_dagrun for example_external_task_marker_parent to None, run_after=None
[2023-10-18T02:50:28.567+0000] {processor.py:179} INFO - Processing /home/airflow/.local/lib/python3.8/site-packages/airflow/example_dags/example_external_task_marker_dag.py took 0.042 seconds
[2023-10-18T02:50:58.612+0000] {processor.py:157} INFO - Started process (PID=5156) to work on /home/airflow/.local/lib/python3.8/site-packages/airflow/example_dags/example_external_task_marker_dag.py
[2023-10-18T02:50:58.613+0000] {processor.py:829} INFO - Processing file /home/airflow/.local/lib/python3.8/site-packages/airflow/example_dags/example_external_task_marker_dag.py for tasks to queue
[2023-10-18T02:50:58.613+0000] {logging_mixin.py:151} INFO - [2023-10-18T02:50:58.613+0000] {dagbag.py:536} INFO - Filling up the DagBag from /home/airflow/.local/lib/python3.8/site-packages/airflow/example_dags/example_external_task_marker_dag.py
[2023-10-18T02:50:58.617+0000] {processor.py:839} INFO - DAG(s) dict_keys(['example_external_task_marker_parent', 'example_external_task_marker_child']) retrieved from /home/airflow/.local/lib/python3.8/site-packages/airflow/example_dags/example_external_task_marker_dag.py
[2023-10-18T02:50:58.633+0000] {logging_mixin.py:151} INFO - [2023-10-18T02:50:58.632+0000] {dag.py:2941} INFO - Sync 2 DAGs
[2023-10-18T02:50:58.639+0000] {logging_mixin.py:151} INFO - [2023-10-18T02:50:58.639+0000] {dag.py:3722} INFO - Setting next_dagrun for example_external_task_marker_child to None, run_after=None
[2023-10-18T02:50:58.641+0000] {logging_mixin.py:151} INFO - [2023-10-18T02:50:58.641+0000] {dag.py:3722} INFO - Setting next_dagrun for example_external_task_marker_parent to None, run_after=None
[2023-10-18T02:50:58.648+0000] {processor.py:179} INFO - Processing /home/airflow/.local/lib/python3.8/site-packages/airflow/example_dags/example_external_task_marker_dag.py took 0.038 seconds
[2023-10-18T02:51:28.758+0000] {processor.py:157} INFO - Started process (PID=5394) to work on /home/airflow/.local/lib/python3.8/site-packages/airflow/example_dags/example_external_task_marker_dag.py
[2023-10-18T02:51:28.759+0000] {processor.py:829} INFO - Processing file /home/airflow/.local/lib/python3.8/site-packages/airflow/example_dags/example_external_task_marker_dag.py for tasks to queue
[2023-10-18T02:51:28.760+0000] {logging_mixin.py:151} INFO - [2023-10-18T02:51:28.759+0000] {dagbag.py:536} INFO - Filling up the DagBag from /home/airflow/.local/lib/python3.8/site-packages/airflow/example_dags/example_external_task_marker_dag.py
[2023-10-18T02:51:28.763+0000] {processor.py:839} INFO - DAG(s) dict_keys(['example_external_task_marker_parent', 'example_external_task_marker_child']) retrieved from /home/airflow/.local/lib/python3.8/site-packages/airflow/example_dags/example_external_task_marker_dag.py
[2023-10-18T02:51:28.780+0000] {logging_mixin.py:151} INFO - [2023-10-18T02:51:28.780+0000] {dag.py:2941} INFO - Sync 2 DAGs
[2023-10-18T02:51:28.787+0000] {logging_mixin.py:151} INFO - [2023-10-18T02:51:28.787+0000] {dag.py:3722} INFO - Setting next_dagrun for example_external_task_marker_child to None, run_after=None
[2023-10-18T02:51:28.789+0000] {logging_mixin.py:151} INFO - [2023-10-18T02:51:28.789+0000] {dag.py:3722} INFO - Setting next_dagrun for example_external_task_marker_parent to None, run_after=None
[2023-10-18T02:51:28.797+0000] {processor.py:179} INFO - Processing /home/airflow/.local/lib/python3.8/site-packages/airflow/example_dags/example_external_task_marker_dag.py took 0.041 seconds
[2023-10-18T02:51:58.904+0000] {processor.py:157} INFO - Started process (PID=5631) to work on /home/airflow/.local/lib/python3.8/site-packages/airflow/example_dags/example_external_task_marker_dag.py
[2023-10-18T02:51:58.905+0000] {processor.py:829} INFO - Processing file /home/airflow/.local/lib/python3.8/site-packages/airflow/example_dags/example_external_task_marker_dag.py for tasks to queue
[2023-10-18T02:51:58.905+0000] {logging_mixin.py:151} INFO - [2023-10-18T02:51:58.905+0000] {dagbag.py:536} INFO - Filling up the DagBag from /home/airflow/.local/lib/python3.8/site-packages/airflow/example_dags/example_external_task_marker_dag.py
[2023-10-18T02:51:58.909+0000] {processor.py:839} INFO - DAG(s) dict_keys(['example_external_task_marker_child', 'example_external_task_marker_parent']) retrieved from /home/airflow/.local/lib/python3.8/site-packages/airflow/example_dags/example_external_task_marker_dag.py
[2023-10-18T02:51:58.928+0000] {logging_mixin.py:151} INFO - [2023-10-18T02:51:58.928+0000] {dag.py:2941} INFO - Sync 2 DAGs
[2023-10-18T02:51:58.935+0000] {logging_mixin.py:151} INFO - [2023-10-18T02:51:58.935+0000] {dag.py:3722} INFO - Setting next_dagrun for example_external_task_marker_child to None, run_after=None
[2023-10-18T02:51:58.937+0000] {logging_mixin.py:151} INFO - [2023-10-18T02:51:58.937+0000] {dag.py:3722} INFO - Setting next_dagrun for example_external_task_marker_parent to None, run_after=None
[2023-10-18T02:51:58.945+0000] {processor.py:179} INFO - Processing /home/airflow/.local/lib/python3.8/site-packages/airflow/example_dags/example_external_task_marker_dag.py took 0.043 seconds
[2023-10-18T02:52:29.933+0000] {processor.py:157} INFO - Started process (PID=5868) to work on /home/airflow/.local/lib/python3.8/site-packages/airflow/example_dags/example_external_task_marker_dag.py
[2023-10-18T02:52:29.934+0000] {processor.py:829} INFO - Processing file /home/airflow/.local/lib/python3.8/site-packages/airflow/example_dags/example_external_task_marker_dag.py for tasks to queue
[2023-10-18T02:52:29.935+0000] {logging_mixin.py:151} INFO - [2023-10-18T02:52:29.935+0000] {dagbag.py:536} INFO - Filling up the DagBag from /home/airflow/.local/lib/python3.8/site-packages/airflow/example_dags/example_external_task_marker_dag.py
[2023-10-18T02:52:29.939+0000] {processor.py:839} INFO - DAG(s) dict_keys(['example_external_task_marker_parent', 'example_external_task_marker_child']) retrieved from /home/airflow/.local/lib/python3.8/site-packages/airflow/example_dags/example_external_task_marker_dag.py
[2023-10-18T02:52:29.957+0000] {logging_mixin.py:151} INFO - [2023-10-18T02:52:29.957+0000] {dag.py:2941} INFO - Sync 2 DAGs
[2023-10-18T02:52:29.965+0000] {logging_mixin.py:151} INFO - [2023-10-18T02:52:29.965+0000] {dag.py:3722} INFO - Setting next_dagrun for example_external_task_marker_child to None, run_after=None
[2023-10-18T02:52:29.967+0000] {logging_mixin.py:151} INFO - [2023-10-18T02:52:29.967+0000] {dag.py:3722} INFO - Setting next_dagrun for example_external_task_marker_parent to None, run_after=None
[2023-10-18T02:52:29.976+0000] {processor.py:179} INFO - Processing /home/airflow/.local/lib/python3.8/site-packages/airflow/example_dags/example_external_task_marker_dag.py took 0.044 seconds
[2023-10-18T02:53:00.067+0000] {processor.py:157} INFO - Started process (PID=6106) to work on /home/airflow/.local/lib/python3.8/site-packages/airflow/example_dags/example_external_task_marker_dag.py
[2023-10-18T02:53:00.067+0000] {processor.py:829} INFO - Processing file /home/airflow/.local/lib/python3.8/site-packages/airflow/example_dags/example_external_task_marker_dag.py for tasks to queue
[2023-10-18T02:53:00.068+0000] {logging_mixin.py:151} INFO - [2023-10-18T02:53:00.068+0000] {dagbag.py:536} INFO - Filling up the DagBag from /home/airflow/.local/lib/python3.8/site-packages/airflow/example_dags/example_external_task_marker_dag.py
[2023-10-18T02:53:00.072+0000] {processor.py:839} INFO - DAG(s) dict_keys(['example_external_task_marker_parent', 'example_external_task_marker_child']) retrieved from /home/airflow/.local/lib/python3.8/site-packages/airflow/example_dags/example_external_task_marker_dag.py
[2023-10-18T02:53:00.089+0000] {logging_mixin.py:151} INFO - [2023-10-18T02:53:00.089+0000] {dag.py:2941} INFO - Sync 2 DAGs
[2023-10-18T02:53:00.096+0000] {logging_mixin.py:151} INFO - [2023-10-18T02:53:00.096+0000] {dag.py:3722} INFO - Setting next_dagrun for example_external_task_marker_child to None, run_after=None
[2023-10-18T02:53:00.098+0000] {logging_mixin.py:151} INFO - [2023-10-18T02:53:00.098+0000] {dag.py:3722} INFO - Setting next_dagrun for example_external_task_marker_parent to None, run_after=None
[2023-10-18T02:53:00.106+0000] {processor.py:179} INFO - Processing /home/airflow/.local/lib/python3.8/site-packages/airflow/example_dags/example_external_task_marker_dag.py took 0.041 seconds
[2023-10-18T02:53:30.189+0000] {processor.py:157} INFO - Started process (PID=6344) to work on /home/airflow/.local/lib/python3.8/site-packages/airflow/example_dags/example_external_task_marker_dag.py
[2023-10-18T02:53:30.190+0000] {processor.py:829} INFO - Processing file /home/airflow/.local/lib/python3.8/site-packages/airflow/example_dags/example_external_task_marker_dag.py for tasks to queue
[2023-10-18T02:53:30.190+0000] {logging_mixin.py:151} INFO - [2023-10-18T02:53:30.190+0000] {dagbag.py:536} INFO - Filling up the DagBag from /home/airflow/.local/lib/python3.8/site-packages/airflow/example_dags/example_external_task_marker_dag.py
[2023-10-18T02:53:30.194+0000] {processor.py:839} INFO - DAG(s) dict_keys(['example_external_task_marker_child', 'example_external_task_marker_parent']) retrieved from /home/airflow/.local/lib/python3.8/site-packages/airflow/example_dags/example_external_task_marker_dag.py
[2023-10-18T02:53:30.210+0000] {logging_mixin.py:151} INFO - [2023-10-18T02:53:30.210+0000] {dag.py:2941} INFO - Sync 2 DAGs
[2023-10-18T02:53:30.217+0000] {logging_mixin.py:151} INFO - [2023-10-18T02:53:30.217+0000] {dag.py:3722} INFO - Setting next_dagrun for example_external_task_marker_child to None, run_after=None
[2023-10-18T02:53:30.219+0000] {logging_mixin.py:151} INFO - [2023-10-18T02:53:30.219+0000] {dag.py:3722} INFO - Setting next_dagrun for example_external_task_marker_parent to None, run_after=None
[2023-10-18T02:53:30.228+0000] {processor.py:179} INFO - Processing /home/airflow/.local/lib/python3.8/site-packages/airflow/example_dags/example_external_task_marker_dag.py took 0.042 seconds
[2023-10-18T02:54:01.224+0000] {processor.py:157} INFO - Started process (PID=6582) to work on /home/airflow/.local/lib/python3.8/site-packages/airflow/example_dags/example_external_task_marker_dag.py
[2023-10-18T02:54:01.225+0000] {processor.py:829} INFO - Processing file /home/airflow/.local/lib/python3.8/site-packages/airflow/example_dags/example_external_task_marker_dag.py for tasks to queue
[2023-10-18T02:54:01.225+0000] {logging_mixin.py:151} INFO - [2023-10-18T02:54:01.225+0000] {dagbag.py:536} INFO - Filling up the DagBag from /home/airflow/.local/lib/python3.8/site-packages/airflow/example_dags/example_external_task_marker_dag.py
[2023-10-18T02:54:01.230+0000] {processor.py:839} INFO - DAG(s) dict_keys(['example_external_task_marker_child', 'example_external_task_marker_parent']) retrieved from /home/airflow/.local/lib/python3.8/site-packages/airflow/example_dags/example_external_task_marker_dag.py
[2023-10-18T02:54:01.258+0000] {logging_mixin.py:151} INFO - [2023-10-18T02:54:01.258+0000] {dag.py:2941} INFO - Sync 2 DAGs
[2023-10-18T02:54:01.268+0000] {logging_mixin.py:151} INFO - [2023-10-18T02:54:01.268+0000] {dag.py:3722} INFO - Setting next_dagrun for example_external_task_marker_child to None, run_after=None
[2023-10-18T02:54:01.270+0000] {logging_mixin.py:151} INFO - [2023-10-18T02:54:01.270+0000] {dag.py:3722} INFO - Setting next_dagrun for example_external_task_marker_parent to None, run_after=None
[2023-10-18T02:54:01.281+0000] {processor.py:179} INFO - Processing /home/airflow/.local/lib/python3.8/site-packages/airflow/example_dags/example_external_task_marker_dag.py took 0.060 seconds
