[2023-10-18T02:40:51.707+0000] {processor.py:157} INFO - Started process (PID=311) to work on /home/airflow/.local/lib/python3.8/site-packages/airflow/example_dags/example_branch_labels.py
[2023-10-18T02:40:51.708+0000] {processor.py:829} INFO - Processing file /home/airflow/.local/lib/python3.8/site-packages/airflow/example_dags/example_branch_labels.py for tasks to queue
[2023-10-18T02:40:51.708+0000] {logging_mixin.py:151} INFO - [2023-10-18T02:40:51.708+0000] {dagbag.py:536} INFO - Filling up the DagBag from /home/airflow/.local/lib/python3.8/site-packages/airflow/example_dags/example_branch_labels.py
[2023-10-18T02:40:51.714+0000] {processor.py:839} INFO - DAG(s) dict_keys(['example_branch_labels']) retrieved from /home/airflow/.local/lib/python3.8/site-packages/airflow/example_dags/example_branch_labels.py
[2023-10-18T02:40:51.723+0000] {logging_mixin.py:151} INFO - [2023-10-18T02:40:51.723+0000] {dag.py:2941} INFO - Sync 1 DAGs
[2023-10-18T02:40:51.736+0000] {logging_mixin.py:151} INFO - [2023-10-18T02:40:51.736+0000] {dag.py:3722} INFO - Setting next_dagrun for example_branch_labels to 2023-10-17T00:00:00+00:00, run_after=2023-10-18T00:00:00+00:00
[2023-10-18T02:40:51.745+0000] {processor.py:179} INFO - Processing /home/airflow/.local/lib/python3.8/site-packages/airflow/example_dags/example_branch_labels.py took 0.040 seconds
[2023-10-18T02:41:22.247+0000] {processor.py:157} INFO - Started process (PID=549) to work on /home/airflow/.local/lib/python3.8/site-packages/airflow/example_dags/example_branch_labels.py
[2023-10-18T02:41:22.248+0000] {processor.py:829} INFO - Processing file /home/airflow/.local/lib/python3.8/site-packages/airflow/example_dags/example_branch_labels.py for tasks to queue
[2023-10-18T02:41:22.249+0000] {logging_mixin.py:151} INFO - [2023-10-18T02:41:22.248+0000] {dagbag.py:536} INFO - Filling up the DagBag from /home/airflow/.local/lib/python3.8/site-packages/airflow/example_dags/example_branch_labels.py
[2023-10-18T02:41:22.253+0000] {processor.py:839} INFO - DAG(s) dict_keys(['example_branch_labels']) retrieved from /home/airflow/.local/lib/python3.8/site-packages/airflow/example_dags/example_branch_labels.py
[2023-10-18T02:41:22.268+0000] {logging_mixin.py:151} INFO - [2023-10-18T02:41:22.268+0000] {dag.py:2941} INFO - Sync 1 DAGs
[2023-10-18T02:41:22.279+0000] {logging_mixin.py:151} INFO - [2023-10-18T02:41:22.279+0000] {dag.py:3722} INFO - Setting next_dagrun for example_branch_labels to 2023-10-17T00:00:00+00:00, run_after=2023-10-18T00:00:00+00:00
[2023-10-18T02:41:22.287+0000] {processor.py:179} INFO - Processing /home/airflow/.local/lib/python3.8/site-packages/airflow/example_dags/example_branch_labels.py took 0.041 seconds
[2023-10-18T02:41:52.452+0000] {processor.py:157} INFO - Started process (PID=787) to work on /home/airflow/.local/lib/python3.8/site-packages/airflow/example_dags/example_branch_labels.py
[2023-10-18T02:41:52.453+0000] {processor.py:829} INFO - Processing file /home/airflow/.local/lib/python3.8/site-packages/airflow/example_dags/example_branch_labels.py for tasks to queue
[2023-10-18T02:41:52.453+0000] {logging_mixin.py:151} INFO - [2023-10-18T02:41:52.453+0000] {dagbag.py:536} INFO - Filling up the DagBag from /home/airflow/.local/lib/python3.8/site-packages/airflow/example_dags/example_branch_labels.py
[2023-10-18T02:41:52.458+0000] {processor.py:839} INFO - DAG(s) dict_keys(['example_branch_labels']) retrieved from /home/airflow/.local/lib/python3.8/site-packages/airflow/example_dags/example_branch_labels.py
[2023-10-18T02:41:52.473+0000] {logging_mixin.py:151} INFO - [2023-10-18T02:41:52.472+0000] {dag.py:2941} INFO - Sync 1 DAGs
[2023-10-18T02:41:52.484+0000] {logging_mixin.py:151} INFO - [2023-10-18T02:41:52.484+0000] {dag.py:3722} INFO - Setting next_dagrun for example_branch_labels to 2023-10-17T00:00:00+00:00, run_after=2023-10-18T00:00:00+00:00
[2023-10-18T02:41:52.493+0000] {processor.py:179} INFO - Processing /home/airflow/.local/lib/python3.8/site-packages/airflow/example_dags/example_branch_labels.py took 0.043 seconds
[2023-10-18T02:42:22.520+0000] {processor.py:157} INFO - Started process (PID=1020) to work on /home/airflow/.local/lib/python3.8/site-packages/airflow/example_dags/example_branch_labels.py
[2023-10-18T02:42:22.520+0000] {processor.py:829} INFO - Processing file /home/airflow/.local/lib/python3.8/site-packages/airflow/example_dags/example_branch_labels.py for tasks to queue
[2023-10-18T02:42:22.521+0000] {logging_mixin.py:151} INFO - [2023-10-18T02:42:22.521+0000] {dagbag.py:536} INFO - Filling up the DagBag from /home/airflow/.local/lib/python3.8/site-packages/airflow/example_dags/example_branch_labels.py
[2023-10-18T02:42:22.526+0000] {processor.py:839} INFO - DAG(s) dict_keys(['example_branch_labels']) retrieved from /home/airflow/.local/lib/python3.8/site-packages/airflow/example_dags/example_branch_labels.py
[2023-10-18T02:42:22.542+0000] {logging_mixin.py:151} INFO - [2023-10-18T02:42:22.542+0000] {dag.py:2941} INFO - Sync 1 DAGs
[2023-10-18T02:42:22.557+0000] {logging_mixin.py:151} INFO - [2023-10-18T02:42:22.557+0000] {dag.py:3722} INFO - Setting next_dagrun for example_branch_labels to 2023-10-17T00:00:00+00:00, run_after=2023-10-18T00:00:00+00:00
[2023-10-18T02:42:22.568+0000] {processor.py:179} INFO - Processing /home/airflow/.local/lib/python3.8/site-packages/airflow/example_dags/example_branch_labels.py took 0.051 seconds
[2023-10-18T02:42:53.417+0000] {processor.py:157} INFO - Started process (PID=1311) to work on /home/airflow/.local/lib/python3.8/site-packages/airflow/example_dags/example_branch_labels.py
[2023-10-18T02:42:53.418+0000] {processor.py:829} INFO - Processing file /home/airflow/.local/lib/python3.8/site-packages/airflow/example_dags/example_branch_labels.py for tasks to queue
[2023-10-18T02:42:53.419+0000] {logging_mixin.py:151} INFO - [2023-10-18T02:42:53.418+0000] {dagbag.py:536} INFO - Filling up the DagBag from /home/airflow/.local/lib/python3.8/site-packages/airflow/example_dags/example_branch_labels.py
[2023-10-18T02:42:53.423+0000] {processor.py:839} INFO - DAG(s) dict_keys(['example_branch_labels']) retrieved from /home/airflow/.local/lib/python3.8/site-packages/airflow/example_dags/example_branch_labels.py
[2023-10-18T02:42:53.439+0000] {logging_mixin.py:151} INFO - [2023-10-18T02:42:53.439+0000] {dag.py:2941} INFO - Sync 1 DAGs
[2023-10-18T02:42:53.451+0000] {logging_mixin.py:151} INFO - [2023-10-18T02:42:53.450+0000] {dag.py:3722} INFO - Setting next_dagrun for example_branch_labels to 2023-10-17T00:00:00+00:00, run_after=2023-10-18T00:00:00+00:00
[2023-10-18T02:42:53.459+0000] {processor.py:179} INFO - Processing /home/airflow/.local/lib/python3.8/site-packages/airflow/example_dags/example_branch_labels.py took 0.044 seconds
[2023-10-18T02:43:23.589+0000] {processor.py:157} INFO - Started process (PID=1549) to work on /home/airflow/.local/lib/python3.8/site-packages/airflow/example_dags/example_branch_labels.py
[2023-10-18T02:43:23.589+0000] {processor.py:829} INFO - Processing file /home/airflow/.local/lib/python3.8/site-packages/airflow/example_dags/example_branch_labels.py for tasks to queue
[2023-10-18T02:43:23.590+0000] {logging_mixin.py:151} INFO - [2023-10-18T02:43:23.590+0000] {dagbag.py:536} INFO - Filling up the DagBag from /home/airflow/.local/lib/python3.8/site-packages/airflow/example_dags/example_branch_labels.py
[2023-10-18T02:43:23.594+0000] {processor.py:839} INFO - DAG(s) dict_keys(['example_branch_labels']) retrieved from /home/airflow/.local/lib/python3.8/site-packages/airflow/example_dags/example_branch_labels.py
[2023-10-18T02:43:23.610+0000] {logging_mixin.py:151} INFO - [2023-10-18T02:43:23.609+0000] {dag.py:2941} INFO - Sync 1 DAGs
[2023-10-18T02:43:23.622+0000] {logging_mixin.py:151} INFO - [2023-10-18T02:43:23.622+0000] {dag.py:3722} INFO - Setting next_dagrun for example_branch_labels to 2023-10-17T00:00:00+00:00, run_after=2023-10-18T00:00:00+00:00
[2023-10-18T02:43:23.634+0000] {processor.py:179} INFO - Processing /home/airflow/.local/lib/python3.8/site-packages/airflow/example_dags/example_branch_labels.py took 0.047 seconds
[2023-10-18T02:43:53.706+0000] {processor.py:157} INFO - Started process (PID=1781) to work on /home/airflow/.local/lib/python3.8/site-packages/airflow/example_dags/example_branch_labels.py
[2023-10-18T02:43:53.707+0000] {processor.py:829} INFO - Processing file /home/airflow/.local/lib/python3.8/site-packages/airflow/example_dags/example_branch_labels.py for tasks to queue
[2023-10-18T02:43:53.708+0000] {logging_mixin.py:151} INFO - [2023-10-18T02:43:53.708+0000] {dagbag.py:536} INFO - Filling up the DagBag from /home/airflow/.local/lib/python3.8/site-packages/airflow/example_dags/example_branch_labels.py
[2023-10-18T02:43:53.713+0000] {processor.py:839} INFO - DAG(s) dict_keys(['example_branch_labels']) retrieved from /home/airflow/.local/lib/python3.8/site-packages/airflow/example_dags/example_branch_labels.py
[2023-10-18T02:43:53.729+0000] {logging_mixin.py:151} INFO - [2023-10-18T02:43:53.728+0000] {dag.py:2941} INFO - Sync 1 DAGs
[2023-10-18T02:43:53.741+0000] {logging_mixin.py:151} INFO - [2023-10-18T02:43:53.741+0000] {dag.py:3722} INFO - Setting next_dagrun for example_branch_labels to 2023-10-17T00:00:00+00:00, run_after=2023-10-18T00:00:00+00:00
[2023-10-18T02:43:53.751+0000] {processor.py:179} INFO - Processing /home/airflow/.local/lib/python3.8/site-packages/airflow/example_dags/example_branch_labels.py took 0.046 seconds
[2023-10-18T02:44:24.622+0000] {processor.py:157} INFO - Started process (PID=2025) to work on /home/airflow/.local/lib/python3.8/site-packages/airflow/example_dags/example_branch_labels.py
[2023-10-18T02:44:24.622+0000] {processor.py:829} INFO - Processing file /home/airflow/.local/lib/python3.8/site-packages/airflow/example_dags/example_branch_labels.py for tasks to queue
[2023-10-18T02:44:24.623+0000] {logging_mixin.py:151} INFO - [2023-10-18T02:44:24.623+0000] {dagbag.py:536} INFO - Filling up the DagBag from /home/airflow/.local/lib/python3.8/site-packages/airflow/example_dags/example_branch_labels.py
[2023-10-18T02:44:24.627+0000] {processor.py:839} INFO - DAG(s) dict_keys(['example_branch_labels']) retrieved from /home/airflow/.local/lib/python3.8/site-packages/airflow/example_dags/example_branch_labels.py
[2023-10-18T02:44:24.642+0000] {logging_mixin.py:151} INFO - [2023-10-18T02:44:24.642+0000] {dag.py:2941} INFO - Sync 1 DAGs
[2023-10-18T02:44:24.654+0000] {logging_mixin.py:151} INFO - [2023-10-18T02:44:24.654+0000] {dag.py:3722} INFO - Setting next_dagrun for example_branch_labels to 2023-10-17T00:00:00+00:00, run_after=2023-10-18T00:00:00+00:00
[2023-10-18T02:44:24.663+0000] {processor.py:179} INFO - Processing /home/airflow/.local/lib/python3.8/site-packages/airflow/example_dags/example_branch_labels.py took 0.043 seconds
[2023-10-18T02:44:54.730+0000] {processor.py:157} INFO - Started process (PID=2259) to work on /home/airflow/.local/lib/python3.8/site-packages/airflow/example_dags/example_branch_labels.py
[2023-10-18T02:44:54.730+0000] {processor.py:829} INFO - Processing file /home/airflow/.local/lib/python3.8/site-packages/airflow/example_dags/example_branch_labels.py for tasks to queue
[2023-10-18T02:44:54.731+0000] {logging_mixin.py:151} INFO - [2023-10-18T02:44:54.731+0000] {dagbag.py:536} INFO - Filling up the DagBag from /home/airflow/.local/lib/python3.8/site-packages/airflow/example_dags/example_branch_labels.py
[2023-10-18T02:44:54.736+0000] {processor.py:839} INFO - DAG(s) dict_keys(['example_branch_labels']) retrieved from /home/airflow/.local/lib/python3.8/site-packages/airflow/example_dags/example_branch_labels.py
[2023-10-18T02:44:54.751+0000] {logging_mixin.py:151} INFO - [2023-10-18T02:44:54.751+0000] {dag.py:2941} INFO - Sync 1 DAGs
[2023-10-18T02:44:54.762+0000] {logging_mixin.py:151} INFO - [2023-10-18T02:44:54.762+0000] {dag.py:3722} INFO - Setting next_dagrun for example_branch_labels to 2023-10-17T00:00:00+00:00, run_after=2023-10-18T00:00:00+00:00
[2023-10-18T02:44:54.770+0000] {processor.py:179} INFO - Processing /home/airflow/.local/lib/python3.8/site-packages/airflow/example_dags/example_branch_labels.py took 0.043 seconds
[2023-10-18T02:45:24.999+0000] {processor.py:157} INFO - Started process (PID=2497) to work on /home/airflow/.local/lib/python3.8/site-packages/airflow/example_dags/example_branch_labels.py
[2023-10-18T02:45:24.999+0000] {processor.py:829} INFO - Processing file /home/airflow/.local/lib/python3.8/site-packages/airflow/example_dags/example_branch_labels.py for tasks to queue
[2023-10-18T02:45:25.000+0000] {logging_mixin.py:151} INFO - [2023-10-18T02:45:25.000+0000] {dagbag.py:536} INFO - Filling up the DagBag from /home/airflow/.local/lib/python3.8/site-packages/airflow/example_dags/example_branch_labels.py
[2023-10-18T02:45:25.006+0000] {processor.py:839} INFO - DAG(s) dict_keys(['example_branch_labels']) retrieved from /home/airflow/.local/lib/python3.8/site-packages/airflow/example_dags/example_branch_labels.py
[2023-10-18T02:45:25.022+0000] {logging_mixin.py:151} INFO - [2023-10-18T02:45:25.022+0000] {dag.py:2941} INFO - Sync 1 DAGs
[2023-10-18T02:45:25.034+0000] {logging_mixin.py:151} INFO - [2023-10-18T02:45:25.034+0000] {dag.py:3722} INFO - Setting next_dagrun for example_branch_labels to 2023-10-17T00:00:00+00:00, run_after=2023-10-18T00:00:00+00:00
[2023-10-18T02:45:25.044+0000] {processor.py:179} INFO - Processing /home/airflow/.local/lib/python3.8/site-packages/airflow/example_dags/example_branch_labels.py took 0.047 seconds
[2023-10-18T02:45:55.131+0000] {processor.py:157} INFO - Started process (PID=2737) to work on /home/airflow/.local/lib/python3.8/site-packages/airflow/example_dags/example_branch_labels.py
[2023-10-18T02:45:55.131+0000] {processor.py:829} INFO - Processing file /home/airflow/.local/lib/python3.8/site-packages/airflow/example_dags/example_branch_labels.py for tasks to queue
[2023-10-18T02:45:55.132+0000] {logging_mixin.py:151} INFO - [2023-10-18T02:45:55.132+0000] {dagbag.py:536} INFO - Filling up the DagBag from /home/airflow/.local/lib/python3.8/site-packages/airflow/example_dags/example_branch_labels.py
[2023-10-18T02:45:55.137+0000] {processor.py:839} INFO - DAG(s) dict_keys(['example_branch_labels']) retrieved from /home/airflow/.local/lib/python3.8/site-packages/airflow/example_dags/example_branch_labels.py
[2023-10-18T02:45:55.153+0000] {logging_mixin.py:151} INFO - [2023-10-18T02:45:55.153+0000] {dag.py:2941} INFO - Sync 1 DAGs
[2023-10-18T02:45:55.165+0000] {logging_mixin.py:151} INFO - [2023-10-18T02:45:55.165+0000] {dag.py:3722} INFO - Setting next_dagrun for example_branch_labels to 2023-10-17T00:00:00+00:00, run_after=2023-10-18T00:00:00+00:00
[2023-10-18T02:45:55.175+0000] {processor.py:179} INFO - Processing /home/airflow/.local/lib/python3.8/site-packages/airflow/example_dags/example_branch_labels.py took 0.046 seconds
[2023-10-18T02:46:26.241+0000] {processor.py:157} INFO - Started process (PID=2978) to work on /home/airflow/.local/lib/python3.8/site-packages/airflow/example_dags/example_branch_labels.py
[2023-10-18T02:46:26.242+0000] {processor.py:829} INFO - Processing file /home/airflow/.local/lib/python3.8/site-packages/airflow/example_dags/example_branch_labels.py for tasks to queue
[2023-10-18T02:46:26.243+0000] {logging_mixin.py:151} INFO - [2023-10-18T02:46:26.242+0000] {dagbag.py:536} INFO - Filling up the DagBag from /home/airflow/.local/lib/python3.8/site-packages/airflow/example_dags/example_branch_labels.py
[2023-10-18T02:46:26.248+0000] {processor.py:839} INFO - DAG(s) dict_keys(['example_branch_labels']) retrieved from /home/airflow/.local/lib/python3.8/site-packages/airflow/example_dags/example_branch_labels.py
[2023-10-18T02:46:26.263+0000] {logging_mixin.py:151} INFO - [2023-10-18T02:46:26.263+0000] {dag.py:2941} INFO - Sync 1 DAGs
[2023-10-18T02:46:26.275+0000] {logging_mixin.py:151} INFO - [2023-10-18T02:46:26.275+0000] {dag.py:3722} INFO - Setting next_dagrun for example_branch_labels to 2023-10-17T00:00:00+00:00, run_after=2023-10-18T00:00:00+00:00
[2023-10-18T02:46:26.283+0000] {processor.py:179} INFO - Processing /home/airflow/.local/lib/python3.8/site-packages/airflow/example_dags/example_branch_labels.py took 0.044 seconds
[2023-10-18T02:46:56.344+0000] {processor.py:157} INFO - Started process (PID=3211) to work on /home/airflow/.local/lib/python3.8/site-packages/airflow/example_dags/example_branch_labels.py
[2023-10-18T02:46:56.346+0000] {processor.py:829} INFO - Processing file /home/airflow/.local/lib/python3.8/site-packages/airflow/example_dags/example_branch_labels.py for tasks to queue
[2023-10-18T02:46:56.347+0000] {logging_mixin.py:151} INFO - [2023-10-18T02:46:56.347+0000] {dagbag.py:536} INFO - Filling up the DagBag from /home/airflow/.local/lib/python3.8/site-packages/airflow/example_dags/example_branch_labels.py
[2023-10-18T02:46:56.352+0000] {processor.py:839} INFO - DAG(s) dict_keys(['example_branch_labels']) retrieved from /home/airflow/.local/lib/python3.8/site-packages/airflow/example_dags/example_branch_labels.py
[2023-10-18T02:46:56.366+0000] {logging_mixin.py:151} INFO - [2023-10-18T02:46:56.366+0000] {dag.py:2941} INFO - Sync 1 DAGs
[2023-10-18T02:46:56.377+0000] {logging_mixin.py:151} INFO - [2023-10-18T02:46:56.377+0000] {dag.py:3722} INFO - Setting next_dagrun for example_branch_labels to 2023-10-17T00:00:00+00:00, run_after=2023-10-18T00:00:00+00:00
[2023-10-18T02:46:56.385+0000] {processor.py:179} INFO - Processing /home/airflow/.local/lib/python3.8/site-packages/airflow/example_dags/example_branch_labels.py took 0.043 seconds
[2023-10-18T02:47:27.365+0000] {processor.py:157} INFO - Started process (PID=3454) to work on /home/airflow/.local/lib/python3.8/site-packages/airflow/example_dags/example_branch_labels.py
[2023-10-18T02:47:27.366+0000] {processor.py:829} INFO - Processing file /home/airflow/.local/lib/python3.8/site-packages/airflow/example_dags/example_branch_labels.py for tasks to queue
[2023-10-18T02:47:27.367+0000] {logging_mixin.py:151} INFO - [2023-10-18T02:47:27.366+0000] {dagbag.py:536} INFO - Filling up the DagBag from /home/airflow/.local/lib/python3.8/site-packages/airflow/example_dags/example_branch_labels.py
[2023-10-18T02:47:27.371+0000] {processor.py:839} INFO - DAG(s) dict_keys(['example_branch_labels']) retrieved from /home/airflow/.local/lib/python3.8/site-packages/airflow/example_dags/example_branch_labels.py
[2023-10-18T02:47:27.387+0000] {logging_mixin.py:151} INFO - [2023-10-18T02:47:27.387+0000] {dag.py:2941} INFO - Sync 1 DAGs
[2023-10-18T02:47:27.400+0000] {logging_mixin.py:151} INFO - [2023-10-18T02:47:27.400+0000] {dag.py:3722} INFO - Setting next_dagrun for example_branch_labels to 2023-10-17T00:00:00+00:00, run_after=2023-10-18T00:00:00+00:00
[2023-10-18T02:47:27.409+0000] {processor.py:179} INFO - Processing /home/airflow/.local/lib/python3.8/site-packages/airflow/example_dags/example_branch_labels.py took 0.046 seconds
[2023-10-18T02:47:57.531+0000] {processor.py:157} INFO - Started process (PID=3692) to work on /home/airflow/.local/lib/python3.8/site-packages/airflow/example_dags/example_branch_labels.py
[2023-10-18T02:47:57.532+0000] {processor.py:829} INFO - Processing file /home/airflow/.local/lib/python3.8/site-packages/airflow/example_dags/example_branch_labels.py for tasks to queue
[2023-10-18T02:47:57.533+0000] {logging_mixin.py:151} INFO - [2023-10-18T02:47:57.533+0000] {dagbag.py:536} INFO - Filling up the DagBag from /home/airflow/.local/lib/python3.8/site-packages/airflow/example_dags/example_branch_labels.py
[2023-10-18T02:47:57.537+0000] {processor.py:839} INFO - DAG(s) dict_keys(['example_branch_labels']) retrieved from /home/airflow/.local/lib/python3.8/site-packages/airflow/example_dags/example_branch_labels.py
[2023-10-18T02:47:57.554+0000] {logging_mixin.py:151} INFO - [2023-10-18T02:47:57.554+0000] {dag.py:2941} INFO - Sync 1 DAGs
[2023-10-18T02:47:57.566+0000] {logging_mixin.py:151} INFO - [2023-10-18T02:47:57.566+0000] {dag.py:3722} INFO - Setting next_dagrun for example_branch_labels to 2023-10-17T00:00:00+00:00, run_after=2023-10-18T00:00:00+00:00
[2023-10-18T02:47:57.574+0000] {processor.py:179} INFO - Processing /home/airflow/.local/lib/python3.8/site-packages/airflow/example_dags/example_branch_labels.py took 0.045 seconds
[2023-10-18T02:48:27.614+0000] {processor.py:157} INFO - Started process (PID=3927) to work on /home/airflow/.local/lib/python3.8/site-packages/airflow/example_dags/example_branch_labels.py
[2023-10-18T02:48:27.614+0000] {processor.py:829} INFO - Processing file /home/airflow/.local/lib/python3.8/site-packages/airflow/example_dags/example_branch_labels.py for tasks to queue
[2023-10-18T02:48:27.615+0000] {logging_mixin.py:151} INFO - [2023-10-18T02:48:27.615+0000] {dagbag.py:536} INFO - Filling up the DagBag from /home/airflow/.local/lib/python3.8/site-packages/airflow/example_dags/example_branch_labels.py
[2023-10-18T02:48:27.619+0000] {processor.py:839} INFO - DAG(s) dict_keys(['example_branch_labels']) retrieved from /home/airflow/.local/lib/python3.8/site-packages/airflow/example_dags/example_branch_labels.py
[2023-10-18T02:48:27.634+0000] {logging_mixin.py:151} INFO - [2023-10-18T02:48:27.634+0000] {dag.py:2941} INFO - Sync 1 DAGs
[2023-10-18T02:48:27.646+0000] {logging_mixin.py:151} INFO - [2023-10-18T02:48:27.645+0000] {dag.py:3722} INFO - Setting next_dagrun for example_branch_labels to 2023-10-17T00:00:00+00:00, run_after=2023-10-18T00:00:00+00:00
[2023-10-18T02:48:27.653+0000] {processor.py:179} INFO - Processing /home/airflow/.local/lib/python3.8/site-packages/airflow/example_dags/example_branch_labels.py took 0.042 seconds
[2023-10-18T02:48:57.769+0000] {processor.py:157} INFO - Started process (PID=4163) to work on /home/airflow/.local/lib/python3.8/site-packages/airflow/example_dags/example_branch_labels.py
[2023-10-18T02:48:57.770+0000] {processor.py:829} INFO - Processing file /home/airflow/.local/lib/python3.8/site-packages/airflow/example_dags/example_branch_labels.py for tasks to queue
[2023-10-18T02:48:57.770+0000] {logging_mixin.py:151} INFO - [2023-10-18T02:48:57.770+0000] {dagbag.py:536} INFO - Filling up the DagBag from /home/airflow/.local/lib/python3.8/site-packages/airflow/example_dags/example_branch_labels.py
[2023-10-18T02:48:57.775+0000] {processor.py:839} INFO - DAG(s) dict_keys(['example_branch_labels']) retrieved from /home/airflow/.local/lib/python3.8/site-packages/airflow/example_dags/example_branch_labels.py
[2023-10-18T02:48:57.790+0000] {logging_mixin.py:151} INFO - [2023-10-18T02:48:57.790+0000] {dag.py:2941} INFO - Sync 1 DAGs
[2023-10-18T02:48:57.802+0000] {logging_mixin.py:151} INFO - [2023-10-18T02:48:57.802+0000] {dag.py:3722} INFO - Setting next_dagrun for example_branch_labels to 2023-10-17T00:00:00+00:00, run_after=2023-10-18T00:00:00+00:00
[2023-10-18T02:48:57.812+0000] {processor.py:179} INFO - Processing /home/airflow/.local/lib/python3.8/site-packages/airflow/example_dags/example_branch_labels.py took 0.045 seconds
[2023-10-18T02:49:27.964+0000] {processor.py:157} INFO - Started process (PID=4401) to work on /home/airflow/.local/lib/python3.8/site-packages/airflow/example_dags/example_branch_labels.py
[2023-10-18T02:49:27.965+0000] {processor.py:829} INFO - Processing file /home/airflow/.local/lib/python3.8/site-packages/airflow/example_dags/example_branch_labels.py for tasks to queue
[2023-10-18T02:49:27.966+0000] {logging_mixin.py:151} INFO - [2023-10-18T02:49:27.966+0000] {dagbag.py:536} INFO - Filling up the DagBag from /home/airflow/.local/lib/python3.8/site-packages/airflow/example_dags/example_branch_labels.py
[2023-10-18T02:49:27.971+0000] {processor.py:839} INFO - DAG(s) dict_keys(['example_branch_labels']) retrieved from /home/airflow/.local/lib/python3.8/site-packages/airflow/example_dags/example_branch_labels.py
[2023-10-18T02:49:27.988+0000] {logging_mixin.py:151} INFO - [2023-10-18T02:49:27.988+0000] {dag.py:2941} INFO - Sync 1 DAGs
[2023-10-18T02:49:28.000+0000] {logging_mixin.py:151} INFO - [2023-10-18T02:49:28.000+0000] {dag.py:3722} INFO - Setting next_dagrun for example_branch_labels to 2023-10-17T00:00:00+00:00, run_after=2023-10-18T00:00:00+00:00
[2023-10-18T02:49:28.009+0000] {processor.py:179} INFO - Processing /home/airflow/.local/lib/python3.8/site-packages/airflow/example_dags/example_branch_labels.py took 0.047 seconds
[2023-10-18T02:49:58.078+0000] {processor.py:157} INFO - Started process (PID=4639) to work on /home/airflow/.local/lib/python3.8/site-packages/airflow/example_dags/example_branch_labels.py
[2023-10-18T02:49:58.079+0000] {processor.py:829} INFO - Processing file /home/airflow/.local/lib/python3.8/site-packages/airflow/example_dags/example_branch_labels.py for tasks to queue
[2023-10-18T02:49:58.079+0000] {logging_mixin.py:151} INFO - [2023-10-18T02:49:58.079+0000] {dagbag.py:536} INFO - Filling up the DagBag from /home/airflow/.local/lib/python3.8/site-packages/airflow/example_dags/example_branch_labels.py
[2023-10-18T02:49:58.084+0000] {processor.py:839} INFO - DAG(s) dict_keys(['example_branch_labels']) retrieved from /home/airflow/.local/lib/python3.8/site-packages/airflow/example_dags/example_branch_labels.py
[2023-10-18T02:49:58.103+0000] {logging_mixin.py:151} INFO - [2023-10-18T02:49:58.103+0000] {dag.py:2941} INFO - Sync 1 DAGs
[2023-10-18T02:49:58.114+0000] {logging_mixin.py:151} INFO - [2023-10-18T02:49:58.114+0000] {dag.py:3722} INFO - Setting next_dagrun for example_branch_labels to 2023-10-17T00:00:00+00:00, run_after=2023-10-18T00:00:00+00:00
[2023-10-18T02:49:58.123+0000] {processor.py:179} INFO - Processing /home/airflow/.local/lib/python3.8/site-packages/airflow/example_dags/example_branch_labels.py took 0.047 seconds
[2023-10-18T02:50:28.203+0000] {processor.py:157} INFO - Started process (PID=4878) to work on /home/airflow/.local/lib/python3.8/site-packages/airflow/example_dags/example_branch_labels.py
[2023-10-18T02:50:28.203+0000] {processor.py:829} INFO - Processing file /home/airflow/.local/lib/python3.8/site-packages/airflow/example_dags/example_branch_labels.py for tasks to queue
[2023-10-18T02:50:28.204+0000] {logging_mixin.py:151} INFO - [2023-10-18T02:50:28.204+0000] {dagbag.py:536} INFO - Filling up the DagBag from /home/airflow/.local/lib/python3.8/site-packages/airflow/example_dags/example_branch_labels.py
[2023-10-18T02:50:28.208+0000] {processor.py:839} INFO - DAG(s) dict_keys(['example_branch_labels']) retrieved from /home/airflow/.local/lib/python3.8/site-packages/airflow/example_dags/example_branch_labels.py
[2023-10-18T02:50:28.228+0000] {logging_mixin.py:151} INFO - [2023-10-18T02:50:28.227+0000] {dag.py:2941} INFO - Sync 1 DAGs
[2023-10-18T02:50:28.240+0000] {logging_mixin.py:151} INFO - [2023-10-18T02:50:28.240+0000] {dag.py:3722} INFO - Setting next_dagrun for example_branch_labels to 2023-10-17T00:00:00+00:00, run_after=2023-10-18T00:00:00+00:00
[2023-10-18T02:50:28.249+0000] {processor.py:179} INFO - Processing /home/airflow/.local/lib/python3.8/site-packages/airflow/example_dags/example_branch_labels.py took 0.049 seconds
[2023-10-18T02:50:58.357+0000] {processor.py:157} INFO - Started process (PID=5116) to work on /home/airflow/.local/lib/python3.8/site-packages/airflow/example_dags/example_branch_labels.py
[2023-10-18T02:50:58.357+0000] {processor.py:829} INFO - Processing file /home/airflow/.local/lib/python3.8/site-packages/airflow/example_dags/example_branch_labels.py for tasks to queue
[2023-10-18T02:50:58.358+0000] {logging_mixin.py:151} INFO - [2023-10-18T02:50:58.358+0000] {dagbag.py:536} INFO - Filling up the DagBag from /home/airflow/.local/lib/python3.8/site-packages/airflow/example_dags/example_branch_labels.py
[2023-10-18T02:50:58.363+0000] {processor.py:839} INFO - DAG(s) dict_keys(['example_branch_labels']) retrieved from /home/airflow/.local/lib/python3.8/site-packages/airflow/example_dags/example_branch_labels.py
[2023-10-18T02:50:58.379+0000] {logging_mixin.py:151} INFO - [2023-10-18T02:50:58.379+0000] {dag.py:2941} INFO - Sync 1 DAGs
[2023-10-18T02:50:58.392+0000] {logging_mixin.py:151} INFO - [2023-10-18T02:50:58.392+0000] {dag.py:3722} INFO - Setting next_dagrun for example_branch_labels to 2023-10-17T00:00:00+00:00, run_after=2023-10-18T00:00:00+00:00
[2023-10-18T02:50:58.401+0000] {processor.py:179} INFO - Processing /home/airflow/.local/lib/python3.8/site-packages/airflow/example_dags/example_branch_labels.py took 0.046 seconds
[2023-10-18T02:51:28.524+0000] {processor.py:157} INFO - Started process (PID=5356) to work on /home/airflow/.local/lib/python3.8/site-packages/airflow/example_dags/example_branch_labels.py
[2023-10-18T02:51:28.525+0000] {processor.py:829} INFO - Processing file /home/airflow/.local/lib/python3.8/site-packages/airflow/example_dags/example_branch_labels.py for tasks to queue
[2023-10-18T02:51:28.525+0000] {logging_mixin.py:151} INFO - [2023-10-18T02:51:28.525+0000] {dagbag.py:536} INFO - Filling up the DagBag from /home/airflow/.local/lib/python3.8/site-packages/airflow/example_dags/example_branch_labels.py
[2023-10-18T02:51:28.530+0000] {processor.py:839} INFO - DAG(s) dict_keys(['example_branch_labels']) retrieved from /home/airflow/.local/lib/python3.8/site-packages/airflow/example_dags/example_branch_labels.py
[2023-10-18T02:51:28.545+0000] {logging_mixin.py:151} INFO - [2023-10-18T02:51:28.544+0000] {dag.py:2941} INFO - Sync 1 DAGs
[2023-10-18T02:51:28.556+0000] {logging_mixin.py:151} INFO - [2023-10-18T02:51:28.556+0000] {dag.py:3722} INFO - Setting next_dagrun for example_branch_labels to 2023-10-17T00:00:00+00:00, run_after=2023-10-18T00:00:00+00:00
[2023-10-18T02:51:28.564+0000] {processor.py:179} INFO - Processing /home/airflow/.local/lib/python3.8/site-packages/airflow/example_dags/example_branch_labels.py took 0.042 seconds
[2023-10-18T02:51:58.670+0000] {processor.py:157} INFO - Started process (PID=5591) to work on /home/airflow/.local/lib/python3.8/site-packages/airflow/example_dags/example_branch_labels.py
[2023-10-18T02:51:58.671+0000] {processor.py:829} INFO - Processing file /home/airflow/.local/lib/python3.8/site-packages/airflow/example_dags/example_branch_labels.py for tasks to queue
[2023-10-18T02:51:58.672+0000] {logging_mixin.py:151} INFO - [2023-10-18T02:51:58.671+0000] {dagbag.py:536} INFO - Filling up the DagBag from /home/airflow/.local/lib/python3.8/site-packages/airflow/example_dags/example_branch_labels.py
[2023-10-18T02:51:58.676+0000] {processor.py:839} INFO - DAG(s) dict_keys(['example_branch_labels']) retrieved from /home/airflow/.local/lib/python3.8/site-packages/airflow/example_dags/example_branch_labels.py
[2023-10-18T02:51:58.691+0000] {logging_mixin.py:151} INFO - [2023-10-18T02:51:58.691+0000] {dag.py:2941} INFO - Sync 1 DAGs
[2023-10-18T02:51:58.703+0000] {logging_mixin.py:151} INFO - [2023-10-18T02:51:58.703+0000] {dag.py:3722} INFO - Setting next_dagrun for example_branch_labels to 2023-10-17T00:00:00+00:00, run_after=2023-10-18T00:00:00+00:00
[2023-10-18T02:51:58.711+0000] {processor.py:179} INFO - Processing /home/airflow/.local/lib/python3.8/site-packages/airflow/example_dags/example_branch_labels.py took 0.043 seconds
[2023-10-18T02:52:29.676+0000] {processor.py:157} INFO - Started process (PID=5830) to work on /home/airflow/.local/lib/python3.8/site-packages/airflow/example_dags/example_branch_labels.py
[2023-10-18T02:52:29.677+0000] {processor.py:829} INFO - Processing file /home/airflow/.local/lib/python3.8/site-packages/airflow/example_dags/example_branch_labels.py for tasks to queue
[2023-10-18T02:52:29.678+0000] {logging_mixin.py:151} INFO - [2023-10-18T02:52:29.678+0000] {dagbag.py:536} INFO - Filling up the DagBag from /home/airflow/.local/lib/python3.8/site-packages/airflow/example_dags/example_branch_labels.py
[2023-10-18T02:52:29.683+0000] {processor.py:839} INFO - DAG(s) dict_keys(['example_branch_labels']) retrieved from /home/airflow/.local/lib/python3.8/site-packages/airflow/example_dags/example_branch_labels.py
[2023-10-18T02:52:29.699+0000] {logging_mixin.py:151} INFO - [2023-10-18T02:52:29.699+0000] {dag.py:2941} INFO - Sync 1 DAGs
[2023-10-18T02:52:29.712+0000] {logging_mixin.py:151} INFO - [2023-10-18T02:52:29.712+0000] {dag.py:3722} INFO - Setting next_dagrun for example_branch_labels to 2023-10-17T00:00:00+00:00, run_after=2023-10-18T00:00:00+00:00
[2023-10-18T02:52:29.724+0000] {processor.py:179} INFO - Processing /home/airflow/.local/lib/python3.8/site-packages/airflow/example_dags/example_branch_labels.py took 0.050 seconds
[2023-10-18T02:52:59.811+0000] {processor.py:157} INFO - Started process (PID=6066) to work on /home/airflow/.local/lib/python3.8/site-packages/airflow/example_dags/example_branch_labels.py
[2023-10-18T02:52:59.811+0000] {processor.py:829} INFO - Processing file /home/airflow/.local/lib/python3.8/site-packages/airflow/example_dags/example_branch_labels.py for tasks to queue
[2023-10-18T02:52:59.812+0000] {logging_mixin.py:151} INFO - [2023-10-18T02:52:59.812+0000] {dagbag.py:536} INFO - Filling up the DagBag from /home/airflow/.local/lib/python3.8/site-packages/airflow/example_dags/example_branch_labels.py
[2023-10-18T02:52:59.817+0000] {processor.py:839} INFO - DAG(s) dict_keys(['example_branch_labels']) retrieved from /home/airflow/.local/lib/python3.8/site-packages/airflow/example_dags/example_branch_labels.py
[2023-10-18T02:52:59.833+0000] {logging_mixin.py:151} INFO - [2023-10-18T02:52:59.833+0000] {dag.py:2941} INFO - Sync 1 DAGs
[2023-10-18T02:52:59.845+0000] {logging_mixin.py:151} INFO - [2023-10-18T02:52:59.845+0000] {dag.py:3722} INFO - Setting next_dagrun for example_branch_labels to 2023-10-17T00:00:00+00:00, run_after=2023-10-18T00:00:00+00:00
[2023-10-18T02:52:59.853+0000] {processor.py:179} INFO - Processing /home/airflow/.local/lib/python3.8/site-packages/airflow/example_dags/example_branch_labels.py took 0.044 seconds
[2023-10-18T02:53:29.949+0000] {processor.py:157} INFO - Started process (PID=6304) to work on /home/airflow/.local/lib/python3.8/site-packages/airflow/example_dags/example_branch_labels.py
[2023-10-18T02:53:29.949+0000] {processor.py:829} INFO - Processing file /home/airflow/.local/lib/python3.8/site-packages/airflow/example_dags/example_branch_labels.py for tasks to queue
[2023-10-18T02:53:29.950+0000] {logging_mixin.py:151} INFO - [2023-10-18T02:53:29.950+0000] {dagbag.py:536} INFO - Filling up the DagBag from /home/airflow/.local/lib/python3.8/site-packages/airflow/example_dags/example_branch_labels.py
[2023-10-18T02:53:29.955+0000] {processor.py:839} INFO - DAG(s) dict_keys(['example_branch_labels']) retrieved from /home/airflow/.local/lib/python3.8/site-packages/airflow/example_dags/example_branch_labels.py
[2023-10-18T02:53:29.970+0000] {logging_mixin.py:151} INFO - [2023-10-18T02:53:29.970+0000] {dag.py:2941} INFO - Sync 1 DAGs
[2023-10-18T02:53:29.983+0000] {logging_mixin.py:151} INFO - [2023-10-18T02:53:29.983+0000] {dag.py:3722} INFO - Setting next_dagrun for example_branch_labels to 2023-10-17T00:00:00+00:00, run_after=2023-10-18T00:00:00+00:00
[2023-10-18T02:53:29.992+0000] {processor.py:179} INFO - Processing /home/airflow/.local/lib/python3.8/site-packages/airflow/example_dags/example_branch_labels.py took 0.045 seconds
[2023-10-18T02:54:00.924+0000] {processor.py:157} INFO - Started process (PID=6544) to work on /home/airflow/.local/lib/python3.8/site-packages/airflow/example_dags/example_branch_labels.py
[2023-10-18T02:54:00.925+0000] {processor.py:829} INFO - Processing file /home/airflow/.local/lib/python3.8/site-packages/airflow/example_dags/example_branch_labels.py for tasks to queue
[2023-10-18T02:54:00.925+0000] {logging_mixin.py:151} INFO - [2023-10-18T02:54:00.925+0000] {dagbag.py:536} INFO - Filling up the DagBag from /home/airflow/.local/lib/python3.8/site-packages/airflow/example_dags/example_branch_labels.py
[2023-10-18T02:54:00.930+0000] {processor.py:839} INFO - DAG(s) dict_keys(['example_branch_labels']) retrieved from /home/airflow/.local/lib/python3.8/site-packages/airflow/example_dags/example_branch_labels.py
[2023-10-18T02:54:00.949+0000] {logging_mixin.py:151} INFO - [2023-10-18T02:54:00.948+0000] {dag.py:2941} INFO - Sync 1 DAGs
[2023-10-18T02:54:00.961+0000] {logging_mixin.py:151} INFO - [2023-10-18T02:54:00.961+0000] {dag.py:3722} INFO - Setting next_dagrun for example_branch_labels to 2023-10-17T00:00:00+00:00, run_after=2023-10-18T00:00:00+00:00
[2023-10-18T02:54:00.970+0000] {processor.py:179} INFO - Processing /home/airflow/.local/lib/python3.8/site-packages/airflow/example_dags/example_branch_labels.py took 0.048 seconds
