[2023-10-18T02:40:51.994+0000] {processor.py:157} INFO - Started process (PID=346) to work on /home/airflow/.local/lib/python3.8/site-packages/airflow/example_dags/example_trigger_controller_dag.py
[2023-10-18T02:40:51.995+0000] {processor.py:829} INFO - Processing file /home/airflow/.local/lib/python3.8/site-packages/airflow/example_dags/example_trigger_controller_dag.py for tasks to queue
[2023-10-18T02:40:51.996+0000] {logging_mixin.py:151} INFO - [2023-10-18T02:40:51.996+0000] {dagbag.py:536} INFO - Filling up the DagBag from /home/airflow/.local/lib/python3.8/site-packages/airflow/example_dags/example_trigger_controller_dag.py
[2023-10-18T02:40:52.000+0000] {processor.py:839} INFO - DAG(s) dict_keys(['example_trigger_controller_dag']) retrieved from /home/airflow/.local/lib/python3.8/site-packages/airflow/example_dags/example_trigger_controller_dag.py
[2023-10-18T02:40:52.015+0000] {logging_mixin.py:151} INFO - [2023-10-18T02:40:52.015+0000] {dag.py:2941} INFO - Sync 1 DAGs
[2023-10-18T02:40:52.029+0000] {logging_mixin.py:151} INFO - [2023-10-18T02:40:52.029+0000] {dag.py:3722} INFO - Setting next_dagrun for example_trigger_controller_dag to 2021-01-01T00:00:00+00:00, run_after=2021-01-01T00:00:00+00:00
[2023-10-18T02:40:52.049+0000] {processor.py:179} INFO - Processing /home/airflow/.local/lib/python3.8/site-packages/airflow/example_dags/example_trigger_controller_dag.py took 0.057 seconds
[2023-10-18T02:41:22.476+0000] {processor.py:157} INFO - Started process (PID=584) to work on /home/airflow/.local/lib/python3.8/site-packages/airflow/example_dags/example_trigger_controller_dag.py
[2023-10-18T02:41:22.477+0000] {processor.py:829} INFO - Processing file /home/airflow/.local/lib/python3.8/site-packages/airflow/example_dags/example_trigger_controller_dag.py for tasks to queue
[2023-10-18T02:41:22.477+0000] {logging_mixin.py:151} INFO - [2023-10-18T02:41:22.477+0000] {dagbag.py:536} INFO - Filling up the DagBag from /home/airflow/.local/lib/python3.8/site-packages/airflow/example_dags/example_trigger_controller_dag.py
[2023-10-18T02:41:22.480+0000] {processor.py:839} INFO - DAG(s) dict_keys(['example_trigger_controller_dag']) retrieved from /home/airflow/.local/lib/python3.8/site-packages/airflow/example_dags/example_trigger_controller_dag.py
[2023-10-18T02:41:22.493+0000] {logging_mixin.py:151} INFO - [2023-10-18T02:41:22.493+0000] {dag.py:2941} INFO - Sync 1 DAGs
[2023-10-18T02:41:22.504+0000] {logging_mixin.py:151} INFO - [2023-10-18T02:41:22.504+0000] {dag.py:3722} INFO - Setting next_dagrun for example_trigger_controller_dag to 2021-01-01T00:00:00+00:00, run_after=2021-01-01T00:00:00+00:00
[2023-10-18T02:41:22.513+0000] {processor.py:179} INFO - Processing /home/airflow/.local/lib/python3.8/site-packages/airflow/example_dags/example_trigger_controller_dag.py took 0.039 seconds
[2023-10-18T02:41:52.699+0000] {processor.py:157} INFO - Started process (PID=822) to work on /home/airflow/.local/lib/python3.8/site-packages/airflow/example_dags/example_trigger_controller_dag.py
[2023-10-18T02:41:52.700+0000] {processor.py:829} INFO - Processing file /home/airflow/.local/lib/python3.8/site-packages/airflow/example_dags/example_trigger_controller_dag.py for tasks to queue
[2023-10-18T02:41:52.700+0000] {logging_mixin.py:151} INFO - [2023-10-18T02:41:52.700+0000] {dagbag.py:536} INFO - Filling up the DagBag from /home/airflow/.local/lib/python3.8/site-packages/airflow/example_dags/example_trigger_controller_dag.py
[2023-10-18T02:41:52.703+0000] {processor.py:839} INFO - DAG(s) dict_keys(['example_trigger_controller_dag']) retrieved from /home/airflow/.local/lib/python3.8/site-packages/airflow/example_dags/example_trigger_controller_dag.py
[2023-10-18T02:41:52.718+0000] {logging_mixin.py:151} INFO - [2023-10-18T02:41:52.718+0000] {dag.py:2941} INFO - Sync 1 DAGs
[2023-10-18T02:41:52.730+0000] {logging_mixin.py:151} INFO - [2023-10-18T02:41:52.730+0000] {dag.py:3722} INFO - Setting next_dagrun for example_trigger_controller_dag to 2021-01-01T00:00:00+00:00, run_after=2021-01-01T00:00:00+00:00
[2023-10-18T02:41:52.739+0000] {processor.py:179} INFO - Processing /home/airflow/.local/lib/python3.8/site-packages/airflow/example_dags/example_trigger_controller_dag.py took 0.042 seconds
[2023-10-18T02:42:22.815+0000] {processor.py:157} INFO - Started process (PID=1060) to work on /home/airflow/.local/lib/python3.8/site-packages/airflow/example_dags/example_trigger_controller_dag.py
[2023-10-18T02:42:22.816+0000] {processor.py:829} INFO - Processing file /home/airflow/.local/lib/python3.8/site-packages/airflow/example_dags/example_trigger_controller_dag.py for tasks to queue
[2023-10-18T02:42:22.817+0000] {logging_mixin.py:151} INFO - [2023-10-18T02:42:22.817+0000] {dagbag.py:536} INFO - Filling up the DagBag from /home/airflow/.local/lib/python3.8/site-packages/airflow/example_dags/example_trigger_controller_dag.py
[2023-10-18T02:42:22.820+0000] {processor.py:839} INFO - DAG(s) dict_keys(['example_trigger_controller_dag']) retrieved from /home/airflow/.local/lib/python3.8/site-packages/airflow/example_dags/example_trigger_controller_dag.py
[2023-10-18T02:42:22.835+0000] {logging_mixin.py:151} INFO - [2023-10-18T02:42:22.835+0000] {dag.py:2941} INFO - Sync 1 DAGs
[2023-10-18T02:42:22.846+0000] {logging_mixin.py:151} INFO - [2023-10-18T02:42:22.846+0000] {dag.py:3722} INFO - Setting next_dagrun for example_trigger_controller_dag to 2021-01-01T00:00:00+00:00, run_after=2021-01-01T00:00:00+00:00
[2023-10-18T02:42:22.856+0000] {processor.py:179} INFO - Processing /home/airflow/.local/lib/python3.8/site-packages/airflow/example_dags/example_trigger_controller_dag.py took 0.043 seconds
[2023-10-18T02:42:53.672+0000] {processor.py:157} INFO - Started process (PID=1346) to work on /home/airflow/.local/lib/python3.8/site-packages/airflow/example_dags/example_trigger_controller_dag.py
[2023-10-18T02:42:53.672+0000] {processor.py:829} INFO - Processing file /home/airflow/.local/lib/python3.8/site-packages/airflow/example_dags/example_trigger_controller_dag.py for tasks to queue
[2023-10-18T02:42:53.673+0000] {logging_mixin.py:151} INFO - [2023-10-18T02:42:53.673+0000] {dagbag.py:536} INFO - Filling up the DagBag from /home/airflow/.local/lib/python3.8/site-packages/airflow/example_dags/example_trigger_controller_dag.py
[2023-10-18T02:42:53.676+0000] {processor.py:839} INFO - DAG(s) dict_keys(['example_trigger_controller_dag']) retrieved from /home/airflow/.local/lib/python3.8/site-packages/airflow/example_dags/example_trigger_controller_dag.py
[2023-10-18T02:42:53.692+0000] {logging_mixin.py:151} INFO - [2023-10-18T02:42:53.691+0000] {dag.py:2941} INFO - Sync 1 DAGs
[2023-10-18T02:42:53.703+0000] {logging_mixin.py:151} INFO - [2023-10-18T02:42:53.702+0000] {dag.py:3722} INFO - Setting next_dagrun for example_trigger_controller_dag to 2021-01-01T00:00:00+00:00, run_after=2021-01-01T00:00:00+00:00
[2023-10-18T02:42:53.712+0000] {processor.py:179} INFO - Processing /home/airflow/.local/lib/python3.8/site-packages/airflow/example_dags/example_trigger_controller_dag.py took 0.043 seconds
[2023-10-18T02:43:23.889+0000] {processor.py:157} INFO - Started process (PID=1584) to work on /home/airflow/.local/lib/python3.8/site-packages/airflow/example_dags/example_trigger_controller_dag.py
[2023-10-18T02:43:23.889+0000] {processor.py:829} INFO - Processing file /home/airflow/.local/lib/python3.8/site-packages/airflow/example_dags/example_trigger_controller_dag.py for tasks to queue
[2023-10-18T02:43:23.890+0000] {logging_mixin.py:151} INFO - [2023-10-18T02:43:23.889+0000] {dagbag.py:536} INFO - Filling up the DagBag from /home/airflow/.local/lib/python3.8/site-packages/airflow/example_dags/example_trigger_controller_dag.py
[2023-10-18T02:43:23.893+0000] {processor.py:839} INFO - DAG(s) dict_keys(['example_trigger_controller_dag']) retrieved from /home/airflow/.local/lib/python3.8/site-packages/airflow/example_dags/example_trigger_controller_dag.py
[2023-10-18T02:43:23.908+0000] {logging_mixin.py:151} INFO - [2023-10-18T02:43:23.908+0000] {dag.py:2941} INFO - Sync 1 DAGs
[2023-10-18T02:43:23.919+0000] {logging_mixin.py:151} INFO - [2023-10-18T02:43:23.918+0000] {dag.py:3722} INFO - Setting next_dagrun for example_trigger_controller_dag to 2021-01-01T00:00:00+00:00, run_after=2021-01-01T00:00:00+00:00
[2023-10-18T02:43:23.927+0000] {processor.py:179} INFO - Processing /home/airflow/.local/lib/python3.8/site-packages/airflow/example_dags/example_trigger_controller_dag.py took 0.041 seconds
[2023-10-18T02:43:53.993+0000] {processor.py:157} INFO - Started process (PID=1821) to work on /home/airflow/.local/lib/python3.8/site-packages/airflow/example_dags/example_trigger_controller_dag.py
[2023-10-18T02:43:53.994+0000] {processor.py:829} INFO - Processing file /home/airflow/.local/lib/python3.8/site-packages/airflow/example_dags/example_trigger_controller_dag.py for tasks to queue
[2023-10-18T02:43:53.994+0000] {logging_mixin.py:151} INFO - [2023-10-18T02:43:53.994+0000] {dagbag.py:536} INFO - Filling up the DagBag from /home/airflow/.local/lib/python3.8/site-packages/airflow/example_dags/example_trigger_controller_dag.py
[2023-10-18T02:43:53.997+0000] {processor.py:839} INFO - DAG(s) dict_keys(['example_trigger_controller_dag']) retrieved from /home/airflow/.local/lib/python3.8/site-packages/airflow/example_dags/example_trigger_controller_dag.py
[2023-10-18T02:43:54.012+0000] {logging_mixin.py:151} INFO - [2023-10-18T02:43:54.012+0000] {dag.py:2941} INFO - Sync 1 DAGs
[2023-10-18T02:43:54.023+0000] {logging_mixin.py:151} INFO - [2023-10-18T02:43:54.023+0000] {dag.py:3722} INFO - Setting next_dagrun for example_trigger_controller_dag to 2021-01-01T00:00:00+00:00, run_after=2021-01-01T00:00:00+00:00
[2023-10-18T02:43:54.032+0000] {processor.py:179} INFO - Processing /home/airflow/.local/lib/python3.8/site-packages/airflow/example_dags/example_trigger_controller_dag.py took 0.041 seconds
[2023-10-18T02:44:24.909+0000] {processor.py:157} INFO - Started process (PID=2060) to work on /home/airflow/.local/lib/python3.8/site-packages/airflow/example_dags/example_trigger_controller_dag.py
[2023-10-18T02:44:24.909+0000] {processor.py:829} INFO - Processing file /home/airflow/.local/lib/python3.8/site-packages/airflow/example_dags/example_trigger_controller_dag.py for tasks to queue
[2023-10-18T02:44:24.910+0000] {logging_mixin.py:151} INFO - [2023-10-18T02:44:24.910+0000] {dagbag.py:536} INFO - Filling up the DagBag from /home/airflow/.local/lib/python3.8/site-packages/airflow/example_dags/example_trigger_controller_dag.py
[2023-10-18T02:44:24.913+0000] {processor.py:839} INFO - DAG(s) dict_keys(['example_trigger_controller_dag']) retrieved from /home/airflow/.local/lib/python3.8/site-packages/airflow/example_dags/example_trigger_controller_dag.py
[2023-10-18T02:44:24.927+0000] {logging_mixin.py:151} INFO - [2023-10-18T02:44:24.927+0000] {dag.py:2941} INFO - Sync 1 DAGs
[2023-10-18T02:44:24.938+0000] {logging_mixin.py:151} INFO - [2023-10-18T02:44:24.938+0000] {dag.py:3722} INFO - Setting next_dagrun for example_trigger_controller_dag to 2021-01-01T00:00:00+00:00, run_after=2021-01-01T00:00:00+00:00
[2023-10-18T02:44:24.946+0000] {processor.py:179} INFO - Processing /home/airflow/.local/lib/python3.8/site-packages/airflow/example_dags/example_trigger_controller_dag.py took 0.039 seconds
[2023-10-18T02:44:55.016+0000] {processor.py:157} INFO - Started process (PID=2299) to work on /home/airflow/.local/lib/python3.8/site-packages/airflow/example_dags/example_trigger_controller_dag.py
[2023-10-18T02:44:55.016+0000] {processor.py:829} INFO - Processing file /home/airflow/.local/lib/python3.8/site-packages/airflow/example_dags/example_trigger_controller_dag.py for tasks to queue
[2023-10-18T02:44:55.017+0000] {logging_mixin.py:151} INFO - [2023-10-18T02:44:55.017+0000] {dagbag.py:536} INFO - Filling up the DagBag from /home/airflow/.local/lib/python3.8/site-packages/airflow/example_dags/example_trigger_controller_dag.py
[2023-10-18T02:44:55.020+0000] {processor.py:839} INFO - DAG(s) dict_keys(['example_trigger_controller_dag']) retrieved from /home/airflow/.local/lib/python3.8/site-packages/airflow/example_dags/example_trigger_controller_dag.py
[2023-10-18T02:44:55.035+0000] {logging_mixin.py:151} INFO - [2023-10-18T02:44:55.035+0000] {dag.py:2941} INFO - Sync 1 DAGs
[2023-10-18T02:44:55.047+0000] {logging_mixin.py:151} INFO - [2023-10-18T02:44:55.047+0000] {dag.py:3722} INFO - Setting next_dagrun for example_trigger_controller_dag to 2021-01-01T00:00:00+00:00, run_after=2021-01-01T00:00:00+00:00
[2023-10-18T02:44:55.056+0000] {processor.py:179} INFO - Processing /home/airflow/.local/lib/python3.8/site-packages/airflow/example_dags/example_trigger_controller_dag.py took 0.042 seconds
[2023-10-18T02:45:25.331+0000] {processor.py:157} INFO - Started process (PID=2537) to work on /home/airflow/.local/lib/python3.8/site-packages/airflow/example_dags/example_trigger_controller_dag.py
[2023-10-18T02:45:25.332+0000] {processor.py:829} INFO - Processing file /home/airflow/.local/lib/python3.8/site-packages/airflow/example_dags/example_trigger_controller_dag.py for tasks to queue
[2023-10-18T02:45:25.333+0000] {logging_mixin.py:151} INFO - [2023-10-18T02:45:25.332+0000] {dagbag.py:536} INFO - Filling up the DagBag from /home/airflow/.local/lib/python3.8/site-packages/airflow/example_dags/example_trigger_controller_dag.py
[2023-10-18T02:45:25.336+0000] {processor.py:839} INFO - DAG(s) dict_keys(['example_trigger_controller_dag']) retrieved from /home/airflow/.local/lib/python3.8/site-packages/airflow/example_dags/example_trigger_controller_dag.py
[2023-10-18T02:45:25.351+0000] {logging_mixin.py:151} INFO - [2023-10-18T02:45:25.351+0000] {dag.py:2941} INFO - Sync 1 DAGs
[2023-10-18T02:45:25.362+0000] {logging_mixin.py:151} INFO - [2023-10-18T02:45:25.362+0000] {dag.py:3722} INFO - Setting next_dagrun for example_trigger_controller_dag to 2021-01-01T00:00:00+00:00, run_after=2021-01-01T00:00:00+00:00
[2023-10-18T02:45:25.370+0000] {processor.py:179} INFO - Processing /home/airflow/.local/lib/python3.8/site-packages/airflow/example_dags/example_trigger_controller_dag.py took 0.042 seconds
[2023-10-18T02:45:55.545+0000] {processor.py:157} INFO - Started process (PID=2777) to work on /home/airflow/.local/lib/python3.8/site-packages/airflow/example_dags/example_trigger_controller_dag.py
[2023-10-18T02:45:55.546+0000] {processor.py:829} INFO - Processing file /home/airflow/.local/lib/python3.8/site-packages/airflow/example_dags/example_trigger_controller_dag.py for tasks to queue
[2023-10-18T02:45:55.546+0000] {logging_mixin.py:151} INFO - [2023-10-18T02:45:55.546+0000] {dagbag.py:536} INFO - Filling up the DagBag from /home/airflow/.local/lib/python3.8/site-packages/airflow/example_dags/example_trigger_controller_dag.py
[2023-10-18T02:45:55.550+0000] {processor.py:839} INFO - DAG(s) dict_keys(['example_trigger_controller_dag']) retrieved from /home/airflow/.local/lib/python3.8/site-packages/airflow/example_dags/example_trigger_controller_dag.py
[2023-10-18T02:45:55.565+0000] {logging_mixin.py:151} INFO - [2023-10-18T02:45:55.565+0000] {dag.py:2941} INFO - Sync 1 DAGs
[2023-10-18T02:45:55.576+0000] {logging_mixin.py:151} INFO - [2023-10-18T02:45:55.576+0000] {dag.py:3722} INFO - Setting next_dagrun for example_trigger_controller_dag to 2021-01-01T00:00:00+00:00, run_after=2021-01-01T00:00:00+00:00
[2023-10-18T02:45:55.584+0000] {processor.py:179} INFO - Processing /home/airflow/.local/lib/python3.8/site-packages/airflow/example_dags/example_trigger_controller_dag.py took 0.040 seconds
[2023-10-18T02:46:26.544+0000] {processor.py:157} INFO - Started process (PID=3013) to work on /home/airflow/.local/lib/python3.8/site-packages/airflow/example_dags/example_trigger_controller_dag.py
[2023-10-18T02:46:26.545+0000] {processor.py:829} INFO - Processing file /home/airflow/.local/lib/python3.8/site-packages/airflow/example_dags/example_trigger_controller_dag.py for tasks to queue
[2023-10-18T02:46:26.546+0000] {logging_mixin.py:151} INFO - [2023-10-18T02:46:26.546+0000] {dagbag.py:536} INFO - Filling up the DagBag from /home/airflow/.local/lib/python3.8/site-packages/airflow/example_dags/example_trigger_controller_dag.py
[2023-10-18T02:46:26.551+0000] {processor.py:839} INFO - DAG(s) dict_keys(['example_trigger_controller_dag']) retrieved from /home/airflow/.local/lib/python3.8/site-packages/airflow/example_dags/example_trigger_controller_dag.py
[2023-10-18T02:46:26.571+0000] {logging_mixin.py:151} INFO - [2023-10-18T02:46:26.571+0000] {dag.py:2941} INFO - Sync 1 DAGs
[2023-10-18T02:46:26.583+0000] {logging_mixin.py:151} INFO - [2023-10-18T02:46:26.583+0000] {dag.py:3722} INFO - Setting next_dagrun for example_trigger_controller_dag to 2021-01-01T00:00:00+00:00, run_after=2021-01-01T00:00:00+00:00
[2023-10-18T02:46:26.593+0000] {processor.py:179} INFO - Processing /home/airflow/.local/lib/python3.8/site-packages/airflow/example_dags/example_trigger_controller_dag.py took 0.050 seconds
[2023-10-18T02:46:56.656+0000] {processor.py:157} INFO - Started process (PID=3253) to work on /home/airflow/.local/lib/python3.8/site-packages/airflow/example_dags/example_trigger_controller_dag.py
[2023-10-18T02:46:56.657+0000] {processor.py:829} INFO - Processing file /home/airflow/.local/lib/python3.8/site-packages/airflow/example_dags/example_trigger_controller_dag.py for tasks to queue
[2023-10-18T02:46:56.657+0000] {logging_mixin.py:151} INFO - [2023-10-18T02:46:56.657+0000] {dagbag.py:536} INFO - Filling up the DagBag from /home/airflow/.local/lib/python3.8/site-packages/airflow/example_dags/example_trigger_controller_dag.py
[2023-10-18T02:46:56.661+0000] {processor.py:839} INFO - DAG(s) dict_keys(['example_trigger_controller_dag']) retrieved from /home/airflow/.local/lib/python3.8/site-packages/airflow/example_dags/example_trigger_controller_dag.py
[2023-10-18T02:46:56.676+0000] {logging_mixin.py:151} INFO - [2023-10-18T02:46:56.675+0000] {dag.py:2941} INFO - Sync 1 DAGs
[2023-10-18T02:46:56.686+0000] {logging_mixin.py:151} INFO - [2023-10-18T02:46:56.686+0000] {dag.py:3722} INFO - Setting next_dagrun for example_trigger_controller_dag to 2021-01-01T00:00:00+00:00, run_after=2021-01-01T00:00:00+00:00
[2023-10-18T02:46:56.694+0000] {processor.py:179} INFO - Processing /home/airflow/.local/lib/python3.8/site-packages/airflow/example_dags/example_trigger_controller_dag.py took 0.040 seconds
[2023-10-18T02:47:27.613+0000] {processor.py:157} INFO - Started process (PID=3489) to work on /home/airflow/.local/lib/python3.8/site-packages/airflow/example_dags/example_trigger_controller_dag.py
[2023-10-18T02:47:27.614+0000] {processor.py:829} INFO - Processing file /home/airflow/.local/lib/python3.8/site-packages/airflow/example_dags/example_trigger_controller_dag.py for tasks to queue
[2023-10-18T02:47:27.614+0000] {logging_mixin.py:151} INFO - [2023-10-18T02:47:27.614+0000] {dagbag.py:536} INFO - Filling up the DagBag from /home/airflow/.local/lib/python3.8/site-packages/airflow/example_dags/example_trigger_controller_dag.py
[2023-10-18T02:47:27.617+0000] {processor.py:839} INFO - DAG(s) dict_keys(['example_trigger_controller_dag']) retrieved from /home/airflow/.local/lib/python3.8/site-packages/airflow/example_dags/example_trigger_controller_dag.py
[2023-10-18T02:47:27.632+0000] {logging_mixin.py:151} INFO - [2023-10-18T02:47:27.632+0000] {dag.py:2941} INFO - Sync 1 DAGs
[2023-10-18T02:47:27.642+0000] {logging_mixin.py:151} INFO - [2023-10-18T02:47:27.642+0000] {dag.py:3722} INFO - Setting next_dagrun for example_trigger_controller_dag to 2021-01-01T00:00:00+00:00, run_after=2021-01-01T00:00:00+00:00
[2023-10-18T02:47:27.651+0000] {processor.py:179} INFO - Processing /home/airflow/.local/lib/python3.8/site-packages/airflow/example_dags/example_trigger_controller_dag.py took 0.039 seconds
[2023-10-18T02:47:57.775+0000] {processor.py:157} INFO - Started process (PID=3727) to work on /home/airflow/.local/lib/python3.8/site-packages/airflow/example_dags/example_trigger_controller_dag.py
[2023-10-18T02:47:57.775+0000] {processor.py:829} INFO - Processing file /home/airflow/.local/lib/python3.8/site-packages/airflow/example_dags/example_trigger_controller_dag.py for tasks to queue
[2023-10-18T02:47:57.776+0000] {logging_mixin.py:151} INFO - [2023-10-18T02:47:57.776+0000] {dagbag.py:536} INFO - Filling up the DagBag from /home/airflow/.local/lib/python3.8/site-packages/airflow/example_dags/example_trigger_controller_dag.py
[2023-10-18T02:47:57.779+0000] {processor.py:839} INFO - DAG(s) dict_keys(['example_trigger_controller_dag']) retrieved from /home/airflow/.local/lib/python3.8/site-packages/airflow/example_dags/example_trigger_controller_dag.py
[2023-10-18T02:47:57.794+0000] {logging_mixin.py:151} INFO - [2023-10-18T02:47:57.794+0000] {dag.py:2941} INFO - Sync 1 DAGs
[2023-10-18T02:47:57.811+0000] {logging_mixin.py:151} INFO - [2023-10-18T02:47:57.811+0000] {dag.py:3722} INFO - Setting next_dagrun for example_trigger_controller_dag to 2021-01-01T00:00:00+00:00, run_after=2021-01-01T00:00:00+00:00
[2023-10-18T02:47:57.822+0000] {processor.py:179} INFO - Processing /home/airflow/.local/lib/python3.8/site-packages/airflow/example_dags/example_trigger_controller_dag.py took 0.049 seconds
[2023-10-18T02:48:27.920+0000] {processor.py:157} INFO - Started process (PID=3965) to work on /home/airflow/.local/lib/python3.8/site-packages/airflow/example_dags/example_trigger_controller_dag.py
[2023-10-18T02:48:27.920+0000] {processor.py:829} INFO - Processing file /home/airflow/.local/lib/python3.8/site-packages/airflow/example_dags/example_trigger_controller_dag.py for tasks to queue
[2023-10-18T02:48:27.921+0000] {logging_mixin.py:151} INFO - [2023-10-18T02:48:27.921+0000] {dagbag.py:536} INFO - Filling up the DagBag from /home/airflow/.local/lib/python3.8/site-packages/airflow/example_dags/example_trigger_controller_dag.py
[2023-10-18T02:48:27.924+0000] {processor.py:839} INFO - DAG(s) dict_keys(['example_trigger_controller_dag']) retrieved from /home/airflow/.local/lib/python3.8/site-packages/airflow/example_dags/example_trigger_controller_dag.py
[2023-10-18T02:48:27.944+0000] {logging_mixin.py:151} INFO - [2023-10-18T02:48:27.944+0000] {dag.py:2941} INFO - Sync 1 DAGs
[2023-10-18T02:48:27.955+0000] {logging_mixin.py:151} INFO - [2023-10-18T02:48:27.955+0000] {dag.py:3722} INFO - Setting next_dagrun for example_trigger_controller_dag to 2021-01-01T00:00:00+00:00, run_after=2021-01-01T00:00:00+00:00
[2023-10-18T02:48:27.965+0000] {processor.py:179} INFO - Processing /home/airflow/.local/lib/python3.8/site-packages/airflow/example_dags/example_trigger_controller_dag.py took 0.048 seconds
[2023-10-18T02:48:58.106+0000] {processor.py:157} INFO - Started process (PID=4203) to work on /home/airflow/.local/lib/python3.8/site-packages/airflow/example_dags/example_trigger_controller_dag.py
[2023-10-18T02:48:58.106+0000] {processor.py:829} INFO - Processing file /home/airflow/.local/lib/python3.8/site-packages/airflow/example_dags/example_trigger_controller_dag.py for tasks to queue
[2023-10-18T02:48:58.107+0000] {logging_mixin.py:151} INFO - [2023-10-18T02:48:58.107+0000] {dagbag.py:536} INFO - Filling up the DagBag from /home/airflow/.local/lib/python3.8/site-packages/airflow/example_dags/example_trigger_controller_dag.py
[2023-10-18T02:48:58.110+0000] {processor.py:839} INFO - DAG(s) dict_keys(['example_trigger_controller_dag']) retrieved from /home/airflow/.local/lib/python3.8/site-packages/airflow/example_dags/example_trigger_controller_dag.py
[2023-10-18T02:48:58.126+0000] {logging_mixin.py:151} INFO - [2023-10-18T02:48:58.126+0000] {dag.py:2941} INFO - Sync 1 DAGs
[2023-10-18T02:48:58.138+0000] {logging_mixin.py:151} INFO - [2023-10-18T02:48:58.137+0000] {dag.py:3722} INFO - Setting next_dagrun for example_trigger_controller_dag to 2021-01-01T00:00:00+00:00, run_after=2021-01-01T00:00:00+00:00
[2023-10-18T02:48:58.147+0000] {processor.py:179} INFO - Processing /home/airflow/.local/lib/python3.8/site-packages/airflow/example_dags/example_trigger_controller_dag.py took 0.043 seconds
[2023-10-18T02:49:28.249+0000] {processor.py:157} INFO - Started process (PID=4441) to work on /home/airflow/.local/lib/python3.8/site-packages/airflow/example_dags/example_trigger_controller_dag.py
[2023-10-18T02:49:28.249+0000] {processor.py:829} INFO - Processing file /home/airflow/.local/lib/python3.8/site-packages/airflow/example_dags/example_trigger_controller_dag.py for tasks to queue
[2023-10-18T02:49:28.250+0000] {logging_mixin.py:151} INFO - [2023-10-18T02:49:28.250+0000] {dagbag.py:536} INFO - Filling up the DagBag from /home/airflow/.local/lib/python3.8/site-packages/airflow/example_dags/example_trigger_controller_dag.py
[2023-10-18T02:49:28.253+0000] {processor.py:839} INFO - DAG(s) dict_keys(['example_trigger_controller_dag']) retrieved from /home/airflow/.local/lib/python3.8/site-packages/airflow/example_dags/example_trigger_controller_dag.py
[2023-10-18T02:49:28.269+0000] {logging_mixin.py:151} INFO - [2023-10-18T02:49:28.269+0000] {dag.py:2941} INFO - Sync 1 DAGs
[2023-10-18T02:49:28.280+0000] {logging_mixin.py:151} INFO - [2023-10-18T02:49:28.280+0000] {dag.py:3722} INFO - Setting next_dagrun for example_trigger_controller_dag to 2021-01-01T00:00:00+00:00, run_after=2021-01-01T00:00:00+00:00
[2023-10-18T02:49:28.291+0000] {processor.py:179} INFO - Processing /home/airflow/.local/lib/python3.8/site-packages/airflow/example_dags/example_trigger_controller_dag.py took 0.045 seconds
[2023-10-18T02:49:58.410+0000] {processor.py:157} INFO - Started process (PID=4681) to work on /home/airflow/.local/lib/python3.8/site-packages/airflow/example_dags/example_trigger_controller_dag.py
[2023-10-18T02:49:58.411+0000] {processor.py:829} INFO - Processing file /home/airflow/.local/lib/python3.8/site-packages/airflow/example_dags/example_trigger_controller_dag.py for tasks to queue
[2023-10-18T02:49:58.412+0000] {logging_mixin.py:151} INFO - [2023-10-18T02:49:58.412+0000] {dagbag.py:536} INFO - Filling up the DagBag from /home/airflow/.local/lib/python3.8/site-packages/airflow/example_dags/example_trigger_controller_dag.py
[2023-10-18T02:49:58.415+0000] {processor.py:839} INFO - DAG(s) dict_keys(['example_trigger_controller_dag']) retrieved from /home/airflow/.local/lib/python3.8/site-packages/airflow/example_dags/example_trigger_controller_dag.py
[2023-10-18T02:49:58.430+0000] {logging_mixin.py:151} INFO - [2023-10-18T02:49:58.430+0000] {dag.py:2941} INFO - Sync 1 DAGs
[2023-10-18T02:49:58.441+0000] {logging_mixin.py:151} INFO - [2023-10-18T02:49:58.441+0000] {dag.py:3722} INFO - Setting next_dagrun for example_trigger_controller_dag to 2021-01-01T00:00:00+00:00, run_after=2021-01-01T00:00:00+00:00
[2023-10-18T02:49:58.449+0000] {processor.py:179} INFO - Processing /home/airflow/.local/lib/python3.8/site-packages/airflow/example_dags/example_trigger_controller_dag.py took 0.041 seconds
[2023-10-18T02:50:28.469+0000] {processor.py:157} INFO - Started process (PID=4918) to work on /home/airflow/.local/lib/python3.8/site-packages/airflow/example_dags/example_trigger_controller_dag.py
[2023-10-18T02:50:28.470+0000] {processor.py:829} INFO - Processing file /home/airflow/.local/lib/python3.8/site-packages/airflow/example_dags/example_trigger_controller_dag.py for tasks to queue
[2023-10-18T02:50:28.470+0000] {logging_mixin.py:151} INFO - [2023-10-18T02:50:28.470+0000] {dagbag.py:536} INFO - Filling up the DagBag from /home/airflow/.local/lib/python3.8/site-packages/airflow/example_dags/example_trigger_controller_dag.py
[2023-10-18T02:50:28.473+0000] {processor.py:839} INFO - DAG(s) dict_keys(['example_trigger_controller_dag']) retrieved from /home/airflow/.local/lib/python3.8/site-packages/airflow/example_dags/example_trigger_controller_dag.py
[2023-10-18T02:50:28.489+0000] {logging_mixin.py:151} INFO - [2023-10-18T02:50:28.489+0000] {dag.py:2941} INFO - Sync 1 DAGs
[2023-10-18T02:50:28.500+0000] {logging_mixin.py:151} INFO - [2023-10-18T02:50:28.500+0000] {dag.py:3722} INFO - Setting next_dagrun for example_trigger_controller_dag to 2021-01-01T00:00:00+00:00, run_after=2021-01-01T00:00:00+00:00
[2023-10-18T02:50:28.510+0000] {processor.py:179} INFO - Processing /home/airflow/.local/lib/python3.8/site-packages/airflow/example_dags/example_trigger_controller_dag.py took 0.043 seconds
[2023-10-18T02:50:58.571+0000] {processor.py:157} INFO - Started process (PID=5151) to work on /home/airflow/.local/lib/python3.8/site-packages/airflow/example_dags/example_trigger_controller_dag.py
[2023-10-18T02:50:58.572+0000] {processor.py:829} INFO - Processing file /home/airflow/.local/lib/python3.8/site-packages/airflow/example_dags/example_trigger_controller_dag.py for tasks to queue
[2023-10-18T02:50:58.572+0000] {logging_mixin.py:151} INFO - [2023-10-18T02:50:58.572+0000] {dagbag.py:536} INFO - Filling up the DagBag from /home/airflow/.local/lib/python3.8/site-packages/airflow/example_dags/example_trigger_controller_dag.py
[2023-10-18T02:50:58.576+0000] {processor.py:839} INFO - DAG(s) dict_keys(['example_trigger_controller_dag']) retrieved from /home/airflow/.local/lib/python3.8/site-packages/airflow/example_dags/example_trigger_controller_dag.py
[2023-10-18T02:50:58.592+0000] {logging_mixin.py:151} INFO - [2023-10-18T02:50:58.591+0000] {dag.py:2941} INFO - Sync 1 DAGs
[2023-10-18T02:50:58.604+0000] {logging_mixin.py:151} INFO - [2023-10-18T02:50:58.604+0000] {dag.py:3722} INFO - Setting next_dagrun for example_trigger_controller_dag to 2021-01-01T00:00:00+00:00, run_after=2021-01-01T00:00:00+00:00
[2023-10-18T02:50:58.614+0000] {processor.py:179} INFO - Processing /home/airflow/.local/lib/python3.8/site-packages/airflow/example_dags/example_trigger_controller_dag.py took 0.045 seconds
[2023-10-18T02:51:28.715+0000] {processor.py:157} INFO - Started process (PID=5389) to work on /home/airflow/.local/lib/python3.8/site-packages/airflow/example_dags/example_trigger_controller_dag.py
[2023-10-18T02:51:28.716+0000] {processor.py:829} INFO - Processing file /home/airflow/.local/lib/python3.8/site-packages/airflow/example_dags/example_trigger_controller_dag.py for tasks to queue
[2023-10-18T02:51:28.716+0000] {logging_mixin.py:151} INFO - [2023-10-18T02:51:28.716+0000] {dagbag.py:536} INFO - Filling up the DagBag from /home/airflow/.local/lib/python3.8/site-packages/airflow/example_dags/example_trigger_controller_dag.py
[2023-10-18T02:51:28.719+0000] {processor.py:839} INFO - DAG(s) dict_keys(['example_trigger_controller_dag']) retrieved from /home/airflow/.local/lib/python3.8/site-packages/airflow/example_dags/example_trigger_controller_dag.py
[2023-10-18T02:51:28.734+0000] {logging_mixin.py:151} INFO - [2023-10-18T02:51:28.734+0000] {dag.py:2941} INFO - Sync 1 DAGs
[2023-10-18T02:51:28.744+0000] {logging_mixin.py:151} INFO - [2023-10-18T02:51:28.744+0000] {dag.py:3722} INFO - Setting next_dagrun for example_trigger_controller_dag to 2021-01-01T00:00:00+00:00, run_after=2021-01-01T00:00:00+00:00
[2023-10-18T02:51:28.753+0000] {processor.py:179} INFO - Processing /home/airflow/.local/lib/python3.8/site-packages/airflow/example_dags/example_trigger_controller_dag.py took 0.040 seconds
[2023-10-18T02:51:58.876+0000] {processor.py:157} INFO - Started process (PID=5626) to work on /home/airflow/.local/lib/python3.8/site-packages/airflow/example_dags/example_trigger_controller_dag.py
[2023-10-18T02:51:58.876+0000] {processor.py:829} INFO - Processing file /home/airflow/.local/lib/python3.8/site-packages/airflow/example_dags/example_trigger_controller_dag.py for tasks to queue
[2023-10-18T02:51:58.877+0000] {logging_mixin.py:151} INFO - [2023-10-18T02:51:58.876+0000] {dagbag.py:536} INFO - Filling up the DagBag from /home/airflow/.local/lib/python3.8/site-packages/airflow/example_dags/example_trigger_controller_dag.py
[2023-10-18T02:51:58.880+0000] {processor.py:839} INFO - DAG(s) dict_keys(['example_trigger_controller_dag']) retrieved from /home/airflow/.local/lib/python3.8/site-packages/airflow/example_dags/example_trigger_controller_dag.py
[2023-10-18T02:51:58.898+0000] {logging_mixin.py:151} INFO - [2023-10-18T02:51:58.898+0000] {dag.py:2941} INFO - Sync 1 DAGs
[2023-10-18T02:51:58.910+0000] {logging_mixin.py:151} INFO - [2023-10-18T02:51:58.910+0000] {dag.py:3722} INFO - Setting next_dagrun for example_trigger_controller_dag to 2021-01-01T00:00:00+00:00, run_after=2021-01-01T00:00:00+00:00
[2023-10-18T02:51:58.918+0000] {processor.py:179} INFO - Processing /home/airflow/.local/lib/python3.8/site-packages/airflow/example_dags/example_trigger_controller_dag.py took 0.045 seconds
[2023-10-18T02:52:29.884+0000] {processor.py:157} INFO - Started process (PID=5863) to work on /home/airflow/.local/lib/python3.8/site-packages/airflow/example_dags/example_trigger_controller_dag.py
[2023-10-18T02:52:29.885+0000] {processor.py:829} INFO - Processing file /home/airflow/.local/lib/python3.8/site-packages/airflow/example_dags/example_trigger_controller_dag.py for tasks to queue
[2023-10-18T02:52:29.886+0000] {logging_mixin.py:151} INFO - [2023-10-18T02:52:29.886+0000] {dagbag.py:536} INFO - Filling up the DagBag from /home/airflow/.local/lib/python3.8/site-packages/airflow/example_dags/example_trigger_controller_dag.py
[2023-10-18T02:52:29.889+0000] {processor.py:839} INFO - DAG(s) dict_keys(['example_trigger_controller_dag']) retrieved from /home/airflow/.local/lib/python3.8/site-packages/airflow/example_dags/example_trigger_controller_dag.py
[2023-10-18T02:52:29.904+0000] {logging_mixin.py:151} INFO - [2023-10-18T02:52:29.904+0000] {dag.py:2941} INFO - Sync 1 DAGs
[2023-10-18T02:52:29.918+0000] {logging_mixin.py:151} INFO - [2023-10-18T02:52:29.918+0000] {dag.py:3722} INFO - Setting next_dagrun for example_trigger_controller_dag to 2021-01-01T00:00:00+00:00, run_after=2021-01-01T00:00:00+00:00
[2023-10-18T02:52:29.928+0000] {processor.py:179} INFO - Processing /home/airflow/.local/lib/python3.8/site-packages/airflow/example_dags/example_trigger_controller_dag.py took 0.046 seconds
[2023-10-18T02:53:00.024+0000] {processor.py:157} INFO - Started process (PID=6101) to work on /home/airflow/.local/lib/python3.8/site-packages/airflow/example_dags/example_trigger_controller_dag.py
[2023-10-18T02:53:00.025+0000] {processor.py:829} INFO - Processing file /home/airflow/.local/lib/python3.8/site-packages/airflow/example_dags/example_trigger_controller_dag.py for tasks to queue
[2023-10-18T02:53:00.026+0000] {logging_mixin.py:151} INFO - [2023-10-18T02:53:00.026+0000] {dagbag.py:536} INFO - Filling up the DagBag from /home/airflow/.local/lib/python3.8/site-packages/airflow/example_dags/example_trigger_controller_dag.py
[2023-10-18T02:53:00.029+0000] {processor.py:839} INFO - DAG(s) dict_keys(['example_trigger_controller_dag']) retrieved from /home/airflow/.local/lib/python3.8/site-packages/airflow/example_dags/example_trigger_controller_dag.py
[2023-10-18T02:53:00.045+0000] {logging_mixin.py:151} INFO - [2023-10-18T02:53:00.045+0000] {dag.py:2941} INFO - Sync 1 DAGs
[2023-10-18T02:53:00.057+0000] {logging_mixin.py:151} INFO - [2023-10-18T02:53:00.057+0000] {dag.py:3722} INFO - Setting next_dagrun for example_trigger_controller_dag to 2021-01-01T00:00:00+00:00, run_after=2021-01-01T00:00:00+00:00
[2023-10-18T02:53:00.066+0000] {processor.py:179} INFO - Processing /home/airflow/.local/lib/python3.8/site-packages/airflow/example_dags/example_trigger_controller_dag.py took 0.044 seconds
[2023-10-18T02:53:30.161+0000] {processor.py:157} INFO - Started process (PID=6339) to work on /home/airflow/.local/lib/python3.8/site-packages/airflow/example_dags/example_trigger_controller_dag.py
[2023-10-18T02:53:30.162+0000] {processor.py:829} INFO - Processing file /home/airflow/.local/lib/python3.8/site-packages/airflow/example_dags/example_trigger_controller_dag.py for tasks to queue
[2023-10-18T02:53:30.163+0000] {logging_mixin.py:151} INFO - [2023-10-18T02:53:30.162+0000] {dagbag.py:536} INFO - Filling up the DagBag from /home/airflow/.local/lib/python3.8/site-packages/airflow/example_dags/example_trigger_controller_dag.py
[2023-10-18T02:53:30.166+0000] {processor.py:839} INFO - DAG(s) dict_keys(['example_trigger_controller_dag']) retrieved from /home/airflow/.local/lib/python3.8/site-packages/airflow/example_dags/example_trigger_controller_dag.py
[2023-10-18T02:53:30.182+0000] {logging_mixin.py:151} INFO - [2023-10-18T02:53:30.182+0000] {dag.py:2941} INFO - Sync 1 DAGs
[2023-10-18T02:53:30.194+0000] {logging_mixin.py:151} INFO - [2023-10-18T02:53:30.194+0000] {dag.py:3722} INFO - Setting next_dagrun for example_trigger_controller_dag to 2021-01-01T00:00:00+00:00, run_after=2021-01-01T00:00:00+00:00
[2023-10-18T02:53:30.203+0000] {processor.py:179} INFO - Processing /home/airflow/.local/lib/python3.8/site-packages/airflow/example_dags/example_trigger_controller_dag.py took 0.044 seconds
