[2023-10-18T02:40:50.951+0000] {processor.py:157} INFO - Started process (PID=216) to work on /home/airflow/.local/lib/python3.8/site-packages/airflow/example_dags/example_local_kubernetes_executor.py
[2023-10-18T02:40:50.956+0000] {processor.py:829} INFO - Processing file /home/airflow/.local/lib/python3.8/site-packages/airflow/example_dags/example_local_kubernetes_executor.py for tasks to queue
[2023-10-18T02:40:50.957+0000] {logging_mixin.py:151} INFO - [2023-10-18T02:40:50.957+0000] {dagbag.py:536} INFO - Filling up the DagBag from /home/airflow/.local/lib/python3.8/site-packages/airflow/example_dags/example_local_kubernetes_executor.py
[2023-10-18T02:40:50.962+0000] {processor.py:839} INFO - DAG(s) dict_keys(['example_local_kubernetes_executor']) retrieved from /home/airflow/.local/lib/python3.8/site-packages/airflow/example_dags/example_local_kubernetes_executor.py
[2023-10-18T02:40:50.973+0000] {logging_mixin.py:151} INFO - [2023-10-18T02:40:50.972+0000] {dag.py:2941} INFO - Sync 1 DAGs
[2023-10-18T02:40:50.981+0000] {logging_mixin.py:151} INFO - [2023-10-18T02:40:50.981+0000] {dag.py:3722} INFO - Setting next_dagrun for example_local_kubernetes_executor to None, run_after=None
[2023-10-18T02:40:50.993+0000] {processor.py:179} INFO - Processing /home/airflow/.local/lib/python3.8/site-packages/airflow/example_dags/example_local_kubernetes_executor.py took 0.045 seconds
[2023-10-18T02:41:21.534+0000] {processor.py:157} INFO - Started process (PID=454) to work on /home/airflow/.local/lib/python3.8/site-packages/airflow/example_dags/example_local_kubernetes_executor.py
[2023-10-18T02:41:21.535+0000] {processor.py:829} INFO - Processing file /home/airflow/.local/lib/python3.8/site-packages/airflow/example_dags/example_local_kubernetes_executor.py for tasks to queue
[2023-10-18T02:41:21.536+0000] {logging_mixin.py:151} INFO - [2023-10-18T02:41:21.535+0000] {dagbag.py:536} INFO - Filling up the DagBag from /home/airflow/.local/lib/python3.8/site-packages/airflow/example_dags/example_local_kubernetes_executor.py
[2023-10-18T02:41:21.540+0000] {processor.py:839} INFO - DAG(s) dict_keys(['example_local_kubernetes_executor']) retrieved from /home/airflow/.local/lib/python3.8/site-packages/airflow/example_dags/example_local_kubernetes_executor.py
[2023-10-18T02:41:21.568+0000] {logging_mixin.py:151} INFO - [2023-10-18T02:41:21.568+0000] {dag.py:2941} INFO - Sync 1 DAGs
[2023-10-18T02:41:21.574+0000] {logging_mixin.py:151} INFO - [2023-10-18T02:41:21.574+0000] {dag.py:3722} INFO - Setting next_dagrun for example_local_kubernetes_executor to None, run_after=None
[2023-10-18T02:41:21.583+0000] {processor.py:179} INFO - Processing /home/airflow/.local/lib/python3.8/site-packages/airflow/example_dags/example_local_kubernetes_executor.py took 0.051 seconds
[2023-10-18T02:41:51.809+0000] {processor.py:157} INFO - Started process (PID=692) to work on /home/airflow/.local/lib/python3.8/site-packages/airflow/example_dags/example_local_kubernetes_executor.py
[2023-10-18T02:41:51.814+0000] {processor.py:829} INFO - Processing file /home/airflow/.local/lib/python3.8/site-packages/airflow/example_dags/example_local_kubernetes_executor.py for tasks to queue
[2023-10-18T02:41:51.815+0000] {logging_mixin.py:151} INFO - [2023-10-18T02:41:51.815+0000] {dagbag.py:536} INFO - Filling up the DagBag from /home/airflow/.local/lib/python3.8/site-packages/airflow/example_dags/example_local_kubernetes_executor.py
[2023-10-18T02:41:51.819+0000] {processor.py:839} INFO - DAG(s) dict_keys(['example_local_kubernetes_executor']) retrieved from /home/airflow/.local/lib/python3.8/site-packages/airflow/example_dags/example_local_kubernetes_executor.py
[2023-10-18T02:41:51.841+0000] {logging_mixin.py:151} INFO - [2023-10-18T02:41:51.841+0000] {dag.py:2941} INFO - Sync 1 DAGs
[2023-10-18T02:41:51.848+0000] {logging_mixin.py:151} INFO - [2023-10-18T02:41:51.848+0000] {dag.py:3722} INFO - Setting next_dagrun for example_local_kubernetes_executor to None, run_after=None
[2023-10-18T02:41:51.859+0000] {processor.py:179} INFO - Processing /home/airflow/.local/lib/python3.8/site-packages/airflow/example_dags/example_local_kubernetes_executor.py took 0.052 seconds
[2023-10-18T02:42:21.913+0000] {processor.py:157} INFO - Started process (PID=930) to work on /home/airflow/.local/lib/python3.8/site-packages/airflow/example_dags/example_local_kubernetes_executor.py
[2023-10-18T02:42:21.913+0000] {processor.py:829} INFO - Processing file /home/airflow/.local/lib/python3.8/site-packages/airflow/example_dags/example_local_kubernetes_executor.py for tasks to queue
[2023-10-18T02:42:21.914+0000] {logging_mixin.py:151} INFO - [2023-10-18T02:42:21.913+0000] {dagbag.py:536} INFO - Filling up the DagBag from /home/airflow/.local/lib/python3.8/site-packages/airflow/example_dags/example_local_kubernetes_executor.py
[2023-10-18T02:42:21.918+0000] {processor.py:839} INFO - DAG(s) dict_keys(['example_local_kubernetes_executor']) retrieved from /home/airflow/.local/lib/python3.8/site-packages/airflow/example_dags/example_local_kubernetes_executor.py
[2023-10-18T02:42:21.940+0000] {logging_mixin.py:151} INFO - [2023-10-18T02:42:21.940+0000] {dag.py:2941} INFO - Sync 1 DAGs
[2023-10-18T02:42:21.950+0000] {logging_mixin.py:151} INFO - [2023-10-18T02:42:21.950+0000] {dag.py:3722} INFO - Setting next_dagrun for example_local_kubernetes_executor to None, run_after=None
[2023-10-18T02:42:21.959+0000] {processor.py:179} INFO - Processing /home/airflow/.local/lib/python3.8/site-packages/airflow/example_dags/example_local_kubernetes_executor.py took 0.048 seconds
[2023-10-18T02:42:52.805+0000] {processor.py:157} INFO - Started process (PID=1216) to work on /home/airflow/.local/lib/python3.8/site-packages/airflow/example_dags/example_local_kubernetes_executor.py
[2023-10-18T02:42:52.806+0000] {processor.py:829} INFO - Processing file /home/airflow/.local/lib/python3.8/site-packages/airflow/example_dags/example_local_kubernetes_executor.py for tasks to queue
[2023-10-18T02:42:52.807+0000] {logging_mixin.py:151} INFO - [2023-10-18T02:42:52.806+0000] {dagbag.py:536} INFO - Filling up the DagBag from /home/airflow/.local/lib/python3.8/site-packages/airflow/example_dags/example_local_kubernetes_executor.py
[2023-10-18T02:42:52.811+0000] {processor.py:839} INFO - DAG(s) dict_keys(['example_local_kubernetes_executor']) retrieved from /home/airflow/.local/lib/python3.8/site-packages/airflow/example_dags/example_local_kubernetes_executor.py
[2023-10-18T02:42:52.836+0000] {logging_mixin.py:151} INFO - [2023-10-18T02:42:52.836+0000] {dag.py:2941} INFO - Sync 1 DAGs
[2023-10-18T02:42:52.843+0000] {logging_mixin.py:151} INFO - [2023-10-18T02:42:52.843+0000] {dag.py:3722} INFO - Setting next_dagrun for example_local_kubernetes_executor to None, run_after=None
[2023-10-18T02:42:52.853+0000] {processor.py:179} INFO - Processing /home/airflow/.local/lib/python3.8/site-packages/airflow/example_dags/example_local_kubernetes_executor.py took 0.051 seconds
[2023-10-18T02:43:22.887+0000] {processor.py:157} INFO - Started process (PID=1454) to work on /home/airflow/.local/lib/python3.8/site-packages/airflow/example_dags/example_local_kubernetes_executor.py
[2023-10-18T02:43:22.887+0000] {processor.py:829} INFO - Processing file /home/airflow/.local/lib/python3.8/site-packages/airflow/example_dags/example_local_kubernetes_executor.py for tasks to queue
[2023-10-18T02:43:22.888+0000] {logging_mixin.py:151} INFO - [2023-10-18T02:43:22.888+0000] {dagbag.py:536} INFO - Filling up the DagBag from /home/airflow/.local/lib/python3.8/site-packages/airflow/example_dags/example_local_kubernetes_executor.py
[2023-10-18T02:43:22.892+0000] {processor.py:839} INFO - DAG(s) dict_keys(['example_local_kubernetes_executor']) retrieved from /home/airflow/.local/lib/python3.8/site-packages/airflow/example_dags/example_local_kubernetes_executor.py
[2023-10-18T02:43:22.913+0000] {logging_mixin.py:151} INFO - [2023-10-18T02:43:22.913+0000] {dag.py:2941} INFO - Sync 1 DAGs
[2023-10-18T02:43:22.920+0000] {logging_mixin.py:151} INFO - [2023-10-18T02:43:22.920+0000] {dag.py:3722} INFO - Setting next_dagrun for example_local_kubernetes_executor to None, run_after=None
[2023-10-18T02:43:22.928+0000] {processor.py:179} INFO - Processing /home/airflow/.local/lib/python3.8/site-packages/airflow/example_dags/example_local_kubernetes_executor.py took 0.044 seconds
[2023-10-18T02:43:53.115+0000] {processor.py:157} INFO - Started process (PID=1691) to work on /home/airflow/.local/lib/python3.8/site-packages/airflow/example_dags/example_local_kubernetes_executor.py
[2023-10-18T02:43:53.115+0000] {processor.py:829} INFO - Processing file /home/airflow/.local/lib/python3.8/site-packages/airflow/example_dags/example_local_kubernetes_executor.py for tasks to queue
[2023-10-18T02:43:53.116+0000] {logging_mixin.py:151} INFO - [2023-10-18T02:43:53.116+0000] {dagbag.py:536} INFO - Filling up the DagBag from /home/airflow/.local/lib/python3.8/site-packages/airflow/example_dags/example_local_kubernetes_executor.py
[2023-10-18T02:43:53.121+0000] {processor.py:839} INFO - DAG(s) dict_keys(['example_local_kubernetes_executor']) retrieved from /home/airflow/.local/lib/python3.8/site-packages/airflow/example_dags/example_local_kubernetes_executor.py
[2023-10-18T02:43:53.144+0000] {logging_mixin.py:151} INFO - [2023-10-18T02:43:53.144+0000] {dag.py:2941} INFO - Sync 1 DAGs
[2023-10-18T02:43:53.151+0000] {logging_mixin.py:151} INFO - [2023-10-18T02:43:53.150+0000] {dag.py:3722} INFO - Setting next_dagrun for example_local_kubernetes_executor to None, run_after=None
[2023-10-18T02:43:53.159+0000] {processor.py:179} INFO - Processing /home/airflow/.local/lib/python3.8/site-packages/airflow/example_dags/example_local_kubernetes_executor.py took 0.047 seconds
[2023-10-18T02:44:24.014+0000] {processor.py:157} INFO - Started process (PID=1932) to work on /home/airflow/.local/lib/python3.8/site-packages/airflow/example_dags/example_local_kubernetes_executor.py
[2023-10-18T02:44:24.015+0000] {processor.py:829} INFO - Processing file /home/airflow/.local/lib/python3.8/site-packages/airflow/example_dags/example_local_kubernetes_executor.py for tasks to queue
[2023-10-18T02:44:24.015+0000] {logging_mixin.py:151} INFO - [2023-10-18T02:44:24.015+0000] {dagbag.py:536} INFO - Filling up the DagBag from /home/airflow/.local/lib/python3.8/site-packages/airflow/example_dags/example_local_kubernetes_executor.py
[2023-10-18T02:44:24.020+0000] {processor.py:839} INFO - DAG(s) dict_keys(['example_local_kubernetes_executor']) retrieved from /home/airflow/.local/lib/python3.8/site-packages/airflow/example_dags/example_local_kubernetes_executor.py
[2023-10-18T02:44:24.044+0000] {logging_mixin.py:151} INFO - [2023-10-18T02:44:24.044+0000] {dag.py:2941} INFO - Sync 1 DAGs
[2023-10-18T02:44:24.050+0000] {logging_mixin.py:151} INFO - [2023-10-18T02:44:24.050+0000] {dag.py:3722} INFO - Setting next_dagrun for example_local_kubernetes_executor to None, run_after=None
[2023-10-18T02:44:24.061+0000] {processor.py:179} INFO - Processing /home/airflow/.local/lib/python3.8/site-packages/airflow/example_dags/example_local_kubernetes_executor.py took 0.048 seconds
[2023-10-18T02:44:54.097+0000] {processor.py:157} INFO - Started process (PID=2171) to work on /home/airflow/.local/lib/python3.8/site-packages/airflow/example_dags/example_local_kubernetes_executor.py
[2023-10-18T02:44:54.097+0000] {processor.py:829} INFO - Processing file /home/airflow/.local/lib/python3.8/site-packages/airflow/example_dags/example_local_kubernetes_executor.py for tasks to queue
[2023-10-18T02:44:54.098+0000] {logging_mixin.py:151} INFO - [2023-10-18T02:44:54.098+0000] {dagbag.py:536} INFO - Filling up the DagBag from /home/airflow/.local/lib/python3.8/site-packages/airflow/example_dags/example_local_kubernetes_executor.py
[2023-10-18T02:44:54.103+0000] {processor.py:839} INFO - DAG(s) dict_keys(['example_local_kubernetes_executor']) retrieved from /home/airflow/.local/lib/python3.8/site-packages/airflow/example_dags/example_local_kubernetes_executor.py
[2023-10-18T02:44:54.125+0000] {logging_mixin.py:151} INFO - [2023-10-18T02:44:54.125+0000] {dag.py:2941} INFO - Sync 1 DAGs
[2023-10-18T02:44:54.131+0000] {logging_mixin.py:151} INFO - [2023-10-18T02:44:54.131+0000] {dag.py:3722} INFO - Setting next_dagrun for example_local_kubernetes_executor to None, run_after=None
[2023-10-18T02:44:54.139+0000] {processor.py:179} INFO - Processing /home/airflow/.local/lib/python3.8/site-packages/airflow/example_dags/example_local_kubernetes_executor.py took 0.044 seconds
[2023-10-18T02:45:24.329+0000] {processor.py:157} INFO - Started process (PID=2407) to work on /home/airflow/.local/lib/python3.8/site-packages/airflow/example_dags/example_local_kubernetes_executor.py
[2023-10-18T02:45:24.329+0000] {processor.py:829} INFO - Processing file /home/airflow/.local/lib/python3.8/site-packages/airflow/example_dags/example_local_kubernetes_executor.py for tasks to queue
[2023-10-18T02:45:24.330+0000] {logging_mixin.py:151} INFO - [2023-10-18T02:45:24.330+0000] {dagbag.py:536} INFO - Filling up the DagBag from /home/airflow/.local/lib/python3.8/site-packages/airflow/example_dags/example_local_kubernetes_executor.py
[2023-10-18T02:45:24.338+0000] {processor.py:839} INFO - DAG(s) dict_keys(['example_local_kubernetes_executor']) retrieved from /home/airflow/.local/lib/python3.8/site-packages/airflow/example_dags/example_local_kubernetes_executor.py
[2023-10-18T02:45:24.361+0000] {logging_mixin.py:151} INFO - [2023-10-18T02:45:24.361+0000] {dag.py:2941} INFO - Sync 1 DAGs
[2023-10-18T02:45:24.370+0000] {logging_mixin.py:151} INFO - [2023-10-18T02:45:24.369+0000] {dag.py:3722} INFO - Setting next_dagrun for example_local_kubernetes_executor to None, run_after=None
[2023-10-18T02:45:24.379+0000] {processor.py:179} INFO - Processing /home/airflow/.local/lib/python3.8/site-packages/airflow/example_dags/example_local_kubernetes_executor.py took 0.052 seconds
[2023-10-18T02:45:54.450+0000] {processor.py:157} INFO - Started process (PID=2647) to work on /home/airflow/.local/lib/python3.8/site-packages/airflow/example_dags/example_local_kubernetes_executor.py
[2023-10-18T02:45:54.450+0000] {processor.py:829} INFO - Processing file /home/airflow/.local/lib/python3.8/site-packages/airflow/example_dags/example_local_kubernetes_executor.py for tasks to queue
[2023-10-18T02:45:54.451+0000] {logging_mixin.py:151} INFO - [2023-10-18T02:45:54.451+0000] {dagbag.py:536} INFO - Filling up the DagBag from /home/airflow/.local/lib/python3.8/site-packages/airflow/example_dags/example_local_kubernetes_executor.py
[2023-10-18T02:45:54.456+0000] {processor.py:839} INFO - DAG(s) dict_keys(['example_local_kubernetes_executor']) retrieved from /home/airflow/.local/lib/python3.8/site-packages/airflow/example_dags/example_local_kubernetes_executor.py
[2023-10-18T02:45:54.478+0000] {logging_mixin.py:151} INFO - [2023-10-18T02:45:54.478+0000] {dag.py:2941} INFO - Sync 1 DAGs
[2023-10-18T02:45:54.484+0000] {logging_mixin.py:151} INFO - [2023-10-18T02:45:54.484+0000] {dag.py:3722} INFO - Setting next_dagrun for example_local_kubernetes_executor to None, run_after=None
[2023-10-18T02:45:54.494+0000] {processor.py:179} INFO - Processing /home/airflow/.local/lib/python3.8/site-packages/airflow/example_dags/example_local_kubernetes_executor.py took 0.047 seconds
[2023-10-18T02:46:24.552+0000] {processor.py:157} INFO - Started process (PID=2883) to work on /home/airflow/.local/lib/python3.8/site-packages/airflow/example_dags/example_local_kubernetes_executor.py
[2023-10-18T02:46:24.553+0000] {processor.py:829} INFO - Processing file /home/airflow/.local/lib/python3.8/site-packages/airflow/example_dags/example_local_kubernetes_executor.py for tasks to queue
[2023-10-18T02:46:24.553+0000] {logging_mixin.py:151} INFO - [2023-10-18T02:46:24.553+0000] {dagbag.py:536} INFO - Filling up the DagBag from /home/airflow/.local/lib/python3.8/site-packages/airflow/example_dags/example_local_kubernetes_executor.py
[2023-10-18T02:46:24.558+0000] {processor.py:839} INFO - DAG(s) dict_keys(['example_local_kubernetes_executor']) retrieved from /home/airflow/.local/lib/python3.8/site-packages/airflow/example_dags/example_local_kubernetes_executor.py
[2023-10-18T02:46:24.579+0000] {logging_mixin.py:151} INFO - [2023-10-18T02:46:24.579+0000] {dag.py:2941} INFO - Sync 1 DAGs
[2023-10-18T02:46:24.586+0000] {logging_mixin.py:151} INFO - [2023-10-18T02:46:24.586+0000] {dag.py:3722} INFO - Setting next_dagrun for example_local_kubernetes_executor to None, run_after=None
[2023-10-18T02:46:24.597+0000] {processor.py:179} INFO - Processing /home/airflow/.local/lib/python3.8/site-packages/airflow/example_dags/example_local_kubernetes_executor.py took 0.047 seconds
[2023-10-18T02:46:54.749+0000] {processor.py:157} INFO - Started process (PID=3121) to work on /home/airflow/.local/lib/python3.8/site-packages/airflow/example_dags/example_local_kubernetes_executor.py
[2023-10-18T02:46:54.750+0000] {processor.py:829} INFO - Processing file /home/airflow/.local/lib/python3.8/site-packages/airflow/example_dags/example_local_kubernetes_executor.py for tasks to queue
[2023-10-18T02:46:54.750+0000] {logging_mixin.py:151} INFO - [2023-10-18T02:46:54.750+0000] {dagbag.py:536} INFO - Filling up the DagBag from /home/airflow/.local/lib/python3.8/site-packages/airflow/example_dags/example_local_kubernetes_executor.py
[2023-10-18T02:46:54.755+0000] {processor.py:839} INFO - DAG(s) dict_keys(['example_local_kubernetes_executor']) retrieved from /home/airflow/.local/lib/python3.8/site-packages/airflow/example_dags/example_local_kubernetes_executor.py
[2023-10-18T02:46:54.778+0000] {logging_mixin.py:151} INFO - [2023-10-18T02:46:54.777+0000] {dag.py:2941} INFO - Sync 1 DAGs
[2023-10-18T02:46:54.787+0000] {logging_mixin.py:151} INFO - [2023-10-18T02:46:54.786+0000] {dag.py:3722} INFO - Setting next_dagrun for example_local_kubernetes_executor to None, run_after=None
[2023-10-18T02:46:54.795+0000] {processor.py:179} INFO - Processing /home/airflow/.local/lib/python3.8/site-packages/airflow/example_dags/example_local_kubernetes_executor.py took 0.048 seconds
[2023-10-18T02:47:25.640+0000] {processor.py:157} INFO - Started process (PID=3359) to work on /home/airflow/.local/lib/python3.8/site-packages/airflow/example_dags/example_local_kubernetes_executor.py
[2023-10-18T02:47:25.640+0000] {processor.py:829} INFO - Processing file /home/airflow/.local/lib/python3.8/site-packages/airflow/example_dags/example_local_kubernetes_executor.py for tasks to queue
[2023-10-18T02:47:25.641+0000] {logging_mixin.py:151} INFO - [2023-10-18T02:47:25.640+0000] {dagbag.py:536} INFO - Filling up the DagBag from /home/airflow/.local/lib/python3.8/site-packages/airflow/example_dags/example_local_kubernetes_executor.py
[2023-10-18T02:47:25.645+0000] {processor.py:839} INFO - DAG(s) dict_keys(['example_local_kubernetes_executor']) retrieved from /home/airflow/.local/lib/python3.8/site-packages/airflow/example_dags/example_local_kubernetes_executor.py
[2023-10-18T02:47:25.668+0000] {logging_mixin.py:151} INFO - [2023-10-18T02:47:25.668+0000] {dag.py:2941} INFO - Sync 1 DAGs
[2023-10-18T02:47:25.675+0000] {logging_mixin.py:151} INFO - [2023-10-18T02:47:25.675+0000] {dag.py:3722} INFO - Setting next_dagrun for example_local_kubernetes_executor to None, run_after=None
[2023-10-18T02:47:25.684+0000] {processor.py:179} INFO - Processing /home/airflow/.local/lib/python3.8/site-packages/airflow/example_dags/example_local_kubernetes_executor.py took 0.047 seconds
[2023-10-18T02:47:55.768+0000] {processor.py:157} INFO - Started process (PID=3597) to work on /home/airflow/.local/lib/python3.8/site-packages/airflow/example_dags/example_local_kubernetes_executor.py
[2023-10-18T02:47:55.769+0000] {processor.py:829} INFO - Processing file /home/airflow/.local/lib/python3.8/site-packages/airflow/example_dags/example_local_kubernetes_executor.py for tasks to queue
[2023-10-18T02:47:55.770+0000] {logging_mixin.py:151} INFO - [2023-10-18T02:47:55.769+0000] {dagbag.py:536} INFO - Filling up the DagBag from /home/airflow/.local/lib/python3.8/site-packages/airflow/example_dags/example_local_kubernetes_executor.py
[2023-10-18T02:47:55.775+0000] {processor.py:839} INFO - DAG(s) dict_keys(['example_local_kubernetes_executor']) retrieved from /home/airflow/.local/lib/python3.8/site-packages/airflow/example_dags/example_local_kubernetes_executor.py
[2023-10-18T02:47:55.796+0000] {logging_mixin.py:151} INFO - [2023-10-18T02:47:55.796+0000] {dag.py:2941} INFO - Sync 1 DAGs
[2023-10-18T02:47:55.802+0000] {logging_mixin.py:151} INFO - [2023-10-18T02:47:55.802+0000] {dag.py:3722} INFO - Setting next_dagrun for example_local_kubernetes_executor to None, run_after=None
[2023-10-18T02:47:55.814+0000] {processor.py:179} INFO - Processing /home/airflow/.local/lib/python3.8/site-packages/airflow/example_dags/example_local_kubernetes_executor.py took 0.047 seconds
[2023-10-18T02:48:25.981+0000] {processor.py:157} INFO - Started process (PID=3835) to work on /home/airflow/.local/lib/python3.8/site-packages/airflow/example_dags/example_local_kubernetes_executor.py
[2023-10-18T02:48:25.981+0000] {processor.py:829} INFO - Processing file /home/airflow/.local/lib/python3.8/site-packages/airflow/example_dags/example_local_kubernetes_executor.py for tasks to queue
[2023-10-18T02:48:25.982+0000] {logging_mixin.py:151} INFO - [2023-10-18T02:48:25.982+0000] {dagbag.py:536} INFO - Filling up the DagBag from /home/airflow/.local/lib/python3.8/site-packages/airflow/example_dags/example_local_kubernetes_executor.py
[2023-10-18T02:48:25.987+0000] {processor.py:839} INFO - DAG(s) dict_keys(['example_local_kubernetes_executor']) retrieved from /home/airflow/.local/lib/python3.8/site-packages/airflow/example_dags/example_local_kubernetes_executor.py
[2023-10-18T02:48:26.008+0000] {logging_mixin.py:151} INFO - [2023-10-18T02:48:26.008+0000] {dag.py:2941} INFO - Sync 1 DAGs
[2023-10-18T02:48:26.014+0000] {logging_mixin.py:151} INFO - [2023-10-18T02:48:26.014+0000] {dag.py:3722} INFO - Setting next_dagrun for example_local_kubernetes_executor to None, run_after=None
[2023-10-18T02:48:26.022+0000] {processor.py:179} INFO - Processing /home/airflow/.local/lib/python3.8/site-packages/airflow/example_dags/example_local_kubernetes_executor.py took 0.043 seconds
[2023-10-18T02:48:56.146+0000] {processor.py:157} INFO - Started process (PID=4073) to work on /home/airflow/.local/lib/python3.8/site-packages/airflow/example_dags/example_local_kubernetes_executor.py
[2023-10-18T02:48:56.147+0000] {processor.py:829} INFO - Processing file /home/airflow/.local/lib/python3.8/site-packages/airflow/example_dags/example_local_kubernetes_executor.py for tasks to queue
[2023-10-18T02:48:56.148+0000] {logging_mixin.py:151} INFO - [2023-10-18T02:48:56.147+0000] {dagbag.py:536} INFO - Filling up the DagBag from /home/airflow/.local/lib/python3.8/site-packages/airflow/example_dags/example_local_kubernetes_executor.py
[2023-10-18T02:48:56.152+0000] {processor.py:839} INFO - DAG(s) dict_keys(['example_local_kubernetes_executor']) retrieved from /home/airflow/.local/lib/python3.8/site-packages/airflow/example_dags/example_local_kubernetes_executor.py
[2023-10-18T02:48:56.174+0000] {logging_mixin.py:151} INFO - [2023-10-18T02:48:56.174+0000] {dag.py:2941} INFO - Sync 1 DAGs
[2023-10-18T02:48:56.181+0000] {logging_mixin.py:151} INFO - [2023-10-18T02:48:56.181+0000] {dag.py:3722} INFO - Setting next_dagrun for example_local_kubernetes_executor to None, run_after=None
[2023-10-18T02:48:56.189+0000] {processor.py:179} INFO - Processing /home/airflow/.local/lib/python3.8/site-packages/airflow/example_dags/example_local_kubernetes_executor.py took 0.045 seconds
[2023-10-18T02:49:26.344+0000] {processor.py:157} INFO - Started process (PID=4311) to work on /home/airflow/.local/lib/python3.8/site-packages/airflow/example_dags/example_local_kubernetes_executor.py
[2023-10-18T02:49:26.345+0000] {processor.py:829} INFO - Processing file /home/airflow/.local/lib/python3.8/site-packages/airflow/example_dags/example_local_kubernetes_executor.py for tasks to queue
[2023-10-18T02:49:26.345+0000] {logging_mixin.py:151} INFO - [2023-10-18T02:49:26.345+0000] {dagbag.py:536} INFO - Filling up the DagBag from /home/airflow/.local/lib/python3.8/site-packages/airflow/example_dags/example_local_kubernetes_executor.py
[2023-10-18T02:49:26.350+0000] {processor.py:839} INFO - DAG(s) dict_keys(['example_local_kubernetes_executor']) retrieved from /home/airflow/.local/lib/python3.8/site-packages/airflow/example_dags/example_local_kubernetes_executor.py
[2023-10-18T02:49:26.376+0000] {logging_mixin.py:151} INFO - [2023-10-18T02:49:26.376+0000] {dag.py:2941} INFO - Sync 1 DAGs
[2023-10-18T02:49:26.382+0000] {logging_mixin.py:151} INFO - [2023-10-18T02:49:26.382+0000] {dag.py:3722} INFO - Setting next_dagrun for example_local_kubernetes_executor to None, run_after=None
[2023-10-18T02:49:26.391+0000] {processor.py:179} INFO - Processing /home/airflow/.local/lib/python3.8/site-packages/airflow/example_dags/example_local_kubernetes_executor.py took 0.050 seconds
[2023-10-18T02:49:56.449+0000] {processor.py:157} INFO - Started process (PID=4549) to work on /home/airflow/.local/lib/python3.8/site-packages/airflow/example_dags/example_local_kubernetes_executor.py
[2023-10-18T02:49:56.450+0000] {processor.py:829} INFO - Processing file /home/airflow/.local/lib/python3.8/site-packages/airflow/example_dags/example_local_kubernetes_executor.py for tasks to queue
[2023-10-18T02:49:56.450+0000] {logging_mixin.py:151} INFO - [2023-10-18T02:49:56.450+0000] {dagbag.py:536} INFO - Filling up the DagBag from /home/airflow/.local/lib/python3.8/site-packages/airflow/example_dags/example_local_kubernetes_executor.py
[2023-10-18T02:49:56.455+0000] {processor.py:839} INFO - DAG(s) dict_keys(['example_local_kubernetes_executor']) retrieved from /home/airflow/.local/lib/python3.8/site-packages/airflow/example_dags/example_local_kubernetes_executor.py
[2023-10-18T02:49:56.480+0000] {logging_mixin.py:151} INFO - [2023-10-18T02:49:56.479+0000] {dag.py:2941} INFO - Sync 1 DAGs
[2023-10-18T02:49:56.487+0000] {logging_mixin.py:151} INFO - [2023-10-18T02:49:56.487+0000] {dag.py:3722} INFO - Setting next_dagrun for example_local_kubernetes_executor to None, run_after=None
[2023-10-18T02:49:56.496+0000] {processor.py:179} INFO - Processing /home/airflow/.local/lib/python3.8/site-packages/airflow/example_dags/example_local_kubernetes_executor.py took 0.050 seconds
[2023-10-18T02:50:26.564+0000] {processor.py:157} INFO - Started process (PID=4788) to work on /home/airflow/.local/lib/python3.8/site-packages/airflow/example_dags/example_local_kubernetes_executor.py
[2023-10-18T02:50:26.565+0000] {processor.py:829} INFO - Processing file /home/airflow/.local/lib/python3.8/site-packages/airflow/example_dags/example_local_kubernetes_executor.py for tasks to queue
[2023-10-18T02:50:26.566+0000] {logging_mixin.py:151} INFO - [2023-10-18T02:50:26.566+0000] {dagbag.py:536} INFO - Filling up the DagBag from /home/airflow/.local/lib/python3.8/site-packages/airflow/example_dags/example_local_kubernetes_executor.py
[2023-10-18T02:50:26.571+0000] {processor.py:839} INFO - DAG(s) dict_keys(['example_local_kubernetes_executor']) retrieved from /home/airflow/.local/lib/python3.8/site-packages/airflow/example_dags/example_local_kubernetes_executor.py
[2023-10-18T02:50:26.596+0000] {logging_mixin.py:151} INFO - [2023-10-18T02:50:26.596+0000] {dag.py:2941} INFO - Sync 1 DAGs
[2023-10-18T02:50:26.604+0000] {logging_mixin.py:151} INFO - [2023-10-18T02:50:26.604+0000] {dag.py:3722} INFO - Setting next_dagrun for example_local_kubernetes_executor to None, run_after=None
[2023-10-18T02:50:26.615+0000] {processor.py:179} INFO - Processing /home/airflow/.local/lib/python3.8/site-packages/airflow/example_dags/example_local_kubernetes_executor.py took 0.054 seconds
[2023-10-18T02:50:56.745+0000] {processor.py:157} INFO - Started process (PID=5026) to work on /home/airflow/.local/lib/python3.8/site-packages/airflow/example_dags/example_local_kubernetes_executor.py
[2023-10-18T02:50:56.746+0000] {processor.py:829} INFO - Processing file /home/airflow/.local/lib/python3.8/site-packages/airflow/example_dags/example_local_kubernetes_executor.py for tasks to queue
[2023-10-18T02:50:56.747+0000] {logging_mixin.py:151} INFO - [2023-10-18T02:50:56.746+0000] {dagbag.py:536} INFO - Filling up the DagBag from /home/airflow/.local/lib/python3.8/site-packages/airflow/example_dags/example_local_kubernetes_executor.py
[2023-10-18T02:50:56.751+0000] {processor.py:839} INFO - DAG(s) dict_keys(['example_local_kubernetes_executor']) retrieved from /home/airflow/.local/lib/python3.8/site-packages/airflow/example_dags/example_local_kubernetes_executor.py
[2023-10-18T02:50:56.774+0000] {logging_mixin.py:151} INFO - [2023-10-18T02:50:56.774+0000] {dag.py:2941} INFO - Sync 1 DAGs
[2023-10-18T02:50:56.781+0000] {logging_mixin.py:151} INFO - [2023-10-18T02:50:56.781+0000] {dag.py:3722} INFO - Setting next_dagrun for example_local_kubernetes_executor to None, run_after=None
[2023-10-18T02:50:56.790+0000] {processor.py:179} INFO - Processing /home/airflow/.local/lib/python3.8/site-packages/airflow/example_dags/example_local_kubernetes_executor.py took 0.047 seconds
[2023-10-18T02:51:26.899+0000] {processor.py:157} INFO - Started process (PID=5264) to work on /home/airflow/.local/lib/python3.8/site-packages/airflow/example_dags/example_local_kubernetes_executor.py
[2023-10-18T02:51:26.899+0000] {processor.py:829} INFO - Processing file /home/airflow/.local/lib/python3.8/site-packages/airflow/example_dags/example_local_kubernetes_executor.py for tasks to queue
[2023-10-18T02:51:26.900+0000] {logging_mixin.py:151} INFO - [2023-10-18T02:51:26.900+0000] {dagbag.py:536} INFO - Filling up the DagBag from /home/airflow/.local/lib/python3.8/site-packages/airflow/example_dags/example_local_kubernetes_executor.py
[2023-10-18T02:51:26.905+0000] {processor.py:839} INFO - DAG(s) dict_keys(['example_local_kubernetes_executor']) retrieved from /home/airflow/.local/lib/python3.8/site-packages/airflow/example_dags/example_local_kubernetes_executor.py
[2023-10-18T02:51:26.925+0000] {logging_mixin.py:151} INFO - [2023-10-18T02:51:26.925+0000] {dag.py:2941} INFO - Sync 1 DAGs
[2023-10-18T02:51:26.931+0000] {logging_mixin.py:151} INFO - [2023-10-18T02:51:26.931+0000] {dag.py:3722} INFO - Setting next_dagrun for example_local_kubernetes_executor to None, run_after=None
[2023-10-18T02:51:26.941+0000] {processor.py:179} INFO - Processing /home/airflow/.local/lib/python3.8/site-packages/airflow/example_dags/example_local_kubernetes_executor.py took 0.044 seconds
[2023-10-18T02:51:57.075+0000] {processor.py:157} INFO - Started process (PID=5501) to work on /home/airflow/.local/lib/python3.8/site-packages/airflow/example_dags/example_local_kubernetes_executor.py
[2023-10-18T02:51:57.076+0000] {processor.py:829} INFO - Processing file /home/airflow/.local/lib/python3.8/site-packages/airflow/example_dags/example_local_kubernetes_executor.py for tasks to queue
[2023-10-18T02:51:57.077+0000] {logging_mixin.py:151} INFO - [2023-10-18T02:51:57.076+0000] {dagbag.py:536} INFO - Filling up the DagBag from /home/airflow/.local/lib/python3.8/site-packages/airflow/example_dags/example_local_kubernetes_executor.py
[2023-10-18T02:51:57.081+0000] {processor.py:839} INFO - DAG(s) dict_keys(['example_local_kubernetes_executor']) retrieved from /home/airflow/.local/lib/python3.8/site-packages/airflow/example_dags/example_local_kubernetes_executor.py
[2023-10-18T02:51:57.103+0000] {logging_mixin.py:151} INFO - [2023-10-18T02:51:57.103+0000] {dag.py:2941} INFO - Sync 1 DAGs
[2023-10-18T02:51:57.111+0000] {logging_mixin.py:151} INFO - [2023-10-18T02:51:57.110+0000] {dag.py:3722} INFO - Setting next_dagrun for example_local_kubernetes_executor to None, run_after=None
[2023-10-18T02:51:57.121+0000] {processor.py:179} INFO - Processing /home/airflow/.local/lib/python3.8/site-packages/airflow/example_dags/example_local_kubernetes_executor.py took 0.048 seconds
[2023-10-18T02:52:27.966+0000] {processor.py:157} INFO - Started process (PID=5738) to work on /home/airflow/.local/lib/python3.8/site-packages/airflow/example_dags/example_local_kubernetes_executor.py
[2023-10-18T02:52:27.972+0000] {processor.py:829} INFO - Processing file /home/airflow/.local/lib/python3.8/site-packages/airflow/example_dags/example_local_kubernetes_executor.py for tasks to queue
[2023-10-18T02:52:27.973+0000] {logging_mixin.py:151} INFO - [2023-10-18T02:52:27.972+0000] {dagbag.py:536} INFO - Filling up the DagBag from /home/airflow/.local/lib/python3.8/site-packages/airflow/example_dags/example_local_kubernetes_executor.py
[2023-10-18T02:52:27.978+0000] {processor.py:839} INFO - DAG(s) dict_keys(['example_local_kubernetes_executor']) retrieved from /home/airflow/.local/lib/python3.8/site-packages/airflow/example_dags/example_local_kubernetes_executor.py
[2023-10-18T02:52:28.002+0000] {logging_mixin.py:151} INFO - [2023-10-18T02:52:28.002+0000] {dag.py:2941} INFO - Sync 1 DAGs
[2023-10-18T02:52:28.008+0000] {logging_mixin.py:151} INFO - [2023-10-18T02:52:28.008+0000] {dag.py:3722} INFO - Setting next_dagrun for example_local_kubernetes_executor to None, run_after=None
[2023-10-18T02:52:28.020+0000] {processor.py:179} INFO - Processing /home/airflow/.local/lib/python3.8/site-packages/airflow/example_dags/example_local_kubernetes_executor.py took 0.056 seconds
[2023-10-18T02:52:58.170+0000] {processor.py:157} INFO - Started process (PID=5976) to work on /home/airflow/.local/lib/python3.8/site-packages/airflow/example_dags/example_local_kubernetes_executor.py
[2023-10-18T02:52:58.170+0000] {processor.py:829} INFO - Processing file /home/airflow/.local/lib/python3.8/site-packages/airflow/example_dags/example_local_kubernetes_executor.py for tasks to queue
[2023-10-18T02:52:58.171+0000] {logging_mixin.py:151} INFO - [2023-10-18T02:52:58.171+0000] {dagbag.py:536} INFO - Filling up the DagBag from /home/airflow/.local/lib/python3.8/site-packages/airflow/example_dags/example_local_kubernetes_executor.py
[2023-10-18T02:52:58.176+0000] {processor.py:839} INFO - DAG(s) dict_keys(['example_local_kubernetes_executor']) retrieved from /home/airflow/.local/lib/python3.8/site-packages/airflow/example_dags/example_local_kubernetes_executor.py
[2023-10-18T02:52:58.198+0000] {logging_mixin.py:151} INFO - [2023-10-18T02:52:58.198+0000] {dag.py:2941} INFO - Sync 1 DAGs
[2023-10-18T02:52:58.205+0000] {logging_mixin.py:151} INFO - [2023-10-18T02:52:58.204+0000] {dag.py:3722} INFO - Setting next_dagrun for example_local_kubernetes_executor to None, run_after=None
[2023-10-18T02:52:58.214+0000] {processor.py:179} INFO - Processing /home/airflow/.local/lib/python3.8/site-packages/airflow/example_dags/example_local_kubernetes_executor.py took 0.047 seconds
[2023-10-18T02:53:28.336+0000] {processor.py:157} INFO - Started process (PID=6214) to work on /home/airflow/.local/lib/python3.8/site-packages/airflow/example_dags/example_local_kubernetes_executor.py
[2023-10-18T02:53:28.337+0000] {processor.py:829} INFO - Processing file /home/airflow/.local/lib/python3.8/site-packages/airflow/example_dags/example_local_kubernetes_executor.py for tasks to queue
[2023-10-18T02:53:28.338+0000] {logging_mixin.py:151} INFO - [2023-10-18T02:53:28.337+0000] {dagbag.py:536} INFO - Filling up the DagBag from /home/airflow/.local/lib/python3.8/site-packages/airflow/example_dags/example_local_kubernetes_executor.py
[2023-10-18T02:53:28.342+0000] {processor.py:839} INFO - DAG(s) dict_keys(['example_local_kubernetes_executor']) retrieved from /home/airflow/.local/lib/python3.8/site-packages/airflow/example_dags/example_local_kubernetes_executor.py
[2023-10-18T02:53:28.365+0000] {logging_mixin.py:151} INFO - [2023-10-18T02:53:28.365+0000] {dag.py:2941} INFO - Sync 1 DAGs
[2023-10-18T02:53:28.372+0000] {logging_mixin.py:151} INFO - [2023-10-18T02:53:28.371+0000] {dag.py:3722} INFO - Setting next_dagrun for example_local_kubernetes_executor to None, run_after=None
[2023-10-18T02:53:28.381+0000] {processor.py:179} INFO - Processing /home/airflow/.local/lib/python3.8/site-packages/airflow/example_dags/example_local_kubernetes_executor.py took 0.047 seconds
[2023-10-18T02:53:59.319+0000] {processor.py:157} INFO - Started process (PID=6452) to work on /home/airflow/.local/lib/python3.8/site-packages/airflow/example_dags/example_local_kubernetes_executor.py
[2023-10-18T02:53:59.319+0000] {processor.py:829} INFO - Processing file /home/airflow/.local/lib/python3.8/site-packages/airflow/example_dags/example_local_kubernetes_executor.py for tasks to queue
[2023-10-18T02:53:59.320+0000] {logging_mixin.py:151} INFO - [2023-10-18T02:53:59.320+0000] {dagbag.py:536} INFO - Filling up the DagBag from /home/airflow/.local/lib/python3.8/site-packages/airflow/example_dags/example_local_kubernetes_executor.py
[2023-10-18T02:53:59.325+0000] {processor.py:839} INFO - DAG(s) dict_keys(['example_local_kubernetes_executor']) retrieved from /home/airflow/.local/lib/python3.8/site-packages/airflow/example_dags/example_local_kubernetes_executor.py
[2023-10-18T02:53:59.347+0000] {logging_mixin.py:151} INFO - [2023-10-18T02:53:59.347+0000] {dag.py:2941} INFO - Sync 1 DAGs
[2023-10-18T02:53:59.354+0000] {logging_mixin.py:151} INFO - [2023-10-18T02:53:59.354+0000] {dag.py:3722} INFO - Setting next_dagrun for example_local_kubernetes_executor to None, run_after=None
[2023-10-18T02:53:59.364+0000] {processor.py:179} INFO - Processing /home/airflow/.local/lib/python3.8/site-packages/airflow/example_dags/example_local_kubernetes_executor.py took 0.047 seconds
