[2023-10-18T02:40:50.776+0000] {processor.py:157} INFO - Started process (PID=196) to work on /home/airflow/.local/lib/python3.8/site-packages/airflow/example_dags/example_subdag_operator.py
[2023-10-18T02:40:50.776+0000] {processor.py:829} INFO - Processing file /home/airflow/.local/lib/python3.8/site-packages/airflow/example_dags/example_subdag_operator.py for tasks to queue
[2023-10-18T02:40:50.777+0000] {logging_mixin.py:151} INFO - [2023-10-18T02:40:50.777+0000] {dagbag.py:536} INFO - Filling up the DagBag from /home/airflow/.local/lib/python3.8/site-packages/airflow/example_dags/example_subdag_operator.py
[2023-10-18T02:40:50.799+0000] {processor.py:839} INFO - DAG(s) dict_keys(['example_subdag_operator.section-1', 'example_subdag_operator.section-2', 'example_subdag_operator']) retrieved from /home/airflow/.local/lib/python3.8/site-packages/airflow/example_dags/example_subdag_operator.py
[2023-10-18T02:40:50.801+0000] {logging_mixin.py:151} INFO - [2023-10-18T02:40:50.801+0000] {dag.py:2941} INFO - Sync 3 DAGs
[2023-10-18T02:40:50.816+0000] {logging_mixin.py:151} INFO - [2023-10-18T02:40:50.816+0000] {dag.py:3722} INFO - Setting next_dagrun for example_subdag_operator to 2022-01-01T00:00:00+00:00, run_after=2022-01-01T00:00:00+00:00
[2023-10-18T02:40:50.817+0000] {logging_mixin.py:151} INFO - [2023-10-18T02:40:50.817+0000] {dag.py:3722} INFO - Setting next_dagrun for example_subdag_operator.section-1 to None, run_after=None
[2023-10-18T02:40:50.818+0000] {logging_mixin.py:151} INFO - [2023-10-18T02:40:50.818+0000] {dag.py:3722} INFO - Setting next_dagrun for example_subdag_operator.section-2 to None, run_after=None
[2023-10-18T02:40:50.823+0000] {logging_mixin.py:151} INFO - [2023-10-18T02:40:50.823+0000] {dag.py:2941} INFO - Sync 2 DAGs
[2023-10-18T02:40:50.826+0000] {logging_mixin.py:151} INFO - [2023-10-18T02:40:50.826+0000] {dag.py:3722} INFO - Setting next_dagrun for example_subdag_operator.section-1 to None, run_after=None
[2023-10-18T02:40:50.827+0000] {logging_mixin.py:151} INFO - [2023-10-18T02:40:50.827+0000] {dag.py:3722} INFO - Setting next_dagrun for example_subdag_operator.section-2 to None, run_after=None
[2023-10-18T02:40:50.833+0000] {processor.py:179} INFO - Processing /home/airflow/.local/lib/python3.8/site-packages/airflow/example_dags/example_subdag_operator.py took 0.059 seconds
[2023-10-18T02:41:21.411+0000] {processor.py:157} INFO - Started process (PID=434) to work on /home/airflow/.local/lib/python3.8/site-packages/airflow/example_dags/example_subdag_operator.py
[2023-10-18T02:41:21.412+0000] {processor.py:829} INFO - Processing file /home/airflow/.local/lib/python3.8/site-packages/airflow/example_dags/example_subdag_operator.py for tasks to queue
[2023-10-18T02:41:21.413+0000] {logging_mixin.py:151} INFO - [2023-10-18T02:41:21.412+0000] {dagbag.py:536} INFO - Filling up the DagBag from /home/airflow/.local/lib/python3.8/site-packages/airflow/example_dags/example_subdag_operator.py
[2023-10-18T02:41:21.429+0000] {processor.py:839} INFO - DAG(s) dict_keys(['example_subdag_operator.section-1', 'example_subdag_operator.section-2', 'example_subdag_operator']) retrieved from /home/airflow/.local/lib/python3.8/site-packages/airflow/example_dags/example_subdag_operator.py
[2023-10-18T02:41:21.438+0000] {logging_mixin.py:151} INFO - [2023-10-18T02:41:21.438+0000] {dag.py:2941} INFO - Sync 3 DAGs
[2023-10-18T02:41:21.450+0000] {logging_mixin.py:151} INFO - [2023-10-18T02:41:21.449+0000] {dag.py:3722} INFO - Setting next_dagrun for example_subdag_operator to 2022-01-01T00:00:00+00:00, run_after=2022-01-01T00:00:00+00:00
[2023-10-18T02:41:21.451+0000] {logging_mixin.py:151} INFO - [2023-10-18T02:41:21.451+0000] {dag.py:3722} INFO - Setting next_dagrun for example_subdag_operator.section-1 to None, run_after=None
[2023-10-18T02:41:21.452+0000] {logging_mixin.py:151} INFO - [2023-10-18T02:41:21.452+0000] {dag.py:3722} INFO - Setting next_dagrun for example_subdag_operator.section-2 to None, run_after=None
[2023-10-18T02:41:21.456+0000] {logging_mixin.py:151} INFO - [2023-10-18T02:41:21.456+0000] {dag.py:2941} INFO - Sync 2 DAGs
[2023-10-18T02:41:21.459+0000] {logging_mixin.py:151} INFO - [2023-10-18T02:41:21.459+0000] {dag.py:3722} INFO - Setting next_dagrun for example_subdag_operator.section-1 to None, run_after=None
[2023-10-18T02:41:21.459+0000] {logging_mixin.py:151} INFO - [2023-10-18T02:41:21.459+0000] {dag.py:3722} INFO - Setting next_dagrun for example_subdag_operator.section-2 to None, run_after=None
[2023-10-18T02:41:21.464+0000] {processor.py:179} INFO - Processing /home/airflow/.local/lib/python3.8/site-packages/airflow/example_dags/example_subdag_operator.py took 0.055 seconds
[2023-10-18T02:41:51.678+0000] {processor.py:157} INFO - Started process (PID=674) to work on /home/airflow/.local/lib/python3.8/site-packages/airflow/example_dags/example_subdag_operator.py
[2023-10-18T02:41:51.679+0000] {processor.py:829} INFO - Processing file /home/airflow/.local/lib/python3.8/site-packages/airflow/example_dags/example_subdag_operator.py for tasks to queue
[2023-10-18T02:41:51.680+0000] {logging_mixin.py:151} INFO - [2023-10-18T02:41:51.680+0000] {dagbag.py:536} INFO - Filling up the DagBag from /home/airflow/.local/lib/python3.8/site-packages/airflow/example_dags/example_subdag_operator.py
[2023-10-18T02:41:51.697+0000] {processor.py:839} INFO - DAG(s) dict_keys(['example_subdag_operator.section-1', 'example_subdag_operator.section-2', 'example_subdag_operator']) retrieved from /home/airflow/.local/lib/python3.8/site-packages/airflow/example_dags/example_subdag_operator.py
[2023-10-18T02:41:51.706+0000] {logging_mixin.py:151} INFO - [2023-10-18T02:41:51.706+0000] {dag.py:2941} INFO - Sync 3 DAGs
[2023-10-18T02:41:51.718+0000] {logging_mixin.py:151} INFO - [2023-10-18T02:41:51.718+0000] {dag.py:3722} INFO - Setting next_dagrun for example_subdag_operator to 2022-01-01T00:00:00+00:00, run_after=2022-01-01T00:00:00+00:00
[2023-10-18T02:41:51.720+0000] {logging_mixin.py:151} INFO - [2023-10-18T02:41:51.720+0000] {dag.py:3722} INFO - Setting next_dagrun for example_subdag_operator.section-1 to None, run_after=None
[2023-10-18T02:41:51.721+0000] {logging_mixin.py:151} INFO - [2023-10-18T02:41:51.721+0000] {dag.py:3722} INFO - Setting next_dagrun for example_subdag_operator.section-2 to None, run_after=None
[2023-10-18T02:41:51.724+0000] {logging_mixin.py:151} INFO - [2023-10-18T02:41:51.724+0000] {dag.py:2941} INFO - Sync 2 DAGs
[2023-10-18T02:41:51.727+0000] {logging_mixin.py:151} INFO - [2023-10-18T02:41:51.727+0000] {dag.py:3722} INFO - Setting next_dagrun for example_subdag_operator.section-1 to None, run_after=None
[2023-10-18T02:41:51.727+0000] {logging_mixin.py:151} INFO - [2023-10-18T02:41:51.727+0000] {dag.py:3722} INFO - Setting next_dagrun for example_subdag_operator.section-2 to None, run_after=None
[2023-10-18T02:41:51.733+0000] {processor.py:179} INFO - Processing /home/airflow/.local/lib/python3.8/site-packages/airflow/example_dags/example_subdag_operator.py took 0.057 seconds
[2023-10-18T02:42:21.789+0000] {processor.py:157} INFO - Started process (PID=912) to work on /home/airflow/.local/lib/python3.8/site-packages/airflow/example_dags/example_subdag_operator.py
[2023-10-18T02:42:21.790+0000] {processor.py:829} INFO - Processing file /home/airflow/.local/lib/python3.8/site-packages/airflow/example_dags/example_subdag_operator.py for tasks to queue
[2023-10-18T02:42:21.791+0000] {logging_mixin.py:151} INFO - [2023-10-18T02:42:21.791+0000] {dagbag.py:536} INFO - Filling up the DagBag from /home/airflow/.local/lib/python3.8/site-packages/airflow/example_dags/example_subdag_operator.py
[2023-10-18T02:42:21.808+0000] {processor.py:839} INFO - DAG(s) dict_keys(['example_subdag_operator.section-1', 'example_subdag_operator.section-2', 'example_subdag_operator']) retrieved from /home/airflow/.local/lib/python3.8/site-packages/airflow/example_dags/example_subdag_operator.py
[2023-10-18T02:42:21.816+0000] {logging_mixin.py:151} INFO - [2023-10-18T02:42:21.816+0000] {dag.py:2941} INFO - Sync 3 DAGs
[2023-10-18T02:42:21.827+0000] {logging_mixin.py:151} INFO - [2023-10-18T02:42:21.827+0000] {dag.py:3722} INFO - Setting next_dagrun for example_subdag_operator to 2022-01-01T00:00:00+00:00, run_after=2022-01-01T00:00:00+00:00
[2023-10-18T02:42:21.829+0000] {logging_mixin.py:151} INFO - [2023-10-18T02:42:21.829+0000] {dag.py:3722} INFO - Setting next_dagrun for example_subdag_operator.section-1 to None, run_after=None
[2023-10-18T02:42:21.830+0000] {logging_mixin.py:151} INFO - [2023-10-18T02:42:21.830+0000] {dag.py:3722} INFO - Setting next_dagrun for example_subdag_operator.section-2 to None, run_after=None
[2023-10-18T02:42:21.833+0000] {logging_mixin.py:151} INFO - [2023-10-18T02:42:21.833+0000] {dag.py:2941} INFO - Sync 2 DAGs
[2023-10-18T02:42:21.837+0000] {logging_mixin.py:151} INFO - [2023-10-18T02:42:21.837+0000] {dag.py:3722} INFO - Setting next_dagrun for example_subdag_operator.section-1 to None, run_after=None
[2023-10-18T02:42:21.837+0000] {logging_mixin.py:151} INFO - [2023-10-18T02:42:21.837+0000] {dag.py:3722} INFO - Setting next_dagrun for example_subdag_operator.section-2 to None, run_after=None
[2023-10-18T02:42:21.845+0000] {processor.py:179} INFO - Processing /home/airflow/.local/lib/python3.8/site-packages/airflow/example_dags/example_subdag_operator.py took 0.058 seconds
[2023-10-18T02:42:52.678+0000] {processor.py:157} INFO - Started process (PID=1198) to work on /home/airflow/.local/lib/python3.8/site-packages/airflow/example_dags/example_subdag_operator.py
[2023-10-18T02:42:52.679+0000] {processor.py:829} INFO - Processing file /home/airflow/.local/lib/python3.8/site-packages/airflow/example_dags/example_subdag_operator.py for tasks to queue
[2023-10-18T02:42:52.680+0000] {logging_mixin.py:151} INFO - [2023-10-18T02:42:52.679+0000] {dagbag.py:536} INFO - Filling up the DagBag from /home/airflow/.local/lib/python3.8/site-packages/airflow/example_dags/example_subdag_operator.py
[2023-10-18T02:42:52.697+0000] {processor.py:839} INFO - DAG(s) dict_keys(['example_subdag_operator.section-1', 'example_subdag_operator.section-2', 'example_subdag_operator']) retrieved from /home/airflow/.local/lib/python3.8/site-packages/airflow/example_dags/example_subdag_operator.py
[2023-10-18T02:42:52.705+0000] {logging_mixin.py:151} INFO - [2023-10-18T02:42:52.705+0000] {dag.py:2941} INFO - Sync 3 DAGs
[2023-10-18T02:42:52.716+0000] {logging_mixin.py:151} INFO - [2023-10-18T02:42:52.716+0000] {dag.py:3722} INFO - Setting next_dagrun for example_subdag_operator to 2022-01-01T00:00:00+00:00, run_after=2022-01-01T00:00:00+00:00
[2023-10-18T02:42:52.718+0000] {logging_mixin.py:151} INFO - [2023-10-18T02:42:52.718+0000] {dag.py:3722} INFO - Setting next_dagrun for example_subdag_operator.section-1 to None, run_after=None
[2023-10-18T02:42:52.719+0000] {logging_mixin.py:151} INFO - [2023-10-18T02:42:52.718+0000] {dag.py:3722} INFO - Setting next_dagrun for example_subdag_operator.section-2 to None, run_after=None
[2023-10-18T02:42:52.722+0000] {logging_mixin.py:151} INFO - [2023-10-18T02:42:52.722+0000] {dag.py:2941} INFO - Sync 2 DAGs
[2023-10-18T02:42:52.724+0000] {logging_mixin.py:151} INFO - [2023-10-18T02:42:52.724+0000] {dag.py:3722} INFO - Setting next_dagrun for example_subdag_operator.section-1 to None, run_after=None
[2023-10-18T02:42:52.725+0000] {logging_mixin.py:151} INFO - [2023-10-18T02:42:52.725+0000] {dag.py:3722} INFO - Setting next_dagrun for example_subdag_operator.section-2 to None, run_after=None
[2023-10-18T02:42:52.730+0000] {processor.py:179} INFO - Processing /home/airflow/.local/lib/python3.8/site-packages/airflow/example_dags/example_subdag_operator.py took 0.053 seconds
[2023-10-18T02:43:22.762+0000] {processor.py:157} INFO - Started process (PID=1434) to work on /home/airflow/.local/lib/python3.8/site-packages/airflow/example_dags/example_subdag_operator.py
[2023-10-18T02:43:22.763+0000] {processor.py:829} INFO - Processing file /home/airflow/.local/lib/python3.8/site-packages/airflow/example_dags/example_subdag_operator.py for tasks to queue
[2023-10-18T02:43:22.763+0000] {logging_mixin.py:151} INFO - [2023-10-18T02:43:22.763+0000] {dagbag.py:536} INFO - Filling up the DagBag from /home/airflow/.local/lib/python3.8/site-packages/airflow/example_dags/example_subdag_operator.py
[2023-10-18T02:43:22.779+0000] {processor.py:839} INFO - DAG(s) dict_keys(['example_subdag_operator.section-1', 'example_subdag_operator.section-2', 'example_subdag_operator']) retrieved from /home/airflow/.local/lib/python3.8/site-packages/airflow/example_dags/example_subdag_operator.py
[2023-10-18T02:43:22.788+0000] {logging_mixin.py:151} INFO - [2023-10-18T02:43:22.788+0000] {dag.py:2941} INFO - Sync 3 DAGs
[2023-10-18T02:43:22.800+0000] {logging_mixin.py:151} INFO - [2023-10-18T02:43:22.800+0000] {dag.py:3722} INFO - Setting next_dagrun for example_subdag_operator to 2022-01-01T00:00:00+00:00, run_after=2022-01-01T00:00:00+00:00
[2023-10-18T02:43:22.802+0000] {logging_mixin.py:151} INFO - [2023-10-18T02:43:22.802+0000] {dag.py:3722} INFO - Setting next_dagrun for example_subdag_operator.section-1 to None, run_after=None
[2023-10-18T02:43:22.803+0000] {logging_mixin.py:151} INFO - [2023-10-18T02:43:22.803+0000] {dag.py:3722} INFO - Setting next_dagrun for example_subdag_operator.section-2 to None, run_after=None
[2023-10-18T02:43:22.806+0000] {logging_mixin.py:151} INFO - [2023-10-18T02:43:22.806+0000] {dag.py:2941} INFO - Sync 2 DAGs
[2023-10-18T02:43:22.808+0000] {logging_mixin.py:151} INFO - [2023-10-18T02:43:22.808+0000] {dag.py:3722} INFO - Setting next_dagrun for example_subdag_operator.section-1 to None, run_after=None
[2023-10-18T02:43:22.809+0000] {logging_mixin.py:151} INFO - [2023-10-18T02:43:22.809+0000] {dag.py:3722} INFO - Setting next_dagrun for example_subdag_operator.section-2 to None, run_after=None
[2023-10-18T02:43:22.814+0000] {processor.py:179} INFO - Processing /home/airflow/.local/lib/python3.8/site-packages/airflow/example_dags/example_subdag_operator.py took 0.054 seconds
[2023-10-18T02:43:52.999+0000] {processor.py:157} INFO - Started process (PID=1673) to work on /home/airflow/.local/lib/python3.8/site-packages/airflow/example_dags/example_subdag_operator.py
[2023-10-18T02:43:53.000+0000] {processor.py:829} INFO - Processing file /home/airflow/.local/lib/python3.8/site-packages/airflow/example_dags/example_subdag_operator.py for tasks to queue
[2023-10-18T02:43:53.000+0000] {logging_mixin.py:151} INFO - [2023-10-18T02:43:53.000+0000] {dagbag.py:536} INFO - Filling up the DagBag from /home/airflow/.local/lib/python3.8/site-packages/airflow/example_dags/example_subdag_operator.py
[2023-10-18T02:43:53.017+0000] {processor.py:839} INFO - DAG(s) dict_keys(['example_subdag_operator.section-1', 'example_subdag_operator.section-2', 'example_subdag_operator']) retrieved from /home/airflow/.local/lib/python3.8/site-packages/airflow/example_dags/example_subdag_operator.py
[2023-10-18T02:43:53.025+0000] {logging_mixin.py:151} INFO - [2023-10-18T02:43:53.025+0000] {dag.py:2941} INFO - Sync 3 DAGs
[2023-10-18T02:43:53.035+0000] {logging_mixin.py:151} INFO - [2023-10-18T02:43:53.035+0000] {dag.py:3722} INFO - Setting next_dagrun for example_subdag_operator to 2022-01-01T00:00:00+00:00, run_after=2022-01-01T00:00:00+00:00
[2023-10-18T02:43:53.037+0000] {logging_mixin.py:151} INFO - [2023-10-18T02:43:53.037+0000] {dag.py:3722} INFO - Setting next_dagrun for example_subdag_operator.section-1 to None, run_after=None
[2023-10-18T02:43:53.038+0000] {logging_mixin.py:151} INFO - [2023-10-18T02:43:53.038+0000] {dag.py:3722} INFO - Setting next_dagrun for example_subdag_operator.section-2 to None, run_after=None
[2023-10-18T02:43:53.041+0000] {logging_mixin.py:151} INFO - [2023-10-18T02:43:53.041+0000] {dag.py:2941} INFO - Sync 2 DAGs
[2023-10-18T02:43:53.043+0000] {logging_mixin.py:151} INFO - [2023-10-18T02:43:53.043+0000] {dag.py:3722} INFO - Setting next_dagrun for example_subdag_operator.section-1 to None, run_after=None
[2023-10-18T02:43:53.044+0000] {logging_mixin.py:151} INFO - [2023-10-18T02:43:53.044+0000] {dag.py:3722} INFO - Setting next_dagrun for example_subdag_operator.section-2 to None, run_after=None
[2023-10-18T02:43:53.049+0000] {processor.py:179} INFO - Processing /home/airflow/.local/lib/python3.8/site-packages/airflow/example_dags/example_subdag_operator.py took 0.051 seconds
[2023-10-18T02:44:23.816+0000] {processor.py:157} INFO - Started process (PID=1912) to work on /home/airflow/.local/lib/python3.8/site-packages/airflow/example_dags/example_subdag_operator.py
[2023-10-18T02:44:23.817+0000] {processor.py:829} INFO - Processing file /home/airflow/.local/lib/python3.8/site-packages/airflow/example_dags/example_subdag_operator.py for tasks to queue
[2023-10-18T02:44:23.817+0000] {logging_mixin.py:151} INFO - [2023-10-18T02:44:23.817+0000] {dagbag.py:536} INFO - Filling up the DagBag from /home/airflow/.local/lib/python3.8/site-packages/airflow/example_dags/example_subdag_operator.py
[2023-10-18T02:44:23.833+0000] {processor.py:839} INFO - DAG(s) dict_keys(['example_subdag_operator.section-1', 'example_subdag_operator.section-2', 'example_subdag_operator']) retrieved from /home/airflow/.local/lib/python3.8/site-packages/airflow/example_dags/example_subdag_operator.py
[2023-10-18T02:44:23.842+0000] {logging_mixin.py:151} INFO - [2023-10-18T02:44:23.842+0000] {dag.py:2941} INFO - Sync 3 DAGs
[2023-10-18T02:44:23.852+0000] {logging_mixin.py:151} INFO - [2023-10-18T02:44:23.852+0000] {dag.py:3722} INFO - Setting next_dagrun for example_subdag_operator to 2022-01-01T00:00:00+00:00, run_after=2022-01-01T00:00:00+00:00
[2023-10-18T02:44:23.853+0000] {logging_mixin.py:151} INFO - [2023-10-18T02:44:23.853+0000] {dag.py:3722} INFO - Setting next_dagrun for example_subdag_operator.section-1 to None, run_after=None
[2023-10-18T02:44:23.854+0000] {logging_mixin.py:151} INFO - [2023-10-18T02:44:23.854+0000] {dag.py:3722} INFO - Setting next_dagrun for example_subdag_operator.section-2 to None, run_after=None
[2023-10-18T02:44:23.857+0000] {logging_mixin.py:151} INFO - [2023-10-18T02:44:23.857+0000] {dag.py:2941} INFO - Sync 2 DAGs
[2023-10-18T02:44:23.859+0000] {logging_mixin.py:151} INFO - [2023-10-18T02:44:23.859+0000] {dag.py:3722} INFO - Setting next_dagrun for example_subdag_operator.section-1 to None, run_after=None
[2023-10-18T02:44:23.859+0000] {logging_mixin.py:151} INFO - [2023-10-18T02:44:23.859+0000] {dag.py:3722} INFO - Setting next_dagrun for example_subdag_operator.section-2 to None, run_after=None
[2023-10-18T02:44:23.864+0000] {processor.py:179} INFO - Processing /home/airflow/.local/lib/python3.8/site-packages/airflow/example_dags/example_subdag_operator.py took 0.050 seconds
[2023-10-18T02:44:53.912+0000] {processor.py:157} INFO - Started process (PID=2149) to work on /home/airflow/.local/lib/python3.8/site-packages/airflow/example_dags/example_subdag_operator.py
[2023-10-18T02:44:53.912+0000] {processor.py:829} INFO - Processing file /home/airflow/.local/lib/python3.8/site-packages/airflow/example_dags/example_subdag_operator.py for tasks to queue
[2023-10-18T02:44:53.913+0000] {logging_mixin.py:151} INFO - [2023-10-18T02:44:53.913+0000] {dagbag.py:536} INFO - Filling up the DagBag from /home/airflow/.local/lib/python3.8/site-packages/airflow/example_dags/example_subdag_operator.py
[2023-10-18T02:44:53.930+0000] {processor.py:839} INFO - DAG(s) dict_keys(['example_subdag_operator.section-1', 'example_subdag_operator.section-2', 'example_subdag_operator']) retrieved from /home/airflow/.local/lib/python3.8/site-packages/airflow/example_dags/example_subdag_operator.py
[2023-10-18T02:44:53.939+0000] {logging_mixin.py:151} INFO - [2023-10-18T02:44:53.939+0000] {dag.py:2941} INFO - Sync 3 DAGs
[2023-10-18T02:44:53.950+0000] {logging_mixin.py:151} INFO - [2023-10-18T02:44:53.950+0000] {dag.py:3722} INFO - Setting next_dagrun for example_subdag_operator to 2022-01-01T00:00:00+00:00, run_after=2022-01-01T00:00:00+00:00
[2023-10-18T02:44:53.952+0000] {logging_mixin.py:151} INFO - [2023-10-18T02:44:53.952+0000] {dag.py:3722} INFO - Setting next_dagrun for example_subdag_operator.section-1 to None, run_after=None
[2023-10-18T02:44:53.953+0000] {logging_mixin.py:151} INFO - [2023-10-18T02:44:53.953+0000] {dag.py:3722} INFO - Setting next_dagrun for example_subdag_operator.section-2 to None, run_after=None
[2023-10-18T02:44:53.957+0000] {logging_mixin.py:151} INFO - [2023-10-18T02:44:53.957+0000] {dag.py:2941} INFO - Sync 2 DAGs
[2023-10-18T02:44:53.960+0000] {logging_mixin.py:151} INFO - [2023-10-18T02:44:53.960+0000] {dag.py:3722} INFO - Setting next_dagrun for example_subdag_operator.section-1 to None, run_after=None
[2023-10-18T02:44:53.960+0000] {logging_mixin.py:151} INFO - [2023-10-18T02:44:53.960+0000] {dag.py:3722} INFO - Setting next_dagrun for example_subdag_operator.section-2 to None, run_after=None
[2023-10-18T02:44:53.965+0000] {processor.py:179} INFO - Processing /home/airflow/.local/lib/python3.8/site-packages/airflow/example_dags/example_subdag_operator.py took 0.056 seconds
[2023-10-18T02:45:24.176+0000] {processor.py:157} INFO - Started process (PID=2389) to work on /home/airflow/.local/lib/python3.8/site-packages/airflow/example_dags/example_subdag_operator.py
[2023-10-18T02:45:24.177+0000] {processor.py:829} INFO - Processing file /home/airflow/.local/lib/python3.8/site-packages/airflow/example_dags/example_subdag_operator.py for tasks to queue
[2023-10-18T02:45:24.178+0000] {logging_mixin.py:151} INFO - [2023-10-18T02:45:24.177+0000] {dagbag.py:536} INFO - Filling up the DagBag from /home/airflow/.local/lib/python3.8/site-packages/airflow/example_dags/example_subdag_operator.py
[2023-10-18T02:45:24.195+0000] {processor.py:839} INFO - DAG(s) dict_keys(['example_subdag_operator.section-1', 'example_subdag_operator.section-2', 'example_subdag_operator']) retrieved from /home/airflow/.local/lib/python3.8/site-packages/airflow/example_dags/example_subdag_operator.py
[2023-10-18T02:45:24.204+0000] {logging_mixin.py:151} INFO - [2023-10-18T02:45:24.204+0000] {dag.py:2941} INFO - Sync 3 DAGs
[2023-10-18T02:45:24.215+0000] {logging_mixin.py:151} INFO - [2023-10-18T02:45:24.215+0000] {dag.py:3722} INFO - Setting next_dagrun for example_subdag_operator to 2022-01-01T00:00:00+00:00, run_after=2022-01-01T00:00:00+00:00
[2023-10-18T02:45:24.217+0000] {logging_mixin.py:151} INFO - [2023-10-18T02:45:24.217+0000] {dag.py:3722} INFO - Setting next_dagrun for example_subdag_operator.section-1 to None, run_after=None
[2023-10-18T02:45:24.218+0000] {logging_mixin.py:151} INFO - [2023-10-18T02:45:24.218+0000] {dag.py:3722} INFO - Setting next_dagrun for example_subdag_operator.section-2 to None, run_after=None
[2023-10-18T02:45:24.222+0000] {logging_mixin.py:151} INFO - [2023-10-18T02:45:24.222+0000] {dag.py:2941} INFO - Sync 2 DAGs
[2023-10-18T02:45:24.225+0000] {logging_mixin.py:151} INFO - [2023-10-18T02:45:24.225+0000] {dag.py:3722} INFO - Setting next_dagrun for example_subdag_operator.section-1 to None, run_after=None
[2023-10-18T02:45:24.225+0000] {logging_mixin.py:151} INFO - [2023-10-18T02:45:24.225+0000] {dag.py:3722} INFO - Setting next_dagrun for example_subdag_operator.section-2 to None, run_after=None
[2023-10-18T02:45:24.234+0000] {processor.py:179} INFO - Processing /home/airflow/.local/lib/python3.8/site-packages/airflow/example_dags/example_subdag_operator.py took 0.060 seconds
[2023-10-18T02:45:54.254+0000] {processor.py:157} INFO - Started process (PID=2627) to work on /home/airflow/.local/lib/python3.8/site-packages/airflow/example_dags/example_subdag_operator.py
[2023-10-18T02:45:54.254+0000] {processor.py:829} INFO - Processing file /home/airflow/.local/lib/python3.8/site-packages/airflow/example_dags/example_subdag_operator.py for tasks to queue
[2023-10-18T02:45:54.255+0000] {logging_mixin.py:151} INFO - [2023-10-18T02:45:54.255+0000] {dagbag.py:536} INFO - Filling up the DagBag from /home/airflow/.local/lib/python3.8/site-packages/airflow/example_dags/example_subdag_operator.py
[2023-10-18T02:45:54.272+0000] {processor.py:839} INFO - DAG(s) dict_keys(['example_subdag_operator.section-1', 'example_subdag_operator.section-2', 'example_subdag_operator']) retrieved from /home/airflow/.local/lib/python3.8/site-packages/airflow/example_dags/example_subdag_operator.py
[2023-10-18T02:45:54.280+0000] {logging_mixin.py:151} INFO - [2023-10-18T02:45:54.280+0000] {dag.py:2941} INFO - Sync 3 DAGs
[2023-10-18T02:45:54.290+0000] {logging_mixin.py:151} INFO - [2023-10-18T02:45:54.290+0000] {dag.py:3722} INFO - Setting next_dagrun for example_subdag_operator to 2022-01-01T00:00:00+00:00, run_after=2022-01-01T00:00:00+00:00
[2023-10-18T02:45:54.292+0000] {logging_mixin.py:151} INFO - [2023-10-18T02:45:54.292+0000] {dag.py:3722} INFO - Setting next_dagrun for example_subdag_operator.section-1 to None, run_after=None
[2023-10-18T02:45:54.293+0000] {logging_mixin.py:151} INFO - [2023-10-18T02:45:54.293+0000] {dag.py:3722} INFO - Setting next_dagrun for example_subdag_operator.section-2 to None, run_after=None
[2023-10-18T02:45:54.296+0000] {logging_mixin.py:151} INFO - [2023-10-18T02:45:54.296+0000] {dag.py:2941} INFO - Sync 2 DAGs
[2023-10-18T02:45:54.298+0000] {logging_mixin.py:151} INFO - [2023-10-18T02:45:54.298+0000] {dag.py:3722} INFO - Setting next_dagrun for example_subdag_operator.section-1 to None, run_after=None
[2023-10-18T02:45:54.299+0000] {logging_mixin.py:151} INFO - [2023-10-18T02:45:54.299+0000] {dag.py:3722} INFO - Setting next_dagrun for example_subdag_operator.section-2 to None, run_after=None
[2023-10-18T02:45:54.307+0000] {processor.py:179} INFO - Processing /home/airflow/.local/lib/python3.8/site-packages/airflow/example_dags/example_subdag_operator.py took 0.055 seconds
[2023-10-18T02:46:24.422+0000] {processor.py:157} INFO - Started process (PID=2863) to work on /home/airflow/.local/lib/python3.8/site-packages/airflow/example_dags/example_subdag_operator.py
[2023-10-18T02:46:24.423+0000] {processor.py:829} INFO - Processing file /home/airflow/.local/lib/python3.8/site-packages/airflow/example_dags/example_subdag_operator.py for tasks to queue
[2023-10-18T02:46:24.423+0000] {logging_mixin.py:151} INFO - [2023-10-18T02:46:24.423+0000] {dagbag.py:536} INFO - Filling up the DagBag from /home/airflow/.local/lib/python3.8/site-packages/airflow/example_dags/example_subdag_operator.py
[2023-10-18T02:46:24.438+0000] {processor.py:839} INFO - DAG(s) dict_keys(['example_subdag_operator.section-1', 'example_subdag_operator.section-2', 'example_subdag_operator']) retrieved from /home/airflow/.local/lib/python3.8/site-packages/airflow/example_dags/example_subdag_operator.py
[2023-10-18T02:46:24.447+0000] {logging_mixin.py:151} INFO - [2023-10-18T02:46:24.446+0000] {dag.py:2941} INFO - Sync 3 DAGs
[2023-10-18T02:46:24.457+0000] {logging_mixin.py:151} INFO - [2023-10-18T02:46:24.457+0000] {dag.py:3722} INFO - Setting next_dagrun for example_subdag_operator to 2022-01-01T00:00:00+00:00, run_after=2022-01-01T00:00:00+00:00
[2023-10-18T02:46:24.459+0000] {logging_mixin.py:151} INFO - [2023-10-18T02:46:24.459+0000] {dag.py:3722} INFO - Setting next_dagrun for example_subdag_operator.section-1 to None, run_after=None
[2023-10-18T02:46:24.460+0000] {logging_mixin.py:151} INFO - [2023-10-18T02:46:24.460+0000] {dag.py:3722} INFO - Setting next_dagrun for example_subdag_operator.section-2 to None, run_after=None
[2023-10-18T02:46:24.463+0000] {logging_mixin.py:151} INFO - [2023-10-18T02:46:24.463+0000] {dag.py:2941} INFO - Sync 2 DAGs
[2023-10-18T02:46:24.466+0000] {logging_mixin.py:151} INFO - [2023-10-18T02:46:24.466+0000] {dag.py:3722} INFO - Setting next_dagrun for example_subdag_operator.section-1 to None, run_after=None
[2023-10-18T02:46:24.466+0000] {logging_mixin.py:151} INFO - [2023-10-18T02:46:24.466+0000] {dag.py:3722} INFO - Setting next_dagrun for example_subdag_operator.section-2 to None, run_after=None
[2023-10-18T02:46:24.472+0000] {processor.py:179} INFO - Processing /home/airflow/.local/lib/python3.8/site-packages/airflow/example_dags/example_subdag_operator.py took 0.052 seconds
[2023-10-18T02:46:54.615+0000] {processor.py:157} INFO - Started process (PID=3101) to work on /home/airflow/.local/lib/python3.8/site-packages/airflow/example_dags/example_subdag_operator.py
[2023-10-18T02:46:54.616+0000] {processor.py:829} INFO - Processing file /home/airflow/.local/lib/python3.8/site-packages/airflow/example_dags/example_subdag_operator.py for tasks to queue
[2023-10-18T02:46:54.616+0000] {logging_mixin.py:151} INFO - [2023-10-18T02:46:54.616+0000] {dagbag.py:536} INFO - Filling up the DagBag from /home/airflow/.local/lib/python3.8/site-packages/airflow/example_dags/example_subdag_operator.py
[2023-10-18T02:46:54.636+0000] {processor.py:839} INFO - DAG(s) dict_keys(['example_subdag_operator.section-1', 'example_subdag_operator.section-2', 'example_subdag_operator']) retrieved from /home/airflow/.local/lib/python3.8/site-packages/airflow/example_dags/example_subdag_operator.py
[2023-10-18T02:46:54.645+0000] {logging_mixin.py:151} INFO - [2023-10-18T02:46:54.645+0000] {dag.py:2941} INFO - Sync 3 DAGs
[2023-10-18T02:46:54.657+0000] {logging_mixin.py:151} INFO - [2023-10-18T02:46:54.656+0000] {dag.py:3722} INFO - Setting next_dagrun for example_subdag_operator to 2022-01-01T00:00:00+00:00, run_after=2022-01-01T00:00:00+00:00
[2023-10-18T02:46:54.658+0000] {logging_mixin.py:151} INFO - [2023-10-18T02:46:54.658+0000] {dag.py:3722} INFO - Setting next_dagrun for example_subdag_operator.section-1 to None, run_after=None
[2023-10-18T02:46:54.659+0000] {logging_mixin.py:151} INFO - [2023-10-18T02:46:54.659+0000] {dag.py:3722} INFO - Setting next_dagrun for example_subdag_operator.section-2 to None, run_after=None
[2023-10-18T02:46:54.663+0000] {logging_mixin.py:151} INFO - [2023-10-18T02:46:54.663+0000] {dag.py:2941} INFO - Sync 2 DAGs
[2023-10-18T02:46:54.666+0000] {logging_mixin.py:151} INFO - [2023-10-18T02:46:54.666+0000] {dag.py:3722} INFO - Setting next_dagrun for example_subdag_operator.section-1 to None, run_after=None
[2023-10-18T02:46:54.666+0000] {logging_mixin.py:151} INFO - [2023-10-18T02:46:54.666+0000] {dag.py:3722} INFO - Setting next_dagrun for example_subdag_operator.section-2 to None, run_after=None
[2023-10-18T02:46:54.671+0000] {processor.py:179} INFO - Processing /home/airflow/.local/lib/python3.8/site-packages/airflow/example_dags/example_subdag_operator.py took 0.058 seconds
[2023-10-18T02:47:25.513+0000] {processor.py:157} INFO - Started process (PID=3341) to work on /home/airflow/.local/lib/python3.8/site-packages/airflow/example_dags/example_subdag_operator.py
[2023-10-18T02:47:25.513+0000] {processor.py:829} INFO - Processing file /home/airflow/.local/lib/python3.8/site-packages/airflow/example_dags/example_subdag_operator.py for tasks to queue
[2023-10-18T02:47:25.514+0000] {logging_mixin.py:151} INFO - [2023-10-18T02:47:25.514+0000] {dagbag.py:536} INFO - Filling up the DagBag from /home/airflow/.local/lib/python3.8/site-packages/airflow/example_dags/example_subdag_operator.py
[2023-10-18T02:47:25.529+0000] {processor.py:839} INFO - DAG(s) dict_keys(['example_subdag_operator.section-1', 'example_subdag_operator.section-2', 'example_subdag_operator']) retrieved from /home/airflow/.local/lib/python3.8/site-packages/airflow/example_dags/example_subdag_operator.py
[2023-10-18T02:47:25.537+0000] {logging_mixin.py:151} INFO - [2023-10-18T02:47:25.537+0000] {dag.py:2941} INFO - Sync 3 DAGs
[2023-10-18T02:47:25.548+0000] {logging_mixin.py:151} INFO - [2023-10-18T02:47:25.547+0000] {dag.py:3722} INFO - Setting next_dagrun for example_subdag_operator to 2022-01-01T00:00:00+00:00, run_after=2022-01-01T00:00:00+00:00
[2023-10-18T02:47:25.550+0000] {logging_mixin.py:151} INFO - [2023-10-18T02:47:25.550+0000] {dag.py:3722} INFO - Setting next_dagrun for example_subdag_operator.section-1 to None, run_after=None
[2023-10-18T02:47:25.550+0000] {logging_mixin.py:151} INFO - [2023-10-18T02:47:25.550+0000] {dag.py:3722} INFO - Setting next_dagrun for example_subdag_operator.section-2 to None, run_after=None
[2023-10-18T02:47:25.553+0000] {logging_mixin.py:151} INFO - [2023-10-18T02:47:25.553+0000] {dag.py:2941} INFO - Sync 2 DAGs
[2023-10-18T02:47:25.556+0000] {logging_mixin.py:151} INFO - [2023-10-18T02:47:25.555+0000] {dag.py:3722} INFO - Setting next_dagrun for example_subdag_operator.section-1 to None, run_after=None
[2023-10-18T02:47:25.556+0000] {logging_mixin.py:151} INFO - [2023-10-18T02:47:25.556+0000] {dag.py:3722} INFO - Setting next_dagrun for example_subdag_operator.section-2 to None, run_after=None
[2023-10-18T02:47:25.560+0000] {processor.py:179} INFO - Processing /home/airflow/.local/lib/python3.8/site-packages/airflow/example_dags/example_subdag_operator.py took 0.050 seconds
[2023-10-18T02:47:55.644+0000] {processor.py:157} INFO - Started process (PID=3577) to work on /home/airflow/.local/lib/python3.8/site-packages/airflow/example_dags/example_subdag_operator.py
[2023-10-18T02:47:55.645+0000] {processor.py:829} INFO - Processing file /home/airflow/.local/lib/python3.8/site-packages/airflow/example_dags/example_subdag_operator.py for tasks to queue
[2023-10-18T02:47:55.646+0000] {logging_mixin.py:151} INFO - [2023-10-18T02:47:55.646+0000] {dagbag.py:536} INFO - Filling up the DagBag from /home/airflow/.local/lib/python3.8/site-packages/airflow/example_dags/example_subdag_operator.py
[2023-10-18T02:47:55.662+0000] {processor.py:839} INFO - DAG(s) dict_keys(['example_subdag_operator.section-1', 'example_subdag_operator.section-2', 'example_subdag_operator']) retrieved from /home/airflow/.local/lib/python3.8/site-packages/airflow/example_dags/example_subdag_operator.py
[2023-10-18T02:47:55.670+0000] {logging_mixin.py:151} INFO - [2023-10-18T02:47:55.670+0000] {dag.py:2941} INFO - Sync 3 DAGs
[2023-10-18T02:47:55.681+0000] {logging_mixin.py:151} INFO - [2023-10-18T02:47:55.681+0000] {dag.py:3722} INFO - Setting next_dagrun for example_subdag_operator to 2022-01-01T00:00:00+00:00, run_after=2022-01-01T00:00:00+00:00
[2023-10-18T02:47:55.683+0000] {logging_mixin.py:151} INFO - [2023-10-18T02:47:55.683+0000] {dag.py:3722} INFO - Setting next_dagrun for example_subdag_operator.section-1 to None, run_after=None
[2023-10-18T02:47:55.684+0000] {logging_mixin.py:151} INFO - [2023-10-18T02:47:55.684+0000] {dag.py:3722} INFO - Setting next_dagrun for example_subdag_operator.section-2 to None, run_after=None
[2023-10-18T02:47:55.688+0000] {logging_mixin.py:151} INFO - [2023-10-18T02:47:55.688+0000] {dag.py:2941} INFO - Sync 2 DAGs
[2023-10-18T02:47:55.690+0000] {logging_mixin.py:151} INFO - [2023-10-18T02:47:55.690+0000] {dag.py:3722} INFO - Setting next_dagrun for example_subdag_operator.section-1 to None, run_after=None
[2023-10-18T02:47:55.691+0000] {logging_mixin.py:151} INFO - [2023-10-18T02:47:55.691+0000] {dag.py:3722} INFO - Setting next_dagrun for example_subdag_operator.section-2 to None, run_after=None
[2023-10-18T02:47:55.696+0000] {processor.py:179} INFO - Processing /home/airflow/.local/lib/python3.8/site-packages/airflow/example_dags/example_subdag_operator.py took 0.053 seconds
[2023-10-18T02:48:25.851+0000] {processor.py:157} INFO - Started process (PID=3815) to work on /home/airflow/.local/lib/python3.8/site-packages/airflow/example_dags/example_subdag_operator.py
[2023-10-18T02:48:25.852+0000] {processor.py:829} INFO - Processing file /home/airflow/.local/lib/python3.8/site-packages/airflow/example_dags/example_subdag_operator.py for tasks to queue
[2023-10-18T02:48:25.852+0000] {logging_mixin.py:151} INFO - [2023-10-18T02:48:25.852+0000] {dagbag.py:536} INFO - Filling up the DagBag from /home/airflow/.local/lib/python3.8/site-packages/airflow/example_dags/example_subdag_operator.py
[2023-10-18T02:48:25.868+0000] {processor.py:839} INFO - DAG(s) dict_keys(['example_subdag_operator.section-1', 'example_subdag_operator.section-2', 'example_subdag_operator']) retrieved from /home/airflow/.local/lib/python3.8/site-packages/airflow/example_dags/example_subdag_operator.py
[2023-10-18T02:48:25.876+0000] {logging_mixin.py:151} INFO - [2023-10-18T02:48:25.876+0000] {dag.py:2941} INFO - Sync 3 DAGs
[2023-10-18T02:48:25.887+0000] {logging_mixin.py:151} INFO - [2023-10-18T02:48:25.887+0000] {dag.py:3722} INFO - Setting next_dagrun for example_subdag_operator to 2022-01-01T00:00:00+00:00, run_after=2022-01-01T00:00:00+00:00
[2023-10-18T02:48:25.889+0000] {logging_mixin.py:151} INFO - [2023-10-18T02:48:25.888+0000] {dag.py:3722} INFO - Setting next_dagrun for example_subdag_operator.section-1 to None, run_after=None
[2023-10-18T02:48:25.889+0000] {logging_mixin.py:151} INFO - [2023-10-18T02:48:25.889+0000] {dag.py:3722} INFO - Setting next_dagrun for example_subdag_operator.section-2 to None, run_after=None
[2023-10-18T02:48:25.894+0000] {logging_mixin.py:151} INFO - [2023-10-18T02:48:25.894+0000] {dag.py:2941} INFO - Sync 2 DAGs
[2023-10-18T02:48:25.896+0000] {logging_mixin.py:151} INFO - [2023-10-18T02:48:25.896+0000] {dag.py:3722} INFO - Setting next_dagrun for example_subdag_operator.section-1 to None, run_after=None
[2023-10-18T02:48:25.897+0000] {logging_mixin.py:151} INFO - [2023-10-18T02:48:25.897+0000] {dag.py:3722} INFO - Setting next_dagrun for example_subdag_operator.section-2 to None, run_after=None
[2023-10-18T02:48:25.903+0000] {processor.py:179} INFO - Processing /home/airflow/.local/lib/python3.8/site-packages/airflow/example_dags/example_subdag_operator.py took 0.053 seconds
[2023-10-18T02:48:56.020+0000] {processor.py:157} INFO - Started process (PID=4055) to work on /home/airflow/.local/lib/python3.8/site-packages/airflow/example_dags/example_subdag_operator.py
[2023-10-18T02:48:56.021+0000] {processor.py:829} INFO - Processing file /home/airflow/.local/lib/python3.8/site-packages/airflow/example_dags/example_subdag_operator.py for tasks to queue
[2023-10-18T02:48:56.021+0000] {logging_mixin.py:151} INFO - [2023-10-18T02:48:56.021+0000] {dagbag.py:536} INFO - Filling up the DagBag from /home/airflow/.local/lib/python3.8/site-packages/airflow/example_dags/example_subdag_operator.py
[2023-10-18T02:48:56.038+0000] {processor.py:839} INFO - DAG(s) dict_keys(['example_subdag_operator.section-1', 'example_subdag_operator.section-2', 'example_subdag_operator']) retrieved from /home/airflow/.local/lib/python3.8/site-packages/airflow/example_dags/example_subdag_operator.py
[2023-10-18T02:48:56.046+0000] {logging_mixin.py:151} INFO - [2023-10-18T02:48:56.046+0000] {dag.py:2941} INFO - Sync 3 DAGs
[2023-10-18T02:48:56.057+0000] {logging_mixin.py:151} INFO - [2023-10-18T02:48:56.057+0000] {dag.py:3722} INFO - Setting next_dagrun for example_subdag_operator to 2022-01-01T00:00:00+00:00, run_after=2022-01-01T00:00:00+00:00
[2023-10-18T02:48:56.060+0000] {logging_mixin.py:151} INFO - [2023-10-18T02:48:56.060+0000] {dag.py:3722} INFO - Setting next_dagrun for example_subdag_operator.section-1 to None, run_after=None
[2023-10-18T02:48:56.060+0000] {logging_mixin.py:151} INFO - [2023-10-18T02:48:56.060+0000] {dag.py:3722} INFO - Setting next_dagrun for example_subdag_operator.section-2 to None, run_after=None
[2023-10-18T02:48:56.064+0000] {logging_mixin.py:151} INFO - [2023-10-18T02:48:56.064+0000] {dag.py:2941} INFO - Sync 2 DAGs
[2023-10-18T02:48:56.067+0000] {logging_mixin.py:151} INFO - [2023-10-18T02:48:56.067+0000] {dag.py:3722} INFO - Setting next_dagrun for example_subdag_operator.section-1 to None, run_after=None
[2023-10-18T02:48:56.067+0000] {logging_mixin.py:151} INFO - [2023-10-18T02:48:56.067+0000] {dag.py:3722} INFO - Setting next_dagrun for example_subdag_operator.section-2 to None, run_after=None
[2023-10-18T02:48:56.072+0000] {processor.py:179} INFO - Processing /home/airflow/.local/lib/python3.8/site-packages/airflow/example_dags/example_subdag_operator.py took 0.055 seconds
[2023-10-18T02:49:26.164+0000] {processor.py:157} INFO - Started process (PID=4293) to work on /home/airflow/.local/lib/python3.8/site-packages/airflow/example_dags/example_subdag_operator.py
[2023-10-18T02:49:26.164+0000] {processor.py:829} INFO - Processing file /home/airflow/.local/lib/python3.8/site-packages/airflow/example_dags/example_subdag_operator.py for tasks to queue
[2023-10-18T02:49:26.165+0000] {logging_mixin.py:151} INFO - [2023-10-18T02:49:26.165+0000] {dagbag.py:536} INFO - Filling up the DagBag from /home/airflow/.local/lib/python3.8/site-packages/airflow/example_dags/example_subdag_operator.py
[2023-10-18T02:49:26.180+0000] {processor.py:839} INFO - DAG(s) dict_keys(['example_subdag_operator.section-1', 'example_subdag_operator.section-2', 'example_subdag_operator']) retrieved from /home/airflow/.local/lib/python3.8/site-packages/airflow/example_dags/example_subdag_operator.py
[2023-10-18T02:49:26.188+0000] {logging_mixin.py:151} INFO - [2023-10-18T02:49:26.188+0000] {dag.py:2941} INFO - Sync 3 DAGs
[2023-10-18T02:49:26.198+0000] {logging_mixin.py:151} INFO - [2023-10-18T02:49:26.198+0000] {dag.py:3722} INFO - Setting next_dagrun for example_subdag_operator to 2022-01-01T00:00:00+00:00, run_after=2022-01-01T00:00:00+00:00
[2023-10-18T02:49:26.200+0000] {logging_mixin.py:151} INFO - [2023-10-18T02:49:26.200+0000] {dag.py:3722} INFO - Setting next_dagrun for example_subdag_operator.section-1 to None, run_after=None
[2023-10-18T02:49:26.200+0000] {logging_mixin.py:151} INFO - [2023-10-18T02:49:26.200+0000] {dag.py:3722} INFO - Setting next_dagrun for example_subdag_operator.section-2 to None, run_after=None
[2023-10-18T02:49:26.203+0000] {logging_mixin.py:151} INFO - [2023-10-18T02:49:26.203+0000] {dag.py:2941} INFO - Sync 2 DAGs
[2023-10-18T02:49:26.205+0000] {logging_mixin.py:151} INFO - [2023-10-18T02:49:26.205+0000] {dag.py:3722} INFO - Setting next_dagrun for example_subdag_operator.section-1 to None, run_after=None
[2023-10-18T02:49:26.206+0000] {logging_mixin.py:151} INFO - [2023-10-18T02:49:26.206+0000] {dag.py:3722} INFO - Setting next_dagrun for example_subdag_operator.section-2 to None, run_after=None
[2023-10-18T02:49:26.211+0000] {processor.py:179} INFO - Processing /home/airflow/.local/lib/python3.8/site-packages/airflow/example_dags/example_subdag_operator.py took 0.049 seconds
[2023-10-18T02:49:56.262+0000] {processor.py:157} INFO - Started process (PID=4531) to work on /home/airflow/.local/lib/python3.8/site-packages/airflow/example_dags/example_subdag_operator.py
[2023-10-18T02:49:56.263+0000] {processor.py:829} INFO - Processing file /home/airflow/.local/lib/python3.8/site-packages/airflow/example_dags/example_subdag_operator.py for tasks to queue
[2023-10-18T02:49:56.264+0000] {logging_mixin.py:151} INFO - [2023-10-18T02:49:56.264+0000] {dagbag.py:536} INFO - Filling up the DagBag from /home/airflow/.local/lib/python3.8/site-packages/airflow/example_dags/example_subdag_operator.py
[2023-10-18T02:49:56.280+0000] {processor.py:839} INFO - DAG(s) dict_keys(['example_subdag_operator.section-1', 'example_subdag_operator.section-2', 'example_subdag_operator']) retrieved from /home/airflow/.local/lib/python3.8/site-packages/airflow/example_dags/example_subdag_operator.py
[2023-10-18T02:49:56.288+0000] {logging_mixin.py:151} INFO - [2023-10-18T02:49:56.288+0000] {dag.py:2941} INFO - Sync 3 DAGs
[2023-10-18T02:49:56.299+0000] {logging_mixin.py:151} INFO - [2023-10-18T02:49:56.299+0000] {dag.py:3722} INFO - Setting next_dagrun for example_subdag_operator to 2022-01-01T00:00:00+00:00, run_after=2022-01-01T00:00:00+00:00
[2023-10-18T02:49:56.300+0000] {logging_mixin.py:151} INFO - [2023-10-18T02:49:56.300+0000] {dag.py:3722} INFO - Setting next_dagrun for example_subdag_operator.section-1 to None, run_after=None
[2023-10-18T02:49:56.301+0000] {logging_mixin.py:151} INFO - [2023-10-18T02:49:56.301+0000] {dag.py:3722} INFO - Setting next_dagrun for example_subdag_operator.section-2 to None, run_after=None
[2023-10-18T02:49:56.304+0000] {logging_mixin.py:151} INFO - [2023-10-18T02:49:56.304+0000] {dag.py:2941} INFO - Sync 2 DAGs
[2023-10-18T02:49:56.306+0000] {logging_mixin.py:151} INFO - [2023-10-18T02:49:56.306+0000] {dag.py:3722} INFO - Setting next_dagrun for example_subdag_operator.section-1 to None, run_after=None
[2023-10-18T02:49:56.306+0000] {logging_mixin.py:151} INFO - [2023-10-18T02:49:56.306+0000] {dag.py:3722} INFO - Setting next_dagrun for example_subdag_operator.section-2 to None, run_after=None
[2023-10-18T02:49:56.312+0000] {processor.py:179} INFO - Processing /home/airflow/.local/lib/python3.8/site-packages/airflow/example_dags/example_subdag_operator.py took 0.052 seconds
[2023-10-18T02:50:26.421+0000] {processor.py:157} INFO - Started process (PID=4768) to work on /home/airflow/.local/lib/python3.8/site-packages/airflow/example_dags/example_subdag_operator.py
[2023-10-18T02:50:26.422+0000] {processor.py:829} INFO - Processing file /home/airflow/.local/lib/python3.8/site-packages/airflow/example_dags/example_subdag_operator.py for tasks to queue
[2023-10-18T02:50:26.422+0000] {logging_mixin.py:151} INFO - [2023-10-18T02:50:26.422+0000] {dagbag.py:536} INFO - Filling up the DagBag from /home/airflow/.local/lib/python3.8/site-packages/airflow/example_dags/example_subdag_operator.py
[2023-10-18T02:50:26.442+0000] {processor.py:839} INFO - DAG(s) dict_keys(['example_subdag_operator.section-1', 'example_subdag_operator.section-2', 'example_subdag_operator']) retrieved from /home/airflow/.local/lib/python3.8/site-packages/airflow/example_dags/example_subdag_operator.py
[2023-10-18T02:50:26.452+0000] {logging_mixin.py:151} INFO - [2023-10-18T02:50:26.452+0000] {dag.py:2941} INFO - Sync 3 DAGs
[2023-10-18T02:50:26.464+0000] {logging_mixin.py:151} INFO - [2023-10-18T02:50:26.464+0000] {dag.py:3722} INFO - Setting next_dagrun for example_subdag_operator to 2022-01-01T00:00:00+00:00, run_after=2022-01-01T00:00:00+00:00
[2023-10-18T02:50:26.466+0000] {logging_mixin.py:151} INFO - [2023-10-18T02:50:26.466+0000] {dag.py:3722} INFO - Setting next_dagrun for example_subdag_operator.section-1 to None, run_after=None
[2023-10-18T02:50:26.467+0000] {logging_mixin.py:151} INFO - [2023-10-18T02:50:26.467+0000] {dag.py:3722} INFO - Setting next_dagrun for example_subdag_operator.section-2 to None, run_after=None
[2023-10-18T02:50:26.471+0000] {logging_mixin.py:151} INFO - [2023-10-18T02:50:26.471+0000] {dag.py:2941} INFO - Sync 2 DAGs
[2023-10-18T02:50:26.474+0000] {logging_mixin.py:151} INFO - [2023-10-18T02:50:26.474+0000] {dag.py:3722} INFO - Setting next_dagrun for example_subdag_operator.section-1 to None, run_after=None
[2023-10-18T02:50:26.474+0000] {logging_mixin.py:151} INFO - [2023-10-18T02:50:26.474+0000] {dag.py:3722} INFO - Setting next_dagrun for example_subdag_operator.section-2 to None, run_after=None
[2023-10-18T02:50:26.480+0000] {processor.py:179} INFO - Processing /home/airflow/.local/lib/python3.8/site-packages/airflow/example_dags/example_subdag_operator.py took 0.061 seconds
[2023-10-18T02:50:56.570+0000] {processor.py:157} INFO - Started process (PID=5008) to work on /home/airflow/.local/lib/python3.8/site-packages/airflow/example_dags/example_subdag_operator.py
[2023-10-18T02:50:56.571+0000] {processor.py:829} INFO - Processing file /home/airflow/.local/lib/python3.8/site-packages/airflow/example_dags/example_subdag_operator.py for tasks to queue
[2023-10-18T02:50:56.571+0000] {logging_mixin.py:151} INFO - [2023-10-18T02:50:56.571+0000] {dagbag.py:536} INFO - Filling up the DagBag from /home/airflow/.local/lib/python3.8/site-packages/airflow/example_dags/example_subdag_operator.py
[2023-10-18T02:50:56.587+0000] {processor.py:839} INFO - DAG(s) dict_keys(['example_subdag_operator.section-1', 'example_subdag_operator.section-2', 'example_subdag_operator']) retrieved from /home/airflow/.local/lib/python3.8/site-packages/airflow/example_dags/example_subdag_operator.py
[2023-10-18T02:50:56.595+0000] {logging_mixin.py:151} INFO - [2023-10-18T02:50:56.595+0000] {dag.py:2941} INFO - Sync 3 DAGs
[2023-10-18T02:50:56.605+0000] {logging_mixin.py:151} INFO - [2023-10-18T02:50:56.605+0000] {dag.py:3722} INFO - Setting next_dagrun for example_subdag_operator to 2022-01-01T00:00:00+00:00, run_after=2022-01-01T00:00:00+00:00
[2023-10-18T02:50:56.607+0000] {logging_mixin.py:151} INFO - [2023-10-18T02:50:56.607+0000] {dag.py:3722} INFO - Setting next_dagrun for example_subdag_operator.section-1 to None, run_after=None
[2023-10-18T02:50:56.608+0000] {logging_mixin.py:151} INFO - [2023-10-18T02:50:56.607+0000] {dag.py:3722} INFO - Setting next_dagrun for example_subdag_operator.section-2 to None, run_after=None
[2023-10-18T02:50:56.611+0000] {logging_mixin.py:151} INFO - [2023-10-18T02:50:56.611+0000] {dag.py:2941} INFO - Sync 2 DAGs
[2023-10-18T02:50:56.613+0000] {logging_mixin.py:151} INFO - [2023-10-18T02:50:56.613+0000] {dag.py:3722} INFO - Setting next_dagrun for example_subdag_operator.section-1 to None, run_after=None
[2023-10-18T02:50:56.613+0000] {logging_mixin.py:151} INFO - [2023-10-18T02:50:56.613+0000] {dag.py:3722} INFO - Setting next_dagrun for example_subdag_operator.section-2 to None, run_after=None
[2023-10-18T02:50:56.618+0000] {processor.py:179} INFO - Processing /home/airflow/.local/lib/python3.8/site-packages/airflow/example_dags/example_subdag_operator.py took 0.049 seconds
[2023-10-18T02:51:26.771+0000] {processor.py:157} INFO - Started process (PID=5244) to work on /home/airflow/.local/lib/python3.8/site-packages/airflow/example_dags/example_subdag_operator.py
[2023-10-18T02:51:26.772+0000] {processor.py:829} INFO - Processing file /home/airflow/.local/lib/python3.8/site-packages/airflow/example_dags/example_subdag_operator.py for tasks to queue
[2023-10-18T02:51:26.773+0000] {logging_mixin.py:151} INFO - [2023-10-18T02:51:26.772+0000] {dagbag.py:536} INFO - Filling up the DagBag from /home/airflow/.local/lib/python3.8/site-packages/airflow/example_dags/example_subdag_operator.py
[2023-10-18T02:51:26.791+0000] {processor.py:839} INFO - DAG(s) dict_keys(['example_subdag_operator.section-1', 'example_subdag_operator.section-2', 'example_subdag_operator']) retrieved from /home/airflow/.local/lib/python3.8/site-packages/airflow/example_dags/example_subdag_operator.py
[2023-10-18T02:51:26.803+0000] {logging_mixin.py:151} INFO - [2023-10-18T02:51:26.802+0000] {dag.py:2941} INFO - Sync 3 DAGs
[2023-10-18T02:51:26.814+0000] {logging_mixin.py:151} INFO - [2023-10-18T02:51:26.814+0000] {dag.py:3722} INFO - Setting next_dagrun for example_subdag_operator to 2022-01-01T00:00:00+00:00, run_after=2022-01-01T00:00:00+00:00
[2023-10-18T02:51:26.816+0000] {logging_mixin.py:151} INFO - [2023-10-18T02:51:26.816+0000] {dag.py:3722} INFO - Setting next_dagrun for example_subdag_operator.section-1 to None, run_after=None
[2023-10-18T02:51:26.817+0000] {logging_mixin.py:151} INFO - [2023-10-18T02:51:26.817+0000] {dag.py:3722} INFO - Setting next_dagrun for example_subdag_operator.section-2 to None, run_after=None
[2023-10-18T02:51:26.820+0000] {logging_mixin.py:151} INFO - [2023-10-18T02:51:26.820+0000] {dag.py:2941} INFO - Sync 2 DAGs
[2023-10-18T02:51:26.822+0000] {logging_mixin.py:151} INFO - [2023-10-18T02:51:26.822+0000] {dag.py:3722} INFO - Setting next_dagrun for example_subdag_operator.section-1 to None, run_after=None
[2023-10-18T02:51:26.823+0000] {logging_mixin.py:151} INFO - [2023-10-18T02:51:26.823+0000] {dag.py:3722} INFO - Setting next_dagrun for example_subdag_operator.section-2 to None, run_after=None
[2023-10-18T02:51:26.828+0000] {processor.py:179} INFO - Processing /home/airflow/.local/lib/python3.8/site-packages/airflow/example_dags/example_subdag_operator.py took 0.059 seconds
[2023-10-18T02:51:56.944+0000] {processor.py:157} INFO - Started process (PID=5481) to work on /home/airflow/.local/lib/python3.8/site-packages/airflow/example_dags/example_subdag_operator.py
[2023-10-18T02:51:56.945+0000] {processor.py:829} INFO - Processing file /home/airflow/.local/lib/python3.8/site-packages/airflow/example_dags/example_subdag_operator.py for tasks to queue
[2023-10-18T02:51:56.946+0000] {logging_mixin.py:151} INFO - [2023-10-18T02:51:56.945+0000] {dagbag.py:536} INFO - Filling up the DagBag from /home/airflow/.local/lib/python3.8/site-packages/airflow/example_dags/example_subdag_operator.py
[2023-10-18T02:51:56.961+0000] {processor.py:839} INFO - DAG(s) dict_keys(['example_subdag_operator.section-1', 'example_subdag_operator.section-2', 'example_subdag_operator']) retrieved from /home/airflow/.local/lib/python3.8/site-packages/airflow/example_dags/example_subdag_operator.py
[2023-10-18T02:51:56.970+0000] {logging_mixin.py:151} INFO - [2023-10-18T02:51:56.969+0000] {dag.py:2941} INFO - Sync 3 DAGs
[2023-10-18T02:51:56.982+0000] {logging_mixin.py:151} INFO - [2023-10-18T02:51:56.982+0000] {dag.py:3722} INFO - Setting next_dagrun for example_subdag_operator to 2022-01-01T00:00:00+00:00, run_after=2022-01-01T00:00:00+00:00
[2023-10-18T02:51:56.984+0000] {logging_mixin.py:151} INFO - [2023-10-18T02:51:56.984+0000] {dag.py:3722} INFO - Setting next_dagrun for example_subdag_operator.section-1 to None, run_after=None
[2023-10-18T02:51:56.984+0000] {logging_mixin.py:151} INFO - [2023-10-18T02:51:56.984+0000] {dag.py:3722} INFO - Setting next_dagrun for example_subdag_operator.section-2 to None, run_after=None
[2023-10-18T02:51:56.988+0000] {logging_mixin.py:151} INFO - [2023-10-18T02:51:56.988+0000] {dag.py:2941} INFO - Sync 2 DAGs
[2023-10-18T02:51:56.990+0000] {logging_mixin.py:151} INFO - [2023-10-18T02:51:56.990+0000] {dag.py:3722} INFO - Setting next_dagrun for example_subdag_operator.section-1 to None, run_after=None
[2023-10-18T02:51:56.991+0000] {logging_mixin.py:151} INFO - [2023-10-18T02:51:56.991+0000] {dag.py:3722} INFO - Setting next_dagrun for example_subdag_operator.section-2 to None, run_after=None
[2023-10-18T02:51:56.996+0000] {processor.py:179} INFO - Processing /home/airflow/.local/lib/python3.8/site-packages/airflow/example_dags/example_subdag_operator.py took 0.054 seconds
[2023-10-18T02:52:27.829+0000] {processor.py:157} INFO - Started process (PID=5718) to work on /home/airflow/.local/lib/python3.8/site-packages/airflow/example_dags/example_subdag_operator.py
[2023-10-18T02:52:27.829+0000] {processor.py:829} INFO - Processing file /home/airflow/.local/lib/python3.8/site-packages/airflow/example_dags/example_subdag_operator.py for tasks to queue
[2023-10-18T02:52:27.830+0000] {logging_mixin.py:151} INFO - [2023-10-18T02:52:27.830+0000] {dagbag.py:536} INFO - Filling up the DagBag from /home/airflow/.local/lib/python3.8/site-packages/airflow/example_dags/example_subdag_operator.py
[2023-10-18T02:52:27.850+0000] {processor.py:839} INFO - DAG(s) dict_keys(['example_subdag_operator.section-1', 'example_subdag_operator.section-2', 'example_subdag_operator']) retrieved from /home/airflow/.local/lib/python3.8/site-packages/airflow/example_dags/example_subdag_operator.py
[2023-10-18T02:52:27.859+0000] {logging_mixin.py:151} INFO - [2023-10-18T02:52:27.859+0000] {dag.py:2941} INFO - Sync 3 DAGs
[2023-10-18T02:52:27.872+0000] {logging_mixin.py:151} INFO - [2023-10-18T02:52:27.872+0000] {dag.py:3722} INFO - Setting next_dagrun for example_subdag_operator to 2022-01-01T00:00:00+00:00, run_after=2022-01-01T00:00:00+00:00
[2023-10-18T02:52:27.874+0000] {logging_mixin.py:151} INFO - [2023-10-18T02:52:27.874+0000] {dag.py:3722} INFO - Setting next_dagrun for example_subdag_operator.section-1 to None, run_after=None
[2023-10-18T02:52:27.875+0000] {logging_mixin.py:151} INFO - [2023-10-18T02:52:27.875+0000] {dag.py:3722} INFO - Setting next_dagrun for example_subdag_operator.section-2 to None, run_after=None
[2023-10-18T02:52:27.879+0000] {logging_mixin.py:151} INFO - [2023-10-18T02:52:27.879+0000] {dag.py:2941} INFO - Sync 2 DAGs
[2023-10-18T02:52:27.882+0000] {logging_mixin.py:151} INFO - [2023-10-18T02:52:27.882+0000] {dag.py:3722} INFO - Setting next_dagrun for example_subdag_operator.section-1 to None, run_after=None
[2023-10-18T02:52:27.883+0000] {logging_mixin.py:151} INFO - [2023-10-18T02:52:27.883+0000] {dag.py:3722} INFO - Setting next_dagrun for example_subdag_operator.section-2 to None, run_after=None
[2023-10-18T02:52:27.888+0000] {processor.py:179} INFO - Processing /home/airflow/.local/lib/python3.8/site-packages/airflow/example_dags/example_subdag_operator.py took 0.062 seconds
[2023-10-18T02:52:58.038+0000] {processor.py:157} INFO - Started process (PID=5956) to work on /home/airflow/.local/lib/python3.8/site-packages/airflow/example_dags/example_subdag_operator.py
[2023-10-18T02:52:58.039+0000] {processor.py:829} INFO - Processing file /home/airflow/.local/lib/python3.8/site-packages/airflow/example_dags/example_subdag_operator.py for tasks to queue
[2023-10-18T02:52:58.039+0000] {logging_mixin.py:151} INFO - [2023-10-18T02:52:58.039+0000] {dagbag.py:536} INFO - Filling up the DagBag from /home/airflow/.local/lib/python3.8/site-packages/airflow/example_dags/example_subdag_operator.py
[2023-10-18T02:52:58.058+0000] {processor.py:839} INFO - DAG(s) dict_keys(['example_subdag_operator.section-1', 'example_subdag_operator.section-2', 'example_subdag_operator']) retrieved from /home/airflow/.local/lib/python3.8/site-packages/airflow/example_dags/example_subdag_operator.py
[2023-10-18T02:52:58.068+0000] {logging_mixin.py:151} INFO - [2023-10-18T02:52:58.068+0000] {dag.py:2941} INFO - Sync 3 DAGs
[2023-10-18T02:52:58.080+0000] {logging_mixin.py:151} INFO - [2023-10-18T02:52:58.080+0000] {dag.py:3722} INFO - Setting next_dagrun for example_subdag_operator to 2022-01-01T00:00:00+00:00, run_after=2022-01-01T00:00:00+00:00
[2023-10-18T02:52:58.082+0000] {logging_mixin.py:151} INFO - [2023-10-18T02:52:58.082+0000] {dag.py:3722} INFO - Setting next_dagrun for example_subdag_operator.section-1 to None, run_after=None
[2023-10-18T02:52:58.083+0000] {logging_mixin.py:151} INFO - [2023-10-18T02:52:58.083+0000] {dag.py:3722} INFO - Setting next_dagrun for example_subdag_operator.section-2 to None, run_after=None
[2023-10-18T02:52:58.086+0000] {logging_mixin.py:151} INFO - [2023-10-18T02:52:58.086+0000] {dag.py:2941} INFO - Sync 2 DAGs
[2023-10-18T02:52:58.089+0000] {logging_mixin.py:151} INFO - [2023-10-18T02:52:58.088+0000] {dag.py:3722} INFO - Setting next_dagrun for example_subdag_operator.section-1 to None, run_after=None
[2023-10-18T02:52:58.089+0000] {logging_mixin.py:151} INFO - [2023-10-18T02:52:58.089+0000] {dag.py:3722} INFO - Setting next_dagrun for example_subdag_operator.section-2 to None, run_after=None
[2023-10-18T02:52:58.094+0000] {processor.py:179} INFO - Processing /home/airflow/.local/lib/python3.8/site-packages/airflow/example_dags/example_subdag_operator.py took 0.058 seconds
[2023-10-18T02:53:28.193+0000] {processor.py:157} INFO - Started process (PID=6194) to work on /home/airflow/.local/lib/python3.8/site-packages/airflow/example_dags/example_subdag_operator.py
[2023-10-18T02:53:28.194+0000] {processor.py:829} INFO - Processing file /home/airflow/.local/lib/python3.8/site-packages/airflow/example_dags/example_subdag_operator.py for tasks to queue
[2023-10-18T02:53:28.195+0000] {logging_mixin.py:151} INFO - [2023-10-18T02:53:28.194+0000] {dagbag.py:536} INFO - Filling up the DagBag from /home/airflow/.local/lib/python3.8/site-packages/airflow/example_dags/example_subdag_operator.py
[2023-10-18T02:53:28.212+0000] {processor.py:839} INFO - DAG(s) dict_keys(['example_subdag_operator.section-1', 'example_subdag_operator.section-2', 'example_subdag_operator']) retrieved from /home/airflow/.local/lib/python3.8/site-packages/airflow/example_dags/example_subdag_operator.py
[2023-10-18T02:53:28.221+0000] {logging_mixin.py:151} INFO - [2023-10-18T02:53:28.221+0000] {dag.py:2941} INFO - Sync 3 DAGs
[2023-10-18T02:53:28.234+0000] {logging_mixin.py:151} INFO - [2023-10-18T02:53:28.234+0000] {dag.py:3722} INFO - Setting next_dagrun for example_subdag_operator to 2022-01-01T00:00:00+00:00, run_after=2022-01-01T00:00:00+00:00
[2023-10-18T02:53:28.236+0000] {logging_mixin.py:151} INFO - [2023-10-18T02:53:28.235+0000] {dag.py:3722} INFO - Setting next_dagrun for example_subdag_operator.section-1 to None, run_after=None
[2023-10-18T02:53:28.236+0000] {logging_mixin.py:151} INFO - [2023-10-18T02:53:28.236+0000] {dag.py:3722} INFO - Setting next_dagrun for example_subdag_operator.section-2 to None, run_after=None
[2023-10-18T02:53:28.240+0000] {logging_mixin.py:151} INFO - [2023-10-18T02:53:28.240+0000] {dag.py:2941} INFO - Sync 2 DAGs
[2023-10-18T02:53:28.243+0000] {logging_mixin.py:151} INFO - [2023-10-18T02:53:28.243+0000] {dag.py:3722} INFO - Setting next_dagrun for example_subdag_operator.section-1 to None, run_after=None
[2023-10-18T02:53:28.244+0000] {logging_mixin.py:151} INFO - [2023-10-18T02:53:28.244+0000] {dag.py:3722} INFO - Setting next_dagrun for example_subdag_operator.section-2 to None, run_after=None
[2023-10-18T02:53:28.252+0000] {processor.py:179} INFO - Processing /home/airflow/.local/lib/python3.8/site-packages/airflow/example_dags/example_subdag_operator.py took 0.061 seconds
[2023-10-18T02:53:59.182+0000] {processor.py:157} INFO - Started process (PID=6432) to work on /home/airflow/.local/lib/python3.8/site-packages/airflow/example_dags/example_subdag_operator.py
[2023-10-18T02:53:59.182+0000] {processor.py:829} INFO - Processing file /home/airflow/.local/lib/python3.8/site-packages/airflow/example_dags/example_subdag_operator.py for tasks to queue
[2023-10-18T02:53:59.183+0000] {logging_mixin.py:151} INFO - [2023-10-18T02:53:59.183+0000] {dagbag.py:536} INFO - Filling up the DagBag from /home/airflow/.local/lib/python3.8/site-packages/airflow/example_dags/example_subdag_operator.py
[2023-10-18T02:53:59.203+0000] {processor.py:839} INFO - DAG(s) dict_keys(['example_subdag_operator.section-1', 'example_subdag_operator.section-2', 'example_subdag_operator']) retrieved from /home/airflow/.local/lib/python3.8/site-packages/airflow/example_dags/example_subdag_operator.py
[2023-10-18T02:53:59.213+0000] {logging_mixin.py:151} INFO - [2023-10-18T02:53:59.213+0000] {dag.py:2941} INFO - Sync 3 DAGs
[2023-10-18T02:53:59.227+0000] {logging_mixin.py:151} INFO - [2023-10-18T02:53:59.227+0000] {dag.py:3722} INFO - Setting next_dagrun for example_subdag_operator to 2022-01-01T00:00:00+00:00, run_after=2022-01-01T00:00:00+00:00
[2023-10-18T02:53:59.228+0000] {logging_mixin.py:151} INFO - [2023-10-18T02:53:59.228+0000] {dag.py:3722} INFO - Setting next_dagrun for example_subdag_operator.section-1 to None, run_after=None
[2023-10-18T02:53:59.229+0000] {logging_mixin.py:151} INFO - [2023-10-18T02:53:59.229+0000] {dag.py:3722} INFO - Setting next_dagrun for example_subdag_operator.section-2 to None, run_after=None
[2023-10-18T02:53:59.233+0000] {logging_mixin.py:151} INFO - [2023-10-18T02:53:59.233+0000] {dag.py:2941} INFO - Sync 2 DAGs
[2023-10-18T02:53:59.236+0000] {logging_mixin.py:151} INFO - [2023-10-18T02:53:59.236+0000] {dag.py:3722} INFO - Setting next_dagrun for example_subdag_operator.section-1 to None, run_after=None
[2023-10-18T02:53:59.236+0000] {logging_mixin.py:151} INFO - [2023-10-18T02:53:59.236+0000] {dag.py:3722} INFO - Setting next_dagrun for example_subdag_operator.section-2 to None, run_after=None
[2023-10-18T02:53:59.242+0000] {processor.py:179} INFO - Processing /home/airflow/.local/lib/python3.8/site-packages/airflow/example_dags/example_subdag_operator.py took 0.062 seconds
