[2023-10-18T02:40:51.241+0000] {processor.py:157} INFO - Started process (PID=256) to work on /home/airflow/.local/lib/python3.8/site-packages/airflow/example_dags/example_python_operator.py
[2023-10-18T02:40:51.242+0000] {processor.py:829} INFO - Processing file /home/airflow/.local/lib/python3.8/site-packages/airflow/example_dags/example_python_operator.py for tasks to queue
[2023-10-18T02:40:51.243+0000] {logging_mixin.py:151} INFO - [2023-10-18T02:40:51.242+0000] {dagbag.py:536} INFO - Filling up the DagBag from /home/airflow/.local/lib/python3.8/site-packages/airflow/example_dags/example_python_operator.py
[2023-10-18T02:40:51.250+0000] {processor.py:839} INFO - DAG(s) dict_keys(['example_python_operator']) retrieved from /home/airflow/.local/lib/python3.8/site-packages/airflow/example_dags/example_python_operator.py
[2023-10-18T02:40:51.263+0000] {logging_mixin.py:151} INFO - [2023-10-18T02:40:51.263+0000] {dag.py:2941} INFO - Sync 1 DAGs
[2023-10-18T02:40:51.272+0000] {logging_mixin.py:151} INFO - [2023-10-18T02:40:51.272+0000] {dag.py:3722} INFO - Setting next_dagrun for example_python_operator to None, run_after=None
[2023-10-18T02:40:51.293+0000] {processor.py:179} INFO - Processing /home/airflow/.local/lib/python3.8/site-packages/airflow/example_dags/example_python_operator.py took 0.054 seconds
[2023-10-18T02:41:21.791+0000] {processor.py:157} INFO - Started process (PID=494) to work on /home/airflow/.local/lib/python3.8/site-packages/airflow/example_dags/example_python_operator.py
[2023-10-18T02:41:21.791+0000] {processor.py:829} INFO - Processing file /home/airflow/.local/lib/python3.8/site-packages/airflow/example_dags/example_python_operator.py for tasks to queue
[2023-10-18T02:41:21.792+0000] {logging_mixin.py:151} INFO - [2023-10-18T02:41:21.792+0000] {dagbag.py:536} INFO - Filling up the DagBag from /home/airflow/.local/lib/python3.8/site-packages/airflow/example_dags/example_python_operator.py
[2023-10-18T02:41:21.798+0000] {processor.py:839} INFO - DAG(s) dict_keys(['example_python_operator']) retrieved from /home/airflow/.local/lib/python3.8/site-packages/airflow/example_dags/example_python_operator.py
[2023-10-18T02:41:21.898+0000] {logging_mixin.py:151} INFO - [2023-10-18T02:41:21.898+0000] {dag.py:2941} INFO - Sync 1 DAGs
[2023-10-18T02:41:21.904+0000] {logging_mixin.py:151} INFO - [2023-10-18T02:41:21.903+0000] {dag.py:3722} INFO - Setting next_dagrun for example_python_operator to None, run_after=None
[2023-10-18T02:41:21.913+0000] {processor.py:179} INFO - Processing /home/airflow/.local/lib/python3.8/site-packages/airflow/example_dags/example_python_operator.py took 0.125 seconds
[2023-10-18T02:41:52.085+0000] {processor.py:157} INFO - Started process (PID=732) to work on /home/airflow/.local/lib/python3.8/site-packages/airflow/example_dags/example_python_operator.py
[2023-10-18T02:41:52.086+0000] {processor.py:829} INFO - Processing file /home/airflow/.local/lib/python3.8/site-packages/airflow/example_dags/example_python_operator.py for tasks to queue
[2023-10-18T02:41:52.086+0000] {logging_mixin.py:151} INFO - [2023-10-18T02:41:52.086+0000] {dagbag.py:536} INFO - Filling up the DagBag from /home/airflow/.local/lib/python3.8/site-packages/airflow/example_dags/example_python_operator.py
[2023-10-18T02:41:52.092+0000] {processor.py:839} INFO - DAG(s) dict_keys(['example_python_operator']) retrieved from /home/airflow/.local/lib/python3.8/site-packages/airflow/example_dags/example_python_operator.py
[2023-10-18T02:41:52.109+0000] {logging_mixin.py:151} INFO - [2023-10-18T02:41:52.109+0000] {dag.py:2941} INFO - Sync 1 DAGs
[2023-10-18T02:41:52.116+0000] {logging_mixin.py:151} INFO - [2023-10-18T02:41:52.116+0000] {dag.py:3722} INFO - Setting next_dagrun for example_python_operator to None, run_after=None
[2023-10-18T02:41:52.125+0000] {processor.py:179} INFO - Processing /home/airflow/.local/lib/python3.8/site-packages/airflow/example_dags/example_python_operator.py took 0.042 seconds
[2023-10-18T02:42:22.186+0000] {processor.py:157} INFO - Started process (PID=970) to work on /home/airflow/.local/lib/python3.8/site-packages/airflow/example_dags/example_python_operator.py
[2023-10-18T02:42:22.187+0000] {processor.py:829} INFO - Processing file /home/airflow/.local/lib/python3.8/site-packages/airflow/example_dags/example_python_operator.py for tasks to queue
[2023-10-18T02:42:22.187+0000] {logging_mixin.py:151} INFO - [2023-10-18T02:42:22.187+0000] {dagbag.py:536} INFO - Filling up the DagBag from /home/airflow/.local/lib/python3.8/site-packages/airflow/example_dags/example_python_operator.py
[2023-10-18T02:42:22.193+0000] {processor.py:839} INFO - DAG(s) dict_keys(['example_python_operator']) retrieved from /home/airflow/.local/lib/python3.8/site-packages/airflow/example_dags/example_python_operator.py
[2023-10-18T02:42:22.208+0000] {logging_mixin.py:151} INFO - [2023-10-18T02:42:22.208+0000] {dag.py:2941} INFO - Sync 1 DAGs
[2023-10-18T02:42:22.216+0000] {logging_mixin.py:151} INFO - [2023-10-18T02:42:22.216+0000] {dag.py:3722} INFO - Setting next_dagrun for example_python_operator to None, run_after=None
[2023-10-18T02:42:22.226+0000] {processor.py:179} INFO - Processing /home/airflow/.local/lib/python3.8/site-packages/airflow/example_dags/example_python_operator.py took 0.042 seconds
[2023-10-18T02:42:53.071+0000] {processor.py:157} INFO - Started process (PID=1256) to work on /home/airflow/.local/lib/python3.8/site-packages/airflow/example_dags/example_python_operator.py
[2023-10-18T02:42:53.072+0000] {processor.py:829} INFO - Processing file /home/airflow/.local/lib/python3.8/site-packages/airflow/example_dags/example_python_operator.py for tasks to queue
[2023-10-18T02:42:53.072+0000] {logging_mixin.py:151} INFO - [2023-10-18T02:42:53.072+0000] {dagbag.py:536} INFO - Filling up the DagBag from /home/airflow/.local/lib/python3.8/site-packages/airflow/example_dags/example_python_operator.py
[2023-10-18T02:42:53.078+0000] {processor.py:839} INFO - DAG(s) dict_keys(['example_python_operator']) retrieved from /home/airflow/.local/lib/python3.8/site-packages/airflow/example_dags/example_python_operator.py
[2023-10-18T02:42:53.094+0000] {logging_mixin.py:151} INFO - [2023-10-18T02:42:53.094+0000] {dag.py:2941} INFO - Sync 1 DAGs
[2023-10-18T02:42:53.101+0000] {logging_mixin.py:151} INFO - [2023-10-18T02:42:53.101+0000] {dag.py:3722} INFO - Setting next_dagrun for example_python_operator to None, run_after=None
[2023-10-18T02:42:53.110+0000] {processor.py:179} INFO - Processing /home/airflow/.local/lib/python3.8/site-packages/airflow/example_dags/example_python_operator.py took 0.041 seconds
[2023-10-18T02:43:23.137+0000] {processor.py:157} INFO - Started process (PID=1494) to work on /home/airflow/.local/lib/python3.8/site-packages/airflow/example_dags/example_python_operator.py
[2023-10-18T02:43:23.137+0000] {processor.py:829} INFO - Processing file /home/airflow/.local/lib/python3.8/site-packages/airflow/example_dags/example_python_operator.py for tasks to queue
[2023-10-18T02:43:23.138+0000] {logging_mixin.py:151} INFO - [2023-10-18T02:43:23.138+0000] {dagbag.py:536} INFO - Filling up the DagBag from /home/airflow/.local/lib/python3.8/site-packages/airflow/example_dags/example_python_operator.py
[2023-10-18T02:43:23.144+0000] {processor.py:839} INFO - DAG(s) dict_keys(['example_python_operator']) retrieved from /home/airflow/.local/lib/python3.8/site-packages/airflow/example_dags/example_python_operator.py
[2023-10-18T02:43:23.160+0000] {logging_mixin.py:151} INFO - [2023-10-18T02:43:23.160+0000] {dag.py:2941} INFO - Sync 1 DAGs
[2023-10-18T02:43:23.168+0000] {logging_mixin.py:151} INFO - [2023-10-18T02:43:23.168+0000] {dag.py:3722} INFO - Setting next_dagrun for example_python_operator to None, run_after=None
[2023-10-18T02:43:23.178+0000] {processor.py:179} INFO - Processing /home/airflow/.local/lib/python3.8/site-packages/airflow/example_dags/example_python_operator.py took 0.043 seconds
[2023-10-18T02:43:53.379+0000] {processor.py:157} INFO - Started process (PID=1731) to work on /home/airflow/.local/lib/python3.8/site-packages/airflow/example_dags/example_python_operator.py
[2023-10-18T02:43:53.380+0000] {processor.py:829} INFO - Processing file /home/airflow/.local/lib/python3.8/site-packages/airflow/example_dags/example_python_operator.py for tasks to queue
[2023-10-18T02:43:53.381+0000] {logging_mixin.py:151} INFO - [2023-10-18T02:43:53.380+0000] {dagbag.py:536} INFO - Filling up the DagBag from /home/airflow/.local/lib/python3.8/site-packages/airflow/example_dags/example_python_operator.py
[2023-10-18T02:43:53.386+0000] {processor.py:839} INFO - DAG(s) dict_keys(['example_python_operator']) retrieved from /home/airflow/.local/lib/python3.8/site-packages/airflow/example_dags/example_python_operator.py
[2023-10-18T02:43:53.402+0000] {logging_mixin.py:151} INFO - [2023-10-18T02:43:53.402+0000] {dag.py:2941} INFO - Sync 1 DAGs
[2023-10-18T02:43:53.408+0000] {logging_mixin.py:151} INFO - [2023-10-18T02:43:53.408+0000] {dag.py:3722} INFO - Setting next_dagrun for example_python_operator to None, run_after=None
[2023-10-18T02:43:53.419+0000] {processor.py:179} INFO - Processing /home/airflow/.local/lib/python3.8/site-packages/airflow/example_dags/example_python_operator.py took 0.042 seconds
[2023-10-18T02:44:24.306+0000] {processor.py:157} INFO - Started process (PID=1972) to work on /home/airflow/.local/lib/python3.8/site-packages/airflow/example_dags/example_python_operator.py
[2023-10-18T02:44:24.307+0000] {processor.py:829} INFO - Processing file /home/airflow/.local/lib/python3.8/site-packages/airflow/example_dags/example_python_operator.py for tasks to queue
[2023-10-18T02:44:24.308+0000] {logging_mixin.py:151} INFO - [2023-10-18T02:44:24.307+0000] {dagbag.py:536} INFO - Filling up the DagBag from /home/airflow/.local/lib/python3.8/site-packages/airflow/example_dags/example_python_operator.py
[2023-10-18T02:44:24.314+0000] {processor.py:839} INFO - DAG(s) dict_keys(['example_python_operator']) retrieved from /home/airflow/.local/lib/python3.8/site-packages/airflow/example_dags/example_python_operator.py
[2023-10-18T02:44:24.331+0000] {logging_mixin.py:151} INFO - [2023-10-18T02:44:24.330+0000] {dag.py:2941} INFO - Sync 1 DAGs
[2023-10-18T02:44:24.337+0000] {logging_mixin.py:151} INFO - [2023-10-18T02:44:24.337+0000] {dag.py:3722} INFO - Setting next_dagrun for example_python_operator to None, run_after=None
[2023-10-18T02:44:24.346+0000] {processor.py:179} INFO - Processing /home/airflow/.local/lib/python3.8/site-packages/airflow/example_dags/example_python_operator.py took 0.042 seconds
[2023-10-18T02:44:54.384+0000] {processor.py:157} INFO - Started process (PID=2211) to work on /home/airflow/.local/lib/python3.8/site-packages/airflow/example_dags/example_python_operator.py
[2023-10-18T02:44:54.385+0000] {processor.py:829} INFO - Processing file /home/airflow/.local/lib/python3.8/site-packages/airflow/example_dags/example_python_operator.py for tasks to queue
[2023-10-18T02:44:54.385+0000] {logging_mixin.py:151} INFO - [2023-10-18T02:44:54.385+0000] {dagbag.py:536} INFO - Filling up the DagBag from /home/airflow/.local/lib/python3.8/site-packages/airflow/example_dags/example_python_operator.py
[2023-10-18T02:44:54.391+0000] {processor.py:839} INFO - DAG(s) dict_keys(['example_python_operator']) retrieved from /home/airflow/.local/lib/python3.8/site-packages/airflow/example_dags/example_python_operator.py
[2023-10-18T02:44:54.406+0000] {logging_mixin.py:151} INFO - [2023-10-18T02:44:54.405+0000] {dag.py:2941} INFO - Sync 1 DAGs
[2023-10-18T02:44:54.412+0000] {logging_mixin.py:151} INFO - [2023-10-18T02:44:54.411+0000] {dag.py:3722} INFO - Setting next_dagrun for example_python_operator to None, run_after=None
[2023-10-18T02:44:54.420+0000] {processor.py:179} INFO - Processing /home/airflow/.local/lib/python3.8/site-packages/airflow/example_dags/example_python_operator.py took 0.037 seconds
[2023-10-18T02:45:24.646+0000] {processor.py:157} INFO - Started process (PID=2447) to work on /home/airflow/.local/lib/python3.8/site-packages/airflow/example_dags/example_python_operator.py
[2023-10-18T02:45:24.647+0000] {processor.py:829} INFO - Processing file /home/airflow/.local/lib/python3.8/site-packages/airflow/example_dags/example_python_operator.py for tasks to queue
[2023-10-18T02:45:24.647+0000] {logging_mixin.py:151} INFO - [2023-10-18T02:45:24.647+0000] {dagbag.py:536} INFO - Filling up the DagBag from /home/airflow/.local/lib/python3.8/site-packages/airflow/example_dags/example_python_operator.py
[2023-10-18T02:45:24.655+0000] {processor.py:839} INFO - DAG(s) dict_keys(['example_python_operator']) retrieved from /home/airflow/.local/lib/python3.8/site-packages/airflow/example_dags/example_python_operator.py
[2023-10-18T02:45:24.674+0000] {logging_mixin.py:151} INFO - [2023-10-18T02:45:24.674+0000] {dag.py:2941} INFO - Sync 1 DAGs
[2023-10-18T02:45:24.682+0000] {logging_mixin.py:151} INFO - [2023-10-18T02:45:24.682+0000] {dag.py:3722} INFO - Setting next_dagrun for example_python_operator to None, run_after=None
[2023-10-18T02:45:24.692+0000] {processor.py:179} INFO - Processing /home/airflow/.local/lib/python3.8/site-packages/airflow/example_dags/example_python_operator.py took 0.049 seconds
[2023-10-18T02:45:54.731+0000] {processor.py:157} INFO - Started process (PID=2687) to work on /home/airflow/.local/lib/python3.8/site-packages/airflow/example_dags/example_python_operator.py
[2023-10-18T02:45:54.732+0000] {processor.py:829} INFO - Processing file /home/airflow/.local/lib/python3.8/site-packages/airflow/example_dags/example_python_operator.py for tasks to queue
[2023-10-18T02:45:54.732+0000] {logging_mixin.py:151} INFO - [2023-10-18T02:45:54.732+0000] {dagbag.py:536} INFO - Filling up the DagBag from /home/airflow/.local/lib/python3.8/site-packages/airflow/example_dags/example_python_operator.py
[2023-10-18T02:45:54.738+0000] {processor.py:839} INFO - DAG(s) dict_keys(['example_python_operator']) retrieved from /home/airflow/.local/lib/python3.8/site-packages/airflow/example_dags/example_python_operator.py
[2023-10-18T02:45:54.752+0000] {logging_mixin.py:151} INFO - [2023-10-18T02:45:54.752+0000] {dag.py:2941} INFO - Sync 1 DAGs
[2023-10-18T02:45:54.760+0000] {logging_mixin.py:151} INFO - [2023-10-18T02:45:54.760+0000] {dag.py:3722} INFO - Setting next_dagrun for example_python_operator to None, run_after=None
[2023-10-18T02:45:54.769+0000] {processor.py:179} INFO - Processing /home/airflow/.local/lib/python3.8/site-packages/airflow/example_dags/example_python_operator.py took 0.040 seconds
[2023-10-18T02:46:24.804+0000] {processor.py:157} INFO - Started process (PID=2923) to work on /home/airflow/.local/lib/python3.8/site-packages/airflow/example_dags/example_python_operator.py
[2023-10-18T02:46:24.804+0000] {processor.py:829} INFO - Processing file /home/airflow/.local/lib/python3.8/site-packages/airflow/example_dags/example_python_operator.py for tasks to queue
[2023-10-18T02:46:24.805+0000] {logging_mixin.py:151} INFO - [2023-10-18T02:46:24.805+0000] {dagbag.py:536} INFO - Filling up the DagBag from /home/airflow/.local/lib/python3.8/site-packages/airflow/example_dags/example_python_operator.py
[2023-10-18T02:46:24.811+0000] {processor.py:839} INFO - DAG(s) dict_keys(['example_python_operator']) retrieved from /home/airflow/.local/lib/python3.8/site-packages/airflow/example_dags/example_python_operator.py
[2023-10-18T02:46:24.826+0000] {logging_mixin.py:151} INFO - [2023-10-18T02:46:24.826+0000] {dag.py:2941} INFO - Sync 1 DAGs
[2023-10-18T02:46:24.833+0000] {logging_mixin.py:151} INFO - [2023-10-18T02:46:24.833+0000] {dag.py:3722} INFO - Setting next_dagrun for example_python_operator to None, run_after=None
[2023-10-18T02:46:24.844+0000] {processor.py:179} INFO - Processing /home/airflow/.local/lib/python3.8/site-packages/airflow/example_dags/example_python_operator.py took 0.042 seconds
[2023-10-18T02:46:55.007+0000] {processor.py:157} INFO - Started process (PID=3161) to work on /home/airflow/.local/lib/python3.8/site-packages/airflow/example_dags/example_python_operator.py
[2023-10-18T02:46:55.008+0000] {processor.py:829} INFO - Processing file /home/airflow/.local/lib/python3.8/site-packages/airflow/example_dags/example_python_operator.py for tasks to queue
[2023-10-18T02:46:55.008+0000] {logging_mixin.py:151} INFO - [2023-10-18T02:46:55.008+0000] {dagbag.py:536} INFO - Filling up the DagBag from /home/airflow/.local/lib/python3.8/site-packages/airflow/example_dags/example_python_operator.py
[2023-10-18T02:46:55.014+0000] {processor.py:839} INFO - DAG(s) dict_keys(['example_python_operator']) retrieved from /home/airflow/.local/lib/python3.8/site-packages/airflow/example_dags/example_python_operator.py
[2023-10-18T02:46:55.030+0000] {logging_mixin.py:151} INFO - [2023-10-18T02:46:55.030+0000] {dag.py:2941} INFO - Sync 1 DAGs
[2023-10-18T02:46:55.036+0000] {logging_mixin.py:151} INFO - [2023-10-18T02:46:55.036+0000] {dag.py:3722} INFO - Setting next_dagrun for example_python_operator to None, run_after=None
[2023-10-18T02:46:55.045+0000] {processor.py:179} INFO - Processing /home/airflow/.local/lib/python3.8/site-packages/airflow/example_dags/example_python_operator.py took 0.041 seconds
[2023-10-18T02:47:25.995+0000] {processor.py:157} INFO - Started process (PID=3401) to work on /home/airflow/.local/lib/python3.8/site-packages/airflow/example_dags/example_python_operator.py
[2023-10-18T02:47:25.995+0000] {processor.py:829} INFO - Processing file /home/airflow/.local/lib/python3.8/site-packages/airflow/example_dags/example_python_operator.py for tasks to queue
[2023-10-18T02:47:25.996+0000] {logging_mixin.py:151} INFO - [2023-10-18T02:47:25.996+0000] {dagbag.py:536} INFO - Filling up the DagBag from /home/airflow/.local/lib/python3.8/site-packages/airflow/example_dags/example_python_operator.py
[2023-10-18T02:47:26.002+0000] {processor.py:839} INFO - DAG(s) dict_keys(['example_python_operator']) retrieved from /home/airflow/.local/lib/python3.8/site-packages/airflow/example_dags/example_python_operator.py
[2023-10-18T02:47:26.019+0000] {logging_mixin.py:151} INFO - [2023-10-18T02:47:26.019+0000] {dag.py:2941} INFO - Sync 1 DAGs
[2023-10-18T02:47:26.026+0000] {logging_mixin.py:151} INFO - [2023-10-18T02:47:26.025+0000] {dag.py:3722} INFO - Setting next_dagrun for example_python_operator to None, run_after=None
[2023-10-18T02:47:26.035+0000] {processor.py:179} INFO - Processing /home/airflow/.local/lib/python3.8/site-packages/airflow/example_dags/example_python_operator.py took 0.042 seconds
[2023-10-18T02:47:56.056+0000] {processor.py:157} INFO - Started process (PID=3637) to work on /home/airflow/.local/lib/python3.8/site-packages/airflow/example_dags/example_python_operator.py
[2023-10-18T02:47:56.057+0000] {processor.py:829} INFO - Processing file /home/airflow/.local/lib/python3.8/site-packages/airflow/example_dags/example_python_operator.py for tasks to queue
[2023-10-18T02:47:56.058+0000] {logging_mixin.py:151} INFO - [2023-10-18T02:47:56.057+0000] {dagbag.py:536} INFO - Filling up the DagBag from /home/airflow/.local/lib/python3.8/site-packages/airflow/example_dags/example_python_operator.py
[2023-10-18T02:47:56.063+0000] {processor.py:839} INFO - DAG(s) dict_keys(['example_python_operator']) retrieved from /home/airflow/.local/lib/python3.8/site-packages/airflow/example_dags/example_python_operator.py
[2023-10-18T02:47:56.079+0000] {logging_mixin.py:151} INFO - [2023-10-18T02:47:56.079+0000] {dag.py:2941} INFO - Sync 1 DAGs
[2023-10-18T02:47:56.085+0000] {logging_mixin.py:151} INFO - [2023-10-18T02:47:56.085+0000] {dag.py:3722} INFO - Setting next_dagrun for example_python_operator to None, run_after=None
[2023-10-18T02:47:56.094+0000] {processor.py:179} INFO - Processing /home/airflow/.local/lib/python3.8/site-packages/airflow/example_dags/example_python_operator.py took 0.039 seconds
[2023-10-18T02:48:26.266+0000] {processor.py:157} INFO - Started process (PID=3875) to work on /home/airflow/.local/lib/python3.8/site-packages/airflow/example_dags/example_python_operator.py
[2023-10-18T02:48:26.267+0000] {processor.py:829} INFO - Processing file /home/airflow/.local/lib/python3.8/site-packages/airflow/example_dags/example_python_operator.py for tasks to queue
[2023-10-18T02:48:26.269+0000] {logging_mixin.py:151} INFO - [2023-10-18T02:48:26.268+0000] {dagbag.py:536} INFO - Filling up the DagBag from /home/airflow/.local/lib/python3.8/site-packages/airflow/example_dags/example_python_operator.py
[2023-10-18T02:48:26.274+0000] {processor.py:839} INFO - DAG(s) dict_keys(['example_python_operator']) retrieved from /home/airflow/.local/lib/python3.8/site-packages/airflow/example_dags/example_python_operator.py
[2023-10-18T02:48:26.290+0000] {logging_mixin.py:151} INFO - [2023-10-18T02:48:26.290+0000] {dag.py:2941} INFO - Sync 1 DAGs
[2023-10-18T02:48:26.297+0000] {logging_mixin.py:151} INFO - [2023-10-18T02:48:26.297+0000] {dag.py:3722} INFO - Setting next_dagrun for example_python_operator to None, run_after=None
[2023-10-18T02:48:26.307+0000] {processor.py:179} INFO - Processing /home/airflow/.local/lib/python3.8/site-packages/airflow/example_dags/example_python_operator.py took 0.043 seconds
[2023-10-18T02:48:56.407+0000] {processor.py:157} INFO - Started process (PID=4113) to work on /home/airflow/.local/lib/python3.8/site-packages/airflow/example_dags/example_python_operator.py
[2023-10-18T02:48:56.407+0000] {processor.py:829} INFO - Processing file /home/airflow/.local/lib/python3.8/site-packages/airflow/example_dags/example_python_operator.py for tasks to queue
[2023-10-18T02:48:56.408+0000] {logging_mixin.py:151} INFO - [2023-10-18T02:48:56.408+0000] {dagbag.py:536} INFO - Filling up the DagBag from /home/airflow/.local/lib/python3.8/site-packages/airflow/example_dags/example_python_operator.py
[2023-10-18T02:48:56.414+0000] {processor.py:839} INFO - DAG(s) dict_keys(['example_python_operator']) retrieved from /home/airflow/.local/lib/python3.8/site-packages/airflow/example_dags/example_python_operator.py
[2023-10-18T02:48:56.429+0000] {logging_mixin.py:151} INFO - [2023-10-18T02:48:56.429+0000] {dag.py:2941} INFO - Sync 1 DAGs
[2023-10-18T02:48:56.437+0000] {logging_mixin.py:151} INFO - [2023-10-18T02:48:56.437+0000] {dag.py:3722} INFO - Setting next_dagrun for example_python_operator to None, run_after=None
[2023-10-18T02:48:56.446+0000] {processor.py:179} INFO - Processing /home/airflow/.local/lib/python3.8/site-packages/airflow/example_dags/example_python_operator.py took 0.041 seconds
[2023-10-18T02:49:26.602+0000] {processor.py:157} INFO - Started process (PID=4351) to work on /home/airflow/.local/lib/python3.8/site-packages/airflow/example_dags/example_python_operator.py
[2023-10-18T02:49:26.602+0000] {processor.py:829} INFO - Processing file /home/airflow/.local/lib/python3.8/site-packages/airflow/example_dags/example_python_operator.py for tasks to queue
[2023-10-18T02:49:26.603+0000] {logging_mixin.py:151} INFO - [2023-10-18T02:49:26.603+0000] {dagbag.py:536} INFO - Filling up the DagBag from /home/airflow/.local/lib/python3.8/site-packages/airflow/example_dags/example_python_operator.py
[2023-10-18T02:49:26.609+0000] {processor.py:839} INFO - DAG(s) dict_keys(['example_python_operator']) retrieved from /home/airflow/.local/lib/python3.8/site-packages/airflow/example_dags/example_python_operator.py
[2023-10-18T02:49:26.625+0000] {logging_mixin.py:151} INFO - [2023-10-18T02:49:26.624+0000] {dag.py:2941} INFO - Sync 1 DAGs
[2023-10-18T02:49:26.631+0000] {logging_mixin.py:151} INFO - [2023-10-18T02:49:26.631+0000] {dag.py:3722} INFO - Setting next_dagrun for example_python_operator to None, run_after=None
[2023-10-18T02:49:26.641+0000] {processor.py:179} INFO - Processing /home/airflow/.local/lib/python3.8/site-packages/airflow/example_dags/example_python_operator.py took 0.041 seconds
[2023-10-18T02:49:56.706+0000] {processor.py:157} INFO - Started process (PID=4589) to work on /home/airflow/.local/lib/python3.8/site-packages/airflow/example_dags/example_python_operator.py
[2023-10-18T02:49:56.707+0000] {processor.py:829} INFO - Processing file /home/airflow/.local/lib/python3.8/site-packages/airflow/example_dags/example_python_operator.py for tasks to queue
[2023-10-18T02:49:56.707+0000] {logging_mixin.py:151} INFO - [2023-10-18T02:49:56.707+0000] {dagbag.py:536} INFO - Filling up the DagBag from /home/airflow/.local/lib/python3.8/site-packages/airflow/example_dags/example_python_operator.py
[2023-10-18T02:49:56.713+0000] {processor.py:839} INFO - DAG(s) dict_keys(['example_python_operator']) retrieved from /home/airflow/.local/lib/python3.8/site-packages/airflow/example_dags/example_python_operator.py
[2023-10-18T02:49:56.729+0000] {logging_mixin.py:151} INFO - [2023-10-18T02:49:56.728+0000] {dag.py:2941} INFO - Sync 1 DAGs
[2023-10-18T02:49:56.736+0000] {logging_mixin.py:151} INFO - [2023-10-18T02:49:56.736+0000] {dag.py:3722} INFO - Setting next_dagrun for example_python_operator to None, run_after=None
[2023-10-18T02:49:56.745+0000] {processor.py:179} INFO - Processing /home/airflow/.local/lib/python3.8/site-packages/airflow/example_dags/example_python_operator.py took 0.042 seconds
[2023-10-18T02:50:26.839+0000] {processor.py:157} INFO - Started process (PID=4828) to work on /home/airflow/.local/lib/python3.8/site-packages/airflow/example_dags/example_python_operator.py
[2023-10-18T02:50:26.839+0000] {processor.py:829} INFO - Processing file /home/airflow/.local/lib/python3.8/site-packages/airflow/example_dags/example_python_operator.py for tasks to queue
[2023-10-18T02:50:26.840+0000] {logging_mixin.py:151} INFO - [2023-10-18T02:50:26.840+0000] {dagbag.py:536} INFO - Filling up the DagBag from /home/airflow/.local/lib/python3.8/site-packages/airflow/example_dags/example_python_operator.py
[2023-10-18T02:50:26.846+0000] {processor.py:839} INFO - DAG(s) dict_keys(['example_python_operator']) retrieved from /home/airflow/.local/lib/python3.8/site-packages/airflow/example_dags/example_python_operator.py
[2023-10-18T02:50:26.863+0000] {logging_mixin.py:151} INFO - [2023-10-18T02:50:26.862+0000] {dag.py:2941} INFO - Sync 1 DAGs
[2023-10-18T02:50:26.870+0000] {logging_mixin.py:151} INFO - [2023-10-18T02:50:26.870+0000] {dag.py:3722} INFO - Setting next_dagrun for example_python_operator to None, run_after=None
[2023-10-18T02:50:26.881+0000] {processor.py:179} INFO - Processing /home/airflow/.local/lib/python3.8/site-packages/airflow/example_dags/example_python_operator.py took 0.044 seconds
[2023-10-18T02:50:57.002+0000] {processor.py:157} INFO - Started process (PID=5066) to work on /home/airflow/.local/lib/python3.8/site-packages/airflow/example_dags/example_python_operator.py
[2023-10-18T02:50:57.003+0000] {processor.py:829} INFO - Processing file /home/airflow/.local/lib/python3.8/site-packages/airflow/example_dags/example_python_operator.py for tasks to queue
[2023-10-18T02:50:57.004+0000] {logging_mixin.py:151} INFO - [2023-10-18T02:50:57.004+0000] {dagbag.py:536} INFO - Filling up the DagBag from /home/airflow/.local/lib/python3.8/site-packages/airflow/example_dags/example_python_operator.py
[2023-10-18T02:50:57.010+0000] {processor.py:839} INFO - DAG(s) dict_keys(['example_python_operator']) retrieved from /home/airflow/.local/lib/python3.8/site-packages/airflow/example_dags/example_python_operator.py
[2023-10-18T02:50:57.026+0000] {logging_mixin.py:151} INFO - [2023-10-18T02:50:57.026+0000] {dag.py:2941} INFO - Sync 1 DAGs
[2023-10-18T02:50:57.037+0000] {logging_mixin.py:151} INFO - [2023-10-18T02:50:57.036+0000] {dag.py:3722} INFO - Setting next_dagrun for example_python_operator to None, run_after=None
[2023-10-18T02:50:57.046+0000] {processor.py:179} INFO - Processing /home/airflow/.local/lib/python3.8/site-packages/airflow/example_dags/example_python_operator.py took 0.046 seconds
[2023-10-18T02:51:27.187+0000] {processor.py:157} INFO - Started process (PID=5306) to work on /home/airflow/.local/lib/python3.8/site-packages/airflow/example_dags/example_python_operator.py
[2023-10-18T02:51:27.188+0000] {processor.py:829} INFO - Processing file /home/airflow/.local/lib/python3.8/site-packages/airflow/example_dags/example_python_operator.py for tasks to queue
[2023-10-18T02:51:27.188+0000] {logging_mixin.py:151} INFO - [2023-10-18T02:51:27.188+0000] {dagbag.py:536} INFO - Filling up the DagBag from /home/airflow/.local/lib/python3.8/site-packages/airflow/example_dags/example_python_operator.py
[2023-10-18T02:51:27.194+0000] {processor.py:839} INFO - DAG(s) dict_keys(['example_python_operator']) retrieved from /home/airflow/.local/lib/python3.8/site-packages/airflow/example_dags/example_python_operator.py
[2023-10-18T02:51:27.209+0000] {logging_mixin.py:151} INFO - [2023-10-18T02:51:27.209+0000] {dag.py:2941} INFO - Sync 1 DAGs
[2023-10-18T02:51:27.216+0000] {logging_mixin.py:151} INFO - [2023-10-18T02:51:27.216+0000] {dag.py:3722} INFO - Setting next_dagrun for example_python_operator to None, run_after=None
[2023-10-18T02:51:27.224+0000] {processor.py:179} INFO - Processing /home/airflow/.local/lib/python3.8/site-packages/airflow/example_dags/example_python_operator.py took 0.039 seconds
[2023-10-18T02:51:57.327+0000] {processor.py:157} INFO - Started process (PID=5541) to work on /home/airflow/.local/lib/python3.8/site-packages/airflow/example_dags/example_python_operator.py
[2023-10-18T02:51:57.328+0000] {processor.py:829} INFO - Processing file /home/airflow/.local/lib/python3.8/site-packages/airflow/example_dags/example_python_operator.py for tasks to queue
[2023-10-18T02:51:57.329+0000] {logging_mixin.py:151} INFO - [2023-10-18T02:51:57.328+0000] {dagbag.py:536} INFO - Filling up the DagBag from /home/airflow/.local/lib/python3.8/site-packages/airflow/example_dags/example_python_operator.py
[2023-10-18T02:51:57.334+0000] {processor.py:839} INFO - DAG(s) dict_keys(['example_python_operator']) retrieved from /home/airflow/.local/lib/python3.8/site-packages/airflow/example_dags/example_python_operator.py
[2023-10-18T02:51:57.350+0000] {logging_mixin.py:151} INFO - [2023-10-18T02:51:57.349+0000] {dag.py:2941} INFO - Sync 1 DAGs
[2023-10-18T02:51:57.356+0000] {logging_mixin.py:151} INFO - [2023-10-18T02:51:57.356+0000] {dag.py:3722} INFO - Setting next_dagrun for example_python_operator to None, run_after=None
[2023-10-18T02:51:57.365+0000] {processor.py:179} INFO - Processing /home/airflow/.local/lib/python3.8/site-packages/airflow/example_dags/example_python_operator.py took 0.040 seconds
[2023-10-18T02:52:28.253+0000] {processor.py:157} INFO - Started process (PID=5778) to work on /home/airflow/.local/lib/python3.8/site-packages/airflow/example_dags/example_python_operator.py
[2023-10-18T02:52:28.254+0000] {processor.py:829} INFO - Processing file /home/airflow/.local/lib/python3.8/site-packages/airflow/example_dags/example_python_operator.py for tasks to queue
[2023-10-18T02:52:28.255+0000] {logging_mixin.py:151} INFO - [2023-10-18T02:52:28.254+0000] {dagbag.py:536} INFO - Filling up the DagBag from /home/airflow/.local/lib/python3.8/site-packages/airflow/example_dags/example_python_operator.py
[2023-10-18T02:52:28.261+0000] {processor.py:839} INFO - DAG(s) dict_keys(['example_python_operator']) retrieved from /home/airflow/.local/lib/python3.8/site-packages/airflow/example_dags/example_python_operator.py
[2023-10-18T02:52:28.277+0000] {logging_mixin.py:151} INFO - [2023-10-18T02:52:28.277+0000] {dag.py:2941} INFO - Sync 1 DAGs
[2023-10-18T02:52:28.284+0000] {logging_mixin.py:151} INFO - [2023-10-18T02:52:28.284+0000] {dag.py:3722} INFO - Setting next_dagrun for example_python_operator to None, run_after=None
[2023-10-18T02:52:28.296+0000] {processor.py:179} INFO - Processing /home/airflow/.local/lib/python3.8/site-packages/airflow/example_dags/example_python_operator.py took 0.045 seconds
[2023-10-18T02:52:58.463+0000] {processor.py:157} INFO - Started process (PID=6018) to work on /home/airflow/.local/lib/python3.8/site-packages/airflow/example_dags/example_python_operator.py
[2023-10-18T02:52:58.463+0000] {processor.py:829} INFO - Processing file /home/airflow/.local/lib/python3.8/site-packages/airflow/example_dags/example_python_operator.py for tasks to queue
[2023-10-18T02:52:58.464+0000] {logging_mixin.py:151} INFO - [2023-10-18T02:52:58.464+0000] {dagbag.py:536} INFO - Filling up the DagBag from /home/airflow/.local/lib/python3.8/site-packages/airflow/example_dags/example_python_operator.py
[2023-10-18T02:52:58.470+0000] {processor.py:839} INFO - DAG(s) dict_keys(['example_python_operator']) retrieved from /home/airflow/.local/lib/python3.8/site-packages/airflow/example_dags/example_python_operator.py
[2023-10-18T02:52:58.486+0000] {logging_mixin.py:151} INFO - [2023-10-18T02:52:58.486+0000] {dag.py:2941} INFO - Sync 1 DAGs
[2023-10-18T02:52:58.493+0000] {logging_mixin.py:151} INFO - [2023-10-18T02:52:58.493+0000] {dag.py:3722} INFO - Setting next_dagrun for example_python_operator to None, run_after=None
[2023-10-18T02:52:58.502+0000] {processor.py:179} INFO - Processing /home/airflow/.local/lib/python3.8/site-packages/airflow/example_dags/example_python_operator.py took 0.041 seconds
[2023-10-18T02:53:28.601+0000] {processor.py:157} INFO - Started process (PID=6254) to work on /home/airflow/.local/lib/python3.8/site-packages/airflow/example_dags/example_python_operator.py
[2023-10-18T02:53:28.602+0000] {processor.py:829} INFO - Processing file /home/airflow/.local/lib/python3.8/site-packages/airflow/example_dags/example_python_operator.py for tasks to queue
[2023-10-18T02:53:28.602+0000] {logging_mixin.py:151} INFO - [2023-10-18T02:53:28.602+0000] {dagbag.py:536} INFO - Filling up the DagBag from /home/airflow/.local/lib/python3.8/site-packages/airflow/example_dags/example_python_operator.py
[2023-10-18T02:53:28.609+0000] {processor.py:839} INFO - DAG(s) dict_keys(['example_python_operator']) retrieved from /home/airflow/.local/lib/python3.8/site-packages/airflow/example_dags/example_python_operator.py
[2023-10-18T02:53:28.625+0000] {logging_mixin.py:151} INFO - [2023-10-18T02:53:28.625+0000] {dag.py:2941} INFO - Sync 1 DAGs
[2023-10-18T02:53:28.632+0000] {logging_mixin.py:151} INFO - [2023-10-18T02:53:28.632+0000] {dag.py:3722} INFO - Setting next_dagrun for example_python_operator to None, run_after=None
[2023-10-18T02:53:28.641+0000] {processor.py:179} INFO - Processing /home/airflow/.local/lib/python3.8/site-packages/airflow/example_dags/example_python_operator.py took 0.043 seconds
