[2023-10-18T02:40:52.074+0000] {processor.py:157} INFO - Started process (PID=356) to work on /home/airflow/.local/lib/python3.8/site-packages/airflow/example_dags/example_trigger_target_dag.py
[2023-10-18T02:40:52.075+0000] {processor.py:829} INFO - Processing file /home/airflow/.local/lib/python3.8/site-packages/airflow/example_dags/example_trigger_target_dag.py for tasks to queue
[2023-10-18T02:40:52.075+0000] {logging_mixin.py:151} INFO - [2023-10-18T02:40:52.075+0000] {dagbag.py:536} INFO - Filling up the DagBag from /home/airflow/.local/lib/python3.8/site-packages/airflow/example_dags/example_trigger_target_dag.py
[2023-10-18T02:40:52.081+0000] {processor.py:839} INFO - DAG(s) dict_keys(['example_trigger_target_dag']) retrieved from /home/airflow/.local/lib/python3.8/site-packages/airflow/example_dags/example_trigger_target_dag.py
[2023-10-18T02:40:52.091+0000] {logging_mixin.py:151} INFO - [2023-10-18T02:40:52.091+0000] {dag.py:2941} INFO - Sync 1 DAGs
[2023-10-18T02:40:52.099+0000] {logging_mixin.py:151} INFO - [2023-10-18T02:40:52.099+0000] {dag.py:3722} INFO - Setting next_dagrun for example_trigger_target_dag to None, run_after=None
[2023-10-18T02:40:52.112+0000] {processor.py:179} INFO - Processing /home/airflow/.local/lib/python3.8/site-packages/airflow/example_dags/example_trigger_target_dag.py took 0.040 seconds
[2023-10-18T02:41:22.577+0000] {processor.py:157} INFO - Started process (PID=596) to work on /home/airflow/.local/lib/python3.8/site-packages/airflow/example_dags/example_trigger_target_dag.py
[2023-10-18T02:41:22.578+0000] {processor.py:829} INFO - Processing file /home/airflow/.local/lib/python3.8/site-packages/airflow/example_dags/example_trigger_target_dag.py for tasks to queue
[2023-10-18T02:41:22.578+0000] {logging_mixin.py:151} INFO - [2023-10-18T02:41:22.578+0000] {dagbag.py:536} INFO - Filling up the DagBag from /home/airflow/.local/lib/python3.8/site-packages/airflow/example_dags/example_trigger_target_dag.py
[2023-10-18T02:41:22.582+0000] {processor.py:839} INFO - DAG(s) dict_keys(['example_trigger_target_dag']) retrieved from /home/airflow/.local/lib/python3.8/site-packages/airflow/example_dags/example_trigger_target_dag.py
[2023-10-18T02:41:22.596+0000] {logging_mixin.py:151} INFO - [2023-10-18T02:41:22.596+0000] {dag.py:2941} INFO - Sync 1 DAGs
[2023-10-18T02:41:22.602+0000] {logging_mixin.py:151} INFO - [2023-10-18T02:41:22.602+0000] {dag.py:3722} INFO - Setting next_dagrun for example_trigger_target_dag to None, run_after=None
[2023-10-18T02:41:22.610+0000] {processor.py:179} INFO - Processing /home/airflow/.local/lib/python3.8/site-packages/airflow/example_dags/example_trigger_target_dag.py took 0.034 seconds
[2023-10-18T02:41:52.755+0000] {processor.py:157} INFO - Started process (PID=832) to work on /home/airflow/.local/lib/python3.8/site-packages/airflow/example_dags/example_trigger_target_dag.py
[2023-10-18T02:41:52.756+0000] {processor.py:829} INFO - Processing file /home/airflow/.local/lib/python3.8/site-packages/airflow/example_dags/example_trigger_target_dag.py for tasks to queue
[2023-10-18T02:41:52.757+0000] {logging_mixin.py:151} INFO - [2023-10-18T02:41:52.756+0000] {dagbag.py:536} INFO - Filling up the DagBag from /home/airflow/.local/lib/python3.8/site-packages/airflow/example_dags/example_trigger_target_dag.py
[2023-10-18T02:41:52.760+0000] {processor.py:839} INFO - DAG(s) dict_keys(['example_trigger_target_dag']) retrieved from /home/airflow/.local/lib/python3.8/site-packages/airflow/example_dags/example_trigger_target_dag.py
[2023-10-18T02:41:52.775+0000] {logging_mixin.py:151} INFO - [2023-10-18T02:41:52.775+0000] {dag.py:2941} INFO - Sync 1 DAGs
[2023-10-18T02:41:52.782+0000] {logging_mixin.py:151} INFO - [2023-10-18T02:41:52.782+0000] {dag.py:3722} INFO - Setting next_dagrun for example_trigger_target_dag to None, run_after=None
[2023-10-18T02:41:52.791+0000] {processor.py:179} INFO - Processing /home/airflow/.local/lib/python3.8/site-packages/airflow/example_dags/example_trigger_target_dag.py took 0.038 seconds
[2023-10-18T02:42:22.876+0000] {processor.py:157} INFO - Started process (PID=1070) to work on /home/airflow/.local/lib/python3.8/site-packages/airflow/example_dags/example_trigger_target_dag.py
[2023-10-18T02:42:22.877+0000] {processor.py:829} INFO - Processing file /home/airflow/.local/lib/python3.8/site-packages/airflow/example_dags/example_trigger_target_dag.py for tasks to queue
[2023-10-18T02:42:22.877+0000] {logging_mixin.py:151} INFO - [2023-10-18T02:42:22.877+0000] {dagbag.py:536} INFO - Filling up the DagBag from /home/airflow/.local/lib/python3.8/site-packages/airflow/example_dags/example_trigger_target_dag.py
[2023-10-18T02:42:22.881+0000] {processor.py:839} INFO - DAG(s) dict_keys(['example_trigger_target_dag']) retrieved from /home/airflow/.local/lib/python3.8/site-packages/airflow/example_dags/example_trigger_target_dag.py
[2023-10-18T02:42:22.896+0000] {logging_mixin.py:151} INFO - [2023-10-18T02:42:22.896+0000] {dag.py:2941} INFO - Sync 1 DAGs
[2023-10-18T02:42:22.903+0000] {logging_mixin.py:151} INFO - [2023-10-18T02:42:22.903+0000] {dag.py:3722} INFO - Setting next_dagrun for example_trigger_target_dag to None, run_after=None
[2023-10-18T02:42:22.912+0000] {processor.py:179} INFO - Processing /home/airflow/.local/lib/python3.8/site-packages/airflow/example_dags/example_trigger_target_dag.py took 0.038 seconds
[2023-10-18T02:42:53.730+0000] {processor.py:157} INFO - Started process (PID=1356) to work on /home/airflow/.local/lib/python3.8/site-packages/airflow/example_dags/example_trigger_target_dag.py
[2023-10-18T02:42:53.731+0000] {processor.py:829} INFO - Processing file /home/airflow/.local/lib/python3.8/site-packages/airflow/example_dags/example_trigger_target_dag.py for tasks to queue
[2023-10-18T02:42:53.732+0000] {logging_mixin.py:151} INFO - [2023-10-18T02:42:53.732+0000] {dagbag.py:536} INFO - Filling up the DagBag from /home/airflow/.local/lib/python3.8/site-packages/airflow/example_dags/example_trigger_target_dag.py
[2023-10-18T02:42:53.736+0000] {processor.py:839} INFO - DAG(s) dict_keys(['example_trigger_target_dag']) retrieved from /home/airflow/.local/lib/python3.8/site-packages/airflow/example_dags/example_trigger_target_dag.py
[2023-10-18T02:42:53.751+0000] {logging_mixin.py:151} INFO - [2023-10-18T02:42:53.751+0000] {dag.py:2941} INFO - Sync 1 DAGs
[2023-10-18T02:42:53.758+0000] {logging_mixin.py:151} INFO - [2023-10-18T02:42:53.758+0000] {dag.py:3722} INFO - Setting next_dagrun for example_trigger_target_dag to None, run_after=None
[2023-10-18T02:42:53.768+0000] {processor.py:179} INFO - Processing /home/airflow/.local/lib/python3.8/site-packages/airflow/example_dags/example_trigger_target_dag.py took 0.040 seconds
[2023-10-18T02:43:23.993+0000] {processor.py:157} INFO - Started process (PID=1596) to work on /home/airflow/.local/lib/python3.8/site-packages/airflow/example_dags/example_trigger_target_dag.py
[2023-10-18T02:43:23.993+0000] {processor.py:829} INFO - Processing file /home/airflow/.local/lib/python3.8/site-packages/airflow/example_dags/example_trigger_target_dag.py for tasks to queue
[2023-10-18T02:43:23.994+0000] {logging_mixin.py:151} INFO - [2023-10-18T02:43:23.993+0000] {dagbag.py:536} INFO - Filling up the DagBag from /home/airflow/.local/lib/python3.8/site-packages/airflow/example_dags/example_trigger_target_dag.py
[2023-10-18T02:43:23.997+0000] {processor.py:839} INFO - DAG(s) dict_keys(['example_trigger_target_dag']) retrieved from /home/airflow/.local/lib/python3.8/site-packages/airflow/example_dags/example_trigger_target_dag.py
[2023-10-18T02:43:24.013+0000] {logging_mixin.py:151} INFO - [2023-10-18T02:43:24.013+0000] {dag.py:2941} INFO - Sync 1 DAGs
[2023-10-18T02:43:24.019+0000] {logging_mixin.py:151} INFO - [2023-10-18T02:43:24.019+0000] {dag.py:3722} INFO - Setting next_dagrun for example_trigger_target_dag to None, run_after=None
[2023-10-18T02:43:24.028+0000] {processor.py:179} INFO - Processing /home/airflow/.local/lib/python3.8/site-packages/airflow/example_dags/example_trigger_target_dag.py took 0.037 seconds
[2023-10-18T02:43:54.049+0000] {processor.py:157} INFO - Started process (PID=1831) to work on /home/airflow/.local/lib/python3.8/site-packages/airflow/example_dags/example_trigger_target_dag.py
[2023-10-18T02:43:54.050+0000] {processor.py:829} INFO - Processing file /home/airflow/.local/lib/python3.8/site-packages/airflow/example_dags/example_trigger_target_dag.py for tasks to queue
[2023-10-18T02:43:54.050+0000] {logging_mixin.py:151} INFO - [2023-10-18T02:43:54.050+0000] {dagbag.py:536} INFO - Filling up the DagBag from /home/airflow/.local/lib/python3.8/site-packages/airflow/example_dags/example_trigger_target_dag.py
[2023-10-18T02:43:54.054+0000] {processor.py:839} INFO - DAG(s) dict_keys(['example_trigger_target_dag']) retrieved from /home/airflow/.local/lib/python3.8/site-packages/airflow/example_dags/example_trigger_target_dag.py
[2023-10-18T02:43:54.069+0000] {logging_mixin.py:151} INFO - [2023-10-18T02:43:54.068+0000] {dag.py:2941} INFO - Sync 1 DAGs
[2023-10-18T02:43:54.075+0000] {logging_mixin.py:151} INFO - [2023-10-18T02:43:54.075+0000] {dag.py:3722} INFO - Setting next_dagrun for example_trigger_target_dag to None, run_after=None
[2023-10-18T02:43:54.084+0000] {processor.py:179} INFO - Processing /home/airflow/.local/lib/python3.8/site-packages/airflow/example_dags/example_trigger_target_dag.py took 0.037 seconds
[2023-10-18T02:44:25.012+0000] {processor.py:157} INFO - Started process (PID=2072) to work on /home/airflow/.local/lib/python3.8/site-packages/airflow/example_dags/example_trigger_target_dag.py
[2023-10-18T02:44:25.013+0000] {processor.py:829} INFO - Processing file /home/airflow/.local/lib/python3.8/site-packages/airflow/example_dags/example_trigger_target_dag.py for tasks to queue
[2023-10-18T02:44:25.013+0000] {logging_mixin.py:151} INFO - [2023-10-18T02:44:25.013+0000] {dagbag.py:536} INFO - Filling up the DagBag from /home/airflow/.local/lib/python3.8/site-packages/airflow/example_dags/example_trigger_target_dag.py
[2023-10-18T02:44:25.017+0000] {processor.py:839} INFO - DAG(s) dict_keys(['example_trigger_target_dag']) retrieved from /home/airflow/.local/lib/python3.8/site-packages/airflow/example_dags/example_trigger_target_dag.py
[2023-10-18T02:44:25.034+0000] {logging_mixin.py:151} INFO - [2023-10-18T02:44:25.034+0000] {dag.py:2941} INFO - Sync 1 DAGs
[2023-10-18T02:44:25.040+0000] {logging_mixin.py:151} INFO - [2023-10-18T02:44:25.040+0000] {dag.py:3722} INFO - Setting next_dagrun for example_trigger_target_dag to None, run_after=None
[2023-10-18T02:44:25.049+0000] {processor.py:179} INFO - Processing /home/airflow/.local/lib/python3.8/site-packages/airflow/example_dags/example_trigger_target_dag.py took 0.039 seconds
[2023-10-18T02:44:55.073+0000] {processor.py:157} INFO - Started process (PID=2309) to work on /home/airflow/.local/lib/python3.8/site-packages/airflow/example_dags/example_trigger_target_dag.py
[2023-10-18T02:44:55.074+0000] {processor.py:829} INFO - Processing file /home/airflow/.local/lib/python3.8/site-packages/airflow/example_dags/example_trigger_target_dag.py for tasks to queue
[2023-10-18T02:44:55.075+0000] {logging_mixin.py:151} INFO - [2023-10-18T02:44:55.075+0000] {dagbag.py:536} INFO - Filling up the DagBag from /home/airflow/.local/lib/python3.8/site-packages/airflow/example_dags/example_trigger_target_dag.py
[2023-10-18T02:44:55.079+0000] {processor.py:839} INFO - DAG(s) dict_keys(['example_trigger_target_dag']) retrieved from /home/airflow/.local/lib/python3.8/site-packages/airflow/example_dags/example_trigger_target_dag.py
[2023-10-18T02:44:55.094+0000] {logging_mixin.py:151} INFO - [2023-10-18T02:44:55.094+0000] {dag.py:2941} INFO - Sync 1 DAGs
[2023-10-18T02:44:55.101+0000] {logging_mixin.py:151} INFO - [2023-10-18T02:44:55.100+0000] {dag.py:3722} INFO - Setting next_dagrun for example_trigger_target_dag to None, run_after=None
[2023-10-18T02:44:55.111+0000] {processor.py:179} INFO - Processing /home/airflow/.local/lib/python3.8/site-packages/airflow/example_dags/example_trigger_target_dag.py took 0.040 seconds
[2023-10-18T02:45:25.391+0000] {processor.py:157} INFO - Started process (PID=2547) to work on /home/airflow/.local/lib/python3.8/site-packages/airflow/example_dags/example_trigger_target_dag.py
[2023-10-18T02:45:25.391+0000] {processor.py:829} INFO - Processing file /home/airflow/.local/lib/python3.8/site-packages/airflow/example_dags/example_trigger_target_dag.py for tasks to queue
[2023-10-18T02:45:25.392+0000] {logging_mixin.py:151} INFO - [2023-10-18T02:45:25.392+0000] {dagbag.py:536} INFO - Filling up the DagBag from /home/airflow/.local/lib/python3.8/site-packages/airflow/example_dags/example_trigger_target_dag.py
[2023-10-18T02:45:25.396+0000] {processor.py:839} INFO - DAG(s) dict_keys(['example_trigger_target_dag']) retrieved from /home/airflow/.local/lib/python3.8/site-packages/airflow/example_dags/example_trigger_target_dag.py
[2023-10-18T02:45:25.412+0000] {logging_mixin.py:151} INFO - [2023-10-18T02:45:25.412+0000] {dag.py:2941} INFO - Sync 1 DAGs
[2023-10-18T02:45:25.419+0000] {logging_mixin.py:151} INFO - [2023-10-18T02:45:25.419+0000] {dag.py:3722} INFO - Setting next_dagrun for example_trigger_target_dag to None, run_after=None
[2023-10-18T02:45:25.428+0000] {processor.py:179} INFO - Processing /home/airflow/.local/lib/python3.8/site-packages/airflow/example_dags/example_trigger_target_dag.py took 0.039 seconds
[2023-10-18T02:45:55.607+0000] {processor.py:157} INFO - Started process (PID=2785) to work on /home/airflow/.local/lib/python3.8/site-packages/airflow/example_dags/example_trigger_target_dag.py
[2023-10-18T02:45:55.608+0000] {processor.py:829} INFO - Processing file /home/airflow/.local/lib/python3.8/site-packages/airflow/example_dags/example_trigger_target_dag.py for tasks to queue
[2023-10-18T02:45:55.608+0000] {logging_mixin.py:151} INFO - [2023-10-18T02:45:55.608+0000] {dagbag.py:536} INFO - Filling up the DagBag from /home/airflow/.local/lib/python3.8/site-packages/airflow/example_dags/example_trigger_target_dag.py
[2023-10-18T02:45:55.616+0000] {processor.py:839} INFO - DAG(s) dict_keys(['example_trigger_target_dag']) retrieved from /home/airflow/.local/lib/python3.8/site-packages/airflow/example_dags/example_trigger_target_dag.py
[2023-10-18T02:45:55.633+0000] {logging_mixin.py:151} INFO - [2023-10-18T02:45:55.633+0000] {dag.py:2941} INFO - Sync 1 DAGs
[2023-10-18T02:45:55.640+0000] {logging_mixin.py:151} INFO - [2023-10-18T02:45:55.640+0000] {dag.py:3722} INFO - Setting next_dagrun for example_trigger_target_dag to None, run_after=None
[2023-10-18T02:45:55.653+0000] {processor.py:179} INFO - Processing /home/airflow/.local/lib/python3.8/site-packages/airflow/example_dags/example_trigger_target_dag.py took 0.048 seconds
[2023-10-18T02:46:26.620+0000] {processor.py:157} INFO - Started process (PID=3023) to work on /home/airflow/.local/lib/python3.8/site-packages/airflow/example_dags/example_trigger_target_dag.py
[2023-10-18T02:46:26.620+0000] {processor.py:829} INFO - Processing file /home/airflow/.local/lib/python3.8/site-packages/airflow/example_dags/example_trigger_target_dag.py for tasks to queue
[2023-10-18T02:46:26.622+0000] {logging_mixin.py:151} INFO - [2023-10-18T02:46:26.622+0000] {dagbag.py:536} INFO - Filling up the DagBag from /home/airflow/.local/lib/python3.8/site-packages/airflow/example_dags/example_trigger_target_dag.py
[2023-10-18T02:46:26.626+0000] {processor.py:839} INFO - DAG(s) dict_keys(['example_trigger_target_dag']) retrieved from /home/airflow/.local/lib/python3.8/site-packages/airflow/example_dags/example_trigger_target_dag.py
[2023-10-18T02:46:26.644+0000] {logging_mixin.py:151} INFO - [2023-10-18T02:46:26.644+0000] {dag.py:2941} INFO - Sync 1 DAGs
[2023-10-18T02:46:26.656+0000] {logging_mixin.py:151} INFO - [2023-10-18T02:46:26.656+0000] {dag.py:3722} INFO - Setting next_dagrun for example_trigger_target_dag to None, run_after=None
[2023-10-18T02:46:26.665+0000] {processor.py:179} INFO - Processing /home/airflow/.local/lib/python3.8/site-packages/airflow/example_dags/example_trigger_target_dag.py took 0.048 seconds
[2023-10-18T02:46:56.712+0000] {processor.py:157} INFO - Started process (PID=3261) to work on /home/airflow/.local/lib/python3.8/site-packages/airflow/example_dags/example_trigger_target_dag.py
[2023-10-18T02:46:56.713+0000] {processor.py:829} INFO - Processing file /home/airflow/.local/lib/python3.8/site-packages/airflow/example_dags/example_trigger_target_dag.py for tasks to queue
[2023-10-18T02:46:56.713+0000] {logging_mixin.py:151} INFO - [2023-10-18T02:46:56.713+0000] {dagbag.py:536} INFO - Filling up the DagBag from /home/airflow/.local/lib/python3.8/site-packages/airflow/example_dags/example_trigger_target_dag.py
[2023-10-18T02:46:56.717+0000] {processor.py:839} INFO - DAG(s) dict_keys(['example_trigger_target_dag']) retrieved from /home/airflow/.local/lib/python3.8/site-packages/airflow/example_dags/example_trigger_target_dag.py
[2023-10-18T02:46:56.733+0000] {logging_mixin.py:151} INFO - [2023-10-18T02:46:56.733+0000] {dag.py:2941} INFO - Sync 1 DAGs
[2023-10-18T02:46:56.740+0000] {logging_mixin.py:151} INFO - [2023-10-18T02:46:56.739+0000] {dag.py:3722} INFO - Setting next_dagrun for example_trigger_target_dag to None, run_after=None
[2023-10-18T02:46:56.749+0000] {processor.py:179} INFO - Processing /home/airflow/.local/lib/python3.8/site-packages/airflow/example_dags/example_trigger_target_dag.py took 0.039 seconds
[2023-10-18T02:47:27.670+0000] {processor.py:157} INFO - Started process (PID=3499) to work on /home/airflow/.local/lib/python3.8/site-packages/airflow/example_dags/example_trigger_target_dag.py
[2023-10-18T02:47:27.670+0000] {processor.py:829} INFO - Processing file /home/airflow/.local/lib/python3.8/site-packages/airflow/example_dags/example_trigger_target_dag.py for tasks to queue
[2023-10-18T02:47:27.671+0000] {logging_mixin.py:151} INFO - [2023-10-18T02:47:27.671+0000] {dagbag.py:536} INFO - Filling up the DagBag from /home/airflow/.local/lib/python3.8/site-packages/airflow/example_dags/example_trigger_target_dag.py
[2023-10-18T02:47:27.675+0000] {processor.py:839} INFO - DAG(s) dict_keys(['example_trigger_target_dag']) retrieved from /home/airflow/.local/lib/python3.8/site-packages/airflow/example_dags/example_trigger_target_dag.py
[2023-10-18T02:47:27.689+0000] {logging_mixin.py:151} INFO - [2023-10-18T02:47:27.689+0000] {dag.py:2941} INFO - Sync 1 DAGs
[2023-10-18T02:47:27.696+0000] {logging_mixin.py:151} INFO - [2023-10-18T02:47:27.696+0000] {dag.py:3722} INFO - Setting next_dagrun for example_trigger_target_dag to None, run_after=None
[2023-10-18T02:47:27.706+0000] {processor.py:179} INFO - Processing /home/airflow/.local/lib/python3.8/site-packages/airflow/example_dags/example_trigger_target_dag.py took 0.039 seconds
[2023-10-18T02:47:57.843+0000] {processor.py:157} INFO - Started process (PID=3737) to work on /home/airflow/.local/lib/python3.8/site-packages/airflow/example_dags/example_trigger_target_dag.py
[2023-10-18T02:47:57.844+0000] {processor.py:829} INFO - Processing file /home/airflow/.local/lib/python3.8/site-packages/airflow/example_dags/example_trigger_target_dag.py for tasks to queue
[2023-10-18T02:47:57.844+0000] {logging_mixin.py:151} INFO - [2023-10-18T02:47:57.844+0000] {dagbag.py:536} INFO - Filling up the DagBag from /home/airflow/.local/lib/python3.8/site-packages/airflow/example_dags/example_trigger_target_dag.py
[2023-10-18T02:47:57.848+0000] {processor.py:839} INFO - DAG(s) dict_keys(['example_trigger_target_dag']) retrieved from /home/airflow/.local/lib/python3.8/site-packages/airflow/example_dags/example_trigger_target_dag.py
[2023-10-18T02:47:57.865+0000] {logging_mixin.py:151} INFO - [2023-10-18T02:47:57.865+0000] {dag.py:2941} INFO - Sync 1 DAGs
[2023-10-18T02:47:57.872+0000] {logging_mixin.py:151} INFO - [2023-10-18T02:47:57.872+0000] {dag.py:3722} INFO - Setting next_dagrun for example_trigger_target_dag to None, run_after=None
[2023-10-18T02:47:57.883+0000] {processor.py:179} INFO - Processing /home/airflow/.local/lib/python3.8/site-packages/airflow/example_dags/example_trigger_target_dag.py took 0.043 seconds
[2023-10-18T02:48:27.982+0000] {processor.py:157} INFO - Started process (PID=3975) to work on /home/airflow/.local/lib/python3.8/site-packages/airflow/example_dags/example_trigger_target_dag.py
[2023-10-18T02:48:27.982+0000] {processor.py:829} INFO - Processing file /home/airflow/.local/lib/python3.8/site-packages/airflow/example_dags/example_trigger_target_dag.py for tasks to queue
[2023-10-18T02:48:27.983+0000] {logging_mixin.py:151} INFO - [2023-10-18T02:48:27.983+0000] {dagbag.py:536} INFO - Filling up the DagBag from /home/airflow/.local/lib/python3.8/site-packages/airflow/example_dags/example_trigger_target_dag.py
[2023-10-18T02:48:27.987+0000] {processor.py:839} INFO - DAG(s) dict_keys(['example_trigger_target_dag']) retrieved from /home/airflow/.local/lib/python3.8/site-packages/airflow/example_dags/example_trigger_target_dag.py
[2023-10-18T02:48:28.001+0000] {logging_mixin.py:151} INFO - [2023-10-18T02:48:28.001+0000] {dag.py:2941} INFO - Sync 1 DAGs
[2023-10-18T02:48:28.007+0000] {logging_mixin.py:151} INFO - [2023-10-18T02:48:28.007+0000] {dag.py:3722} INFO - Setting next_dagrun for example_trigger_target_dag to None, run_after=None
[2023-10-18T02:48:28.019+0000] {processor.py:179} INFO - Processing /home/airflow/.local/lib/python3.8/site-packages/airflow/example_dags/example_trigger_target_dag.py took 0.040 seconds
[2023-10-18T02:48:58.167+0000] {processor.py:157} INFO - Started process (PID=4213) to work on /home/airflow/.local/lib/python3.8/site-packages/airflow/example_dags/example_trigger_target_dag.py
[2023-10-18T02:48:58.168+0000] {processor.py:829} INFO - Processing file /home/airflow/.local/lib/python3.8/site-packages/airflow/example_dags/example_trigger_target_dag.py for tasks to queue
[2023-10-18T02:48:58.169+0000] {logging_mixin.py:151} INFO - [2023-10-18T02:48:58.168+0000] {dagbag.py:536} INFO - Filling up the DagBag from /home/airflow/.local/lib/python3.8/site-packages/airflow/example_dags/example_trigger_target_dag.py
[2023-10-18T02:48:58.173+0000] {processor.py:839} INFO - DAG(s) dict_keys(['example_trigger_target_dag']) retrieved from /home/airflow/.local/lib/python3.8/site-packages/airflow/example_dags/example_trigger_target_dag.py
[2023-10-18T02:48:58.188+0000] {logging_mixin.py:151} INFO - [2023-10-18T02:48:58.188+0000] {dag.py:2941} INFO - Sync 1 DAGs
[2023-10-18T02:48:58.195+0000] {logging_mixin.py:151} INFO - [2023-10-18T02:48:58.195+0000] {dag.py:3722} INFO - Setting next_dagrun for example_trigger_target_dag to None, run_after=None
[2023-10-18T02:48:58.204+0000] {processor.py:179} INFO - Processing /home/airflow/.local/lib/python3.8/site-packages/airflow/example_dags/example_trigger_target_dag.py took 0.039 seconds
[2023-10-18T02:49:28.311+0000] {processor.py:157} INFO - Started process (PID=4451) to work on /home/airflow/.local/lib/python3.8/site-packages/airflow/example_dags/example_trigger_target_dag.py
[2023-10-18T02:49:28.312+0000] {processor.py:829} INFO - Processing file /home/airflow/.local/lib/python3.8/site-packages/airflow/example_dags/example_trigger_target_dag.py for tasks to queue
[2023-10-18T02:49:28.313+0000] {logging_mixin.py:151} INFO - [2023-10-18T02:49:28.313+0000] {dagbag.py:536} INFO - Filling up the DagBag from /home/airflow/.local/lib/python3.8/site-packages/airflow/example_dags/example_trigger_target_dag.py
[2023-10-18T02:49:28.317+0000] {processor.py:839} INFO - DAG(s) dict_keys(['example_trigger_target_dag']) retrieved from /home/airflow/.local/lib/python3.8/site-packages/airflow/example_dags/example_trigger_target_dag.py
[2023-10-18T02:49:28.332+0000] {logging_mixin.py:151} INFO - [2023-10-18T02:49:28.332+0000] {dag.py:2941} INFO - Sync 1 DAGs
[2023-10-18T02:49:28.341+0000] {logging_mixin.py:151} INFO - [2023-10-18T02:49:28.341+0000] {dag.py:3722} INFO - Setting next_dagrun for example_trigger_target_dag to None, run_after=None
[2023-10-18T02:49:28.353+0000] {processor.py:179} INFO - Processing /home/airflow/.local/lib/python3.8/site-packages/airflow/example_dags/example_trigger_target_dag.py took 0.043 seconds
[2023-10-18T02:49:58.467+0000] {processor.py:157} INFO - Started process (PID=4691) to work on /home/airflow/.local/lib/python3.8/site-packages/airflow/example_dags/example_trigger_target_dag.py
[2023-10-18T02:49:58.467+0000] {processor.py:829} INFO - Processing file /home/airflow/.local/lib/python3.8/site-packages/airflow/example_dags/example_trigger_target_dag.py for tasks to queue
[2023-10-18T02:49:58.468+0000] {logging_mixin.py:151} INFO - [2023-10-18T02:49:58.468+0000] {dagbag.py:536} INFO - Filling up the DagBag from /home/airflow/.local/lib/python3.8/site-packages/airflow/example_dags/example_trigger_target_dag.py
[2023-10-18T02:49:58.472+0000] {processor.py:839} INFO - DAG(s) dict_keys(['example_trigger_target_dag']) retrieved from /home/airflow/.local/lib/python3.8/site-packages/airflow/example_dags/example_trigger_target_dag.py
[2023-10-18T02:49:58.487+0000] {logging_mixin.py:151} INFO - [2023-10-18T02:49:58.487+0000] {dag.py:2941} INFO - Sync 1 DAGs
[2023-10-18T02:49:58.493+0000] {logging_mixin.py:151} INFO - [2023-10-18T02:49:58.493+0000] {dag.py:3722} INFO - Setting next_dagrun for example_trigger_target_dag to None, run_after=None
[2023-10-18T02:49:58.502+0000] {processor.py:179} INFO - Processing /home/airflow/.local/lib/python3.8/site-packages/airflow/example_dags/example_trigger_target_dag.py took 0.037 seconds
[2023-10-18T02:50:28.587+0000] {processor.py:157} INFO - Started process (PID=4928) to work on /home/airflow/.local/lib/python3.8/site-packages/airflow/example_dags/example_trigger_target_dag.py
[2023-10-18T02:50:28.587+0000] {processor.py:829} INFO - Processing file /home/airflow/.local/lib/python3.8/site-packages/airflow/example_dags/example_trigger_target_dag.py for tasks to queue
[2023-10-18T02:50:28.588+0000] {logging_mixin.py:151} INFO - [2023-10-18T02:50:28.588+0000] {dagbag.py:536} INFO - Filling up the DagBag from /home/airflow/.local/lib/python3.8/site-packages/airflow/example_dags/example_trigger_target_dag.py
[2023-10-18T02:50:28.592+0000] {processor.py:839} INFO - DAG(s) dict_keys(['example_trigger_target_dag']) retrieved from /home/airflow/.local/lib/python3.8/site-packages/airflow/example_dags/example_trigger_target_dag.py
[2023-10-18T02:50:28.608+0000] {logging_mixin.py:151} INFO - [2023-10-18T02:50:28.608+0000] {dag.py:2941} INFO - Sync 1 DAGs
[2023-10-18T02:50:28.616+0000] {logging_mixin.py:151} INFO - [2023-10-18T02:50:28.616+0000] {dag.py:3722} INFO - Setting next_dagrun for example_trigger_target_dag to None, run_after=None
[2023-10-18T02:50:28.626+0000] {processor.py:179} INFO - Processing /home/airflow/.local/lib/python3.8/site-packages/airflow/example_dags/example_trigger_target_dag.py took 0.042 seconds
[2023-10-18T02:50:58.663+0000] {processor.py:157} INFO - Started process (PID=5163) to work on /home/airflow/.local/lib/python3.8/site-packages/airflow/example_dags/example_trigger_target_dag.py
[2023-10-18T02:50:58.664+0000] {processor.py:829} INFO - Processing file /home/airflow/.local/lib/python3.8/site-packages/airflow/example_dags/example_trigger_target_dag.py for tasks to queue
[2023-10-18T02:50:58.664+0000] {logging_mixin.py:151} INFO - [2023-10-18T02:50:58.664+0000] {dagbag.py:536} INFO - Filling up the DagBag from /home/airflow/.local/lib/python3.8/site-packages/airflow/example_dags/example_trigger_target_dag.py
[2023-10-18T02:50:58.668+0000] {processor.py:839} INFO - DAG(s) dict_keys(['example_trigger_target_dag']) retrieved from /home/airflow/.local/lib/python3.8/site-packages/airflow/example_dags/example_trigger_target_dag.py
[2023-10-18T02:50:58.682+0000] {logging_mixin.py:151} INFO - [2023-10-18T02:50:58.682+0000] {dag.py:2941} INFO - Sync 1 DAGs
[2023-10-18T02:50:58.689+0000] {logging_mixin.py:151} INFO - [2023-10-18T02:50:58.689+0000] {dag.py:3722} INFO - Setting next_dagrun for example_trigger_target_dag to None, run_after=None
[2023-10-18T02:50:58.698+0000] {processor.py:179} INFO - Processing /home/airflow/.local/lib/python3.8/site-packages/airflow/example_dags/example_trigger_target_dag.py took 0.037 seconds
[2023-10-18T02:51:28.771+0000] {processor.py:157} INFO - Started process (PID=5399) to work on /home/airflow/.local/lib/python3.8/site-packages/airflow/example_dags/example_trigger_target_dag.py
[2023-10-18T02:51:28.772+0000] {processor.py:829} INFO - Processing file /home/airflow/.local/lib/python3.8/site-packages/airflow/example_dags/example_trigger_target_dag.py for tasks to queue
[2023-10-18T02:51:28.772+0000] {logging_mixin.py:151} INFO - [2023-10-18T02:51:28.772+0000] {dagbag.py:536} INFO - Filling up the DagBag from /home/airflow/.local/lib/python3.8/site-packages/airflow/example_dags/example_trigger_target_dag.py
[2023-10-18T02:51:28.776+0000] {processor.py:839} INFO - DAG(s) dict_keys(['example_trigger_target_dag']) retrieved from /home/airflow/.local/lib/python3.8/site-packages/airflow/example_dags/example_trigger_target_dag.py
[2023-10-18T02:51:28.791+0000] {logging_mixin.py:151} INFO - [2023-10-18T02:51:28.791+0000] {dag.py:2941} INFO - Sync 1 DAGs
[2023-10-18T02:51:28.797+0000] {logging_mixin.py:151} INFO - [2023-10-18T02:51:28.797+0000] {dag.py:3722} INFO - Setting next_dagrun for example_trigger_target_dag to None, run_after=None
[2023-10-18T02:51:28.807+0000] {processor.py:179} INFO - Processing /home/airflow/.local/lib/python3.8/site-packages/airflow/example_dags/example_trigger_target_dag.py took 0.038 seconds
[2023-10-18T02:51:58.934+0000] {processor.py:157} INFO - Started process (PID=5636) to work on /home/airflow/.local/lib/python3.8/site-packages/airflow/example_dags/example_trigger_target_dag.py
[2023-10-18T02:51:58.935+0000] {processor.py:829} INFO - Processing file /home/airflow/.local/lib/python3.8/site-packages/airflow/example_dags/example_trigger_target_dag.py for tasks to queue
[2023-10-18T02:51:58.935+0000] {logging_mixin.py:151} INFO - [2023-10-18T02:51:58.935+0000] {dagbag.py:536} INFO - Filling up the DagBag from /home/airflow/.local/lib/python3.8/site-packages/airflow/example_dags/example_trigger_target_dag.py
[2023-10-18T02:51:58.939+0000] {processor.py:839} INFO - DAG(s) dict_keys(['example_trigger_target_dag']) retrieved from /home/airflow/.local/lib/python3.8/site-packages/airflow/example_dags/example_trigger_target_dag.py
[2023-10-18T02:51:58.956+0000] {logging_mixin.py:151} INFO - [2023-10-18T02:51:58.956+0000] {dag.py:2941} INFO - Sync 1 DAGs
[2023-10-18T02:51:58.962+0000] {logging_mixin.py:151} INFO - [2023-10-18T02:51:58.962+0000] {dag.py:3722} INFO - Setting next_dagrun for example_trigger_target_dag to None, run_after=None
[2023-10-18T02:51:58.971+0000] {processor.py:179} INFO - Processing /home/airflow/.local/lib/python3.8/site-packages/airflow/example_dags/example_trigger_target_dag.py took 0.039 seconds
[2023-10-18T02:52:29.951+0000] {processor.py:157} INFO - Started process (PID=5873) to work on /home/airflow/.local/lib/python3.8/site-packages/airflow/example_dags/example_trigger_target_dag.py
[2023-10-18T02:52:29.951+0000] {processor.py:829} INFO - Processing file /home/airflow/.local/lib/python3.8/site-packages/airflow/example_dags/example_trigger_target_dag.py for tasks to queue
[2023-10-18T02:52:29.952+0000] {logging_mixin.py:151} INFO - [2023-10-18T02:52:29.952+0000] {dagbag.py:536} INFO - Filling up the DagBag from /home/airflow/.local/lib/python3.8/site-packages/airflow/example_dags/example_trigger_target_dag.py
[2023-10-18T02:52:29.956+0000] {processor.py:839} INFO - DAG(s) dict_keys(['example_trigger_target_dag']) retrieved from /home/airflow/.local/lib/python3.8/site-packages/airflow/example_dags/example_trigger_target_dag.py
[2023-10-18T02:52:29.972+0000] {logging_mixin.py:151} INFO - [2023-10-18T02:52:29.972+0000] {dag.py:2941} INFO - Sync 1 DAGs
[2023-10-18T02:52:29.982+0000] {logging_mixin.py:151} INFO - [2023-10-18T02:52:29.981+0000] {dag.py:3722} INFO - Setting next_dagrun for example_trigger_target_dag to None, run_after=None
[2023-10-18T02:52:29.992+0000] {processor.py:179} INFO - Processing /home/airflow/.local/lib/python3.8/site-packages/airflow/example_dags/example_trigger_target_dag.py took 0.044 seconds
[2023-10-18T02:53:00.086+0000] {processor.py:157} INFO - Started process (PID=6111) to work on /home/airflow/.local/lib/python3.8/site-packages/airflow/example_dags/example_trigger_target_dag.py
[2023-10-18T02:53:00.087+0000] {processor.py:829} INFO - Processing file /home/airflow/.local/lib/python3.8/site-packages/airflow/example_dags/example_trigger_target_dag.py for tasks to queue
[2023-10-18T02:53:00.088+0000] {logging_mixin.py:151} INFO - [2023-10-18T02:53:00.088+0000] {dagbag.py:536} INFO - Filling up the DagBag from /home/airflow/.local/lib/python3.8/site-packages/airflow/example_dags/example_trigger_target_dag.py
[2023-10-18T02:53:00.092+0000] {processor.py:839} INFO - DAG(s) dict_keys(['example_trigger_target_dag']) retrieved from /home/airflow/.local/lib/python3.8/site-packages/airflow/example_dags/example_trigger_target_dag.py
[2023-10-18T02:53:00.108+0000] {logging_mixin.py:151} INFO - [2023-10-18T02:53:00.108+0000] {dag.py:2941} INFO - Sync 1 DAGs
[2023-10-18T02:53:00.115+0000] {logging_mixin.py:151} INFO - [2023-10-18T02:53:00.115+0000] {dag.py:3722} INFO - Setting next_dagrun for example_trigger_target_dag to None, run_after=None
[2023-10-18T02:53:00.123+0000] {processor.py:179} INFO - Processing /home/airflow/.local/lib/python3.8/site-packages/airflow/example_dags/example_trigger_target_dag.py took 0.039 seconds
[2023-10-18T02:53:30.224+0000] {processor.py:157} INFO - Started process (PID=6349) to work on /home/airflow/.local/lib/python3.8/site-packages/airflow/example_dags/example_trigger_target_dag.py
[2023-10-18T02:53:30.225+0000] {processor.py:829} INFO - Processing file /home/airflow/.local/lib/python3.8/site-packages/airflow/example_dags/example_trigger_target_dag.py for tasks to queue
[2023-10-18T02:53:30.225+0000] {logging_mixin.py:151} INFO - [2023-10-18T02:53:30.225+0000] {dagbag.py:536} INFO - Filling up the DagBag from /home/airflow/.local/lib/python3.8/site-packages/airflow/example_dags/example_trigger_target_dag.py
[2023-10-18T02:53:30.230+0000] {processor.py:839} INFO - DAG(s) dict_keys(['example_trigger_target_dag']) retrieved from /home/airflow/.local/lib/python3.8/site-packages/airflow/example_dags/example_trigger_target_dag.py
[2023-10-18T02:53:30.246+0000] {logging_mixin.py:151} INFO - [2023-10-18T02:53:30.246+0000] {dag.py:2941} INFO - Sync 1 DAGs
[2023-10-18T02:53:30.252+0000] {logging_mixin.py:151} INFO - [2023-10-18T02:53:30.252+0000] {dag.py:3722} INFO - Setting next_dagrun for example_trigger_target_dag to None, run_after=None
[2023-10-18T02:53:30.261+0000] {processor.py:179} INFO - Processing /home/airflow/.local/lib/python3.8/site-packages/airflow/example_dags/example_trigger_target_dag.py took 0.039 seconds
[2023-10-18T02:54:01.235+0000] {processor.py:157} INFO - Started process (PID=6587) to work on /home/airflow/.local/lib/python3.8/site-packages/airflow/example_dags/example_trigger_target_dag.py
[2023-10-18T02:54:01.236+0000] {processor.py:829} INFO - Processing file /home/airflow/.local/lib/python3.8/site-packages/airflow/example_dags/example_trigger_target_dag.py for tasks to queue
[2023-10-18T02:54:01.237+0000] {logging_mixin.py:151} INFO - [2023-10-18T02:54:01.237+0000] {dagbag.py:536} INFO - Filling up the DagBag from /home/airflow/.local/lib/python3.8/site-packages/airflow/example_dags/example_trigger_target_dag.py
[2023-10-18T02:54:01.241+0000] {processor.py:839} INFO - DAG(s) dict_keys(['example_trigger_target_dag']) retrieved from /home/airflow/.local/lib/python3.8/site-packages/airflow/example_dags/example_trigger_target_dag.py
[2023-10-18T02:54:01.275+0000] {logging_mixin.py:151} INFO - [2023-10-18T02:54:01.275+0000] {dag.py:2941} INFO - Sync 1 DAGs
[2023-10-18T02:54:01.282+0000] {logging_mixin.py:151} INFO - [2023-10-18T02:54:01.282+0000] {dag.py:3722} INFO - Setting next_dagrun for example_trigger_target_dag to None, run_after=None
[2023-10-18T02:54:01.294+0000] {processor.py:179} INFO - Processing /home/airflow/.local/lib/python3.8/site-packages/airflow/example_dags/example_trigger_target_dag.py took 0.061 seconds
