[2023-10-18T02:40:51.632+0000] {processor.py:157} INFO - Started process (PID=301) to work on /home/airflow/.local/lib/python3.8/site-packages/airflow/example_dags/example_skip_dag.py
[2023-10-18T02:40:51.633+0000] {processor.py:829} INFO - Processing file /home/airflow/.local/lib/python3.8/site-packages/airflow/example_dags/example_skip_dag.py for tasks to queue
[2023-10-18T02:40:51.634+0000] {logging_mixin.py:151} INFO - [2023-10-18T02:40:51.633+0000] {dagbag.py:536} INFO - Filling up the DagBag from /home/airflow/.local/lib/python3.8/site-packages/airflow/example_dags/example_skip_dag.py
[2023-10-18T02:40:51.644+0000] {processor.py:839} INFO - DAG(s) dict_keys(['example_skip_dag']) retrieved from /home/airflow/.local/lib/python3.8/site-packages/airflow/example_dags/example_skip_dag.py
[2023-10-18T02:40:51.662+0000] {logging_mixin.py:151} INFO - [2023-10-18T02:40:51.662+0000] {dag.py:2941} INFO - Sync 1 DAGs
[2023-10-18T02:40:51.676+0000] {logging_mixin.py:151} INFO - [2023-10-18T02:40:51.676+0000] {dag.py:3722} INFO - Setting next_dagrun for example_skip_dag to 2023-10-17T02:40:51.675773+00:00, run_after=2023-10-18T02:40:51.675773+00:00
[2023-10-18T02:40:51.685+0000] {processor.py:179} INFO - Processing /home/airflow/.local/lib/python3.8/site-packages/airflow/example_dags/example_skip_dag.py took 0.057 seconds
[2023-10-18T02:41:22.186+0000] {processor.py:157} INFO - Started process (PID=541) to work on /home/airflow/.local/lib/python3.8/site-packages/airflow/example_dags/example_skip_dag.py
[2023-10-18T02:41:22.187+0000] {processor.py:829} INFO - Processing file /home/airflow/.local/lib/python3.8/site-packages/airflow/example_dags/example_skip_dag.py for tasks to queue
[2023-10-18T02:41:22.188+0000] {logging_mixin.py:151} INFO - [2023-10-18T02:41:22.187+0000] {dagbag.py:536} INFO - Filling up the DagBag from /home/airflow/.local/lib/python3.8/site-packages/airflow/example_dags/example_skip_dag.py
[2023-10-18T02:41:22.192+0000] {processor.py:839} INFO - DAG(s) dict_keys(['example_skip_dag']) retrieved from /home/airflow/.local/lib/python3.8/site-packages/airflow/example_dags/example_skip_dag.py
[2023-10-18T02:41:22.208+0000] {logging_mixin.py:151} INFO - [2023-10-18T02:41:22.208+0000] {dag.py:2941} INFO - Sync 1 DAGs
[2023-10-18T02:41:22.220+0000] {logging_mixin.py:151} INFO - [2023-10-18T02:41:22.220+0000] {dag.py:3722} INFO - Setting next_dagrun for example_skip_dag to 2023-10-17T02:41:22.220408+00:00, run_after=2023-10-18T02:41:22.220408+00:00
[2023-10-18T02:41:22.231+0000] {processor.py:179} INFO - Processing /home/airflow/.local/lib/python3.8/site-packages/airflow/example_dags/example_skip_dag.py took 0.047 seconds
[2023-10-18T02:41:52.392+0000] {processor.py:157} INFO - Started process (PID=777) to work on /home/airflow/.local/lib/python3.8/site-packages/airflow/example_dags/example_skip_dag.py
[2023-10-18T02:41:52.393+0000] {processor.py:829} INFO - Processing file /home/airflow/.local/lib/python3.8/site-packages/airflow/example_dags/example_skip_dag.py for tasks to queue
[2023-10-18T02:41:52.394+0000] {logging_mixin.py:151} INFO - [2023-10-18T02:41:52.393+0000] {dagbag.py:536} INFO - Filling up the DagBag from /home/airflow/.local/lib/python3.8/site-packages/airflow/example_dags/example_skip_dag.py
[2023-10-18T02:41:52.399+0000] {processor.py:839} INFO - DAG(s) dict_keys(['example_skip_dag']) retrieved from /home/airflow/.local/lib/python3.8/site-packages/airflow/example_dags/example_skip_dag.py
[2023-10-18T02:41:52.414+0000] {logging_mixin.py:151} INFO - [2023-10-18T02:41:52.414+0000] {dag.py:2941} INFO - Sync 1 DAGs
[2023-10-18T02:41:52.426+0000] {logging_mixin.py:151} INFO - [2023-10-18T02:41:52.426+0000] {dag.py:3722} INFO - Setting next_dagrun for example_skip_dag to 2023-10-17T02:41:52.426146+00:00, run_after=2023-10-18T02:41:52.426146+00:00
[2023-10-18T02:41:52.434+0000] {processor.py:179} INFO - Processing /home/airflow/.local/lib/python3.8/site-packages/airflow/example_dags/example_skip_dag.py took 0.044 seconds
[2023-10-18T02:42:22.499+0000] {processor.py:157} INFO - Started process (PID=1015) to work on /home/airflow/.local/lib/python3.8/site-packages/airflow/example_dags/example_skip_dag.py
[2023-10-18T02:42:22.500+0000] {processor.py:829} INFO - Processing file /home/airflow/.local/lib/python3.8/site-packages/airflow/example_dags/example_skip_dag.py for tasks to queue
[2023-10-18T02:42:22.500+0000] {logging_mixin.py:151} INFO - [2023-10-18T02:42:22.500+0000] {dagbag.py:536} INFO - Filling up the DagBag from /home/airflow/.local/lib/python3.8/site-packages/airflow/example_dags/example_skip_dag.py
[2023-10-18T02:42:22.505+0000] {processor.py:839} INFO - DAG(s) dict_keys(['example_skip_dag']) retrieved from /home/airflow/.local/lib/python3.8/site-packages/airflow/example_dags/example_skip_dag.py
[2023-10-18T02:42:22.522+0000] {logging_mixin.py:151} INFO - [2023-10-18T02:42:22.522+0000] {dag.py:2941} INFO - Sync 1 DAGs
[2023-10-18T02:42:22.535+0000] {logging_mixin.py:151} INFO - [2023-10-18T02:42:22.535+0000] {dag.py:3722} INFO - Setting next_dagrun for example_skip_dag to 2023-10-17T02:42:22.534899+00:00, run_after=2023-10-18T02:42:22.534899+00:00
[2023-10-18T02:42:22.545+0000] {processor.py:179} INFO - Processing /home/airflow/.local/lib/python3.8/site-packages/airflow/example_dags/example_skip_dag.py took 0.048 seconds
[2023-10-18T02:42:53.356+0000] {processor.py:157} INFO - Started process (PID=1301) to work on /home/airflow/.local/lib/python3.8/site-packages/airflow/example_dags/example_skip_dag.py
[2023-10-18T02:42:53.356+0000] {processor.py:829} INFO - Processing file /home/airflow/.local/lib/python3.8/site-packages/airflow/example_dags/example_skip_dag.py for tasks to queue
[2023-10-18T02:42:53.357+0000] {logging_mixin.py:151} INFO - [2023-10-18T02:42:53.357+0000] {dagbag.py:536} INFO - Filling up the DagBag from /home/airflow/.local/lib/python3.8/site-packages/airflow/example_dags/example_skip_dag.py
[2023-10-18T02:42:53.362+0000] {processor.py:839} INFO - DAG(s) dict_keys(['example_skip_dag']) retrieved from /home/airflow/.local/lib/python3.8/site-packages/airflow/example_dags/example_skip_dag.py
[2023-10-18T02:42:53.377+0000] {logging_mixin.py:151} INFO - [2023-10-18T02:42:53.377+0000] {dag.py:2941} INFO - Sync 1 DAGs
[2023-10-18T02:42:53.388+0000] {logging_mixin.py:151} INFO - [2023-10-18T02:42:53.388+0000] {dag.py:3722} INFO - Setting next_dagrun for example_skip_dag to 2023-10-17T02:42:53.388617+00:00, run_after=2023-10-18T02:42:53.388617+00:00
[2023-10-18T02:42:53.397+0000] {processor.py:179} INFO - Processing /home/airflow/.local/lib/python3.8/site-packages/airflow/example_dags/example_skip_dag.py took 0.044 seconds
[2023-10-18T02:43:23.534+0000] {processor.py:157} INFO - Started process (PID=1541) to work on /home/airflow/.local/lib/python3.8/site-packages/airflow/example_dags/example_skip_dag.py
[2023-10-18T02:43:23.534+0000] {processor.py:829} INFO - Processing file /home/airflow/.local/lib/python3.8/site-packages/airflow/example_dags/example_skip_dag.py for tasks to queue
[2023-10-18T02:43:23.535+0000] {logging_mixin.py:151} INFO - [2023-10-18T02:43:23.535+0000] {dagbag.py:536} INFO - Filling up the DagBag from /home/airflow/.local/lib/python3.8/site-packages/airflow/example_dags/example_skip_dag.py
[2023-10-18T02:43:23.539+0000] {processor.py:839} INFO - DAG(s) dict_keys(['example_skip_dag']) retrieved from /home/airflow/.local/lib/python3.8/site-packages/airflow/example_dags/example_skip_dag.py
[2023-10-18T02:43:23.553+0000] {logging_mixin.py:151} INFO - [2023-10-18T02:43:23.553+0000] {dag.py:2941} INFO - Sync 1 DAGs
[2023-10-18T02:43:23.563+0000] {logging_mixin.py:151} INFO - [2023-10-18T02:43:23.563+0000] {dag.py:3722} INFO - Setting next_dagrun for example_skip_dag to 2023-10-17T02:43:23.563196+00:00, run_after=2023-10-18T02:43:23.563196+00:00
[2023-10-18T02:43:23.571+0000] {processor.py:179} INFO - Processing /home/airflow/.local/lib/python3.8/site-packages/airflow/example_dags/example_skip_dag.py took 0.039 seconds
[2023-10-18T02:43:53.689+0000] {processor.py:157} INFO - Started process (PID=1776) to work on /home/airflow/.local/lib/python3.8/site-packages/airflow/example_dags/example_skip_dag.py
[2023-10-18T02:43:53.690+0000] {processor.py:829} INFO - Processing file /home/airflow/.local/lib/python3.8/site-packages/airflow/example_dags/example_skip_dag.py for tasks to queue
[2023-10-18T02:43:53.691+0000] {logging_mixin.py:151} INFO - [2023-10-18T02:43:53.690+0000] {dagbag.py:536} INFO - Filling up the DagBag from /home/airflow/.local/lib/python3.8/site-packages/airflow/example_dags/example_skip_dag.py
[2023-10-18T02:43:53.695+0000] {processor.py:839} INFO - DAG(s) dict_keys(['example_skip_dag']) retrieved from /home/airflow/.local/lib/python3.8/site-packages/airflow/example_dags/example_skip_dag.py
[2023-10-18T02:43:53.709+0000] {logging_mixin.py:151} INFO - [2023-10-18T02:43:53.709+0000] {dag.py:2941} INFO - Sync 1 DAGs
[2023-10-18T02:43:53.721+0000] {logging_mixin.py:151} INFO - [2023-10-18T02:43:53.721+0000] {dag.py:3722} INFO - Setting next_dagrun for example_skip_dag to 2023-10-17T02:43:53.721052+00:00, run_after=2023-10-18T02:43:53.721052+00:00
[2023-10-18T02:43:53.730+0000] {processor.py:179} INFO - Processing /home/airflow/.local/lib/python3.8/site-packages/airflow/example_dags/example_skip_dag.py took 0.043 seconds
[2023-10-18T02:44:24.562+0000] {processor.py:157} INFO - Started process (PID=2015) to work on /home/airflow/.local/lib/python3.8/site-packages/airflow/example_dags/example_skip_dag.py
[2023-10-18T02:44:24.563+0000] {processor.py:829} INFO - Processing file /home/airflow/.local/lib/python3.8/site-packages/airflow/example_dags/example_skip_dag.py for tasks to queue
[2023-10-18T02:44:24.564+0000] {logging_mixin.py:151} INFO - [2023-10-18T02:44:24.563+0000] {dagbag.py:536} INFO - Filling up the DagBag from /home/airflow/.local/lib/python3.8/site-packages/airflow/example_dags/example_skip_dag.py
[2023-10-18T02:44:24.568+0000] {processor.py:839} INFO - DAG(s) dict_keys(['example_skip_dag']) retrieved from /home/airflow/.local/lib/python3.8/site-packages/airflow/example_dags/example_skip_dag.py
[2023-10-18T02:44:24.582+0000] {logging_mixin.py:151} INFO - [2023-10-18T02:44:24.582+0000] {dag.py:2941} INFO - Sync 1 DAGs
[2023-10-18T02:44:24.597+0000] {logging_mixin.py:151} INFO - [2023-10-18T02:44:24.597+0000] {dag.py:3722} INFO - Setting next_dagrun for example_skip_dag to 2023-10-17T02:44:24.597386+00:00, run_after=2023-10-18T02:44:24.597386+00:00
[2023-10-18T02:44:24.606+0000] {processor.py:179} INFO - Processing /home/airflow/.local/lib/python3.8/site-packages/airflow/example_dags/example_skip_dag.py took 0.046 seconds
[2023-10-18T02:44:54.721+0000] {processor.py:157} INFO - Started process (PID=2256) to work on /home/airflow/.local/lib/python3.8/site-packages/airflow/example_dags/example_skip_dag.py
[2023-10-18T02:44:54.722+0000] {processor.py:829} INFO - Processing file /home/airflow/.local/lib/python3.8/site-packages/airflow/example_dags/example_skip_dag.py for tasks to queue
[2023-10-18T02:44:54.722+0000] {logging_mixin.py:151} INFO - [2023-10-18T02:44:54.722+0000] {dagbag.py:536} INFO - Filling up the DagBag from /home/airflow/.local/lib/python3.8/site-packages/airflow/example_dags/example_skip_dag.py
[2023-10-18T02:44:54.727+0000] {processor.py:839} INFO - DAG(s) dict_keys(['example_skip_dag']) retrieved from /home/airflow/.local/lib/python3.8/site-packages/airflow/example_dags/example_skip_dag.py
[2023-10-18T02:44:54.741+0000] {logging_mixin.py:151} INFO - [2023-10-18T02:44:54.741+0000] {dag.py:2941} INFO - Sync 1 DAGs
[2023-10-18T02:44:54.753+0000] {logging_mixin.py:151} INFO - [2023-10-18T02:44:54.753+0000] {dag.py:3722} INFO - Setting next_dagrun for example_skip_dag to 2023-10-17T02:44:54.753041+00:00, run_after=2023-10-18T02:44:54.753041+00:00
[2023-10-18T02:44:54.761+0000] {processor.py:179} INFO - Processing /home/airflow/.local/lib/python3.8/site-packages/airflow/example_dags/example_skip_dag.py took 0.042 seconds
[2023-10-18T02:45:24.956+0000] {processor.py:157} INFO - Started process (PID=2492) to work on /home/airflow/.local/lib/python3.8/site-packages/airflow/example_dags/example_skip_dag.py
[2023-10-18T02:45:24.957+0000] {processor.py:829} INFO - Processing file /home/airflow/.local/lib/python3.8/site-packages/airflow/example_dags/example_skip_dag.py for tasks to queue
[2023-10-18T02:45:24.958+0000] {logging_mixin.py:151} INFO - [2023-10-18T02:45:24.957+0000] {dagbag.py:536} INFO - Filling up the DagBag from /home/airflow/.local/lib/python3.8/site-packages/airflow/example_dags/example_skip_dag.py
[2023-10-18T02:45:24.963+0000] {processor.py:839} INFO - DAG(s) dict_keys(['example_skip_dag']) retrieved from /home/airflow/.local/lib/python3.8/site-packages/airflow/example_dags/example_skip_dag.py
[2023-10-18T02:45:24.978+0000] {logging_mixin.py:151} INFO - [2023-10-18T02:45:24.977+0000] {dag.py:2941} INFO - Sync 1 DAGs
[2023-10-18T02:45:24.989+0000] {logging_mixin.py:151} INFO - [2023-10-18T02:45:24.989+0000] {dag.py:3722} INFO - Setting next_dagrun for example_skip_dag to 2023-10-17T02:45:24.989515+00:00, run_after=2023-10-18T02:45:24.989515+00:00
[2023-10-18T02:45:24.998+0000] {processor.py:179} INFO - Processing /home/airflow/.local/lib/python3.8/site-packages/airflow/example_dags/example_skip_dag.py took 0.044 seconds
[2023-10-18T02:45:55.070+0000] {processor.py:157} INFO - Started process (PID=2730) to work on /home/airflow/.local/lib/python3.8/site-packages/airflow/example_dags/example_skip_dag.py
[2023-10-18T02:45:55.070+0000] {processor.py:829} INFO - Processing file /home/airflow/.local/lib/python3.8/site-packages/airflow/example_dags/example_skip_dag.py for tasks to queue
[2023-10-18T02:45:55.071+0000] {logging_mixin.py:151} INFO - [2023-10-18T02:45:55.071+0000] {dagbag.py:536} INFO - Filling up the DagBag from /home/airflow/.local/lib/python3.8/site-packages/airflow/example_dags/example_skip_dag.py
[2023-10-18T02:45:55.075+0000] {processor.py:839} INFO - DAG(s) dict_keys(['example_skip_dag']) retrieved from /home/airflow/.local/lib/python3.8/site-packages/airflow/example_dags/example_skip_dag.py
[2023-10-18T02:45:55.089+0000] {logging_mixin.py:151} INFO - [2023-10-18T02:45:55.089+0000] {dag.py:2941} INFO - Sync 1 DAGs
[2023-10-18T02:45:55.100+0000] {logging_mixin.py:151} INFO - [2023-10-18T02:45:55.100+0000] {dag.py:3722} INFO - Setting next_dagrun for example_skip_dag to 2023-10-17T02:45:55.100580+00:00, run_after=2023-10-18T02:45:55.100580+00:00
[2023-10-18T02:45:55.113+0000] {processor.py:179} INFO - Processing /home/airflow/.local/lib/python3.8/site-packages/airflow/example_dags/example_skip_dag.py took 0.046 seconds
[2023-10-18T02:46:26.177+0000] {processor.py:157} INFO - Started process (PID=2968) to work on /home/airflow/.local/lib/python3.8/site-packages/airflow/example_dags/example_skip_dag.py
[2023-10-18T02:46:26.178+0000] {processor.py:829} INFO - Processing file /home/airflow/.local/lib/python3.8/site-packages/airflow/example_dags/example_skip_dag.py for tasks to queue
[2023-10-18T02:46:26.179+0000] {logging_mixin.py:151} INFO - [2023-10-18T02:46:26.179+0000] {dagbag.py:536} INFO - Filling up the DagBag from /home/airflow/.local/lib/python3.8/site-packages/airflow/example_dags/example_skip_dag.py
[2023-10-18T02:46:26.184+0000] {processor.py:839} INFO - DAG(s) dict_keys(['example_skip_dag']) retrieved from /home/airflow/.local/lib/python3.8/site-packages/airflow/example_dags/example_skip_dag.py
[2023-10-18T02:46:26.201+0000] {logging_mixin.py:151} INFO - [2023-10-18T02:46:26.200+0000] {dag.py:2941} INFO - Sync 1 DAGs
[2023-10-18T02:46:26.213+0000] {logging_mixin.py:151} INFO - [2023-10-18T02:46:26.212+0000] {dag.py:3722} INFO - Setting next_dagrun for example_skip_dag to 2023-10-17T02:46:26.212686+00:00, run_after=2023-10-18T02:46:26.212686+00:00
[2023-10-18T02:46:26.221+0000] {processor.py:179} INFO - Processing /home/airflow/.local/lib/python3.8/site-packages/airflow/example_dags/example_skip_dag.py took 0.047 seconds
[2023-10-18T02:46:56.297+0000] {processor.py:157} INFO - Started process (PID=3206) to work on /home/airflow/.local/lib/python3.8/site-packages/airflow/example_dags/example_skip_dag.py
[2023-10-18T02:46:56.298+0000] {processor.py:829} INFO - Processing file /home/airflow/.local/lib/python3.8/site-packages/airflow/example_dags/example_skip_dag.py for tasks to queue
[2023-10-18T02:46:56.299+0000] {logging_mixin.py:151} INFO - [2023-10-18T02:46:56.299+0000] {dagbag.py:536} INFO - Filling up the DagBag from /home/airflow/.local/lib/python3.8/site-packages/airflow/example_dags/example_skip_dag.py
[2023-10-18T02:46:56.303+0000] {processor.py:839} INFO - DAG(s) dict_keys(['example_skip_dag']) retrieved from /home/airflow/.local/lib/python3.8/site-packages/airflow/example_dags/example_skip_dag.py
[2023-10-18T02:46:56.318+0000] {logging_mixin.py:151} INFO - [2023-10-18T02:46:56.318+0000] {dag.py:2941} INFO - Sync 1 DAGs
[2023-10-18T02:46:56.331+0000] {logging_mixin.py:151} INFO - [2023-10-18T02:46:56.331+0000] {dag.py:3722} INFO - Setting next_dagrun for example_skip_dag to 2023-10-17T02:46:56.331312+00:00, run_after=2023-10-18T02:46:56.331312+00:00
[2023-10-18T02:46:56.340+0000] {processor.py:179} INFO - Processing /home/airflow/.local/lib/python3.8/site-packages/airflow/example_dags/example_skip_dag.py took 0.044 seconds
[2023-10-18T02:47:27.302+0000] {processor.py:157} INFO - Started process (PID=3444) to work on /home/airflow/.local/lib/python3.8/site-packages/airflow/example_dags/example_skip_dag.py
[2023-10-18T02:47:27.303+0000] {processor.py:829} INFO - Processing file /home/airflow/.local/lib/python3.8/site-packages/airflow/example_dags/example_skip_dag.py for tasks to queue
[2023-10-18T02:47:27.303+0000] {logging_mixin.py:151} INFO - [2023-10-18T02:47:27.303+0000] {dagbag.py:536} INFO - Filling up the DagBag from /home/airflow/.local/lib/python3.8/site-packages/airflow/example_dags/example_skip_dag.py
[2023-10-18T02:47:27.308+0000] {processor.py:839} INFO - DAG(s) dict_keys(['example_skip_dag']) retrieved from /home/airflow/.local/lib/python3.8/site-packages/airflow/example_dags/example_skip_dag.py
[2023-10-18T02:47:27.324+0000] {logging_mixin.py:151} INFO - [2023-10-18T02:47:27.324+0000] {dag.py:2941} INFO - Sync 1 DAGs
[2023-10-18T02:47:27.337+0000] {logging_mixin.py:151} INFO - [2023-10-18T02:47:27.336+0000] {dag.py:3722} INFO - Setting next_dagrun for example_skip_dag to 2023-10-17T02:47:27.336776+00:00, run_after=2023-10-18T02:47:27.336776+00:00
[2023-10-18T02:47:27.346+0000] {processor.py:179} INFO - Processing /home/airflow/.local/lib/python3.8/site-packages/airflow/example_dags/example_skip_dag.py took 0.046 seconds
[2023-10-18T02:47:57.471+0000] {processor.py:157} INFO - Started process (PID=3682) to work on /home/airflow/.local/lib/python3.8/site-packages/airflow/example_dags/example_skip_dag.py
[2023-10-18T02:47:57.472+0000] {processor.py:829} INFO - Processing file /home/airflow/.local/lib/python3.8/site-packages/airflow/example_dags/example_skip_dag.py for tasks to queue
[2023-10-18T02:47:57.473+0000] {logging_mixin.py:151} INFO - [2023-10-18T02:47:57.472+0000] {dagbag.py:536} INFO - Filling up the DagBag from /home/airflow/.local/lib/python3.8/site-packages/airflow/example_dags/example_skip_dag.py
[2023-10-18T02:47:57.478+0000] {processor.py:839} INFO - DAG(s) dict_keys(['example_skip_dag']) retrieved from /home/airflow/.local/lib/python3.8/site-packages/airflow/example_dags/example_skip_dag.py
[2023-10-18T02:47:57.493+0000] {logging_mixin.py:151} INFO - [2023-10-18T02:47:57.493+0000] {dag.py:2941} INFO - Sync 1 DAGs
[2023-10-18T02:47:57.506+0000] {logging_mixin.py:151} INFO - [2023-10-18T02:47:57.505+0000] {dag.py:3722} INFO - Setting next_dagrun for example_skip_dag to 2023-10-17T02:47:57.505640+00:00, run_after=2023-10-18T02:47:57.505640+00:00
[2023-10-18T02:47:57.515+0000] {processor.py:179} INFO - Processing /home/airflow/.local/lib/python3.8/site-packages/airflow/example_dags/example_skip_dag.py took 0.045 seconds
[2023-10-18T02:48:27.563+0000] {processor.py:157} INFO - Started process (PID=3920) to work on /home/airflow/.local/lib/python3.8/site-packages/airflow/example_dags/example_skip_dag.py
[2023-10-18T02:48:27.564+0000] {processor.py:829} INFO - Processing file /home/airflow/.local/lib/python3.8/site-packages/airflow/example_dags/example_skip_dag.py for tasks to queue
[2023-10-18T02:48:27.565+0000] {logging_mixin.py:151} INFO - [2023-10-18T02:48:27.564+0000] {dagbag.py:536} INFO - Filling up the DagBag from /home/airflow/.local/lib/python3.8/site-packages/airflow/example_dags/example_skip_dag.py
[2023-10-18T02:48:27.569+0000] {processor.py:839} INFO - DAG(s) dict_keys(['example_skip_dag']) retrieved from /home/airflow/.local/lib/python3.8/site-packages/airflow/example_dags/example_skip_dag.py
[2023-10-18T02:48:27.582+0000] {logging_mixin.py:151} INFO - [2023-10-18T02:48:27.582+0000] {dag.py:2941} INFO - Sync 1 DAGs
[2023-10-18T02:48:27.593+0000] {logging_mixin.py:151} INFO - [2023-10-18T02:48:27.593+0000] {dag.py:3722} INFO - Setting next_dagrun for example_skip_dag to 2023-10-17T02:48:27.592860+00:00, run_after=2023-10-18T02:48:27.592860+00:00
[2023-10-18T02:48:27.601+0000] {processor.py:179} INFO - Processing /home/airflow/.local/lib/python3.8/site-packages/airflow/example_dags/example_skip_dag.py took 0.040 seconds
[2023-10-18T02:48:57.762+0000] {processor.py:157} INFO - Started process (PID=4160) to work on /home/airflow/.local/lib/python3.8/site-packages/airflow/example_dags/example_skip_dag.py
[2023-10-18T02:48:57.762+0000] {processor.py:829} INFO - Processing file /home/airflow/.local/lib/python3.8/site-packages/airflow/example_dags/example_skip_dag.py for tasks to queue
[2023-10-18T02:48:57.763+0000] {logging_mixin.py:151} INFO - [2023-10-18T02:48:57.762+0000] {dagbag.py:536} INFO - Filling up the DagBag from /home/airflow/.local/lib/python3.8/site-packages/airflow/example_dags/example_skip_dag.py
[2023-10-18T02:48:57.767+0000] {processor.py:839} INFO - DAG(s) dict_keys(['example_skip_dag']) retrieved from /home/airflow/.local/lib/python3.8/site-packages/airflow/example_dags/example_skip_dag.py
[2023-10-18T02:48:57.783+0000] {logging_mixin.py:151} INFO - [2023-10-18T02:48:57.783+0000] {dag.py:2941} INFO - Sync 1 DAGs
[2023-10-18T02:48:57.795+0000] {logging_mixin.py:151} INFO - [2023-10-18T02:48:57.795+0000] {dag.py:3722} INFO - Setting next_dagrun for example_skip_dag to 2023-10-17T02:48:57.795372+00:00, run_after=2023-10-18T02:48:57.795372+00:00
[2023-10-18T02:48:57.804+0000] {processor.py:179} INFO - Processing /home/airflow/.local/lib/python3.8/site-packages/airflow/example_dags/example_skip_dag.py took 0.045 seconds
[2023-10-18T02:49:27.923+0000] {processor.py:157} INFO - Started process (PID=4396) to work on /home/airflow/.local/lib/python3.8/site-packages/airflow/example_dags/example_skip_dag.py
[2023-10-18T02:49:27.923+0000] {processor.py:829} INFO - Processing file /home/airflow/.local/lib/python3.8/site-packages/airflow/example_dags/example_skip_dag.py for tasks to queue
[2023-10-18T02:49:27.924+0000] {logging_mixin.py:151} INFO - [2023-10-18T02:49:27.924+0000] {dagbag.py:536} INFO - Filling up the DagBag from /home/airflow/.local/lib/python3.8/site-packages/airflow/example_dags/example_skip_dag.py
[2023-10-18T02:49:27.929+0000] {processor.py:839} INFO - DAG(s) dict_keys(['example_skip_dag']) retrieved from /home/airflow/.local/lib/python3.8/site-packages/airflow/example_dags/example_skip_dag.py
[2023-10-18T02:49:27.945+0000] {logging_mixin.py:151} INFO - [2023-10-18T02:49:27.945+0000] {dag.py:2941} INFO - Sync 1 DAGs
[2023-10-18T02:49:27.956+0000] {logging_mixin.py:151} INFO - [2023-10-18T02:49:27.956+0000] {dag.py:3722} INFO - Setting next_dagrun for example_skip_dag to 2023-10-17T02:49:27.956218+00:00, run_after=2023-10-18T02:49:27.956218+00:00
[2023-10-18T02:49:27.967+0000] {processor.py:179} INFO - Processing /home/airflow/.local/lib/python3.8/site-packages/airflow/example_dags/example_skip_dag.py took 0.047 seconds
[2023-10-18T02:49:58.033+0000] {processor.py:157} INFO - Started process (PID=4634) to work on /home/airflow/.local/lib/python3.8/site-packages/airflow/example_dags/example_skip_dag.py
[2023-10-18T02:49:58.033+0000] {processor.py:829} INFO - Processing file /home/airflow/.local/lib/python3.8/site-packages/airflow/example_dags/example_skip_dag.py for tasks to queue
[2023-10-18T02:49:58.034+0000] {logging_mixin.py:151} INFO - [2023-10-18T02:49:58.034+0000] {dagbag.py:536} INFO - Filling up the DagBag from /home/airflow/.local/lib/python3.8/site-packages/airflow/example_dags/example_skip_dag.py
[2023-10-18T02:49:58.039+0000] {processor.py:839} INFO - DAG(s) dict_keys(['example_skip_dag']) retrieved from /home/airflow/.local/lib/python3.8/site-packages/airflow/example_dags/example_skip_dag.py
[2023-10-18T02:49:58.056+0000] {logging_mixin.py:151} INFO - [2023-10-18T02:49:58.056+0000] {dag.py:2941} INFO - Sync 1 DAGs
[2023-10-18T02:49:58.069+0000] {logging_mixin.py:151} INFO - [2023-10-18T02:49:58.069+0000] {dag.py:3722} INFO - Setting next_dagrun for example_skip_dag to 2023-10-17T02:49:58.069663+00:00, run_after=2023-10-18T02:49:58.069663+00:00
[2023-10-18T02:49:58.079+0000] {processor.py:179} INFO - Processing /home/airflow/.local/lib/python3.8/site-packages/airflow/example_dags/example_skip_dag.py took 0.049 seconds
[2023-10-18T02:50:28.168+0000] {processor.py:157} INFO - Started process (PID=4873) to work on /home/airflow/.local/lib/python3.8/site-packages/airflow/example_dags/example_skip_dag.py
[2023-10-18T02:50:28.169+0000] {processor.py:829} INFO - Processing file /home/airflow/.local/lib/python3.8/site-packages/airflow/example_dags/example_skip_dag.py for tasks to queue
[2023-10-18T02:50:28.170+0000] {logging_mixin.py:151} INFO - [2023-10-18T02:50:28.170+0000] {dagbag.py:536} INFO - Filling up the DagBag from /home/airflow/.local/lib/python3.8/site-packages/airflow/example_dags/example_skip_dag.py
[2023-10-18T02:50:28.175+0000] {processor.py:839} INFO - DAG(s) dict_keys(['example_skip_dag']) retrieved from /home/airflow/.local/lib/python3.8/site-packages/airflow/example_dags/example_skip_dag.py
[2023-10-18T02:50:28.193+0000] {logging_mixin.py:151} INFO - [2023-10-18T02:50:28.193+0000] {dag.py:2941} INFO - Sync 1 DAGs
[2023-10-18T02:50:28.205+0000] {logging_mixin.py:151} INFO - [2023-10-18T02:50:28.205+0000] {dag.py:3722} INFO - Setting next_dagrun for example_skip_dag to 2023-10-17T02:50:28.205382+00:00, run_after=2023-10-18T02:50:28.205382+00:00
[2023-10-18T02:50:28.214+0000] {processor.py:179} INFO - Processing /home/airflow/.local/lib/python3.8/site-packages/airflow/example_dags/example_skip_dag.py took 0.048 seconds
[2023-10-18T02:50:58.310+0000] {processor.py:157} INFO - Started process (PID=5111) to work on /home/airflow/.local/lib/python3.8/site-packages/airflow/example_dags/example_skip_dag.py
[2023-10-18T02:50:58.311+0000] {processor.py:829} INFO - Processing file /home/airflow/.local/lib/python3.8/site-packages/airflow/example_dags/example_skip_dag.py for tasks to queue
[2023-10-18T02:50:58.312+0000] {logging_mixin.py:151} INFO - [2023-10-18T02:50:58.311+0000] {dagbag.py:536} INFO - Filling up the DagBag from /home/airflow/.local/lib/python3.8/site-packages/airflow/example_dags/example_skip_dag.py
[2023-10-18T02:50:58.316+0000] {processor.py:839} INFO - DAG(s) dict_keys(['example_skip_dag']) retrieved from /home/airflow/.local/lib/python3.8/site-packages/airflow/example_dags/example_skip_dag.py
[2023-10-18T02:50:58.331+0000] {logging_mixin.py:151} INFO - [2023-10-18T02:50:58.331+0000] {dag.py:2941} INFO - Sync 1 DAGs
[2023-10-18T02:50:58.345+0000] {logging_mixin.py:151} INFO - [2023-10-18T02:50:58.344+0000] {dag.py:3722} INFO - Setting next_dagrun for example_skip_dag to 2023-10-17T02:50:58.344489+00:00, run_after=2023-10-18T02:50:58.344489+00:00
[2023-10-18T02:50:58.355+0000] {processor.py:179} INFO - Processing /home/airflow/.local/lib/python3.8/site-packages/airflow/example_dags/example_skip_dag.py took 0.047 seconds
[2023-10-18T02:51:28.474+0000] {processor.py:157} INFO - Started process (PID=5349) to work on /home/airflow/.local/lib/python3.8/site-packages/airflow/example_dags/example_skip_dag.py
[2023-10-18T02:51:28.475+0000] {processor.py:829} INFO - Processing file /home/airflow/.local/lib/python3.8/site-packages/airflow/example_dags/example_skip_dag.py for tasks to queue
[2023-10-18T02:51:28.476+0000] {logging_mixin.py:151} INFO - [2023-10-18T02:51:28.475+0000] {dagbag.py:536} INFO - Filling up the DagBag from /home/airflow/.local/lib/python3.8/site-packages/airflow/example_dags/example_skip_dag.py
[2023-10-18T02:51:28.480+0000] {processor.py:839} INFO - DAG(s) dict_keys(['example_skip_dag']) retrieved from /home/airflow/.local/lib/python3.8/site-packages/airflow/example_dags/example_skip_dag.py
[2023-10-18T02:51:28.495+0000] {logging_mixin.py:151} INFO - [2023-10-18T02:51:28.495+0000] {dag.py:2941} INFO - Sync 1 DAGs
[2023-10-18T02:51:28.506+0000] {logging_mixin.py:151} INFO - [2023-10-18T02:51:28.506+0000] {dag.py:3722} INFO - Setting next_dagrun for example_skip_dag to 2023-10-17T02:51:28.506002+00:00, run_after=2023-10-18T02:51:28.506002+00:00
[2023-10-18T02:51:28.514+0000] {processor.py:179} INFO - Processing /home/airflow/.local/lib/python3.8/site-packages/airflow/example_dags/example_skip_dag.py took 0.043 seconds
[2023-10-18T02:51:58.630+0000] {processor.py:157} INFO - Started process (PID=5586) to work on /home/airflow/.local/lib/python3.8/site-packages/airflow/example_dags/example_skip_dag.py
[2023-10-18T02:51:58.631+0000] {processor.py:829} INFO - Processing file /home/airflow/.local/lib/python3.8/site-packages/airflow/example_dags/example_skip_dag.py for tasks to queue
[2023-10-18T02:51:58.632+0000] {logging_mixin.py:151} INFO - [2023-10-18T02:51:58.631+0000] {dagbag.py:536} INFO - Filling up the DagBag from /home/airflow/.local/lib/python3.8/site-packages/airflow/example_dags/example_skip_dag.py
[2023-10-18T02:51:58.636+0000] {processor.py:839} INFO - DAG(s) dict_keys(['example_skip_dag']) retrieved from /home/airflow/.local/lib/python3.8/site-packages/airflow/example_dags/example_skip_dag.py
[2023-10-18T02:51:58.651+0000] {logging_mixin.py:151} INFO - [2023-10-18T02:51:58.651+0000] {dag.py:2941} INFO - Sync 1 DAGs
[2023-10-18T02:51:58.664+0000] {logging_mixin.py:151} INFO - [2023-10-18T02:51:58.664+0000] {dag.py:3722} INFO - Setting next_dagrun for example_skip_dag to 2023-10-17T02:51:58.664350+00:00, run_after=2023-10-18T02:51:58.664350+00:00
[2023-10-18T02:51:58.673+0000] {processor.py:179} INFO - Processing /home/airflow/.local/lib/python3.8/site-packages/airflow/example_dags/example_skip_dag.py took 0.045 seconds
[2023-10-18T02:52:29.617+0000] {processor.py:157} INFO - Started process (PID=5825) to work on /home/airflow/.local/lib/python3.8/site-packages/airflow/example_dags/example_skip_dag.py
[2023-10-18T02:52:29.618+0000] {processor.py:829} INFO - Processing file /home/airflow/.local/lib/python3.8/site-packages/airflow/example_dags/example_skip_dag.py for tasks to queue
[2023-10-18T02:52:29.618+0000] {logging_mixin.py:151} INFO - [2023-10-18T02:52:29.618+0000] {dagbag.py:536} INFO - Filling up the DagBag from /home/airflow/.local/lib/python3.8/site-packages/airflow/example_dags/example_skip_dag.py
[2023-10-18T02:52:29.623+0000] {processor.py:839} INFO - DAG(s) dict_keys(['example_skip_dag']) retrieved from /home/airflow/.local/lib/python3.8/site-packages/airflow/example_dags/example_skip_dag.py
[2023-10-18T02:52:29.637+0000] {logging_mixin.py:151} INFO - [2023-10-18T02:52:29.637+0000] {dag.py:2941} INFO - Sync 1 DAGs
[2023-10-18T02:52:29.649+0000] {logging_mixin.py:151} INFO - [2023-10-18T02:52:29.649+0000] {dag.py:3722} INFO - Setting next_dagrun for example_skip_dag to 2023-10-17T02:52:29.649035+00:00, run_after=2023-10-18T02:52:29.649035+00:00
[2023-10-18T02:52:29.659+0000] {processor.py:179} INFO - Processing /home/airflow/.local/lib/python3.8/site-packages/airflow/example_dags/example_skip_dag.py took 0.044 seconds
[2023-10-18T02:52:59.771+0000] {processor.py:157} INFO - Started process (PID=6061) to work on /home/airflow/.local/lib/python3.8/site-packages/airflow/example_dags/example_skip_dag.py
[2023-10-18T02:52:59.772+0000] {processor.py:829} INFO - Processing file /home/airflow/.local/lib/python3.8/site-packages/airflow/example_dags/example_skip_dag.py for tasks to queue
[2023-10-18T02:52:59.773+0000] {logging_mixin.py:151} INFO - [2023-10-18T02:52:59.773+0000] {dagbag.py:536} INFO - Filling up the DagBag from /home/airflow/.local/lib/python3.8/site-packages/airflow/example_dags/example_skip_dag.py
[2023-10-18T02:52:59.778+0000] {processor.py:839} INFO - DAG(s) dict_keys(['example_skip_dag']) retrieved from /home/airflow/.local/lib/python3.8/site-packages/airflow/example_dags/example_skip_dag.py
[2023-10-18T02:52:59.792+0000] {logging_mixin.py:151} INFO - [2023-10-18T02:52:59.792+0000] {dag.py:2941} INFO - Sync 1 DAGs
[2023-10-18T02:52:59.803+0000] {logging_mixin.py:151} INFO - [2023-10-18T02:52:59.803+0000] {dag.py:3722} INFO - Setting next_dagrun for example_skip_dag to 2023-10-17T02:52:59.803562+00:00, run_after=2023-10-18T02:52:59.803562+00:00
[2023-10-18T02:52:59.813+0000] {processor.py:179} INFO - Processing /home/airflow/.local/lib/python3.8/site-packages/airflow/example_dags/example_skip_dag.py took 0.043 seconds
[2023-10-18T02:53:29.912+0000] {processor.py:157} INFO - Started process (PID=6299) to work on /home/airflow/.local/lib/python3.8/site-packages/airflow/example_dags/example_skip_dag.py
[2023-10-18T02:53:29.912+0000] {processor.py:829} INFO - Processing file /home/airflow/.local/lib/python3.8/site-packages/airflow/example_dags/example_skip_dag.py for tasks to queue
[2023-10-18T02:53:29.913+0000] {logging_mixin.py:151} INFO - [2023-10-18T02:53:29.913+0000] {dagbag.py:536} INFO - Filling up the DagBag from /home/airflow/.local/lib/python3.8/site-packages/airflow/example_dags/example_skip_dag.py
[2023-10-18T02:53:29.918+0000] {processor.py:839} INFO - DAG(s) dict_keys(['example_skip_dag']) retrieved from /home/airflow/.local/lib/python3.8/site-packages/airflow/example_dags/example_skip_dag.py
[2023-10-18T02:53:29.932+0000] {logging_mixin.py:151} INFO - [2023-10-18T02:53:29.932+0000] {dag.py:2941} INFO - Sync 1 DAGs
[2023-10-18T02:53:29.943+0000] {logging_mixin.py:151} INFO - [2023-10-18T02:53:29.943+0000] {dag.py:3722} INFO - Setting next_dagrun for example_skip_dag to 2023-10-17T02:53:29.943619+00:00, run_after=2023-10-18T02:53:29.943619+00:00
[2023-10-18T02:53:29.953+0000] {processor.py:179} INFO - Processing /home/airflow/.local/lib/python3.8/site-packages/airflow/example_dags/example_skip_dag.py took 0.044 seconds
[2023-10-18T02:54:00.867+0000] {processor.py:157} INFO - Started process (PID=6537) to work on /home/airflow/.local/lib/python3.8/site-packages/airflow/example_dags/example_skip_dag.py
[2023-10-18T02:54:00.867+0000] {processor.py:829} INFO - Processing file /home/airflow/.local/lib/python3.8/site-packages/airflow/example_dags/example_skip_dag.py for tasks to queue
[2023-10-18T02:54:00.868+0000] {logging_mixin.py:151} INFO - [2023-10-18T02:54:00.868+0000] {dagbag.py:536} INFO - Filling up the DagBag from /home/airflow/.local/lib/python3.8/site-packages/airflow/example_dags/example_skip_dag.py
[2023-10-18T02:54:00.873+0000] {processor.py:839} INFO - DAG(s) dict_keys(['example_skip_dag']) retrieved from /home/airflow/.local/lib/python3.8/site-packages/airflow/example_dags/example_skip_dag.py
[2023-10-18T02:54:00.888+0000] {logging_mixin.py:151} INFO - [2023-10-18T02:54:00.888+0000] {dag.py:2941} INFO - Sync 1 DAGs
[2023-10-18T02:54:00.899+0000] {logging_mixin.py:151} INFO - [2023-10-18T02:54:00.899+0000] {dag.py:3722} INFO - Setting next_dagrun for example_skip_dag to 2023-10-17T02:54:00.899408+00:00, run_after=2023-10-18T02:54:00.899408+00:00
[2023-10-18T02:54:00.909+0000] {processor.py:179} INFO - Processing /home/airflow/.local/lib/python3.8/site-packages/airflow/example_dags/example_skip_dag.py took 0.045 seconds
