[2023-10-18T02:40:51.661+0000] {processor.py:157} INFO - Started process (PID=306) to work on /home/airflow/.local/lib/python3.8/site-packages/airflow/example_dags/example_dag_decorator.py
[2023-10-18T02:40:51.662+0000] {processor.py:829} INFO - Processing file /home/airflow/.local/lib/python3.8/site-packages/airflow/example_dags/example_dag_decorator.py for tasks to queue
[2023-10-18T02:40:51.663+0000] {logging_mixin.py:151} INFO - [2023-10-18T02:40:51.663+0000] {dagbag.py:536} INFO - Filling up the DagBag from /home/airflow/.local/lib/python3.8/site-packages/airflow/example_dags/example_dag_decorator.py
[2023-10-18T02:40:51.741+0000] {processor.py:839} INFO - DAG(s) dict_keys(['example_dag_decorator']) retrieved from /home/airflow/.local/lib/python3.8/site-packages/airflow/example_dags/example_dag_decorator.py
[2023-10-18T02:40:51.749+0000] {logging_mixin.py:151} INFO - [2023-10-18T02:40:51.749+0000] {dag.py:2941} INFO - Sync 1 DAGs
[2023-10-18T02:40:51.762+0000] {logging_mixin.py:151} INFO - [2023-10-18T02:40:51.762+0000] {dag.py:3722} INFO - Setting next_dagrun for example_dag_decorator to None, run_after=None
[2023-10-18T02:40:51.772+0000] {processor.py:179} INFO - Processing /home/airflow/.local/lib/python3.8/site-packages/airflow/example_dags/example_dag_decorator.py took 0.114 seconds
[2023-10-18T02:41:22.189+0000] {processor.py:157} INFO - Started process (PID=544) to work on /home/airflow/.local/lib/python3.8/site-packages/airflow/example_dags/example_dag_decorator.py
[2023-10-18T02:41:22.190+0000] {processor.py:829} INFO - Processing file /home/airflow/.local/lib/python3.8/site-packages/airflow/example_dags/example_dag_decorator.py for tasks to queue
[2023-10-18T02:41:22.191+0000] {logging_mixin.py:151} INFO - [2023-10-18T02:41:22.190+0000] {dagbag.py:536} INFO - Filling up the DagBag from /home/airflow/.local/lib/python3.8/site-packages/airflow/example_dags/example_dag_decorator.py
[2023-10-18T02:41:22.226+0000] {processor.py:839} INFO - DAG(s) dict_keys(['example_dag_decorator']) retrieved from /home/airflow/.local/lib/python3.8/site-packages/airflow/example_dags/example_dag_decorator.py
[2023-10-18T02:41:22.279+0000] {logging_mixin.py:151} INFO - [2023-10-18T02:41:22.279+0000] {dag.py:2941} INFO - Sync 1 DAGs
[2023-10-18T02:41:22.284+0000] {logging_mixin.py:151} INFO - [2023-10-18T02:41:22.284+0000] {dag.py:3722} INFO - Setting next_dagrun for example_dag_decorator to None, run_after=None
[2023-10-18T02:41:22.295+0000] {processor.py:179} INFO - Processing /home/airflow/.local/lib/python3.8/site-packages/airflow/example_dags/example_dag_decorator.py took 0.108 seconds
[2023-10-18T02:41:52.412+0000] {processor.py:157} INFO - Started process (PID=782) to work on /home/airflow/.local/lib/python3.8/site-packages/airflow/example_dags/example_dag_decorator.py
[2023-10-18T02:41:52.413+0000] {processor.py:829} INFO - Processing file /home/airflow/.local/lib/python3.8/site-packages/airflow/example_dags/example_dag_decorator.py for tasks to queue
[2023-10-18T02:41:52.413+0000] {logging_mixin.py:151} INFO - [2023-10-18T02:41:52.413+0000] {dagbag.py:536} INFO - Filling up the DagBag from /home/airflow/.local/lib/python3.8/site-packages/airflow/example_dags/example_dag_decorator.py
[2023-10-18T02:41:52.449+0000] {processor.py:839} INFO - DAG(s) dict_keys(['example_dag_decorator']) retrieved from /home/airflow/.local/lib/python3.8/site-packages/airflow/example_dags/example_dag_decorator.py
[2023-10-18T02:41:52.501+0000] {logging_mixin.py:151} INFO - [2023-10-18T02:41:52.501+0000] {dag.py:2941} INFO - Sync 1 DAGs
[2023-10-18T02:41:52.507+0000] {logging_mixin.py:151} INFO - [2023-10-18T02:41:52.507+0000] {dag.py:3722} INFO - Setting next_dagrun for example_dag_decorator to None, run_after=None
[2023-10-18T02:41:52.518+0000] {processor.py:179} INFO - Processing /home/airflow/.local/lib/python3.8/site-packages/airflow/example_dags/example_dag_decorator.py took 0.108 seconds
[2023-10-18T02:42:22.564+0000] {processor.py:157} INFO - Started process (PID=1025) to work on /home/airflow/.local/lib/python3.8/site-packages/airflow/example_dags/example_dag_decorator.py
[2023-10-18T02:42:22.564+0000] {processor.py:829} INFO - Processing file /home/airflow/.local/lib/python3.8/site-packages/airflow/example_dags/example_dag_decorator.py for tasks to queue
[2023-10-18T02:42:22.565+0000] {logging_mixin.py:151} INFO - [2023-10-18T02:42:22.565+0000] {dagbag.py:536} INFO - Filling up the DagBag from /home/airflow/.local/lib/python3.8/site-packages/airflow/example_dags/example_dag_decorator.py
[2023-10-18T02:42:22.601+0000] {processor.py:839} INFO - DAG(s) dict_keys(['example_dag_decorator']) retrieved from /home/airflow/.local/lib/python3.8/site-packages/airflow/example_dags/example_dag_decorator.py
[2023-10-18T02:42:22.654+0000] {logging_mixin.py:151} INFO - [2023-10-18T02:42:22.654+0000] {dag.py:2941} INFO - Sync 1 DAGs
[2023-10-18T02:42:22.660+0000] {logging_mixin.py:151} INFO - [2023-10-18T02:42:22.660+0000] {dag.py:3722} INFO - Setting next_dagrun for example_dag_decorator to None, run_after=None
[2023-10-18T02:42:22.669+0000] {processor.py:179} INFO - Processing /home/airflow/.local/lib/python3.8/site-packages/airflow/example_dags/example_dag_decorator.py took 0.108 seconds
[2023-10-18T02:42:53.398+0000] {processor.py:157} INFO - Started process (PID=1306) to work on /home/airflow/.local/lib/python3.8/site-packages/airflow/example_dags/example_dag_decorator.py
[2023-10-18T02:42:53.398+0000] {processor.py:829} INFO - Processing file /home/airflow/.local/lib/python3.8/site-packages/airflow/example_dags/example_dag_decorator.py for tasks to queue
[2023-10-18T02:42:53.399+0000] {logging_mixin.py:151} INFO - [2023-10-18T02:42:53.399+0000] {dagbag.py:536} INFO - Filling up the DagBag from /home/airflow/.local/lib/python3.8/site-packages/airflow/example_dags/example_dag_decorator.py
[2023-10-18T02:42:53.435+0000] {processor.py:839} INFO - DAG(s) dict_keys(['example_dag_decorator']) retrieved from /home/airflow/.local/lib/python3.8/site-packages/airflow/example_dags/example_dag_decorator.py
[2023-10-18T02:42:53.491+0000] {logging_mixin.py:151} INFO - [2023-10-18T02:42:53.491+0000] {dag.py:2941} INFO - Sync 1 DAGs
[2023-10-18T02:42:53.496+0000] {logging_mixin.py:151} INFO - [2023-10-18T02:42:53.496+0000] {dag.py:3722} INFO - Setting next_dagrun for example_dag_decorator to None, run_after=None
[2023-10-18T02:42:53.506+0000] {processor.py:179} INFO - Processing /home/airflow/.local/lib/python3.8/site-packages/airflow/example_dags/example_dag_decorator.py took 0.110 seconds
[2023-10-18T02:43:23.586+0000] {processor.py:157} INFO - Started process (PID=1546) to work on /home/airflow/.local/lib/python3.8/site-packages/airflow/example_dags/example_dag_decorator.py
[2023-10-18T02:43:23.587+0000] {processor.py:829} INFO - Processing file /home/airflow/.local/lib/python3.8/site-packages/airflow/example_dags/example_dag_decorator.py for tasks to queue
[2023-10-18T02:43:23.587+0000] {logging_mixin.py:151} INFO - [2023-10-18T02:43:23.587+0000] {dagbag.py:536} INFO - Filling up the DagBag from /home/airflow/.local/lib/python3.8/site-packages/airflow/example_dags/example_dag_decorator.py
[2023-10-18T02:43:23.622+0000] {processor.py:839} INFO - DAG(s) dict_keys(['example_dag_decorator']) retrieved from /home/airflow/.local/lib/python3.8/site-packages/airflow/example_dags/example_dag_decorator.py
[2023-10-18T02:43:23.679+0000] {logging_mixin.py:151} INFO - [2023-10-18T02:43:23.679+0000] {dag.py:2941} INFO - Sync 1 DAGs
[2023-10-18T02:43:23.685+0000] {logging_mixin.py:151} INFO - [2023-10-18T02:43:23.684+0000] {dag.py:3722} INFO - Setting next_dagrun for example_dag_decorator to None, run_after=None
[2023-10-18T02:43:23.694+0000] {processor.py:179} INFO - Processing /home/airflow/.local/lib/python3.8/site-packages/airflow/example_dags/example_dag_decorator.py took 0.110 seconds
[2023-10-18T02:43:53.748+0000] {processor.py:157} INFO - Started process (PID=1786) to work on /home/airflow/.local/lib/python3.8/site-packages/airflow/example_dags/example_dag_decorator.py
[2023-10-18T02:43:53.748+0000] {processor.py:829} INFO - Processing file /home/airflow/.local/lib/python3.8/site-packages/airflow/example_dags/example_dag_decorator.py for tasks to queue
[2023-10-18T02:43:53.749+0000] {logging_mixin.py:151} INFO - [2023-10-18T02:43:53.749+0000] {dagbag.py:536} INFO - Filling up the DagBag from /home/airflow/.local/lib/python3.8/site-packages/airflow/example_dags/example_dag_decorator.py
[2023-10-18T02:43:53.784+0000] {processor.py:839} INFO - DAG(s) dict_keys(['example_dag_decorator']) retrieved from /home/airflow/.local/lib/python3.8/site-packages/airflow/example_dags/example_dag_decorator.py
[2023-10-18T02:43:53.840+0000] {logging_mixin.py:151} INFO - [2023-10-18T02:43:53.840+0000] {dag.py:2941} INFO - Sync 1 DAGs
[2023-10-18T02:43:53.845+0000] {logging_mixin.py:151} INFO - [2023-10-18T02:43:53.845+0000] {dag.py:3722} INFO - Setting next_dagrun for example_dag_decorator to None, run_after=None
[2023-10-18T02:43:53.854+0000] {processor.py:179} INFO - Processing /home/airflow/.local/lib/python3.8/site-packages/airflow/example_dags/example_dag_decorator.py took 0.109 seconds
[2023-10-18T02:44:24.608+0000] {processor.py:157} INFO - Started process (PID=2020) to work on /home/airflow/.local/lib/python3.8/site-packages/airflow/example_dags/example_dag_decorator.py
[2023-10-18T02:44:24.610+0000] {processor.py:829} INFO - Processing file /home/airflow/.local/lib/python3.8/site-packages/airflow/example_dags/example_dag_decorator.py for tasks to queue
[2023-10-18T02:44:24.610+0000] {logging_mixin.py:151} INFO - [2023-10-18T02:44:24.610+0000] {dagbag.py:536} INFO - Filling up the DagBag from /home/airflow/.local/lib/python3.8/site-packages/airflow/example_dags/example_dag_decorator.py
[2023-10-18T02:44:24.648+0000] {processor.py:839} INFO - DAG(s) dict_keys(['example_dag_decorator']) retrieved from /home/airflow/.local/lib/python3.8/site-packages/airflow/example_dags/example_dag_decorator.py
[2023-10-18T02:44:24.706+0000] {logging_mixin.py:151} INFO - [2023-10-18T02:44:24.706+0000] {dag.py:2941} INFO - Sync 1 DAGs
[2023-10-18T02:44:24.711+0000] {logging_mixin.py:151} INFO - [2023-10-18T02:44:24.711+0000] {dag.py:3722} INFO - Setting next_dagrun for example_dag_decorator to None, run_after=None
[2023-10-18T02:44:24.721+0000] {processor.py:179} INFO - Processing /home/airflow/.local/lib/python3.8/site-packages/airflow/example_dags/example_dag_decorator.py took 0.114 seconds
[2023-10-18T02:44:54.778+0000] {processor.py:157} INFO - Started process (PID=2266) to work on /home/airflow/.local/lib/python3.8/site-packages/airflow/example_dags/example_dag_decorator.py
[2023-10-18T02:44:54.779+0000] {processor.py:829} INFO - Processing file /home/airflow/.local/lib/python3.8/site-packages/airflow/example_dags/example_dag_decorator.py for tasks to queue
[2023-10-18T02:44:54.779+0000] {logging_mixin.py:151} INFO - [2023-10-18T02:44:54.779+0000] {dagbag.py:536} INFO - Filling up the DagBag from /home/airflow/.local/lib/python3.8/site-packages/airflow/example_dags/example_dag_decorator.py
[2023-10-18T02:44:54.816+0000] {processor.py:839} INFO - DAG(s) dict_keys(['example_dag_decorator']) retrieved from /home/airflow/.local/lib/python3.8/site-packages/airflow/example_dags/example_dag_decorator.py
[2023-10-18T02:44:54.869+0000] {logging_mixin.py:151} INFO - [2023-10-18T02:44:54.869+0000] {dag.py:2941} INFO - Sync 1 DAGs
[2023-10-18T02:44:54.874+0000] {logging_mixin.py:151} INFO - [2023-10-18T02:44:54.874+0000] {dag.py:3722} INFO - Setting next_dagrun for example_dag_decorator to None, run_after=None
[2023-10-18T02:44:54.883+0000] {processor.py:179} INFO - Processing /home/airflow/.local/lib/python3.8/site-packages/airflow/example_dags/example_dag_decorator.py took 0.107 seconds
[2023-10-18T02:45:25.020+0000] {processor.py:157} INFO - Started process (PID=2502) to work on /home/airflow/.local/lib/python3.8/site-packages/airflow/example_dags/example_dag_decorator.py
[2023-10-18T02:45:25.021+0000] {processor.py:829} INFO - Processing file /home/airflow/.local/lib/python3.8/site-packages/airflow/example_dags/example_dag_decorator.py for tasks to queue
[2023-10-18T02:45:25.021+0000] {logging_mixin.py:151} INFO - [2023-10-18T02:45:25.021+0000] {dagbag.py:536} INFO - Filling up the DagBag from /home/airflow/.local/lib/python3.8/site-packages/airflow/example_dags/example_dag_decorator.py
[2023-10-18T02:45:25.058+0000] {processor.py:839} INFO - DAG(s) dict_keys(['example_dag_decorator']) retrieved from /home/airflow/.local/lib/python3.8/site-packages/airflow/example_dags/example_dag_decorator.py
[2023-10-18T02:45:25.113+0000] {logging_mixin.py:151} INFO - [2023-10-18T02:45:25.113+0000] {dag.py:2941} INFO - Sync 1 DAGs
[2023-10-18T02:45:25.119+0000] {logging_mixin.py:151} INFO - [2023-10-18T02:45:25.118+0000] {dag.py:3722} INFO - Setting next_dagrun for example_dag_decorator to None, run_after=None
[2023-10-18T02:45:25.219+0000] {processor.py:179} INFO - Processing /home/airflow/.local/lib/python3.8/site-packages/airflow/example_dags/example_dag_decorator.py took 0.201 seconds
[2023-10-18T02:45:55.252+0000] {processor.py:157} INFO - Started process (PID=2747) to work on /home/airflow/.local/lib/python3.8/site-packages/airflow/example_dags/example_dag_decorator.py
[2023-10-18T02:45:55.253+0000] {processor.py:829} INFO - Processing file /home/airflow/.local/lib/python3.8/site-packages/airflow/example_dags/example_dag_decorator.py for tasks to queue
[2023-10-18T02:45:55.254+0000] {logging_mixin.py:151} INFO - [2023-10-18T02:45:55.253+0000] {dagbag.py:536} INFO - Filling up the DagBag from /home/airflow/.local/lib/python3.8/site-packages/airflow/example_dags/example_dag_decorator.py
[2023-10-18T02:45:55.299+0000] {processor.py:839} INFO - DAG(s) dict_keys(['example_dag_decorator']) retrieved from /home/airflow/.local/lib/python3.8/site-packages/airflow/example_dags/example_dag_decorator.py
[2023-10-18T02:45:55.364+0000] {logging_mixin.py:151} INFO - [2023-10-18T02:45:55.364+0000] {dag.py:2941} INFO - Sync 1 DAGs
[2023-10-18T02:45:55.371+0000] {logging_mixin.py:151} INFO - [2023-10-18T02:45:55.371+0000] {dag.py:3722} INFO - Setting next_dagrun for example_dag_decorator to None, run_after=None
[2023-10-18T02:45:55.382+0000] {processor.py:179} INFO - Processing /home/airflow/.local/lib/python3.8/site-packages/airflow/example_dags/example_dag_decorator.py took 0.133 seconds
[2023-10-18T02:46:26.209+0000] {processor.py:157} INFO - Started process (PID=2973) to work on /home/airflow/.local/lib/python3.8/site-packages/airflow/example_dags/example_dag_decorator.py
[2023-10-18T02:46:26.211+0000] {processor.py:829} INFO - Processing file /home/airflow/.local/lib/python3.8/site-packages/airflow/example_dags/example_dag_decorator.py for tasks to queue
[2023-10-18T02:46:26.212+0000] {logging_mixin.py:151} INFO - [2023-10-18T02:46:26.211+0000] {dagbag.py:536} INFO - Filling up the DagBag from /home/airflow/.local/lib/python3.8/site-packages/airflow/example_dags/example_dag_decorator.py
[2023-10-18T02:46:26.250+0000] {processor.py:839} INFO - DAG(s) dict_keys(['example_dag_decorator']) retrieved from /home/airflow/.local/lib/python3.8/site-packages/airflow/example_dags/example_dag_decorator.py
[2023-10-18T02:46:26.307+0000] {logging_mixin.py:151} INFO - [2023-10-18T02:46:26.307+0000] {dag.py:2941} INFO - Sync 1 DAGs
[2023-10-18T02:46:26.313+0000] {logging_mixin.py:151} INFO - [2023-10-18T02:46:26.313+0000] {dag.py:3722} INFO - Setting next_dagrun for example_dag_decorator to None, run_after=None
[2023-10-18T02:46:26.330+0000] {processor.py:179} INFO - Processing /home/airflow/.local/lib/python3.8/site-packages/airflow/example_dags/example_dag_decorator.py took 0.123 seconds
[2023-10-18T02:46:56.357+0000] {processor.py:157} INFO - Started process (PID=3216) to work on /home/airflow/.local/lib/python3.8/site-packages/airflow/example_dags/example_dag_decorator.py
[2023-10-18T02:46:56.358+0000] {processor.py:829} INFO - Processing file /home/airflow/.local/lib/python3.8/site-packages/airflow/example_dags/example_dag_decorator.py for tasks to queue
[2023-10-18T02:46:56.358+0000] {logging_mixin.py:151} INFO - [2023-10-18T02:46:56.358+0000] {dagbag.py:536} INFO - Filling up the DagBag from /home/airflow/.local/lib/python3.8/site-packages/airflow/example_dags/example_dag_decorator.py
[2023-10-18T02:46:56.393+0000] {processor.py:839} INFO - DAG(s) dict_keys(['example_dag_decorator']) retrieved from /home/airflow/.local/lib/python3.8/site-packages/airflow/example_dags/example_dag_decorator.py
[2023-10-18T02:46:56.447+0000] {logging_mixin.py:151} INFO - [2023-10-18T02:46:56.447+0000] {dag.py:2941} INFO - Sync 1 DAGs
[2023-10-18T02:46:56.453+0000] {logging_mixin.py:151} INFO - [2023-10-18T02:46:56.453+0000] {dag.py:3722} INFO - Setting next_dagrun for example_dag_decorator to None, run_after=None
[2023-10-18T02:46:56.462+0000] {processor.py:179} INFO - Processing /home/airflow/.local/lib/python3.8/site-packages/airflow/example_dags/example_dag_decorator.py took 0.107 seconds
[2023-10-18T02:47:27.349+0000] {processor.py:157} INFO - Started process (PID=3449) to work on /home/airflow/.local/lib/python3.8/site-packages/airflow/example_dags/example_dag_decorator.py
[2023-10-18T02:47:27.350+0000] {processor.py:829} INFO - Processing file /home/airflow/.local/lib/python3.8/site-packages/airflow/example_dags/example_dag_decorator.py for tasks to queue
[2023-10-18T02:47:27.350+0000] {logging_mixin.py:151} INFO - [2023-10-18T02:47:27.350+0000] {dagbag.py:536} INFO - Filling up the DagBag from /home/airflow/.local/lib/python3.8/site-packages/airflow/example_dags/example_dag_decorator.py
[2023-10-18T02:47:27.386+0000] {processor.py:839} INFO - DAG(s) dict_keys(['example_dag_decorator']) retrieved from /home/airflow/.local/lib/python3.8/site-packages/airflow/example_dags/example_dag_decorator.py
[2023-10-18T02:47:27.442+0000] {logging_mixin.py:151} INFO - [2023-10-18T02:47:27.442+0000] {dag.py:2941} INFO - Sync 1 DAGs
[2023-10-18T02:47:27.447+0000] {logging_mixin.py:151} INFO - [2023-10-18T02:47:27.447+0000] {dag.py:3722} INFO - Setting next_dagrun for example_dag_decorator to None, run_after=None
[2023-10-18T02:47:27.458+0000] {processor.py:179} INFO - Processing /home/airflow/.local/lib/python3.8/site-packages/airflow/example_dags/example_dag_decorator.py took 0.111 seconds
[2023-10-18T02:47:57.501+0000] {processor.py:157} INFO - Started process (PID=3687) to work on /home/airflow/.local/lib/python3.8/site-packages/airflow/example_dags/example_dag_decorator.py
[2023-10-18T02:47:57.501+0000] {processor.py:829} INFO - Processing file /home/airflow/.local/lib/python3.8/site-packages/airflow/example_dags/example_dag_decorator.py for tasks to queue
[2023-10-18T02:47:57.502+0000] {logging_mixin.py:151} INFO - [2023-10-18T02:47:57.502+0000] {dagbag.py:536} INFO - Filling up the DagBag from /home/airflow/.local/lib/python3.8/site-packages/airflow/example_dags/example_dag_decorator.py
[2023-10-18T02:47:57.538+0000] {processor.py:839} INFO - DAG(s) dict_keys(['example_dag_decorator']) retrieved from /home/airflow/.local/lib/python3.8/site-packages/airflow/example_dags/example_dag_decorator.py
[2023-10-18T02:47:57.595+0000] {logging_mixin.py:151} INFO - [2023-10-18T02:47:57.595+0000] {dag.py:2941} INFO - Sync 1 DAGs
[2023-10-18T02:47:57.601+0000] {logging_mixin.py:151} INFO - [2023-10-18T02:47:57.601+0000] {dag.py:3722} INFO - Setting next_dagrun for example_dag_decorator to None, run_after=None
[2023-10-18T02:47:57.610+0000] {processor.py:179} INFO - Processing /home/airflow/.local/lib/python3.8/site-packages/airflow/example_dags/example_dag_decorator.py took 0.111 seconds
[2023-10-18T02:48:27.670+0000] {processor.py:157} INFO - Started process (PID=3932) to work on /home/airflow/.local/lib/python3.8/site-packages/airflow/example_dags/example_dag_decorator.py
[2023-10-18T02:48:27.670+0000] {processor.py:829} INFO - Processing file /home/airflow/.local/lib/python3.8/site-packages/airflow/example_dags/example_dag_decorator.py for tasks to queue
[2023-10-18T02:48:27.671+0000] {logging_mixin.py:151} INFO - [2023-10-18T02:48:27.671+0000] {dagbag.py:536} INFO - Filling up the DagBag from /home/airflow/.local/lib/python3.8/site-packages/airflow/example_dags/example_dag_decorator.py
[2023-10-18T02:48:27.706+0000] {processor.py:839} INFO - DAG(s) dict_keys(['example_dag_decorator']) retrieved from /home/airflow/.local/lib/python3.8/site-packages/airflow/example_dags/example_dag_decorator.py
[2023-10-18T02:48:27.761+0000] {logging_mixin.py:151} INFO - [2023-10-18T02:48:27.761+0000] {dag.py:2941} INFO - Sync 1 DAGs
[2023-10-18T02:48:27.766+0000] {logging_mixin.py:151} INFO - [2023-10-18T02:48:27.766+0000] {dag.py:3722} INFO - Setting next_dagrun for example_dag_decorator to None, run_after=None
[2023-10-18T02:48:27.775+0000] {processor.py:179} INFO - Processing /home/airflow/.local/lib/python3.8/site-packages/airflow/example_dags/example_dag_decorator.py took 0.108 seconds
[2023-10-18T02:48:57.830+0000] {processor.py:157} INFO - Started process (PID=4173) to work on /home/airflow/.local/lib/python3.8/site-packages/airflow/example_dags/example_dag_decorator.py
[2023-10-18T02:48:57.830+0000] {processor.py:829} INFO - Processing file /home/airflow/.local/lib/python3.8/site-packages/airflow/example_dags/example_dag_decorator.py for tasks to queue
[2023-10-18T02:48:57.831+0000] {logging_mixin.py:151} INFO - [2023-10-18T02:48:57.830+0000] {dagbag.py:536} INFO - Filling up the DagBag from /home/airflow/.local/lib/python3.8/site-packages/airflow/example_dags/example_dag_decorator.py
[2023-10-18T02:48:57.866+0000] {processor.py:839} INFO - DAG(s) dict_keys(['example_dag_decorator']) retrieved from /home/airflow/.local/lib/python3.8/site-packages/airflow/example_dags/example_dag_decorator.py
[2023-10-18T02:48:57.918+0000] {logging_mixin.py:151} INFO - [2023-10-18T02:48:57.918+0000] {dag.py:2941} INFO - Sync 1 DAGs
[2023-10-18T02:48:57.923+0000] {logging_mixin.py:151} INFO - [2023-10-18T02:48:57.923+0000] {dag.py:3722} INFO - Setting next_dagrun for example_dag_decorator to None, run_after=None
[2023-10-18T02:48:58.022+0000] {processor.py:179} INFO - Processing /home/airflow/.local/lib/python3.8/site-packages/airflow/example_dags/example_dag_decorator.py took 0.194 seconds
[2023-10-18T02:49:28.055+0000] {processor.py:157} INFO - Started process (PID=4416) to work on /home/airflow/.local/lib/python3.8/site-packages/airflow/example_dags/example_dag_decorator.py
[2023-10-18T02:49:28.055+0000] {processor.py:829} INFO - Processing file /home/airflow/.local/lib/python3.8/site-packages/airflow/example_dags/example_dag_decorator.py for tasks to queue
[2023-10-18T02:49:28.056+0000] {logging_mixin.py:151} INFO - [2023-10-18T02:49:28.056+0000] {dagbag.py:536} INFO - Filling up the DagBag from /home/airflow/.local/lib/python3.8/site-packages/airflow/example_dags/example_dag_decorator.py
[2023-10-18T02:49:28.092+0000] {processor.py:839} INFO - DAG(s) dict_keys(['example_dag_decorator']) retrieved from /home/airflow/.local/lib/python3.8/site-packages/airflow/example_dags/example_dag_decorator.py
[2023-10-18T02:49:28.146+0000] {logging_mixin.py:151} INFO - [2023-10-18T02:49:28.146+0000] {dag.py:2941} INFO - Sync 1 DAGs
[2023-10-18T02:49:28.151+0000] {logging_mixin.py:151} INFO - [2023-10-18T02:49:28.151+0000] {dag.py:3722} INFO - Setting next_dagrun for example_dag_decorator to None, run_after=None
[2023-10-18T02:49:28.162+0000] {processor.py:179} INFO - Processing /home/airflow/.local/lib/python3.8/site-packages/airflow/example_dags/example_dag_decorator.py took 0.110 seconds
[2023-10-18T02:49:58.204+0000] {processor.py:157} INFO - Started process (PID=4659) to work on /home/airflow/.local/lib/python3.8/site-packages/airflow/example_dags/example_dag_decorator.py
[2023-10-18T02:49:58.204+0000] {processor.py:829} INFO - Processing file /home/airflow/.local/lib/python3.8/site-packages/airflow/example_dags/example_dag_decorator.py for tasks to queue
[2023-10-18T02:49:58.205+0000] {logging_mixin.py:151} INFO - [2023-10-18T02:49:58.205+0000] {dagbag.py:536} INFO - Filling up the DagBag from /home/airflow/.local/lib/python3.8/site-packages/airflow/example_dags/example_dag_decorator.py
[2023-10-18T02:49:58.240+0000] {processor.py:839} INFO - DAG(s) dict_keys(['example_dag_decorator']) retrieved from /home/airflow/.local/lib/python3.8/site-packages/airflow/example_dags/example_dag_decorator.py
[2023-10-18T02:49:58.382+0000] {logging_mixin.py:151} INFO - [2023-10-18T02:49:58.382+0000] {dag.py:2941} INFO - Sync 1 DAGs
[2023-10-18T02:49:58.387+0000] {logging_mixin.py:151} INFO - [2023-10-18T02:49:58.387+0000] {dag.py:3722} INFO - Setting next_dagrun for example_dag_decorator to None, run_after=None
[2023-10-18T02:49:58.398+0000] {processor.py:179} INFO - Processing /home/airflow/.local/lib/python3.8/site-packages/airflow/example_dags/example_dag_decorator.py took 0.196 seconds
[2023-10-18T02:50:28.466+0000] {processor.py:157} INFO - Started process (PID=4915) to work on /home/airflow/.local/lib/python3.8/site-packages/airflow/example_dags/example_dag_decorator.py
[2023-10-18T02:50:28.467+0000] {processor.py:829} INFO - Processing file /home/airflow/.local/lib/python3.8/site-packages/airflow/example_dags/example_dag_decorator.py for tasks to queue
[2023-10-18T02:50:28.468+0000] {logging_mixin.py:151} INFO - [2023-10-18T02:50:28.467+0000] {dagbag.py:536} INFO - Filling up the DagBag from /home/airflow/.local/lib/python3.8/site-packages/airflow/example_dags/example_dag_decorator.py
[2023-10-18T02:50:28.504+0000] {processor.py:839} INFO - DAG(s) dict_keys(['example_dag_decorator']) retrieved from /home/airflow/.local/lib/python3.8/site-packages/airflow/example_dags/example_dag_decorator.py
[2023-10-18T02:50:28.563+0000] {logging_mixin.py:151} INFO - [2023-10-18T02:50:28.562+0000] {dag.py:2941} INFO - Sync 1 DAGs
[2023-10-18T02:50:28.571+0000] {logging_mixin.py:151} INFO - [2023-10-18T02:50:28.570+0000] {dag.py:3722} INFO - Setting next_dagrun for example_dag_decorator to None, run_after=None
[2023-10-18T02:50:28.676+0000] {processor.py:179} INFO - Processing /home/airflow/.local/lib/python3.8/site-packages/airflow/example_dags/example_dag_decorator.py took 0.212 seconds
[2023-10-18T02:50:58.714+0000] {processor.py:157} INFO - Started process (PID=5168) to work on /home/airflow/.local/lib/python3.8/site-packages/airflow/example_dags/example_dag_decorator.py
[2023-10-18T02:50:58.715+0000] {processor.py:829} INFO - Processing file /home/airflow/.local/lib/python3.8/site-packages/airflow/example_dags/example_dag_decorator.py for tasks to queue
[2023-10-18T02:50:58.716+0000] {logging_mixin.py:151} INFO - [2023-10-18T02:50:58.716+0000] {dagbag.py:536} INFO - Filling up the DagBag from /home/airflow/.local/lib/python3.8/site-packages/airflow/example_dags/example_dag_decorator.py
[2023-10-18T02:50:58.751+0000] {processor.py:839} INFO - DAG(s) dict_keys(['example_dag_decorator']) retrieved from /home/airflow/.local/lib/python3.8/site-packages/airflow/example_dags/example_dag_decorator.py
[2023-10-18T02:50:58.804+0000] {logging_mixin.py:151} INFO - [2023-10-18T02:50:58.804+0000] {dag.py:2941} INFO - Sync 1 DAGs
[2023-10-18T02:50:58.809+0000] {logging_mixin.py:151} INFO - [2023-10-18T02:50:58.809+0000] {dag.py:3722} INFO - Setting next_dagrun for example_dag_decorator to None, run_after=None
[2023-10-18T02:50:58.818+0000] {processor.py:179} INFO - Processing /home/airflow/.local/lib/python3.8/site-packages/airflow/example_dags/example_dag_decorator.py took 0.105 seconds
[2023-10-18T02:51:29.854+0000] {processor.py:157} INFO - Started process (PID=5406) to work on /home/airflow/.local/lib/python3.8/site-packages/airflow/example_dags/example_dag_decorator.py
[2023-10-18T02:51:29.855+0000] {processor.py:829} INFO - Processing file /home/airflow/.local/lib/python3.8/site-packages/airflow/example_dags/example_dag_decorator.py for tasks to queue
[2023-10-18T02:51:29.857+0000] {logging_mixin.py:151} INFO - [2023-10-18T02:51:29.856+0000] {dagbag.py:536} INFO - Filling up the DagBag from /home/airflow/.local/lib/python3.8/site-packages/airflow/example_dags/example_dag_decorator.py
[2023-10-18T02:51:29.904+0000] {processor.py:839} INFO - DAG(s) dict_keys(['example_dag_decorator']) retrieved from /home/airflow/.local/lib/python3.8/site-packages/airflow/example_dags/example_dag_decorator.py
[2023-10-18T02:51:30.047+0000] {logging_mixin.py:151} INFO - [2023-10-18T02:51:30.047+0000] {dag.py:2941} INFO - Sync 1 DAGs
[2023-10-18T02:51:30.052+0000] {logging_mixin.py:151} INFO - [2023-10-18T02:51:30.052+0000] {dag.py:3722} INFO - Setting next_dagrun for example_dag_decorator to None, run_after=None
[2023-10-18T02:51:30.063+0000] {processor.py:179} INFO - Processing /home/airflow/.local/lib/python3.8/site-packages/airflow/example_dags/example_dag_decorator.py took 0.213 seconds
[2023-10-18T02:52:00.094+0000] {processor.py:157} INFO - Started process (PID=5666) to work on /home/airflow/.local/lib/python3.8/site-packages/airflow/example_dags/example_dag_decorator.py
[2023-10-18T02:52:00.095+0000] {processor.py:829} INFO - Processing file /home/airflow/.local/lib/python3.8/site-packages/airflow/example_dags/example_dag_decorator.py for tasks to queue
[2023-10-18T02:52:00.096+0000] {logging_mixin.py:151} INFO - [2023-10-18T02:52:00.096+0000] {dagbag.py:536} INFO - Filling up the DagBag from /home/airflow/.local/lib/python3.8/site-packages/airflow/example_dags/example_dag_decorator.py
[2023-10-18T02:52:00.129+0000] {processor.py:839} INFO - DAG(s) dict_keys(['example_dag_decorator']) retrieved from /home/airflow/.local/lib/python3.8/site-packages/airflow/example_dags/example_dag_decorator.py
[2023-10-18T02:52:00.177+0000] {logging_mixin.py:151} INFO - [2023-10-18T02:52:00.177+0000] {dag.py:2941} INFO - Sync 1 DAGs
[2023-10-18T02:52:00.257+0000] {logging_mixin.py:151} INFO - [2023-10-18T02:52:00.257+0000] {dag.py:3722} INFO - Setting next_dagrun for example_dag_decorator to None, run_after=None
[2023-10-18T02:52:00.265+0000] {processor.py:179} INFO - Processing /home/airflow/.local/lib/python3.8/site-packages/airflow/example_dags/example_dag_decorator.py took 0.173 seconds
[2023-10-18T02:52:31.034+0000] {processor.py:157} INFO - Started process (PID=5880) to work on /home/airflow/.local/lib/python3.8/site-packages/airflow/example_dags/example_dag_decorator.py
[2023-10-18T02:52:31.035+0000] {processor.py:829} INFO - Processing file /home/airflow/.local/lib/python3.8/site-packages/airflow/example_dags/example_dag_decorator.py for tasks to queue
[2023-10-18T02:52:31.037+0000] {logging_mixin.py:151} INFO - [2023-10-18T02:52:31.036+0000] {dagbag.py:536} INFO - Filling up the DagBag from /home/airflow/.local/lib/python3.8/site-packages/airflow/example_dags/example_dag_decorator.py
[2023-10-18T02:52:31.086+0000] {processor.py:839} INFO - DAG(s) dict_keys(['example_dag_decorator']) retrieved from /home/airflow/.local/lib/python3.8/site-packages/airflow/example_dags/example_dag_decorator.py
[2023-10-18T02:52:31.141+0000] {logging_mixin.py:151} INFO - [2023-10-18T02:52:31.141+0000] {dag.py:2941} INFO - Sync 1 DAGs
[2023-10-18T02:52:31.146+0000] {logging_mixin.py:151} INFO - [2023-10-18T02:52:31.146+0000] {dag.py:3722} INFO - Setting next_dagrun for example_dag_decorator to None, run_after=None
[2023-10-18T02:52:31.158+0000] {processor.py:179} INFO - Processing /home/airflow/.local/lib/python3.8/site-packages/airflow/example_dags/example_dag_decorator.py took 0.129 seconds
[2023-10-18T02:53:01.204+0000] {processor.py:157} INFO - Started process (PID=6123) to work on /home/airflow/.local/lib/python3.8/site-packages/airflow/example_dags/example_dag_decorator.py
[2023-10-18T02:53:01.205+0000] {processor.py:829} INFO - Processing file /home/airflow/.local/lib/python3.8/site-packages/airflow/example_dags/example_dag_decorator.py for tasks to queue
[2023-10-18T02:53:01.205+0000] {logging_mixin.py:151} INFO - [2023-10-18T02:53:01.205+0000] {dagbag.py:536} INFO - Filling up the DagBag from /home/airflow/.local/lib/python3.8/site-packages/airflow/example_dags/example_dag_decorator.py
[2023-10-18T02:53:01.242+0000] {processor.py:839} INFO - DAG(s) dict_keys(['example_dag_decorator']) retrieved from /home/airflow/.local/lib/python3.8/site-packages/airflow/example_dags/example_dag_decorator.py
[2023-10-18T02:53:01.380+0000] {logging_mixin.py:151} INFO - [2023-10-18T02:53:01.380+0000] {dag.py:2941} INFO - Sync 1 DAGs
[2023-10-18T02:53:01.385+0000] {logging_mixin.py:151} INFO - [2023-10-18T02:53:01.384+0000] {dag.py:3722} INFO - Setting next_dagrun for example_dag_decorator to None, run_after=None
[2023-10-18T02:53:01.393+0000] {processor.py:179} INFO - Processing /home/airflow/.local/lib/python3.8/site-packages/airflow/example_dags/example_dag_decorator.py took 0.190 seconds
[2023-10-18T02:53:31.421+0000] {processor.py:157} INFO - Started process (PID=6381) to work on /home/airflow/.local/lib/python3.8/site-packages/airflow/example_dags/example_dag_decorator.py
[2023-10-18T02:53:31.421+0000] {processor.py:829} INFO - Processing file /home/airflow/.local/lib/python3.8/site-packages/airflow/example_dags/example_dag_decorator.py for tasks to queue
[2023-10-18T02:53:31.422+0000] {logging_mixin.py:151} INFO - [2023-10-18T02:53:31.422+0000] {dagbag.py:536} INFO - Filling up the DagBag from /home/airflow/.local/lib/python3.8/site-packages/airflow/example_dags/example_dag_decorator.py
[2023-10-18T02:53:31.457+0000] {processor.py:839} INFO - DAG(s) dict_keys(['example_dag_decorator']) retrieved from /home/airflow/.local/lib/python3.8/site-packages/airflow/example_dags/example_dag_decorator.py
[2023-10-18T02:53:31.596+0000] {logging_mixin.py:151} INFO - [2023-10-18T02:53:31.596+0000] {dag.py:2941} INFO - Sync 1 DAGs
[2023-10-18T02:53:31.601+0000] {logging_mixin.py:151} INFO - [2023-10-18T02:53:31.601+0000] {dag.py:3722} INFO - Setting next_dagrun for example_dag_decorator to None, run_after=None
[2023-10-18T02:53:31.611+0000] {processor.py:179} INFO - Processing /home/airflow/.local/lib/python3.8/site-packages/airflow/example_dags/example_dag_decorator.py took 0.193 seconds
[2023-10-18T02:54:02.327+0000] {processor.py:157} INFO - Started process (PID=6594) to work on /home/airflow/.local/lib/python3.8/site-packages/airflow/example_dags/example_dag_decorator.py
[2023-10-18T02:54:02.328+0000] {processor.py:829} INFO - Processing file /home/airflow/.local/lib/python3.8/site-packages/airflow/example_dags/example_dag_decorator.py for tasks to queue
[2023-10-18T02:54:02.328+0000] {logging_mixin.py:151} INFO - [2023-10-18T02:54:02.328+0000] {dagbag.py:536} INFO - Filling up the DagBag from /home/airflow/.local/lib/python3.8/site-packages/airflow/example_dags/example_dag_decorator.py
[2023-10-18T02:54:02.378+0000] {processor.py:839} INFO - DAG(s) dict_keys(['example_dag_decorator']) retrieved from /home/airflow/.local/lib/python3.8/site-packages/airflow/example_dags/example_dag_decorator.py
[2023-10-18T02:54:02.435+0000] {logging_mixin.py:151} INFO - [2023-10-18T02:54:02.435+0000] {dag.py:2941} INFO - Sync 1 DAGs
[2023-10-18T02:54:02.537+0000] {logging_mixin.py:151} INFO - [2023-10-18T02:54:02.537+0000] {dag.py:3722} INFO - Setting next_dagrun for example_dag_decorator to None, run_after=None
[2023-10-18T02:54:02.548+0000] {processor.py:179} INFO - Processing /home/airflow/.local/lib/python3.8/site-packages/airflow/example_dags/example_dag_decorator.py took 0.224 seconds
