[2023-10-18T02:40:50.541+0000] {processor.py:157} INFO - Started process (PID=163) to work on /home/airflow/.local/lib/python3.8/site-packages/airflow/example_dags/example_dynamic_task_mapping.py
[2023-10-18T02:40:50.542+0000] {processor.py:829} INFO - Processing file /home/airflow/.local/lib/python3.8/site-packages/airflow/example_dags/example_dynamic_task_mapping.py for tasks to queue
[2023-10-18T02:40:50.543+0000] {logging_mixin.py:151} INFO - [2023-10-18T02:40:50.542+0000] {dagbag.py:536} INFO - Filling up the DagBag from /home/airflow/.local/lib/python3.8/site-packages/airflow/example_dags/example_dynamic_task_mapping.py
[2023-10-18T02:40:50.553+0000] {processor.py:839} INFO - DAG(s) dict_keys(['example_dynamic_task_mapping']) retrieved from /home/airflow/.local/lib/python3.8/site-packages/airflow/example_dags/example_dynamic_task_mapping.py
[2023-10-18T02:40:50.575+0000] {logging_mixin.py:151} INFO - [2023-10-18T02:40:50.575+0000] {dag.py:2941} INFO - Sync 1 DAGs
[2023-10-18T02:40:50.588+0000] {logging_mixin.py:151} INFO - [2023-10-18T02:40:50.588+0000] {dag.py:3722} INFO - Setting next_dagrun for example_dynamic_task_mapping to 2022-03-04T00:00:00+00:00, run_after=2022-03-05T00:00:00+00:00
[2023-10-18T02:40:50.598+0000] {processor.py:179} INFO - Processing /home/airflow/.local/lib/python3.8/site-packages/airflow/example_dags/example_dynamic_task_mapping.py took 0.058 seconds
[2023-10-18T02:41:21.178+0000] {processor.py:157} INFO - Started process (PID=401) to work on /home/airflow/.local/lib/python3.8/site-packages/airflow/example_dags/example_dynamic_task_mapping.py
[2023-10-18T02:41:21.179+0000] {processor.py:829} INFO - Processing file /home/airflow/.local/lib/python3.8/site-packages/airflow/example_dags/example_dynamic_task_mapping.py for tasks to queue
[2023-10-18T02:41:21.179+0000] {logging_mixin.py:151} INFO - [2023-10-18T02:41:21.179+0000] {dagbag.py:536} INFO - Filling up the DagBag from /home/airflow/.local/lib/python3.8/site-packages/airflow/example_dags/example_dynamic_task_mapping.py
[2023-10-18T02:41:21.191+0000] {processor.py:839} INFO - DAG(s) dict_keys(['example_dynamic_task_mapping']) retrieved from /home/airflow/.local/lib/python3.8/site-packages/airflow/example_dags/example_dynamic_task_mapping.py
[2023-10-18T02:41:21.221+0000] {logging_mixin.py:151} INFO - [2023-10-18T02:41:21.221+0000] {dag.py:2941} INFO - Sync 1 DAGs
[2023-10-18T02:41:21.235+0000] {logging_mixin.py:151} INFO - [2023-10-18T02:41:21.234+0000] {dag.py:3722} INFO - Setting next_dagrun for example_dynamic_task_mapping to 2022-03-04T00:00:00+00:00, run_after=2022-03-05T00:00:00+00:00
[2023-10-18T02:41:21.245+0000] {processor.py:179} INFO - Processing /home/airflow/.local/lib/python3.8/site-packages/airflow/example_dags/example_dynamic_task_mapping.py took 0.071 seconds
[2023-10-18T02:41:51.353+0000] {processor.py:157} INFO - Started process (PID=639) to work on /home/airflow/.local/lib/python3.8/site-packages/airflow/example_dags/example_dynamic_task_mapping.py
[2023-10-18T02:41:51.354+0000] {processor.py:829} INFO - Processing file /home/airflow/.local/lib/python3.8/site-packages/airflow/example_dags/example_dynamic_task_mapping.py for tasks to queue
[2023-10-18T02:41:51.355+0000] {logging_mixin.py:151} INFO - [2023-10-18T02:41:51.355+0000] {dagbag.py:536} INFO - Filling up the DagBag from /home/airflow/.local/lib/python3.8/site-packages/airflow/example_dags/example_dynamic_task_mapping.py
[2023-10-18T02:41:51.361+0000] {processor.py:839} INFO - DAG(s) dict_keys(['example_dynamic_task_mapping']) retrieved from /home/airflow/.local/lib/python3.8/site-packages/airflow/example_dags/example_dynamic_task_mapping.py
[2023-10-18T02:41:51.379+0000] {logging_mixin.py:151} INFO - [2023-10-18T02:41:51.379+0000] {dag.py:2941} INFO - Sync 1 DAGs
[2023-10-18T02:41:51.392+0000] {logging_mixin.py:151} INFO - [2023-10-18T02:41:51.392+0000] {dag.py:3722} INFO - Setting next_dagrun for example_dynamic_task_mapping to 2022-03-04T00:00:00+00:00, run_after=2022-03-05T00:00:00+00:00
[2023-10-18T02:41:51.407+0000] {processor.py:179} INFO - Processing /home/airflow/.local/lib/python3.8/site-packages/airflow/example_dags/example_dynamic_task_mapping.py took 0.057 seconds
[2023-10-18T02:42:21.490+0000] {processor.py:157} INFO - Started process (PID=877) to work on /home/airflow/.local/lib/python3.8/site-packages/airflow/example_dags/example_dynamic_task_mapping.py
[2023-10-18T02:42:21.491+0000] {processor.py:829} INFO - Processing file /home/airflow/.local/lib/python3.8/site-packages/airflow/example_dags/example_dynamic_task_mapping.py for tasks to queue
[2023-10-18T02:42:21.492+0000] {logging_mixin.py:151} INFO - [2023-10-18T02:42:21.491+0000] {dagbag.py:536} INFO - Filling up the DagBag from /home/airflow/.local/lib/python3.8/site-packages/airflow/example_dags/example_dynamic_task_mapping.py
[2023-10-18T02:42:21.498+0000] {processor.py:839} INFO - DAG(s) dict_keys(['example_dynamic_task_mapping']) retrieved from /home/airflow/.local/lib/python3.8/site-packages/airflow/example_dags/example_dynamic_task_mapping.py
[2023-10-18T02:42:21.515+0000] {logging_mixin.py:151} INFO - [2023-10-18T02:42:21.515+0000] {dag.py:2941} INFO - Sync 1 DAGs
[2023-10-18T02:42:21.527+0000] {logging_mixin.py:151} INFO - [2023-10-18T02:42:21.527+0000] {dag.py:3722} INFO - Setting next_dagrun for example_dynamic_task_mapping to 2022-03-04T00:00:00+00:00, run_after=2022-03-05T00:00:00+00:00
[2023-10-18T02:42:21.537+0000] {processor.py:179} INFO - Processing /home/airflow/.local/lib/python3.8/site-packages/airflow/example_dags/example_dynamic_task_mapping.py took 0.051 seconds
[2023-10-18T02:42:52.436+0000] {processor.py:157} INFO - Started process (PID=1163) to work on /home/airflow/.local/lib/python3.8/site-packages/airflow/example_dags/example_dynamic_task_mapping.py
[2023-10-18T02:42:52.437+0000] {processor.py:829} INFO - Processing file /home/airflow/.local/lib/python3.8/site-packages/airflow/example_dags/example_dynamic_task_mapping.py for tasks to queue
[2023-10-18T02:42:52.438+0000] {logging_mixin.py:151} INFO - [2023-10-18T02:42:52.438+0000] {dagbag.py:536} INFO - Filling up the DagBag from /home/airflow/.local/lib/python3.8/site-packages/airflow/example_dags/example_dynamic_task_mapping.py
[2023-10-18T02:42:52.447+0000] {processor.py:839} INFO - DAG(s) dict_keys(['example_dynamic_task_mapping']) retrieved from /home/airflow/.local/lib/python3.8/site-packages/airflow/example_dags/example_dynamic_task_mapping.py
[2023-10-18T02:42:52.466+0000] {logging_mixin.py:151} INFO - [2023-10-18T02:42:52.466+0000] {dag.py:2941} INFO - Sync 1 DAGs
[2023-10-18T02:42:52.479+0000] {logging_mixin.py:151} INFO - [2023-10-18T02:42:52.479+0000] {dag.py:3722} INFO - Setting next_dagrun for example_dynamic_task_mapping to 2022-03-04T00:00:00+00:00, run_after=2022-03-05T00:00:00+00:00
[2023-10-18T02:42:52.488+0000] {processor.py:179} INFO - Processing /home/airflow/.local/lib/python3.8/site-packages/airflow/example_dags/example_dynamic_task_mapping.py took 0.058 seconds
[2023-10-18T02:43:22.546+0000] {processor.py:157} INFO - Started process (PID=1401) to work on /home/airflow/.local/lib/python3.8/site-packages/airflow/example_dags/example_dynamic_task_mapping.py
[2023-10-18T02:43:22.547+0000] {processor.py:829} INFO - Processing file /home/airflow/.local/lib/python3.8/site-packages/airflow/example_dags/example_dynamic_task_mapping.py for tasks to queue
[2023-10-18T02:43:22.548+0000] {logging_mixin.py:151} INFO - [2023-10-18T02:43:22.547+0000] {dagbag.py:536} INFO - Filling up the DagBag from /home/airflow/.local/lib/python3.8/site-packages/airflow/example_dags/example_dynamic_task_mapping.py
[2023-10-18T02:43:22.556+0000] {processor.py:839} INFO - DAG(s) dict_keys(['example_dynamic_task_mapping']) retrieved from /home/airflow/.local/lib/python3.8/site-packages/airflow/example_dags/example_dynamic_task_mapping.py
[2023-10-18T02:43:22.579+0000] {logging_mixin.py:151} INFO - [2023-10-18T02:43:22.579+0000] {dag.py:2941} INFO - Sync 1 DAGs
[2023-10-18T02:43:22.594+0000] {logging_mixin.py:151} INFO - [2023-10-18T02:43:22.594+0000] {dag.py:3722} INFO - Setting next_dagrun for example_dynamic_task_mapping to 2022-03-04T00:00:00+00:00, run_after=2022-03-05T00:00:00+00:00
[2023-10-18T02:43:22.607+0000] {processor.py:179} INFO - Processing /home/airflow/.local/lib/python3.8/site-packages/airflow/example_dags/example_dynamic_task_mapping.py took 0.065 seconds
[2023-10-18T02:43:52.775+0000] {processor.py:157} INFO - Started process (PID=1638) to work on /home/airflow/.local/lib/python3.8/site-packages/airflow/example_dags/example_dynamic_task_mapping.py
[2023-10-18T02:43:52.776+0000] {processor.py:829} INFO - Processing file /home/airflow/.local/lib/python3.8/site-packages/airflow/example_dags/example_dynamic_task_mapping.py for tasks to queue
[2023-10-18T02:43:52.777+0000] {logging_mixin.py:151} INFO - [2023-10-18T02:43:52.776+0000] {dagbag.py:536} INFO - Filling up the DagBag from /home/airflow/.local/lib/python3.8/site-packages/airflow/example_dags/example_dynamic_task_mapping.py
[2023-10-18T02:43:52.783+0000] {processor.py:839} INFO - DAG(s) dict_keys(['example_dynamic_task_mapping']) retrieved from /home/airflow/.local/lib/python3.8/site-packages/airflow/example_dags/example_dynamic_task_mapping.py
[2023-10-18T02:43:52.801+0000] {logging_mixin.py:151} INFO - [2023-10-18T02:43:52.801+0000] {dag.py:2941} INFO - Sync 1 DAGs
[2023-10-18T02:43:52.812+0000] {logging_mixin.py:151} INFO - [2023-10-18T02:43:52.812+0000] {dag.py:3722} INFO - Setting next_dagrun for example_dynamic_task_mapping to 2022-03-04T00:00:00+00:00, run_after=2022-03-05T00:00:00+00:00
[2023-10-18T02:43:52.822+0000] {processor.py:179} INFO - Processing /home/airflow/.local/lib/python3.8/site-packages/airflow/example_dags/example_dynamic_task_mapping.py took 0.050 seconds
[2023-10-18T02:44:23.592+0000] {processor.py:157} INFO - Started process (PID=1877) to work on /home/airflow/.local/lib/python3.8/site-packages/airflow/example_dags/example_dynamic_task_mapping.py
[2023-10-18T02:44:23.593+0000] {processor.py:829} INFO - Processing file /home/airflow/.local/lib/python3.8/site-packages/airflow/example_dags/example_dynamic_task_mapping.py for tasks to queue
[2023-10-18T02:44:23.593+0000] {logging_mixin.py:151} INFO - [2023-10-18T02:44:23.593+0000] {dagbag.py:536} INFO - Filling up the DagBag from /home/airflow/.local/lib/python3.8/site-packages/airflow/example_dags/example_dynamic_task_mapping.py
[2023-10-18T02:44:23.600+0000] {processor.py:839} INFO - DAG(s) dict_keys(['example_dynamic_task_mapping']) retrieved from /home/airflow/.local/lib/python3.8/site-packages/airflow/example_dags/example_dynamic_task_mapping.py
[2023-10-18T02:44:23.617+0000] {logging_mixin.py:151} INFO - [2023-10-18T02:44:23.617+0000] {dag.py:2941} INFO - Sync 1 DAGs
[2023-10-18T02:44:23.629+0000] {logging_mixin.py:151} INFO - [2023-10-18T02:44:23.629+0000] {dag.py:3722} INFO - Setting next_dagrun for example_dynamic_task_mapping to 2022-03-04T00:00:00+00:00, run_after=2022-03-05T00:00:00+00:00
[2023-10-18T02:44:23.637+0000] {processor.py:179} INFO - Processing /home/airflow/.local/lib/python3.8/site-packages/airflow/example_dags/example_dynamic_task_mapping.py took 0.048 seconds
[2023-10-18T02:44:53.711+0000] {processor.py:157} INFO - Started process (PID=2116) to work on /home/airflow/.local/lib/python3.8/site-packages/airflow/example_dags/example_dynamic_task_mapping.py
[2023-10-18T02:44:53.712+0000] {processor.py:829} INFO - Processing file /home/airflow/.local/lib/python3.8/site-packages/airflow/example_dags/example_dynamic_task_mapping.py for tasks to queue
[2023-10-18T02:44:53.712+0000] {logging_mixin.py:151} INFO - [2023-10-18T02:44:53.712+0000] {dagbag.py:536} INFO - Filling up the DagBag from /home/airflow/.local/lib/python3.8/site-packages/airflow/example_dags/example_dynamic_task_mapping.py
[2023-10-18T02:44:53.719+0000] {processor.py:839} INFO - DAG(s) dict_keys(['example_dynamic_task_mapping']) retrieved from /home/airflow/.local/lib/python3.8/site-packages/airflow/example_dags/example_dynamic_task_mapping.py
[2023-10-18T02:44:53.738+0000] {logging_mixin.py:151} INFO - [2023-10-18T02:44:53.738+0000] {dag.py:2941} INFO - Sync 1 DAGs
[2023-10-18T02:44:53.751+0000] {logging_mixin.py:151} INFO - [2023-10-18T02:44:53.750+0000] {dag.py:3722} INFO - Setting next_dagrun for example_dynamic_task_mapping to 2022-03-04T00:00:00+00:00, run_after=2022-03-05T00:00:00+00:00
[2023-10-18T02:44:53.759+0000] {processor.py:179} INFO - Processing /home/airflow/.local/lib/python3.8/site-packages/airflow/example_dags/example_dynamic_task_mapping.py took 0.052 seconds
[2023-10-18T02:45:23.854+0000] {processor.py:157} INFO - Started process (PID=2354) to work on /home/airflow/.local/lib/python3.8/site-packages/airflow/example_dags/example_dynamic_task_mapping.py
[2023-10-18T02:45:23.855+0000] {processor.py:829} INFO - Processing file /home/airflow/.local/lib/python3.8/site-packages/airflow/example_dags/example_dynamic_task_mapping.py for tasks to queue
[2023-10-18T02:45:23.856+0000] {logging_mixin.py:151} INFO - [2023-10-18T02:45:23.856+0000] {dagbag.py:536} INFO - Filling up the DagBag from /home/airflow/.local/lib/python3.8/site-packages/airflow/example_dags/example_dynamic_task_mapping.py
[2023-10-18T02:45:23.861+0000] {processor.py:839} INFO - DAG(s) dict_keys(['example_dynamic_task_mapping']) retrieved from /home/airflow/.local/lib/python3.8/site-packages/airflow/example_dags/example_dynamic_task_mapping.py
[2023-10-18T02:45:23.876+0000] {logging_mixin.py:151} INFO - [2023-10-18T02:45:23.876+0000] {dag.py:2941} INFO - Sync 1 DAGs
[2023-10-18T02:45:23.888+0000] {logging_mixin.py:151} INFO - [2023-10-18T02:45:23.888+0000] {dag.py:3722} INFO - Setting next_dagrun for example_dynamic_task_mapping to 2022-03-04T00:00:00+00:00, run_after=2022-03-05T00:00:00+00:00
[2023-10-18T02:45:23.896+0000] {processor.py:179} INFO - Processing /home/airflow/.local/lib/python3.8/site-packages/airflow/example_dags/example_dynamic_task_mapping.py took 0.044 seconds
[2023-10-18T02:45:53.973+0000] {processor.py:157} INFO - Started process (PID=2592) to work on /home/airflow/.local/lib/python3.8/site-packages/airflow/example_dags/example_dynamic_task_mapping.py
[2023-10-18T02:45:53.974+0000] {processor.py:829} INFO - Processing file /home/airflow/.local/lib/python3.8/site-packages/airflow/example_dags/example_dynamic_task_mapping.py for tasks to queue
[2023-10-18T02:45:53.975+0000] {logging_mixin.py:151} INFO - [2023-10-18T02:45:53.975+0000] {dagbag.py:536} INFO - Filling up the DagBag from /home/airflow/.local/lib/python3.8/site-packages/airflow/example_dags/example_dynamic_task_mapping.py
[2023-10-18T02:45:53.984+0000] {processor.py:839} INFO - DAG(s) dict_keys(['example_dynamic_task_mapping']) retrieved from /home/airflow/.local/lib/python3.8/site-packages/airflow/example_dags/example_dynamic_task_mapping.py
[2023-10-18T02:45:54.005+0000] {logging_mixin.py:151} INFO - [2023-10-18T02:45:54.005+0000] {dag.py:2941} INFO - Sync 1 DAGs
[2023-10-18T02:45:54.018+0000] {logging_mixin.py:151} INFO - [2023-10-18T02:45:54.018+0000] {dag.py:3722} INFO - Setting next_dagrun for example_dynamic_task_mapping to 2022-03-04T00:00:00+00:00, run_after=2022-03-05T00:00:00+00:00
[2023-10-18T02:45:54.029+0000] {processor.py:179} INFO - Processing /home/airflow/.local/lib/python3.8/site-packages/airflow/example_dags/example_dynamic_task_mapping.py took 0.061 seconds
[2023-10-18T02:46:24.233+0000] {processor.py:157} INFO - Started process (PID=2830) to work on /home/airflow/.local/lib/python3.8/site-packages/airflow/example_dags/example_dynamic_task_mapping.py
[2023-10-18T02:46:24.234+0000] {processor.py:829} INFO - Processing file /home/airflow/.local/lib/python3.8/site-packages/airflow/example_dags/example_dynamic_task_mapping.py for tasks to queue
[2023-10-18T02:46:24.235+0000] {logging_mixin.py:151} INFO - [2023-10-18T02:46:24.235+0000] {dagbag.py:536} INFO - Filling up the DagBag from /home/airflow/.local/lib/python3.8/site-packages/airflow/example_dags/example_dynamic_task_mapping.py
[2023-10-18T02:46:24.244+0000] {processor.py:839} INFO - DAG(s) dict_keys(['example_dynamic_task_mapping']) retrieved from /home/airflow/.local/lib/python3.8/site-packages/airflow/example_dags/example_dynamic_task_mapping.py
[2023-10-18T02:46:24.264+0000] {logging_mixin.py:151} INFO - [2023-10-18T02:46:24.264+0000] {dag.py:2941} INFO - Sync 1 DAGs
[2023-10-18T02:46:24.277+0000] {logging_mixin.py:151} INFO - [2023-10-18T02:46:24.277+0000] {dag.py:3722} INFO - Setting next_dagrun for example_dynamic_task_mapping to 2022-03-04T00:00:00+00:00, run_after=2022-03-05T00:00:00+00:00
[2023-10-18T02:46:24.289+0000] {processor.py:179} INFO - Processing /home/airflow/.local/lib/python3.8/site-packages/airflow/example_dags/example_dynamic_task_mapping.py took 0.061 seconds
[2023-10-18T02:46:54.411+0000] {processor.py:157} INFO - Started process (PID=3068) to work on /home/airflow/.local/lib/python3.8/site-packages/airflow/example_dags/example_dynamic_task_mapping.py
[2023-10-18T02:46:54.412+0000] {processor.py:829} INFO - Processing file /home/airflow/.local/lib/python3.8/site-packages/airflow/example_dags/example_dynamic_task_mapping.py for tasks to queue
[2023-10-18T02:46:54.413+0000] {logging_mixin.py:151} INFO - [2023-10-18T02:46:54.413+0000] {dagbag.py:536} INFO - Filling up the DagBag from /home/airflow/.local/lib/python3.8/site-packages/airflow/example_dags/example_dynamic_task_mapping.py
[2023-10-18T02:46:54.422+0000] {processor.py:839} INFO - DAG(s) dict_keys(['example_dynamic_task_mapping']) retrieved from /home/airflow/.local/lib/python3.8/site-packages/airflow/example_dags/example_dynamic_task_mapping.py
[2023-10-18T02:46:54.443+0000] {logging_mixin.py:151} INFO - [2023-10-18T02:46:54.443+0000] {dag.py:2941} INFO - Sync 1 DAGs
[2023-10-18T02:46:54.456+0000] {logging_mixin.py:151} INFO - [2023-10-18T02:46:54.456+0000] {dag.py:3722} INFO - Setting next_dagrun for example_dynamic_task_mapping to 2022-03-04T00:00:00+00:00, run_after=2022-03-05T00:00:00+00:00
[2023-10-18T02:46:54.465+0000] {processor.py:179} INFO - Processing /home/airflow/.local/lib/python3.8/site-packages/airflow/example_dags/example_dynamic_task_mapping.py took 0.059 seconds
[2023-10-18T02:47:25.266+0000] {processor.py:157} INFO - Started process (PID=3306) to work on /home/airflow/.local/lib/python3.8/site-packages/airflow/example_dags/example_dynamic_task_mapping.py
[2023-10-18T02:47:25.267+0000] {processor.py:829} INFO - Processing file /home/airflow/.local/lib/python3.8/site-packages/airflow/example_dags/example_dynamic_task_mapping.py for tasks to queue
[2023-10-18T02:47:25.269+0000] {logging_mixin.py:151} INFO - [2023-10-18T02:47:25.268+0000] {dagbag.py:536} INFO - Filling up the DagBag from /home/airflow/.local/lib/python3.8/site-packages/airflow/example_dags/example_dynamic_task_mapping.py
[2023-10-18T02:47:25.277+0000] {processor.py:839} INFO - DAG(s) dict_keys(['example_dynamic_task_mapping']) retrieved from /home/airflow/.local/lib/python3.8/site-packages/airflow/example_dags/example_dynamic_task_mapping.py
[2023-10-18T02:47:25.297+0000] {logging_mixin.py:151} INFO - [2023-10-18T02:47:25.297+0000] {dag.py:2941} INFO - Sync 1 DAGs
[2023-10-18T02:47:25.311+0000] {logging_mixin.py:151} INFO - [2023-10-18T02:47:25.310+0000] {dag.py:3722} INFO - Setting next_dagrun for example_dynamic_task_mapping to 2022-03-04T00:00:00+00:00, run_after=2022-03-05T00:00:00+00:00
[2023-10-18T02:47:25.323+0000] {processor.py:179} INFO - Processing /home/airflow/.local/lib/python3.8/site-packages/airflow/example_dags/example_dynamic_task_mapping.py took 0.061 seconds
[2023-10-18T02:47:55.449+0000] {processor.py:157} INFO - Started process (PID=3544) to work on /home/airflow/.local/lib/python3.8/site-packages/airflow/example_dags/example_dynamic_task_mapping.py
[2023-10-18T02:47:55.450+0000] {processor.py:829} INFO - Processing file /home/airflow/.local/lib/python3.8/site-packages/airflow/example_dags/example_dynamic_task_mapping.py for tasks to queue
[2023-10-18T02:47:55.451+0000] {logging_mixin.py:151} INFO - [2023-10-18T02:47:55.450+0000] {dagbag.py:536} INFO - Filling up the DagBag from /home/airflow/.local/lib/python3.8/site-packages/airflow/example_dags/example_dynamic_task_mapping.py
[2023-10-18T02:47:55.458+0000] {processor.py:839} INFO - DAG(s) dict_keys(['example_dynamic_task_mapping']) retrieved from /home/airflow/.local/lib/python3.8/site-packages/airflow/example_dags/example_dynamic_task_mapping.py
[2023-10-18T02:47:55.478+0000] {logging_mixin.py:151} INFO - [2023-10-18T02:47:55.477+0000] {dag.py:2941} INFO - Sync 1 DAGs
[2023-10-18T02:47:55.491+0000] {logging_mixin.py:151} INFO - [2023-10-18T02:47:55.490+0000] {dag.py:3722} INFO - Setting next_dagrun for example_dynamic_task_mapping to 2022-03-04T00:00:00+00:00, run_after=2022-03-05T00:00:00+00:00
[2023-10-18T02:47:55.501+0000] {processor.py:179} INFO - Processing /home/airflow/.local/lib/python3.8/site-packages/airflow/example_dags/example_dynamic_task_mapping.py took 0.056 seconds
[2023-10-18T02:48:25.607+0000] {processor.py:157} INFO - Started process (PID=3782) to work on /home/airflow/.local/lib/python3.8/site-packages/airflow/example_dags/example_dynamic_task_mapping.py
[2023-10-18T02:48:25.608+0000] {processor.py:829} INFO - Processing file /home/airflow/.local/lib/python3.8/site-packages/airflow/example_dags/example_dynamic_task_mapping.py for tasks to queue
[2023-10-18T02:48:25.609+0000] {logging_mixin.py:151} INFO - [2023-10-18T02:48:25.608+0000] {dagbag.py:536} INFO - Filling up the DagBag from /home/airflow/.local/lib/python3.8/site-packages/airflow/example_dags/example_dynamic_task_mapping.py
[2023-10-18T02:48:25.614+0000] {processor.py:839} INFO - DAG(s) dict_keys(['example_dynamic_task_mapping']) retrieved from /home/airflow/.local/lib/python3.8/site-packages/airflow/example_dags/example_dynamic_task_mapping.py
[2023-10-18T02:48:25.631+0000] {logging_mixin.py:151} INFO - [2023-10-18T02:48:25.631+0000] {dag.py:2941} INFO - Sync 1 DAGs
[2023-10-18T02:48:25.645+0000] {logging_mixin.py:151} INFO - [2023-10-18T02:48:25.644+0000] {dag.py:3722} INFO - Setting next_dagrun for example_dynamic_task_mapping to 2022-03-04T00:00:00+00:00, run_after=2022-03-05T00:00:00+00:00
[2023-10-18T02:48:25.654+0000] {processor.py:179} INFO - Processing /home/airflow/.local/lib/python3.8/site-packages/airflow/example_dags/example_dynamic_task_mapping.py took 0.050 seconds
[2023-10-18T02:48:55.780+0000] {processor.py:157} INFO - Started process (PID=4020) to work on /home/airflow/.local/lib/python3.8/site-packages/airflow/example_dags/example_dynamic_task_mapping.py
[2023-10-18T02:48:55.781+0000] {processor.py:829} INFO - Processing file /home/airflow/.local/lib/python3.8/site-packages/airflow/example_dags/example_dynamic_task_mapping.py for tasks to queue
[2023-10-18T02:48:55.783+0000] {logging_mixin.py:151} INFO - [2023-10-18T02:48:55.782+0000] {dagbag.py:536} INFO - Filling up the DagBag from /home/airflow/.local/lib/python3.8/site-packages/airflow/example_dags/example_dynamic_task_mapping.py
[2023-10-18T02:48:55.792+0000] {processor.py:839} INFO - DAG(s) dict_keys(['example_dynamic_task_mapping']) retrieved from /home/airflow/.local/lib/python3.8/site-packages/airflow/example_dags/example_dynamic_task_mapping.py
[2023-10-18T02:48:55.813+0000] {logging_mixin.py:151} INFO - [2023-10-18T02:48:55.813+0000] {dag.py:2941} INFO - Sync 1 DAGs
[2023-10-18T02:48:55.827+0000] {logging_mixin.py:151} INFO - [2023-10-18T02:48:55.827+0000] {dag.py:3722} INFO - Setting next_dagrun for example_dynamic_task_mapping to 2022-03-04T00:00:00+00:00, run_after=2022-03-05T00:00:00+00:00
[2023-10-18T02:48:55.837+0000] {processor.py:179} INFO - Processing /home/airflow/.local/lib/python3.8/site-packages/airflow/example_dags/example_dynamic_task_mapping.py took 0.062 seconds
[2023-10-18T02:49:25.930+0000] {processor.py:157} INFO - Started process (PID=4258) to work on /home/airflow/.local/lib/python3.8/site-packages/airflow/example_dags/example_dynamic_task_mapping.py
[2023-10-18T02:49:25.931+0000] {processor.py:829} INFO - Processing file /home/airflow/.local/lib/python3.8/site-packages/airflow/example_dags/example_dynamic_task_mapping.py for tasks to queue
[2023-10-18T02:49:25.932+0000] {logging_mixin.py:151} INFO - [2023-10-18T02:49:25.932+0000] {dagbag.py:536} INFO - Filling up the DagBag from /home/airflow/.local/lib/python3.8/site-packages/airflow/example_dags/example_dynamic_task_mapping.py
[2023-10-18T02:49:25.941+0000] {processor.py:839} INFO - DAG(s) dict_keys(['example_dynamic_task_mapping']) retrieved from /home/airflow/.local/lib/python3.8/site-packages/airflow/example_dags/example_dynamic_task_mapping.py
[2023-10-18T02:49:25.960+0000] {logging_mixin.py:151} INFO - [2023-10-18T02:49:25.960+0000] {dag.py:2941} INFO - Sync 1 DAGs
[2023-10-18T02:49:25.973+0000] {logging_mixin.py:151} INFO - [2023-10-18T02:49:25.973+0000] {dag.py:3722} INFO - Setting next_dagrun for example_dynamic_task_mapping to 2022-03-04T00:00:00+00:00, run_after=2022-03-05T00:00:00+00:00
[2023-10-18T02:49:25.983+0000] {processor.py:179} INFO - Processing /home/airflow/.local/lib/python3.8/site-packages/airflow/example_dags/example_dynamic_task_mapping.py took 0.058 seconds
[2023-10-18T02:49:56.026+0000] {processor.py:157} INFO - Started process (PID=4496) to work on /home/airflow/.local/lib/python3.8/site-packages/airflow/example_dags/example_dynamic_task_mapping.py
[2023-10-18T02:49:56.027+0000] {processor.py:829} INFO - Processing file /home/airflow/.local/lib/python3.8/site-packages/airflow/example_dags/example_dynamic_task_mapping.py for tasks to queue
[2023-10-18T02:49:56.028+0000] {logging_mixin.py:151} INFO - [2023-10-18T02:49:56.027+0000] {dagbag.py:536} INFO - Filling up the DagBag from /home/airflow/.local/lib/python3.8/site-packages/airflow/example_dags/example_dynamic_task_mapping.py
[2023-10-18T02:49:56.035+0000] {processor.py:839} INFO - DAG(s) dict_keys(['example_dynamic_task_mapping']) retrieved from /home/airflow/.local/lib/python3.8/site-packages/airflow/example_dags/example_dynamic_task_mapping.py
[2023-10-18T02:49:56.056+0000] {logging_mixin.py:151} INFO - [2023-10-18T02:49:56.056+0000] {dag.py:2941} INFO - Sync 1 DAGs
[2023-10-18T02:49:56.068+0000] {logging_mixin.py:151} INFO - [2023-10-18T02:49:56.068+0000] {dag.py:3722} INFO - Setting next_dagrun for example_dynamic_task_mapping to 2022-03-04T00:00:00+00:00, run_after=2022-03-05T00:00:00+00:00
[2023-10-18T02:49:56.080+0000] {processor.py:179} INFO - Processing /home/airflow/.local/lib/python3.8/site-packages/airflow/example_dags/example_dynamic_task_mapping.py took 0.059 seconds
[2023-10-18T02:50:26.212+0000] {processor.py:157} INFO - Started process (PID=4735) to work on /home/airflow/.local/lib/python3.8/site-packages/airflow/example_dags/example_dynamic_task_mapping.py
[2023-10-18T02:50:26.213+0000] {processor.py:829} INFO - Processing file /home/airflow/.local/lib/python3.8/site-packages/airflow/example_dags/example_dynamic_task_mapping.py for tasks to queue
[2023-10-18T02:50:26.214+0000] {logging_mixin.py:151} INFO - [2023-10-18T02:50:26.214+0000] {dagbag.py:536} INFO - Filling up the DagBag from /home/airflow/.local/lib/python3.8/site-packages/airflow/example_dags/example_dynamic_task_mapping.py
[2023-10-18T02:50:26.223+0000] {processor.py:839} INFO - DAG(s) dict_keys(['example_dynamic_task_mapping']) retrieved from /home/airflow/.local/lib/python3.8/site-packages/airflow/example_dags/example_dynamic_task_mapping.py
[2023-10-18T02:50:26.244+0000] {logging_mixin.py:151} INFO - [2023-10-18T02:50:26.244+0000] {dag.py:2941} INFO - Sync 1 DAGs
[2023-10-18T02:50:26.257+0000] {logging_mixin.py:151} INFO - [2023-10-18T02:50:26.257+0000] {dag.py:3722} INFO - Setting next_dagrun for example_dynamic_task_mapping to 2022-03-04T00:00:00+00:00, run_after=2022-03-05T00:00:00+00:00
[2023-10-18T02:50:26.268+0000] {processor.py:179} INFO - Processing /home/airflow/.local/lib/python3.8/site-packages/airflow/example_dags/example_dynamic_task_mapping.py took 0.062 seconds
[2023-10-18T02:50:56.332+0000] {processor.py:157} INFO - Started process (PID=4973) to work on /home/airflow/.local/lib/python3.8/site-packages/airflow/example_dags/example_dynamic_task_mapping.py
[2023-10-18T02:50:56.333+0000] {processor.py:829} INFO - Processing file /home/airflow/.local/lib/python3.8/site-packages/airflow/example_dags/example_dynamic_task_mapping.py for tasks to queue
[2023-10-18T02:50:56.335+0000] {logging_mixin.py:151} INFO - [2023-10-18T02:50:56.334+0000] {dagbag.py:536} INFO - Filling up the DagBag from /home/airflow/.local/lib/python3.8/site-packages/airflow/example_dags/example_dynamic_task_mapping.py
[2023-10-18T02:50:56.344+0000] {processor.py:839} INFO - DAG(s) dict_keys(['example_dynamic_task_mapping']) retrieved from /home/airflow/.local/lib/python3.8/site-packages/airflow/example_dags/example_dynamic_task_mapping.py
[2023-10-18T02:50:56.367+0000] {logging_mixin.py:151} INFO - [2023-10-18T02:50:56.367+0000] {dag.py:2941} INFO - Sync 1 DAGs
[2023-10-18T02:50:56.381+0000] {logging_mixin.py:151} INFO - [2023-10-18T02:50:56.381+0000] {dag.py:3722} INFO - Setting next_dagrun for example_dynamic_task_mapping to 2022-03-04T00:00:00+00:00, run_after=2022-03-05T00:00:00+00:00
[2023-10-18T02:50:56.390+0000] {processor.py:179} INFO - Processing /home/airflow/.local/lib/python3.8/site-packages/airflow/example_dags/example_dynamic_task_mapping.py took 0.063 seconds
[2023-10-18T02:51:26.567+0000] {processor.py:157} INFO - Started process (PID=5211) to work on /home/airflow/.local/lib/python3.8/site-packages/airflow/example_dags/example_dynamic_task_mapping.py
[2023-10-18T02:51:26.569+0000] {processor.py:829} INFO - Processing file /home/airflow/.local/lib/python3.8/site-packages/airflow/example_dags/example_dynamic_task_mapping.py for tasks to queue
[2023-10-18T02:51:26.570+0000] {logging_mixin.py:151} INFO - [2023-10-18T02:51:26.570+0000] {dagbag.py:536} INFO - Filling up the DagBag from /home/airflow/.local/lib/python3.8/site-packages/airflow/example_dags/example_dynamic_task_mapping.py
[2023-10-18T02:51:26.580+0000] {processor.py:839} INFO - DAG(s) dict_keys(['example_dynamic_task_mapping']) retrieved from /home/airflow/.local/lib/python3.8/site-packages/airflow/example_dags/example_dynamic_task_mapping.py
[2023-10-18T02:51:26.601+0000] {logging_mixin.py:151} INFO - [2023-10-18T02:51:26.601+0000] {dag.py:2941} INFO - Sync 1 DAGs
[2023-10-18T02:51:26.614+0000] {logging_mixin.py:151} INFO - [2023-10-18T02:51:26.614+0000] {dag.py:3722} INFO - Setting next_dagrun for example_dynamic_task_mapping to 2022-03-04T00:00:00+00:00, run_after=2022-03-05T00:00:00+00:00
[2023-10-18T02:51:26.625+0000] {processor.py:179} INFO - Processing /home/airflow/.local/lib/python3.8/site-packages/airflow/example_dags/example_dynamic_task_mapping.py took 0.063 seconds
[2023-10-18T02:51:56.731+0000] {processor.py:157} INFO - Started process (PID=5448) to work on /home/airflow/.local/lib/python3.8/site-packages/airflow/example_dags/example_dynamic_task_mapping.py
[2023-10-18T02:51:56.732+0000] {processor.py:829} INFO - Processing file /home/airflow/.local/lib/python3.8/site-packages/airflow/example_dags/example_dynamic_task_mapping.py for tasks to queue
[2023-10-18T02:51:56.734+0000] {logging_mixin.py:151} INFO - [2023-10-18T02:51:56.733+0000] {dagbag.py:536} INFO - Filling up the DagBag from /home/airflow/.local/lib/python3.8/site-packages/airflow/example_dags/example_dynamic_task_mapping.py
[2023-10-18T02:51:56.744+0000] {processor.py:839} INFO - DAG(s) dict_keys(['example_dynamic_task_mapping']) retrieved from /home/airflow/.local/lib/python3.8/site-packages/airflow/example_dags/example_dynamic_task_mapping.py
[2023-10-18T02:51:56.765+0000] {logging_mixin.py:151} INFO - [2023-10-18T02:51:56.765+0000] {dag.py:2941} INFO - Sync 1 DAGs
[2023-10-18T02:51:56.779+0000] {logging_mixin.py:151} INFO - [2023-10-18T02:51:56.778+0000] {dag.py:3722} INFO - Setting next_dagrun for example_dynamic_task_mapping to 2022-03-04T00:00:00+00:00, run_after=2022-03-05T00:00:00+00:00
[2023-10-18T02:51:56.791+0000] {processor.py:179} INFO - Processing /home/airflow/.local/lib/python3.8/site-packages/airflow/example_dags/example_dynamic_task_mapping.py took 0.065 seconds
[2023-10-18T02:52:27.613+0000] {processor.py:157} INFO - Started process (PID=5685) to work on /home/airflow/.local/lib/python3.8/site-packages/airflow/example_dags/example_dynamic_task_mapping.py
[2023-10-18T02:52:27.614+0000] {processor.py:829} INFO - Processing file /home/airflow/.local/lib/python3.8/site-packages/airflow/example_dags/example_dynamic_task_mapping.py for tasks to queue
[2023-10-18T02:52:27.615+0000] {logging_mixin.py:151} INFO - [2023-10-18T02:52:27.614+0000] {dagbag.py:536} INFO - Filling up the DagBag from /home/airflow/.local/lib/python3.8/site-packages/airflow/example_dags/example_dynamic_task_mapping.py
[2023-10-18T02:52:27.621+0000] {processor.py:839} INFO - DAG(s) dict_keys(['example_dynamic_task_mapping']) retrieved from /home/airflow/.local/lib/python3.8/site-packages/airflow/example_dags/example_dynamic_task_mapping.py
[2023-10-18T02:52:27.642+0000] {logging_mixin.py:151} INFO - [2023-10-18T02:52:27.642+0000] {dag.py:2941} INFO - Sync 1 DAGs
[2023-10-18T02:52:27.658+0000] {logging_mixin.py:151} INFO - [2023-10-18T02:52:27.658+0000] {dag.py:3722} INFO - Setting next_dagrun for example_dynamic_task_mapping to 2022-03-04T00:00:00+00:00, run_after=2022-03-05T00:00:00+00:00
[2023-10-18T02:52:27.669+0000] {processor.py:179} INFO - Processing /home/airflow/.local/lib/python3.8/site-packages/airflow/example_dags/example_dynamic_task_mapping.py took 0.059 seconds
[2023-10-18T02:52:57.830+0000] {processor.py:157} INFO - Started process (PID=5923) to work on /home/airflow/.local/lib/python3.8/site-packages/airflow/example_dags/example_dynamic_task_mapping.py
[2023-10-18T02:52:57.832+0000] {processor.py:829} INFO - Processing file /home/airflow/.local/lib/python3.8/site-packages/airflow/example_dags/example_dynamic_task_mapping.py for tasks to queue
[2023-10-18T02:52:57.833+0000] {logging_mixin.py:151} INFO - [2023-10-18T02:52:57.832+0000] {dagbag.py:536} INFO - Filling up the DagBag from /home/airflow/.local/lib/python3.8/site-packages/airflow/example_dags/example_dynamic_task_mapping.py
[2023-10-18T02:52:57.842+0000] {processor.py:839} INFO - DAG(s) dict_keys(['example_dynamic_task_mapping']) retrieved from /home/airflow/.local/lib/python3.8/site-packages/airflow/example_dags/example_dynamic_task_mapping.py
[2023-10-18T02:52:57.863+0000] {logging_mixin.py:151} INFO - [2023-10-18T02:52:57.863+0000] {dag.py:2941} INFO - Sync 1 DAGs
[2023-10-18T02:52:57.877+0000] {logging_mixin.py:151} INFO - [2023-10-18T02:52:57.877+0000] {dag.py:3722} INFO - Setting next_dagrun for example_dynamic_task_mapping to 2022-03-04T00:00:00+00:00, run_after=2022-03-05T00:00:00+00:00
[2023-10-18T02:52:57.886+0000] {processor.py:179} INFO - Processing /home/airflow/.local/lib/python3.8/site-packages/airflow/example_dags/example_dynamic_task_mapping.py took 0.061 seconds
[2023-10-18T02:53:27.981+0000] {processor.py:157} INFO - Started process (PID=6161) to work on /home/airflow/.local/lib/python3.8/site-packages/airflow/example_dags/example_dynamic_task_mapping.py
[2023-10-18T02:53:27.981+0000] {processor.py:829} INFO - Processing file /home/airflow/.local/lib/python3.8/site-packages/airflow/example_dags/example_dynamic_task_mapping.py for tasks to queue
[2023-10-18T02:53:27.982+0000] {logging_mixin.py:151} INFO - [2023-10-18T02:53:27.982+0000] {dagbag.py:536} INFO - Filling up the DagBag from /home/airflow/.local/lib/python3.8/site-packages/airflow/example_dags/example_dynamic_task_mapping.py
[2023-10-18T02:53:27.989+0000] {processor.py:839} INFO - DAG(s) dict_keys(['example_dynamic_task_mapping']) retrieved from /home/airflow/.local/lib/python3.8/site-packages/airflow/example_dags/example_dynamic_task_mapping.py
[2023-10-18T02:53:28.009+0000] {logging_mixin.py:151} INFO - [2023-10-18T02:53:28.009+0000] {dag.py:2941} INFO - Sync 1 DAGs
[2023-10-18T02:53:28.025+0000] {logging_mixin.py:151} INFO - [2023-10-18T02:53:28.025+0000] {dag.py:3722} INFO - Setting next_dagrun for example_dynamic_task_mapping to 2022-03-04T00:00:00+00:00, run_after=2022-03-05T00:00:00+00:00
[2023-10-18T02:53:28.036+0000] {processor.py:179} INFO - Processing /home/airflow/.local/lib/python3.8/site-packages/airflow/example_dags/example_dynamic_task_mapping.py took 0.058 seconds
