[2023-10-18T02:40:51.480+0000] {processor.py:157} INFO - Started process (PID=283) to work on /home/airflow/.local/lib/python3.8/site-packages/airflow/example_dags/example_short_circuit_decorator.py
[2023-10-18T02:40:51.484+0000] {processor.py:829} INFO - Processing file /home/airflow/.local/lib/python3.8/site-packages/airflow/example_dags/example_short_circuit_decorator.py for tasks to queue
[2023-10-18T02:40:51.486+0000] {logging_mixin.py:151} INFO - [2023-10-18T02:40:51.486+0000] {dagbag.py:536} INFO - Filling up the DagBag from /home/airflow/.local/lib/python3.8/site-packages/airflow/example_dags/example_short_circuit_decorator.py
[2023-10-18T02:40:51.499+0000] {processor.py:839} INFO - DAG(s) dict_keys(['example_short_circuit_decorator']) retrieved from /home/airflow/.local/lib/python3.8/site-packages/airflow/example_dags/example_short_circuit_decorator.py
[2023-10-18T02:40:51.511+0000] {logging_mixin.py:151} INFO - [2023-10-18T02:40:51.511+0000] {dag.py:2941} INFO - Sync 1 DAGs
[2023-10-18T02:40:51.528+0000] {logging_mixin.py:151} INFO - [2023-10-18T02:40:51.528+0000] {dag.py:3722} INFO - Setting next_dagrun for example_short_circuit_decorator to 2023-10-17T02:40:51.527928+00:00, run_after=2023-10-18T02:40:51.527928+00:00
[2023-10-18T02:40:51.541+0000] {processor.py:179} INFO - Processing /home/airflow/.local/lib/python3.8/site-packages/airflow/example_dags/example_short_circuit_decorator.py took 0.063 seconds
[2023-10-18T02:41:22.003+0000] {processor.py:157} INFO - Started process (PID=521) to work on /home/airflow/.local/lib/python3.8/site-packages/airflow/example_dags/example_short_circuit_decorator.py
[2023-10-18T02:41:22.004+0000] {processor.py:829} INFO - Processing file /home/airflow/.local/lib/python3.8/site-packages/airflow/example_dags/example_short_circuit_decorator.py for tasks to queue
[2023-10-18T02:41:22.005+0000] {logging_mixin.py:151} INFO - [2023-10-18T02:41:22.004+0000] {dagbag.py:536} INFO - Filling up the DagBag from /home/airflow/.local/lib/python3.8/site-packages/airflow/example_dags/example_short_circuit_decorator.py
[2023-10-18T02:41:22.010+0000] {processor.py:839} INFO - DAG(s) dict_keys(['example_short_circuit_decorator']) retrieved from /home/airflow/.local/lib/python3.8/site-packages/airflow/example_dags/example_short_circuit_decorator.py
[2023-10-18T02:41:22.026+0000] {logging_mixin.py:151} INFO - [2023-10-18T02:41:22.026+0000] {dag.py:2941} INFO - Sync 1 DAGs
[2023-10-18T02:41:22.038+0000] {logging_mixin.py:151} INFO - [2023-10-18T02:41:22.038+0000] {dag.py:3722} INFO - Setting next_dagrun for example_short_circuit_decorator to 2023-10-17T02:41:22.037949+00:00, run_after=2023-10-18T02:41:22.037949+00:00
[2023-10-18T02:41:22.047+0000] {processor.py:179} INFO - Processing /home/airflow/.local/lib/python3.8/site-packages/airflow/example_dags/example_short_circuit_decorator.py took 0.046 seconds
[2023-10-18T02:41:52.273+0000] {processor.py:157} INFO - Started process (PID=759) to work on /home/airflow/.local/lib/python3.8/site-packages/airflow/example_dags/example_short_circuit_decorator.py
[2023-10-18T02:41:52.273+0000] {processor.py:829} INFO - Processing file /home/airflow/.local/lib/python3.8/site-packages/airflow/example_dags/example_short_circuit_decorator.py for tasks to queue
[2023-10-18T02:41:52.274+0000] {logging_mixin.py:151} INFO - [2023-10-18T02:41:52.274+0000] {dagbag.py:536} INFO - Filling up the DagBag from /home/airflow/.local/lib/python3.8/site-packages/airflow/example_dags/example_short_circuit_decorator.py
[2023-10-18T02:41:52.280+0000] {processor.py:839} INFO - DAG(s) dict_keys(['example_short_circuit_decorator']) retrieved from /home/airflow/.local/lib/python3.8/site-packages/airflow/example_dags/example_short_circuit_decorator.py
[2023-10-18T02:41:52.295+0000] {logging_mixin.py:151} INFO - [2023-10-18T02:41:52.295+0000] {dag.py:2941} INFO - Sync 1 DAGs
[2023-10-18T02:41:52.307+0000] {logging_mixin.py:151} INFO - [2023-10-18T02:41:52.307+0000] {dag.py:3722} INFO - Setting next_dagrun for example_short_circuit_decorator to 2023-10-17T02:41:52.307506+00:00, run_after=2023-10-18T02:41:52.307506+00:00
[2023-10-18T02:41:52.316+0000] {processor.py:179} INFO - Processing /home/airflow/.local/lib/python3.8/site-packages/airflow/example_dags/example_short_circuit_decorator.py took 0.045 seconds
[2023-10-18T02:42:22.376+0000] {processor.py:157} INFO - Started process (PID=995) to work on /home/airflow/.local/lib/python3.8/site-packages/airflow/example_dags/example_short_circuit_decorator.py
[2023-10-18T02:42:22.377+0000] {processor.py:829} INFO - Processing file /home/airflow/.local/lib/python3.8/site-packages/airflow/example_dags/example_short_circuit_decorator.py for tasks to queue
[2023-10-18T02:42:22.377+0000] {logging_mixin.py:151} INFO - [2023-10-18T02:42:22.377+0000] {dagbag.py:536} INFO - Filling up the DagBag from /home/airflow/.local/lib/python3.8/site-packages/airflow/example_dags/example_short_circuit_decorator.py
[2023-10-18T02:42:22.383+0000] {processor.py:839} INFO - DAG(s) dict_keys(['example_short_circuit_decorator']) retrieved from /home/airflow/.local/lib/python3.8/site-packages/airflow/example_dags/example_short_circuit_decorator.py
[2023-10-18T02:42:22.399+0000] {logging_mixin.py:151} INFO - [2023-10-18T02:42:22.399+0000] {dag.py:2941} INFO - Sync 1 DAGs
[2023-10-18T02:42:22.410+0000] {logging_mixin.py:151} INFO - [2023-10-18T02:42:22.410+0000] {dag.py:3722} INFO - Setting next_dagrun for example_short_circuit_decorator to 2023-10-17T02:42:22.410620+00:00, run_after=2023-10-18T02:42:22.410620+00:00
[2023-10-18T02:42:22.421+0000] {processor.py:179} INFO - Processing /home/airflow/.local/lib/python3.8/site-packages/airflow/example_dags/example_short_circuit_decorator.py took 0.047 seconds
[2023-10-18T02:42:53.233+0000] {processor.py:157} INFO - Started process (PID=1281) to work on /home/airflow/.local/lib/python3.8/site-packages/airflow/example_dags/example_short_circuit_decorator.py
[2023-10-18T02:42:53.233+0000] {processor.py:829} INFO - Processing file /home/airflow/.local/lib/python3.8/site-packages/airflow/example_dags/example_short_circuit_decorator.py for tasks to queue
[2023-10-18T02:42:53.234+0000] {logging_mixin.py:151} INFO - [2023-10-18T02:42:53.234+0000] {dagbag.py:536} INFO - Filling up the DagBag from /home/airflow/.local/lib/python3.8/site-packages/airflow/example_dags/example_short_circuit_decorator.py
[2023-10-18T02:42:53.240+0000] {processor.py:839} INFO - DAG(s) dict_keys(['example_short_circuit_decorator']) retrieved from /home/airflow/.local/lib/python3.8/site-packages/airflow/example_dags/example_short_circuit_decorator.py
[2023-10-18T02:42:53.258+0000] {logging_mixin.py:151} INFO - [2023-10-18T02:42:53.258+0000] {dag.py:2941} INFO - Sync 1 DAGs
[2023-10-18T02:42:53.270+0000] {logging_mixin.py:151} INFO - [2023-10-18T02:42:53.270+0000] {dag.py:3722} INFO - Setting next_dagrun for example_short_circuit_decorator to 2023-10-17T02:42:53.270609+00:00, run_after=2023-10-18T02:42:53.270609+00:00
[2023-10-18T02:42:53.280+0000] {processor.py:179} INFO - Processing /home/airflow/.local/lib/python3.8/site-packages/airflow/example_dags/example_short_circuit_decorator.py took 0.049 seconds
[2023-10-18T02:43:23.369+0000] {processor.py:157} INFO - Started process (PID=1521) to work on /home/airflow/.local/lib/python3.8/site-packages/airflow/example_dags/example_short_circuit_decorator.py
[2023-10-18T02:43:23.369+0000] {processor.py:829} INFO - Processing file /home/airflow/.local/lib/python3.8/site-packages/airflow/example_dags/example_short_circuit_decorator.py for tasks to queue
[2023-10-18T02:43:23.370+0000] {logging_mixin.py:151} INFO - [2023-10-18T02:43:23.370+0000] {dagbag.py:536} INFO - Filling up the DagBag from /home/airflow/.local/lib/python3.8/site-packages/airflow/example_dags/example_short_circuit_decorator.py
[2023-10-18T02:43:23.376+0000] {processor.py:839} INFO - DAG(s) dict_keys(['example_short_circuit_decorator']) retrieved from /home/airflow/.local/lib/python3.8/site-packages/airflow/example_dags/example_short_circuit_decorator.py
[2023-10-18T02:43:23.391+0000] {logging_mixin.py:151} INFO - [2023-10-18T02:43:23.391+0000] {dag.py:2941} INFO - Sync 1 DAGs
[2023-10-18T02:43:23.401+0000] {logging_mixin.py:151} INFO - [2023-10-18T02:43:23.401+0000] {dag.py:3722} INFO - Setting next_dagrun for example_short_circuit_decorator to 2023-10-17T02:43:23.401602+00:00, run_after=2023-10-18T02:43:23.401602+00:00
[2023-10-18T02:43:23.409+0000] {processor.py:179} INFO - Processing /home/airflow/.local/lib/python3.8/site-packages/airflow/example_dags/example_short_circuit_decorator.py took 0.042 seconds
[2023-10-18T02:43:53.563+0000] {processor.py:157} INFO - Started process (PID=1756) to work on /home/airflow/.local/lib/python3.8/site-packages/airflow/example_dags/example_short_circuit_decorator.py
[2023-10-18T02:43:53.564+0000] {processor.py:829} INFO - Processing file /home/airflow/.local/lib/python3.8/site-packages/airflow/example_dags/example_short_circuit_decorator.py for tasks to queue
[2023-10-18T02:43:53.564+0000] {logging_mixin.py:151} INFO - [2023-10-18T02:43:53.564+0000] {dagbag.py:536} INFO - Filling up the DagBag from /home/airflow/.local/lib/python3.8/site-packages/airflow/example_dags/example_short_circuit_decorator.py
[2023-10-18T02:43:53.570+0000] {processor.py:839} INFO - DAG(s) dict_keys(['example_short_circuit_decorator']) retrieved from /home/airflow/.local/lib/python3.8/site-packages/airflow/example_dags/example_short_circuit_decorator.py
[2023-10-18T02:43:53.586+0000] {logging_mixin.py:151} INFO - [2023-10-18T02:43:53.586+0000] {dag.py:2941} INFO - Sync 1 DAGs
[2023-10-18T02:43:53.598+0000] {logging_mixin.py:151} INFO - [2023-10-18T02:43:53.598+0000] {dag.py:3722} INFO - Setting next_dagrun for example_short_circuit_decorator to 2023-10-17T02:43:53.598143+00:00, run_after=2023-10-18T02:43:53.598143+00:00
[2023-10-18T02:43:53.608+0000] {processor.py:179} INFO - Processing /home/airflow/.local/lib/python3.8/site-packages/airflow/example_dags/example_short_circuit_decorator.py took 0.047 seconds
[2023-10-18T02:44:24.447+0000] {processor.py:157} INFO - Started process (PID=1995) to work on /home/airflow/.local/lib/python3.8/site-packages/airflow/example_dags/example_short_circuit_decorator.py
[2023-10-18T02:44:24.447+0000] {processor.py:829} INFO - Processing file /home/airflow/.local/lib/python3.8/site-packages/airflow/example_dags/example_short_circuit_decorator.py for tasks to queue
[2023-10-18T02:44:24.448+0000] {logging_mixin.py:151} INFO - [2023-10-18T02:44:24.448+0000] {dagbag.py:536} INFO - Filling up the DagBag from /home/airflow/.local/lib/python3.8/site-packages/airflow/example_dags/example_short_circuit_decorator.py
[2023-10-18T02:44:24.453+0000] {processor.py:839} INFO - DAG(s) dict_keys(['example_short_circuit_decorator']) retrieved from /home/airflow/.local/lib/python3.8/site-packages/airflow/example_dags/example_short_circuit_decorator.py
[2023-10-18T02:44:24.468+0000] {logging_mixin.py:151} INFO - [2023-10-18T02:44:24.468+0000] {dag.py:2941} INFO - Sync 1 DAGs
[2023-10-18T02:44:24.479+0000] {logging_mixin.py:151} INFO - [2023-10-18T02:44:24.479+0000] {dag.py:3722} INFO - Setting next_dagrun for example_short_circuit_decorator to 2023-10-17T02:44:24.479240+00:00, run_after=2023-10-18T02:44:24.479240+00:00
[2023-10-18T02:44:24.488+0000] {processor.py:179} INFO - Processing /home/airflow/.local/lib/python3.8/site-packages/airflow/example_dags/example_short_circuit_decorator.py took 0.043 seconds
[2023-10-18T02:44:54.602+0000] {processor.py:157} INFO - Started process (PID=2236) to work on /home/airflow/.local/lib/python3.8/site-packages/airflow/example_dags/example_short_circuit_decorator.py
[2023-10-18T02:44:54.602+0000] {processor.py:829} INFO - Processing file /home/airflow/.local/lib/python3.8/site-packages/airflow/example_dags/example_short_circuit_decorator.py for tasks to queue
[2023-10-18T02:44:54.603+0000] {logging_mixin.py:151} INFO - [2023-10-18T02:44:54.603+0000] {dagbag.py:536} INFO - Filling up the DagBag from /home/airflow/.local/lib/python3.8/site-packages/airflow/example_dags/example_short_circuit_decorator.py
[2023-10-18T02:44:54.609+0000] {processor.py:839} INFO - DAG(s) dict_keys(['example_short_circuit_decorator']) retrieved from /home/airflow/.local/lib/python3.8/site-packages/airflow/example_dags/example_short_circuit_decorator.py
[2023-10-18T02:44:54.624+0000] {logging_mixin.py:151} INFO - [2023-10-18T02:44:54.624+0000] {dag.py:2941} INFO - Sync 1 DAGs
[2023-10-18T02:44:54.635+0000] {logging_mixin.py:151} INFO - [2023-10-18T02:44:54.635+0000] {dag.py:3722} INFO - Setting next_dagrun for example_short_circuit_decorator to 2023-10-17T02:44:54.634987+00:00, run_after=2023-10-18T02:44:54.634987+00:00
[2023-10-18T02:44:54.643+0000] {processor.py:179} INFO - Processing /home/airflow/.local/lib/python3.8/site-packages/airflow/example_dags/example_short_circuit_decorator.py took 0.044 seconds
[2023-10-18T02:45:24.836+0000] {processor.py:157} INFO - Started process (PID=2472) to work on /home/airflow/.local/lib/python3.8/site-packages/airflow/example_dags/example_short_circuit_decorator.py
[2023-10-18T02:45:24.837+0000] {processor.py:829} INFO - Processing file /home/airflow/.local/lib/python3.8/site-packages/airflow/example_dags/example_short_circuit_decorator.py for tasks to queue
[2023-10-18T02:45:24.838+0000] {logging_mixin.py:151} INFO - [2023-10-18T02:45:24.837+0000] {dagbag.py:536} INFO - Filling up the DagBag from /home/airflow/.local/lib/python3.8/site-packages/airflow/example_dags/example_short_circuit_decorator.py
[2023-10-18T02:45:24.844+0000] {processor.py:839} INFO - DAG(s) dict_keys(['example_short_circuit_decorator']) retrieved from /home/airflow/.local/lib/python3.8/site-packages/airflow/example_dags/example_short_circuit_decorator.py
[2023-10-18T02:45:24.859+0000] {logging_mixin.py:151} INFO - [2023-10-18T02:45:24.859+0000] {dag.py:2941} INFO - Sync 1 DAGs
[2023-10-18T02:45:24.871+0000] {logging_mixin.py:151} INFO - [2023-10-18T02:45:24.871+0000] {dag.py:3722} INFO - Setting next_dagrun for example_short_circuit_decorator to 2023-10-17T02:45:24.870965+00:00, run_after=2023-10-18T02:45:24.870965+00:00
[2023-10-18T02:45:24.881+0000] {processor.py:179} INFO - Processing /home/airflow/.local/lib/python3.8/site-packages/airflow/example_dags/example_short_circuit_decorator.py took 0.048 seconds
[2023-10-18T02:45:54.940+0000] {processor.py:157} INFO - Started process (PID=2710) to work on /home/airflow/.local/lib/python3.8/site-packages/airflow/example_dags/example_short_circuit_decorator.py
[2023-10-18T02:45:54.941+0000] {processor.py:829} INFO - Processing file /home/airflow/.local/lib/python3.8/site-packages/airflow/example_dags/example_short_circuit_decorator.py for tasks to queue
[2023-10-18T02:45:54.942+0000] {logging_mixin.py:151} INFO - [2023-10-18T02:45:54.941+0000] {dagbag.py:536} INFO - Filling up the DagBag from /home/airflow/.local/lib/python3.8/site-packages/airflow/example_dags/example_short_circuit_decorator.py
[2023-10-18T02:45:54.950+0000] {processor.py:839} INFO - DAG(s) dict_keys(['example_short_circuit_decorator']) retrieved from /home/airflow/.local/lib/python3.8/site-packages/airflow/example_dags/example_short_circuit_decorator.py
[2023-10-18T02:45:54.965+0000] {logging_mixin.py:151} INFO - [2023-10-18T02:45:54.965+0000] {dag.py:2941} INFO - Sync 1 DAGs
[2023-10-18T02:45:54.977+0000] {logging_mixin.py:151} INFO - [2023-10-18T02:45:54.977+0000] {dag.py:3722} INFO - Setting next_dagrun for example_short_circuit_decorator to 2023-10-17T02:45:54.977209+00:00, run_after=2023-10-18T02:45:54.977209+00:00
[2023-10-18T02:45:54.986+0000] {processor.py:179} INFO - Processing /home/airflow/.local/lib/python3.8/site-packages/airflow/example_dags/example_short_circuit_decorator.py took 0.048 seconds
[2023-10-18T02:46:26.001+0000] {processor.py:157} INFO - Started process (PID=2948) to work on /home/airflow/.local/lib/python3.8/site-packages/airflow/example_dags/example_short_circuit_decorator.py
[2023-10-18T02:46:26.002+0000] {processor.py:829} INFO - Processing file /home/airflow/.local/lib/python3.8/site-packages/airflow/example_dags/example_short_circuit_decorator.py for tasks to queue
[2023-10-18T02:46:26.003+0000] {logging_mixin.py:151} INFO - [2023-10-18T02:46:26.002+0000] {dagbag.py:536} INFO - Filling up the DagBag from /home/airflow/.local/lib/python3.8/site-packages/airflow/example_dags/example_short_circuit_decorator.py
[2023-10-18T02:46:26.010+0000] {processor.py:839} INFO - DAG(s) dict_keys(['example_short_circuit_decorator']) retrieved from /home/airflow/.local/lib/python3.8/site-packages/airflow/example_dags/example_short_circuit_decorator.py
[2023-10-18T02:46:26.037+0000] {logging_mixin.py:151} INFO - [2023-10-18T02:46:26.037+0000] {dag.py:2941} INFO - Sync 1 DAGs
[2023-10-18T02:46:26.049+0000] {logging_mixin.py:151} INFO - [2023-10-18T02:46:26.049+0000] {dag.py:3722} INFO - Setting next_dagrun for example_short_circuit_decorator to 2023-10-17T02:46:26.048920+00:00, run_after=2023-10-18T02:46:26.048920+00:00
[2023-10-18T02:46:26.067+0000] {processor.py:179} INFO - Processing /home/airflow/.local/lib/python3.8/site-packages/airflow/example_dags/example_short_circuit_decorator.py took 0.069 seconds
[2023-10-18T02:46:56.175+0000] {processor.py:157} INFO - Started process (PID=3186) to work on /home/airflow/.local/lib/python3.8/site-packages/airflow/example_dags/example_short_circuit_decorator.py
[2023-10-18T02:46:56.176+0000] {processor.py:829} INFO - Processing file /home/airflow/.local/lib/python3.8/site-packages/airflow/example_dags/example_short_circuit_decorator.py for tasks to queue
[2023-10-18T02:46:56.176+0000] {logging_mixin.py:151} INFO - [2023-10-18T02:46:56.176+0000] {dagbag.py:536} INFO - Filling up the DagBag from /home/airflow/.local/lib/python3.8/site-packages/airflow/example_dags/example_short_circuit_decorator.py
[2023-10-18T02:46:56.182+0000] {processor.py:839} INFO - DAG(s) dict_keys(['example_short_circuit_decorator']) retrieved from /home/airflow/.local/lib/python3.8/site-packages/airflow/example_dags/example_short_circuit_decorator.py
[2023-10-18T02:46:56.198+0000] {logging_mixin.py:151} INFO - [2023-10-18T02:46:56.198+0000] {dag.py:2941} INFO - Sync 1 DAGs
[2023-10-18T02:46:56.211+0000] {logging_mixin.py:151} INFO - [2023-10-18T02:46:56.211+0000] {dag.py:3722} INFO - Setting next_dagrun for example_short_circuit_decorator to 2023-10-17T02:46:56.210842+00:00, run_after=2023-10-18T02:46:56.210842+00:00
[2023-10-18T02:46:56.221+0000] {processor.py:179} INFO - Processing /home/airflow/.local/lib/python3.8/site-packages/airflow/example_dags/example_short_circuit_decorator.py took 0.048 seconds
[2023-10-18T02:47:27.181+0000] {processor.py:157} INFO - Started process (PID=3424) to work on /home/airflow/.local/lib/python3.8/site-packages/airflow/example_dags/example_short_circuit_decorator.py
[2023-10-18T02:47:27.181+0000] {processor.py:829} INFO - Processing file /home/airflow/.local/lib/python3.8/site-packages/airflow/example_dags/example_short_circuit_decorator.py for tasks to queue
[2023-10-18T02:47:27.182+0000] {logging_mixin.py:151} INFO - [2023-10-18T02:47:27.181+0000] {dagbag.py:536} INFO - Filling up the DagBag from /home/airflow/.local/lib/python3.8/site-packages/airflow/example_dags/example_short_circuit_decorator.py
[2023-10-18T02:47:27.187+0000] {processor.py:839} INFO - DAG(s) dict_keys(['example_short_circuit_decorator']) retrieved from /home/airflow/.local/lib/python3.8/site-packages/airflow/example_dags/example_short_circuit_decorator.py
[2023-10-18T02:47:27.203+0000] {logging_mixin.py:151} INFO - [2023-10-18T02:47:27.203+0000] {dag.py:2941} INFO - Sync 1 DAGs
[2023-10-18T02:47:27.214+0000] {logging_mixin.py:151} INFO - [2023-10-18T02:47:27.214+0000] {dag.py:3722} INFO - Setting next_dagrun for example_short_circuit_decorator to 2023-10-17T02:47:27.214130+00:00, run_after=2023-10-18T02:47:27.214130+00:00
[2023-10-18T02:47:27.223+0000] {processor.py:179} INFO - Processing /home/airflow/.local/lib/python3.8/site-packages/airflow/example_dags/example_short_circuit_decorator.py took 0.045 seconds
[2023-10-18T02:47:57.341+0000] {processor.py:157} INFO - Started process (PID=3662) to work on /home/airflow/.local/lib/python3.8/site-packages/airflow/example_dags/example_short_circuit_decorator.py
[2023-10-18T02:47:57.342+0000] {processor.py:829} INFO - Processing file /home/airflow/.local/lib/python3.8/site-packages/airflow/example_dags/example_short_circuit_decorator.py for tasks to queue
[2023-10-18T02:47:57.343+0000] {logging_mixin.py:151} INFO - [2023-10-18T02:47:57.343+0000] {dagbag.py:536} INFO - Filling up the DagBag from /home/airflow/.local/lib/python3.8/site-packages/airflow/example_dags/example_short_circuit_decorator.py
[2023-10-18T02:47:57.349+0000] {processor.py:839} INFO - DAG(s) dict_keys(['example_short_circuit_decorator']) retrieved from /home/airflow/.local/lib/python3.8/site-packages/airflow/example_dags/example_short_circuit_decorator.py
[2023-10-18T02:47:57.367+0000] {logging_mixin.py:151} INFO - [2023-10-18T02:47:57.367+0000] {dag.py:2941} INFO - Sync 1 DAGs
[2023-10-18T02:47:57.379+0000] {logging_mixin.py:151} INFO - [2023-10-18T02:47:57.379+0000] {dag.py:3722} INFO - Setting next_dagrun for example_short_circuit_decorator to 2023-10-17T02:47:57.379183+00:00, run_after=2023-10-18T02:47:57.379183+00:00
[2023-10-18T02:47:57.389+0000] {processor.py:179} INFO - Processing /home/airflow/.local/lib/python3.8/site-packages/airflow/example_dags/example_short_circuit_decorator.py took 0.049 seconds
[2023-10-18T02:48:27.445+0000] {processor.py:157} INFO - Started process (PID=3900) to work on /home/airflow/.local/lib/python3.8/site-packages/airflow/example_dags/example_short_circuit_decorator.py
[2023-10-18T02:48:27.445+0000] {processor.py:829} INFO - Processing file /home/airflow/.local/lib/python3.8/site-packages/airflow/example_dags/example_short_circuit_decorator.py for tasks to queue
[2023-10-18T02:48:27.446+0000] {logging_mixin.py:151} INFO - [2023-10-18T02:48:27.446+0000] {dagbag.py:536} INFO - Filling up the DagBag from /home/airflow/.local/lib/python3.8/site-packages/airflow/example_dags/example_short_circuit_decorator.py
[2023-10-18T02:48:27.451+0000] {processor.py:839} INFO - DAG(s) dict_keys(['example_short_circuit_decorator']) retrieved from /home/airflow/.local/lib/python3.8/site-packages/airflow/example_dags/example_short_circuit_decorator.py
[2023-10-18T02:48:27.466+0000] {logging_mixin.py:151} INFO - [2023-10-18T02:48:27.466+0000] {dag.py:2941} INFO - Sync 1 DAGs
[2023-10-18T02:48:27.476+0000] {logging_mixin.py:151} INFO - [2023-10-18T02:48:27.476+0000] {dag.py:3722} INFO - Setting next_dagrun for example_short_circuit_decorator to 2023-10-17T02:48:27.476638+00:00, run_after=2023-10-18T02:48:27.476638+00:00
[2023-10-18T02:48:27.485+0000] {processor.py:179} INFO - Processing /home/airflow/.local/lib/python3.8/site-packages/airflow/example_dags/example_short_circuit_decorator.py took 0.042 seconds
[2023-10-18T02:48:57.586+0000] {processor.py:157} INFO - Started process (PID=4138) to work on /home/airflow/.local/lib/python3.8/site-packages/airflow/example_dags/example_short_circuit_decorator.py
[2023-10-18T02:48:57.587+0000] {processor.py:829} INFO - Processing file /home/airflow/.local/lib/python3.8/site-packages/airflow/example_dags/example_short_circuit_decorator.py for tasks to queue
[2023-10-18T02:48:57.587+0000] {logging_mixin.py:151} INFO - [2023-10-18T02:48:57.587+0000] {dagbag.py:536} INFO - Filling up the DagBag from /home/airflow/.local/lib/python3.8/site-packages/airflow/example_dags/example_short_circuit_decorator.py
[2023-10-18T02:48:57.593+0000] {processor.py:839} INFO - DAG(s) dict_keys(['example_short_circuit_decorator']) retrieved from /home/airflow/.local/lib/python3.8/site-packages/airflow/example_dags/example_short_circuit_decorator.py
[2023-10-18T02:48:57.608+0000] {logging_mixin.py:151} INFO - [2023-10-18T02:48:57.608+0000] {dag.py:2941} INFO - Sync 1 DAGs
[2023-10-18T02:48:57.620+0000] {logging_mixin.py:151} INFO - [2023-10-18T02:48:57.620+0000] {dag.py:3722} INFO - Setting next_dagrun for example_short_circuit_decorator to 2023-10-17T02:48:57.619970+00:00, run_after=2023-10-18T02:48:57.619970+00:00
[2023-10-18T02:48:57.628+0000] {processor.py:179} INFO - Processing /home/airflow/.local/lib/python3.8/site-packages/airflow/example_dags/example_short_circuit_decorator.py took 0.045 seconds
[2023-10-18T02:49:27.795+0000] {processor.py:157} INFO - Started process (PID=4376) to work on /home/airflow/.local/lib/python3.8/site-packages/airflow/example_dags/example_short_circuit_decorator.py
[2023-10-18T02:49:27.795+0000] {processor.py:829} INFO - Processing file /home/airflow/.local/lib/python3.8/site-packages/airflow/example_dags/example_short_circuit_decorator.py for tasks to queue
[2023-10-18T02:49:27.796+0000] {logging_mixin.py:151} INFO - [2023-10-18T02:49:27.796+0000] {dagbag.py:536} INFO - Filling up the DagBag from /home/airflow/.local/lib/python3.8/site-packages/airflow/example_dags/example_short_circuit_decorator.py
[2023-10-18T02:49:27.802+0000] {processor.py:839} INFO - DAG(s) dict_keys(['example_short_circuit_decorator']) retrieved from /home/airflow/.local/lib/python3.8/site-packages/airflow/example_dags/example_short_circuit_decorator.py
[2023-10-18T02:49:27.818+0000] {logging_mixin.py:151} INFO - [2023-10-18T02:49:27.818+0000] {dag.py:2941} INFO - Sync 1 DAGs
[2023-10-18T02:49:27.830+0000] {logging_mixin.py:151} INFO - [2023-10-18T02:49:27.830+0000] {dag.py:3722} INFO - Setting next_dagrun for example_short_circuit_decorator to 2023-10-17T02:49:27.829979+00:00, run_after=2023-10-18T02:49:27.829979+00:00
[2023-10-18T02:49:27.840+0000] {processor.py:179} INFO - Processing /home/airflow/.local/lib/python3.8/site-packages/airflow/example_dags/example_short_circuit_decorator.py took 0.047 seconds
[2023-10-18T02:49:57.911+0000] {processor.py:157} INFO - Started process (PID=4614) to work on /home/airflow/.local/lib/python3.8/site-packages/airflow/example_dags/example_short_circuit_decorator.py
[2023-10-18T02:49:57.911+0000] {processor.py:829} INFO - Processing file /home/airflow/.local/lib/python3.8/site-packages/airflow/example_dags/example_short_circuit_decorator.py for tasks to queue
[2023-10-18T02:49:57.912+0000] {logging_mixin.py:151} INFO - [2023-10-18T02:49:57.912+0000] {dagbag.py:536} INFO - Filling up the DagBag from /home/airflow/.local/lib/python3.8/site-packages/airflow/example_dags/example_short_circuit_decorator.py
[2023-10-18T02:49:57.917+0000] {processor.py:839} INFO - DAG(s) dict_keys(['example_short_circuit_decorator']) retrieved from /home/airflow/.local/lib/python3.8/site-packages/airflow/example_dags/example_short_circuit_decorator.py
[2023-10-18T02:49:57.932+0000] {logging_mixin.py:151} INFO - [2023-10-18T02:49:57.932+0000] {dag.py:2941} INFO - Sync 1 DAGs
[2023-10-18T02:49:57.943+0000] {logging_mixin.py:151} INFO - [2023-10-18T02:49:57.943+0000] {dag.py:3722} INFO - Setting next_dagrun for example_short_circuit_decorator to 2023-10-17T02:49:57.943291+00:00, run_after=2023-10-18T02:49:57.943291+00:00
[2023-10-18T02:49:57.952+0000] {processor.py:179} INFO - Processing /home/airflow/.local/lib/python3.8/site-packages/airflow/example_dags/example_short_circuit_decorator.py took 0.043 seconds
[2023-10-18T02:50:28.035+0000] {processor.py:157} INFO - Started process (PID=4853) to work on /home/airflow/.local/lib/python3.8/site-packages/airflow/example_dags/example_short_circuit_decorator.py
[2023-10-18T02:50:28.035+0000] {processor.py:829} INFO - Processing file /home/airflow/.local/lib/python3.8/site-packages/airflow/example_dags/example_short_circuit_decorator.py for tasks to queue
[2023-10-18T02:50:28.036+0000] {logging_mixin.py:151} INFO - [2023-10-18T02:50:28.036+0000] {dagbag.py:536} INFO - Filling up the DagBag from /home/airflow/.local/lib/python3.8/site-packages/airflow/example_dags/example_short_circuit_decorator.py
[2023-10-18T02:50:28.042+0000] {processor.py:839} INFO - DAG(s) dict_keys(['example_short_circuit_decorator']) retrieved from /home/airflow/.local/lib/python3.8/site-packages/airflow/example_dags/example_short_circuit_decorator.py
[2023-10-18T02:50:28.063+0000] {logging_mixin.py:151} INFO - [2023-10-18T02:50:28.063+0000] {dag.py:2941} INFO - Sync 1 DAGs
[2023-10-18T02:50:28.076+0000] {logging_mixin.py:151} INFO - [2023-10-18T02:50:28.076+0000] {dag.py:3722} INFO - Setting next_dagrun for example_short_circuit_decorator to 2023-10-17T02:50:28.076479+00:00, run_after=2023-10-18T02:50:28.076479+00:00
[2023-10-18T02:50:28.086+0000] {processor.py:179} INFO - Processing /home/airflow/.local/lib/python3.8/site-packages/airflow/example_dags/example_short_circuit_decorator.py took 0.054 seconds
[2023-10-18T02:50:58.185+0000] {processor.py:157} INFO - Started process (PID=5091) to work on /home/airflow/.local/lib/python3.8/site-packages/airflow/example_dags/example_short_circuit_decorator.py
[2023-10-18T02:50:58.185+0000] {processor.py:829} INFO - Processing file /home/airflow/.local/lib/python3.8/site-packages/airflow/example_dags/example_short_circuit_decorator.py for tasks to queue
[2023-10-18T02:50:58.186+0000] {logging_mixin.py:151} INFO - [2023-10-18T02:50:58.186+0000] {dagbag.py:536} INFO - Filling up the DagBag from /home/airflow/.local/lib/python3.8/site-packages/airflow/example_dags/example_short_circuit_decorator.py
[2023-10-18T02:50:58.192+0000] {processor.py:839} INFO - DAG(s) dict_keys(['example_short_circuit_decorator']) retrieved from /home/airflow/.local/lib/python3.8/site-packages/airflow/example_dags/example_short_circuit_decorator.py
[2023-10-18T02:50:58.209+0000] {logging_mixin.py:151} INFO - [2023-10-18T02:50:58.209+0000] {dag.py:2941} INFO - Sync 1 DAGs
[2023-10-18T02:50:58.221+0000] {logging_mixin.py:151} INFO - [2023-10-18T02:50:58.221+0000] {dag.py:3722} INFO - Setting next_dagrun for example_short_circuit_decorator to 2023-10-17T02:50:58.221239+00:00, run_after=2023-10-18T02:50:58.221239+00:00
[2023-10-18T02:50:58.231+0000] {processor.py:179} INFO - Processing /home/airflow/.local/lib/python3.8/site-packages/airflow/example_dags/example_short_circuit_decorator.py took 0.048 seconds
[2023-10-18T02:51:28.356+0000] {processor.py:157} INFO - Started process (PID=5329) to work on /home/airflow/.local/lib/python3.8/site-packages/airflow/example_dags/example_short_circuit_decorator.py
[2023-10-18T02:51:28.356+0000] {processor.py:829} INFO - Processing file /home/airflow/.local/lib/python3.8/site-packages/airflow/example_dags/example_short_circuit_decorator.py for tasks to queue
[2023-10-18T02:51:28.357+0000] {logging_mixin.py:151} INFO - [2023-10-18T02:51:28.357+0000] {dagbag.py:536} INFO - Filling up the DagBag from /home/airflow/.local/lib/python3.8/site-packages/airflow/example_dags/example_short_circuit_decorator.py
[2023-10-18T02:51:28.362+0000] {processor.py:839} INFO - DAG(s) dict_keys(['example_short_circuit_decorator']) retrieved from /home/airflow/.local/lib/python3.8/site-packages/airflow/example_dags/example_short_circuit_decorator.py
[2023-10-18T02:51:28.377+0000] {logging_mixin.py:151} INFO - [2023-10-18T02:51:28.377+0000] {dag.py:2941} INFO - Sync 1 DAGs
[2023-10-18T02:51:28.388+0000] {logging_mixin.py:151} INFO - [2023-10-18T02:51:28.388+0000] {dag.py:3722} INFO - Setting next_dagrun for example_short_circuit_decorator to 2023-10-17T02:51:28.387920+00:00, run_after=2023-10-18T02:51:28.387920+00:00
[2023-10-18T02:51:28.396+0000] {processor.py:179} INFO - Processing /home/airflow/.local/lib/python3.8/site-packages/airflow/example_dags/example_short_circuit_decorator.py took 0.043 seconds
[2023-10-18T02:51:58.508+0000] {processor.py:157} INFO - Started process (PID=5566) to work on /home/airflow/.local/lib/python3.8/site-packages/airflow/example_dags/example_short_circuit_decorator.py
[2023-10-18T02:51:58.508+0000] {processor.py:829} INFO - Processing file /home/airflow/.local/lib/python3.8/site-packages/airflow/example_dags/example_short_circuit_decorator.py for tasks to queue
[2023-10-18T02:51:58.509+0000] {logging_mixin.py:151} INFO - [2023-10-18T02:51:58.509+0000] {dagbag.py:536} INFO - Filling up the DagBag from /home/airflow/.local/lib/python3.8/site-packages/airflow/example_dags/example_short_circuit_decorator.py
[2023-10-18T02:51:58.514+0000] {processor.py:839} INFO - DAG(s) dict_keys(['example_short_circuit_decorator']) retrieved from /home/airflow/.local/lib/python3.8/site-packages/airflow/example_dags/example_short_circuit_decorator.py
[2023-10-18T02:51:58.531+0000] {logging_mixin.py:151} INFO - [2023-10-18T02:51:58.531+0000] {dag.py:2941} INFO - Sync 1 DAGs
[2023-10-18T02:51:58.544+0000] {logging_mixin.py:151} INFO - [2023-10-18T02:51:58.544+0000] {dag.py:3722} INFO - Setting next_dagrun for example_short_circuit_decorator to 2023-10-17T02:51:58.544686+00:00, run_after=2023-10-18T02:51:58.544686+00:00
[2023-10-18T02:51:58.554+0000] {processor.py:179} INFO - Processing /home/airflow/.local/lib/python3.8/site-packages/airflow/example_dags/example_short_circuit_decorator.py took 0.048 seconds
[2023-10-18T02:52:29.486+0000] {processor.py:157} INFO - Started process (PID=5805) to work on /home/airflow/.local/lib/python3.8/site-packages/airflow/example_dags/example_short_circuit_decorator.py
[2023-10-18T02:52:29.486+0000] {processor.py:829} INFO - Processing file /home/airflow/.local/lib/python3.8/site-packages/airflow/example_dags/example_short_circuit_decorator.py for tasks to queue
[2023-10-18T02:52:29.487+0000] {logging_mixin.py:151} INFO - [2023-10-18T02:52:29.487+0000] {dagbag.py:536} INFO - Filling up the DagBag from /home/airflow/.local/lib/python3.8/site-packages/airflow/example_dags/example_short_circuit_decorator.py
[2023-10-18T02:52:29.493+0000] {processor.py:839} INFO - DAG(s) dict_keys(['example_short_circuit_decorator']) retrieved from /home/airflow/.local/lib/python3.8/site-packages/airflow/example_dags/example_short_circuit_decorator.py
[2023-10-18T02:52:29.510+0000] {logging_mixin.py:151} INFO - [2023-10-18T02:52:29.510+0000] {dag.py:2941} INFO - Sync 1 DAGs
[2023-10-18T02:52:29.523+0000] {logging_mixin.py:151} INFO - [2023-10-18T02:52:29.523+0000] {dag.py:3722} INFO - Setting next_dagrun for example_short_circuit_decorator to 2023-10-17T02:52:29.523437+00:00, run_after=2023-10-18T02:52:29.523437+00:00
[2023-10-18T02:52:29.532+0000] {processor.py:179} INFO - Processing /home/airflow/.local/lib/python3.8/site-packages/airflow/example_dags/example_short_circuit_decorator.py took 0.048 seconds
[2023-10-18T02:52:59.644+0000] {processor.py:157} INFO - Started process (PID=6041) to work on /home/airflow/.local/lib/python3.8/site-packages/airflow/example_dags/example_short_circuit_decorator.py
[2023-10-18T02:52:59.645+0000] {processor.py:829} INFO - Processing file /home/airflow/.local/lib/python3.8/site-packages/airflow/example_dags/example_short_circuit_decorator.py for tasks to queue
[2023-10-18T02:52:59.645+0000] {logging_mixin.py:151} INFO - [2023-10-18T02:52:59.645+0000] {dagbag.py:536} INFO - Filling up the DagBag from /home/airflow/.local/lib/python3.8/site-packages/airflow/example_dags/example_short_circuit_decorator.py
[2023-10-18T02:52:59.651+0000] {processor.py:839} INFO - DAG(s) dict_keys(['example_short_circuit_decorator']) retrieved from /home/airflow/.local/lib/python3.8/site-packages/airflow/example_dags/example_short_circuit_decorator.py
[2023-10-18T02:52:59.667+0000] {logging_mixin.py:151} INFO - [2023-10-18T02:52:59.666+0000] {dag.py:2941} INFO - Sync 1 DAGs
[2023-10-18T02:52:59.681+0000] {logging_mixin.py:151} INFO - [2023-10-18T02:52:59.681+0000] {dag.py:3722} INFO - Setting next_dagrun for example_short_circuit_decorator to 2023-10-17T02:52:59.681101+00:00, run_after=2023-10-18T02:52:59.681101+00:00
[2023-10-18T02:52:59.693+0000] {processor.py:179} INFO - Processing /home/airflow/.local/lib/python3.8/site-packages/airflow/example_dags/example_short_circuit_decorator.py took 0.052 seconds
[2023-10-18T02:53:29.784+0000] {processor.py:157} INFO - Started process (PID=6279) to work on /home/airflow/.local/lib/python3.8/site-packages/airflow/example_dags/example_short_circuit_decorator.py
[2023-10-18T02:53:29.784+0000] {processor.py:829} INFO - Processing file /home/airflow/.local/lib/python3.8/site-packages/airflow/example_dags/example_short_circuit_decorator.py for tasks to queue
[2023-10-18T02:53:29.785+0000] {logging_mixin.py:151} INFO - [2023-10-18T02:53:29.785+0000] {dagbag.py:536} INFO - Filling up the DagBag from /home/airflow/.local/lib/python3.8/site-packages/airflow/example_dags/example_short_circuit_decorator.py
[2023-10-18T02:53:29.791+0000] {processor.py:839} INFO - DAG(s) dict_keys(['example_short_circuit_decorator']) retrieved from /home/airflow/.local/lib/python3.8/site-packages/airflow/example_dags/example_short_circuit_decorator.py
[2023-10-18T02:53:29.807+0000] {logging_mixin.py:151} INFO - [2023-10-18T02:53:29.807+0000] {dag.py:2941} INFO - Sync 1 DAGs
[2023-10-18T02:53:29.819+0000] {logging_mixin.py:151} INFO - [2023-10-18T02:53:29.819+0000] {dag.py:3722} INFO - Setting next_dagrun for example_short_circuit_decorator to 2023-10-17T02:53:29.819669+00:00, run_after=2023-10-18T02:53:29.819669+00:00
[2023-10-18T02:53:29.828+0000] {processor.py:179} INFO - Processing /home/airflow/.local/lib/python3.8/site-packages/airflow/example_dags/example_short_circuit_decorator.py took 0.047 seconds
[2023-10-18T02:54:00.747+0000] {processor.py:157} INFO - Started process (PID=6517) to work on /home/airflow/.local/lib/python3.8/site-packages/airflow/example_dags/example_short_circuit_decorator.py
[2023-10-18T02:54:00.748+0000] {processor.py:829} INFO - Processing file /home/airflow/.local/lib/python3.8/site-packages/airflow/example_dags/example_short_circuit_decorator.py for tasks to queue
[2023-10-18T02:54:00.748+0000] {logging_mixin.py:151} INFO - [2023-10-18T02:54:00.748+0000] {dagbag.py:536} INFO - Filling up the DagBag from /home/airflow/.local/lib/python3.8/site-packages/airflow/example_dags/example_short_circuit_decorator.py
[2023-10-18T02:54:00.754+0000] {processor.py:839} INFO - DAG(s) dict_keys(['example_short_circuit_decorator']) retrieved from /home/airflow/.local/lib/python3.8/site-packages/airflow/example_dags/example_short_circuit_decorator.py
[2023-10-18T02:54:00.769+0000] {logging_mixin.py:151} INFO - [2023-10-18T02:54:00.769+0000] {dag.py:2941} INFO - Sync 1 DAGs
[2023-10-18T02:54:00.781+0000] {logging_mixin.py:151} INFO - [2023-10-18T02:54:00.781+0000] {dag.py:3722} INFO - Setting next_dagrun for example_short_circuit_decorator to 2023-10-17T02:54:00.780933+00:00, run_after=2023-10-18T02:54:00.780933+00:00
[2023-10-18T02:54:00.789+0000] {processor.py:179} INFO - Processing /home/airflow/.local/lib/python3.8/site-packages/airflow/example_dags/example_short_circuit_decorator.py took 0.044 seconds
