[2023-10-18T02:40:50.621+0000] {processor.py:157} INFO - Started process (PID=171) to work on /home/airflow/.local/lib/python3.8/site-packages/airflow/example_dags/example_sla_dag.py
[2023-10-18T02:40:50.622+0000] {processor.py:829} INFO - Processing file /home/airflow/.local/lib/python3.8/site-packages/airflow/example_dags/example_sla_dag.py for tasks to queue
[2023-10-18T02:40:50.622+0000] {logging_mixin.py:151} INFO - [2023-10-18T02:40:50.622+0000] {dagbag.py:536} INFO - Filling up the DagBag from /home/airflow/.local/lib/python3.8/site-packages/airflow/example_dags/example_sla_dag.py
[2023-10-18T02:40:50.628+0000] {processor.py:839} INFO - DAG(s) dict_keys(['example_sla_dag']) retrieved from /home/airflow/.local/lib/python3.8/site-packages/airflow/example_dags/example_sla_dag.py
[2023-10-18T02:40:50.638+0000] {logging_mixin.py:151} INFO - [2023-10-18T02:40:50.637+0000] {dag.py:2941} INFO - Sync 1 DAGs
[2023-10-18T02:40:50.651+0000] {logging_mixin.py:151} INFO - [2023-10-18T02:40:50.651+0000] {dag.py:3722} INFO - Setting next_dagrun for example_sla_dag to 2023-10-18T02:38:00+00:00, run_after=2023-10-18T02:40:00+00:00
[2023-10-18T02:40:50.661+0000] {processor.py:179} INFO - Processing /home/airflow/.local/lib/python3.8/site-packages/airflow/example_dags/example_sla_dag.py took 0.042 seconds
[2023-10-18T02:41:21.254+0000] {processor.py:157} INFO - Started process (PID=411) to work on /home/airflow/.local/lib/python3.8/site-packages/airflow/example_dags/example_sla_dag.py
[2023-10-18T02:41:21.257+0000] {processor.py:829} INFO - Processing file /home/airflow/.local/lib/python3.8/site-packages/airflow/example_dags/example_sla_dag.py for tasks to queue
[2023-10-18T02:41:21.258+0000] {logging_mixin.py:151} INFO - [2023-10-18T02:41:21.257+0000] {dagbag.py:536} INFO - Filling up the DagBag from /home/airflow/.local/lib/python3.8/site-packages/airflow/example_dags/example_sla_dag.py
[2023-10-18T02:41:21.263+0000] {processor.py:839} INFO - DAG(s) dict_keys(['example_sla_dag']) retrieved from /home/airflow/.local/lib/python3.8/site-packages/airflow/example_dags/example_sla_dag.py
[2023-10-18T02:41:21.277+0000] {logging_mixin.py:151} INFO - [2023-10-18T02:41:21.277+0000] {dag.py:2941} INFO - Sync 1 DAGs
[2023-10-18T02:41:21.291+0000] {logging_mixin.py:151} INFO - [2023-10-18T02:41:21.291+0000] {dag.py:3722} INFO - Setting next_dagrun for example_sla_dag to 2023-10-18T02:38:00+00:00, run_after=2023-10-18T02:40:00+00:00
[2023-10-18T02:41:21.299+0000] {processor.py:179} INFO - Processing /home/airflow/.local/lib/python3.8/site-packages/airflow/example_dags/example_sla_dag.py took 0.047 seconds
[2023-10-18T02:41:51.427+0000] {processor.py:157} INFO - Started process (PID=649) to work on /home/airflow/.local/lib/python3.8/site-packages/airflow/example_dags/example_sla_dag.py
[2023-10-18T02:41:51.428+0000] {processor.py:829} INFO - Processing file /home/airflow/.local/lib/python3.8/site-packages/airflow/example_dags/example_sla_dag.py for tasks to queue
[2023-10-18T02:41:51.429+0000] {logging_mixin.py:151} INFO - [2023-10-18T02:41:51.428+0000] {dagbag.py:536} INFO - Filling up the DagBag from /home/airflow/.local/lib/python3.8/site-packages/airflow/example_dags/example_sla_dag.py
[2023-10-18T02:41:51.434+0000] {processor.py:839} INFO - DAG(s) dict_keys(['example_sla_dag']) retrieved from /home/airflow/.local/lib/python3.8/site-packages/airflow/example_dags/example_sla_dag.py
[2023-10-18T02:41:51.450+0000] {logging_mixin.py:151} INFO - [2023-10-18T02:41:51.450+0000] {dag.py:2941} INFO - Sync 1 DAGs
[2023-10-18T02:41:51.464+0000] {logging_mixin.py:151} INFO - [2023-10-18T02:41:51.464+0000] {dag.py:3722} INFO - Setting next_dagrun for example_sla_dag to 2023-10-18T02:38:00+00:00, run_after=2023-10-18T02:40:00+00:00
[2023-10-18T02:41:51.474+0000] {processor.py:179} INFO - Processing /home/airflow/.local/lib/python3.8/site-packages/airflow/example_dags/example_sla_dag.py took 0.048 seconds
[2023-10-18T02:42:21.547+0000] {processor.py:157} INFO - Started process (PID=887) to work on /home/airflow/.local/lib/python3.8/site-packages/airflow/example_dags/example_sla_dag.py
[2023-10-18T02:42:21.548+0000] {processor.py:829} INFO - Processing file /home/airflow/.local/lib/python3.8/site-packages/airflow/example_dags/example_sla_dag.py for tasks to queue
[2023-10-18T02:42:21.549+0000] {logging_mixin.py:151} INFO - [2023-10-18T02:42:21.548+0000] {dagbag.py:536} INFO - Filling up the DagBag from /home/airflow/.local/lib/python3.8/site-packages/airflow/example_dags/example_sla_dag.py
[2023-10-18T02:42:21.553+0000] {processor.py:839} INFO - DAG(s) dict_keys(['example_sla_dag']) retrieved from /home/airflow/.local/lib/python3.8/site-packages/airflow/example_dags/example_sla_dag.py
[2023-10-18T02:42:21.565+0000] {logging_mixin.py:151} INFO - [2023-10-18T02:42:21.565+0000] {dag.py:2941} INFO - Sync 1 DAGs
[2023-10-18T02:42:21.577+0000] {logging_mixin.py:151} INFO - [2023-10-18T02:42:21.577+0000] {dag.py:3722} INFO - Setting next_dagrun for example_sla_dag to 2023-10-18T02:40:00+00:00, run_after=2023-10-18T02:42:00+00:00
[2023-10-18T02:42:21.585+0000] {processor.py:179} INFO - Processing /home/airflow/.local/lib/python3.8/site-packages/airflow/example_dags/example_sla_dag.py took 0.040 seconds
[2023-10-18T02:42:52.501+0000] {processor.py:157} INFO - Started process (PID=1173) to work on /home/airflow/.local/lib/python3.8/site-packages/airflow/example_dags/example_sla_dag.py
[2023-10-18T02:42:52.502+0000] {processor.py:829} INFO - Processing file /home/airflow/.local/lib/python3.8/site-packages/airflow/example_dags/example_sla_dag.py for tasks to queue
[2023-10-18T02:42:52.503+0000] {logging_mixin.py:151} INFO - [2023-10-18T02:42:52.502+0000] {dagbag.py:536} INFO - Filling up the DagBag from /home/airflow/.local/lib/python3.8/site-packages/airflow/example_dags/example_sla_dag.py
[2023-10-18T02:42:52.508+0000] {processor.py:839} INFO - DAG(s) dict_keys(['example_sla_dag']) retrieved from /home/airflow/.local/lib/python3.8/site-packages/airflow/example_dags/example_sla_dag.py
[2023-10-18T02:42:52.521+0000] {logging_mixin.py:151} INFO - [2023-10-18T02:42:52.521+0000] {dag.py:2941} INFO - Sync 1 DAGs
[2023-10-18T02:42:52.534+0000] {logging_mixin.py:151} INFO - [2023-10-18T02:42:52.533+0000] {dag.py:3722} INFO - Setting next_dagrun for example_sla_dag to 2023-10-18T02:40:00+00:00, run_after=2023-10-18T02:42:00+00:00
[2023-10-18T02:42:52.542+0000] {processor.py:179} INFO - Processing /home/airflow/.local/lib/python3.8/site-packages/airflow/example_dags/example_sla_dag.py took 0.043 seconds
[2023-10-18T02:43:22.619+0000] {processor.py:157} INFO - Started process (PID=1410) to work on /home/airflow/.local/lib/python3.8/site-packages/airflow/example_dags/example_sla_dag.py
[2023-10-18T02:43:22.620+0000] {processor.py:829} INFO - Processing file /home/airflow/.local/lib/python3.8/site-packages/airflow/example_dags/example_sla_dag.py for tasks to queue
[2023-10-18T02:43:22.621+0000] {logging_mixin.py:151} INFO - [2023-10-18T02:43:22.620+0000] {dagbag.py:536} INFO - Filling up the DagBag from /home/airflow/.local/lib/python3.8/site-packages/airflow/example_dags/example_sla_dag.py
[2023-10-18T02:43:22.628+0000] {processor.py:839} INFO - DAG(s) dict_keys(['example_sla_dag']) retrieved from /home/airflow/.local/lib/python3.8/site-packages/airflow/example_dags/example_sla_dag.py
[2023-10-18T02:43:22.643+0000] {logging_mixin.py:151} INFO - [2023-10-18T02:43:22.642+0000] {dag.py:2941} INFO - Sync 1 DAGs
[2023-10-18T02:43:22.656+0000] {logging_mixin.py:151} INFO - [2023-10-18T02:43:22.656+0000] {dag.py:3722} INFO - Setting next_dagrun for example_sla_dag to 2023-10-18T02:40:00+00:00, run_after=2023-10-18T02:42:00+00:00
[2023-10-18T02:43:22.665+0000] {processor.py:179} INFO - Processing /home/airflow/.local/lib/python3.8/site-packages/airflow/example_dags/example_sla_dag.py took 0.049 seconds
[2023-10-18T02:43:52.835+0000] {processor.py:157} INFO - Started process (PID=1648) to work on /home/airflow/.local/lib/python3.8/site-packages/airflow/example_dags/example_sla_dag.py
[2023-10-18T02:43:52.836+0000] {processor.py:829} INFO - Processing file /home/airflow/.local/lib/python3.8/site-packages/airflow/example_dags/example_sla_dag.py for tasks to queue
[2023-10-18T02:43:52.836+0000] {logging_mixin.py:151} INFO - [2023-10-18T02:43:52.836+0000] {dagbag.py:536} INFO - Filling up the DagBag from /home/airflow/.local/lib/python3.8/site-packages/airflow/example_dags/example_sla_dag.py
[2023-10-18T02:43:52.841+0000] {processor.py:839} INFO - DAG(s) dict_keys(['example_sla_dag']) retrieved from /home/airflow/.local/lib/python3.8/site-packages/airflow/example_dags/example_sla_dag.py
[2023-10-18T02:43:52.854+0000] {logging_mixin.py:151} INFO - [2023-10-18T02:43:52.854+0000] {dag.py:2941} INFO - Sync 1 DAGs
[2023-10-18T02:43:52.866+0000] {logging_mixin.py:151} INFO - [2023-10-18T02:43:52.866+0000] {dag.py:3722} INFO - Setting next_dagrun for example_sla_dag to 2023-10-18T02:40:00+00:00, run_after=2023-10-18T02:42:00+00:00
[2023-10-18T02:43:52.874+0000] {processor.py:179} INFO - Processing /home/airflow/.local/lib/python3.8/site-packages/airflow/example_dags/example_sla_dag.py took 0.041 seconds
[2023-10-18T02:44:23.653+0000] {processor.py:157} INFO - Started process (PID=1887) to work on /home/airflow/.local/lib/python3.8/site-packages/airflow/example_dags/example_sla_dag.py
[2023-10-18T02:44:23.653+0000] {processor.py:829} INFO - Processing file /home/airflow/.local/lib/python3.8/site-packages/airflow/example_dags/example_sla_dag.py for tasks to queue
[2023-10-18T02:44:23.654+0000] {logging_mixin.py:151} INFO - [2023-10-18T02:44:23.653+0000] {dagbag.py:536} INFO - Filling up the DagBag from /home/airflow/.local/lib/python3.8/site-packages/airflow/example_dags/example_sla_dag.py
[2023-10-18T02:44:23.658+0000] {processor.py:839} INFO - DAG(s) dict_keys(['example_sla_dag']) retrieved from /home/airflow/.local/lib/python3.8/site-packages/airflow/example_dags/example_sla_dag.py
[2023-10-18T02:44:23.673+0000] {logging_mixin.py:151} INFO - [2023-10-18T02:44:23.673+0000] {dag.py:2941} INFO - Sync 1 DAGs
[2023-10-18T02:44:23.684+0000] {logging_mixin.py:151} INFO - [2023-10-18T02:44:23.684+0000] {dag.py:3722} INFO - Setting next_dagrun for example_sla_dag to 2023-10-18T02:42:00+00:00, run_after=2023-10-18T02:44:00+00:00
[2023-10-18T02:44:23.692+0000] {processor.py:179} INFO - Processing /home/airflow/.local/lib/python3.8/site-packages/airflow/example_dags/example_sla_dag.py took 0.041 seconds
[2023-10-18T02:44:53.776+0000] {processor.py:157} INFO - Started process (PID=2126) to work on /home/airflow/.local/lib/python3.8/site-packages/airflow/example_dags/example_sla_dag.py
[2023-10-18T02:44:53.777+0000] {processor.py:829} INFO - Processing file /home/airflow/.local/lib/python3.8/site-packages/airflow/example_dags/example_sla_dag.py for tasks to queue
[2023-10-18T02:44:53.777+0000] {logging_mixin.py:151} INFO - [2023-10-18T02:44:53.777+0000] {dagbag.py:536} INFO - Filling up the DagBag from /home/airflow/.local/lib/python3.8/site-packages/airflow/example_dags/example_sla_dag.py
[2023-10-18T02:44:53.782+0000] {processor.py:839} INFO - DAG(s) dict_keys(['example_sla_dag']) retrieved from /home/airflow/.local/lib/python3.8/site-packages/airflow/example_dags/example_sla_dag.py
[2023-10-18T02:44:53.799+0000] {logging_mixin.py:151} INFO - [2023-10-18T02:44:53.798+0000] {dag.py:2941} INFO - Sync 1 DAGs
[2023-10-18T02:44:53.812+0000] {logging_mixin.py:151} INFO - [2023-10-18T02:44:53.812+0000] {dag.py:3722} INFO - Setting next_dagrun for example_sla_dag to 2023-10-18T02:42:00+00:00, run_after=2023-10-18T02:44:00+00:00
[2023-10-18T02:44:53.822+0000] {processor.py:179} INFO - Processing /home/airflow/.local/lib/python3.8/site-packages/airflow/example_dags/example_sla_dag.py took 0.048 seconds
[2023-10-18T02:45:23.915+0000] {processor.py:157} INFO - Started process (PID=2364) to work on /home/airflow/.local/lib/python3.8/site-packages/airflow/example_dags/example_sla_dag.py
[2023-10-18T02:45:23.915+0000] {processor.py:829} INFO - Processing file /home/airflow/.local/lib/python3.8/site-packages/airflow/example_dags/example_sla_dag.py for tasks to queue
[2023-10-18T02:45:23.916+0000] {logging_mixin.py:151} INFO - [2023-10-18T02:45:23.916+0000] {dagbag.py:536} INFO - Filling up the DagBag from /home/airflow/.local/lib/python3.8/site-packages/airflow/example_dags/example_sla_dag.py
[2023-10-18T02:45:23.921+0000] {processor.py:839} INFO - DAG(s) dict_keys(['example_sla_dag']) retrieved from /home/airflow/.local/lib/python3.8/site-packages/airflow/example_dags/example_sla_dag.py
[2023-10-18T02:45:23.936+0000] {logging_mixin.py:151} INFO - [2023-10-18T02:45:23.936+0000] {dag.py:2941} INFO - Sync 1 DAGs
[2023-10-18T02:45:23.949+0000] {logging_mixin.py:151} INFO - [2023-10-18T02:45:23.949+0000] {dag.py:3722} INFO - Setting next_dagrun for example_sla_dag to 2023-10-18T02:42:00+00:00, run_after=2023-10-18T02:44:00+00:00
[2023-10-18T02:45:23.966+0000] {processor.py:179} INFO - Processing /home/airflow/.local/lib/python3.8/site-packages/airflow/example_dags/example_sla_dag.py took 0.053 seconds
[2023-10-18T02:45:54.039+0000] {processor.py:157} INFO - Started process (PID=2602) to work on /home/airflow/.local/lib/python3.8/site-packages/airflow/example_dags/example_sla_dag.py
[2023-10-18T02:45:54.039+0000] {processor.py:829} INFO - Processing file /home/airflow/.local/lib/python3.8/site-packages/airflow/example_dags/example_sla_dag.py for tasks to queue
[2023-10-18T02:45:54.040+0000] {logging_mixin.py:151} INFO - [2023-10-18T02:45:54.040+0000] {dagbag.py:536} INFO - Filling up the DagBag from /home/airflow/.local/lib/python3.8/site-packages/airflow/example_dags/example_sla_dag.py
[2023-10-18T02:45:54.044+0000] {processor.py:839} INFO - DAG(s) dict_keys(['example_sla_dag']) retrieved from /home/airflow/.local/lib/python3.8/site-packages/airflow/example_dags/example_sla_dag.py
[2023-10-18T02:45:54.057+0000] {logging_mixin.py:151} INFO - [2023-10-18T02:45:54.057+0000] {dag.py:2941} INFO - Sync 1 DAGs
[2023-10-18T02:45:54.070+0000] {logging_mixin.py:151} INFO - [2023-10-18T02:45:54.070+0000] {dag.py:3722} INFO - Setting next_dagrun for example_sla_dag to 2023-10-18T02:42:00+00:00, run_after=2023-10-18T02:44:00+00:00
[2023-10-18T02:45:54.079+0000] {processor.py:179} INFO - Processing /home/airflow/.local/lib/python3.8/site-packages/airflow/example_dags/example_sla_dag.py took 0.042 seconds
[2023-10-18T02:46:24.298+0000] {processor.py:157} INFO - Started process (PID=2840) to work on /home/airflow/.local/lib/python3.8/site-packages/airflow/example_dags/example_sla_dag.py
[2023-10-18T02:46:24.299+0000] {processor.py:829} INFO - Processing file /home/airflow/.local/lib/python3.8/site-packages/airflow/example_dags/example_sla_dag.py for tasks to queue
[2023-10-18T02:46:24.299+0000] {logging_mixin.py:151} INFO - [2023-10-18T02:46:24.299+0000] {dagbag.py:536} INFO - Filling up the DagBag from /home/airflow/.local/lib/python3.8/site-packages/airflow/example_dags/example_sla_dag.py
[2023-10-18T02:46:24.304+0000] {processor.py:839} INFO - DAG(s) dict_keys(['example_sla_dag']) retrieved from /home/airflow/.local/lib/python3.8/site-packages/airflow/example_dags/example_sla_dag.py
[2023-10-18T02:46:24.318+0000] {logging_mixin.py:151} INFO - [2023-10-18T02:46:24.318+0000] {dag.py:2941} INFO - Sync 1 DAGs
[2023-10-18T02:46:24.330+0000] {logging_mixin.py:151} INFO - [2023-10-18T02:46:24.330+0000] {dag.py:3722} INFO - Setting next_dagrun for example_sla_dag to 2023-10-18T02:44:00+00:00, run_after=2023-10-18T02:46:00+00:00
[2023-10-18T02:46:24.338+0000] {processor.py:179} INFO - Processing /home/airflow/.local/lib/python3.8/site-packages/airflow/example_dags/example_sla_dag.py took 0.042 seconds
[2023-10-18T02:46:54.476+0000] {processor.py:157} INFO - Started process (PID=3078) to work on /home/airflow/.local/lib/python3.8/site-packages/airflow/example_dags/example_sla_dag.py
[2023-10-18T02:46:54.477+0000] {processor.py:829} INFO - Processing file /home/airflow/.local/lib/python3.8/site-packages/airflow/example_dags/example_sla_dag.py for tasks to queue
[2023-10-18T02:46:54.478+0000] {logging_mixin.py:151} INFO - [2023-10-18T02:46:54.477+0000] {dagbag.py:536} INFO - Filling up the DagBag from /home/airflow/.local/lib/python3.8/site-packages/airflow/example_dags/example_sla_dag.py
[2023-10-18T02:46:54.482+0000] {processor.py:839} INFO - DAG(s) dict_keys(['example_sla_dag']) retrieved from /home/airflow/.local/lib/python3.8/site-packages/airflow/example_dags/example_sla_dag.py
[2023-10-18T02:46:54.496+0000] {logging_mixin.py:151} INFO - [2023-10-18T02:46:54.496+0000] {dag.py:2941} INFO - Sync 1 DAGs
[2023-10-18T02:46:54.509+0000] {logging_mixin.py:151} INFO - [2023-10-18T02:46:54.508+0000] {dag.py:3722} INFO - Setting next_dagrun for example_sla_dag to 2023-10-18T02:44:00+00:00, run_after=2023-10-18T02:46:00+00:00
[2023-10-18T02:46:54.517+0000] {processor.py:179} INFO - Processing /home/airflow/.local/lib/python3.8/site-packages/airflow/example_dags/example_sla_dag.py took 0.042 seconds
[2023-10-18T02:47:25.339+0000] {processor.py:157} INFO - Started process (PID=3316) to work on /home/airflow/.local/lib/python3.8/site-packages/airflow/example_dags/example_sla_dag.py
[2023-10-18T02:47:25.340+0000] {processor.py:829} INFO - Processing file /home/airflow/.local/lib/python3.8/site-packages/airflow/example_dags/example_sla_dag.py for tasks to queue
[2023-10-18T02:47:25.340+0000] {logging_mixin.py:151} INFO - [2023-10-18T02:47:25.340+0000] {dagbag.py:536} INFO - Filling up the DagBag from /home/airflow/.local/lib/python3.8/site-packages/airflow/example_dags/example_sla_dag.py
[2023-10-18T02:47:25.346+0000] {processor.py:839} INFO - DAG(s) dict_keys(['example_sla_dag']) retrieved from /home/airflow/.local/lib/python3.8/site-packages/airflow/example_dags/example_sla_dag.py
[2023-10-18T02:47:25.361+0000] {logging_mixin.py:151} INFO - [2023-10-18T02:47:25.361+0000] {dag.py:2941} INFO - Sync 1 DAGs
[2023-10-18T02:47:25.373+0000] {logging_mixin.py:151} INFO - [2023-10-18T02:47:25.373+0000] {dag.py:3722} INFO - Setting next_dagrun for example_sla_dag to 2023-10-18T02:44:00+00:00, run_after=2023-10-18T02:46:00+00:00
[2023-10-18T02:47:25.381+0000] {processor.py:179} INFO - Processing /home/airflow/.local/lib/python3.8/site-packages/airflow/example_dags/example_sla_dag.py took 0.045 seconds
[2023-10-18T02:47:55.510+0000] {processor.py:157} INFO - Started process (PID=3554) to work on /home/airflow/.local/lib/python3.8/site-packages/airflow/example_dags/example_sla_dag.py
[2023-10-18T02:47:55.511+0000] {processor.py:829} INFO - Processing file /home/airflow/.local/lib/python3.8/site-packages/airflow/example_dags/example_sla_dag.py for tasks to queue
[2023-10-18T02:47:55.512+0000] {logging_mixin.py:151} INFO - [2023-10-18T02:47:55.511+0000] {dagbag.py:536} INFO - Filling up the DagBag from /home/airflow/.local/lib/python3.8/site-packages/airflow/example_dags/example_sla_dag.py
[2023-10-18T02:47:55.516+0000] {processor.py:839} INFO - DAG(s) dict_keys(['example_sla_dag']) retrieved from /home/airflow/.local/lib/python3.8/site-packages/airflow/example_dags/example_sla_dag.py
[2023-10-18T02:47:55.531+0000] {logging_mixin.py:151} INFO - [2023-10-18T02:47:55.531+0000] {dag.py:2941} INFO - Sync 1 DAGs
[2023-10-18T02:47:55.543+0000] {logging_mixin.py:151} INFO - [2023-10-18T02:47:55.543+0000] {dag.py:3722} INFO - Setting next_dagrun for example_sla_dag to 2023-10-18T02:44:00+00:00, run_after=2023-10-18T02:46:00+00:00
[2023-10-18T02:47:55.551+0000] {processor.py:179} INFO - Processing /home/airflow/.local/lib/python3.8/site-packages/airflow/example_dags/example_sla_dag.py took 0.043 seconds
[2023-10-18T02:48:25.670+0000] {processor.py:157} INFO - Started process (PID=3792) to work on /home/airflow/.local/lib/python3.8/site-packages/airflow/example_dags/example_sla_dag.py
[2023-10-18T02:48:25.671+0000] {processor.py:829} INFO - Processing file /home/airflow/.local/lib/python3.8/site-packages/airflow/example_dags/example_sla_dag.py for tasks to queue
[2023-10-18T02:48:25.671+0000] {logging_mixin.py:151} INFO - [2023-10-18T02:48:25.671+0000] {dagbag.py:536} INFO - Filling up the DagBag from /home/airflow/.local/lib/python3.8/site-packages/airflow/example_dags/example_sla_dag.py
[2023-10-18T02:48:25.677+0000] {processor.py:839} INFO - DAG(s) dict_keys(['example_sla_dag']) retrieved from /home/airflow/.local/lib/python3.8/site-packages/airflow/example_dags/example_sla_dag.py
[2023-10-18T02:48:25.692+0000] {logging_mixin.py:151} INFO - [2023-10-18T02:48:25.692+0000] {dag.py:2941} INFO - Sync 1 DAGs
[2023-10-18T02:48:25.705+0000] {logging_mixin.py:151} INFO - [2023-10-18T02:48:25.705+0000] {dag.py:3722} INFO - Setting next_dagrun for example_sla_dag to 2023-10-18T02:46:00+00:00, run_after=2023-10-18T02:48:00+00:00
[2023-10-18T02:48:25.715+0000] {processor.py:179} INFO - Processing /home/airflow/.local/lib/python3.8/site-packages/airflow/example_dags/example_sla_dag.py took 0.047 seconds
[2023-10-18T02:48:55.850+0000] {processor.py:157} INFO - Started process (PID=4030) to work on /home/airflow/.local/lib/python3.8/site-packages/airflow/example_dags/example_sla_dag.py
[2023-10-18T02:48:55.851+0000] {processor.py:829} INFO - Processing file /home/airflow/.local/lib/python3.8/site-packages/airflow/example_dags/example_sla_dag.py for tasks to queue
[2023-10-18T02:48:55.851+0000] {logging_mixin.py:151} INFO - [2023-10-18T02:48:55.851+0000] {dagbag.py:536} INFO - Filling up the DagBag from /home/airflow/.local/lib/python3.8/site-packages/airflow/example_dags/example_sla_dag.py
[2023-10-18T02:48:55.856+0000] {processor.py:839} INFO - DAG(s) dict_keys(['example_sla_dag']) retrieved from /home/airflow/.local/lib/python3.8/site-packages/airflow/example_dags/example_sla_dag.py
[2023-10-18T02:48:55.870+0000] {logging_mixin.py:151} INFO - [2023-10-18T02:48:55.870+0000] {dag.py:2941} INFO - Sync 1 DAGs
[2023-10-18T02:48:55.881+0000] {logging_mixin.py:151} INFO - [2023-10-18T02:48:55.881+0000] {dag.py:3722} INFO - Setting next_dagrun for example_sla_dag to 2023-10-18T02:46:00+00:00, run_after=2023-10-18T02:48:00+00:00
[2023-10-18T02:48:55.889+0000] {processor.py:179} INFO - Processing /home/airflow/.local/lib/python3.8/site-packages/airflow/example_dags/example_sla_dag.py took 0.041 seconds
[2023-10-18T02:49:25.995+0000] {processor.py:157} INFO - Started process (PID=4268) to work on /home/airflow/.local/lib/python3.8/site-packages/airflow/example_dags/example_sla_dag.py
[2023-10-18T02:49:25.995+0000] {processor.py:829} INFO - Processing file /home/airflow/.local/lib/python3.8/site-packages/airflow/example_dags/example_sla_dag.py for tasks to queue
[2023-10-18T02:49:25.996+0000] {logging_mixin.py:151} INFO - [2023-10-18T02:49:25.996+0000] {dagbag.py:536} INFO - Filling up the DagBag from /home/airflow/.local/lib/python3.8/site-packages/airflow/example_dags/example_sla_dag.py
[2023-10-18T02:49:26.000+0000] {processor.py:839} INFO - DAG(s) dict_keys(['example_sla_dag']) retrieved from /home/airflow/.local/lib/python3.8/site-packages/airflow/example_dags/example_sla_dag.py
[2023-10-18T02:49:26.014+0000] {logging_mixin.py:151} INFO - [2023-10-18T02:49:26.014+0000] {dag.py:2941} INFO - Sync 1 DAGs
[2023-10-18T02:49:26.026+0000] {logging_mixin.py:151} INFO - [2023-10-18T02:49:26.025+0000] {dag.py:3722} INFO - Setting next_dagrun for example_sla_dag to 2023-10-18T02:46:00+00:00, run_after=2023-10-18T02:48:00+00:00
[2023-10-18T02:49:26.033+0000] {processor.py:179} INFO - Processing /home/airflow/.local/lib/python3.8/site-packages/airflow/example_dags/example_sla_dag.py took 0.040 seconds
[2023-10-18T02:49:56.091+0000] {processor.py:157} INFO - Started process (PID=4506) to work on /home/airflow/.local/lib/python3.8/site-packages/airflow/example_dags/example_sla_dag.py
[2023-10-18T02:49:56.092+0000] {processor.py:829} INFO - Processing file /home/airflow/.local/lib/python3.8/site-packages/airflow/example_dags/example_sla_dag.py for tasks to queue
[2023-10-18T02:49:56.092+0000] {logging_mixin.py:151} INFO - [2023-10-18T02:49:56.092+0000] {dagbag.py:536} INFO - Filling up the DagBag from /home/airflow/.local/lib/python3.8/site-packages/airflow/example_dags/example_sla_dag.py
[2023-10-18T02:49:56.097+0000] {processor.py:839} INFO - DAG(s) dict_keys(['example_sla_dag']) retrieved from /home/airflow/.local/lib/python3.8/site-packages/airflow/example_dags/example_sla_dag.py
[2023-10-18T02:49:56.111+0000] {logging_mixin.py:151} INFO - [2023-10-18T02:49:56.111+0000] {dag.py:2941} INFO - Sync 1 DAGs
[2023-10-18T02:49:56.123+0000] {logging_mixin.py:151} INFO - [2023-10-18T02:49:56.123+0000] {dag.py:3722} INFO - Setting next_dagrun for example_sla_dag to 2023-10-18T02:46:00+00:00, run_after=2023-10-18T02:48:00+00:00
[2023-10-18T02:49:56.130+0000] {processor.py:179} INFO - Processing /home/airflow/.local/lib/python3.8/site-packages/airflow/example_dags/example_sla_dag.py took 0.041 seconds
[2023-10-18T02:50:26.278+0000] {processor.py:157} INFO - Started process (PID=4745) to work on /home/airflow/.local/lib/python3.8/site-packages/airflow/example_dags/example_sla_dag.py
[2023-10-18T02:50:26.278+0000] {processor.py:829} INFO - Processing file /home/airflow/.local/lib/python3.8/site-packages/airflow/example_dags/example_sla_dag.py for tasks to queue
[2023-10-18T02:50:26.279+0000] {logging_mixin.py:151} INFO - [2023-10-18T02:50:26.279+0000] {dagbag.py:536} INFO - Filling up the DagBag from /home/airflow/.local/lib/python3.8/site-packages/airflow/example_dags/example_sla_dag.py
[2023-10-18T02:50:26.284+0000] {processor.py:839} INFO - DAG(s) dict_keys(['example_sla_dag']) retrieved from /home/airflow/.local/lib/python3.8/site-packages/airflow/example_dags/example_sla_dag.py
[2023-10-18T02:50:26.299+0000] {logging_mixin.py:151} INFO - [2023-10-18T02:50:26.298+0000] {dag.py:2941} INFO - Sync 1 DAGs
[2023-10-18T02:50:26.311+0000] {logging_mixin.py:151} INFO - [2023-10-18T02:50:26.311+0000] {dag.py:3722} INFO - Setting next_dagrun for example_sla_dag to 2023-10-18T02:48:00+00:00, run_after=2023-10-18T02:50:00+00:00
[2023-10-18T02:50:26.320+0000] {processor.py:179} INFO - Processing /home/airflow/.local/lib/python3.8/site-packages/airflow/example_dags/example_sla_dag.py took 0.044 seconds
[2023-10-18T02:50:56.404+0000] {processor.py:157} INFO - Started process (PID=4983) to work on /home/airflow/.local/lib/python3.8/site-packages/airflow/example_dags/example_sla_dag.py
[2023-10-18T02:50:56.405+0000] {processor.py:829} INFO - Processing file /home/airflow/.local/lib/python3.8/site-packages/airflow/example_dags/example_sla_dag.py for tasks to queue
[2023-10-18T02:50:56.405+0000] {logging_mixin.py:151} INFO - [2023-10-18T02:50:56.405+0000] {dagbag.py:536} INFO - Filling up the DagBag from /home/airflow/.local/lib/python3.8/site-packages/airflow/example_dags/example_sla_dag.py
[2023-10-18T02:50:56.411+0000] {processor.py:839} INFO - DAG(s) dict_keys(['example_sla_dag']) retrieved from /home/airflow/.local/lib/python3.8/site-packages/airflow/example_dags/example_sla_dag.py
[2023-10-18T02:50:56.424+0000] {logging_mixin.py:151} INFO - [2023-10-18T02:50:56.424+0000] {dag.py:2941} INFO - Sync 1 DAGs
[2023-10-18T02:50:56.436+0000] {logging_mixin.py:151} INFO - [2023-10-18T02:50:56.436+0000] {dag.py:3722} INFO - Setting next_dagrun for example_sla_dag to 2023-10-18T02:48:00+00:00, run_after=2023-10-18T02:50:00+00:00
[2023-10-18T02:50:56.444+0000] {processor.py:179} INFO - Processing /home/airflow/.local/lib/python3.8/site-packages/airflow/example_dags/example_sla_dag.py took 0.042 seconds
[2023-10-18T02:51:26.637+0000] {processor.py:157} INFO - Started process (PID=5221) to work on /home/airflow/.local/lib/python3.8/site-packages/airflow/example_dags/example_sla_dag.py
[2023-10-18T02:51:26.637+0000] {processor.py:829} INFO - Processing file /home/airflow/.local/lib/python3.8/site-packages/airflow/example_dags/example_sla_dag.py for tasks to queue
[2023-10-18T02:51:26.638+0000] {logging_mixin.py:151} INFO - [2023-10-18T02:51:26.638+0000] {dagbag.py:536} INFO - Filling up the DagBag from /home/airflow/.local/lib/python3.8/site-packages/airflow/example_dags/example_sla_dag.py
[2023-10-18T02:51:26.643+0000] {processor.py:839} INFO - DAG(s) dict_keys(['example_sla_dag']) retrieved from /home/airflow/.local/lib/python3.8/site-packages/airflow/example_dags/example_sla_dag.py
[2023-10-18T02:51:26.657+0000] {logging_mixin.py:151} INFO - [2023-10-18T02:51:26.657+0000] {dag.py:2941} INFO - Sync 1 DAGs
[2023-10-18T02:51:26.670+0000] {logging_mixin.py:151} INFO - [2023-10-18T02:51:26.670+0000] {dag.py:3722} INFO - Setting next_dagrun for example_sla_dag to 2023-10-18T02:48:00+00:00, run_after=2023-10-18T02:50:00+00:00
[2023-10-18T02:51:26.679+0000] {processor.py:179} INFO - Processing /home/airflow/.local/lib/python3.8/site-packages/airflow/example_dags/example_sla_dag.py took 0.044 seconds
[2023-10-18T02:51:56.802+0000] {processor.py:157} INFO - Started process (PID=5458) to work on /home/airflow/.local/lib/python3.8/site-packages/airflow/example_dags/example_sla_dag.py
[2023-10-18T02:51:56.803+0000] {processor.py:829} INFO - Processing file /home/airflow/.local/lib/python3.8/site-packages/airflow/example_dags/example_sla_dag.py for tasks to queue
[2023-10-18T02:51:56.803+0000] {logging_mixin.py:151} INFO - [2023-10-18T02:51:56.803+0000] {dagbag.py:536} INFO - Filling up the DagBag from /home/airflow/.local/lib/python3.8/site-packages/airflow/example_dags/example_sla_dag.py
[2023-10-18T02:51:56.809+0000] {processor.py:839} INFO - DAG(s) dict_keys(['example_sla_dag']) retrieved from /home/airflow/.local/lib/python3.8/site-packages/airflow/example_dags/example_sla_dag.py
[2023-10-18T02:51:56.823+0000] {logging_mixin.py:151} INFO - [2023-10-18T02:51:56.823+0000] {dag.py:2941} INFO - Sync 1 DAGs
[2023-10-18T02:51:56.836+0000] {logging_mixin.py:151} INFO - [2023-10-18T02:51:56.836+0000] {dag.py:3722} INFO - Setting next_dagrun for example_sla_dag to 2023-10-18T02:48:00+00:00, run_after=2023-10-18T02:50:00+00:00
[2023-10-18T02:51:56.845+0000] {processor.py:179} INFO - Processing /home/airflow/.local/lib/python3.8/site-packages/airflow/example_dags/example_sla_dag.py took 0.045 seconds
[2023-10-18T02:52:27.683+0000] {processor.py:157} INFO - Started process (PID=5695) to work on /home/airflow/.local/lib/python3.8/site-packages/airflow/example_dags/example_sla_dag.py
[2023-10-18T02:52:27.683+0000] {processor.py:829} INFO - Processing file /home/airflow/.local/lib/python3.8/site-packages/airflow/example_dags/example_sla_dag.py for tasks to queue
[2023-10-18T02:52:27.684+0000] {logging_mixin.py:151} INFO - [2023-10-18T02:52:27.684+0000] {dagbag.py:536} INFO - Filling up the DagBag from /home/airflow/.local/lib/python3.8/site-packages/airflow/example_dags/example_sla_dag.py
[2023-10-18T02:52:27.689+0000] {processor.py:839} INFO - DAG(s) dict_keys(['example_sla_dag']) retrieved from /home/airflow/.local/lib/python3.8/site-packages/airflow/example_dags/example_sla_dag.py
[2023-10-18T02:52:27.705+0000] {logging_mixin.py:151} INFO - [2023-10-18T02:52:27.705+0000] {dag.py:2941} INFO - Sync 1 DAGs
[2023-10-18T02:52:27.718+0000] {logging_mixin.py:151} INFO - [2023-10-18T02:52:27.718+0000] {dag.py:3722} INFO - Setting next_dagrun for example_sla_dag to 2023-10-18T02:50:00+00:00, run_after=2023-10-18T02:52:00+00:00
[2023-10-18T02:52:27.728+0000] {processor.py:179} INFO - Processing /home/airflow/.local/lib/python3.8/site-packages/airflow/example_dags/example_sla_dag.py took 0.047 seconds
[2023-10-18T02:52:57.898+0000] {processor.py:157} INFO - Started process (PID=5933) to work on /home/airflow/.local/lib/python3.8/site-packages/airflow/example_dags/example_sla_dag.py
[2023-10-18T02:52:57.899+0000] {processor.py:829} INFO - Processing file /home/airflow/.local/lib/python3.8/site-packages/airflow/example_dags/example_sla_dag.py for tasks to queue
[2023-10-18T02:52:57.900+0000] {logging_mixin.py:151} INFO - [2023-10-18T02:52:57.900+0000] {dagbag.py:536} INFO - Filling up the DagBag from /home/airflow/.local/lib/python3.8/site-packages/airflow/example_dags/example_sla_dag.py
[2023-10-18T02:52:57.905+0000] {processor.py:839} INFO - DAG(s) dict_keys(['example_sla_dag']) retrieved from /home/airflow/.local/lib/python3.8/site-packages/airflow/example_dags/example_sla_dag.py
[2023-10-18T02:52:57.919+0000] {logging_mixin.py:151} INFO - [2023-10-18T02:52:57.919+0000] {dag.py:2941} INFO - Sync 1 DAGs
[2023-10-18T02:52:57.932+0000] {logging_mixin.py:151} INFO - [2023-10-18T02:52:57.932+0000] {dag.py:3722} INFO - Setting next_dagrun for example_sla_dag to 2023-10-18T02:50:00+00:00, run_after=2023-10-18T02:52:00+00:00
[2023-10-18T02:52:57.941+0000] {processor.py:179} INFO - Processing /home/airflow/.local/lib/python3.8/site-packages/airflow/example_dags/example_sla_dag.py took 0.045 seconds
[2023-10-18T02:53:28.054+0000] {processor.py:157} INFO - Started process (PID=6171) to work on /home/airflow/.local/lib/python3.8/site-packages/airflow/example_dags/example_sla_dag.py
[2023-10-18T02:53:28.055+0000] {processor.py:829} INFO - Processing file /home/airflow/.local/lib/python3.8/site-packages/airflow/example_dags/example_sla_dag.py for tasks to queue
[2023-10-18T02:53:28.056+0000] {logging_mixin.py:151} INFO - [2023-10-18T02:53:28.055+0000] {dagbag.py:536} INFO - Filling up the DagBag from /home/airflow/.local/lib/python3.8/site-packages/airflow/example_dags/example_sla_dag.py
[2023-10-18T02:53:28.061+0000] {processor.py:839} INFO - DAG(s) dict_keys(['example_sla_dag']) retrieved from /home/airflow/.local/lib/python3.8/site-packages/airflow/example_dags/example_sla_dag.py
[2023-10-18T02:53:28.076+0000] {logging_mixin.py:151} INFO - [2023-10-18T02:53:28.076+0000] {dag.py:2941} INFO - Sync 1 DAGs
[2023-10-18T02:53:28.089+0000] {logging_mixin.py:151} INFO - [2023-10-18T02:53:28.089+0000] {dag.py:3722} INFO - Setting next_dagrun for example_sla_dag to 2023-10-18T02:50:00+00:00, run_after=2023-10-18T02:52:00+00:00
[2023-10-18T02:53:28.099+0000] {processor.py:179} INFO - Processing /home/airflow/.local/lib/python3.8/site-packages/airflow/example_dags/example_sla_dag.py took 0.047 seconds
[2023-10-18T02:53:59.043+0000] {processor.py:157} INFO - Started process (PID=6409) to work on /home/airflow/.local/lib/python3.8/site-packages/airflow/example_dags/example_sla_dag.py
[2023-10-18T02:53:59.044+0000] {processor.py:829} INFO - Processing file /home/airflow/.local/lib/python3.8/site-packages/airflow/example_dags/example_sla_dag.py for tasks to queue
[2023-10-18T02:53:59.044+0000] {logging_mixin.py:151} INFO - [2023-10-18T02:53:59.044+0000] {dagbag.py:536} INFO - Filling up the DagBag from /home/airflow/.local/lib/python3.8/site-packages/airflow/example_dags/example_sla_dag.py
[2023-10-18T02:53:59.049+0000] {processor.py:839} INFO - DAG(s) dict_keys(['example_sla_dag']) retrieved from /home/airflow/.local/lib/python3.8/site-packages/airflow/example_dags/example_sla_dag.py
[2023-10-18T02:53:59.064+0000] {logging_mixin.py:151} INFO - [2023-10-18T02:53:59.064+0000] {dag.py:2941} INFO - Sync 1 DAGs
[2023-10-18T02:53:59.078+0000] {logging_mixin.py:151} INFO - [2023-10-18T02:53:59.077+0000] {dag.py:3722} INFO - Setting next_dagrun for example_sla_dag to 2023-10-18T02:50:00+00:00, run_after=2023-10-18T02:52:00+00:00
[2023-10-18T02:53:59.087+0000] {processor.py:179} INFO - Processing /home/airflow/.local/lib/python3.8/site-packages/airflow/example_dags/example_sla_dag.py took 0.046 seconds
