[2023-10-18T02:40:50.629+0000] {processor.py:157} INFO - Started process (PID=176) to work on /home/airflow/.local/lib/python3.8/site-packages/airflow/example_dags/example_bash_operator.py
[2023-10-18T02:40:50.629+0000] {processor.py:829} INFO - Processing file /home/airflow/.local/lib/python3.8/site-packages/airflow/example_dags/example_bash_operator.py for tasks to queue
[2023-10-18T02:40:50.630+0000] {logging_mixin.py:151} INFO - [2023-10-18T02:40:50.630+0000] {dagbag.py:536} INFO - Filling up the DagBag from /home/airflow/.local/lib/python3.8/site-packages/airflow/example_dags/example_bash_operator.py
[2023-10-18T02:40:50.638+0000] {processor.py:839} INFO - DAG(s) dict_keys(['example_bash_operator']) retrieved from /home/airflow/.local/lib/python3.8/site-packages/airflow/example_dags/example_bash_operator.py
[2023-10-18T02:40:50.647+0000] {logging_mixin.py:151} INFO - [2023-10-18T02:40:50.647+0000] {dag.py:2941} INFO - Sync 1 DAGs
[2023-10-18T02:40:50.661+0000] {logging_mixin.py:151} INFO - [2023-10-18T02:40:50.661+0000] {dag.py:3722} INFO - Setting next_dagrun for example_bash_operator to 2023-10-17T00:00:00+00:00, run_after=2023-10-18T00:00:00+00:00
[2023-10-18T02:40:50.675+0000] {processor.py:179} INFO - Processing /home/airflow/.local/lib/python3.8/site-packages/airflow/example_dags/example_bash_operator.py took 0.048 seconds
[2023-10-18T02:41:21.264+0000] {processor.py:157} INFO - Started process (PID=414) to work on /home/airflow/.local/lib/python3.8/site-packages/airflow/example_dags/example_bash_operator.py
[2023-10-18T02:41:21.264+0000] {processor.py:829} INFO - Processing file /home/airflow/.local/lib/python3.8/site-packages/airflow/example_dags/example_bash_operator.py for tasks to queue
[2023-10-18T02:41:21.265+0000] {logging_mixin.py:151} INFO - [2023-10-18T02:41:21.264+0000] {dagbag.py:536} INFO - Filling up the DagBag from /home/airflow/.local/lib/python3.8/site-packages/airflow/example_dags/example_bash_operator.py
[2023-10-18T02:41:21.271+0000] {processor.py:839} INFO - DAG(s) dict_keys(['example_bash_operator']) retrieved from /home/airflow/.local/lib/python3.8/site-packages/airflow/example_dags/example_bash_operator.py
[2023-10-18T02:41:21.290+0000] {logging_mixin.py:151} INFO - [2023-10-18T02:41:21.290+0000] {dag.py:2941} INFO - Sync 1 DAGs
[2023-10-18T02:41:21.302+0000] {logging_mixin.py:151} INFO - [2023-10-18T02:41:21.301+0000] {dag.py:3722} INFO - Setting next_dagrun for example_bash_operator to 2023-10-17T00:00:00+00:00, run_after=2023-10-18T00:00:00+00:00
[2023-10-18T02:41:21.310+0000] {processor.py:179} INFO - Processing /home/airflow/.local/lib/python3.8/site-packages/airflow/example_dags/example_bash_operator.py took 0.049 seconds
[2023-10-18T02:41:51.494+0000] {processor.py:157} INFO - Started process (PID=654) to work on /home/airflow/.local/lib/python3.8/site-packages/airflow/example_dags/example_bash_operator.py
[2023-10-18T02:41:51.495+0000] {processor.py:829} INFO - Processing file /home/airflow/.local/lib/python3.8/site-packages/airflow/example_dags/example_bash_operator.py for tasks to queue
[2023-10-18T02:41:51.496+0000] {logging_mixin.py:151} INFO - [2023-10-18T02:41:51.495+0000] {dagbag.py:536} INFO - Filling up the DagBag from /home/airflow/.local/lib/python3.8/site-packages/airflow/example_dags/example_bash_operator.py
[2023-10-18T02:41:51.503+0000] {processor.py:839} INFO - DAG(s) dict_keys(['example_bash_operator']) retrieved from /home/airflow/.local/lib/python3.8/site-packages/airflow/example_dags/example_bash_operator.py
[2023-10-18T02:41:51.523+0000] {logging_mixin.py:151} INFO - [2023-10-18T02:41:51.523+0000] {dag.py:2941} INFO - Sync 1 DAGs
[2023-10-18T02:41:51.534+0000] {logging_mixin.py:151} INFO - [2023-10-18T02:41:51.534+0000] {dag.py:3722} INFO - Setting next_dagrun for example_bash_operator to 2023-10-17T00:00:00+00:00, run_after=2023-10-18T00:00:00+00:00
[2023-10-18T02:41:51.544+0000] {processor.py:179} INFO - Processing /home/airflow/.local/lib/python3.8/site-packages/airflow/example_dags/example_bash_operator.py took 0.053 seconds
[2023-10-18T02:42:21.600+0000] {processor.py:157} INFO - Started process (PID=892) to work on /home/airflow/.local/lib/python3.8/site-packages/airflow/example_dags/example_bash_operator.py
[2023-10-18T02:42:21.600+0000] {processor.py:829} INFO - Processing file /home/airflow/.local/lib/python3.8/site-packages/airflow/example_dags/example_bash_operator.py for tasks to queue
[2023-10-18T02:42:21.601+0000] {logging_mixin.py:151} INFO - [2023-10-18T02:42:21.601+0000] {dagbag.py:536} INFO - Filling up the DagBag from /home/airflow/.local/lib/python3.8/site-packages/airflow/example_dags/example_bash_operator.py
[2023-10-18T02:42:21.607+0000] {processor.py:839} INFO - DAG(s) dict_keys(['example_bash_operator']) retrieved from /home/airflow/.local/lib/python3.8/site-packages/airflow/example_dags/example_bash_operator.py
[2023-10-18T02:42:21.623+0000] {logging_mixin.py:151} INFO - [2023-10-18T02:42:21.623+0000] {dag.py:2941} INFO - Sync 1 DAGs
[2023-10-18T02:42:21.634+0000] {logging_mixin.py:151} INFO - [2023-10-18T02:42:21.634+0000] {dag.py:3722} INFO - Setting next_dagrun for example_bash_operator to 2023-10-17T00:00:00+00:00, run_after=2023-10-18T00:00:00+00:00
[2023-10-18T02:42:21.645+0000] {processor.py:179} INFO - Processing /home/airflow/.local/lib/python3.8/site-packages/airflow/example_dags/example_bash_operator.py took 0.048 seconds
[2023-10-18T02:42:52.559+0000] {processor.py:157} INFO - Started process (PID=1178) to work on /home/airflow/.local/lib/python3.8/site-packages/airflow/example_dags/example_bash_operator.py
[2023-10-18T02:42:52.560+0000] {processor.py:829} INFO - Processing file /home/airflow/.local/lib/python3.8/site-packages/airflow/example_dags/example_bash_operator.py for tasks to queue
[2023-10-18T02:42:52.561+0000] {logging_mixin.py:151} INFO - [2023-10-18T02:42:52.560+0000] {dagbag.py:536} INFO - Filling up the DagBag from /home/airflow/.local/lib/python3.8/site-packages/airflow/example_dags/example_bash_operator.py
[2023-10-18T02:42:52.568+0000] {processor.py:839} INFO - DAG(s) dict_keys(['example_bash_operator']) retrieved from /home/airflow/.local/lib/python3.8/site-packages/airflow/example_dags/example_bash_operator.py
[2023-10-18T02:42:52.589+0000] {logging_mixin.py:151} INFO - [2023-10-18T02:42:52.589+0000] {dag.py:2941} INFO - Sync 1 DAGs
[2023-10-18T02:42:52.603+0000] {logging_mixin.py:151} INFO - [2023-10-18T02:42:52.603+0000] {dag.py:3722} INFO - Setting next_dagrun for example_bash_operator to 2023-10-18T00:00:00+00:00, run_after=2023-10-19T00:00:00+00:00
[2023-10-18T02:42:52.612+0000] {processor.py:179} INFO - Processing /home/airflow/.local/lib/python3.8/site-packages/airflow/example_dags/example_bash_operator.py took 0.056 seconds
[2023-10-18T02:43:22.637+0000] {processor.py:157} INFO - Started process (PID=1414) to work on /home/airflow/.local/lib/python3.8/site-packages/airflow/example_dags/example_bash_operator.py
[2023-10-18T02:43:22.637+0000] {processor.py:829} INFO - Processing file /home/airflow/.local/lib/python3.8/site-packages/airflow/example_dags/example_bash_operator.py for tasks to queue
[2023-10-18T02:43:22.638+0000] {logging_mixin.py:151} INFO - [2023-10-18T02:43:22.638+0000] {dagbag.py:536} INFO - Filling up the DagBag from /home/airflow/.local/lib/python3.8/site-packages/airflow/example_dags/example_bash_operator.py
[2023-10-18T02:43:22.645+0000] {processor.py:839} INFO - DAG(s) dict_keys(['example_bash_operator']) retrieved from /home/airflow/.local/lib/python3.8/site-packages/airflow/example_dags/example_bash_operator.py
[2023-10-18T02:43:22.662+0000] {logging_mixin.py:151} INFO - [2023-10-18T02:43:22.662+0000] {dag.py:2941} INFO - Sync 1 DAGs
[2023-10-18T02:43:22.677+0000] {logging_mixin.py:151} INFO - [2023-10-18T02:43:22.677+0000] {dag.py:3722} INFO - Setting next_dagrun for example_bash_operator to 2023-10-18T00:00:00+00:00, run_after=2023-10-19T00:00:00+00:00
[2023-10-18T02:43:22.687+0000] {processor.py:179} INFO - Processing /home/airflow/.local/lib/python3.8/site-packages/airflow/example_dags/example_bash_operator.py took 0.052 seconds
[2023-10-18T02:43:52.890+0000] {processor.py:157} INFO - Started process (PID=1653) to work on /home/airflow/.local/lib/python3.8/site-packages/airflow/example_dags/example_bash_operator.py
[2023-10-18T02:43:52.890+0000] {processor.py:829} INFO - Processing file /home/airflow/.local/lib/python3.8/site-packages/airflow/example_dags/example_bash_operator.py for tasks to queue
[2023-10-18T02:43:52.891+0000] {logging_mixin.py:151} INFO - [2023-10-18T02:43:52.891+0000] {dagbag.py:536} INFO - Filling up the DagBag from /home/airflow/.local/lib/python3.8/site-packages/airflow/example_dags/example_bash_operator.py
[2023-10-18T02:43:52.898+0000] {processor.py:839} INFO - DAG(s) dict_keys(['example_bash_operator']) retrieved from /home/airflow/.local/lib/python3.8/site-packages/airflow/example_dags/example_bash_operator.py
[2023-10-18T02:43:52.916+0000] {logging_mixin.py:151} INFO - [2023-10-18T02:43:52.916+0000] {dag.py:2941} INFO - Sync 1 DAGs
[2023-10-18T02:43:52.927+0000] {logging_mixin.py:151} INFO - [2023-10-18T02:43:52.927+0000] {dag.py:3722} INFO - Setting next_dagrun for example_bash_operator to 2023-10-18T00:00:00+00:00, run_after=2023-10-19T00:00:00+00:00
[2023-10-18T02:43:52.938+0000] {processor.py:179} INFO - Processing /home/airflow/.local/lib/python3.8/site-packages/airflow/example_dags/example_bash_operator.py took 0.050 seconds
[2023-10-18T02:44:23.706+0000] {processor.py:157} INFO - Started process (PID=1892) to work on /home/airflow/.local/lib/python3.8/site-packages/airflow/example_dags/example_bash_operator.py
[2023-10-18T02:44:23.707+0000] {processor.py:829} INFO - Processing file /home/airflow/.local/lib/python3.8/site-packages/airflow/example_dags/example_bash_operator.py for tasks to queue
[2023-10-18T02:44:23.707+0000] {logging_mixin.py:151} INFO - [2023-10-18T02:44:23.707+0000] {dagbag.py:536} INFO - Filling up the DagBag from /home/airflow/.local/lib/python3.8/site-packages/airflow/example_dags/example_bash_operator.py
[2023-10-18T02:44:23.714+0000] {processor.py:839} INFO - DAG(s) dict_keys(['example_bash_operator']) retrieved from /home/airflow/.local/lib/python3.8/site-packages/airflow/example_dags/example_bash_operator.py
[2023-10-18T02:44:23.731+0000] {logging_mixin.py:151} INFO - [2023-10-18T02:44:23.731+0000] {dag.py:2941} INFO - Sync 1 DAGs
[2023-10-18T02:44:23.743+0000] {logging_mixin.py:151} INFO - [2023-10-18T02:44:23.742+0000] {dag.py:3722} INFO - Setting next_dagrun for example_bash_operator to 2023-10-18T00:00:00+00:00, run_after=2023-10-19T00:00:00+00:00
[2023-10-18T02:44:23.752+0000] {processor.py:179} INFO - Processing /home/airflow/.local/lib/python3.8/site-packages/airflow/example_dags/example_bash_operator.py took 0.048 seconds
[2023-10-18T02:44:53.779+0000] {processor.py:157} INFO - Started process (PID=2129) to work on /home/airflow/.local/lib/python3.8/site-packages/airflow/example_dags/example_bash_operator.py
[2023-10-18T02:44:53.779+0000] {processor.py:829} INFO - Processing file /home/airflow/.local/lib/python3.8/site-packages/airflow/example_dags/example_bash_operator.py for tasks to queue
[2023-10-18T02:44:53.780+0000] {logging_mixin.py:151} INFO - [2023-10-18T02:44:53.779+0000] {dagbag.py:536} INFO - Filling up the DagBag from /home/airflow/.local/lib/python3.8/site-packages/airflow/example_dags/example_bash_operator.py
[2023-10-18T02:44:53.786+0000] {processor.py:839} INFO - DAG(s) dict_keys(['example_bash_operator']) retrieved from /home/airflow/.local/lib/python3.8/site-packages/airflow/example_dags/example_bash_operator.py
[2023-10-18T02:44:53.807+0000] {logging_mixin.py:151} INFO - [2023-10-18T02:44:53.807+0000] {dag.py:2941} INFO - Sync 1 DAGs
[2023-10-18T02:44:53.820+0000] {logging_mixin.py:151} INFO - [2023-10-18T02:44:53.820+0000] {dag.py:3722} INFO - Setting next_dagrun for example_bash_operator to 2023-10-18T00:00:00+00:00, run_after=2023-10-19T00:00:00+00:00
[2023-10-18T02:44:53.829+0000] {processor.py:179} INFO - Processing /home/airflow/.local/lib/python3.8/site-packages/airflow/example_dags/example_bash_operator.py took 0.052 seconds
[2023-10-18T02:45:23.983+0000] {processor.py:157} INFO - Started process (PID=2369) to work on /home/airflow/.local/lib/python3.8/site-packages/airflow/example_dags/example_bash_operator.py
[2023-10-18T02:45:23.983+0000] {processor.py:829} INFO - Processing file /home/airflow/.local/lib/python3.8/site-packages/airflow/example_dags/example_bash_operator.py for tasks to queue
[2023-10-18T02:45:23.984+0000] {logging_mixin.py:151} INFO - [2023-10-18T02:45:23.984+0000] {dagbag.py:536} INFO - Filling up the DagBag from /home/airflow/.local/lib/python3.8/site-packages/airflow/example_dags/example_bash_operator.py
[2023-10-18T02:45:23.991+0000] {processor.py:839} INFO - DAG(s) dict_keys(['example_bash_operator']) retrieved from /home/airflow/.local/lib/python3.8/site-packages/airflow/example_dags/example_bash_operator.py
[2023-10-18T02:45:24.009+0000] {logging_mixin.py:151} INFO - [2023-10-18T02:45:24.009+0000] {dag.py:2941} INFO - Sync 1 DAGs
[2023-10-18T02:45:24.022+0000] {logging_mixin.py:151} INFO - [2023-10-18T02:45:24.022+0000] {dag.py:3722} INFO - Setting next_dagrun for example_bash_operator to 2023-10-18T00:00:00+00:00, run_after=2023-10-19T00:00:00+00:00
[2023-10-18T02:45:24.033+0000] {processor.py:179} INFO - Processing /home/airflow/.local/lib/python3.8/site-packages/airflow/example_dags/example_bash_operator.py took 0.053 seconds
[2023-10-18T02:45:54.095+0000] {processor.py:157} INFO - Started process (PID=2607) to work on /home/airflow/.local/lib/python3.8/site-packages/airflow/example_dags/example_bash_operator.py
[2023-10-18T02:45:54.096+0000] {processor.py:829} INFO - Processing file /home/airflow/.local/lib/python3.8/site-packages/airflow/example_dags/example_bash_operator.py for tasks to queue
[2023-10-18T02:45:54.096+0000] {logging_mixin.py:151} INFO - [2023-10-18T02:45:54.096+0000] {dagbag.py:536} INFO - Filling up the DagBag from /home/airflow/.local/lib/python3.8/site-packages/airflow/example_dags/example_bash_operator.py
[2023-10-18T02:45:54.103+0000] {processor.py:839} INFO - DAG(s) dict_keys(['example_bash_operator']) retrieved from /home/airflow/.local/lib/python3.8/site-packages/airflow/example_dags/example_bash_operator.py
[2023-10-18T02:45:54.120+0000] {logging_mixin.py:151} INFO - [2023-10-18T02:45:54.120+0000] {dag.py:2941} INFO - Sync 1 DAGs
[2023-10-18T02:45:54.131+0000] {logging_mixin.py:151} INFO - [2023-10-18T02:45:54.131+0000] {dag.py:3722} INFO - Setting next_dagrun for example_bash_operator to 2023-10-18T00:00:00+00:00, run_after=2023-10-19T00:00:00+00:00
[2023-10-18T02:45:54.139+0000] {processor.py:179} INFO - Processing /home/airflow/.local/lib/python3.8/site-packages/airflow/example_dags/example_bash_operator.py took 0.046 seconds
[2023-10-18T02:46:24.305+0000] {processor.py:157} INFO - Started process (PID=2843) to work on /home/airflow/.local/lib/python3.8/site-packages/airflow/example_dags/example_bash_operator.py
[2023-10-18T02:46:24.306+0000] {processor.py:829} INFO - Processing file /home/airflow/.local/lib/python3.8/site-packages/airflow/example_dags/example_bash_operator.py for tasks to queue
[2023-10-18T02:46:24.307+0000] {logging_mixin.py:151} INFO - [2023-10-18T02:46:24.306+0000] {dagbag.py:536} INFO - Filling up the DagBag from /home/airflow/.local/lib/python3.8/site-packages/airflow/example_dags/example_bash_operator.py
[2023-10-18T02:46:24.313+0000] {processor.py:839} INFO - DAG(s) dict_keys(['example_bash_operator']) retrieved from /home/airflow/.local/lib/python3.8/site-packages/airflow/example_dags/example_bash_operator.py
[2023-10-18T02:46:24.330+0000] {logging_mixin.py:151} INFO - [2023-10-18T02:46:24.329+0000] {dag.py:2941} INFO - Sync 1 DAGs
[2023-10-18T02:46:24.341+0000] {logging_mixin.py:151} INFO - [2023-10-18T02:46:24.341+0000] {dag.py:3722} INFO - Setting next_dagrun for example_bash_operator to 2023-10-18T00:00:00+00:00, run_after=2023-10-19T00:00:00+00:00
[2023-10-18T02:46:24.350+0000] {processor.py:179} INFO - Processing /home/airflow/.local/lib/python3.8/site-packages/airflow/example_dags/example_bash_operator.py took 0.047 seconds
[2023-10-18T02:46:54.483+0000] {processor.py:157} INFO - Started process (PID=3081) to work on /home/airflow/.local/lib/python3.8/site-packages/airflow/example_dags/example_bash_operator.py
[2023-10-18T02:46:54.483+0000] {processor.py:829} INFO - Processing file /home/airflow/.local/lib/python3.8/site-packages/airflow/example_dags/example_bash_operator.py for tasks to queue
[2023-10-18T02:46:54.484+0000] {logging_mixin.py:151} INFO - [2023-10-18T02:46:54.483+0000] {dagbag.py:536} INFO - Filling up the DagBag from /home/airflow/.local/lib/python3.8/site-packages/airflow/example_dags/example_bash_operator.py
[2023-10-18T02:46:54.490+0000] {processor.py:839} INFO - DAG(s) dict_keys(['example_bash_operator']) retrieved from /home/airflow/.local/lib/python3.8/site-packages/airflow/example_dags/example_bash_operator.py
[2023-10-18T02:46:54.507+0000] {logging_mixin.py:151} INFO - [2023-10-18T02:46:54.507+0000] {dag.py:2941} INFO - Sync 1 DAGs
[2023-10-18T02:46:54.520+0000] {logging_mixin.py:151} INFO - [2023-10-18T02:46:54.519+0000] {dag.py:3722} INFO - Setting next_dagrun for example_bash_operator to 2023-10-18T00:00:00+00:00, run_after=2023-10-19T00:00:00+00:00
[2023-10-18T02:46:54.532+0000] {processor.py:179} INFO - Processing /home/airflow/.local/lib/python3.8/site-packages/airflow/example_dags/example_bash_operator.py took 0.051 seconds
[2023-10-18T02:47:25.396+0000] {processor.py:157} INFO - Started process (PID=3321) to work on /home/airflow/.local/lib/python3.8/site-packages/airflow/example_dags/example_bash_operator.py
[2023-10-18T02:47:25.397+0000] {processor.py:829} INFO - Processing file /home/airflow/.local/lib/python3.8/site-packages/airflow/example_dags/example_bash_operator.py for tasks to queue
[2023-10-18T02:47:25.398+0000] {logging_mixin.py:151} INFO - [2023-10-18T02:47:25.397+0000] {dagbag.py:536} INFO - Filling up the DagBag from /home/airflow/.local/lib/python3.8/site-packages/airflow/example_dags/example_bash_operator.py
[2023-10-18T02:47:25.405+0000] {processor.py:839} INFO - DAG(s) dict_keys(['example_bash_operator']) retrieved from /home/airflow/.local/lib/python3.8/site-packages/airflow/example_dags/example_bash_operator.py
[2023-10-18T02:47:25.423+0000] {logging_mixin.py:151} INFO - [2023-10-18T02:47:25.423+0000] {dag.py:2941} INFO - Sync 1 DAGs
[2023-10-18T02:47:25.435+0000] {logging_mixin.py:151} INFO - [2023-10-18T02:47:25.435+0000] {dag.py:3722} INFO - Setting next_dagrun for example_bash_operator to 2023-10-18T00:00:00+00:00, run_after=2023-10-19T00:00:00+00:00
[2023-10-18T02:47:25.445+0000] {processor.py:179} INFO - Processing /home/airflow/.local/lib/python3.8/site-packages/airflow/example_dags/example_bash_operator.py took 0.050 seconds
[2023-10-18T02:47:55.518+0000] {processor.py:157} INFO - Started process (PID=3557) to work on /home/airflow/.local/lib/python3.8/site-packages/airflow/example_dags/example_bash_operator.py
[2023-10-18T02:47:55.519+0000] {processor.py:829} INFO - Processing file /home/airflow/.local/lib/python3.8/site-packages/airflow/example_dags/example_bash_operator.py for tasks to queue
[2023-10-18T02:47:55.519+0000] {logging_mixin.py:151} INFO - [2023-10-18T02:47:55.519+0000] {dagbag.py:536} INFO - Filling up the DagBag from /home/airflow/.local/lib/python3.8/site-packages/airflow/example_dags/example_bash_operator.py
[2023-10-18T02:47:55.526+0000] {processor.py:839} INFO - DAG(s) dict_keys(['example_bash_operator']) retrieved from /home/airflow/.local/lib/python3.8/site-packages/airflow/example_dags/example_bash_operator.py
[2023-10-18T02:47:55.543+0000] {logging_mixin.py:151} INFO - [2023-10-18T02:47:55.543+0000] {dag.py:2941} INFO - Sync 1 DAGs
[2023-10-18T02:47:55.555+0000] {logging_mixin.py:151} INFO - [2023-10-18T02:47:55.555+0000] {dag.py:3722} INFO - Setting next_dagrun for example_bash_operator to 2023-10-18T00:00:00+00:00, run_after=2023-10-19T00:00:00+00:00
[2023-10-18T02:47:55.565+0000] {processor.py:179} INFO - Processing /home/airflow/.local/lib/python3.8/site-packages/airflow/example_dags/example_bash_operator.py took 0.049 seconds
[2023-10-18T02:48:25.731+0000] {processor.py:157} INFO - Started process (PID=3797) to work on /home/airflow/.local/lib/python3.8/site-packages/airflow/example_dags/example_bash_operator.py
[2023-10-18T02:48:25.732+0000] {processor.py:829} INFO - Processing file /home/airflow/.local/lib/python3.8/site-packages/airflow/example_dags/example_bash_operator.py for tasks to queue
[2023-10-18T02:48:25.733+0000] {logging_mixin.py:151} INFO - [2023-10-18T02:48:25.732+0000] {dagbag.py:536} INFO - Filling up the DagBag from /home/airflow/.local/lib/python3.8/site-packages/airflow/example_dags/example_bash_operator.py
[2023-10-18T02:48:25.739+0000] {processor.py:839} INFO - DAG(s) dict_keys(['example_bash_operator']) retrieved from /home/airflow/.local/lib/python3.8/site-packages/airflow/example_dags/example_bash_operator.py
[2023-10-18T02:48:25.757+0000] {logging_mixin.py:151} INFO - [2023-10-18T02:48:25.757+0000] {dag.py:2941} INFO - Sync 1 DAGs
[2023-10-18T02:48:25.768+0000] {logging_mixin.py:151} INFO - [2023-10-18T02:48:25.768+0000] {dag.py:3722} INFO - Setting next_dagrun for example_bash_operator to 2023-10-18T00:00:00+00:00, run_after=2023-10-19T00:00:00+00:00
[2023-10-18T02:48:25.776+0000] {processor.py:179} INFO - Processing /home/airflow/.local/lib/python3.8/site-packages/airflow/example_dags/example_bash_operator.py took 0.047 seconds
[2023-10-18T02:48:55.904+0000] {processor.py:157} INFO - Started process (PID=4035) to work on /home/airflow/.local/lib/python3.8/site-packages/airflow/example_dags/example_bash_operator.py
[2023-10-18T02:48:55.905+0000] {processor.py:829} INFO - Processing file /home/airflow/.local/lib/python3.8/site-packages/airflow/example_dags/example_bash_operator.py for tasks to queue
[2023-10-18T02:48:55.905+0000] {logging_mixin.py:151} INFO - [2023-10-18T02:48:55.905+0000] {dagbag.py:536} INFO - Filling up the DagBag from /home/airflow/.local/lib/python3.8/site-packages/airflow/example_dags/example_bash_operator.py
[2023-10-18T02:48:55.912+0000] {processor.py:839} INFO - DAG(s) dict_keys(['example_bash_operator']) retrieved from /home/airflow/.local/lib/python3.8/site-packages/airflow/example_dags/example_bash_operator.py
[2023-10-18T02:48:55.931+0000] {logging_mixin.py:151} INFO - [2023-10-18T02:48:55.931+0000] {dag.py:2941} INFO - Sync 1 DAGs
[2023-10-18T02:48:55.942+0000] {logging_mixin.py:151} INFO - [2023-10-18T02:48:55.942+0000] {dag.py:3722} INFO - Setting next_dagrun for example_bash_operator to 2023-10-18T00:00:00+00:00, run_after=2023-10-19T00:00:00+00:00
[2023-10-18T02:48:55.951+0000] {processor.py:179} INFO - Processing /home/airflow/.local/lib/python3.8/site-packages/airflow/example_dags/example_bash_operator.py took 0.049 seconds
[2023-10-18T02:49:26.049+0000] {processor.py:157} INFO - Started process (PID=4273) to work on /home/airflow/.local/lib/python3.8/site-packages/airflow/example_dags/example_bash_operator.py
[2023-10-18T02:49:26.049+0000] {processor.py:829} INFO - Processing file /home/airflow/.local/lib/python3.8/site-packages/airflow/example_dags/example_bash_operator.py for tasks to queue
[2023-10-18T02:49:26.050+0000] {logging_mixin.py:151} INFO - [2023-10-18T02:49:26.050+0000] {dagbag.py:536} INFO - Filling up the DagBag from /home/airflow/.local/lib/python3.8/site-packages/airflow/example_dags/example_bash_operator.py
[2023-10-18T02:49:26.057+0000] {processor.py:839} INFO - DAG(s) dict_keys(['example_bash_operator']) retrieved from /home/airflow/.local/lib/python3.8/site-packages/airflow/example_dags/example_bash_operator.py
[2023-10-18T02:49:26.076+0000] {logging_mixin.py:151} INFO - [2023-10-18T02:49:26.076+0000] {dag.py:2941} INFO - Sync 1 DAGs
[2023-10-18T02:49:26.088+0000] {logging_mixin.py:151} INFO - [2023-10-18T02:49:26.088+0000] {dag.py:3722} INFO - Setting next_dagrun for example_bash_operator to 2023-10-18T00:00:00+00:00, run_after=2023-10-19T00:00:00+00:00
[2023-10-18T02:49:26.096+0000] {processor.py:179} INFO - Processing /home/airflow/.local/lib/python3.8/site-packages/airflow/example_dags/example_bash_operator.py took 0.050 seconds
[2023-10-18T02:49:56.145+0000] {processor.py:157} INFO - Started process (PID=4511) to work on /home/airflow/.local/lib/python3.8/site-packages/airflow/example_dags/example_bash_operator.py
[2023-10-18T02:49:56.146+0000] {processor.py:829} INFO - Processing file /home/airflow/.local/lib/python3.8/site-packages/airflow/example_dags/example_bash_operator.py for tasks to queue
[2023-10-18T02:49:56.146+0000] {logging_mixin.py:151} INFO - [2023-10-18T02:49:56.146+0000] {dagbag.py:536} INFO - Filling up the DagBag from /home/airflow/.local/lib/python3.8/site-packages/airflow/example_dags/example_bash_operator.py
[2023-10-18T02:49:56.154+0000] {processor.py:839} INFO - DAG(s) dict_keys(['example_bash_operator']) retrieved from /home/airflow/.local/lib/python3.8/site-packages/airflow/example_dags/example_bash_operator.py
[2023-10-18T02:49:56.171+0000] {logging_mixin.py:151} INFO - [2023-10-18T02:49:56.171+0000] {dag.py:2941} INFO - Sync 1 DAGs
[2023-10-18T02:49:56.183+0000] {logging_mixin.py:151} INFO - [2023-10-18T02:49:56.183+0000] {dag.py:3722} INFO - Setting next_dagrun for example_bash_operator to 2023-10-18T00:00:00+00:00, run_after=2023-10-19T00:00:00+00:00
[2023-10-18T02:49:56.193+0000] {processor.py:179} INFO - Processing /home/airflow/.local/lib/python3.8/site-packages/airflow/example_dags/example_bash_operator.py took 0.050 seconds
[2023-10-18T02:50:26.287+0000] {processor.py:157} INFO - Started process (PID=4748) to work on /home/airflow/.local/lib/python3.8/site-packages/airflow/example_dags/example_bash_operator.py
[2023-10-18T02:50:26.288+0000] {processor.py:829} INFO - Processing file /home/airflow/.local/lib/python3.8/site-packages/airflow/example_dags/example_bash_operator.py for tasks to queue
[2023-10-18T02:50:26.288+0000] {logging_mixin.py:151} INFO - [2023-10-18T02:50:26.288+0000] {dagbag.py:536} INFO - Filling up the DagBag from /home/airflow/.local/lib/python3.8/site-packages/airflow/example_dags/example_bash_operator.py
[2023-10-18T02:50:26.294+0000] {processor.py:839} INFO - DAG(s) dict_keys(['example_bash_operator']) retrieved from /home/airflow/.local/lib/python3.8/site-packages/airflow/example_dags/example_bash_operator.py
[2023-10-18T02:50:26.312+0000] {logging_mixin.py:151} INFO - [2023-10-18T02:50:26.312+0000] {dag.py:2941} INFO - Sync 1 DAGs
[2023-10-18T02:50:26.325+0000] {logging_mixin.py:151} INFO - [2023-10-18T02:50:26.325+0000] {dag.py:3722} INFO - Setting next_dagrun for example_bash_operator to 2023-10-18T00:00:00+00:00, run_after=2023-10-19T00:00:00+00:00
[2023-10-18T02:50:26.334+0000] {processor.py:179} INFO - Processing /home/airflow/.local/lib/python3.8/site-packages/airflow/example_dags/example_bash_operator.py took 0.049 seconds
[2023-10-18T02:50:56.459+0000] {processor.py:157} INFO - Started process (PID=4988) to work on /home/airflow/.local/lib/python3.8/site-packages/airflow/example_dags/example_bash_operator.py
[2023-10-18T02:50:56.460+0000] {processor.py:829} INFO - Processing file /home/airflow/.local/lib/python3.8/site-packages/airflow/example_dags/example_bash_operator.py for tasks to queue
[2023-10-18T02:50:56.460+0000] {logging_mixin.py:151} INFO - [2023-10-18T02:50:56.460+0000] {dagbag.py:536} INFO - Filling up the DagBag from /home/airflow/.local/lib/python3.8/site-packages/airflow/example_dags/example_bash_operator.py
[2023-10-18T02:50:56.467+0000] {processor.py:839} INFO - DAG(s) dict_keys(['example_bash_operator']) retrieved from /home/airflow/.local/lib/python3.8/site-packages/airflow/example_dags/example_bash_operator.py
[2023-10-18T02:50:56.484+0000] {logging_mixin.py:151} INFO - [2023-10-18T02:50:56.484+0000] {dag.py:2941} INFO - Sync 1 DAGs
[2023-10-18T02:50:56.496+0000] {logging_mixin.py:151} INFO - [2023-10-18T02:50:56.496+0000] {dag.py:3722} INFO - Setting next_dagrun for example_bash_operator to 2023-10-18T00:00:00+00:00, run_after=2023-10-19T00:00:00+00:00
[2023-10-18T02:50:56.505+0000] {processor.py:179} INFO - Processing /home/airflow/.local/lib/python3.8/site-packages/airflow/example_dags/example_bash_operator.py took 0.048 seconds
[2023-10-18T02:51:26.644+0000] {processor.py:157} INFO - Started process (PID=5224) to work on /home/airflow/.local/lib/python3.8/site-packages/airflow/example_dags/example_bash_operator.py
[2023-10-18T02:51:26.645+0000] {processor.py:829} INFO - Processing file /home/airflow/.local/lib/python3.8/site-packages/airflow/example_dags/example_bash_operator.py for tasks to queue
[2023-10-18T02:51:26.645+0000] {logging_mixin.py:151} INFO - [2023-10-18T02:51:26.645+0000] {dagbag.py:536} INFO - Filling up the DagBag from /home/airflow/.local/lib/python3.8/site-packages/airflow/example_dags/example_bash_operator.py
[2023-10-18T02:51:26.653+0000] {processor.py:839} INFO - DAG(s) dict_keys(['example_bash_operator']) retrieved from /home/airflow/.local/lib/python3.8/site-packages/airflow/example_dags/example_bash_operator.py
[2023-10-18T02:51:26.671+0000] {logging_mixin.py:151} INFO - [2023-10-18T02:51:26.671+0000] {dag.py:2941} INFO - Sync 1 DAGs
[2023-10-18T02:51:26.683+0000] {logging_mixin.py:151} INFO - [2023-10-18T02:51:26.683+0000] {dag.py:3722} INFO - Setting next_dagrun for example_bash_operator to 2023-10-18T00:00:00+00:00, run_after=2023-10-19T00:00:00+00:00
[2023-10-18T02:51:26.692+0000] {processor.py:179} INFO - Processing /home/airflow/.local/lib/python3.8/site-packages/airflow/example_dags/example_bash_operator.py took 0.050 seconds
[2023-10-18T02:51:56.815+0000] {processor.py:157} INFO - Started process (PID=5461) to work on /home/airflow/.local/lib/python3.8/site-packages/airflow/example_dags/example_bash_operator.py
[2023-10-18T02:51:56.816+0000] {processor.py:829} INFO - Processing file /home/airflow/.local/lib/python3.8/site-packages/airflow/example_dags/example_bash_operator.py for tasks to queue
[2023-10-18T02:51:56.816+0000] {logging_mixin.py:151} INFO - [2023-10-18T02:51:56.816+0000] {dagbag.py:536} INFO - Filling up the DagBag from /home/airflow/.local/lib/python3.8/site-packages/airflow/example_dags/example_bash_operator.py
[2023-10-18T02:51:56.823+0000] {processor.py:839} INFO - DAG(s) dict_keys(['example_bash_operator']) retrieved from /home/airflow/.local/lib/python3.8/site-packages/airflow/example_dags/example_bash_operator.py
[2023-10-18T02:51:56.842+0000] {logging_mixin.py:151} INFO - [2023-10-18T02:51:56.842+0000] {dag.py:2941} INFO - Sync 1 DAGs
[2023-10-18T02:51:56.855+0000] {logging_mixin.py:151} INFO - [2023-10-18T02:51:56.855+0000] {dag.py:3722} INFO - Setting next_dagrun for example_bash_operator to 2023-10-18T00:00:00+00:00, run_after=2023-10-19T00:00:00+00:00
[2023-10-18T02:51:56.863+0000] {processor.py:179} INFO - Processing /home/airflow/.local/lib/python3.8/site-packages/airflow/example_dags/example_bash_operator.py took 0.051 seconds
[2023-10-18T02:52:27.690+0000] {processor.py:157} INFO - Started process (PID=5698) to work on /home/airflow/.local/lib/python3.8/site-packages/airflow/example_dags/example_bash_operator.py
[2023-10-18T02:52:27.691+0000] {processor.py:829} INFO - Processing file /home/airflow/.local/lib/python3.8/site-packages/airflow/example_dags/example_bash_operator.py for tasks to queue
[2023-10-18T02:52:27.691+0000] {logging_mixin.py:151} INFO - [2023-10-18T02:52:27.691+0000] {dagbag.py:536} INFO - Filling up the DagBag from /home/airflow/.local/lib/python3.8/site-packages/airflow/example_dags/example_bash_operator.py
[2023-10-18T02:52:27.698+0000] {processor.py:839} INFO - DAG(s) dict_keys(['example_bash_operator']) retrieved from /home/airflow/.local/lib/python3.8/site-packages/airflow/example_dags/example_bash_operator.py
[2023-10-18T02:52:27.716+0000] {logging_mixin.py:151} INFO - [2023-10-18T02:52:27.716+0000] {dag.py:2941} INFO - Sync 1 DAGs
[2023-10-18T02:52:27.730+0000] {logging_mixin.py:151} INFO - [2023-10-18T02:52:27.730+0000] {dag.py:3722} INFO - Setting next_dagrun for example_bash_operator to 2023-10-18T00:00:00+00:00, run_after=2023-10-19T00:00:00+00:00
[2023-10-18T02:52:27.740+0000] {processor.py:179} INFO - Processing /home/airflow/.local/lib/python3.8/site-packages/airflow/example_dags/example_bash_operator.py took 0.052 seconds
[2023-10-18T02:52:57.906+0000] {processor.py:157} INFO - Started process (PID=5936) to work on /home/airflow/.local/lib/python3.8/site-packages/airflow/example_dags/example_bash_operator.py
[2023-10-18T02:52:57.906+0000] {processor.py:829} INFO - Processing file /home/airflow/.local/lib/python3.8/site-packages/airflow/example_dags/example_bash_operator.py for tasks to queue
[2023-10-18T02:52:57.907+0000] {logging_mixin.py:151} INFO - [2023-10-18T02:52:57.907+0000] {dagbag.py:536} INFO - Filling up the DagBag from /home/airflow/.local/lib/python3.8/site-packages/airflow/example_dags/example_bash_operator.py
[2023-10-18T02:52:57.913+0000] {processor.py:839} INFO - DAG(s) dict_keys(['example_bash_operator']) retrieved from /home/airflow/.local/lib/python3.8/site-packages/airflow/example_dags/example_bash_operator.py
[2023-10-18T02:52:57.931+0000] {logging_mixin.py:151} INFO - [2023-10-18T02:52:57.930+0000] {dag.py:2941} INFO - Sync 1 DAGs
[2023-10-18T02:52:57.945+0000] {logging_mixin.py:151} INFO - [2023-10-18T02:52:57.945+0000] {dag.py:3722} INFO - Setting next_dagrun for example_bash_operator to 2023-10-18T00:00:00+00:00, run_after=2023-10-19T00:00:00+00:00
[2023-10-18T02:52:57.955+0000] {processor.py:179} INFO - Processing /home/airflow/.local/lib/python3.8/site-packages/airflow/example_dags/example_bash_operator.py took 0.051 seconds
[2023-10-18T02:53:28.057+0000] {processor.py:157} INFO - Started process (PID=6174) to work on /home/airflow/.local/lib/python3.8/site-packages/airflow/example_dags/example_bash_operator.py
[2023-10-18T02:53:28.058+0000] {processor.py:829} INFO - Processing file /home/airflow/.local/lib/python3.8/site-packages/airflow/example_dags/example_bash_operator.py for tasks to queue
[2023-10-18T02:53:28.058+0000] {logging_mixin.py:151} INFO - [2023-10-18T02:53:28.058+0000] {dagbag.py:536} INFO - Filling up the DagBag from /home/airflow/.local/lib/python3.8/site-packages/airflow/example_dags/example_bash_operator.py
[2023-10-18T02:53:28.065+0000] {processor.py:839} INFO - DAG(s) dict_keys(['example_bash_operator']) retrieved from /home/airflow/.local/lib/python3.8/site-packages/airflow/example_dags/example_bash_operator.py
[2023-10-18T02:53:28.085+0000] {logging_mixin.py:151} INFO - [2023-10-18T02:53:28.085+0000] {dag.py:2941} INFO - Sync 1 DAGs
[2023-10-18T02:53:28.097+0000] {logging_mixin.py:151} INFO - [2023-10-18T02:53:28.097+0000] {dag.py:3722} INFO - Setting next_dagrun for example_bash_operator to 2023-10-18T00:00:00+00:00, run_after=2023-10-19T00:00:00+00:00
[2023-10-18T02:53:28.110+0000] {processor.py:179} INFO - Processing /home/airflow/.local/lib/python3.8/site-packages/airflow/example_dags/example_bash_operator.py took 0.055 seconds
[2023-10-18T02:53:59.047+0000] {processor.py:157} INFO - Started process (PID=6412) to work on /home/airflow/.local/lib/python3.8/site-packages/airflow/example_dags/example_bash_operator.py
[2023-10-18T02:53:59.047+0000] {processor.py:829} INFO - Processing file /home/airflow/.local/lib/python3.8/site-packages/airflow/example_dags/example_bash_operator.py for tasks to queue
[2023-10-18T02:53:59.048+0000] {logging_mixin.py:151} INFO - [2023-10-18T02:53:59.048+0000] {dagbag.py:536} INFO - Filling up the DagBag from /home/airflow/.local/lib/python3.8/site-packages/airflow/example_dags/example_bash_operator.py
[2023-10-18T02:53:59.054+0000] {processor.py:839} INFO - DAG(s) dict_keys(['example_bash_operator']) retrieved from /home/airflow/.local/lib/python3.8/site-packages/airflow/example_dags/example_bash_operator.py
[2023-10-18T02:53:59.072+0000] {logging_mixin.py:151} INFO - [2023-10-18T02:53:59.072+0000] {dag.py:2941} INFO - Sync 1 DAGs
[2023-10-18T02:53:59.085+0000] {logging_mixin.py:151} INFO - [2023-10-18T02:53:59.085+0000] {dag.py:3722} INFO - Setting next_dagrun for example_bash_operator to 2023-10-18T00:00:00+00:00, run_after=2023-10-19T00:00:00+00:00
[2023-10-18T02:53:59.097+0000] {processor.py:179} INFO - Processing /home/airflow/.local/lib/python3.8/site-packages/airflow/example_dags/example_bash_operator.py took 0.052 seconds
