[2023-10-18T02:40:51.971+0000] {processor.py:157} INFO - Started process (PID=341) to work on /home/airflow/.local/lib/python3.8/site-packages/airflow/example_dags/example_dynamic_task_mapping_with_no_taskflow_operators.py
[2023-10-18T02:40:51.972+0000] {processor.py:829} INFO - Processing file /home/airflow/.local/lib/python3.8/site-packages/airflow/example_dags/example_dynamic_task_mapping_with_no_taskflow_operators.py for tasks to queue
[2023-10-18T02:40:51.973+0000] {logging_mixin.py:151} INFO - [2023-10-18T02:40:51.972+0000] {dagbag.py:536} INFO - Filling up the DagBag from /home/airflow/.local/lib/python3.8/site-packages/airflow/example_dags/example_dynamic_task_mapping_with_no_taskflow_operators.py
[2023-10-18T02:40:51.979+0000] {processor.py:839} INFO - DAG(s) dict_keys(['example_dynamic_task_mapping_with_no_taskflow_operators']) retrieved from /home/airflow/.local/lib/python3.8/site-packages/airflow/example_dags/example_dynamic_task_mapping_with_no_taskflow_operators.py
[2023-10-18T02:40:51.991+0000] {logging_mixin.py:151} INFO - [2023-10-18T02:40:51.991+0000] {dag.py:2941} INFO - Sync 1 DAGs
[2023-10-18T02:40:52.007+0000] {logging_mixin.py:151} INFO - [2023-10-18T02:40:52.007+0000] {dag.py:3722} INFO - Setting next_dagrun for example_dynamic_task_mapping_with_no_taskflow_operators to 2023-10-17T02:40:52.007227+00:00, run_after=2023-10-18T02:40:52.007227+00:00
[2023-10-18T02:40:52.024+0000] {processor.py:179} INFO - Processing /home/airflow/.local/lib/python3.8/site-packages/airflow/example_dags/example_dynamic_task_mapping_with_no_taskflow_operators.py took 0.057 seconds
[2023-10-18T02:41:22.473+0000] {processor.py:157} INFO - Started process (PID=581) to work on /home/airflow/.local/lib/python3.8/site-packages/airflow/example_dags/example_dynamic_task_mapping_with_no_taskflow_operators.py
[2023-10-18T02:41:22.473+0000] {processor.py:829} INFO - Processing file /home/airflow/.local/lib/python3.8/site-packages/airflow/example_dags/example_dynamic_task_mapping_with_no_taskflow_operators.py for tasks to queue
[2023-10-18T02:41:22.474+0000] {logging_mixin.py:151} INFO - [2023-10-18T02:41:22.474+0000] {dagbag.py:536} INFO - Filling up the DagBag from /home/airflow/.local/lib/python3.8/site-packages/airflow/example_dags/example_dynamic_task_mapping_with_no_taskflow_operators.py
[2023-10-18T02:41:22.479+0000] {processor.py:839} INFO - DAG(s) dict_keys(['example_dynamic_task_mapping_with_no_taskflow_operators']) retrieved from /home/airflow/.local/lib/python3.8/site-packages/airflow/example_dags/example_dynamic_task_mapping_with_no_taskflow_operators.py
[2023-10-18T02:41:22.493+0000] {logging_mixin.py:151} INFO - [2023-10-18T02:41:22.493+0000] {dag.py:2941} INFO - Sync 1 DAGs
[2023-10-18T02:41:22.504+0000] {logging_mixin.py:151} INFO - [2023-10-18T02:41:22.504+0000] {dag.py:3722} INFO - Setting next_dagrun for example_dynamic_task_mapping_with_no_taskflow_operators to 2023-10-17T02:41:22.504686+00:00, run_after=2023-10-18T02:41:22.504686+00:00
[2023-10-18T02:41:22.513+0000] {processor.py:179} INFO - Processing /home/airflow/.local/lib/python3.8/site-packages/airflow/example_dags/example_dynamic_task_mapping_with_no_taskflow_operators.py took 0.042 seconds
[2023-10-18T02:41:52.668+0000] {processor.py:157} INFO - Started process (PID=817) to work on /home/airflow/.local/lib/python3.8/site-packages/airflow/example_dags/example_dynamic_task_mapping_with_no_taskflow_operators.py
[2023-10-18T02:41:52.669+0000] {processor.py:829} INFO - Processing file /home/airflow/.local/lib/python3.8/site-packages/airflow/example_dags/example_dynamic_task_mapping_with_no_taskflow_operators.py for tasks to queue
[2023-10-18T02:41:52.669+0000] {logging_mixin.py:151} INFO - [2023-10-18T02:41:52.669+0000] {dagbag.py:536} INFO - Filling up the DagBag from /home/airflow/.local/lib/python3.8/site-packages/airflow/example_dags/example_dynamic_task_mapping_with_no_taskflow_operators.py
[2023-10-18T02:41:52.674+0000] {processor.py:839} INFO - DAG(s) dict_keys(['example_dynamic_task_mapping_with_no_taskflow_operators']) retrieved from /home/airflow/.local/lib/python3.8/site-packages/airflow/example_dags/example_dynamic_task_mapping_with_no_taskflow_operators.py
[2023-10-18T02:41:52.692+0000] {logging_mixin.py:151} INFO - [2023-10-18T02:41:52.692+0000] {dag.py:2941} INFO - Sync 1 DAGs
[2023-10-18T02:41:52.705+0000] {logging_mixin.py:151} INFO - [2023-10-18T02:41:52.705+0000] {dag.py:3722} INFO - Setting next_dagrun for example_dynamic_task_mapping_with_no_taskflow_operators to 2023-10-17T02:41:52.704883+00:00, run_after=2023-10-18T02:41:52.704883+00:00
[2023-10-18T02:41:52.714+0000] {processor.py:179} INFO - Processing /home/airflow/.local/lib/python3.8/site-packages/airflow/example_dags/example_dynamic_task_mapping_with_no_taskflow_operators.py took 0.049 seconds
[2023-10-18T02:42:22.773+0000] {processor.py:157} INFO - Started process (PID=1055) to work on /home/airflow/.local/lib/python3.8/site-packages/airflow/example_dags/example_dynamic_task_mapping_with_no_taskflow_operators.py
[2023-10-18T02:42:22.773+0000] {processor.py:829} INFO - Processing file /home/airflow/.local/lib/python3.8/site-packages/airflow/example_dags/example_dynamic_task_mapping_with_no_taskflow_operators.py for tasks to queue
[2023-10-18T02:42:22.774+0000] {logging_mixin.py:151} INFO - [2023-10-18T02:42:22.774+0000] {dagbag.py:536} INFO - Filling up the DagBag from /home/airflow/.local/lib/python3.8/site-packages/airflow/example_dags/example_dynamic_task_mapping_with_no_taskflow_operators.py
[2023-10-18T02:42:22.779+0000] {processor.py:839} INFO - DAG(s) dict_keys(['example_dynamic_task_mapping_with_no_taskflow_operators']) retrieved from /home/airflow/.local/lib/python3.8/site-packages/airflow/example_dags/example_dynamic_task_mapping_with_no_taskflow_operators.py
[2023-10-18T02:42:22.792+0000] {logging_mixin.py:151} INFO - [2023-10-18T02:42:22.792+0000] {dag.py:2941} INFO - Sync 1 DAGs
[2023-10-18T02:42:22.804+0000] {logging_mixin.py:151} INFO - [2023-10-18T02:42:22.804+0000] {dag.py:3722} INFO - Setting next_dagrun for example_dynamic_task_mapping_with_no_taskflow_operators to 2023-10-17T02:42:22.804181+00:00, run_after=2023-10-18T02:42:22.804181+00:00
[2023-10-18T02:42:22.814+0000] {processor.py:179} INFO - Processing /home/airflow/.local/lib/python3.8/site-packages/airflow/example_dags/example_dynamic_task_mapping_with_no_taskflow_operators.py took 0.043 seconds
[2023-10-18T02:42:53.655+0000] {processor.py:157} INFO - Started process (PID=1341) to work on /home/airflow/.local/lib/python3.8/site-packages/airflow/example_dags/example_dynamic_task_mapping_with_no_taskflow_operators.py
[2023-10-18T02:42:53.655+0000] {processor.py:829} INFO - Processing file /home/airflow/.local/lib/python3.8/site-packages/airflow/example_dags/example_dynamic_task_mapping_with_no_taskflow_operators.py for tasks to queue
[2023-10-18T02:42:53.656+0000] {logging_mixin.py:151} INFO - [2023-10-18T02:42:53.656+0000] {dagbag.py:536} INFO - Filling up the DagBag from /home/airflow/.local/lib/python3.8/site-packages/airflow/example_dags/example_dynamic_task_mapping_with_no_taskflow_operators.py
[2023-10-18T02:42:53.661+0000] {processor.py:839} INFO - DAG(s) dict_keys(['example_dynamic_task_mapping_with_no_taskflow_operators']) retrieved from /home/airflow/.local/lib/python3.8/site-packages/airflow/example_dags/example_dynamic_task_mapping_with_no_taskflow_operators.py
[2023-10-18T02:42:53.676+0000] {logging_mixin.py:151} INFO - [2023-10-18T02:42:53.676+0000] {dag.py:2941} INFO - Sync 1 DAGs
[2023-10-18T02:42:53.688+0000] {logging_mixin.py:151} INFO - [2023-10-18T02:42:53.688+0000] {dag.py:3722} INFO - Setting next_dagrun for example_dynamic_task_mapping_with_no_taskflow_operators to 2023-10-17T02:42:53.688099+00:00, run_after=2023-10-18T02:42:53.688099+00:00
[2023-10-18T02:42:53.696+0000] {processor.py:179} INFO - Processing /home/airflow/.local/lib/python3.8/site-packages/airflow/example_dags/example_dynamic_task_mapping_with_no_taskflow_operators.py took 0.044 seconds
[2023-10-18T02:43:23.886+0000] {processor.py:157} INFO - Started process (PID=1581) to work on /home/airflow/.local/lib/python3.8/site-packages/airflow/example_dags/example_dynamic_task_mapping_with_no_taskflow_operators.py
[2023-10-18T02:43:23.886+0000] {processor.py:829} INFO - Processing file /home/airflow/.local/lib/python3.8/site-packages/airflow/example_dags/example_dynamic_task_mapping_with_no_taskflow_operators.py for tasks to queue
[2023-10-18T02:43:23.887+0000] {logging_mixin.py:151} INFO - [2023-10-18T02:43:23.887+0000] {dagbag.py:536} INFO - Filling up the DagBag from /home/airflow/.local/lib/python3.8/site-packages/airflow/example_dags/example_dynamic_task_mapping_with_no_taskflow_operators.py
[2023-10-18T02:43:23.892+0000] {processor.py:839} INFO - DAG(s) dict_keys(['example_dynamic_task_mapping_with_no_taskflow_operators']) retrieved from /home/airflow/.local/lib/python3.8/site-packages/airflow/example_dags/example_dynamic_task_mapping_with_no_taskflow_operators.py
[2023-10-18T02:43:23.908+0000] {logging_mixin.py:151} INFO - [2023-10-18T02:43:23.907+0000] {dag.py:2941} INFO - Sync 1 DAGs
[2023-10-18T02:43:23.919+0000] {logging_mixin.py:151} INFO - [2023-10-18T02:43:23.919+0000] {dag.py:3722} INFO - Setting next_dagrun for example_dynamic_task_mapping_with_no_taskflow_operators to 2023-10-17T02:43:23.918930+00:00, run_after=2023-10-18T02:43:23.918930+00:00
[2023-10-18T02:43:23.930+0000] {processor.py:179} INFO - Processing /home/airflow/.local/lib/python3.8/site-packages/airflow/example_dags/example_dynamic_task_mapping_with_no_taskflow_operators.py took 0.047 seconds
[2023-10-18T02:43:53.950+0000] {processor.py:157} INFO - Started process (PID=1816) to work on /home/airflow/.local/lib/python3.8/site-packages/airflow/example_dags/example_dynamic_task_mapping_with_no_taskflow_operators.py
[2023-10-18T02:43:53.950+0000] {processor.py:829} INFO - Processing file /home/airflow/.local/lib/python3.8/site-packages/airflow/example_dags/example_dynamic_task_mapping_with_no_taskflow_operators.py for tasks to queue
[2023-10-18T02:43:53.951+0000] {logging_mixin.py:151} INFO - [2023-10-18T02:43:53.951+0000] {dagbag.py:536} INFO - Filling up the DagBag from /home/airflow/.local/lib/python3.8/site-packages/airflow/example_dags/example_dynamic_task_mapping_with_no_taskflow_operators.py
[2023-10-18T02:43:53.955+0000] {processor.py:839} INFO - DAG(s) dict_keys(['example_dynamic_task_mapping_with_no_taskflow_operators']) retrieved from /home/airflow/.local/lib/python3.8/site-packages/airflow/example_dags/example_dynamic_task_mapping_with_no_taskflow_operators.py
[2023-10-18T02:43:53.969+0000] {logging_mixin.py:151} INFO - [2023-10-18T02:43:53.969+0000] {dag.py:2941} INFO - Sync 1 DAGs
[2023-10-18T02:43:53.980+0000] {logging_mixin.py:151} INFO - [2023-10-18T02:43:53.980+0000] {dag.py:3722} INFO - Setting next_dagrun for example_dynamic_task_mapping_with_no_taskflow_operators to 2023-10-17T02:43:53.980173+00:00, run_after=2023-10-18T02:43:53.980173+00:00
[2023-10-18T02:43:53.988+0000] {processor.py:179} INFO - Processing /home/airflow/.local/lib/python3.8/site-packages/airflow/example_dags/example_dynamic_task_mapping_with_no_taskflow_operators.py took 0.040 seconds
[2023-10-18T02:44:24.906+0000] {processor.py:157} INFO - Started process (PID=2057) to work on /home/airflow/.local/lib/python3.8/site-packages/airflow/example_dags/example_dynamic_task_mapping_with_no_taskflow_operators.py
[2023-10-18T02:44:24.906+0000] {processor.py:829} INFO - Processing file /home/airflow/.local/lib/python3.8/site-packages/airflow/example_dags/example_dynamic_task_mapping_with_no_taskflow_operators.py for tasks to queue
[2023-10-18T02:44:24.907+0000] {logging_mixin.py:151} INFO - [2023-10-18T02:44:24.907+0000] {dagbag.py:536} INFO - Filling up the DagBag from /home/airflow/.local/lib/python3.8/site-packages/airflow/example_dags/example_dynamic_task_mapping_with_no_taskflow_operators.py
[2023-10-18T02:44:24.911+0000] {processor.py:839} INFO - DAG(s) dict_keys(['example_dynamic_task_mapping_with_no_taskflow_operators']) retrieved from /home/airflow/.local/lib/python3.8/site-packages/airflow/example_dags/example_dynamic_task_mapping_with_no_taskflow_operators.py
[2023-10-18T02:44:24.927+0000] {logging_mixin.py:151} INFO - [2023-10-18T02:44:24.926+0000] {dag.py:2941} INFO - Sync 1 DAGs
[2023-10-18T02:44:24.938+0000] {logging_mixin.py:151} INFO - [2023-10-18T02:44:24.938+0000] {dag.py:3722} INFO - Setting next_dagrun for example_dynamic_task_mapping_with_no_taskflow_operators to 2023-10-17T02:44:24.938007+00:00, run_after=2023-10-18T02:44:24.938007+00:00
[2023-10-18T02:44:24.947+0000] {processor.py:179} INFO - Processing /home/airflow/.local/lib/python3.8/site-packages/airflow/example_dags/example_dynamic_task_mapping_with_no_taskflow_operators.py took 0.043 seconds
[2023-10-18T02:44:54.981+0000] {processor.py:157} INFO - Started process (PID=2294) to work on /home/airflow/.local/lib/python3.8/site-packages/airflow/example_dags/example_dynamic_task_mapping_with_no_taskflow_operators.py
[2023-10-18T02:44:54.981+0000] {processor.py:829} INFO - Processing file /home/airflow/.local/lib/python3.8/site-packages/airflow/example_dags/example_dynamic_task_mapping_with_no_taskflow_operators.py for tasks to queue
[2023-10-18T02:44:54.982+0000] {logging_mixin.py:151} INFO - [2023-10-18T02:44:54.982+0000] {dagbag.py:536} INFO - Filling up the DagBag from /home/airflow/.local/lib/python3.8/site-packages/airflow/example_dags/example_dynamic_task_mapping_with_no_taskflow_operators.py
[2023-10-18T02:44:54.987+0000] {processor.py:839} INFO - DAG(s) dict_keys(['example_dynamic_task_mapping_with_no_taskflow_operators']) retrieved from /home/airflow/.local/lib/python3.8/site-packages/airflow/example_dags/example_dynamic_task_mapping_with_no_taskflow_operators.py
[2023-10-18T02:44:55.005+0000] {logging_mixin.py:151} INFO - [2023-10-18T02:44:55.005+0000] {dag.py:2941} INFO - Sync 1 DAGs
[2023-10-18T02:44:55.017+0000] {logging_mixin.py:151} INFO - [2023-10-18T02:44:55.017+0000] {dag.py:3722} INFO - Setting next_dagrun for example_dynamic_task_mapping_with_no_taskflow_operators to 2023-10-17T02:44:55.016822+00:00, run_after=2023-10-18T02:44:55.016822+00:00
[2023-10-18T02:44:55.026+0000] {processor.py:179} INFO - Processing /home/airflow/.local/lib/python3.8/site-packages/airflow/example_dags/example_dynamic_task_mapping_with_no_taskflow_operators.py took 0.048 seconds
[2023-10-18T02:45:25.313+0000] {processor.py:157} INFO - Started process (PID=2532) to work on /home/airflow/.local/lib/python3.8/site-packages/airflow/example_dags/example_dynamic_task_mapping_with_no_taskflow_operators.py
[2023-10-18T02:45:25.314+0000] {processor.py:829} INFO - Processing file /home/airflow/.local/lib/python3.8/site-packages/airflow/example_dags/example_dynamic_task_mapping_with_no_taskflow_operators.py for tasks to queue
[2023-10-18T02:45:25.315+0000] {logging_mixin.py:151} INFO - [2023-10-18T02:45:25.315+0000] {dagbag.py:536} INFO - Filling up the DagBag from /home/airflow/.local/lib/python3.8/site-packages/airflow/example_dags/example_dynamic_task_mapping_with_no_taskflow_operators.py
[2023-10-18T02:45:25.320+0000] {processor.py:839} INFO - DAG(s) dict_keys(['example_dynamic_task_mapping_with_no_taskflow_operators']) retrieved from /home/airflow/.local/lib/python3.8/site-packages/airflow/example_dags/example_dynamic_task_mapping_with_no_taskflow_operators.py
[2023-10-18T02:45:25.334+0000] {logging_mixin.py:151} INFO - [2023-10-18T02:45:25.334+0000] {dag.py:2941} INFO - Sync 1 DAGs
[2023-10-18T02:45:25.346+0000] {logging_mixin.py:151} INFO - [2023-10-18T02:45:25.346+0000] {dag.py:3722} INFO - Setting next_dagrun for example_dynamic_task_mapping_with_no_taskflow_operators to 2023-10-17T02:45:25.345947+00:00, run_after=2023-10-18T02:45:25.345947+00:00
[2023-10-18T02:45:25.354+0000] {processor.py:179} INFO - Processing /home/airflow/.local/lib/python3.8/site-packages/airflow/example_dags/example_dynamic_task_mapping_with_no_taskflow_operators.py took 0.043 seconds
[2023-10-18T02:45:55.490+0000] {processor.py:157} INFO - Started process (PID=2772) to work on /home/airflow/.local/lib/python3.8/site-packages/airflow/example_dags/example_dynamic_task_mapping_with_no_taskflow_operators.py
[2023-10-18T02:45:55.491+0000] {processor.py:829} INFO - Processing file /home/airflow/.local/lib/python3.8/site-packages/airflow/example_dags/example_dynamic_task_mapping_with_no_taskflow_operators.py for tasks to queue
[2023-10-18T02:45:55.492+0000] {logging_mixin.py:151} INFO - [2023-10-18T02:45:55.491+0000] {dagbag.py:536} INFO - Filling up the DagBag from /home/airflow/.local/lib/python3.8/site-packages/airflow/example_dags/example_dynamic_task_mapping_with_no_taskflow_operators.py
[2023-10-18T02:45:55.496+0000] {processor.py:839} INFO - DAG(s) dict_keys(['example_dynamic_task_mapping_with_no_taskflow_operators']) retrieved from /home/airflow/.local/lib/python3.8/site-packages/airflow/example_dags/example_dynamic_task_mapping_with_no_taskflow_operators.py
[2023-10-18T02:45:55.511+0000] {logging_mixin.py:151} INFO - [2023-10-18T02:45:55.510+0000] {dag.py:2941} INFO - Sync 1 DAGs
[2023-10-18T02:45:55.522+0000] {logging_mixin.py:151} INFO - [2023-10-18T02:45:55.522+0000] {dag.py:3722} INFO - Setting next_dagrun for example_dynamic_task_mapping_with_no_taskflow_operators to 2023-10-17T02:45:55.522202+00:00, run_after=2023-10-18T02:45:55.522202+00:00
[2023-10-18T02:45:55.530+0000] {processor.py:179} INFO - Processing /home/airflow/.local/lib/python3.8/site-packages/airflow/example_dags/example_dynamic_task_mapping_with_no_taskflow_operators.py took 0.042 seconds
[2023-10-18T02:46:26.511+0000] {processor.py:157} INFO - Started process (PID=3008) to work on /home/airflow/.local/lib/python3.8/site-packages/airflow/example_dags/example_dynamic_task_mapping_with_no_taskflow_operators.py
[2023-10-18T02:46:26.512+0000] {processor.py:829} INFO - Processing file /home/airflow/.local/lib/python3.8/site-packages/airflow/example_dags/example_dynamic_task_mapping_with_no_taskflow_operators.py for tasks to queue
[2023-10-18T02:46:26.512+0000] {logging_mixin.py:151} INFO - [2023-10-18T02:46:26.512+0000] {dagbag.py:536} INFO - Filling up the DagBag from /home/airflow/.local/lib/python3.8/site-packages/airflow/example_dags/example_dynamic_task_mapping_with_no_taskflow_operators.py
[2023-10-18T02:46:26.518+0000] {processor.py:839} INFO - DAG(s) dict_keys(['example_dynamic_task_mapping_with_no_taskflow_operators']) retrieved from /home/airflow/.local/lib/python3.8/site-packages/airflow/example_dags/example_dynamic_task_mapping_with_no_taskflow_operators.py
[2023-10-18T02:46:26.536+0000] {logging_mixin.py:151} INFO - [2023-10-18T02:46:26.536+0000] {dag.py:2941} INFO - Sync 1 DAGs
[2023-10-18T02:46:26.551+0000] {logging_mixin.py:151} INFO - [2023-10-18T02:46:26.551+0000] {dag.py:3722} INFO - Setting next_dagrun for example_dynamic_task_mapping_with_no_taskflow_operators to 2023-10-17T02:46:26.551379+00:00, run_after=2023-10-18T02:46:26.551379+00:00
[2023-10-18T02:46:26.567+0000] {processor.py:179} INFO - Processing /home/airflow/.local/lib/python3.8/site-packages/airflow/example_dags/example_dynamic_task_mapping_with_no_taskflow_operators.py took 0.059 seconds
[2023-10-18T02:46:56.601+0000] {processor.py:157} INFO - Started process (PID=3248) to work on /home/airflow/.local/lib/python3.8/site-packages/airflow/example_dags/example_dynamic_task_mapping_with_no_taskflow_operators.py
[2023-10-18T02:46:56.602+0000] {processor.py:829} INFO - Processing file /home/airflow/.local/lib/python3.8/site-packages/airflow/example_dags/example_dynamic_task_mapping_with_no_taskflow_operators.py for tasks to queue
[2023-10-18T02:46:56.602+0000] {logging_mixin.py:151} INFO - [2023-10-18T02:46:56.602+0000] {dagbag.py:536} INFO - Filling up the DagBag from /home/airflow/.local/lib/python3.8/site-packages/airflow/example_dags/example_dynamic_task_mapping_with_no_taskflow_operators.py
[2023-10-18T02:46:56.607+0000] {processor.py:839} INFO - DAG(s) dict_keys(['example_dynamic_task_mapping_with_no_taskflow_operators']) retrieved from /home/airflow/.local/lib/python3.8/site-packages/airflow/example_dags/example_dynamic_task_mapping_with_no_taskflow_operators.py
[2023-10-18T02:46:56.621+0000] {logging_mixin.py:151} INFO - [2023-10-18T02:46:56.621+0000] {dag.py:2941} INFO - Sync 1 DAGs
[2023-10-18T02:46:56.631+0000] {logging_mixin.py:151} INFO - [2023-10-18T02:46:56.631+0000] {dag.py:3722} INFO - Setting next_dagrun for example_dynamic_task_mapping_with_no_taskflow_operators to 2023-10-17T02:46:56.631636+00:00, run_after=2023-10-18T02:46:56.631636+00:00
[2023-10-18T02:46:56.640+0000] {processor.py:179} INFO - Processing /home/airflow/.local/lib/python3.8/site-packages/airflow/example_dags/example_dynamic_task_mapping_with_no_taskflow_operators.py took 0.040 seconds
[2023-10-18T02:47:27.599+0000] {processor.py:157} INFO - Started process (PID=3484) to work on /home/airflow/.local/lib/python3.8/site-packages/airflow/example_dags/example_dynamic_task_mapping_with_no_taskflow_operators.py
[2023-10-18T02:47:27.599+0000] {processor.py:829} INFO - Processing file /home/airflow/.local/lib/python3.8/site-packages/airflow/example_dags/example_dynamic_task_mapping_with_no_taskflow_operators.py for tasks to queue
[2023-10-18T02:47:27.600+0000] {logging_mixin.py:151} INFO - [2023-10-18T02:47:27.600+0000] {dagbag.py:536} INFO - Filling up the DagBag from /home/airflow/.local/lib/python3.8/site-packages/airflow/example_dags/example_dynamic_task_mapping_with_no_taskflow_operators.py
[2023-10-18T02:47:27.605+0000] {processor.py:839} INFO - DAG(s) dict_keys(['example_dynamic_task_mapping_with_no_taskflow_operators']) retrieved from /home/airflow/.local/lib/python3.8/site-packages/airflow/example_dags/example_dynamic_task_mapping_with_no_taskflow_operators.py
[2023-10-18T02:47:27.619+0000] {logging_mixin.py:151} INFO - [2023-10-18T02:47:27.619+0000] {dag.py:2941} INFO - Sync 1 DAGs
[2023-10-18T02:47:27.630+0000] {logging_mixin.py:151} INFO - [2023-10-18T02:47:27.630+0000] {dag.py:3722} INFO - Setting next_dagrun for example_dynamic_task_mapping_with_no_taskflow_operators to 2023-10-17T02:47:27.630163+00:00, run_after=2023-10-18T02:47:27.630163+00:00
[2023-10-18T02:47:27.638+0000] {processor.py:179} INFO - Processing /home/airflow/.local/lib/python3.8/site-packages/airflow/example_dags/example_dynamic_task_mapping_with_no_taskflow_operators.py took 0.042 seconds
[2023-10-18T02:47:57.760+0000] {processor.py:157} INFO - Started process (PID=3722) to work on /home/airflow/.local/lib/python3.8/site-packages/airflow/example_dags/example_dynamic_task_mapping_with_no_taskflow_operators.py
[2023-10-18T02:47:57.760+0000] {processor.py:829} INFO - Processing file /home/airflow/.local/lib/python3.8/site-packages/airflow/example_dags/example_dynamic_task_mapping_with_no_taskflow_operators.py for tasks to queue
[2023-10-18T02:47:57.761+0000] {logging_mixin.py:151} INFO - [2023-10-18T02:47:57.761+0000] {dagbag.py:536} INFO - Filling up the DagBag from /home/airflow/.local/lib/python3.8/site-packages/airflow/example_dags/example_dynamic_task_mapping_with_no_taskflow_operators.py
[2023-10-18T02:47:57.767+0000] {processor.py:839} INFO - DAG(s) dict_keys(['example_dynamic_task_mapping_with_no_taskflow_operators']) retrieved from /home/airflow/.local/lib/python3.8/site-packages/airflow/example_dags/example_dynamic_task_mapping_with_no_taskflow_operators.py
[2023-10-18T02:47:57.782+0000] {logging_mixin.py:151} INFO - [2023-10-18T02:47:57.782+0000] {dag.py:2941} INFO - Sync 1 DAGs
[2023-10-18T02:47:57.794+0000] {logging_mixin.py:151} INFO - [2023-10-18T02:47:57.794+0000] {dag.py:3722} INFO - Setting next_dagrun for example_dynamic_task_mapping_with_no_taskflow_operators to 2023-10-17T02:47:57.794386+00:00, run_after=2023-10-18T02:47:57.794386+00:00
[2023-10-18T02:47:57.805+0000] {processor.py:179} INFO - Processing /home/airflow/.local/lib/python3.8/site-packages/airflow/example_dags/example_dynamic_task_mapping_with_no_taskflow_operators.py took 0.048 seconds
[2023-10-18T02:48:27.910+0000] {processor.py:157} INFO - Started process (PID=3962) to work on /home/airflow/.local/lib/python3.8/site-packages/airflow/example_dags/example_dynamic_task_mapping_with_no_taskflow_operators.py
[2023-10-18T02:48:27.910+0000] {processor.py:829} INFO - Processing file /home/airflow/.local/lib/python3.8/site-packages/airflow/example_dags/example_dynamic_task_mapping_with_no_taskflow_operators.py for tasks to queue
[2023-10-18T02:48:27.911+0000] {logging_mixin.py:151} INFO - [2023-10-18T02:48:27.911+0000] {dagbag.py:536} INFO - Filling up the DagBag from /home/airflow/.local/lib/python3.8/site-packages/airflow/example_dags/example_dynamic_task_mapping_with_no_taskflow_operators.py
[2023-10-18T02:48:27.916+0000] {processor.py:839} INFO - DAG(s) dict_keys(['example_dynamic_task_mapping_with_no_taskflow_operators']) retrieved from /home/airflow/.local/lib/python3.8/site-packages/airflow/example_dags/example_dynamic_task_mapping_with_no_taskflow_operators.py
[2023-10-18T02:48:27.932+0000] {logging_mixin.py:151} INFO - [2023-10-18T02:48:27.932+0000] {dag.py:2941} INFO - Sync 1 DAGs
[2023-10-18T02:48:27.944+0000] {logging_mixin.py:151} INFO - [2023-10-18T02:48:27.944+0000] {dag.py:3722} INFO - Setting next_dagrun for example_dynamic_task_mapping_with_no_taskflow_operators to 2023-10-17T02:48:27.944035+00:00, run_after=2023-10-18T02:48:27.944035+00:00
[2023-10-18T02:48:27.953+0000] {processor.py:179} INFO - Processing /home/airflow/.local/lib/python3.8/site-packages/airflow/example_dags/example_dynamic_task_mapping_with_no_taskflow_operators.py took 0.045 seconds
[2023-10-18T02:48:58.088+0000] {processor.py:157} INFO - Started process (PID=4198) to work on /home/airflow/.local/lib/python3.8/site-packages/airflow/example_dags/example_dynamic_task_mapping_with_no_taskflow_operators.py
[2023-10-18T02:48:58.090+0000] {processor.py:829} INFO - Processing file /home/airflow/.local/lib/python3.8/site-packages/airflow/example_dags/example_dynamic_task_mapping_with_no_taskflow_operators.py for tasks to queue
[2023-10-18T02:48:58.091+0000] {logging_mixin.py:151} INFO - [2023-10-18T02:48:58.090+0000] {dagbag.py:536} INFO - Filling up the DagBag from /home/airflow/.local/lib/python3.8/site-packages/airflow/example_dags/example_dynamic_task_mapping_with_no_taskflow_operators.py
[2023-10-18T02:48:58.095+0000] {processor.py:839} INFO - DAG(s) dict_keys(['example_dynamic_task_mapping_with_no_taskflow_operators']) retrieved from /home/airflow/.local/lib/python3.8/site-packages/airflow/example_dags/example_dynamic_task_mapping_with_no_taskflow_operators.py
[2023-10-18T02:48:58.109+0000] {logging_mixin.py:151} INFO - [2023-10-18T02:48:58.109+0000] {dag.py:2941} INFO - Sync 1 DAGs
[2023-10-18T02:48:58.120+0000] {logging_mixin.py:151} INFO - [2023-10-18T02:48:58.120+0000] {dag.py:3722} INFO - Setting next_dagrun for example_dynamic_task_mapping_with_no_taskflow_operators to 2023-10-17T02:48:58.120708+00:00, run_after=2023-10-18T02:48:58.120708+00:00
[2023-10-18T02:48:58.129+0000] {processor.py:179} INFO - Processing /home/airflow/.local/lib/python3.8/site-packages/airflow/example_dags/example_dynamic_task_mapping_with_no_taskflow_operators.py took 0.043 seconds
[2023-10-18T02:49:28.226+0000] {processor.py:157} INFO - Started process (PID=4436) to work on /home/airflow/.local/lib/python3.8/site-packages/airflow/example_dags/example_dynamic_task_mapping_with_no_taskflow_operators.py
[2023-10-18T02:49:28.227+0000] {processor.py:829} INFO - Processing file /home/airflow/.local/lib/python3.8/site-packages/airflow/example_dags/example_dynamic_task_mapping_with_no_taskflow_operators.py for tasks to queue
[2023-10-18T02:49:28.228+0000] {logging_mixin.py:151} INFO - [2023-10-18T02:49:28.227+0000] {dagbag.py:536} INFO - Filling up the DagBag from /home/airflow/.local/lib/python3.8/site-packages/airflow/example_dags/example_dynamic_task_mapping_with_no_taskflow_operators.py
[2023-10-18T02:49:28.233+0000] {processor.py:839} INFO - DAG(s) dict_keys(['example_dynamic_task_mapping_with_no_taskflow_operators']) retrieved from /home/airflow/.local/lib/python3.8/site-packages/airflow/example_dags/example_dynamic_task_mapping_with_no_taskflow_operators.py
[2023-10-18T02:49:28.249+0000] {logging_mixin.py:151} INFO - [2023-10-18T02:49:28.249+0000] {dag.py:2941} INFO - Sync 1 DAGs
[2023-10-18T02:49:28.262+0000] {logging_mixin.py:151} INFO - [2023-10-18T02:49:28.262+0000] {dag.py:3722} INFO - Setting next_dagrun for example_dynamic_task_mapping_with_no_taskflow_operators to 2023-10-17T02:49:28.261807+00:00, run_after=2023-10-18T02:49:28.261807+00:00
[2023-10-18T02:49:28.271+0000] {processor.py:179} INFO - Processing /home/airflow/.local/lib/python3.8/site-packages/airflow/example_dags/example_dynamic_task_mapping_with_no_taskflow_operators.py took 0.047 seconds
[2023-10-18T02:49:58.350+0000] {processor.py:157} INFO - Started process (PID=4674) to work on /home/airflow/.local/lib/python3.8/site-packages/airflow/example_dags/example_dynamic_task_mapping_with_no_taskflow_operators.py
[2023-10-18T02:49:58.350+0000] {processor.py:829} INFO - Processing file /home/airflow/.local/lib/python3.8/site-packages/airflow/example_dags/example_dynamic_task_mapping_with_no_taskflow_operators.py for tasks to queue
[2023-10-18T02:49:58.351+0000] {logging_mixin.py:151} INFO - [2023-10-18T02:49:58.351+0000] {dagbag.py:536} INFO - Filling up the DagBag from /home/airflow/.local/lib/python3.8/site-packages/airflow/example_dags/example_dynamic_task_mapping_with_no_taskflow_operators.py
[2023-10-18T02:49:58.356+0000] {processor.py:839} INFO - DAG(s) dict_keys(['example_dynamic_task_mapping_with_no_taskflow_operators']) retrieved from /home/airflow/.local/lib/python3.8/site-packages/airflow/example_dags/example_dynamic_task_mapping_with_no_taskflow_operators.py
[2023-10-18T02:49:58.373+0000] {logging_mixin.py:151} INFO - [2023-10-18T02:49:58.373+0000] {dag.py:2941} INFO - Sync 1 DAGs
[2023-10-18T02:49:58.386+0000] {logging_mixin.py:151} INFO - [2023-10-18T02:49:58.386+0000] {dag.py:3722} INFO - Setting next_dagrun for example_dynamic_task_mapping_with_no_taskflow_operators to 2023-10-17T02:49:58.385817+00:00, run_after=2023-10-18T02:49:58.385817+00:00
[2023-10-18T02:49:58.394+0000] {processor.py:179} INFO - Processing /home/airflow/.local/lib/python3.8/site-packages/airflow/example_dags/example_dynamic_task_mapping_with_no_taskflow_operators.py took 0.047 seconds
[2023-10-18T02:50:28.414+0000] {processor.py:157} INFO - Started process (PID=4910) to work on /home/airflow/.local/lib/python3.8/site-packages/airflow/example_dags/example_dynamic_task_mapping_with_no_taskflow_operators.py
[2023-10-18T02:50:28.415+0000] {processor.py:829} INFO - Processing file /home/airflow/.local/lib/python3.8/site-packages/airflow/example_dags/example_dynamic_task_mapping_with_no_taskflow_operators.py for tasks to queue
[2023-10-18T02:50:28.415+0000] {logging_mixin.py:151} INFO - [2023-10-18T02:50:28.415+0000] {dagbag.py:536} INFO - Filling up the DagBag from /home/airflow/.local/lib/python3.8/site-packages/airflow/example_dags/example_dynamic_task_mapping_with_no_taskflow_operators.py
[2023-10-18T02:50:28.419+0000] {processor.py:839} INFO - DAG(s) dict_keys(['example_dynamic_task_mapping_with_no_taskflow_operators']) retrieved from /home/airflow/.local/lib/python3.8/site-packages/airflow/example_dags/example_dynamic_task_mapping_with_no_taskflow_operators.py
[2023-10-18T02:50:28.433+0000] {logging_mixin.py:151} INFO - [2023-10-18T02:50:28.432+0000] {dag.py:2941} INFO - Sync 1 DAGs
[2023-10-18T02:50:28.443+0000] {logging_mixin.py:151} INFO - [2023-10-18T02:50:28.443+0000] {dag.py:3722} INFO - Setting next_dagrun for example_dynamic_task_mapping_with_no_taskflow_operators to 2023-10-17T02:50:28.442885+00:00, run_after=2023-10-18T02:50:28.442885+00:00
[2023-10-18T02:50:28.451+0000] {processor.py:179} INFO - Processing /home/airflow/.local/lib/python3.8/site-packages/airflow/example_dags/example_dynamic_task_mapping_with_no_taskflow_operators.py took 0.038 seconds
[2023-10-18T02:50:58.547+0000] {processor.py:157} INFO - Started process (PID=5146) to work on /home/airflow/.local/lib/python3.8/site-packages/airflow/example_dags/example_dynamic_task_mapping_with_no_taskflow_operators.py
[2023-10-18T02:50:58.548+0000] {processor.py:829} INFO - Processing file /home/airflow/.local/lib/python3.8/site-packages/airflow/example_dags/example_dynamic_task_mapping_with_no_taskflow_operators.py for tasks to queue
[2023-10-18T02:50:58.548+0000] {logging_mixin.py:151} INFO - [2023-10-18T02:50:58.548+0000] {dagbag.py:536} INFO - Filling up the DagBag from /home/airflow/.local/lib/python3.8/site-packages/airflow/example_dags/example_dynamic_task_mapping_with_no_taskflow_operators.py
[2023-10-18T02:50:58.553+0000] {processor.py:839} INFO - DAG(s) dict_keys(['example_dynamic_task_mapping_with_no_taskflow_operators']) retrieved from /home/airflow/.local/lib/python3.8/site-packages/airflow/example_dags/example_dynamic_task_mapping_with_no_taskflow_operators.py
[2023-10-18T02:50:58.569+0000] {logging_mixin.py:151} INFO - [2023-10-18T02:50:58.569+0000] {dag.py:2941} INFO - Sync 1 DAGs
[2023-10-18T02:50:58.582+0000] {logging_mixin.py:151} INFO - [2023-10-18T02:50:58.582+0000] {dag.py:3722} INFO - Setting next_dagrun for example_dynamic_task_mapping_with_no_taskflow_operators to 2023-10-17T02:50:58.582041+00:00, run_after=2023-10-18T02:50:58.582041+00:00
[2023-10-18T02:50:58.592+0000] {processor.py:179} INFO - Processing /home/airflow/.local/lib/python3.8/site-packages/airflow/example_dags/example_dynamic_task_mapping_with_no_taskflow_operators.py took 0.047 seconds
[2023-10-18T02:51:28.698+0000] {processor.py:157} INFO - Started process (PID=5384) to work on /home/airflow/.local/lib/python3.8/site-packages/airflow/example_dags/example_dynamic_task_mapping_with_no_taskflow_operators.py
[2023-10-18T02:51:28.699+0000] {processor.py:829} INFO - Processing file /home/airflow/.local/lib/python3.8/site-packages/airflow/example_dags/example_dynamic_task_mapping_with_no_taskflow_operators.py for tasks to queue
[2023-10-18T02:51:28.700+0000] {logging_mixin.py:151} INFO - [2023-10-18T02:51:28.699+0000] {dagbag.py:536} INFO - Filling up the DagBag from /home/airflow/.local/lib/python3.8/site-packages/airflow/example_dags/example_dynamic_task_mapping_with_no_taskflow_operators.py
[2023-10-18T02:51:28.704+0000] {processor.py:839} INFO - DAG(s) dict_keys(['example_dynamic_task_mapping_with_no_taskflow_operators']) retrieved from /home/airflow/.local/lib/python3.8/site-packages/airflow/example_dags/example_dynamic_task_mapping_with_no_taskflow_operators.py
[2023-10-18T02:51:28.718+0000] {logging_mixin.py:151} INFO - [2023-10-18T02:51:28.718+0000] {dag.py:2941} INFO - Sync 1 DAGs
[2023-10-18T02:51:28.730+0000] {logging_mixin.py:151} INFO - [2023-10-18T02:51:28.730+0000] {dag.py:3722} INFO - Setting next_dagrun for example_dynamic_task_mapping_with_no_taskflow_operators to 2023-10-17T02:51:28.730171+00:00, run_after=2023-10-18T02:51:28.730171+00:00
[2023-10-18T02:51:28.739+0000] {processor.py:179} INFO - Processing /home/airflow/.local/lib/python3.8/site-packages/airflow/example_dags/example_dynamic_task_mapping_with_no_taskflow_operators.py took 0.043 seconds
[2023-10-18T02:51:58.846+0000] {processor.py:157} INFO - Started process (PID=5621) to work on /home/airflow/.local/lib/python3.8/site-packages/airflow/example_dags/example_dynamic_task_mapping_with_no_taskflow_operators.py
[2023-10-18T02:51:58.847+0000] {processor.py:829} INFO - Processing file /home/airflow/.local/lib/python3.8/site-packages/airflow/example_dags/example_dynamic_task_mapping_with_no_taskflow_operators.py for tasks to queue
[2023-10-18T02:51:58.848+0000] {logging_mixin.py:151} INFO - [2023-10-18T02:51:58.847+0000] {dagbag.py:536} INFO - Filling up the DagBag from /home/airflow/.local/lib/python3.8/site-packages/airflow/example_dags/example_dynamic_task_mapping_with_no_taskflow_operators.py
[2023-10-18T02:51:58.852+0000] {processor.py:839} INFO - DAG(s) dict_keys(['example_dynamic_task_mapping_with_no_taskflow_operators']) retrieved from /home/airflow/.local/lib/python3.8/site-packages/airflow/example_dags/example_dynamic_task_mapping_with_no_taskflow_operators.py
[2023-10-18T02:51:58.868+0000] {logging_mixin.py:151} INFO - [2023-10-18T02:51:58.868+0000] {dag.py:2941} INFO - Sync 1 DAGs
[2023-10-18T02:51:58.880+0000] {logging_mixin.py:151} INFO - [2023-10-18T02:51:58.879+0000] {dag.py:3722} INFO - Setting next_dagrun for example_dynamic_task_mapping_with_no_taskflow_operators to 2023-10-17T02:51:58.879708+00:00, run_after=2023-10-18T02:51:58.879708+00:00
[2023-10-18T02:51:58.888+0000] {processor.py:179} INFO - Processing /home/airflow/.local/lib/python3.8/site-packages/airflow/example_dags/example_dynamic_task_mapping_with_no_taskflow_operators.py took 0.044 seconds
[2023-10-18T02:52:29.871+0000] {processor.py:157} INFO - Started process (PID=5858) to work on /home/airflow/.local/lib/python3.8/site-packages/airflow/example_dags/example_dynamic_task_mapping_with_no_taskflow_operators.py
[2023-10-18T02:52:29.872+0000] {processor.py:829} INFO - Processing file /home/airflow/.local/lib/python3.8/site-packages/airflow/example_dags/example_dynamic_task_mapping_with_no_taskflow_operators.py for tasks to queue
[2023-10-18T02:52:29.873+0000] {logging_mixin.py:151} INFO - [2023-10-18T02:52:29.872+0000] {dagbag.py:536} INFO - Filling up the DagBag from /home/airflow/.local/lib/python3.8/site-packages/airflow/example_dags/example_dynamic_task_mapping_with_no_taskflow_operators.py
[2023-10-18T02:52:29.877+0000] {processor.py:839} INFO - DAG(s) dict_keys(['example_dynamic_task_mapping_with_no_taskflow_operators']) retrieved from /home/airflow/.local/lib/python3.8/site-packages/airflow/example_dags/example_dynamic_task_mapping_with_no_taskflow_operators.py
[2023-10-18T02:52:29.893+0000] {logging_mixin.py:151} INFO - [2023-10-18T02:52:29.893+0000] {dag.py:2941} INFO - Sync 1 DAGs
[2023-10-18T02:52:29.905+0000] {logging_mixin.py:151} INFO - [2023-10-18T02:52:29.905+0000] {dag.py:3722} INFO - Setting next_dagrun for example_dynamic_task_mapping_with_no_taskflow_operators to 2023-10-17T02:52:29.905392+00:00, run_after=2023-10-18T02:52:29.905392+00:00
[2023-10-18T02:52:29.915+0000] {processor.py:179} INFO - Processing /home/airflow/.local/lib/python3.8/site-packages/airflow/example_dags/example_dynamic_task_mapping_with_no_taskflow_operators.py took 0.046 seconds
[2023-10-18T02:53:00.003+0000] {processor.py:157} INFO - Started process (PID=6096) to work on /home/airflow/.local/lib/python3.8/site-packages/airflow/example_dags/example_dynamic_task_mapping_with_no_taskflow_operators.py
[2023-10-18T02:53:00.003+0000] {processor.py:829} INFO - Processing file /home/airflow/.local/lib/python3.8/site-packages/airflow/example_dags/example_dynamic_task_mapping_with_no_taskflow_operators.py for tasks to queue
[2023-10-18T02:53:00.004+0000] {logging_mixin.py:151} INFO - [2023-10-18T02:53:00.004+0000] {dagbag.py:536} INFO - Filling up the DagBag from /home/airflow/.local/lib/python3.8/site-packages/airflow/example_dags/example_dynamic_task_mapping_with_no_taskflow_operators.py
[2023-10-18T02:53:00.009+0000] {processor.py:839} INFO - DAG(s) dict_keys(['example_dynamic_task_mapping_with_no_taskflow_operators']) retrieved from /home/airflow/.local/lib/python3.8/site-packages/airflow/example_dags/example_dynamic_task_mapping_with_no_taskflow_operators.py
[2023-10-18T02:53:00.023+0000] {logging_mixin.py:151} INFO - [2023-10-18T02:53:00.023+0000] {dag.py:2941} INFO - Sync 1 DAGs
[2023-10-18T02:53:00.036+0000] {logging_mixin.py:151} INFO - [2023-10-18T02:53:00.036+0000] {dag.py:3722} INFO - Setting next_dagrun for example_dynamic_task_mapping_with_no_taskflow_operators to 2023-10-17T02:53:00.035928+00:00, run_after=2023-10-18T02:53:00.035928+00:00
[2023-10-18T02:53:00.046+0000] {processor.py:179} INFO - Processing /home/airflow/.local/lib/python3.8/site-packages/airflow/example_dags/example_dynamic_task_mapping_with_no_taskflow_operators.py took 0.045 seconds
[2023-10-18T02:53:30.127+0000] {processor.py:157} INFO - Started process (PID=6334) to work on /home/airflow/.local/lib/python3.8/site-packages/airflow/example_dags/example_dynamic_task_mapping_with_no_taskflow_operators.py
[2023-10-18T02:53:30.128+0000] {processor.py:829} INFO - Processing file /home/airflow/.local/lib/python3.8/site-packages/airflow/example_dags/example_dynamic_task_mapping_with_no_taskflow_operators.py for tasks to queue
[2023-10-18T02:53:30.128+0000] {logging_mixin.py:151} INFO - [2023-10-18T02:53:30.128+0000] {dagbag.py:536} INFO - Filling up the DagBag from /home/airflow/.local/lib/python3.8/site-packages/airflow/example_dags/example_dynamic_task_mapping_with_no_taskflow_operators.py
[2023-10-18T02:53:30.133+0000] {processor.py:839} INFO - DAG(s) dict_keys(['example_dynamic_task_mapping_with_no_taskflow_operators']) retrieved from /home/airflow/.local/lib/python3.8/site-packages/airflow/example_dags/example_dynamic_task_mapping_with_no_taskflow_operators.py
[2023-10-18T02:53:30.147+0000] {logging_mixin.py:151} INFO - [2023-10-18T02:53:30.147+0000] {dag.py:2941} INFO - Sync 1 DAGs
[2023-10-18T02:53:30.159+0000] {logging_mixin.py:151} INFO - [2023-10-18T02:53:30.159+0000] {dag.py:3722} INFO - Setting next_dagrun for example_dynamic_task_mapping_with_no_taskflow_operators to 2023-10-17T02:53:30.159029+00:00, run_after=2023-10-18T02:53:30.159029+00:00
[2023-10-18T02:53:30.168+0000] {processor.py:179} INFO - Processing /home/airflow/.local/lib/python3.8/site-packages/airflow/example_dags/example_dynamic_task_mapping_with_no_taskflow_operators.py took 0.043 seconds
