[2023-10-18T02:40:50.873+0000] {processor.py:157} INFO - Started process (PID=206) to work on /home/airflow/.local/lib/python3.8/site-packages/airflow/example_dags/example_xcomargs.py
[2023-10-18T02:40:50.873+0000] {processor.py:829} INFO - Processing file /home/airflow/.local/lib/python3.8/site-packages/airflow/example_dags/example_xcomargs.py for tasks to queue
[2023-10-18T02:40:50.874+0000] {logging_mixin.py:151} INFO - [2023-10-18T02:40:50.874+0000] {dagbag.py:536} INFO - Filling up the DagBag from /home/airflow/.local/lib/python3.8/site-packages/airflow/example_dags/example_xcomargs.py
[2023-10-18T02:40:50.881+0000] {processor.py:839} INFO - DAG(s) dict_keys(['example_xcom_args', 'example_xcom_args_with_operators']) retrieved from /home/airflow/.local/lib/python3.8/site-packages/airflow/example_dags/example_xcomargs.py
[2023-10-18T02:40:50.895+0000] {logging_mixin.py:151} INFO - [2023-10-18T02:40:50.895+0000] {dag.py:2941} INFO - Sync 2 DAGs
[2023-10-18T02:40:50.909+0000] {logging_mixin.py:151} INFO - [2023-10-18T02:40:50.909+0000] {dag.py:3722} INFO - Setting next_dagrun for example_xcom_args to None, run_after=None
[2023-10-18T02:40:50.916+0000] {logging_mixin.py:151} INFO - [2023-10-18T02:40:50.916+0000] {dag.py:3722} INFO - Setting next_dagrun for example_xcom_args_with_operators to None, run_after=None
[2023-10-18T02:40:50.928+0000] {processor.py:179} INFO - Processing /home/airflow/.local/lib/python3.8/site-packages/airflow/example_dags/example_xcomargs.py took 0.063 seconds
[2023-10-18T02:41:21.481+0000] {processor.py:157} INFO - Started process (PID=446) to work on /home/airflow/.local/lib/python3.8/site-packages/airflow/example_dags/example_xcomargs.py
[2023-10-18T02:41:21.482+0000] {processor.py:829} INFO - Processing file /home/airflow/.local/lib/python3.8/site-packages/airflow/example_dags/example_xcomargs.py for tasks to queue
[2023-10-18T02:41:21.482+0000] {logging_mixin.py:151} INFO - [2023-10-18T02:41:21.482+0000] {dagbag.py:536} INFO - Filling up the DagBag from /home/airflow/.local/lib/python3.8/site-packages/airflow/example_dags/example_xcomargs.py
[2023-10-18T02:41:21.487+0000] {processor.py:839} INFO - DAG(s) dict_keys(['example_xcom_args_with_operators', 'example_xcom_args']) retrieved from /home/airflow/.local/lib/python3.8/site-packages/airflow/example_dags/example_xcomargs.py
[2023-10-18T02:41:21.503+0000] {logging_mixin.py:151} INFO - [2023-10-18T02:41:21.503+0000] {dag.py:2941} INFO - Sync 2 DAGs
[2023-10-18T02:41:21.510+0000] {logging_mixin.py:151} INFO - [2023-10-18T02:41:21.510+0000] {dag.py:3722} INFO - Setting next_dagrun for example_xcom_args to None, run_after=None
[2023-10-18T02:41:21.512+0000] {logging_mixin.py:151} INFO - [2023-10-18T02:41:21.512+0000] {dag.py:3722} INFO - Setting next_dagrun for example_xcom_args_with_operators to None, run_after=None
[2023-10-18T02:41:21.519+0000] {processor.py:179} INFO - Processing /home/airflow/.local/lib/python3.8/site-packages/airflow/example_dags/example_xcomargs.py took 0.040 seconds
[2023-10-18T02:41:51.746+0000] {processor.py:157} INFO - Started process (PID=684) to work on /home/airflow/.local/lib/python3.8/site-packages/airflow/example_dags/example_xcomargs.py
[2023-10-18T02:41:51.747+0000] {processor.py:829} INFO - Processing file /home/airflow/.local/lib/python3.8/site-packages/airflow/example_dags/example_xcomargs.py for tasks to queue
[2023-10-18T02:41:51.748+0000] {logging_mixin.py:151} INFO - [2023-10-18T02:41:51.747+0000] {dagbag.py:536} INFO - Filling up the DagBag from /home/airflow/.local/lib/python3.8/site-packages/airflow/example_dags/example_xcomargs.py
[2023-10-18T02:41:51.753+0000] {processor.py:839} INFO - DAG(s) dict_keys(['example_xcom_args', 'example_xcom_args_with_operators']) retrieved from /home/airflow/.local/lib/python3.8/site-packages/airflow/example_dags/example_xcomargs.py
[2023-10-18T02:41:51.769+0000] {logging_mixin.py:151} INFO - [2023-10-18T02:41:51.769+0000] {dag.py:2941} INFO - Sync 2 DAGs
[2023-10-18T02:41:51.776+0000] {logging_mixin.py:151} INFO - [2023-10-18T02:41:51.776+0000] {dag.py:3722} INFO - Setting next_dagrun for example_xcom_args to None, run_after=None
[2023-10-18T02:41:51.778+0000] {logging_mixin.py:151} INFO - [2023-10-18T02:41:51.778+0000] {dag.py:3722} INFO - Setting next_dagrun for example_xcom_args_with_operators to None, run_after=None
[2023-10-18T02:41:51.785+0000] {processor.py:179} INFO - Processing /home/airflow/.local/lib/python3.8/site-packages/airflow/example_dags/example_xcomargs.py took 0.041 seconds
[2023-10-18T02:42:21.855+0000] {processor.py:157} INFO - Started process (PID=921) to work on /home/airflow/.local/lib/python3.8/site-packages/airflow/example_dags/example_xcomargs.py
[2023-10-18T02:42:21.855+0000] {processor.py:829} INFO - Processing file /home/airflow/.local/lib/python3.8/site-packages/airflow/example_dags/example_xcomargs.py for tasks to queue
[2023-10-18T02:42:21.856+0000] {logging_mixin.py:151} INFO - [2023-10-18T02:42:21.856+0000] {dagbag.py:536} INFO - Filling up the DagBag from /home/airflow/.local/lib/python3.8/site-packages/airflow/example_dags/example_xcomargs.py
[2023-10-18T02:42:21.861+0000] {processor.py:839} INFO - DAG(s) dict_keys(['example_xcom_args', 'example_xcom_args_with_operators']) retrieved from /home/airflow/.local/lib/python3.8/site-packages/airflow/example_dags/example_xcomargs.py
[2023-10-18T02:42:21.877+0000] {logging_mixin.py:151} INFO - [2023-10-18T02:42:21.877+0000] {dag.py:2941} INFO - Sync 2 DAGs
[2023-10-18T02:42:21.884+0000] {logging_mixin.py:151} INFO - [2023-10-18T02:42:21.884+0000] {dag.py:3722} INFO - Setting next_dagrun for example_xcom_args to None, run_after=None
[2023-10-18T02:42:21.886+0000] {logging_mixin.py:151} INFO - [2023-10-18T02:42:21.885+0000] {dag.py:3722} INFO - Setting next_dagrun for example_xcom_args_with_operators to None, run_after=None
[2023-10-18T02:42:21.894+0000] {processor.py:179} INFO - Processing /home/airflow/.local/lib/python3.8/site-packages/airflow/example_dags/example_xcomargs.py took 0.041 seconds
[2023-10-18T02:42:52.748+0000] {processor.py:157} INFO - Started process (PID=1208) to work on /home/airflow/.local/lib/python3.8/site-packages/airflow/example_dags/example_xcomargs.py
[2023-10-18T02:42:52.749+0000] {processor.py:829} INFO - Processing file /home/airflow/.local/lib/python3.8/site-packages/airflow/example_dags/example_xcomargs.py for tasks to queue
[2023-10-18T02:42:52.749+0000] {logging_mixin.py:151} INFO - [2023-10-18T02:42:52.749+0000] {dagbag.py:536} INFO - Filling up the DagBag from /home/airflow/.local/lib/python3.8/site-packages/airflow/example_dags/example_xcomargs.py
[2023-10-18T02:42:52.754+0000] {processor.py:839} INFO - DAG(s) dict_keys(['example_xcom_args_with_operators', 'example_xcom_args']) retrieved from /home/airflow/.local/lib/python3.8/site-packages/airflow/example_dags/example_xcomargs.py
[2023-10-18T02:42:52.770+0000] {logging_mixin.py:151} INFO - [2023-10-18T02:42:52.770+0000] {dag.py:2941} INFO - Sync 2 DAGs
[2023-10-18T02:42:52.777+0000] {logging_mixin.py:151} INFO - [2023-10-18T02:42:52.777+0000] {dag.py:3722} INFO - Setting next_dagrun for example_xcom_args to None, run_after=None
[2023-10-18T02:42:52.779+0000] {logging_mixin.py:151} INFO - [2023-10-18T02:42:52.779+0000] {dag.py:3722} INFO - Setting next_dagrun for example_xcom_args_with_operators to None, run_after=None
[2023-10-18T02:42:52.787+0000] {processor.py:179} INFO - Processing /home/airflow/.local/lib/python3.8/site-packages/airflow/example_dags/example_xcomargs.py took 0.041 seconds
[2023-10-18T02:43:22.830+0000] {processor.py:157} INFO - Started process (PID=1444) to work on /home/airflow/.local/lib/python3.8/site-packages/airflow/example_dags/example_xcomargs.py
[2023-10-18T02:43:22.831+0000] {processor.py:829} INFO - Processing file /home/airflow/.local/lib/python3.8/site-packages/airflow/example_dags/example_xcomargs.py for tasks to queue
[2023-10-18T02:43:22.831+0000] {logging_mixin.py:151} INFO - [2023-10-18T02:43:22.831+0000] {dagbag.py:536} INFO - Filling up the DagBag from /home/airflow/.local/lib/python3.8/site-packages/airflow/example_dags/example_xcomargs.py
[2023-10-18T02:43:22.836+0000] {processor.py:839} INFO - DAG(s) dict_keys(['example_xcom_args', 'example_xcom_args_with_operators']) retrieved from /home/airflow/.local/lib/python3.8/site-packages/airflow/example_dags/example_xcomargs.py
[2023-10-18T02:43:22.852+0000] {logging_mixin.py:151} INFO - [2023-10-18T02:43:22.852+0000] {dag.py:2941} INFO - Sync 2 DAGs
[2023-10-18T02:43:22.859+0000] {logging_mixin.py:151} INFO - [2023-10-18T02:43:22.859+0000] {dag.py:3722} INFO - Setting next_dagrun for example_xcom_args to None, run_after=None
[2023-10-18T02:43:22.861+0000] {logging_mixin.py:151} INFO - [2023-10-18T02:43:22.861+0000] {dag.py:3722} INFO - Setting next_dagrun for example_xcom_args_with_operators to None, run_after=None
[2023-10-18T02:43:22.869+0000] {processor.py:179} INFO - Processing /home/airflow/.local/lib/python3.8/site-packages/airflow/example_dags/example_xcomargs.py took 0.041 seconds
[2023-10-18T02:43:53.061+0000] {processor.py:157} INFO - Started process (PID=1683) to work on /home/airflow/.local/lib/python3.8/site-packages/airflow/example_dags/example_xcomargs.py
[2023-10-18T02:43:53.062+0000] {processor.py:829} INFO - Processing file /home/airflow/.local/lib/python3.8/site-packages/airflow/example_dags/example_xcomargs.py for tasks to queue
[2023-10-18T02:43:53.062+0000] {logging_mixin.py:151} INFO - [2023-10-18T02:43:53.062+0000] {dagbag.py:536} INFO - Filling up the DagBag from /home/airflow/.local/lib/python3.8/site-packages/airflow/example_dags/example_xcomargs.py
[2023-10-18T02:43:53.067+0000] {processor.py:839} INFO - DAG(s) dict_keys(['example_xcom_args', 'example_xcom_args_with_operators']) retrieved from /home/airflow/.local/lib/python3.8/site-packages/airflow/example_dags/example_xcomargs.py
[2023-10-18T02:43:53.082+0000] {logging_mixin.py:151} INFO - [2023-10-18T02:43:53.082+0000] {dag.py:2941} INFO - Sync 2 DAGs
[2023-10-18T02:43:53.088+0000] {logging_mixin.py:151} INFO - [2023-10-18T02:43:53.088+0000] {dag.py:3722} INFO - Setting next_dagrun for example_xcom_args to None, run_after=None
[2023-10-18T02:43:53.089+0000] {logging_mixin.py:151} INFO - [2023-10-18T02:43:53.089+0000] {dag.py:3722} INFO - Setting next_dagrun for example_xcom_args_with_operators to None, run_after=None
[2023-10-18T02:43:53.096+0000] {processor.py:179} INFO - Processing /home/airflow/.local/lib/python3.8/site-packages/airflow/example_dags/example_xcomargs.py took 0.037 seconds
[2023-10-18T02:44:23.883+0000] {processor.py:157} INFO - Started process (PID=1920) to work on /home/airflow/.local/lib/python3.8/site-packages/airflow/example_dags/example_xcomargs.py
[2023-10-18T02:44:23.884+0000] {processor.py:829} INFO - Processing file /home/airflow/.local/lib/python3.8/site-packages/airflow/example_dags/example_xcomargs.py for tasks to queue
[2023-10-18T02:44:23.885+0000] {logging_mixin.py:151} INFO - [2023-10-18T02:44:23.885+0000] {dagbag.py:536} INFO - Filling up the DagBag from /home/airflow/.local/lib/python3.8/site-packages/airflow/example_dags/example_xcomargs.py
[2023-10-18T02:44:23.889+0000] {processor.py:839} INFO - DAG(s) dict_keys(['example_xcom_args', 'example_xcom_args_with_operators']) retrieved from /home/airflow/.local/lib/python3.8/site-packages/airflow/example_dags/example_xcomargs.py
[2023-10-18T02:44:23.905+0000] {logging_mixin.py:151} INFO - [2023-10-18T02:44:23.905+0000] {dag.py:2941} INFO - Sync 2 DAGs
[2023-10-18T02:44:23.911+0000] {logging_mixin.py:151} INFO - [2023-10-18T02:44:23.911+0000] {dag.py:3722} INFO - Setting next_dagrun for example_xcom_args to None, run_after=None
[2023-10-18T02:44:23.913+0000] {logging_mixin.py:151} INFO - [2023-10-18T02:44:23.913+0000] {dag.py:3722} INFO - Setting next_dagrun for example_xcom_args_with_operators to None, run_after=None
[2023-10-18T02:44:23.921+0000] {processor.py:179} INFO - Processing /home/airflow/.local/lib/python3.8/site-packages/airflow/example_dags/example_xcomargs.py took 0.040 seconds
[2023-10-18T02:44:53.981+0000] {processor.py:157} INFO - Started process (PID=2159) to work on /home/airflow/.local/lib/python3.8/site-packages/airflow/example_dags/example_xcomargs.py
[2023-10-18T02:44:53.982+0000] {processor.py:829} INFO - Processing file /home/airflow/.local/lib/python3.8/site-packages/airflow/example_dags/example_xcomargs.py for tasks to queue
[2023-10-18T02:44:53.983+0000] {logging_mixin.py:151} INFO - [2023-10-18T02:44:53.983+0000] {dagbag.py:536} INFO - Filling up the DagBag from /home/airflow/.local/lib/python3.8/site-packages/airflow/example_dags/example_xcomargs.py
[2023-10-18T02:44:53.988+0000] {processor.py:839} INFO - DAG(s) dict_keys(['example_xcom_args', 'example_xcom_args_with_operators']) retrieved from /home/airflow/.local/lib/python3.8/site-packages/airflow/example_dags/example_xcomargs.py
[2023-10-18T02:44:54.004+0000] {logging_mixin.py:151} INFO - [2023-10-18T02:44:54.004+0000] {dag.py:2941} INFO - Sync 2 DAGs
[2023-10-18T02:44:54.011+0000] {logging_mixin.py:151} INFO - [2023-10-18T02:44:54.011+0000] {dag.py:3722} INFO - Setting next_dagrun for example_xcom_args to None, run_after=None
[2023-10-18T02:44:54.013+0000] {logging_mixin.py:151} INFO - [2023-10-18T02:44:54.013+0000] {dag.py:3722} INFO - Setting next_dagrun for example_xcom_args_with_operators to None, run_after=None
[2023-10-18T02:44:54.021+0000] {processor.py:179} INFO - Processing /home/airflow/.local/lib/python3.8/site-packages/airflow/example_dags/example_xcomargs.py took 0.042 seconds
[2023-10-18T02:45:24.250+0000] {processor.py:157} INFO - Started process (PID=2399) to work on /home/airflow/.local/lib/python3.8/site-packages/airflow/example_dags/example_xcomargs.py
[2023-10-18T02:45:24.251+0000] {processor.py:829} INFO - Processing file /home/airflow/.local/lib/python3.8/site-packages/airflow/example_dags/example_xcomargs.py for tasks to queue
[2023-10-18T02:45:24.252+0000] {logging_mixin.py:151} INFO - [2023-10-18T02:45:24.252+0000] {dagbag.py:536} INFO - Filling up the DagBag from /home/airflow/.local/lib/python3.8/site-packages/airflow/example_dags/example_xcomargs.py
[2023-10-18T02:45:24.256+0000] {processor.py:839} INFO - DAG(s) dict_keys(['example_xcom_args_with_operators', 'example_xcom_args']) retrieved from /home/airflow/.local/lib/python3.8/site-packages/airflow/example_dags/example_xcomargs.py
[2023-10-18T02:45:24.273+0000] {logging_mixin.py:151} INFO - [2023-10-18T02:45:24.273+0000] {dag.py:2941} INFO - Sync 2 DAGs
[2023-10-18T02:45:24.280+0000] {logging_mixin.py:151} INFO - [2023-10-18T02:45:24.280+0000] {dag.py:3722} INFO - Setting next_dagrun for example_xcom_args to None, run_after=None
[2023-10-18T02:45:24.283+0000] {logging_mixin.py:151} INFO - [2023-10-18T02:45:24.282+0000] {dag.py:3722} INFO - Setting next_dagrun for example_xcom_args_with_operators to None, run_after=None
[2023-10-18T02:45:24.296+0000] {processor.py:179} INFO - Processing /home/airflow/.local/lib/python3.8/site-packages/airflow/example_dags/example_xcomargs.py took 0.047 seconds
[2023-10-18T02:45:54.321+0000] {processor.py:157} INFO - Started process (PID=2637) to work on /home/airflow/.local/lib/python3.8/site-packages/airflow/example_dags/example_xcomargs.py
[2023-10-18T02:45:54.322+0000] {processor.py:829} INFO - Processing file /home/airflow/.local/lib/python3.8/site-packages/airflow/example_dags/example_xcomargs.py for tasks to queue
[2023-10-18T02:45:54.322+0000] {logging_mixin.py:151} INFO - [2023-10-18T02:45:54.322+0000] {dagbag.py:536} INFO - Filling up the DagBag from /home/airflow/.local/lib/python3.8/site-packages/airflow/example_dags/example_xcomargs.py
[2023-10-18T02:45:54.327+0000] {processor.py:839} INFO - DAG(s) dict_keys(['example_xcom_args', 'example_xcom_args_with_operators']) retrieved from /home/airflow/.local/lib/python3.8/site-packages/airflow/example_dags/example_xcomargs.py
[2023-10-18T02:45:54.342+0000] {logging_mixin.py:151} INFO - [2023-10-18T02:45:54.342+0000] {dag.py:2941} INFO - Sync 2 DAGs
[2023-10-18T02:45:54.349+0000] {logging_mixin.py:151} INFO - [2023-10-18T02:45:54.349+0000] {dag.py:3722} INFO - Setting next_dagrun for example_xcom_args to None, run_after=None
[2023-10-18T02:45:54.350+0000] {logging_mixin.py:151} INFO - [2023-10-18T02:45:54.350+0000] {dag.py:3722} INFO - Setting next_dagrun for example_xcom_args_with_operators to None, run_after=None
[2023-10-18T02:45:54.358+0000] {processor.py:179} INFO - Processing /home/airflow/.local/lib/python3.8/site-packages/airflow/example_dags/example_xcomargs.py took 0.039 seconds
[2023-10-18T02:46:24.488+0000] {processor.py:157} INFO - Started process (PID=2873) to work on /home/airflow/.local/lib/python3.8/site-packages/airflow/example_dags/example_xcomargs.py
[2023-10-18T02:46:24.488+0000] {processor.py:829} INFO - Processing file /home/airflow/.local/lib/python3.8/site-packages/airflow/example_dags/example_xcomargs.py for tasks to queue
[2023-10-18T02:46:24.489+0000] {logging_mixin.py:151} INFO - [2023-10-18T02:46:24.489+0000] {dagbag.py:536} INFO - Filling up the DagBag from /home/airflow/.local/lib/python3.8/site-packages/airflow/example_dags/example_xcomargs.py
[2023-10-18T02:46:24.494+0000] {processor.py:839} INFO - DAG(s) dict_keys(['example_xcom_args', 'example_xcom_args_with_operators']) retrieved from /home/airflow/.local/lib/python3.8/site-packages/airflow/example_dags/example_xcomargs.py
[2023-10-18T02:46:24.516+0000] {logging_mixin.py:151} INFO - [2023-10-18T02:46:24.516+0000] {dag.py:2941} INFO - Sync 2 DAGs
[2023-10-18T02:46:24.523+0000] {logging_mixin.py:151} INFO - [2023-10-18T02:46:24.523+0000] {dag.py:3722} INFO - Setting next_dagrun for example_xcom_args to None, run_after=None
[2023-10-18T02:46:24.525+0000] {logging_mixin.py:151} INFO - [2023-10-18T02:46:24.525+0000] {dag.py:3722} INFO - Setting next_dagrun for example_xcom_args_with_operators to None, run_after=None
[2023-10-18T02:46:24.533+0000] {processor.py:179} INFO - Processing /home/airflow/.local/lib/python3.8/site-packages/airflow/example_dags/example_xcomargs.py took 0.048 seconds
[2023-10-18T02:46:54.692+0000] {processor.py:157} INFO - Started process (PID=3111) to work on /home/airflow/.local/lib/python3.8/site-packages/airflow/example_dags/example_xcomargs.py
[2023-10-18T02:46:54.693+0000] {processor.py:829} INFO - Processing file /home/airflow/.local/lib/python3.8/site-packages/airflow/example_dags/example_xcomargs.py for tasks to queue
[2023-10-18T02:46:54.694+0000] {logging_mixin.py:151} INFO - [2023-10-18T02:46:54.693+0000] {dagbag.py:536} INFO - Filling up the DagBag from /home/airflow/.local/lib/python3.8/site-packages/airflow/example_dags/example_xcomargs.py
[2023-10-18T02:46:54.699+0000] {processor.py:839} INFO - DAG(s) dict_keys(['example_xcom_args_with_operators', 'example_xcom_args']) retrieved from /home/airflow/.local/lib/python3.8/site-packages/airflow/example_dags/example_xcomargs.py
[2023-10-18T02:46:54.715+0000] {logging_mixin.py:151} INFO - [2023-10-18T02:46:54.715+0000] {dag.py:2941} INFO - Sync 2 DAGs
[2023-10-18T02:46:54.723+0000] {logging_mixin.py:151} INFO - [2023-10-18T02:46:54.723+0000] {dag.py:3722} INFO - Setting next_dagrun for example_xcom_args to None, run_after=None
[2023-10-18T02:46:54.725+0000] {logging_mixin.py:151} INFO - [2023-10-18T02:46:54.725+0000] {dag.py:3722} INFO - Setting next_dagrun for example_xcom_args_with_operators to None, run_after=None
[2023-10-18T02:46:54.732+0000] {processor.py:179} INFO - Processing /home/airflow/.local/lib/python3.8/site-packages/airflow/example_dags/example_xcomargs.py took 0.042 seconds
[2023-10-18T02:47:25.578+0000] {processor.py:157} INFO - Started process (PID=3349) to work on /home/airflow/.local/lib/python3.8/site-packages/airflow/example_dags/example_xcomargs.py
[2023-10-18T02:47:25.579+0000] {processor.py:829} INFO - Processing file /home/airflow/.local/lib/python3.8/site-packages/airflow/example_dags/example_xcomargs.py for tasks to queue
[2023-10-18T02:47:25.579+0000] {logging_mixin.py:151} INFO - [2023-10-18T02:47:25.579+0000] {dagbag.py:536} INFO - Filling up the DagBag from /home/airflow/.local/lib/python3.8/site-packages/airflow/example_dags/example_xcomargs.py
[2023-10-18T02:47:25.584+0000] {processor.py:839} INFO - DAG(s) dict_keys(['example_xcom_args_with_operators', 'example_xcom_args']) retrieved from /home/airflow/.local/lib/python3.8/site-packages/airflow/example_dags/example_xcomargs.py
[2023-10-18T02:47:25.599+0000] {logging_mixin.py:151} INFO - [2023-10-18T02:47:25.599+0000] {dag.py:2941} INFO - Sync 2 DAGs
[2023-10-18T02:47:25.605+0000] {logging_mixin.py:151} INFO - [2023-10-18T02:47:25.605+0000] {dag.py:3722} INFO - Setting next_dagrun for example_xcom_args to None, run_after=None
[2023-10-18T02:47:25.607+0000] {logging_mixin.py:151} INFO - [2023-10-18T02:47:25.607+0000] {dag.py:3722} INFO - Setting next_dagrun for example_xcom_args_with_operators to None, run_after=None
[2023-10-18T02:47:25.615+0000] {processor.py:179} INFO - Processing /home/airflow/.local/lib/python3.8/site-packages/airflow/example_dags/example_xcomargs.py took 0.039 seconds
[2023-10-18T02:47:55.711+0000] {processor.py:157} INFO - Started process (PID=3587) to work on /home/airflow/.local/lib/python3.8/site-packages/airflow/example_dags/example_xcomargs.py
[2023-10-18T02:47:55.712+0000] {processor.py:829} INFO - Processing file /home/airflow/.local/lib/python3.8/site-packages/airflow/example_dags/example_xcomargs.py for tasks to queue
[2023-10-18T02:47:55.713+0000] {logging_mixin.py:151} INFO - [2023-10-18T02:47:55.712+0000] {dagbag.py:536} INFO - Filling up the DagBag from /home/airflow/.local/lib/python3.8/site-packages/airflow/example_dags/example_xcomargs.py
[2023-10-18T02:47:55.717+0000] {processor.py:839} INFO - DAG(s) dict_keys(['example_xcom_args_with_operators', 'example_xcom_args']) retrieved from /home/airflow/.local/lib/python3.8/site-packages/airflow/example_dags/example_xcomargs.py
[2023-10-18T02:47:55.733+0000] {logging_mixin.py:151} INFO - [2023-10-18T02:47:55.733+0000] {dag.py:2941} INFO - Sync 2 DAGs
[2023-10-18T02:47:55.740+0000] {logging_mixin.py:151} INFO - [2023-10-18T02:47:55.740+0000] {dag.py:3722} INFO - Setting next_dagrun for example_xcom_args to None, run_after=None
[2023-10-18T02:47:55.742+0000] {logging_mixin.py:151} INFO - [2023-10-18T02:47:55.742+0000] {dag.py:3722} INFO - Setting next_dagrun for example_xcom_args_with_operators to None, run_after=None
[2023-10-18T02:47:55.750+0000] {processor.py:179} INFO - Processing /home/airflow/.local/lib/python3.8/site-packages/airflow/example_dags/example_xcomargs.py took 0.041 seconds
[2023-10-18T02:48:25.921+0000] {processor.py:157} INFO - Started process (PID=3825) to work on /home/airflow/.local/lib/python3.8/site-packages/airflow/example_dags/example_xcomargs.py
[2023-10-18T02:48:25.922+0000] {processor.py:829} INFO - Processing file /home/airflow/.local/lib/python3.8/site-packages/airflow/example_dags/example_xcomargs.py for tasks to queue
[2023-10-18T02:48:25.923+0000] {logging_mixin.py:151} INFO - [2023-10-18T02:48:25.922+0000] {dagbag.py:536} INFO - Filling up the DagBag from /home/airflow/.local/lib/python3.8/site-packages/airflow/example_dags/example_xcomargs.py
[2023-10-18T02:48:25.928+0000] {processor.py:839} INFO - DAG(s) dict_keys(['example_xcom_args_with_operators', 'example_xcom_args']) retrieved from /home/airflow/.local/lib/python3.8/site-packages/airflow/example_dags/example_xcomargs.py
[2023-10-18T02:48:25.946+0000] {logging_mixin.py:151} INFO - [2023-10-18T02:48:25.946+0000] {dag.py:2941} INFO - Sync 2 DAGs
[2023-10-18T02:48:25.952+0000] {logging_mixin.py:151} INFO - [2023-10-18T02:48:25.952+0000] {dag.py:3722} INFO - Setting next_dagrun for example_xcom_args to None, run_after=None
[2023-10-18T02:48:25.954+0000] {logging_mixin.py:151} INFO - [2023-10-18T02:48:25.954+0000] {dag.py:3722} INFO - Setting next_dagrun for example_xcom_args_with_operators to None, run_after=None
[2023-10-18T02:48:25.962+0000] {processor.py:179} INFO - Processing /home/airflow/.local/lib/python3.8/site-packages/airflow/example_dags/example_xcomargs.py took 0.043 seconds
[2023-10-18T02:48:56.089+0000] {processor.py:157} INFO - Started process (PID=4065) to work on /home/airflow/.local/lib/python3.8/site-packages/airflow/example_dags/example_xcomargs.py
[2023-10-18T02:48:56.090+0000] {processor.py:829} INFO - Processing file /home/airflow/.local/lib/python3.8/site-packages/airflow/example_dags/example_xcomargs.py for tasks to queue
[2023-10-18T02:48:56.090+0000] {logging_mixin.py:151} INFO - [2023-10-18T02:48:56.090+0000] {dagbag.py:536} INFO - Filling up the DagBag from /home/airflow/.local/lib/python3.8/site-packages/airflow/example_dags/example_xcomargs.py
[2023-10-18T02:48:56.095+0000] {processor.py:839} INFO - DAG(s) dict_keys(['example_xcom_args', 'example_xcom_args_with_operators']) retrieved from /home/airflow/.local/lib/python3.8/site-packages/airflow/example_dags/example_xcomargs.py
[2023-10-18T02:48:56.111+0000] {logging_mixin.py:151} INFO - [2023-10-18T02:48:56.111+0000] {dag.py:2941} INFO - Sync 2 DAGs
[2023-10-18T02:48:56.118+0000] {logging_mixin.py:151} INFO - [2023-10-18T02:48:56.118+0000] {dag.py:3722} INFO - Setting next_dagrun for example_xcom_args to None, run_after=None
[2023-10-18T02:48:56.120+0000] {logging_mixin.py:151} INFO - [2023-10-18T02:48:56.119+0000] {dag.py:3722} INFO - Setting next_dagrun for example_xcom_args_with_operators to None, run_after=None
[2023-10-18T02:48:56.127+0000] {processor.py:179} INFO - Processing /home/airflow/.local/lib/python3.8/site-packages/airflow/example_dags/example_xcomargs.py took 0.040 seconds
[2023-10-18T02:49:26.280+0000] {processor.py:157} INFO - Started process (PID=4303) to work on /home/airflow/.local/lib/python3.8/site-packages/airflow/example_dags/example_xcomargs.py
[2023-10-18T02:49:26.281+0000] {processor.py:829} INFO - Processing file /home/airflow/.local/lib/python3.8/site-packages/airflow/example_dags/example_xcomargs.py for tasks to queue
[2023-10-18T02:49:26.282+0000] {logging_mixin.py:151} INFO - [2023-10-18T02:49:26.281+0000] {dagbag.py:536} INFO - Filling up the DagBag from /home/airflow/.local/lib/python3.8/site-packages/airflow/example_dags/example_xcomargs.py
[2023-10-18T02:49:26.286+0000] {processor.py:839} INFO - DAG(s) dict_keys(['example_xcom_args_with_operators', 'example_xcom_args']) retrieved from /home/airflow/.local/lib/python3.8/site-packages/airflow/example_dags/example_xcomargs.py
[2023-10-18T02:49:26.303+0000] {logging_mixin.py:151} INFO - [2023-10-18T02:49:26.303+0000] {dag.py:2941} INFO - Sync 2 DAGs
[2023-10-18T02:49:26.310+0000] {logging_mixin.py:151} INFO - [2023-10-18T02:49:26.310+0000] {dag.py:3722} INFO - Setting next_dagrun for example_xcom_args to None, run_after=None
[2023-10-18T02:49:26.312+0000] {logging_mixin.py:151} INFO - [2023-10-18T02:49:26.312+0000] {dag.py:3722} INFO - Setting next_dagrun for example_xcom_args_with_operators to None, run_after=None
[2023-10-18T02:49:26.322+0000] {processor.py:179} INFO - Processing /home/airflow/.local/lib/python3.8/site-packages/airflow/example_dags/example_xcomargs.py took 0.044 seconds
[2023-10-18T02:49:56.388+0000] {processor.py:157} INFO - Started process (PID=4541) to work on /home/airflow/.local/lib/python3.8/site-packages/airflow/example_dags/example_xcomargs.py
[2023-10-18T02:49:56.389+0000] {processor.py:829} INFO - Processing file /home/airflow/.local/lib/python3.8/site-packages/airflow/example_dags/example_xcomargs.py for tasks to queue
[2023-10-18T02:49:56.389+0000] {logging_mixin.py:151} INFO - [2023-10-18T02:49:56.389+0000] {dagbag.py:536} INFO - Filling up the DagBag from /home/airflow/.local/lib/python3.8/site-packages/airflow/example_dags/example_xcomargs.py
[2023-10-18T02:49:56.394+0000] {processor.py:839} INFO - DAG(s) dict_keys(['example_xcom_args', 'example_xcom_args_with_operators']) retrieved from /home/airflow/.local/lib/python3.8/site-packages/airflow/example_dags/example_xcomargs.py
[2023-10-18T02:49:56.411+0000] {logging_mixin.py:151} INFO - [2023-10-18T02:49:56.411+0000] {dag.py:2941} INFO - Sync 2 DAGs
[2023-10-18T02:49:56.418+0000] {logging_mixin.py:151} INFO - [2023-10-18T02:49:56.418+0000] {dag.py:3722} INFO - Setting next_dagrun for example_xcom_args to None, run_after=None
[2023-10-18T02:49:56.420+0000] {logging_mixin.py:151} INFO - [2023-10-18T02:49:56.420+0000] {dag.py:3722} INFO - Setting next_dagrun for example_xcom_args_with_operators to None, run_after=None
[2023-10-18T02:49:56.429+0000] {processor.py:179} INFO - Processing /home/airflow/.local/lib/python3.8/site-packages/airflow/example_dags/example_xcomargs.py took 0.043 seconds
[2023-10-18T02:50:26.501+0000] {processor.py:157} INFO - Started process (PID=4778) to work on /home/airflow/.local/lib/python3.8/site-packages/airflow/example_dags/example_xcomargs.py
[2023-10-18T02:50:26.502+0000] {processor.py:829} INFO - Processing file /home/airflow/.local/lib/python3.8/site-packages/airflow/example_dags/example_xcomargs.py for tasks to queue
[2023-10-18T02:50:26.503+0000] {logging_mixin.py:151} INFO - [2023-10-18T02:50:26.502+0000] {dagbag.py:536} INFO - Filling up the DagBag from /home/airflow/.local/lib/python3.8/site-packages/airflow/example_dags/example_xcomargs.py
[2023-10-18T02:50:26.508+0000] {processor.py:839} INFO - DAG(s) dict_keys(['example_xcom_args_with_operators', 'example_xcom_args']) retrieved from /home/airflow/.local/lib/python3.8/site-packages/airflow/example_dags/example_xcomargs.py
[2023-10-18T02:50:26.525+0000] {logging_mixin.py:151} INFO - [2023-10-18T02:50:26.525+0000] {dag.py:2941} INFO - Sync 2 DAGs
[2023-10-18T02:50:26.532+0000] {logging_mixin.py:151} INFO - [2023-10-18T02:50:26.532+0000] {dag.py:3722} INFO - Setting next_dagrun for example_xcom_args to None, run_after=None
[2023-10-18T02:50:26.534+0000] {logging_mixin.py:151} INFO - [2023-10-18T02:50:26.534+0000] {dag.py:3722} INFO - Setting next_dagrun for example_xcom_args_with_operators to None, run_after=None
[2023-10-18T02:50:26.543+0000] {processor.py:179} INFO - Processing /home/airflow/.local/lib/python3.8/site-packages/airflow/example_dags/example_xcomargs.py took 0.044 seconds
[2023-10-18T02:50:56.687+0000] {processor.py:157} INFO - Started process (PID=5018) to work on /home/airflow/.local/lib/python3.8/site-packages/airflow/example_dags/example_xcomargs.py
[2023-10-18T02:50:56.688+0000] {processor.py:829} INFO - Processing file /home/airflow/.local/lib/python3.8/site-packages/airflow/example_dags/example_xcomargs.py for tasks to queue
[2023-10-18T02:50:56.689+0000] {logging_mixin.py:151} INFO - [2023-10-18T02:50:56.688+0000] {dagbag.py:536} INFO - Filling up the DagBag from /home/airflow/.local/lib/python3.8/site-packages/airflow/example_dags/example_xcomargs.py
[2023-10-18T02:50:56.693+0000] {processor.py:839} INFO - DAG(s) dict_keys(['example_xcom_args', 'example_xcom_args_with_operators']) retrieved from /home/airflow/.local/lib/python3.8/site-packages/airflow/example_dags/example_xcomargs.py
[2023-10-18T02:50:56.710+0000] {logging_mixin.py:151} INFO - [2023-10-18T02:50:56.710+0000] {dag.py:2941} INFO - Sync 2 DAGs
[2023-10-18T02:50:56.717+0000] {logging_mixin.py:151} INFO - [2023-10-18T02:50:56.716+0000] {dag.py:3722} INFO - Setting next_dagrun for example_xcom_args to None, run_after=None
[2023-10-18T02:50:56.718+0000] {logging_mixin.py:151} INFO - [2023-10-18T02:50:56.718+0000] {dag.py:3722} INFO - Setting next_dagrun for example_xcom_args_with_operators to None, run_after=None
[2023-10-18T02:50:56.726+0000] {processor.py:179} INFO - Processing /home/airflow/.local/lib/python3.8/site-packages/airflow/example_dags/example_xcomargs.py took 0.041 seconds
[2023-10-18T02:51:26.843+0000] {processor.py:157} INFO - Started process (PID=5254) to work on /home/airflow/.local/lib/python3.8/site-packages/airflow/example_dags/example_xcomargs.py
[2023-10-18T02:51:26.844+0000] {processor.py:829} INFO - Processing file /home/airflow/.local/lib/python3.8/site-packages/airflow/example_dags/example_xcomargs.py for tasks to queue
[2023-10-18T02:51:26.845+0000] {logging_mixin.py:151} INFO - [2023-10-18T02:51:26.844+0000] {dagbag.py:536} INFO - Filling up the DagBag from /home/airflow/.local/lib/python3.8/site-packages/airflow/example_dags/example_xcomargs.py
[2023-10-18T02:51:26.850+0000] {processor.py:839} INFO - DAG(s) dict_keys(['example_xcom_args_with_operators', 'example_xcom_args']) retrieved from /home/airflow/.local/lib/python3.8/site-packages/airflow/example_dags/example_xcomargs.py
[2023-10-18T02:51:26.865+0000] {logging_mixin.py:151} INFO - [2023-10-18T02:51:26.865+0000] {dag.py:2941} INFO - Sync 2 DAGs
[2023-10-18T02:51:26.872+0000] {logging_mixin.py:151} INFO - [2023-10-18T02:51:26.872+0000] {dag.py:3722} INFO - Setting next_dagrun for example_xcom_args to None, run_after=None
[2023-10-18T02:51:26.874+0000] {logging_mixin.py:151} INFO - [2023-10-18T02:51:26.874+0000] {dag.py:3722} INFO - Setting next_dagrun for example_xcom_args_with_operators to None, run_after=None
[2023-10-18T02:51:26.882+0000] {processor.py:179} INFO - Processing /home/airflow/.local/lib/python3.8/site-packages/airflow/example_dags/example_xcomargs.py took 0.041 seconds
[2023-10-18T02:51:57.016+0000] {processor.py:157} INFO - Started process (PID=5491) to work on /home/airflow/.local/lib/python3.8/site-packages/airflow/example_dags/example_xcomargs.py
[2023-10-18T02:51:57.017+0000] {processor.py:829} INFO - Processing file /home/airflow/.local/lib/python3.8/site-packages/airflow/example_dags/example_xcomargs.py for tasks to queue
[2023-10-18T02:51:57.018+0000] {logging_mixin.py:151} INFO - [2023-10-18T02:51:57.018+0000] {dagbag.py:536} INFO - Filling up the DagBag from /home/airflow/.local/lib/python3.8/site-packages/airflow/example_dags/example_xcomargs.py
[2023-10-18T02:51:57.023+0000] {processor.py:839} INFO - DAG(s) dict_keys(['example_xcom_args', 'example_xcom_args_with_operators']) retrieved from /home/airflow/.local/lib/python3.8/site-packages/airflow/example_dags/example_xcomargs.py
[2023-10-18T02:51:57.039+0000] {logging_mixin.py:151} INFO - [2023-10-18T02:51:57.038+0000] {dag.py:2941} INFO - Sync 2 DAGs
[2023-10-18T02:51:57.047+0000] {logging_mixin.py:151} INFO - [2023-10-18T02:51:57.046+0000] {dag.py:3722} INFO - Setting next_dagrun for example_xcom_args to None, run_after=None
[2023-10-18T02:51:57.049+0000] {logging_mixin.py:151} INFO - [2023-10-18T02:51:57.048+0000] {dag.py:3722} INFO - Setting next_dagrun for example_xcom_args_with_operators to None, run_after=None
[2023-10-18T02:51:57.057+0000] {processor.py:179} INFO - Processing /home/airflow/.local/lib/python3.8/site-packages/airflow/example_dags/example_xcomargs.py took 0.043 seconds
[2023-10-18T02:52:27.908+0000] {processor.py:157} INFO - Started process (PID=5728) to work on /home/airflow/.local/lib/python3.8/site-packages/airflow/example_dags/example_xcomargs.py
[2023-10-18T02:52:27.909+0000] {processor.py:829} INFO - Processing file /home/airflow/.local/lib/python3.8/site-packages/airflow/example_dags/example_xcomargs.py for tasks to queue
[2023-10-18T02:52:27.909+0000] {logging_mixin.py:151} INFO - [2023-10-18T02:52:27.909+0000] {dagbag.py:536} INFO - Filling up the DagBag from /home/airflow/.local/lib/python3.8/site-packages/airflow/example_dags/example_xcomargs.py
[2023-10-18T02:52:27.914+0000] {processor.py:839} INFO - DAG(s) dict_keys(['example_xcom_args', 'example_xcom_args_with_operators']) retrieved from /home/airflow/.local/lib/python3.8/site-packages/airflow/example_dags/example_xcomargs.py
[2023-10-18T02:52:27.932+0000] {logging_mixin.py:151} INFO - [2023-10-18T02:52:27.932+0000] {dag.py:2941} INFO - Sync 2 DAGs
[2023-10-18T02:52:27.939+0000] {logging_mixin.py:151} INFO - [2023-10-18T02:52:27.939+0000] {dag.py:3722} INFO - Setting next_dagrun for example_xcom_args to None, run_after=None
[2023-10-18T02:52:27.940+0000] {logging_mixin.py:151} INFO - [2023-10-18T02:52:27.940+0000] {dag.py:3722} INFO - Setting next_dagrun for example_xcom_args_with_operators to None, run_after=None
[2023-10-18T02:52:27.948+0000] {processor.py:179} INFO - Processing /home/airflow/.local/lib/python3.8/site-packages/airflow/example_dags/example_xcomargs.py took 0.043 seconds
[2023-10-18T02:52:58.112+0000] {processor.py:157} INFO - Started process (PID=5966) to work on /home/airflow/.local/lib/python3.8/site-packages/airflow/example_dags/example_xcomargs.py
[2023-10-18T02:52:58.113+0000] {processor.py:829} INFO - Processing file /home/airflow/.local/lib/python3.8/site-packages/airflow/example_dags/example_xcomargs.py for tasks to queue
[2023-10-18T02:52:58.113+0000] {logging_mixin.py:151} INFO - [2023-10-18T02:52:58.113+0000] {dagbag.py:536} INFO - Filling up the DagBag from /home/airflow/.local/lib/python3.8/site-packages/airflow/example_dags/example_xcomargs.py
[2023-10-18T02:52:58.119+0000] {processor.py:839} INFO - DAG(s) dict_keys(['example_xcom_args_with_operators', 'example_xcom_args']) retrieved from /home/airflow/.local/lib/python3.8/site-packages/airflow/example_dags/example_xcomargs.py
[2023-10-18T02:52:58.136+0000] {logging_mixin.py:151} INFO - [2023-10-18T02:52:58.136+0000] {dag.py:2941} INFO - Sync 2 DAGs
[2023-10-18T02:52:58.143+0000] {logging_mixin.py:151} INFO - [2023-10-18T02:52:58.143+0000] {dag.py:3722} INFO - Setting next_dagrun for example_xcom_args to None, run_after=None
[2023-10-18T02:52:58.145+0000] {logging_mixin.py:151} INFO - [2023-10-18T02:52:58.145+0000] {dag.py:3722} INFO - Setting next_dagrun for example_xcom_args_with_operators to None, run_after=None
[2023-10-18T02:52:58.153+0000] {processor.py:179} INFO - Processing /home/airflow/.local/lib/python3.8/site-packages/airflow/example_dags/example_xcomargs.py took 0.043 seconds
[2023-10-18T02:53:28.273+0000] {processor.py:157} INFO - Started process (PID=6204) to work on /home/airflow/.local/lib/python3.8/site-packages/airflow/example_dags/example_xcomargs.py
[2023-10-18T02:53:28.274+0000] {processor.py:829} INFO - Processing file /home/airflow/.local/lib/python3.8/site-packages/airflow/example_dags/example_xcomargs.py for tasks to queue
[2023-10-18T02:53:28.275+0000] {logging_mixin.py:151} INFO - [2023-10-18T02:53:28.274+0000] {dagbag.py:536} INFO - Filling up the DagBag from /home/airflow/.local/lib/python3.8/site-packages/airflow/example_dags/example_xcomargs.py
[2023-10-18T02:53:28.280+0000] {processor.py:839} INFO - DAG(s) dict_keys(['example_xcom_args', 'example_xcom_args_with_operators']) retrieved from /home/airflow/.local/lib/python3.8/site-packages/airflow/example_dags/example_xcomargs.py
[2023-10-18T02:53:28.297+0000] {logging_mixin.py:151} INFO - [2023-10-18T02:53:28.297+0000] {dag.py:2941} INFO - Sync 2 DAGs
[2023-10-18T02:53:28.305+0000] {logging_mixin.py:151} INFO - [2023-10-18T02:53:28.305+0000] {dag.py:3722} INFO - Setting next_dagrun for example_xcom_args to None, run_after=None
[2023-10-18T02:53:28.307+0000] {logging_mixin.py:151} INFO - [2023-10-18T02:53:28.307+0000] {dag.py:3722} INFO - Setting next_dagrun for example_xcom_args_with_operators to None, run_after=None
[2023-10-18T02:53:28.316+0000] {processor.py:179} INFO - Processing /home/airflow/.local/lib/python3.8/site-packages/airflow/example_dags/example_xcomargs.py took 0.045 seconds
