[2023-10-18T02:40:51.506+0000] {processor.py:157} INFO - Started process (PID=284) to work on /home/airflow/.local/lib/python3.8/site-packages/airflow/example_dags/example_latest_only_with_trigger.py
[2023-10-18T02:40:51.510+0000] {processor.py:829} INFO - Processing file /home/airflow/.local/lib/python3.8/site-packages/airflow/example_dags/example_latest_only_with_trigger.py for tasks to queue
[2023-10-18T02:40:51.510+0000] {logging_mixin.py:151} INFO - [2023-10-18T02:40:51.510+0000] {dagbag.py:536} INFO - Filling up the DagBag from /home/airflow/.local/lib/python3.8/site-packages/airflow/example_dags/example_latest_only_with_trigger.py
[2023-10-18T02:40:51.521+0000] {processor.py:839} INFO - DAG(s) dict_keys(['latest_only_with_trigger']) retrieved from /home/airflow/.local/lib/python3.8/site-packages/airflow/example_dags/example_latest_only_with_trigger.py
[2023-10-18T02:40:51.539+0000] {logging_mixin.py:151} INFO - [2023-10-18T02:40:51.539+0000] {dag.py:2941} INFO - Sync 1 DAGs
[2023-10-18T02:40:51.554+0000] {logging_mixin.py:151} INFO - [2023-10-18T02:40:51.554+0000] {dag.py:3722} INFO - Setting next_dagrun for latest_only_with_trigger to 2023-10-17T22:40:51.554470+00:00, run_after=2023-10-18T02:40:51.554470+00:00
[2023-10-18T02:40:51.563+0000] {processor.py:179} INFO - Processing /home/airflow/.local/lib/python3.8/site-packages/airflow/example_dags/example_latest_only_with_trigger.py took 0.071 seconds
[2023-10-18T02:41:22.063+0000] {processor.py:157} INFO - Started process (PID=526) to work on /home/airflow/.local/lib/python3.8/site-packages/airflow/example_dags/example_latest_only_with_trigger.py
[2023-10-18T02:41:22.064+0000] {processor.py:829} INFO - Processing file /home/airflow/.local/lib/python3.8/site-packages/airflow/example_dags/example_latest_only_with_trigger.py for tasks to queue
[2023-10-18T02:41:22.064+0000] {logging_mixin.py:151} INFO - [2023-10-18T02:41:22.064+0000] {dagbag.py:536} INFO - Filling up the DagBag from /home/airflow/.local/lib/python3.8/site-packages/airflow/example_dags/example_latest_only_with_trigger.py
[2023-10-18T02:41:22.069+0000] {processor.py:839} INFO - DAG(s) dict_keys(['latest_only_with_trigger']) retrieved from /home/airflow/.local/lib/python3.8/site-packages/airflow/example_dags/example_latest_only_with_trigger.py
[2023-10-18T02:41:22.087+0000] {logging_mixin.py:151} INFO - [2023-10-18T02:41:22.087+0000] {dag.py:2941} INFO - Sync 1 DAGs
[2023-10-18T02:41:22.099+0000] {logging_mixin.py:151} INFO - [2023-10-18T02:41:22.099+0000] {dag.py:3722} INFO - Setting next_dagrun for latest_only_with_trigger to 2023-10-17T22:41:22.098881+00:00, run_after=2023-10-18T02:41:22.098881+00:00
[2023-10-18T02:41:22.110+0000] {processor.py:179} INFO - Processing /home/airflow/.local/lib/python3.8/site-packages/airflow/example_dags/example_latest_only_with_trigger.py took 0.049 seconds
[2023-10-18T02:41:52.283+0000] {processor.py:157} INFO - Started process (PID=762) to work on /home/airflow/.local/lib/python3.8/site-packages/airflow/example_dags/example_latest_only_with_trigger.py
[2023-10-18T02:41:52.284+0000] {processor.py:829} INFO - Processing file /home/airflow/.local/lib/python3.8/site-packages/airflow/example_dags/example_latest_only_with_trigger.py for tasks to queue
[2023-10-18T02:41:52.284+0000] {logging_mixin.py:151} INFO - [2023-10-18T02:41:52.284+0000] {dagbag.py:536} INFO - Filling up the DagBag from /home/airflow/.local/lib/python3.8/site-packages/airflow/example_dags/example_latest_only_with_trigger.py
[2023-10-18T02:41:52.289+0000] {processor.py:839} INFO - DAG(s) dict_keys(['latest_only_with_trigger']) retrieved from /home/airflow/.local/lib/python3.8/site-packages/airflow/example_dags/example_latest_only_with_trigger.py
[2023-10-18T02:41:52.303+0000] {logging_mixin.py:151} INFO - [2023-10-18T02:41:52.303+0000] {dag.py:2941} INFO - Sync 1 DAGs
[2023-10-18T02:41:52.315+0000] {logging_mixin.py:151} INFO - [2023-10-18T02:41:52.315+0000] {dag.py:3722} INFO - Setting next_dagrun for latest_only_with_trigger to 2023-10-17T22:41:52.315085+00:00, run_after=2023-10-18T02:41:52.315085+00:00
[2023-10-18T02:41:52.328+0000] {processor.py:179} INFO - Processing /home/airflow/.local/lib/python3.8/site-packages/airflow/example_dags/example_latest_only_with_trigger.py took 0.047 seconds
[2023-10-18T02:42:22.392+0000] {processor.py:157} INFO - Started process (PID=1000) to work on /home/airflow/.local/lib/python3.8/site-packages/airflow/example_dags/example_latest_only_with_trigger.py
[2023-10-18T02:42:22.393+0000] {processor.py:829} INFO - Processing file /home/airflow/.local/lib/python3.8/site-packages/airflow/example_dags/example_latest_only_with_trigger.py for tasks to queue
[2023-10-18T02:42:22.394+0000] {logging_mixin.py:151} INFO - [2023-10-18T02:42:22.393+0000] {dagbag.py:536} INFO - Filling up the DagBag from /home/airflow/.local/lib/python3.8/site-packages/airflow/example_dags/example_latest_only_with_trigger.py
[2023-10-18T02:42:22.398+0000] {processor.py:839} INFO - DAG(s) dict_keys(['latest_only_with_trigger']) retrieved from /home/airflow/.local/lib/python3.8/site-packages/airflow/example_dags/example_latest_only_with_trigger.py
[2023-10-18T02:42:22.413+0000] {logging_mixin.py:151} INFO - [2023-10-18T02:42:22.413+0000] {dag.py:2941} INFO - Sync 1 DAGs
[2023-10-18T02:42:22.424+0000] {logging_mixin.py:151} INFO - [2023-10-18T02:42:22.424+0000] {dag.py:3722} INFO - Setting next_dagrun for latest_only_with_trigger to 2023-10-17T22:42:22.424629+00:00, run_after=2023-10-18T02:42:22.424629+00:00
[2023-10-18T02:42:22.434+0000] {processor.py:179} INFO - Processing /home/airflow/.local/lib/python3.8/site-packages/airflow/example_dags/example_latest_only_with_trigger.py took 0.044 seconds
[2023-10-18T02:42:53.265+0000] {processor.py:157} INFO - Started process (PID=1286) to work on /home/airflow/.local/lib/python3.8/site-packages/airflow/example_dags/example_latest_only_with_trigger.py
[2023-10-18T02:42:53.266+0000] {processor.py:829} INFO - Processing file /home/airflow/.local/lib/python3.8/site-packages/airflow/example_dags/example_latest_only_with_trigger.py for tasks to queue
[2023-10-18T02:42:53.267+0000] {logging_mixin.py:151} INFO - [2023-10-18T02:42:53.266+0000] {dagbag.py:536} INFO - Filling up the DagBag from /home/airflow/.local/lib/python3.8/site-packages/airflow/example_dags/example_latest_only_with_trigger.py
[2023-10-18T02:42:53.271+0000] {processor.py:839} INFO - DAG(s) dict_keys(['latest_only_with_trigger']) retrieved from /home/airflow/.local/lib/python3.8/site-packages/airflow/example_dags/example_latest_only_with_trigger.py
[2023-10-18T02:42:53.287+0000] {logging_mixin.py:151} INFO - [2023-10-18T02:42:53.287+0000] {dag.py:2941} INFO - Sync 1 DAGs
[2023-10-18T02:42:53.298+0000] {logging_mixin.py:151} INFO - [2023-10-18T02:42:53.298+0000] {dag.py:3722} INFO - Setting next_dagrun for latest_only_with_trigger to 2023-10-17T22:42:53.298317+00:00, run_after=2023-10-18T02:42:53.298317+00:00
[2023-10-18T02:42:53.308+0000] {processor.py:179} INFO - Processing /home/airflow/.local/lib/python3.8/site-packages/airflow/example_dags/example_latest_only_with_trigger.py took 0.046 seconds
[2023-10-18T02:43:23.424+0000] {processor.py:157} INFO - Started process (PID=1526) to work on /home/airflow/.local/lib/python3.8/site-packages/airflow/example_dags/example_latest_only_with_trigger.py
[2023-10-18T02:43:23.425+0000] {processor.py:829} INFO - Processing file /home/airflow/.local/lib/python3.8/site-packages/airflow/example_dags/example_latest_only_with_trigger.py for tasks to queue
[2023-10-18T02:43:23.426+0000] {logging_mixin.py:151} INFO - [2023-10-18T02:43:23.425+0000] {dagbag.py:536} INFO - Filling up the DagBag from /home/airflow/.local/lib/python3.8/site-packages/airflow/example_dags/example_latest_only_with_trigger.py
[2023-10-18T02:43:23.430+0000] {processor.py:839} INFO - DAG(s) dict_keys(['latest_only_with_trigger']) retrieved from /home/airflow/.local/lib/python3.8/site-packages/airflow/example_dags/example_latest_only_with_trigger.py
[2023-10-18T02:43:23.445+0000] {logging_mixin.py:151} INFO - [2023-10-18T02:43:23.445+0000] {dag.py:2941} INFO - Sync 1 DAGs
[2023-10-18T02:43:23.456+0000] {logging_mixin.py:151} INFO - [2023-10-18T02:43:23.456+0000] {dag.py:3722} INFO - Setting next_dagrun for latest_only_with_trigger to 2023-10-17T22:43:23.456575+00:00, run_after=2023-10-18T02:43:23.456575+00:00
[2023-10-18T02:43:23.464+0000] {processor.py:179} INFO - Processing /home/airflow/.local/lib/python3.8/site-packages/airflow/example_dags/example_latest_only_with_trigger.py took 0.042 seconds
[2023-10-18T02:43:53.575+0000] {processor.py:157} INFO - Started process (PID=1761) to work on /home/airflow/.local/lib/python3.8/site-packages/airflow/example_dags/example_latest_only_with_trigger.py
[2023-10-18T02:43:53.575+0000] {processor.py:829} INFO - Processing file /home/airflow/.local/lib/python3.8/site-packages/airflow/example_dags/example_latest_only_with_trigger.py for tasks to queue
[2023-10-18T02:43:53.576+0000] {logging_mixin.py:151} INFO - [2023-10-18T02:43:53.576+0000] {dagbag.py:536} INFO - Filling up the DagBag from /home/airflow/.local/lib/python3.8/site-packages/airflow/example_dags/example_latest_only_with_trigger.py
[2023-10-18T02:43:53.580+0000] {processor.py:839} INFO - DAG(s) dict_keys(['latest_only_with_trigger']) retrieved from /home/airflow/.local/lib/python3.8/site-packages/airflow/example_dags/example_latest_only_with_trigger.py
[2023-10-18T02:43:53.595+0000] {logging_mixin.py:151} INFO - [2023-10-18T02:43:53.595+0000] {dag.py:2941} INFO - Sync 1 DAGs
[2023-10-18T02:43:53.608+0000] {logging_mixin.py:151} INFO - [2023-10-18T02:43:53.608+0000] {dag.py:3722} INFO - Setting next_dagrun for latest_only_with_trigger to 2023-10-17T22:43:53.607884+00:00, run_after=2023-10-18T02:43:53.607884+00:00
[2023-10-18T02:43:53.620+0000] {processor.py:179} INFO - Processing /home/airflow/.local/lib/python3.8/site-packages/airflow/example_dags/example_latest_only_with_trigger.py took 0.048 seconds
[2023-10-18T02:44:24.490+0000] {processor.py:157} INFO - Started process (PID=2000) to work on /home/airflow/.local/lib/python3.8/site-packages/airflow/example_dags/example_latest_only_with_trigger.py
[2023-10-18T02:44:24.490+0000] {processor.py:829} INFO - Processing file /home/airflow/.local/lib/python3.8/site-packages/airflow/example_dags/example_latest_only_with_trigger.py for tasks to queue
[2023-10-18T02:44:24.491+0000] {logging_mixin.py:151} INFO - [2023-10-18T02:44:24.491+0000] {dagbag.py:536} INFO - Filling up the DagBag from /home/airflow/.local/lib/python3.8/site-packages/airflow/example_dags/example_latest_only_with_trigger.py
[2023-10-18T02:44:24.495+0000] {processor.py:839} INFO - DAG(s) dict_keys(['latest_only_with_trigger']) retrieved from /home/airflow/.local/lib/python3.8/site-packages/airflow/example_dags/example_latest_only_with_trigger.py
[2023-10-18T02:44:24.510+0000] {logging_mixin.py:151} INFO - [2023-10-18T02:44:24.509+0000] {dag.py:2941} INFO - Sync 1 DAGs
[2023-10-18T02:44:24.521+0000] {logging_mixin.py:151} INFO - [2023-10-18T02:44:24.521+0000] {dag.py:3722} INFO - Setting next_dagrun for latest_only_with_trigger to 2023-10-17T22:44:24.521068+00:00, run_after=2023-10-18T02:44:24.521068+00:00
[2023-10-18T02:44:24.530+0000] {processor.py:179} INFO - Processing /home/airflow/.local/lib/python3.8/site-packages/airflow/example_dags/example_latest_only_with_trigger.py took 0.042 seconds
[2023-10-18T02:44:54.605+0000] {processor.py:157} INFO - Started process (PID=2239) to work on /home/airflow/.local/lib/python3.8/site-packages/airflow/example_dags/example_latest_only_with_trigger.py
[2023-10-18T02:44:54.605+0000] {processor.py:829} INFO - Processing file /home/airflow/.local/lib/python3.8/site-packages/airflow/example_dags/example_latest_only_with_trigger.py for tasks to queue
[2023-10-18T02:44:54.606+0000] {logging_mixin.py:151} INFO - [2023-10-18T02:44:54.606+0000] {dagbag.py:536} INFO - Filling up the DagBag from /home/airflow/.local/lib/python3.8/site-packages/airflow/example_dags/example_latest_only_with_trigger.py
[2023-10-18T02:44:54.609+0000] {processor.py:839} INFO - DAG(s) dict_keys(['latest_only_with_trigger']) retrieved from /home/airflow/.local/lib/python3.8/site-packages/airflow/example_dags/example_latest_only_with_trigger.py
[2023-10-18T02:44:54.624+0000] {logging_mixin.py:151} INFO - [2023-10-18T02:44:54.624+0000] {dag.py:2941} INFO - Sync 1 DAGs
[2023-10-18T02:44:54.635+0000] {logging_mixin.py:151} INFO - [2023-10-18T02:44:54.635+0000] {dag.py:3722} INFO - Setting next_dagrun for latest_only_with_trigger to 2023-10-17T22:44:54.634983+00:00, run_after=2023-10-18T02:44:54.634983+00:00
[2023-10-18T02:44:54.643+0000] {processor.py:179} INFO - Processing /home/airflow/.local/lib/python3.8/site-packages/airflow/example_dags/example_latest_only_with_trigger.py took 0.041 seconds
[2023-10-18T02:45:24.870+0000] {processor.py:157} INFO - Started process (PID=2477) to work on /home/airflow/.local/lib/python3.8/site-packages/airflow/example_dags/example_latest_only_with_trigger.py
[2023-10-18T02:45:24.871+0000] {processor.py:829} INFO - Processing file /home/airflow/.local/lib/python3.8/site-packages/airflow/example_dags/example_latest_only_with_trigger.py for tasks to queue
[2023-10-18T02:45:24.872+0000] {logging_mixin.py:151} INFO - [2023-10-18T02:45:24.871+0000] {dagbag.py:536} INFO - Filling up the DagBag from /home/airflow/.local/lib/python3.8/site-packages/airflow/example_dags/example_latest_only_with_trigger.py
[2023-10-18T02:45:24.876+0000] {processor.py:839} INFO - DAG(s) dict_keys(['latest_only_with_trigger']) retrieved from /home/airflow/.local/lib/python3.8/site-packages/airflow/example_dags/example_latest_only_with_trigger.py
[2023-10-18T02:45:24.894+0000] {logging_mixin.py:151} INFO - [2023-10-18T02:45:24.894+0000] {dag.py:2941} INFO - Sync 1 DAGs
[2023-10-18T02:45:24.906+0000] {logging_mixin.py:151} INFO - [2023-10-18T02:45:24.906+0000] {dag.py:3722} INFO - Setting next_dagrun for latest_only_with_trigger to 2023-10-17T22:45:24.906043+00:00, run_after=2023-10-18T02:45:24.906043+00:00
[2023-10-18T02:45:24.914+0000] {processor.py:179} INFO - Processing /home/airflow/.local/lib/python3.8/site-packages/airflow/example_dags/example_latest_only_with_trigger.py took 0.046 seconds
[2023-10-18T02:45:54.991+0000] {processor.py:157} INFO - Started process (PID=2715) to work on /home/airflow/.local/lib/python3.8/site-packages/airflow/example_dags/example_latest_only_with_trigger.py
[2023-10-18T02:45:54.992+0000] {processor.py:829} INFO - Processing file /home/airflow/.local/lib/python3.8/site-packages/airflow/example_dags/example_latest_only_with_trigger.py for tasks to queue
[2023-10-18T02:45:54.992+0000] {logging_mixin.py:151} INFO - [2023-10-18T02:45:54.992+0000] {dagbag.py:536} INFO - Filling up the DagBag from /home/airflow/.local/lib/python3.8/site-packages/airflow/example_dags/example_latest_only_with_trigger.py
[2023-10-18T02:45:54.997+0000] {processor.py:839} INFO - DAG(s) dict_keys(['latest_only_with_trigger']) retrieved from /home/airflow/.local/lib/python3.8/site-packages/airflow/example_dags/example_latest_only_with_trigger.py
[2023-10-18T02:45:55.012+0000] {logging_mixin.py:151} INFO - [2023-10-18T02:45:55.012+0000] {dag.py:2941} INFO - Sync 1 DAGs
[2023-10-18T02:45:55.026+0000] {logging_mixin.py:151} INFO - [2023-10-18T02:45:55.025+0000] {dag.py:3722} INFO - Setting next_dagrun for latest_only_with_trigger to 2023-10-17T22:45:55.025765+00:00, run_after=2023-10-18T02:45:55.025765+00:00
[2023-10-18T02:45:55.034+0000] {processor.py:179} INFO - Processing /home/airflow/.local/lib/python3.8/site-packages/airflow/example_dags/example_latest_only_with_trigger.py took 0.045 seconds
[2023-10-18T02:46:26.052+0000] {processor.py:157} INFO - Started process (PID=2953) to work on /home/airflow/.local/lib/python3.8/site-packages/airflow/example_dags/example_latest_only_with_trigger.py
[2023-10-18T02:46:26.053+0000] {processor.py:829} INFO - Processing file /home/airflow/.local/lib/python3.8/site-packages/airflow/example_dags/example_latest_only_with_trigger.py for tasks to queue
[2023-10-18T02:46:26.053+0000] {logging_mixin.py:151} INFO - [2023-10-18T02:46:26.053+0000] {dagbag.py:536} INFO - Filling up the DagBag from /home/airflow/.local/lib/python3.8/site-packages/airflow/example_dags/example_latest_only_with_trigger.py
[2023-10-18T02:46:26.059+0000] {processor.py:839} INFO - DAG(s) dict_keys(['latest_only_with_trigger']) retrieved from /home/airflow/.local/lib/python3.8/site-packages/airflow/example_dags/example_latest_only_with_trigger.py
[2023-10-18T02:46:26.080+0000] {logging_mixin.py:151} INFO - [2023-10-18T02:46:26.080+0000] {dag.py:2941} INFO - Sync 1 DAGs
[2023-10-18T02:46:26.092+0000] {logging_mixin.py:151} INFO - [2023-10-18T02:46:26.092+0000] {dag.py:3722} INFO - Setting next_dagrun for latest_only_with_trigger to 2023-10-17T22:46:26.092370+00:00, run_after=2023-10-18T02:46:26.092370+00:00
[2023-10-18T02:46:26.105+0000] {processor.py:179} INFO - Processing /home/airflow/.local/lib/python3.8/site-packages/airflow/example_dags/example_latest_only_with_trigger.py took 0.055 seconds
[2023-10-18T02:46:56.222+0000] {processor.py:157} INFO - Started process (PID=3191) to work on /home/airflow/.local/lib/python3.8/site-packages/airflow/example_dags/example_latest_only_with_trigger.py
[2023-10-18T02:46:56.222+0000] {processor.py:829} INFO - Processing file /home/airflow/.local/lib/python3.8/site-packages/airflow/example_dags/example_latest_only_with_trigger.py for tasks to queue
[2023-10-18T02:46:56.223+0000] {logging_mixin.py:151} INFO - [2023-10-18T02:46:56.223+0000] {dagbag.py:536} INFO - Filling up the DagBag from /home/airflow/.local/lib/python3.8/site-packages/airflow/example_dags/example_latest_only_with_trigger.py
[2023-10-18T02:46:56.227+0000] {processor.py:839} INFO - DAG(s) dict_keys(['latest_only_with_trigger']) retrieved from /home/airflow/.local/lib/python3.8/site-packages/airflow/example_dags/example_latest_only_with_trigger.py
[2023-10-18T02:46:56.242+0000] {logging_mixin.py:151} INFO - [2023-10-18T02:46:56.242+0000] {dag.py:2941} INFO - Sync 1 DAGs
[2023-10-18T02:46:56.254+0000] {logging_mixin.py:151} INFO - [2023-10-18T02:46:56.254+0000] {dag.py:3722} INFO - Setting next_dagrun for latest_only_with_trigger to 2023-10-17T22:46:56.254009+00:00, run_after=2023-10-18T02:46:56.254009+00:00
[2023-10-18T02:46:56.263+0000] {processor.py:179} INFO - Processing /home/airflow/.local/lib/python3.8/site-packages/airflow/example_dags/example_latest_only_with_trigger.py took 0.044 seconds
[2023-10-18T02:47:27.221+0000] {processor.py:157} INFO - Started process (PID=3429) to work on /home/airflow/.local/lib/python3.8/site-packages/airflow/example_dags/example_latest_only_with_trigger.py
[2023-10-18T02:47:27.222+0000] {processor.py:829} INFO - Processing file /home/airflow/.local/lib/python3.8/site-packages/airflow/example_dags/example_latest_only_with_trigger.py for tasks to queue
[2023-10-18T02:47:27.222+0000] {logging_mixin.py:151} INFO - [2023-10-18T02:47:27.222+0000] {dagbag.py:536} INFO - Filling up the DagBag from /home/airflow/.local/lib/python3.8/site-packages/airflow/example_dags/example_latest_only_with_trigger.py
[2023-10-18T02:47:27.227+0000] {processor.py:839} INFO - DAG(s) dict_keys(['latest_only_with_trigger']) retrieved from /home/airflow/.local/lib/python3.8/site-packages/airflow/example_dags/example_latest_only_with_trigger.py
[2023-10-18T02:47:27.242+0000] {logging_mixin.py:151} INFO - [2023-10-18T02:47:27.242+0000] {dag.py:2941} INFO - Sync 1 DAGs
[2023-10-18T02:47:27.254+0000] {logging_mixin.py:151} INFO - [2023-10-18T02:47:27.254+0000] {dag.py:3722} INFO - Setting next_dagrun for latest_only_with_trigger to 2023-10-17T22:47:27.254635+00:00, run_after=2023-10-18T02:47:27.254635+00:00
[2023-10-18T02:47:27.263+0000] {processor.py:179} INFO - Processing /home/airflow/.local/lib/python3.8/site-packages/airflow/example_dags/example_latest_only_with_trigger.py took 0.044 seconds
[2023-10-18T02:47:57.372+0000] {processor.py:157} INFO - Started process (PID=3667) to work on /home/airflow/.local/lib/python3.8/site-packages/airflow/example_dags/example_latest_only_with_trigger.py
[2023-10-18T02:47:57.372+0000] {processor.py:829} INFO - Processing file /home/airflow/.local/lib/python3.8/site-packages/airflow/example_dags/example_latest_only_with_trigger.py for tasks to queue
[2023-10-18T02:47:57.373+0000] {logging_mixin.py:151} INFO - [2023-10-18T02:47:57.373+0000] {dagbag.py:536} INFO - Filling up the DagBag from /home/airflow/.local/lib/python3.8/site-packages/airflow/example_dags/example_latest_only_with_trigger.py
[2023-10-18T02:47:57.377+0000] {processor.py:839} INFO - DAG(s) dict_keys(['latest_only_with_trigger']) retrieved from /home/airflow/.local/lib/python3.8/site-packages/airflow/example_dags/example_latest_only_with_trigger.py
[2023-10-18T02:47:57.392+0000] {logging_mixin.py:151} INFO - [2023-10-18T02:47:57.392+0000] {dag.py:2941} INFO - Sync 1 DAGs
[2023-10-18T02:47:57.404+0000] {logging_mixin.py:151} INFO - [2023-10-18T02:47:57.404+0000] {dag.py:3722} INFO - Setting next_dagrun for latest_only_with_trigger to 2023-10-17T22:47:57.404372+00:00, run_after=2023-10-18T02:47:57.404372+00:00
[2023-10-18T02:47:57.414+0000] {processor.py:179} INFO - Processing /home/airflow/.local/lib/python3.8/site-packages/airflow/example_dags/example_latest_only_with_trigger.py took 0.045 seconds
[2023-10-18T02:48:27.501+0000] {processor.py:157} INFO - Started process (PID=3907) to work on /home/airflow/.local/lib/python3.8/site-packages/airflow/example_dags/example_latest_only_with_trigger.py
[2023-10-18T02:48:27.502+0000] {processor.py:829} INFO - Processing file /home/airflow/.local/lib/python3.8/site-packages/airflow/example_dags/example_latest_only_with_trigger.py for tasks to queue
[2023-10-18T02:48:27.502+0000] {logging_mixin.py:151} INFO - [2023-10-18T02:48:27.502+0000] {dagbag.py:536} INFO - Filling up the DagBag from /home/airflow/.local/lib/python3.8/site-packages/airflow/example_dags/example_latest_only_with_trigger.py
[2023-10-18T02:48:27.506+0000] {processor.py:839} INFO - DAG(s) dict_keys(['latest_only_with_trigger']) retrieved from /home/airflow/.local/lib/python3.8/site-packages/airflow/example_dags/example_latest_only_with_trigger.py
[2023-10-18T02:48:27.520+0000] {logging_mixin.py:151} INFO - [2023-10-18T02:48:27.520+0000] {dag.py:2941} INFO - Sync 1 DAGs
[2023-10-18T02:48:27.531+0000] {logging_mixin.py:151} INFO - [2023-10-18T02:48:27.531+0000] {dag.py:3722} INFO - Setting next_dagrun for latest_only_with_trigger to 2023-10-17T22:48:27.531142+00:00, run_after=2023-10-18T02:48:27.531142+00:00
[2023-10-18T02:48:27.540+0000] {processor.py:179} INFO - Processing /home/airflow/.local/lib/python3.8/site-packages/airflow/example_dags/example_latest_only_with_trigger.py took 0.040 seconds
[2023-10-18T02:48:57.641+0000] {processor.py:157} INFO - Started process (PID=4145) to work on /home/airflow/.local/lib/python3.8/site-packages/airflow/example_dags/example_latest_only_with_trigger.py
[2023-10-18T02:48:57.642+0000] {processor.py:829} INFO - Processing file /home/airflow/.local/lib/python3.8/site-packages/airflow/example_dags/example_latest_only_with_trigger.py for tasks to queue
[2023-10-18T02:48:57.643+0000] {logging_mixin.py:151} INFO - [2023-10-18T02:48:57.642+0000] {dagbag.py:536} INFO - Filling up the DagBag from /home/airflow/.local/lib/python3.8/site-packages/airflow/example_dags/example_latest_only_with_trigger.py
[2023-10-18T02:48:57.647+0000] {processor.py:839} INFO - DAG(s) dict_keys(['latest_only_with_trigger']) retrieved from /home/airflow/.local/lib/python3.8/site-packages/airflow/example_dags/example_latest_only_with_trigger.py
[2023-10-18T02:48:57.662+0000] {logging_mixin.py:151} INFO - [2023-10-18T02:48:57.662+0000] {dag.py:2941} INFO - Sync 1 DAGs
[2023-10-18T02:48:57.675+0000] {logging_mixin.py:151} INFO - [2023-10-18T02:48:57.674+0000] {dag.py:3722} INFO - Setting next_dagrun for latest_only_with_trigger to 2023-10-17T22:48:57.674802+00:00, run_after=2023-10-18T02:48:57.674802+00:00
[2023-10-18T02:48:57.684+0000] {processor.py:179} INFO - Processing /home/airflow/.local/lib/python3.8/site-packages/airflow/example_dags/example_latest_only_with_trigger.py took 0.045 seconds
[2023-10-18T02:49:27.835+0000] {processor.py:157} INFO - Started process (PID=4381) to work on /home/airflow/.local/lib/python3.8/site-packages/airflow/example_dags/example_latest_only_with_trigger.py
[2023-10-18T02:49:27.836+0000] {processor.py:829} INFO - Processing file /home/airflow/.local/lib/python3.8/site-packages/airflow/example_dags/example_latest_only_with_trigger.py for tasks to queue
[2023-10-18T02:49:27.836+0000] {logging_mixin.py:151} INFO - [2023-10-18T02:49:27.836+0000] {dagbag.py:536} INFO - Filling up the DagBag from /home/airflow/.local/lib/python3.8/site-packages/airflow/example_dags/example_latest_only_with_trigger.py
[2023-10-18T02:49:27.841+0000] {processor.py:839} INFO - DAG(s) dict_keys(['latest_only_with_trigger']) retrieved from /home/airflow/.local/lib/python3.8/site-packages/airflow/example_dags/example_latest_only_with_trigger.py
[2023-10-18T02:49:27.855+0000] {logging_mixin.py:151} INFO - [2023-10-18T02:49:27.855+0000] {dag.py:2941} INFO - Sync 1 DAGs
[2023-10-18T02:49:27.868+0000] {logging_mixin.py:151} INFO - [2023-10-18T02:49:27.868+0000] {dag.py:3722} INFO - Setting next_dagrun for latest_only_with_trigger to 2023-10-17T22:49:27.868091+00:00, run_after=2023-10-18T02:49:27.868091+00:00
[2023-10-18T02:49:27.878+0000] {processor.py:179} INFO - Processing /home/airflow/.local/lib/python3.8/site-packages/airflow/example_dags/example_latest_only_with_trigger.py took 0.046 seconds
[2023-10-18T02:49:57.959+0000] {processor.py:157} INFO - Started process (PID=4619) to work on /home/airflow/.local/lib/python3.8/site-packages/airflow/example_dags/example_latest_only_with_trigger.py
[2023-10-18T02:49:57.959+0000] {processor.py:829} INFO - Processing file /home/airflow/.local/lib/python3.8/site-packages/airflow/example_dags/example_latest_only_with_trigger.py for tasks to queue
[2023-10-18T02:49:57.960+0000] {logging_mixin.py:151} INFO - [2023-10-18T02:49:57.960+0000] {dagbag.py:536} INFO - Filling up the DagBag from /home/airflow/.local/lib/python3.8/site-packages/airflow/example_dags/example_latest_only_with_trigger.py
[2023-10-18T02:49:57.964+0000] {processor.py:839} INFO - DAG(s) dict_keys(['latest_only_with_trigger']) retrieved from /home/airflow/.local/lib/python3.8/site-packages/airflow/example_dags/example_latest_only_with_trigger.py
[2023-10-18T02:49:57.979+0000] {logging_mixin.py:151} INFO - [2023-10-18T02:49:57.979+0000] {dag.py:2941} INFO - Sync 1 DAGs
[2023-10-18T02:49:57.990+0000] {logging_mixin.py:151} INFO - [2023-10-18T02:49:57.990+0000] {dag.py:3722} INFO - Setting next_dagrun for latest_only_with_trigger to 2023-10-17T22:49:57.990172+00:00, run_after=2023-10-18T02:49:57.990172+00:00
[2023-10-18T02:49:57.998+0000] {processor.py:179} INFO - Processing /home/airflow/.local/lib/python3.8/site-packages/airflow/example_dags/example_latest_only_with_trigger.py took 0.042 seconds
[2023-10-18T02:50:28.070+0000] {processor.py:157} INFO - Started process (PID=4858) to work on /home/airflow/.local/lib/python3.8/site-packages/airflow/example_dags/example_latest_only_with_trigger.py
[2023-10-18T02:50:28.071+0000] {processor.py:829} INFO - Processing file /home/airflow/.local/lib/python3.8/site-packages/airflow/example_dags/example_latest_only_with_trigger.py for tasks to queue
[2023-10-18T02:50:28.071+0000] {logging_mixin.py:151} INFO - [2023-10-18T02:50:28.071+0000] {dagbag.py:536} INFO - Filling up the DagBag from /home/airflow/.local/lib/python3.8/site-packages/airflow/example_dags/example_latest_only_with_trigger.py
[2023-10-18T02:50:28.076+0000] {processor.py:839} INFO - DAG(s) dict_keys(['latest_only_with_trigger']) retrieved from /home/airflow/.local/lib/python3.8/site-packages/airflow/example_dags/example_latest_only_with_trigger.py
[2023-10-18T02:50:28.091+0000] {logging_mixin.py:151} INFO - [2023-10-18T02:50:28.091+0000] {dag.py:2941} INFO - Sync 1 DAGs
[2023-10-18T02:50:28.104+0000] {logging_mixin.py:151} INFO - [2023-10-18T02:50:28.104+0000] {dag.py:3722} INFO - Setting next_dagrun for latest_only_with_trigger to 2023-10-17T22:50:28.103810+00:00, run_after=2023-10-18T02:50:28.103810+00:00
[2023-10-18T02:50:28.113+0000] {processor.py:179} INFO - Processing /home/airflow/.local/lib/python3.8/site-packages/airflow/example_dags/example_latest_only_with_trigger.py took 0.046 seconds
[2023-10-18T02:50:58.229+0000] {processor.py:157} INFO - Started process (PID=5096) to work on /home/airflow/.local/lib/python3.8/site-packages/airflow/example_dags/example_latest_only_with_trigger.py
[2023-10-18T02:50:58.230+0000] {processor.py:829} INFO - Processing file /home/airflow/.local/lib/python3.8/site-packages/airflow/example_dags/example_latest_only_with_trigger.py for tasks to queue
[2023-10-18T02:50:58.231+0000] {logging_mixin.py:151} INFO - [2023-10-18T02:50:58.230+0000] {dagbag.py:536} INFO - Filling up the DagBag from /home/airflow/.local/lib/python3.8/site-packages/airflow/example_dags/example_latest_only_with_trigger.py
[2023-10-18T02:50:58.235+0000] {processor.py:839} INFO - DAG(s) dict_keys(['latest_only_with_trigger']) retrieved from /home/airflow/.local/lib/python3.8/site-packages/airflow/example_dags/example_latest_only_with_trigger.py
[2023-10-18T02:50:58.250+0000] {logging_mixin.py:151} INFO - [2023-10-18T02:50:58.250+0000] {dag.py:2941} INFO - Sync 1 DAGs
[2023-10-18T02:50:58.263+0000] {logging_mixin.py:151} INFO - [2023-10-18T02:50:58.262+0000] {dag.py:3722} INFO - Setting next_dagrun for latest_only_with_trigger to 2023-10-17T22:50:58.262772+00:00, run_after=2023-10-18T02:50:58.262772+00:00
[2023-10-18T02:50:58.272+0000] {processor.py:179} INFO - Processing /home/airflow/.local/lib/python3.8/site-packages/airflow/example_dags/example_latest_only_with_trigger.py took 0.045 seconds
[2023-10-18T02:51:28.399+0000] {processor.py:157} INFO - Started process (PID=5334) to work on /home/airflow/.local/lib/python3.8/site-packages/airflow/example_dags/example_latest_only_with_trigger.py
[2023-10-18T02:51:28.400+0000] {processor.py:829} INFO - Processing file /home/airflow/.local/lib/python3.8/site-packages/airflow/example_dags/example_latest_only_with_trigger.py for tasks to queue
[2023-10-18T02:51:28.400+0000] {logging_mixin.py:151} INFO - [2023-10-18T02:51:28.400+0000] {dagbag.py:536} INFO - Filling up the DagBag from /home/airflow/.local/lib/python3.8/site-packages/airflow/example_dags/example_latest_only_with_trigger.py
[2023-10-18T02:51:28.404+0000] {processor.py:839} INFO - DAG(s) dict_keys(['latest_only_with_trigger']) retrieved from /home/airflow/.local/lib/python3.8/site-packages/airflow/example_dags/example_latest_only_with_trigger.py
[2023-10-18T02:51:28.419+0000] {logging_mixin.py:151} INFO - [2023-10-18T02:51:28.419+0000] {dag.py:2941} INFO - Sync 1 DAGs
[2023-10-18T02:51:28.430+0000] {logging_mixin.py:151} INFO - [2023-10-18T02:51:28.430+0000] {dag.py:3722} INFO - Setting next_dagrun for latest_only_with_trigger to 2023-10-17T22:51:28.430329+00:00, run_after=2023-10-18T02:51:28.430329+00:00
[2023-10-18T02:51:28.439+0000] {processor.py:179} INFO - Processing /home/airflow/.local/lib/python3.8/site-packages/airflow/example_dags/example_latest_only_with_trigger.py took 0.042 seconds
[2023-10-18T02:51:58.551+0000] {processor.py:157} INFO - Started process (PID=5571) to work on /home/airflow/.local/lib/python3.8/site-packages/airflow/example_dags/example_latest_only_with_trigger.py
[2023-10-18T02:51:58.551+0000] {processor.py:829} INFO - Processing file /home/airflow/.local/lib/python3.8/site-packages/airflow/example_dags/example_latest_only_with_trigger.py for tasks to queue
[2023-10-18T02:51:58.552+0000] {logging_mixin.py:151} INFO - [2023-10-18T02:51:58.552+0000] {dagbag.py:536} INFO - Filling up the DagBag from /home/airflow/.local/lib/python3.8/site-packages/airflow/example_dags/example_latest_only_with_trigger.py
[2023-10-18T02:51:58.556+0000] {processor.py:839} INFO - DAG(s) dict_keys(['latest_only_with_trigger']) retrieved from /home/airflow/.local/lib/python3.8/site-packages/airflow/example_dags/example_latest_only_with_trigger.py
[2023-10-18T02:51:58.571+0000] {logging_mixin.py:151} INFO - [2023-10-18T02:51:58.570+0000] {dag.py:2941} INFO - Sync 1 DAGs
[2023-10-18T02:51:58.583+0000] {logging_mixin.py:151} INFO - [2023-10-18T02:51:58.582+0000] {dag.py:3722} INFO - Setting next_dagrun for latest_only_with_trigger to 2023-10-17T22:51:58.582719+00:00, run_after=2023-10-18T02:51:58.582719+00:00
[2023-10-18T02:51:58.591+0000] {processor.py:179} INFO - Processing /home/airflow/.local/lib/python3.8/site-packages/airflow/example_dags/example_latest_only_with_trigger.py took 0.043 seconds
[2023-10-18T02:52:29.489+0000] {processor.py:157} INFO - Started process (PID=5808) to work on /home/airflow/.local/lib/python3.8/site-packages/airflow/example_dags/example_latest_only_with_trigger.py
[2023-10-18T02:52:29.490+0000] {processor.py:829} INFO - Processing file /home/airflow/.local/lib/python3.8/site-packages/airflow/example_dags/example_latest_only_with_trigger.py for tasks to queue
[2023-10-18T02:52:29.491+0000] {logging_mixin.py:151} INFO - [2023-10-18T02:52:29.490+0000] {dagbag.py:536} INFO - Filling up the DagBag from /home/airflow/.local/lib/python3.8/site-packages/airflow/example_dags/example_latest_only_with_trigger.py
[2023-10-18T02:52:29.495+0000] {processor.py:839} INFO - DAG(s) dict_keys(['latest_only_with_trigger']) retrieved from /home/airflow/.local/lib/python3.8/site-packages/airflow/example_dags/example_latest_only_with_trigger.py
[2023-10-18T02:52:29.511+0000] {logging_mixin.py:151} INFO - [2023-10-18T02:52:29.511+0000] {dag.py:2941} INFO - Sync 1 DAGs
[2023-10-18T02:52:29.522+0000] {logging_mixin.py:151} INFO - [2023-10-18T02:52:29.522+0000] {dag.py:3722} INFO - Setting next_dagrun for latest_only_with_trigger to 2023-10-17T22:52:29.522417+00:00, run_after=2023-10-18T02:52:29.522417+00:00
[2023-10-18T02:52:29.532+0000] {processor.py:179} INFO - Processing /home/airflow/.local/lib/python3.8/site-packages/airflow/example_dags/example_latest_only_with_trigger.py took 0.045 seconds
[2023-10-18T02:52:59.681+0000] {processor.py:157} INFO - Started process (PID=6046) to work on /home/airflow/.local/lib/python3.8/site-packages/airflow/example_dags/example_latest_only_with_trigger.py
[2023-10-18T02:52:59.682+0000] {processor.py:829} INFO - Processing file /home/airflow/.local/lib/python3.8/site-packages/airflow/example_dags/example_latest_only_with_trigger.py for tasks to queue
[2023-10-18T02:52:59.682+0000] {logging_mixin.py:151} INFO - [2023-10-18T02:52:59.682+0000] {dagbag.py:536} INFO - Filling up the DagBag from /home/airflow/.local/lib/python3.8/site-packages/airflow/example_dags/example_latest_only_with_trigger.py
[2023-10-18T02:52:59.687+0000] {processor.py:839} INFO - DAG(s) dict_keys(['latest_only_with_trigger']) retrieved from /home/airflow/.local/lib/python3.8/site-packages/airflow/example_dags/example_latest_only_with_trigger.py
[2023-10-18T02:52:59.704+0000] {logging_mixin.py:151} INFO - [2023-10-18T02:52:59.703+0000] {dag.py:2941} INFO - Sync 1 DAGs
[2023-10-18T02:52:59.716+0000] {logging_mixin.py:151} INFO - [2023-10-18T02:52:59.716+0000] {dag.py:3722} INFO - Setting next_dagrun for latest_only_with_trigger to 2023-10-17T22:52:59.716653+00:00, run_after=2023-10-18T02:52:59.716653+00:00
[2023-10-18T02:52:59.727+0000] {processor.py:179} INFO - Processing /home/airflow/.local/lib/python3.8/site-packages/airflow/example_dags/example_latest_only_with_trigger.py took 0.048 seconds
[2023-10-18T02:53:29.827+0000] {processor.py:157} INFO - Started process (PID=6284) to work on /home/airflow/.local/lib/python3.8/site-packages/airflow/example_dags/example_latest_only_with_trigger.py
[2023-10-18T02:53:29.827+0000] {processor.py:829} INFO - Processing file /home/airflow/.local/lib/python3.8/site-packages/airflow/example_dags/example_latest_only_with_trigger.py for tasks to queue
[2023-10-18T02:53:29.828+0000] {logging_mixin.py:151} INFO - [2023-10-18T02:53:29.828+0000] {dagbag.py:536} INFO - Filling up the DagBag from /home/airflow/.local/lib/python3.8/site-packages/airflow/example_dags/example_latest_only_with_trigger.py
[2023-10-18T02:53:29.832+0000] {processor.py:839} INFO - DAG(s) dict_keys(['latest_only_with_trigger']) retrieved from /home/airflow/.local/lib/python3.8/site-packages/airflow/example_dags/example_latest_only_with_trigger.py
[2023-10-18T02:53:29.847+0000] {logging_mixin.py:151} INFO - [2023-10-18T02:53:29.847+0000] {dag.py:2941} INFO - Sync 1 DAGs
[2023-10-18T02:53:29.859+0000] {logging_mixin.py:151} INFO - [2023-10-18T02:53:29.859+0000] {dag.py:3722} INFO - Setting next_dagrun for latest_only_with_trigger to 2023-10-17T22:53:29.858974+00:00, run_after=2023-10-18T02:53:29.858974+00:00
[2023-10-18T02:53:29.868+0000] {processor.py:179} INFO - Processing /home/airflow/.local/lib/python3.8/site-packages/airflow/example_dags/example_latest_only_with_trigger.py took 0.043 seconds
[2023-10-18T02:54:00.795+0000] {processor.py:157} INFO - Started process (PID=6522) to work on /home/airflow/.local/lib/python3.8/site-packages/airflow/example_dags/example_latest_only_with_trigger.py
[2023-10-18T02:54:00.796+0000] {processor.py:829} INFO - Processing file /home/airflow/.local/lib/python3.8/site-packages/airflow/example_dags/example_latest_only_with_trigger.py for tasks to queue
[2023-10-18T02:54:00.796+0000] {logging_mixin.py:151} INFO - [2023-10-18T02:54:00.796+0000] {dagbag.py:536} INFO - Filling up the DagBag from /home/airflow/.local/lib/python3.8/site-packages/airflow/example_dags/example_latest_only_with_trigger.py
[2023-10-18T02:54:00.800+0000] {processor.py:839} INFO - DAG(s) dict_keys(['latest_only_with_trigger']) retrieved from /home/airflow/.local/lib/python3.8/site-packages/airflow/example_dags/example_latest_only_with_trigger.py
[2023-10-18T02:54:00.816+0000] {logging_mixin.py:151} INFO - [2023-10-18T02:54:00.816+0000] {dag.py:2941} INFO - Sync 1 DAGs
[2023-10-18T02:54:00.827+0000] {logging_mixin.py:151} INFO - [2023-10-18T02:54:00.827+0000] {dag.py:3722} INFO - Setting next_dagrun for latest_only_with_trigger to 2023-10-17T22:54:00.827201+00:00, run_after=2023-10-18T02:54:00.827201+00:00
[2023-10-18T02:54:00.835+0000] {processor.py:179} INFO - Processing /home/airflow/.local/lib/python3.8/site-packages/airflow/example_dags/example_latest_only_with_trigger.py took 0.043 seconds
