[2023-10-18T02:40:51.280+0000] {processor.py:157} INFO - Started process (PID=261) to work on /home/airflow/.local/lib/python3.8/site-packages/airflow/example_dags/example_setup_teardown_taskflow.py
[2023-10-18T02:40:51.281+0000] {processor.py:829} INFO - Processing file /home/airflow/.local/lib/python3.8/site-packages/airflow/example_dags/example_setup_teardown_taskflow.py for tasks to queue
[2023-10-18T02:40:51.281+0000] {logging_mixin.py:151} INFO - [2023-10-18T02:40:51.281+0000] {dagbag.py:536} INFO - Filling up the DagBag from /home/airflow/.local/lib/python3.8/site-packages/airflow/example_dags/example_setup_teardown_taskflow.py
[2023-10-18T02:40:51.288+0000] {processor.py:839} INFO - DAG(s) dict_keys(['example_setup_teardown_taskflow']) retrieved from /home/airflow/.local/lib/python3.8/site-packages/airflow/example_dags/example_setup_teardown_taskflow.py
[2023-10-18T02:40:51.304+0000] {logging_mixin.py:151} INFO - [2023-10-18T02:40:51.304+0000] {dag.py:2941} INFO - Sync 1 DAGs
[2023-10-18T02:40:51.317+0000] {logging_mixin.py:151} INFO - [2023-10-18T02:40:51.317+0000] {dag.py:3722} INFO - Setting next_dagrun for example_setup_teardown_taskflow to 2023-10-17T02:40:51.317440+00:00, run_after=2023-10-18T02:40:51.317440+00:00
[2023-10-18T02:40:51.327+0000] {processor.py:179} INFO - Processing /home/airflow/.local/lib/python3.8/site-packages/airflow/example_dags/example_setup_teardown_taskflow.py took 0.049 seconds
[2023-10-18T02:41:21.814+0000] {processor.py:157} INFO - Started process (PID=499) to work on /home/airflow/.local/lib/python3.8/site-packages/airflow/example_dags/example_setup_teardown_taskflow.py
[2023-10-18T02:41:21.815+0000] {processor.py:829} INFO - Processing file /home/airflow/.local/lib/python3.8/site-packages/airflow/example_dags/example_setup_teardown_taskflow.py for tasks to queue
[2023-10-18T02:41:21.816+0000] {logging_mixin.py:151} INFO - [2023-10-18T02:41:21.815+0000] {dagbag.py:536} INFO - Filling up the DagBag from /home/airflow/.local/lib/python3.8/site-packages/airflow/example_dags/example_setup_teardown_taskflow.py
[2023-10-18T02:41:21.821+0000] {processor.py:839} INFO - DAG(s) dict_keys(['example_setup_teardown_taskflow']) retrieved from /home/airflow/.local/lib/python3.8/site-packages/airflow/example_dags/example_setup_teardown_taskflow.py
[2023-10-18T02:41:21.836+0000] {logging_mixin.py:151} INFO - [2023-10-18T02:41:21.836+0000] {dag.py:2941} INFO - Sync 1 DAGs
[2023-10-18T02:41:21.847+0000] {logging_mixin.py:151} INFO - [2023-10-18T02:41:21.847+0000] {dag.py:3722} INFO - Setting next_dagrun for example_setup_teardown_taskflow to 2023-10-17T02:41:21.847076+00:00, run_after=2023-10-18T02:41:21.847076+00:00
[2023-10-18T02:41:21.855+0000] {processor.py:179} INFO - Processing /home/airflow/.local/lib/python3.8/site-packages/airflow/example_dags/example_setup_teardown_taskflow.py took 0.043 seconds
[2023-10-18T02:41:52.137+0000] {processor.py:157} INFO - Started process (PID=739) to work on /home/airflow/.local/lib/python3.8/site-packages/airflow/example_dags/example_setup_teardown_taskflow.py
[2023-10-18T02:41:52.137+0000] {processor.py:829} INFO - Processing file /home/airflow/.local/lib/python3.8/site-packages/airflow/example_dags/example_setup_teardown_taskflow.py for tasks to queue
[2023-10-18T02:41:52.138+0000] {logging_mixin.py:151} INFO - [2023-10-18T02:41:52.138+0000] {dagbag.py:536} INFO - Filling up the DagBag from /home/airflow/.local/lib/python3.8/site-packages/airflow/example_dags/example_setup_teardown_taskflow.py
[2023-10-18T02:41:52.144+0000] {processor.py:839} INFO - DAG(s) dict_keys(['example_setup_teardown_taskflow']) retrieved from /home/airflow/.local/lib/python3.8/site-packages/airflow/example_dags/example_setup_teardown_taskflow.py
[2023-10-18T02:41:52.159+0000] {logging_mixin.py:151} INFO - [2023-10-18T02:41:52.158+0000] {dag.py:2941} INFO - Sync 1 DAGs
[2023-10-18T02:41:52.171+0000] {logging_mixin.py:151} INFO - [2023-10-18T02:41:52.171+0000] {dag.py:3722} INFO - Setting next_dagrun for example_setup_teardown_taskflow to 2023-10-17T02:41:52.170922+00:00, run_after=2023-10-18T02:41:52.170922+00:00
[2023-10-18T02:41:52.179+0000] {processor.py:179} INFO - Processing /home/airflow/.local/lib/python3.8/site-packages/airflow/example_dags/example_setup_teardown_taskflow.py took 0.045 seconds
[2023-10-18T02:42:22.231+0000] {processor.py:157} INFO - Started process (PID=975) to work on /home/airflow/.local/lib/python3.8/site-packages/airflow/example_dags/example_setup_teardown_taskflow.py
[2023-10-18T02:42:22.231+0000] {processor.py:829} INFO - Processing file /home/airflow/.local/lib/python3.8/site-packages/airflow/example_dags/example_setup_teardown_taskflow.py for tasks to queue
[2023-10-18T02:42:22.232+0000] {logging_mixin.py:151} INFO - [2023-10-18T02:42:22.232+0000] {dagbag.py:536} INFO - Filling up the DagBag from /home/airflow/.local/lib/python3.8/site-packages/airflow/example_dags/example_setup_teardown_taskflow.py
[2023-10-18T02:42:22.240+0000] {processor.py:839} INFO - DAG(s) dict_keys(['example_setup_teardown_taskflow']) retrieved from /home/airflow/.local/lib/python3.8/site-packages/airflow/example_dags/example_setup_teardown_taskflow.py
[2023-10-18T02:42:22.255+0000] {logging_mixin.py:151} INFO - [2023-10-18T02:42:22.255+0000] {dag.py:2941} INFO - Sync 1 DAGs
[2023-10-18T02:42:22.268+0000] {logging_mixin.py:151} INFO - [2023-10-18T02:42:22.268+0000] {dag.py:3722} INFO - Setting next_dagrun for example_setup_teardown_taskflow to 2023-10-17T02:42:22.267975+00:00, run_after=2023-10-18T02:42:22.267975+00:00
[2023-10-18T02:42:22.277+0000] {processor.py:179} INFO - Processing /home/airflow/.local/lib/python3.8/site-packages/airflow/example_dags/example_setup_teardown_taskflow.py took 0.049 seconds
[2023-10-18T02:42:53.092+0000] {processor.py:157} INFO - Started process (PID=1261) to work on /home/airflow/.local/lib/python3.8/site-packages/airflow/example_dags/example_setup_teardown_taskflow.py
[2023-10-18T02:42:53.092+0000] {processor.py:829} INFO - Processing file /home/airflow/.local/lib/python3.8/site-packages/airflow/example_dags/example_setup_teardown_taskflow.py for tasks to queue
[2023-10-18T02:42:53.093+0000] {logging_mixin.py:151} INFO - [2023-10-18T02:42:53.093+0000] {dagbag.py:536} INFO - Filling up the DagBag from /home/airflow/.local/lib/python3.8/site-packages/airflow/example_dags/example_setup_teardown_taskflow.py
[2023-10-18T02:42:53.099+0000] {processor.py:839} INFO - DAG(s) dict_keys(['example_setup_teardown_taskflow']) retrieved from /home/airflow/.local/lib/python3.8/site-packages/airflow/example_dags/example_setup_teardown_taskflow.py
[2023-10-18T02:42:53.114+0000] {logging_mixin.py:151} INFO - [2023-10-18T02:42:53.114+0000] {dag.py:2941} INFO - Sync 1 DAGs
[2023-10-18T02:42:53.125+0000] {logging_mixin.py:151} INFO - [2023-10-18T02:42:53.125+0000] {dag.py:3722} INFO - Setting next_dagrun for example_setup_teardown_taskflow to 2023-10-17T02:42:53.125169+00:00, run_after=2023-10-18T02:42:53.125169+00:00
[2023-10-18T02:42:53.135+0000] {processor.py:179} INFO - Processing /home/airflow/.local/lib/python3.8/site-packages/airflow/example_dags/example_setup_teardown_taskflow.py took 0.045 seconds
[2023-10-18T02:43:23.187+0000] {processor.py:157} INFO - Started process (PID=1499) to work on /home/airflow/.local/lib/python3.8/site-packages/airflow/example_dags/example_setup_teardown_taskflow.py
[2023-10-18T02:43:23.187+0000] {processor.py:829} INFO - Processing file /home/airflow/.local/lib/python3.8/site-packages/airflow/example_dags/example_setup_teardown_taskflow.py for tasks to queue
[2023-10-18T02:43:23.188+0000] {logging_mixin.py:151} INFO - [2023-10-18T02:43:23.188+0000] {dagbag.py:536} INFO - Filling up the DagBag from /home/airflow/.local/lib/python3.8/site-packages/airflow/example_dags/example_setup_teardown_taskflow.py
[2023-10-18T02:43:23.193+0000] {processor.py:839} INFO - DAG(s) dict_keys(['example_setup_teardown_taskflow']) retrieved from /home/airflow/.local/lib/python3.8/site-packages/airflow/example_dags/example_setup_teardown_taskflow.py
[2023-10-18T02:43:23.208+0000] {logging_mixin.py:151} INFO - [2023-10-18T02:43:23.208+0000] {dag.py:2941} INFO - Sync 1 DAGs
[2023-10-18T02:43:23.220+0000] {logging_mixin.py:151} INFO - [2023-10-18T02:43:23.220+0000] {dag.py:3722} INFO - Setting next_dagrun for example_setup_teardown_taskflow to 2023-10-17T02:43:23.220354+00:00, run_after=2023-10-18T02:43:23.220354+00:00
[2023-10-18T02:43:23.229+0000] {processor.py:179} INFO - Processing /home/airflow/.local/lib/python3.8/site-packages/airflow/example_dags/example_setup_teardown_taskflow.py took 0.044 seconds
[2023-10-18T02:43:53.426+0000] {processor.py:157} INFO - Started process (PID=1736) to work on /home/airflow/.local/lib/python3.8/site-packages/airflow/example_dags/example_setup_teardown_taskflow.py
[2023-10-18T02:43:53.427+0000] {processor.py:829} INFO - Processing file /home/airflow/.local/lib/python3.8/site-packages/airflow/example_dags/example_setup_teardown_taskflow.py for tasks to queue
[2023-10-18T02:43:53.427+0000] {logging_mixin.py:151} INFO - [2023-10-18T02:43:53.427+0000] {dagbag.py:536} INFO - Filling up the DagBag from /home/airflow/.local/lib/python3.8/site-packages/airflow/example_dags/example_setup_teardown_taskflow.py
[2023-10-18T02:43:53.433+0000] {processor.py:839} INFO - DAG(s) dict_keys(['example_setup_teardown_taskflow']) retrieved from /home/airflow/.local/lib/python3.8/site-packages/airflow/example_dags/example_setup_teardown_taskflow.py
[2023-10-18T02:43:53.449+0000] {logging_mixin.py:151} INFO - [2023-10-18T02:43:53.449+0000] {dag.py:2941} INFO - Sync 1 DAGs
[2023-10-18T02:43:53.460+0000] {logging_mixin.py:151} INFO - [2023-10-18T02:43:53.460+0000] {dag.py:3722} INFO - Setting next_dagrun for example_setup_teardown_taskflow to 2023-10-17T02:43:53.460674+00:00, run_after=2023-10-18T02:43:53.460674+00:00
[2023-10-18T02:43:53.470+0000] {processor.py:179} INFO - Processing /home/airflow/.local/lib/python3.8/site-packages/airflow/example_dags/example_setup_teardown_taskflow.py took 0.047 seconds
[2023-10-18T02:44:24.316+0000] {processor.py:157} INFO - Started process (PID=1975) to work on /home/airflow/.local/lib/python3.8/site-packages/airflow/example_dags/example_setup_teardown_taskflow.py
[2023-10-18T02:44:24.317+0000] {processor.py:829} INFO - Processing file /home/airflow/.local/lib/python3.8/site-packages/airflow/example_dags/example_setup_teardown_taskflow.py for tasks to queue
[2023-10-18T02:44:24.317+0000] {logging_mixin.py:151} INFO - [2023-10-18T02:44:24.317+0000] {dagbag.py:536} INFO - Filling up the DagBag from /home/airflow/.local/lib/python3.8/site-packages/airflow/example_dags/example_setup_teardown_taskflow.py
[2023-10-18T02:44:24.323+0000] {processor.py:839} INFO - DAG(s) dict_keys(['example_setup_teardown_taskflow']) retrieved from /home/airflow/.local/lib/python3.8/site-packages/airflow/example_dags/example_setup_teardown_taskflow.py
[2023-10-18T02:44:24.338+0000] {logging_mixin.py:151} INFO - [2023-10-18T02:44:24.338+0000] {dag.py:2941} INFO - Sync 1 DAGs
[2023-10-18T02:44:24.350+0000] {logging_mixin.py:151} INFO - [2023-10-18T02:44:24.350+0000] {dag.py:3722} INFO - Setting next_dagrun for example_setup_teardown_taskflow to 2023-10-17T02:44:24.350260+00:00, run_after=2023-10-18T02:44:24.350260+00:00
[2023-10-18T02:44:24.358+0000] {processor.py:179} INFO - Processing /home/airflow/.local/lib/python3.8/site-packages/airflow/example_dags/example_setup_teardown_taskflow.py took 0.045 seconds
[2023-10-18T02:44:54.434+0000] {processor.py:157} INFO - Started process (PID=2216) to work on /home/airflow/.local/lib/python3.8/site-packages/airflow/example_dags/example_setup_teardown_taskflow.py
[2023-10-18T02:44:54.434+0000] {processor.py:829} INFO - Processing file /home/airflow/.local/lib/python3.8/site-packages/airflow/example_dags/example_setup_teardown_taskflow.py for tasks to queue
[2023-10-18T02:44:54.435+0000] {logging_mixin.py:151} INFO - [2023-10-18T02:44:54.435+0000] {dagbag.py:536} INFO - Filling up the DagBag from /home/airflow/.local/lib/python3.8/site-packages/airflow/example_dags/example_setup_teardown_taskflow.py
[2023-10-18T02:44:54.440+0000] {processor.py:839} INFO - DAG(s) dict_keys(['example_setup_teardown_taskflow']) retrieved from /home/airflow/.local/lib/python3.8/site-packages/airflow/example_dags/example_setup_teardown_taskflow.py
[2023-10-18T02:44:54.454+0000] {logging_mixin.py:151} INFO - [2023-10-18T02:44:54.454+0000] {dag.py:2941} INFO - Sync 1 DAGs
[2023-10-18T02:44:54.464+0000] {logging_mixin.py:151} INFO - [2023-10-18T02:44:54.464+0000] {dag.py:3722} INFO - Setting next_dagrun for example_setup_teardown_taskflow to 2023-10-17T02:44:54.464367+00:00, run_after=2023-10-18T02:44:54.464367+00:00
[2023-10-18T02:44:54.472+0000] {processor.py:179} INFO - Processing /home/airflow/.local/lib/python3.8/site-packages/airflow/example_dags/example_setup_teardown_taskflow.py took 0.040 seconds
[2023-10-18T02:45:24.674+0000] {processor.py:157} INFO - Started process (PID=2452) to work on /home/airflow/.local/lib/python3.8/site-packages/airflow/example_dags/example_setup_teardown_taskflow.py
[2023-10-18T02:45:24.674+0000] {processor.py:829} INFO - Processing file /home/airflow/.local/lib/python3.8/site-packages/airflow/example_dags/example_setup_teardown_taskflow.py for tasks to queue
[2023-10-18T02:45:24.675+0000] {logging_mixin.py:151} INFO - [2023-10-18T02:45:24.675+0000] {dagbag.py:536} INFO - Filling up the DagBag from /home/airflow/.local/lib/python3.8/site-packages/airflow/example_dags/example_setup_teardown_taskflow.py
[2023-10-18T02:45:24.682+0000] {processor.py:839} INFO - DAG(s) dict_keys(['example_setup_teardown_taskflow']) retrieved from /home/airflow/.local/lib/python3.8/site-packages/airflow/example_dags/example_setup_teardown_taskflow.py
[2023-10-18T02:45:24.700+0000] {logging_mixin.py:151} INFO - [2023-10-18T02:45:24.699+0000] {dag.py:2941} INFO - Sync 1 DAGs
[2023-10-18T02:45:24.723+0000] {logging_mixin.py:151} INFO - [2023-10-18T02:45:24.723+0000] {dag.py:3722} INFO - Setting next_dagrun for example_setup_teardown_taskflow to 2023-10-17T02:45:24.722797+00:00, run_after=2023-10-18T02:45:24.722797+00:00
[2023-10-18T02:45:24.733+0000] {processor.py:179} INFO - Processing /home/airflow/.local/lib/python3.8/site-packages/airflow/example_dags/example_setup_teardown_taskflow.py took 0.062 seconds
[2023-10-18T02:45:54.787+0000] {processor.py:157} INFO - Started process (PID=2692) to work on /home/airflow/.local/lib/python3.8/site-packages/airflow/example_dags/example_setup_teardown_taskflow.py
[2023-10-18T02:45:54.788+0000] {processor.py:829} INFO - Processing file /home/airflow/.local/lib/python3.8/site-packages/airflow/example_dags/example_setup_teardown_taskflow.py for tasks to queue
[2023-10-18T02:45:54.789+0000] {logging_mixin.py:151} INFO - [2023-10-18T02:45:54.788+0000] {dagbag.py:536} INFO - Filling up the DagBag from /home/airflow/.local/lib/python3.8/site-packages/airflow/example_dags/example_setup_teardown_taskflow.py
[2023-10-18T02:45:54.794+0000] {processor.py:839} INFO - DAG(s) dict_keys(['example_setup_teardown_taskflow']) retrieved from /home/airflow/.local/lib/python3.8/site-packages/airflow/example_dags/example_setup_teardown_taskflow.py
[2023-10-18T02:45:54.810+0000] {logging_mixin.py:151} INFO - [2023-10-18T02:45:54.810+0000] {dag.py:2941} INFO - Sync 1 DAGs
[2023-10-18T02:45:54.821+0000] {logging_mixin.py:151} INFO - [2023-10-18T02:45:54.821+0000] {dag.py:3722} INFO - Setting next_dagrun for example_setup_teardown_taskflow to 2023-10-17T02:45:54.820853+00:00, run_after=2023-10-18T02:45:54.820853+00:00
[2023-10-18T02:45:54.830+0000] {processor.py:179} INFO - Processing /home/airflow/.local/lib/python3.8/site-packages/airflow/example_dags/example_setup_teardown_taskflow.py took 0.045 seconds
[2023-10-18T02:46:24.853+0000] {processor.py:157} INFO - Started process (PID=2928) to work on /home/airflow/.local/lib/python3.8/site-packages/airflow/example_dags/example_setup_teardown_taskflow.py
[2023-10-18T02:46:24.853+0000] {processor.py:829} INFO - Processing file /home/airflow/.local/lib/python3.8/site-packages/airflow/example_dags/example_setup_teardown_taskflow.py for tasks to queue
[2023-10-18T02:46:24.854+0000] {logging_mixin.py:151} INFO - [2023-10-18T02:46:24.854+0000] {dagbag.py:536} INFO - Filling up the DagBag from /home/airflow/.local/lib/python3.8/site-packages/airflow/example_dags/example_setup_teardown_taskflow.py
[2023-10-18T02:46:24.859+0000] {processor.py:839} INFO - DAG(s) dict_keys(['example_setup_teardown_taskflow']) retrieved from /home/airflow/.local/lib/python3.8/site-packages/airflow/example_dags/example_setup_teardown_taskflow.py
[2023-10-18T02:46:24.872+0000] {logging_mixin.py:151} INFO - [2023-10-18T02:46:24.872+0000] {dag.py:2941} INFO - Sync 1 DAGs
[2023-10-18T02:46:24.883+0000] {logging_mixin.py:151} INFO - [2023-10-18T02:46:24.882+0000] {dag.py:3722} INFO - Setting next_dagrun for example_setup_teardown_taskflow to 2023-10-17T02:46:24.882824+00:00, run_after=2023-10-18T02:46:24.882824+00:00
[2023-10-18T02:46:24.890+0000] {processor.py:179} INFO - Processing /home/airflow/.local/lib/python3.8/site-packages/airflow/example_dags/example_setup_teardown_taskflow.py took 0.039 seconds
[2023-10-18T02:46:55.055+0000] {processor.py:157} INFO - Started process (PID=3168) to work on /home/airflow/.local/lib/python3.8/site-packages/airflow/example_dags/example_setup_teardown_taskflow.py
[2023-10-18T02:46:55.056+0000] {processor.py:829} INFO - Processing file /home/airflow/.local/lib/python3.8/site-packages/airflow/example_dags/example_setup_teardown_taskflow.py for tasks to queue
[2023-10-18T02:46:55.056+0000] {logging_mixin.py:151} INFO - [2023-10-18T02:46:55.056+0000] {dagbag.py:536} INFO - Filling up the DagBag from /home/airflow/.local/lib/python3.8/site-packages/airflow/example_dags/example_setup_teardown_taskflow.py
[2023-10-18T02:46:55.062+0000] {processor.py:839} INFO - DAG(s) dict_keys(['example_setup_teardown_taskflow']) retrieved from /home/airflow/.local/lib/python3.8/site-packages/airflow/example_dags/example_setup_teardown_taskflow.py
[2023-10-18T02:46:55.077+0000] {logging_mixin.py:151} INFO - [2023-10-18T02:46:55.076+0000] {dag.py:2941} INFO - Sync 1 DAGs
[2023-10-18T02:46:55.087+0000] {logging_mixin.py:151} INFO - [2023-10-18T02:46:55.087+0000] {dag.py:3722} INFO - Setting next_dagrun for example_setup_teardown_taskflow to 2023-10-17T02:46:55.087454+00:00, run_after=2023-10-18T02:46:55.087454+00:00
[2023-10-18T02:46:55.095+0000] {processor.py:179} INFO - Processing /home/airflow/.local/lib/python3.8/site-packages/airflow/example_dags/example_setup_teardown_taskflow.py took 0.042 seconds
[2023-10-18T02:47:25.998+0000] {processor.py:157} INFO - Started process (PID=3404) to work on /home/airflow/.local/lib/python3.8/site-packages/airflow/example_dags/example_setup_teardown_taskflow.py
[2023-10-18T02:47:25.998+0000] {processor.py:829} INFO - Processing file /home/airflow/.local/lib/python3.8/site-packages/airflow/example_dags/example_setup_teardown_taskflow.py for tasks to queue
[2023-10-18T02:47:25.999+0000] {logging_mixin.py:151} INFO - [2023-10-18T02:47:25.999+0000] {dagbag.py:536} INFO - Filling up the DagBag from /home/airflow/.local/lib/python3.8/site-packages/airflow/example_dags/example_setup_teardown_taskflow.py
[2023-10-18T02:47:26.005+0000] {processor.py:839} INFO - DAG(s) dict_keys(['example_setup_teardown_taskflow']) retrieved from /home/airflow/.local/lib/python3.8/site-packages/airflow/example_dags/example_setup_teardown_taskflow.py
[2023-10-18T02:47:26.019+0000] {logging_mixin.py:151} INFO - [2023-10-18T02:47:26.019+0000] {dag.py:2941} INFO - Sync 1 DAGs
[2023-10-18T02:47:26.030+0000] {logging_mixin.py:151} INFO - [2023-10-18T02:47:26.030+0000] {dag.py:3722} INFO - Setting next_dagrun for example_setup_teardown_taskflow to 2023-10-17T02:47:26.030616+00:00, run_after=2023-10-18T02:47:26.030616+00:00
[2023-10-18T02:47:26.039+0000] {processor.py:179} INFO - Processing /home/airflow/.local/lib/python3.8/site-packages/airflow/example_dags/example_setup_teardown_taskflow.py took 0.043 seconds
[2023-10-18T02:47:56.109+0000] {processor.py:157} INFO - Started process (PID=3644) to work on /home/airflow/.local/lib/python3.8/site-packages/airflow/example_dags/example_setup_teardown_taskflow.py
[2023-10-18T02:47:56.110+0000] {processor.py:829} INFO - Processing file /home/airflow/.local/lib/python3.8/site-packages/airflow/example_dags/example_setup_teardown_taskflow.py for tasks to queue
[2023-10-18T02:47:56.110+0000] {logging_mixin.py:151} INFO - [2023-10-18T02:47:56.110+0000] {dagbag.py:536} INFO - Filling up the DagBag from /home/airflow/.local/lib/python3.8/site-packages/airflow/example_dags/example_setup_teardown_taskflow.py
[2023-10-18T02:47:56.116+0000] {processor.py:839} INFO - DAG(s) dict_keys(['example_setup_teardown_taskflow']) retrieved from /home/airflow/.local/lib/python3.8/site-packages/airflow/example_dags/example_setup_teardown_taskflow.py
[2023-10-18T02:47:56.130+0000] {logging_mixin.py:151} INFO - [2023-10-18T02:47:56.129+0000] {dag.py:2941} INFO - Sync 1 DAGs
[2023-10-18T02:47:56.140+0000] {logging_mixin.py:151} INFO - [2023-10-18T02:47:56.140+0000] {dag.py:3722} INFO - Setting next_dagrun for example_setup_teardown_taskflow to 2023-10-17T02:47:56.139978+00:00, run_after=2023-10-18T02:47:56.139978+00:00
[2023-10-18T02:47:56.147+0000] {processor.py:179} INFO - Processing /home/airflow/.local/lib/python3.8/site-packages/airflow/example_dags/example_setup_teardown_taskflow.py took 0.040 seconds
[2023-10-18T02:48:26.284+0000] {processor.py:157} INFO - Started process (PID=3880) to work on /home/airflow/.local/lib/python3.8/site-packages/airflow/example_dags/example_setup_teardown_taskflow.py
[2023-10-18T02:48:26.284+0000] {processor.py:829} INFO - Processing file /home/airflow/.local/lib/python3.8/site-packages/airflow/example_dags/example_setup_teardown_taskflow.py for tasks to queue
[2023-10-18T02:48:26.285+0000] {logging_mixin.py:151} INFO - [2023-10-18T02:48:26.285+0000] {dagbag.py:536} INFO - Filling up the DagBag from /home/airflow/.local/lib/python3.8/site-packages/airflow/example_dags/example_setup_teardown_taskflow.py
[2023-10-18T02:48:26.291+0000] {processor.py:839} INFO - DAG(s) dict_keys(['example_setup_teardown_taskflow']) retrieved from /home/airflow/.local/lib/python3.8/site-packages/airflow/example_dags/example_setup_teardown_taskflow.py
[2023-10-18T02:48:26.306+0000] {logging_mixin.py:151} INFO - [2023-10-18T02:48:26.306+0000] {dag.py:2941} INFO - Sync 1 DAGs
[2023-10-18T02:48:26.318+0000] {logging_mixin.py:151} INFO - [2023-10-18T02:48:26.318+0000] {dag.py:3722} INFO - Setting next_dagrun for example_setup_teardown_taskflow to 2023-10-17T02:48:26.318471+00:00, run_after=2023-10-18T02:48:26.318471+00:00
[2023-10-18T02:48:26.327+0000] {processor.py:179} INFO - Processing /home/airflow/.local/lib/python3.8/site-packages/airflow/example_dags/example_setup_teardown_taskflow.py took 0.045 seconds
[2023-10-18T02:48:56.449+0000] {processor.py:157} INFO - Started process (PID=4118) to work on /home/airflow/.local/lib/python3.8/site-packages/airflow/example_dags/example_setup_teardown_taskflow.py
[2023-10-18T02:48:56.450+0000] {processor.py:829} INFO - Processing file /home/airflow/.local/lib/python3.8/site-packages/airflow/example_dags/example_setup_teardown_taskflow.py for tasks to queue
[2023-10-18T02:48:56.451+0000] {logging_mixin.py:151} INFO - [2023-10-18T02:48:56.451+0000] {dagbag.py:536} INFO - Filling up the DagBag from /home/airflow/.local/lib/python3.8/site-packages/airflow/example_dags/example_setup_teardown_taskflow.py
[2023-10-18T02:48:56.457+0000] {processor.py:839} INFO - DAG(s) dict_keys(['example_setup_teardown_taskflow']) retrieved from /home/airflow/.local/lib/python3.8/site-packages/airflow/example_dags/example_setup_teardown_taskflow.py
[2023-10-18T02:48:56.470+0000] {logging_mixin.py:151} INFO - [2023-10-18T02:48:56.470+0000] {dag.py:2941} INFO - Sync 1 DAGs
[2023-10-18T02:48:56.480+0000] {logging_mixin.py:151} INFO - [2023-10-18T02:48:56.480+0000] {dag.py:3722} INFO - Setting next_dagrun for example_setup_teardown_taskflow to 2023-10-17T02:48:56.480426+00:00, run_after=2023-10-18T02:48:56.480426+00:00
[2023-10-18T02:48:56.488+0000] {processor.py:179} INFO - Processing /home/airflow/.local/lib/python3.8/site-packages/airflow/example_dags/example_setup_teardown_taskflow.py took 0.041 seconds
[2023-10-18T02:49:26.621+0000] {processor.py:157} INFO - Started process (PID=4356) to work on /home/airflow/.local/lib/python3.8/site-packages/airflow/example_dags/example_setup_teardown_taskflow.py
[2023-10-18T02:49:26.622+0000] {processor.py:829} INFO - Processing file /home/airflow/.local/lib/python3.8/site-packages/airflow/example_dags/example_setup_teardown_taskflow.py for tasks to queue
[2023-10-18T02:49:26.622+0000] {logging_mixin.py:151} INFO - [2023-10-18T02:49:26.622+0000] {dagbag.py:536} INFO - Filling up the DagBag from /home/airflow/.local/lib/python3.8/site-packages/airflow/example_dags/example_setup_teardown_taskflow.py
[2023-10-18T02:49:26.628+0000] {processor.py:839} INFO - DAG(s) dict_keys(['example_setup_teardown_taskflow']) retrieved from /home/airflow/.local/lib/python3.8/site-packages/airflow/example_dags/example_setup_teardown_taskflow.py
[2023-10-18T02:49:26.643+0000] {logging_mixin.py:151} INFO - [2023-10-18T02:49:26.643+0000] {dag.py:2941} INFO - Sync 1 DAGs
[2023-10-18T02:49:26.655+0000] {logging_mixin.py:151} INFO - [2023-10-18T02:49:26.655+0000] {dag.py:3722} INFO - Setting next_dagrun for example_setup_teardown_taskflow to 2023-10-17T02:49:26.654981+00:00, run_after=2023-10-18T02:49:26.654981+00:00
[2023-10-18T02:49:26.664+0000] {processor.py:179} INFO - Processing /home/airflow/.local/lib/python3.8/site-packages/airflow/example_dags/example_setup_teardown_taskflow.py took 0.045 seconds
[2023-10-18T02:49:56.729+0000] {processor.py:157} INFO - Started process (PID=4594) to work on /home/airflow/.local/lib/python3.8/site-packages/airflow/example_dags/example_setup_teardown_taskflow.py
[2023-10-18T02:49:56.729+0000] {processor.py:829} INFO - Processing file /home/airflow/.local/lib/python3.8/site-packages/airflow/example_dags/example_setup_teardown_taskflow.py for tasks to queue
[2023-10-18T02:49:56.730+0000] {logging_mixin.py:151} INFO - [2023-10-18T02:49:56.729+0000] {dagbag.py:536} INFO - Filling up the DagBag from /home/airflow/.local/lib/python3.8/site-packages/airflow/example_dags/example_setup_teardown_taskflow.py
[2023-10-18T02:49:56.735+0000] {processor.py:839} INFO - DAG(s) dict_keys(['example_setup_teardown_taskflow']) retrieved from /home/airflow/.local/lib/python3.8/site-packages/airflow/example_dags/example_setup_teardown_taskflow.py
[2023-10-18T02:49:56.750+0000] {logging_mixin.py:151} INFO - [2023-10-18T02:49:56.750+0000] {dag.py:2941} INFO - Sync 1 DAGs
[2023-10-18T02:49:56.761+0000] {logging_mixin.py:151} INFO - [2023-10-18T02:49:56.761+0000] {dag.py:3722} INFO - Setting next_dagrun for example_setup_teardown_taskflow to 2023-10-17T02:49:56.760951+00:00, run_after=2023-10-18T02:49:56.760951+00:00
[2023-10-18T02:49:56.769+0000] {processor.py:179} INFO - Processing /home/airflow/.local/lib/python3.8/site-packages/airflow/example_dags/example_setup_teardown_taskflow.py took 0.043 seconds
[2023-10-18T02:50:26.877+0000] {processor.py:157} INFO - Started process (PID=4833) to work on /home/airflow/.local/lib/python3.8/site-packages/airflow/example_dags/example_setup_teardown_taskflow.py
[2023-10-18T02:50:26.877+0000] {processor.py:829} INFO - Processing file /home/airflow/.local/lib/python3.8/site-packages/airflow/example_dags/example_setup_teardown_taskflow.py for tasks to queue
[2023-10-18T02:50:26.878+0000] {logging_mixin.py:151} INFO - [2023-10-18T02:50:26.878+0000] {dagbag.py:536} INFO - Filling up the DagBag from /home/airflow/.local/lib/python3.8/site-packages/airflow/example_dags/example_setup_teardown_taskflow.py
[2023-10-18T02:50:26.884+0000] {processor.py:839} INFO - DAG(s) dict_keys(['example_setup_teardown_taskflow']) retrieved from /home/airflow/.local/lib/python3.8/site-packages/airflow/example_dags/example_setup_teardown_taskflow.py
[2023-10-18T02:50:26.899+0000] {logging_mixin.py:151} INFO - [2023-10-18T02:50:26.899+0000] {dag.py:2941} INFO - Sync 1 DAGs
[2023-10-18T02:50:26.911+0000] {logging_mixin.py:151} INFO - [2023-10-18T02:50:26.911+0000] {dag.py:3722} INFO - Setting next_dagrun for example_setup_teardown_taskflow to 2023-10-17T02:50:26.911267+00:00, run_after=2023-10-18T02:50:26.911267+00:00
[2023-10-18T02:50:26.920+0000] {processor.py:179} INFO - Processing /home/airflow/.local/lib/python3.8/site-packages/airflow/example_dags/example_setup_teardown_taskflow.py took 0.045 seconds
[2023-10-18T02:50:57.029+0000] {processor.py:157} INFO - Started process (PID=5071) to work on /home/airflow/.local/lib/python3.8/site-packages/airflow/example_dags/example_setup_teardown_taskflow.py
[2023-10-18T02:50:57.030+0000] {processor.py:829} INFO - Processing file /home/airflow/.local/lib/python3.8/site-packages/airflow/example_dags/example_setup_teardown_taskflow.py for tasks to queue
[2023-10-18T02:50:57.031+0000] {logging_mixin.py:151} INFO - [2023-10-18T02:50:57.030+0000] {dagbag.py:536} INFO - Filling up the DagBag from /home/airflow/.local/lib/python3.8/site-packages/airflow/example_dags/example_setup_teardown_taskflow.py
[2023-10-18T02:50:57.037+0000] {processor.py:839} INFO - DAG(s) dict_keys(['example_setup_teardown_taskflow']) retrieved from /home/airflow/.local/lib/python3.8/site-packages/airflow/example_dags/example_setup_teardown_taskflow.py
[2023-10-18T02:50:57.051+0000] {logging_mixin.py:151} INFO - [2023-10-18T02:50:57.051+0000] {dag.py:2941} INFO - Sync 1 DAGs
[2023-10-18T02:50:57.062+0000] {logging_mixin.py:151} INFO - [2023-10-18T02:50:57.062+0000] {dag.py:3722} INFO - Setting next_dagrun for example_setup_teardown_taskflow to 2023-10-17T02:50:57.062638+00:00, run_after=2023-10-18T02:50:57.062638+00:00
[2023-10-18T02:50:57.072+0000] {processor.py:179} INFO - Processing /home/airflow/.local/lib/python3.8/site-packages/airflow/example_dags/example_setup_teardown_taskflow.py took 0.045 seconds
[2023-10-18T02:51:27.240+0000] {processor.py:157} INFO - Started process (PID=5311) to work on /home/airflow/.local/lib/python3.8/site-packages/airflow/example_dags/example_setup_teardown_taskflow.py
[2023-10-18T02:51:27.240+0000] {processor.py:829} INFO - Processing file /home/airflow/.local/lib/python3.8/site-packages/airflow/example_dags/example_setup_teardown_taskflow.py for tasks to queue
[2023-10-18T02:51:27.241+0000] {logging_mixin.py:151} INFO - [2023-10-18T02:51:27.241+0000] {dagbag.py:536} INFO - Filling up the DagBag from /home/airflow/.local/lib/python3.8/site-packages/airflow/example_dags/example_setup_teardown_taskflow.py
[2023-10-18T02:51:27.247+0000] {processor.py:839} INFO - DAG(s) dict_keys(['example_setup_teardown_taskflow']) retrieved from /home/airflow/.local/lib/python3.8/site-packages/airflow/example_dags/example_setup_teardown_taskflow.py
[2023-10-18T02:51:27.261+0000] {logging_mixin.py:151} INFO - [2023-10-18T02:51:27.261+0000] {dag.py:2941} INFO - Sync 1 DAGs
[2023-10-18T02:51:27.272+0000] {logging_mixin.py:151} INFO - [2023-10-18T02:51:27.272+0000] {dag.py:3722} INFO - Setting next_dagrun for example_setup_teardown_taskflow to 2023-10-17T02:51:27.272012+00:00, run_after=2023-10-18T02:51:27.272012+00:00
[2023-10-18T02:51:27.280+0000] {processor.py:179} INFO - Processing /home/airflow/.local/lib/python3.8/site-packages/airflow/example_dags/example_setup_teardown_taskflow.py took 0.042 seconds
[2023-10-18T02:51:57.371+0000] {processor.py:157} INFO - Started process (PID=5546) to work on /home/airflow/.local/lib/python3.8/site-packages/airflow/example_dags/example_setup_teardown_taskflow.py
[2023-10-18T02:51:57.371+0000] {processor.py:829} INFO - Processing file /home/airflow/.local/lib/python3.8/site-packages/airflow/example_dags/example_setup_teardown_taskflow.py for tasks to queue
[2023-10-18T02:51:57.372+0000] {logging_mixin.py:151} INFO - [2023-10-18T02:51:57.372+0000] {dagbag.py:536} INFO - Filling up the DagBag from /home/airflow/.local/lib/python3.8/site-packages/airflow/example_dags/example_setup_teardown_taskflow.py
[2023-10-18T02:51:57.377+0000] {processor.py:839} INFO - DAG(s) dict_keys(['example_setup_teardown_taskflow']) retrieved from /home/airflow/.local/lib/python3.8/site-packages/airflow/example_dags/example_setup_teardown_taskflow.py
[2023-10-18T02:51:57.391+0000] {logging_mixin.py:151} INFO - [2023-10-18T02:51:57.391+0000] {dag.py:2941} INFO - Sync 1 DAGs
[2023-10-18T02:51:57.402+0000] {logging_mixin.py:151} INFO - [2023-10-18T02:51:57.401+0000] {dag.py:3722} INFO - Setting next_dagrun for example_setup_teardown_taskflow to 2023-10-17T02:51:57.401800+00:00, run_after=2023-10-18T02:51:57.401800+00:00
[2023-10-18T02:51:57.409+0000] {processor.py:179} INFO - Processing /home/airflow/.local/lib/python3.8/site-packages/airflow/example_dags/example_setup_teardown_taskflow.py took 0.041 seconds
[2023-10-18T02:52:28.292+0000] {processor.py:157} INFO - Started process (PID=5783) to work on /home/airflow/.local/lib/python3.8/site-packages/airflow/example_dags/example_setup_teardown_taskflow.py
[2023-10-18T02:52:28.293+0000] {processor.py:829} INFO - Processing file /home/airflow/.local/lib/python3.8/site-packages/airflow/example_dags/example_setup_teardown_taskflow.py for tasks to queue
[2023-10-18T02:52:28.294+0000] {logging_mixin.py:151} INFO - [2023-10-18T02:52:28.293+0000] {dagbag.py:536} INFO - Filling up the DagBag from /home/airflow/.local/lib/python3.8/site-packages/airflow/example_dags/example_setup_teardown_taskflow.py
[2023-10-18T02:52:28.300+0000] {processor.py:839} INFO - DAG(s) dict_keys(['example_setup_teardown_taskflow']) retrieved from /home/airflow/.local/lib/python3.8/site-packages/airflow/example_dags/example_setup_teardown_taskflow.py
[2023-10-18T02:52:28.316+0000] {logging_mixin.py:151} INFO - [2023-10-18T02:52:28.316+0000] {dag.py:2941} INFO - Sync 1 DAGs
[2023-10-18T02:52:28.329+0000] {logging_mixin.py:151} INFO - [2023-10-18T02:52:28.329+0000] {dag.py:3722} INFO - Setting next_dagrun for example_setup_teardown_taskflow to 2023-10-17T02:52:28.328828+00:00, run_after=2023-10-18T02:52:28.328828+00:00
[2023-10-18T02:52:28.338+0000] {processor.py:179} INFO - Processing /home/airflow/.local/lib/python3.8/site-packages/airflow/example_dags/example_setup_teardown_taskflow.py took 0.048 seconds
[2023-10-18T02:52:58.467+0000] {processor.py:157} INFO - Started process (PID=6021) to work on /home/airflow/.local/lib/python3.8/site-packages/airflow/example_dags/example_setup_teardown_taskflow.py
[2023-10-18T02:52:58.468+0000] {processor.py:829} INFO - Processing file /home/airflow/.local/lib/python3.8/site-packages/airflow/example_dags/example_setup_teardown_taskflow.py for tasks to queue
[2023-10-18T02:52:58.468+0000] {logging_mixin.py:151} INFO - [2023-10-18T02:52:58.468+0000] {dagbag.py:536} INFO - Filling up the DagBag from /home/airflow/.local/lib/python3.8/site-packages/airflow/example_dags/example_setup_teardown_taskflow.py
[2023-10-18T02:52:58.474+0000] {processor.py:839} INFO - DAG(s) dict_keys(['example_setup_teardown_taskflow']) retrieved from /home/airflow/.local/lib/python3.8/site-packages/airflow/example_dags/example_setup_teardown_taskflow.py
[2023-10-18T02:52:58.488+0000] {logging_mixin.py:151} INFO - [2023-10-18T02:52:58.488+0000] {dag.py:2941} INFO - Sync 1 DAGs
[2023-10-18T02:52:58.498+0000] {logging_mixin.py:151} INFO - [2023-10-18T02:52:58.498+0000] {dag.py:3722} INFO - Setting next_dagrun for example_setup_teardown_taskflow to 2023-10-17T02:52:58.498341+00:00, run_after=2023-10-18T02:52:58.498341+00:00
[2023-10-18T02:52:58.510+0000] {processor.py:179} INFO - Processing /home/airflow/.local/lib/python3.8/site-packages/airflow/example_dags/example_setup_teardown_taskflow.py took 0.046 seconds
[2023-10-18T02:53:28.655+0000] {processor.py:157} INFO - Started process (PID=6261) to work on /home/airflow/.local/lib/python3.8/site-packages/airflow/example_dags/example_setup_teardown_taskflow.py
[2023-10-18T02:53:28.655+0000] {processor.py:829} INFO - Processing file /home/airflow/.local/lib/python3.8/site-packages/airflow/example_dags/example_setup_teardown_taskflow.py for tasks to queue
[2023-10-18T02:53:28.656+0000] {logging_mixin.py:151} INFO - [2023-10-18T02:53:28.656+0000] {dagbag.py:536} INFO - Filling up the DagBag from /home/airflow/.local/lib/python3.8/site-packages/airflow/example_dags/example_setup_teardown_taskflow.py
[2023-10-18T02:53:28.662+0000] {processor.py:839} INFO - DAG(s) dict_keys(['example_setup_teardown_taskflow']) retrieved from /home/airflow/.local/lib/python3.8/site-packages/airflow/example_dags/example_setup_teardown_taskflow.py
[2023-10-18T02:53:28.676+0000] {logging_mixin.py:151} INFO - [2023-10-18T02:53:28.676+0000] {dag.py:2941} INFO - Sync 1 DAGs
[2023-10-18T02:53:28.686+0000] {logging_mixin.py:151} INFO - [2023-10-18T02:53:28.686+0000] {dag.py:3722} INFO - Setting next_dagrun for example_setup_teardown_taskflow to 2023-10-17T02:53:28.686152+00:00, run_after=2023-10-18T02:53:28.686152+00:00
[2023-10-18T02:53:28.694+0000] {processor.py:179} INFO - Processing /home/airflow/.local/lib/python3.8/site-packages/airflow/example_dags/example_setup_teardown_taskflow.py took 0.041 seconds
