[2023-10-18T02:40:51.927+0000] {processor.py:157} INFO - Started process (PID=336) to work on /home/airflow/.local/lib/python3.8/site-packages/airflow/example_dags/example_time_delta_sensor_async.py
[2023-10-18T02:40:51.927+0000] {processor.py:829} INFO - Processing file /home/airflow/.local/lib/python3.8/site-packages/airflow/example_dags/example_time_delta_sensor_async.py for tasks to queue
[2023-10-18T02:40:51.928+0000] {logging_mixin.py:151} INFO - [2023-10-18T02:40:51.928+0000] {dagbag.py:536} INFO - Filling up the DagBag from /home/airflow/.local/lib/python3.8/site-packages/airflow/example_dags/example_time_delta_sensor_async.py
[2023-10-18T02:40:51.931+0000] {processor.py:839} INFO - DAG(s) dict_keys(['example_time_delta_sensor_async']) retrieved from /home/airflow/.local/lib/python3.8/site-packages/airflow/example_dags/example_time_delta_sensor_async.py
[2023-10-18T02:40:51.944+0000] {logging_mixin.py:151} INFO - [2023-10-18T02:40:51.944+0000] {dag.py:2941} INFO - Sync 1 DAGs
[2023-10-18T02:40:51.952+0000] {logging_mixin.py:151} INFO - [2023-10-18T02:40:51.952+0000] {dag.py:3722} INFO - Setting next_dagrun for example_time_delta_sensor_async to None, run_after=None
[2023-10-18T02:40:51.961+0000] {processor.py:179} INFO - Processing /home/airflow/.local/lib/python3.8/site-packages/airflow/example_dags/example_time_delta_sensor_async.py took 0.038 seconds
[2023-10-18T02:41:22.427+0000] {processor.py:157} INFO - Started process (PID=576) to work on /home/airflow/.local/lib/python3.8/site-packages/airflow/example_dags/example_time_delta_sensor_async.py
[2023-10-18T02:41:22.427+0000] {processor.py:829} INFO - Processing file /home/airflow/.local/lib/python3.8/site-packages/airflow/example_dags/example_time_delta_sensor_async.py for tasks to queue
[2023-10-18T02:41:22.428+0000] {logging_mixin.py:151} INFO - [2023-10-18T02:41:22.427+0000] {dagbag.py:536} INFO - Filling up the DagBag from /home/airflow/.local/lib/python3.8/site-packages/airflow/example_dags/example_time_delta_sensor_async.py
[2023-10-18T02:41:22.431+0000] {processor.py:839} INFO - DAG(s) dict_keys(['example_time_delta_sensor_async']) retrieved from /home/airflow/.local/lib/python3.8/site-packages/airflow/example_dags/example_time_delta_sensor_async.py
[2023-10-18T02:41:22.445+0000] {logging_mixin.py:151} INFO - [2023-10-18T02:41:22.445+0000] {dag.py:2941} INFO - Sync 1 DAGs
[2023-10-18T02:41:22.451+0000] {logging_mixin.py:151} INFO - [2023-10-18T02:41:22.451+0000] {dag.py:3722} INFO - Setting next_dagrun for example_time_delta_sensor_async to None, run_after=None
[2023-10-18T02:41:22.458+0000] {processor.py:179} INFO - Processing /home/airflow/.local/lib/python3.8/site-packages/airflow/example_dags/example_time_delta_sensor_async.py took 0.034 seconds
[2023-10-18T02:41:52.643+0000] {processor.py:157} INFO - Started process (PID=812) to work on /home/airflow/.local/lib/python3.8/site-packages/airflow/example_dags/example_time_delta_sensor_async.py
[2023-10-18T02:41:52.644+0000] {processor.py:829} INFO - Processing file /home/airflow/.local/lib/python3.8/site-packages/airflow/example_dags/example_time_delta_sensor_async.py for tasks to queue
[2023-10-18T02:41:52.645+0000] {logging_mixin.py:151} INFO - [2023-10-18T02:41:52.644+0000] {dagbag.py:536} INFO - Filling up the DagBag from /home/airflow/.local/lib/python3.8/site-packages/airflow/example_dags/example_time_delta_sensor_async.py
[2023-10-18T02:41:52.648+0000] {processor.py:839} INFO - DAG(s) dict_keys(['example_time_delta_sensor_async']) retrieved from /home/airflow/.local/lib/python3.8/site-packages/airflow/example_dags/example_time_delta_sensor_async.py
[2023-10-18T02:41:52.664+0000] {logging_mixin.py:151} INFO - [2023-10-18T02:41:52.664+0000] {dag.py:2941} INFO - Sync 1 DAGs
[2023-10-18T02:41:52.672+0000] {logging_mixin.py:151} INFO - [2023-10-18T02:41:52.671+0000] {dag.py:3722} INFO - Setting next_dagrun for example_time_delta_sensor_async to None, run_after=None
[2023-10-18T02:41:52.682+0000] {processor.py:179} INFO - Processing /home/airflow/.local/lib/python3.8/site-packages/airflow/example_dags/example_time_delta_sensor_async.py took 0.041 seconds
[2023-10-18T02:42:22.761+0000] {processor.py:157} INFO - Started process (PID=1050) to work on /home/airflow/.local/lib/python3.8/site-packages/airflow/example_dags/example_time_delta_sensor_async.py
[2023-10-18T02:42:22.761+0000] {processor.py:829} INFO - Processing file /home/airflow/.local/lib/python3.8/site-packages/airflow/example_dags/example_time_delta_sensor_async.py for tasks to queue
[2023-10-18T02:42:22.762+0000] {logging_mixin.py:151} INFO - [2023-10-18T02:42:22.762+0000] {dagbag.py:536} INFO - Filling up the DagBag from /home/airflow/.local/lib/python3.8/site-packages/airflow/example_dags/example_time_delta_sensor_async.py
[2023-10-18T02:42:22.765+0000] {processor.py:839} INFO - DAG(s) dict_keys(['example_time_delta_sensor_async']) retrieved from /home/airflow/.local/lib/python3.8/site-packages/airflow/example_dags/example_time_delta_sensor_async.py
[2023-10-18T02:42:22.781+0000] {logging_mixin.py:151} INFO - [2023-10-18T02:42:22.780+0000] {dag.py:2941} INFO - Sync 1 DAGs
[2023-10-18T02:42:22.787+0000] {logging_mixin.py:151} INFO - [2023-10-18T02:42:22.787+0000] {dag.py:3722} INFO - Setting next_dagrun for example_time_delta_sensor_async to None, run_after=None
[2023-10-18T02:42:22.796+0000] {processor.py:179} INFO - Processing /home/airflow/.local/lib/python3.8/site-packages/airflow/example_dags/example_time_delta_sensor_async.py took 0.038 seconds
[2023-10-18T02:42:53.613+0000] {processor.py:157} INFO - Started process (PID=1336) to work on /home/airflow/.local/lib/python3.8/site-packages/airflow/example_dags/example_time_delta_sensor_async.py
[2023-10-18T02:42:53.614+0000] {processor.py:829} INFO - Processing file /home/airflow/.local/lib/python3.8/site-packages/airflow/example_dags/example_time_delta_sensor_async.py for tasks to queue
[2023-10-18T02:42:53.615+0000] {logging_mixin.py:151} INFO - [2023-10-18T02:42:53.614+0000] {dagbag.py:536} INFO - Filling up the DagBag from /home/airflow/.local/lib/python3.8/site-packages/airflow/example_dags/example_time_delta_sensor_async.py
[2023-10-18T02:42:53.618+0000] {processor.py:839} INFO - DAG(s) dict_keys(['example_time_delta_sensor_async']) retrieved from /home/airflow/.local/lib/python3.8/site-packages/airflow/example_dags/example_time_delta_sensor_async.py
[2023-10-18T02:42:53.634+0000] {logging_mixin.py:151} INFO - [2023-10-18T02:42:53.634+0000] {dag.py:2941} INFO - Sync 1 DAGs
[2023-10-18T02:42:53.641+0000] {logging_mixin.py:151} INFO - [2023-10-18T02:42:53.641+0000] {dag.py:3722} INFO - Setting next_dagrun for example_time_delta_sensor_async to None, run_after=None
[2023-10-18T02:42:53.651+0000] {processor.py:179} INFO - Processing /home/airflow/.local/lib/python3.8/site-packages/airflow/example_dags/example_time_delta_sensor_async.py took 0.041 seconds
[2023-10-18T02:43:23.833+0000] {processor.py:157} INFO - Started process (PID=1576) to work on /home/airflow/.local/lib/python3.8/site-packages/airflow/example_dags/example_time_delta_sensor_async.py
[2023-10-18T02:43:23.834+0000] {processor.py:829} INFO - Processing file /home/airflow/.local/lib/python3.8/site-packages/airflow/example_dags/example_time_delta_sensor_async.py for tasks to queue
[2023-10-18T02:43:23.835+0000] {logging_mixin.py:151} INFO - [2023-10-18T02:43:23.835+0000] {dagbag.py:536} INFO - Filling up the DagBag from /home/airflow/.local/lib/python3.8/site-packages/airflow/example_dags/example_time_delta_sensor_async.py
[2023-10-18T02:43:23.838+0000] {processor.py:839} INFO - DAG(s) dict_keys(['example_time_delta_sensor_async']) retrieved from /home/airflow/.local/lib/python3.8/site-packages/airflow/example_dags/example_time_delta_sensor_async.py
[2023-10-18T02:43:23.854+0000] {logging_mixin.py:151} INFO - [2023-10-18T02:43:23.854+0000] {dag.py:2941} INFO - Sync 1 DAGs
[2023-10-18T02:43:23.860+0000] {logging_mixin.py:151} INFO - [2023-10-18T02:43:23.860+0000] {dag.py:3722} INFO - Setting next_dagrun for example_time_delta_sensor_async to None, run_after=None
[2023-10-18T02:43:23.870+0000] {processor.py:179} INFO - Processing /home/airflow/.local/lib/python3.8/site-packages/airflow/example_dags/example_time_delta_sensor_async.py took 0.038 seconds
[2023-10-18T02:43:53.941+0000] {processor.py:157} INFO - Started process (PID=1813) to work on /home/airflow/.local/lib/python3.8/site-packages/airflow/example_dags/example_time_delta_sensor_async.py
[2023-10-18T02:43:53.942+0000] {processor.py:829} INFO - Processing file /home/airflow/.local/lib/python3.8/site-packages/airflow/example_dags/example_time_delta_sensor_async.py for tasks to queue
[2023-10-18T02:43:53.943+0000] {logging_mixin.py:151} INFO - [2023-10-18T02:43:53.942+0000] {dagbag.py:536} INFO - Filling up the DagBag from /home/airflow/.local/lib/python3.8/site-packages/airflow/example_dags/example_time_delta_sensor_async.py
[2023-10-18T02:43:53.945+0000] {processor.py:839} INFO - DAG(s) dict_keys(['example_time_delta_sensor_async']) retrieved from /home/airflow/.local/lib/python3.8/site-packages/airflow/example_dags/example_time_delta_sensor_async.py
[2023-10-18T02:43:53.959+0000] {logging_mixin.py:151} INFO - [2023-10-18T02:43:53.959+0000] {dag.py:2941} INFO - Sync 1 DAGs
[2023-10-18T02:43:53.966+0000] {logging_mixin.py:151} INFO - [2023-10-18T02:43:53.966+0000] {dag.py:3722} INFO - Setting next_dagrun for example_time_delta_sensor_async to None, run_after=None
[2023-10-18T02:43:53.975+0000] {processor.py:179} INFO - Processing /home/airflow/.local/lib/python3.8/site-packages/airflow/example_dags/example_time_delta_sensor_async.py took 0.036 seconds
[2023-10-18T02:44:24.857+0000] {processor.py:157} INFO - Started process (PID=2052) to work on /home/airflow/.local/lib/python3.8/site-packages/airflow/example_dags/example_time_delta_sensor_async.py
[2023-10-18T02:44:24.857+0000] {processor.py:829} INFO - Processing file /home/airflow/.local/lib/python3.8/site-packages/airflow/example_dags/example_time_delta_sensor_async.py for tasks to queue
[2023-10-18T02:44:24.858+0000] {logging_mixin.py:151} INFO - [2023-10-18T02:44:24.858+0000] {dagbag.py:536} INFO - Filling up the DagBag from /home/airflow/.local/lib/python3.8/site-packages/airflow/example_dags/example_time_delta_sensor_async.py
[2023-10-18T02:44:24.861+0000] {processor.py:839} INFO - DAG(s) dict_keys(['example_time_delta_sensor_async']) retrieved from /home/airflow/.local/lib/python3.8/site-packages/airflow/example_dags/example_time_delta_sensor_async.py
[2023-10-18T02:44:24.876+0000] {logging_mixin.py:151} INFO - [2023-10-18T02:44:24.876+0000] {dag.py:2941} INFO - Sync 1 DAGs
[2023-10-18T02:44:24.882+0000] {logging_mixin.py:151} INFO - [2023-10-18T02:44:24.882+0000] {dag.py:3722} INFO - Setting next_dagrun for example_time_delta_sensor_async to None, run_after=None
[2023-10-18T02:44:24.890+0000] {processor.py:179} INFO - Processing /home/airflow/.local/lib/python3.8/site-packages/airflow/example_dags/example_time_delta_sensor_async.py took 0.036 seconds
[2023-10-18T02:44:54.964+0000] {processor.py:157} INFO - Started process (PID=2289) to work on /home/airflow/.local/lib/python3.8/site-packages/airflow/example_dags/example_time_delta_sensor_async.py
[2023-10-18T02:44:54.965+0000] {processor.py:829} INFO - Processing file /home/airflow/.local/lib/python3.8/site-packages/airflow/example_dags/example_time_delta_sensor_async.py for tasks to queue
[2023-10-18T02:44:54.965+0000] {logging_mixin.py:151} INFO - [2023-10-18T02:44:54.965+0000] {dagbag.py:536} INFO - Filling up the DagBag from /home/airflow/.local/lib/python3.8/site-packages/airflow/example_dags/example_time_delta_sensor_async.py
[2023-10-18T02:44:54.968+0000] {processor.py:839} INFO - DAG(s) dict_keys(['example_time_delta_sensor_async']) retrieved from /home/airflow/.local/lib/python3.8/site-packages/airflow/example_dags/example_time_delta_sensor_async.py
[2023-10-18T02:44:54.983+0000] {logging_mixin.py:151} INFO - [2023-10-18T02:44:54.983+0000] {dag.py:2941} INFO - Sync 1 DAGs
[2023-10-18T02:44:54.991+0000] {logging_mixin.py:151} INFO - [2023-10-18T02:44:54.991+0000] {dag.py:3722} INFO - Setting next_dagrun for example_time_delta_sensor_async to None, run_after=None
[2023-10-18T02:44:55.000+0000] {processor.py:179} INFO - Processing /home/airflow/.local/lib/python3.8/site-packages/airflow/example_dags/example_time_delta_sensor_async.py took 0.038 seconds
[2023-10-18T02:45:25.275+0000] {processor.py:157} INFO - Started process (PID=2527) to work on /home/airflow/.local/lib/python3.8/site-packages/airflow/example_dags/example_time_delta_sensor_async.py
[2023-10-18T02:45:25.276+0000] {processor.py:829} INFO - Processing file /home/airflow/.local/lib/python3.8/site-packages/airflow/example_dags/example_time_delta_sensor_async.py for tasks to queue
[2023-10-18T02:45:25.276+0000] {logging_mixin.py:151} INFO - [2023-10-18T02:45:25.276+0000] {dagbag.py:536} INFO - Filling up the DagBag from /home/airflow/.local/lib/python3.8/site-packages/airflow/example_dags/example_time_delta_sensor_async.py
[2023-10-18T02:45:25.279+0000] {processor.py:839} INFO - DAG(s) dict_keys(['example_time_delta_sensor_async']) retrieved from /home/airflow/.local/lib/python3.8/site-packages/airflow/example_dags/example_time_delta_sensor_async.py
[2023-10-18T02:45:25.296+0000] {logging_mixin.py:151} INFO - [2023-10-18T02:45:25.295+0000] {dag.py:2941} INFO - Sync 1 DAGs
[2023-10-18T02:45:25.302+0000] {logging_mixin.py:151} INFO - [2023-10-18T02:45:25.302+0000] {dag.py:3722} INFO - Setting next_dagrun for example_time_delta_sensor_async to None, run_after=None
[2023-10-18T02:45:25.311+0000] {processor.py:179} INFO - Processing /home/airflow/.local/lib/python3.8/site-packages/airflow/example_dags/example_time_delta_sensor_async.py took 0.038 seconds
[2023-10-18T02:45:55.422+0000] {processor.py:157} INFO - Started process (PID=2765) to work on /home/airflow/.local/lib/python3.8/site-packages/airflow/example_dags/example_time_delta_sensor_async.py
[2023-10-18T02:45:55.423+0000] {processor.py:829} INFO - Processing file /home/airflow/.local/lib/python3.8/site-packages/airflow/example_dags/example_time_delta_sensor_async.py for tasks to queue
[2023-10-18T02:45:55.424+0000] {logging_mixin.py:151} INFO - [2023-10-18T02:45:55.423+0000] {dagbag.py:536} INFO - Filling up the DagBag from /home/airflow/.local/lib/python3.8/site-packages/airflow/example_dags/example_time_delta_sensor_async.py
[2023-10-18T02:45:55.427+0000] {processor.py:839} INFO - DAG(s) dict_keys(['example_time_delta_sensor_async']) retrieved from /home/airflow/.local/lib/python3.8/site-packages/airflow/example_dags/example_time_delta_sensor_async.py
[2023-10-18T02:45:55.450+0000] {logging_mixin.py:151} INFO - [2023-10-18T02:45:55.450+0000] {dag.py:2941} INFO - Sync 1 DAGs
[2023-10-18T02:45:55.457+0000] {logging_mixin.py:151} INFO - [2023-10-18T02:45:55.457+0000] {dag.py:3722} INFO - Setting next_dagrun for example_time_delta_sensor_async to None, run_after=None
[2023-10-18T02:45:55.473+0000] {processor.py:179} INFO - Processing /home/airflow/.local/lib/python3.8/site-packages/airflow/example_dags/example_time_delta_sensor_async.py took 0.058 seconds
[2023-10-18T02:46:26.470+0000] {processor.py:157} INFO - Started process (PID=3003) to work on /home/airflow/.local/lib/python3.8/site-packages/airflow/example_dags/example_time_delta_sensor_async.py
[2023-10-18T02:46:26.471+0000] {processor.py:829} INFO - Processing file /home/airflow/.local/lib/python3.8/site-packages/airflow/example_dags/example_time_delta_sensor_async.py for tasks to queue
[2023-10-18T02:46:26.472+0000] {logging_mixin.py:151} INFO - [2023-10-18T02:46:26.472+0000] {dagbag.py:536} INFO - Filling up the DagBag from /home/airflow/.local/lib/python3.8/site-packages/airflow/example_dags/example_time_delta_sensor_async.py
[2023-10-18T02:46:26.476+0000] {processor.py:839} INFO - DAG(s) dict_keys(['example_time_delta_sensor_async']) retrieved from /home/airflow/.local/lib/python3.8/site-packages/airflow/example_dags/example_time_delta_sensor_async.py
[2023-10-18T02:46:26.499+0000] {logging_mixin.py:151} INFO - [2023-10-18T02:46:26.499+0000] {dag.py:2941} INFO - Sync 1 DAGs
[2023-10-18T02:46:26.507+0000] {logging_mixin.py:151} INFO - [2023-10-18T02:46:26.507+0000] {dag.py:3722} INFO - Setting next_dagrun for example_time_delta_sensor_async to None, run_after=None
[2023-10-18T02:46:26.517+0000] {processor.py:179} INFO - Processing /home/airflow/.local/lib/python3.8/site-packages/airflow/example_dags/example_time_delta_sensor_async.py took 0.049 seconds
[2023-10-18T02:46:56.551+0000] {processor.py:157} INFO - Started process (PID=3241) to work on /home/airflow/.local/lib/python3.8/site-packages/airflow/example_dags/example_time_delta_sensor_async.py
[2023-10-18T02:46:56.552+0000] {processor.py:829} INFO - Processing file /home/airflow/.local/lib/python3.8/site-packages/airflow/example_dags/example_time_delta_sensor_async.py for tasks to queue
[2023-10-18T02:46:56.552+0000] {logging_mixin.py:151} INFO - [2023-10-18T02:46:56.552+0000] {dagbag.py:536} INFO - Filling up the DagBag from /home/airflow/.local/lib/python3.8/site-packages/airflow/example_dags/example_time_delta_sensor_async.py
[2023-10-18T02:46:56.556+0000] {processor.py:839} INFO - DAG(s) dict_keys(['example_time_delta_sensor_async']) retrieved from /home/airflow/.local/lib/python3.8/site-packages/airflow/example_dags/example_time_delta_sensor_async.py
[2023-10-18T02:46:56.573+0000] {logging_mixin.py:151} INFO - [2023-10-18T02:46:56.573+0000] {dag.py:2941} INFO - Sync 1 DAGs
[2023-10-18T02:46:56.579+0000] {logging_mixin.py:151} INFO - [2023-10-18T02:46:56.579+0000] {dag.py:3722} INFO - Setting next_dagrun for example_time_delta_sensor_async to None, run_after=None
[2023-10-18T02:46:56.587+0000] {processor.py:179} INFO - Processing /home/airflow/.local/lib/python3.8/site-packages/airflow/example_dags/example_time_delta_sensor_async.py took 0.038 seconds
[2023-10-18T02:47:27.559+0000] {processor.py:157} INFO - Started process (PID=3479) to work on /home/airflow/.local/lib/python3.8/site-packages/airflow/example_dags/example_time_delta_sensor_async.py
[2023-10-18T02:47:27.559+0000] {processor.py:829} INFO - Processing file /home/airflow/.local/lib/python3.8/site-packages/airflow/example_dags/example_time_delta_sensor_async.py for tasks to queue
[2023-10-18T02:47:27.560+0000] {logging_mixin.py:151} INFO - [2023-10-18T02:47:27.560+0000] {dagbag.py:536} INFO - Filling up the DagBag from /home/airflow/.local/lib/python3.8/site-packages/airflow/example_dags/example_time_delta_sensor_async.py
[2023-10-18T02:47:27.563+0000] {processor.py:839} INFO - DAG(s) dict_keys(['example_time_delta_sensor_async']) retrieved from /home/airflow/.local/lib/python3.8/site-packages/airflow/example_dags/example_time_delta_sensor_async.py
[2023-10-18T02:47:27.579+0000] {logging_mixin.py:151} INFO - [2023-10-18T02:47:27.579+0000] {dag.py:2941} INFO - Sync 1 DAGs
[2023-10-18T02:47:27.587+0000] {logging_mixin.py:151} INFO - [2023-10-18T02:47:27.587+0000] {dag.py:3722} INFO - Setting next_dagrun for example_time_delta_sensor_async to None, run_after=None
[2023-10-18T02:47:27.595+0000] {processor.py:179} INFO - Processing /home/airflow/.local/lib/python3.8/site-packages/airflow/example_dags/example_time_delta_sensor_async.py took 0.039 seconds
[2023-10-18T02:47:57.721+0000] {processor.py:157} INFO - Started process (PID=3717) to work on /home/airflow/.local/lib/python3.8/site-packages/airflow/example_dags/example_time_delta_sensor_async.py
[2023-10-18T02:47:57.721+0000] {processor.py:829} INFO - Processing file /home/airflow/.local/lib/python3.8/site-packages/airflow/example_dags/example_time_delta_sensor_async.py for tasks to queue
[2023-10-18T02:47:57.722+0000] {logging_mixin.py:151} INFO - [2023-10-18T02:47:57.722+0000] {dagbag.py:536} INFO - Filling up the DagBag from /home/airflow/.local/lib/python3.8/site-packages/airflow/example_dags/example_time_delta_sensor_async.py
[2023-10-18T02:47:57.725+0000] {processor.py:839} INFO - DAG(s) dict_keys(['example_time_delta_sensor_async']) retrieved from /home/airflow/.local/lib/python3.8/site-packages/airflow/example_dags/example_time_delta_sensor_async.py
[2023-10-18T02:47:57.739+0000] {logging_mixin.py:151} INFO - [2023-10-18T02:47:57.739+0000] {dag.py:2941} INFO - Sync 1 DAGs
[2023-10-18T02:47:57.746+0000] {logging_mixin.py:151} INFO - [2023-10-18T02:47:57.746+0000] {dag.py:3722} INFO - Setting next_dagrun for example_time_delta_sensor_async to None, run_after=None
[2023-10-18T02:47:57.756+0000] {processor.py:179} INFO - Processing /home/airflow/.local/lib/python3.8/site-packages/airflow/example_dags/example_time_delta_sensor_async.py took 0.038 seconds
[2023-10-18T02:48:27.858+0000] {processor.py:157} INFO - Started process (PID=3955) to work on /home/airflow/.local/lib/python3.8/site-packages/airflow/example_dags/example_time_delta_sensor_async.py
[2023-10-18T02:48:27.858+0000] {processor.py:829} INFO - Processing file /home/airflow/.local/lib/python3.8/site-packages/airflow/example_dags/example_time_delta_sensor_async.py for tasks to queue
[2023-10-18T02:48:27.859+0000] {logging_mixin.py:151} INFO - [2023-10-18T02:48:27.859+0000] {dagbag.py:536} INFO - Filling up the DagBag from /home/airflow/.local/lib/python3.8/site-packages/airflow/example_dags/example_time_delta_sensor_async.py
[2023-10-18T02:48:27.862+0000] {processor.py:839} INFO - DAG(s) dict_keys(['example_time_delta_sensor_async']) retrieved from /home/airflow/.local/lib/python3.8/site-packages/airflow/example_dags/example_time_delta_sensor_async.py
[2023-10-18T02:48:27.877+0000] {logging_mixin.py:151} INFO - [2023-10-18T02:48:27.877+0000] {dag.py:2941} INFO - Sync 1 DAGs
[2023-10-18T02:48:27.884+0000] {logging_mixin.py:151} INFO - [2023-10-18T02:48:27.884+0000] {dag.py:3722} INFO - Setting next_dagrun for example_time_delta_sensor_async to None, run_after=None
[2023-10-18T02:48:27.893+0000] {processor.py:179} INFO - Processing /home/airflow/.local/lib/python3.8/site-packages/airflow/example_dags/example_time_delta_sensor_async.py took 0.038 seconds
[2023-10-18T02:48:58.046+0000] {processor.py:157} INFO - Started process (PID=4193) to work on /home/airflow/.local/lib/python3.8/site-packages/airflow/example_dags/example_time_delta_sensor_async.py
[2023-10-18T02:48:58.047+0000] {processor.py:829} INFO - Processing file /home/airflow/.local/lib/python3.8/site-packages/airflow/example_dags/example_time_delta_sensor_async.py for tasks to queue
[2023-10-18T02:48:58.048+0000] {logging_mixin.py:151} INFO - [2023-10-18T02:48:58.047+0000] {dagbag.py:536} INFO - Filling up the DagBag from /home/airflow/.local/lib/python3.8/site-packages/airflow/example_dags/example_time_delta_sensor_async.py
[2023-10-18T02:48:58.051+0000] {processor.py:839} INFO - DAG(s) dict_keys(['example_time_delta_sensor_async']) retrieved from /home/airflow/.local/lib/python3.8/site-packages/airflow/example_dags/example_time_delta_sensor_async.py
[2023-10-18T02:48:58.065+0000] {logging_mixin.py:151} INFO - [2023-10-18T02:48:58.065+0000] {dag.py:2941} INFO - Sync 1 DAGs
[2023-10-18T02:48:58.072+0000] {logging_mixin.py:151} INFO - [2023-10-18T02:48:58.072+0000] {dag.py:3722} INFO - Setting next_dagrun for example_time_delta_sensor_async to None, run_after=None
[2023-10-18T02:48:58.082+0000] {processor.py:179} INFO - Processing /home/airflow/.local/lib/python3.8/site-packages/airflow/example_dags/example_time_delta_sensor_async.py took 0.038 seconds
[2023-10-18T02:49:28.187+0000] {processor.py:157} INFO - Started process (PID=4431) to work on /home/airflow/.local/lib/python3.8/site-packages/airflow/example_dags/example_time_delta_sensor_async.py
[2023-10-18T02:49:28.188+0000] {processor.py:829} INFO - Processing file /home/airflow/.local/lib/python3.8/site-packages/airflow/example_dags/example_time_delta_sensor_async.py for tasks to queue
[2023-10-18T02:49:28.188+0000] {logging_mixin.py:151} INFO - [2023-10-18T02:49:28.188+0000] {dagbag.py:536} INFO - Filling up the DagBag from /home/airflow/.local/lib/python3.8/site-packages/airflow/example_dags/example_time_delta_sensor_async.py
[2023-10-18T02:49:28.191+0000] {processor.py:839} INFO - DAG(s) dict_keys(['example_time_delta_sensor_async']) retrieved from /home/airflow/.local/lib/python3.8/site-packages/airflow/example_dags/example_time_delta_sensor_async.py
[2023-10-18T02:49:28.211+0000] {logging_mixin.py:151} INFO - [2023-10-18T02:49:28.211+0000] {dag.py:2941} INFO - Sync 1 DAGs
[2023-10-18T02:49:28.218+0000] {logging_mixin.py:151} INFO - [2023-10-18T02:49:28.218+0000] {dag.py:3722} INFO - Setting next_dagrun for example_time_delta_sensor_async to None, run_after=None
[2023-10-18T02:49:28.229+0000] {processor.py:179} INFO - Processing /home/airflow/.local/lib/python3.8/site-packages/airflow/example_dags/example_time_delta_sensor_async.py took 0.045 seconds
[2023-10-18T02:49:58.295+0000] {processor.py:157} INFO - Started process (PID=4669) to work on /home/airflow/.local/lib/python3.8/site-packages/airflow/example_dags/example_time_delta_sensor_async.py
[2023-10-18T02:49:58.296+0000] {processor.py:829} INFO - Processing file /home/airflow/.local/lib/python3.8/site-packages/airflow/example_dags/example_time_delta_sensor_async.py for tasks to queue
[2023-10-18T02:49:58.296+0000] {logging_mixin.py:151} INFO - [2023-10-18T02:49:58.296+0000] {dagbag.py:536} INFO - Filling up the DagBag from /home/airflow/.local/lib/python3.8/site-packages/airflow/example_dags/example_time_delta_sensor_async.py
[2023-10-18T02:49:58.300+0000] {processor.py:839} INFO - DAG(s) dict_keys(['example_time_delta_sensor_async']) retrieved from /home/airflow/.local/lib/python3.8/site-packages/airflow/example_dags/example_time_delta_sensor_async.py
[2023-10-18T02:49:58.315+0000] {logging_mixin.py:151} INFO - [2023-10-18T02:49:58.315+0000] {dag.py:2941} INFO - Sync 1 DAGs
[2023-10-18T02:49:58.322+0000] {logging_mixin.py:151} INFO - [2023-10-18T02:49:58.322+0000] {dag.py:3722} INFO - Setting next_dagrun for example_time_delta_sensor_async to None, run_after=None
[2023-10-18T02:49:58.332+0000] {processor.py:179} INFO - Processing /home/airflow/.local/lib/python3.8/site-packages/airflow/example_dags/example_time_delta_sensor_async.py took 0.039 seconds
[2023-10-18T02:50:28.364+0000] {processor.py:157} INFO - Started process (PID=4903) to work on /home/airflow/.local/lib/python3.8/site-packages/airflow/example_dags/example_time_delta_sensor_async.py
[2023-10-18T02:50:28.365+0000] {processor.py:829} INFO - Processing file /home/airflow/.local/lib/python3.8/site-packages/airflow/example_dags/example_time_delta_sensor_async.py for tasks to queue
[2023-10-18T02:50:28.366+0000] {logging_mixin.py:151} INFO - [2023-10-18T02:50:28.366+0000] {dagbag.py:536} INFO - Filling up the DagBag from /home/airflow/.local/lib/python3.8/site-packages/airflow/example_dags/example_time_delta_sensor_async.py
[2023-10-18T02:50:28.369+0000] {processor.py:839} INFO - DAG(s) dict_keys(['example_time_delta_sensor_async']) retrieved from /home/airflow/.local/lib/python3.8/site-packages/airflow/example_dags/example_time_delta_sensor_async.py
[2023-10-18T02:50:28.386+0000] {logging_mixin.py:151} INFO - [2023-10-18T02:50:28.386+0000] {dag.py:2941} INFO - Sync 1 DAGs
[2023-10-18T02:50:28.392+0000] {logging_mixin.py:151} INFO - [2023-10-18T02:50:28.392+0000] {dag.py:3722} INFO - Setting next_dagrun for example_time_delta_sensor_async to None, run_after=None
[2023-10-18T02:50:28.400+0000] {processor.py:179} INFO - Processing /home/airflow/.local/lib/python3.8/site-packages/airflow/example_dags/example_time_delta_sensor_async.py took 0.038 seconds
[2023-10-18T02:50:58.511+0000] {processor.py:157} INFO - Started process (PID=5141) to work on /home/airflow/.local/lib/python3.8/site-packages/airflow/example_dags/example_time_delta_sensor_async.py
[2023-10-18T02:50:58.512+0000] {processor.py:829} INFO - Processing file /home/airflow/.local/lib/python3.8/site-packages/airflow/example_dags/example_time_delta_sensor_async.py for tasks to queue
[2023-10-18T02:50:58.512+0000] {logging_mixin.py:151} INFO - [2023-10-18T02:50:58.512+0000] {dagbag.py:536} INFO - Filling up the DagBag from /home/airflow/.local/lib/python3.8/site-packages/airflow/example_dags/example_time_delta_sensor_async.py
[2023-10-18T02:50:58.516+0000] {processor.py:839} INFO - DAG(s) dict_keys(['example_time_delta_sensor_async']) retrieved from /home/airflow/.local/lib/python3.8/site-packages/airflow/example_dags/example_time_delta_sensor_async.py
[2023-10-18T02:50:58.536+0000] {logging_mixin.py:151} INFO - [2023-10-18T02:50:58.536+0000] {dag.py:2941} INFO - Sync 1 DAGs
[2023-10-18T02:50:58.543+0000] {logging_mixin.py:151} INFO - [2023-10-18T02:50:58.543+0000] {dag.py:3722} INFO - Setting next_dagrun for example_time_delta_sensor_async to None, run_after=None
[2023-10-18T02:50:58.553+0000] {processor.py:179} INFO - Processing /home/airflow/.local/lib/python3.8/site-packages/airflow/example_dags/example_time_delta_sensor_async.py took 0.045 seconds
[2023-10-18T02:51:28.659+0000] {processor.py:157} INFO - Started process (PID=5379) to work on /home/airflow/.local/lib/python3.8/site-packages/airflow/example_dags/example_time_delta_sensor_async.py
[2023-10-18T02:51:28.660+0000] {processor.py:829} INFO - Processing file /home/airflow/.local/lib/python3.8/site-packages/airflow/example_dags/example_time_delta_sensor_async.py for tasks to queue
[2023-10-18T02:51:28.660+0000] {logging_mixin.py:151} INFO - [2023-10-18T02:51:28.660+0000] {dagbag.py:536} INFO - Filling up the DagBag from /home/airflow/.local/lib/python3.8/site-packages/airflow/example_dags/example_time_delta_sensor_async.py
[2023-10-18T02:51:28.663+0000] {processor.py:839} INFO - DAG(s) dict_keys(['example_time_delta_sensor_async']) retrieved from /home/airflow/.local/lib/python3.8/site-packages/airflow/example_dags/example_time_delta_sensor_async.py
[2023-10-18T02:51:28.678+0000] {logging_mixin.py:151} INFO - [2023-10-18T02:51:28.678+0000] {dag.py:2941} INFO - Sync 1 DAGs
[2023-10-18T02:51:28.688+0000] {logging_mixin.py:151} INFO - [2023-10-18T02:51:28.688+0000] {dag.py:3722} INFO - Setting next_dagrun for example_time_delta_sensor_async to None, run_after=None
[2023-10-18T02:51:28.696+0000] {processor.py:179} INFO - Processing /home/airflow/.local/lib/python3.8/site-packages/airflow/example_dags/example_time_delta_sensor_async.py took 0.039 seconds
[2023-10-18T02:51:58.822+0000] {processor.py:157} INFO - Started process (PID=5616) to work on /home/airflow/.local/lib/python3.8/site-packages/airflow/example_dags/example_time_delta_sensor_async.py
[2023-10-18T02:51:58.822+0000] {processor.py:829} INFO - Processing file /home/airflow/.local/lib/python3.8/site-packages/airflow/example_dags/example_time_delta_sensor_async.py for tasks to queue
[2023-10-18T02:51:58.823+0000] {logging_mixin.py:151} INFO - [2023-10-18T02:51:58.822+0000] {dagbag.py:536} INFO - Filling up the DagBag from /home/airflow/.local/lib/python3.8/site-packages/airflow/example_dags/example_time_delta_sensor_async.py
[2023-10-18T02:51:58.826+0000] {processor.py:839} INFO - DAG(s) dict_keys(['example_time_delta_sensor_async']) retrieved from /home/airflow/.local/lib/python3.8/site-packages/airflow/example_dags/example_time_delta_sensor_async.py
[2023-10-18T02:51:58.844+0000] {logging_mixin.py:151} INFO - [2023-10-18T02:51:58.844+0000] {dag.py:2941} INFO - Sync 1 DAGs
[2023-10-18T02:51:58.851+0000] {logging_mixin.py:151} INFO - [2023-10-18T02:51:58.851+0000] {dag.py:3722} INFO - Setting next_dagrun for example_time_delta_sensor_async to None, run_after=None
[2023-10-18T02:51:58.860+0000] {processor.py:179} INFO - Processing /home/airflow/.local/lib/python3.8/site-packages/airflow/example_dags/example_time_delta_sensor_async.py took 0.041 seconds
[2023-10-18T02:52:29.826+0000] {processor.py:157} INFO - Started process (PID=5853) to work on /home/airflow/.local/lib/python3.8/site-packages/airflow/example_dags/example_time_delta_sensor_async.py
[2023-10-18T02:52:29.827+0000] {processor.py:829} INFO - Processing file /home/airflow/.local/lib/python3.8/site-packages/airflow/example_dags/example_time_delta_sensor_async.py for tasks to queue
[2023-10-18T02:52:29.828+0000] {logging_mixin.py:151} INFO - [2023-10-18T02:52:29.827+0000] {dagbag.py:536} INFO - Filling up the DagBag from /home/airflow/.local/lib/python3.8/site-packages/airflow/example_dags/example_time_delta_sensor_async.py
[2023-10-18T02:52:29.832+0000] {processor.py:839} INFO - DAG(s) dict_keys(['example_time_delta_sensor_async']) retrieved from /home/airflow/.local/lib/python3.8/site-packages/airflow/example_dags/example_time_delta_sensor_async.py
[2023-10-18T02:52:29.847+0000] {logging_mixin.py:151} INFO - [2023-10-18T02:52:29.847+0000] {dag.py:2941} INFO - Sync 1 DAGs
[2023-10-18T02:52:29.854+0000] {logging_mixin.py:151} INFO - [2023-10-18T02:52:29.854+0000] {dag.py:3722} INFO - Setting next_dagrun for example_time_delta_sensor_async to None, run_after=None
[2023-10-18T02:52:29.865+0000] {processor.py:179} INFO - Processing /home/airflow/.local/lib/python3.8/site-packages/airflow/example_dags/example_time_delta_sensor_async.py took 0.040 seconds
[2023-10-18T02:52:59.968+0000] {processor.py:157} INFO - Started process (PID=6091) to work on /home/airflow/.local/lib/python3.8/site-packages/airflow/example_dags/example_time_delta_sensor_async.py
[2023-10-18T02:52:59.969+0000] {processor.py:829} INFO - Processing file /home/airflow/.local/lib/python3.8/site-packages/airflow/example_dags/example_time_delta_sensor_async.py for tasks to queue
[2023-10-18T02:52:59.970+0000] {logging_mixin.py:151} INFO - [2023-10-18T02:52:59.970+0000] {dagbag.py:536} INFO - Filling up the DagBag from /home/airflow/.local/lib/python3.8/site-packages/airflow/example_dags/example_time_delta_sensor_async.py
[2023-10-18T02:52:59.973+0000] {processor.py:839} INFO - DAG(s) dict_keys(['example_time_delta_sensor_async']) retrieved from /home/airflow/.local/lib/python3.8/site-packages/airflow/example_dags/example_time_delta_sensor_async.py
[2023-10-18T02:52:59.989+0000] {logging_mixin.py:151} INFO - [2023-10-18T02:52:59.989+0000] {dag.py:2941} INFO - Sync 1 DAGs
[2023-10-18T02:52:59.996+0000] {logging_mixin.py:151} INFO - [2023-10-18T02:52:59.996+0000] {dag.py:3722} INFO - Setting next_dagrun for example_time_delta_sensor_async to None, run_after=None
[2023-10-18T02:53:00.005+0000] {processor.py:179} INFO - Processing /home/airflow/.local/lib/python3.8/site-packages/airflow/example_dags/example_time_delta_sensor_async.py took 0.039 seconds
[2023-10-18T02:53:30.108+0000] {processor.py:157} INFO - Started process (PID=6329) to work on /home/airflow/.local/lib/python3.8/site-packages/airflow/example_dags/example_time_delta_sensor_async.py
[2023-10-18T02:53:30.108+0000] {processor.py:829} INFO - Processing file /home/airflow/.local/lib/python3.8/site-packages/airflow/example_dags/example_time_delta_sensor_async.py for tasks to queue
[2023-10-18T02:53:30.109+0000] {logging_mixin.py:151} INFO - [2023-10-18T02:53:30.109+0000] {dagbag.py:536} INFO - Filling up the DagBag from /home/airflow/.local/lib/python3.8/site-packages/airflow/example_dags/example_time_delta_sensor_async.py
[2023-10-18T02:53:30.112+0000] {processor.py:839} INFO - DAG(s) dict_keys(['example_time_delta_sensor_async']) retrieved from /home/airflow/.local/lib/python3.8/site-packages/airflow/example_dags/example_time_delta_sensor_async.py
[2023-10-18T02:53:30.127+0000] {logging_mixin.py:151} INFO - [2023-10-18T02:53:30.127+0000] {dag.py:2941} INFO - Sync 1 DAGs
[2023-10-18T02:53:30.135+0000] {logging_mixin.py:151} INFO - [2023-10-18T02:53:30.135+0000] {dag.py:3722} INFO - Setting next_dagrun for example_time_delta_sensor_async to None, run_after=None
[2023-10-18T02:53:30.144+0000] {processor.py:179} INFO - Processing /home/airflow/.local/lib/python3.8/site-packages/airflow/example_dags/example_time_delta_sensor_async.py took 0.038 seconds
[2023-10-18T02:54:01.115+0000] {processor.py:157} INFO - Started process (PID=6567) to work on /home/airflow/.local/lib/python3.8/site-packages/airflow/example_dags/example_time_delta_sensor_async.py
[2023-10-18T02:54:01.116+0000] {processor.py:829} INFO - Processing file /home/airflow/.local/lib/python3.8/site-packages/airflow/example_dags/example_time_delta_sensor_async.py for tasks to queue
[2023-10-18T02:54:01.116+0000] {logging_mixin.py:151} INFO - [2023-10-18T02:54:01.116+0000] {dagbag.py:536} INFO - Filling up the DagBag from /home/airflow/.local/lib/python3.8/site-packages/airflow/example_dags/example_time_delta_sensor_async.py
[2023-10-18T02:54:01.119+0000] {processor.py:839} INFO - DAG(s) dict_keys(['example_time_delta_sensor_async']) retrieved from /home/airflow/.local/lib/python3.8/site-packages/airflow/example_dags/example_time_delta_sensor_async.py
[2023-10-18T02:54:01.134+0000] {logging_mixin.py:151} INFO - [2023-10-18T02:54:01.134+0000] {dag.py:2941} INFO - Sync 1 DAGs
[2023-10-18T02:54:01.140+0000] {logging_mixin.py:151} INFO - [2023-10-18T02:54:01.140+0000] {dag.py:3722} INFO - Setting next_dagrun for example_time_delta_sensor_async to None, run_after=None
[2023-10-18T02:54:01.149+0000] {processor.py:179} INFO - Processing /home/airflow/.local/lib/python3.8/site-packages/airflow/example_dags/example_time_delta_sensor_async.py took 0.036 seconds
