[2023-10-18T02:40:52.132+0000] {processor.py:157} INFO - Started process (PID=363) to work on /home/airflow/.local/lib/python3.8/site-packages/airflow/example_dags/example_branch_day_of_week_operator.py
[2023-10-18T02:40:52.132+0000] {processor.py:829} INFO - Processing file /home/airflow/.local/lib/python3.8/site-packages/airflow/example_dags/example_branch_day_of_week_operator.py for tasks to queue
[2023-10-18T02:40:52.133+0000] {logging_mixin.py:151} INFO - [2023-10-18T02:40:52.133+0000] {dagbag.py:536} INFO - Filling up the DagBag from /home/airflow/.local/lib/python3.8/site-packages/airflow/example_dags/example_branch_day_of_week_operator.py
[2023-10-18T02:40:52.139+0000] {processor.py:839} INFO - DAG(s) dict_keys(['example_weekday_branch_operator']) retrieved from /home/airflow/.local/lib/python3.8/site-packages/airflow/example_dags/example_branch_day_of_week_operator.py
[2023-10-18T02:40:52.148+0000] {logging_mixin.py:151} INFO - [2023-10-18T02:40:52.148+0000] {dag.py:2941} INFO - Sync 1 DAGs
[2023-10-18T02:40:52.165+0000] {logging_mixin.py:151} INFO - [2023-10-18T02:40:52.165+0000] {dag.py:3722} INFO - Setting next_dagrun for example_weekday_branch_operator to 2023-10-17T00:00:00+00:00, run_after=2023-10-18T00:00:00+00:00
[2023-10-18T02:40:52.181+0000] {processor.py:179} INFO - Processing /home/airflow/.local/lib/python3.8/site-packages/airflow/example_dags/example_branch_day_of_week_operator.py took 0.052 seconds
[2023-10-18T02:41:22.625+0000] {processor.py:157} INFO - Started process (PID=601) to work on /home/airflow/.local/lib/python3.8/site-packages/airflow/example_dags/example_branch_day_of_week_operator.py
[2023-10-18T02:41:22.625+0000] {processor.py:829} INFO - Processing file /home/airflow/.local/lib/python3.8/site-packages/airflow/example_dags/example_branch_day_of_week_operator.py for tasks to queue
[2023-10-18T02:41:22.626+0000] {logging_mixin.py:151} INFO - [2023-10-18T02:41:22.626+0000] {dagbag.py:536} INFO - Filling up the DagBag from /home/airflow/.local/lib/python3.8/site-packages/airflow/example_dags/example_branch_day_of_week_operator.py
[2023-10-18T02:41:22.631+0000] {processor.py:839} INFO - DAG(s) dict_keys(['example_weekday_branch_operator']) retrieved from /home/airflow/.local/lib/python3.8/site-packages/airflow/example_dags/example_branch_day_of_week_operator.py
[2023-10-18T02:41:22.648+0000] {logging_mixin.py:151} INFO - [2023-10-18T02:41:22.648+0000] {dag.py:2941} INFO - Sync 1 DAGs
[2023-10-18T02:41:22.660+0000] {logging_mixin.py:151} INFO - [2023-10-18T02:41:22.660+0000] {dag.py:3722} INFO - Setting next_dagrun for example_weekday_branch_operator to 2023-10-17T00:00:00+00:00, run_after=2023-10-18T00:00:00+00:00
[2023-10-18T02:41:22.668+0000] {processor.py:179} INFO - Processing /home/airflow/.local/lib/python3.8/site-packages/airflow/example_dags/example_branch_day_of_week_operator.py took 0.046 seconds
[2023-10-18T02:41:52.793+0000] {processor.py:157} INFO - Started process (PID=837) to work on /home/airflow/.local/lib/python3.8/site-packages/airflow/example_dags/example_branch_day_of_week_operator.py
[2023-10-18T02:41:52.793+0000] {processor.py:829} INFO - Processing file /home/airflow/.local/lib/python3.8/site-packages/airflow/example_dags/example_branch_day_of_week_operator.py for tasks to queue
[2023-10-18T02:41:52.794+0000] {logging_mixin.py:151} INFO - [2023-10-18T02:41:52.794+0000] {dagbag.py:536} INFO - Filling up the DagBag from /home/airflow/.local/lib/python3.8/site-packages/airflow/example_dags/example_branch_day_of_week_operator.py
[2023-10-18T02:41:52.798+0000] {processor.py:839} INFO - DAG(s) dict_keys(['example_weekday_branch_operator']) retrieved from /home/airflow/.local/lib/python3.8/site-packages/airflow/example_dags/example_branch_day_of_week_operator.py
[2023-10-18T02:41:52.815+0000] {logging_mixin.py:151} INFO - [2023-10-18T02:41:52.815+0000] {dag.py:2941} INFO - Sync 1 DAGs
[2023-10-18T02:41:52.828+0000] {logging_mixin.py:151} INFO - [2023-10-18T02:41:52.828+0000] {dag.py:3722} INFO - Setting next_dagrun for example_weekday_branch_operator to 2023-10-17T00:00:00+00:00, run_after=2023-10-18T00:00:00+00:00
[2023-10-18T02:41:52.837+0000] {processor.py:179} INFO - Processing /home/airflow/.local/lib/python3.8/site-packages/airflow/example_dags/example_branch_day_of_week_operator.py took 0.047 seconds
[2023-10-18T02:42:22.891+0000] {processor.py:157} INFO - Started process (PID=1075) to work on /home/airflow/.local/lib/python3.8/site-packages/airflow/example_dags/example_branch_day_of_week_operator.py
[2023-10-18T02:42:22.892+0000] {processor.py:829} INFO - Processing file /home/airflow/.local/lib/python3.8/site-packages/airflow/example_dags/example_branch_day_of_week_operator.py for tasks to queue
[2023-10-18T02:42:22.893+0000] {logging_mixin.py:151} INFO - [2023-10-18T02:42:22.892+0000] {dagbag.py:536} INFO - Filling up the DagBag from /home/airflow/.local/lib/python3.8/site-packages/airflow/example_dags/example_branch_day_of_week_operator.py
[2023-10-18T02:42:22.897+0000] {processor.py:839} INFO - DAG(s) dict_keys(['example_weekday_branch_operator']) retrieved from /home/airflow/.local/lib/python3.8/site-packages/airflow/example_dags/example_branch_day_of_week_operator.py
[2023-10-18T02:42:22.915+0000] {logging_mixin.py:151} INFO - [2023-10-18T02:42:22.915+0000] {dag.py:2941} INFO - Sync 1 DAGs
[2023-10-18T02:42:22.928+0000] {logging_mixin.py:151} INFO - [2023-10-18T02:42:22.928+0000] {dag.py:3722} INFO - Setting next_dagrun for example_weekday_branch_operator to 2023-10-17T00:00:00+00:00, run_after=2023-10-18T00:00:00+00:00
[2023-10-18T02:42:22.940+0000] {processor.py:179} INFO - Processing /home/airflow/.local/lib/python3.8/site-packages/airflow/example_dags/example_branch_day_of_week_operator.py took 0.051 seconds
[2023-10-18T02:42:53.779+0000] {processor.py:157} INFO - Started process (PID=1363) to work on /home/airflow/.local/lib/python3.8/site-packages/airflow/example_dags/example_branch_day_of_week_operator.py
[2023-10-18T02:42:53.780+0000] {processor.py:829} INFO - Processing file /home/airflow/.local/lib/python3.8/site-packages/airflow/example_dags/example_branch_day_of_week_operator.py for tasks to queue
[2023-10-18T02:42:53.780+0000] {logging_mixin.py:151} INFO - [2023-10-18T02:42:53.780+0000] {dagbag.py:536} INFO - Filling up the DagBag from /home/airflow/.local/lib/python3.8/site-packages/airflow/example_dags/example_branch_day_of_week_operator.py
[2023-10-18T02:42:53.785+0000] {processor.py:839} INFO - DAG(s) dict_keys(['example_weekday_branch_operator']) retrieved from /home/airflow/.local/lib/python3.8/site-packages/airflow/example_dags/example_branch_day_of_week_operator.py
[2023-10-18T02:42:53.801+0000] {logging_mixin.py:151} INFO - [2023-10-18T02:42:53.801+0000] {dag.py:2941} INFO - Sync 1 DAGs
[2023-10-18T02:42:53.812+0000] {logging_mixin.py:151} INFO - [2023-10-18T02:42:53.812+0000] {dag.py:3722} INFO - Setting next_dagrun for example_weekday_branch_operator to 2023-10-17T00:00:00+00:00, run_after=2023-10-18T00:00:00+00:00
[2023-10-18T02:42:53.821+0000] {processor.py:179} INFO - Processing /home/airflow/.local/lib/python3.8/site-packages/airflow/example_dags/example_branch_day_of_week_operator.py took 0.044 seconds
[2023-10-18T02:43:23.996+0000] {processor.py:157} INFO - Started process (PID=1599) to work on /home/airflow/.local/lib/python3.8/site-packages/airflow/example_dags/example_branch_day_of_week_operator.py
[2023-10-18T02:43:23.997+0000] {processor.py:829} INFO - Processing file /home/airflow/.local/lib/python3.8/site-packages/airflow/example_dags/example_branch_day_of_week_operator.py for tasks to queue
[2023-10-18T02:43:23.997+0000] {logging_mixin.py:151} INFO - [2023-10-18T02:43:23.997+0000] {dagbag.py:536} INFO - Filling up the DagBag from /home/airflow/.local/lib/python3.8/site-packages/airflow/example_dags/example_branch_day_of_week_operator.py
[2023-10-18T02:43:24.002+0000] {processor.py:839} INFO - DAG(s) dict_keys(['example_weekday_branch_operator']) retrieved from /home/airflow/.local/lib/python3.8/site-packages/airflow/example_dags/example_branch_day_of_week_operator.py
[2023-10-18T02:43:24.016+0000] {logging_mixin.py:151} INFO - [2023-10-18T02:43:24.016+0000] {dag.py:2941} INFO - Sync 1 DAGs
[2023-10-18T02:43:24.027+0000] {logging_mixin.py:151} INFO - [2023-10-18T02:43:24.027+0000] {dag.py:3722} INFO - Setting next_dagrun for example_weekday_branch_operator to 2023-10-17T00:00:00+00:00, run_after=2023-10-18T00:00:00+00:00
[2023-10-18T02:43:24.035+0000] {processor.py:179} INFO - Processing /home/airflow/.local/lib/python3.8/site-packages/airflow/example_dags/example_branch_day_of_week_operator.py took 0.042 seconds
[2023-10-18T02:43:54.060+0000] {processor.py:157} INFO - Started process (PID=1836) to work on /home/airflow/.local/lib/python3.8/site-packages/airflow/example_dags/example_branch_day_of_week_operator.py
[2023-10-18T02:43:54.061+0000] {processor.py:829} INFO - Processing file /home/airflow/.local/lib/python3.8/site-packages/airflow/example_dags/example_branch_day_of_week_operator.py for tasks to queue
[2023-10-18T02:43:54.061+0000] {logging_mixin.py:151} INFO - [2023-10-18T02:43:54.061+0000] {dagbag.py:536} INFO - Filling up the DagBag from /home/airflow/.local/lib/python3.8/site-packages/airflow/example_dags/example_branch_day_of_week_operator.py
[2023-10-18T02:43:54.066+0000] {processor.py:839} INFO - DAG(s) dict_keys(['example_weekday_branch_operator']) retrieved from /home/airflow/.local/lib/python3.8/site-packages/airflow/example_dags/example_branch_day_of_week_operator.py
[2023-10-18T02:43:54.081+0000] {logging_mixin.py:151} INFO - [2023-10-18T02:43:54.081+0000] {dag.py:2941} INFO - Sync 1 DAGs
[2023-10-18T02:43:54.094+0000] {logging_mixin.py:151} INFO - [2023-10-18T02:43:54.094+0000] {dag.py:3722} INFO - Setting next_dagrun for example_weekday_branch_operator to 2023-10-17T00:00:00+00:00, run_after=2023-10-18T00:00:00+00:00
[2023-10-18T02:43:54.104+0000] {processor.py:179} INFO - Processing /home/airflow/.local/lib/python3.8/site-packages/airflow/example_dags/example_branch_day_of_week_operator.py took 0.046 seconds
[2023-10-18T02:44:25.016+0000] {processor.py:157} INFO - Started process (PID=2075) to work on /home/airflow/.local/lib/python3.8/site-packages/airflow/example_dags/example_branch_day_of_week_operator.py
[2023-10-18T02:44:25.016+0000] {processor.py:829} INFO - Processing file /home/airflow/.local/lib/python3.8/site-packages/airflow/example_dags/example_branch_day_of_week_operator.py for tasks to queue
[2023-10-18T02:44:25.017+0000] {logging_mixin.py:151} INFO - [2023-10-18T02:44:25.017+0000] {dagbag.py:536} INFO - Filling up the DagBag from /home/airflow/.local/lib/python3.8/site-packages/airflow/example_dags/example_branch_day_of_week_operator.py
[2023-10-18T02:44:25.021+0000] {processor.py:839} INFO - DAG(s) dict_keys(['example_weekday_branch_operator']) retrieved from /home/airflow/.local/lib/python3.8/site-packages/airflow/example_dags/example_branch_day_of_week_operator.py
[2023-10-18T02:44:25.036+0000] {logging_mixin.py:151} INFO - [2023-10-18T02:44:25.036+0000] {dag.py:2941} INFO - Sync 1 DAGs
[2023-10-18T02:44:25.047+0000] {logging_mixin.py:151} INFO - [2023-10-18T02:44:25.047+0000] {dag.py:3722} INFO - Setting next_dagrun for example_weekday_branch_operator to 2023-10-17T00:00:00+00:00, run_after=2023-10-18T00:00:00+00:00
[2023-10-18T02:44:25.057+0000] {processor.py:179} INFO - Processing /home/airflow/.local/lib/python3.8/site-packages/airflow/example_dags/example_branch_day_of_week_operator.py took 0.044 seconds
[2023-10-18T02:44:55.097+0000] {processor.py:157} INFO - Started process (PID=2314) to work on /home/airflow/.local/lib/python3.8/site-packages/airflow/example_dags/example_branch_day_of_week_operator.py
[2023-10-18T02:44:55.098+0000] {processor.py:829} INFO - Processing file /home/airflow/.local/lib/python3.8/site-packages/airflow/example_dags/example_branch_day_of_week_operator.py for tasks to queue
[2023-10-18T02:44:55.099+0000] {logging_mixin.py:151} INFO - [2023-10-18T02:44:55.098+0000] {dagbag.py:536} INFO - Filling up the DagBag from /home/airflow/.local/lib/python3.8/site-packages/airflow/example_dags/example_branch_day_of_week_operator.py
[2023-10-18T02:44:55.103+0000] {processor.py:839} INFO - DAG(s) dict_keys(['example_weekday_branch_operator']) retrieved from /home/airflow/.local/lib/python3.8/site-packages/airflow/example_dags/example_branch_day_of_week_operator.py
[2023-10-18T02:44:55.121+0000] {logging_mixin.py:151} INFO - [2023-10-18T02:44:55.121+0000] {dag.py:2941} INFO - Sync 1 DAGs
[2023-10-18T02:44:55.133+0000] {logging_mixin.py:151} INFO - [2023-10-18T02:44:55.133+0000] {dag.py:3722} INFO - Setting next_dagrun for example_weekday_branch_operator to 2023-10-17T00:00:00+00:00, run_after=2023-10-18T00:00:00+00:00
[2023-10-18T02:44:55.142+0000] {processor.py:179} INFO - Processing /home/airflow/.local/lib/python3.8/site-packages/airflow/example_dags/example_branch_day_of_week_operator.py took 0.046 seconds
[2023-10-18T02:45:25.431+0000] {processor.py:157} INFO - Started process (PID=2552) to work on /home/airflow/.local/lib/python3.8/site-packages/airflow/example_dags/example_branch_day_of_week_operator.py
[2023-10-18T02:45:25.432+0000] {processor.py:829} INFO - Processing file /home/airflow/.local/lib/python3.8/site-packages/airflow/example_dags/example_branch_day_of_week_operator.py for tasks to queue
[2023-10-18T02:45:25.432+0000] {logging_mixin.py:151} INFO - [2023-10-18T02:45:25.432+0000] {dagbag.py:536} INFO - Filling up the DagBag from /home/airflow/.local/lib/python3.8/site-packages/airflow/example_dags/example_branch_day_of_week_operator.py
[2023-10-18T02:45:25.437+0000] {processor.py:839} INFO - DAG(s) dict_keys(['example_weekday_branch_operator']) retrieved from /home/airflow/.local/lib/python3.8/site-packages/airflow/example_dags/example_branch_day_of_week_operator.py
[2023-10-18T02:45:25.452+0000] {logging_mixin.py:151} INFO - [2023-10-18T02:45:25.452+0000] {dag.py:2941} INFO - Sync 1 DAGs
[2023-10-18T02:45:25.465+0000] {logging_mixin.py:151} INFO - [2023-10-18T02:45:25.465+0000] {dag.py:3722} INFO - Setting next_dagrun for example_weekday_branch_operator to 2023-10-17T00:00:00+00:00, run_after=2023-10-18T00:00:00+00:00
[2023-10-18T02:45:25.473+0000] {processor.py:179} INFO - Processing /home/airflow/.local/lib/python3.8/site-packages/airflow/example_dags/example_branch_day_of_week_operator.py took 0.044 seconds
[2023-10-18T02:45:55.666+0000] {processor.py:157} INFO - Started process (PID=2790) to work on /home/airflow/.local/lib/python3.8/site-packages/airflow/example_dags/example_branch_day_of_week_operator.py
[2023-10-18T02:45:55.667+0000] {processor.py:829} INFO - Processing file /home/airflow/.local/lib/python3.8/site-packages/airflow/example_dags/example_branch_day_of_week_operator.py for tasks to queue
[2023-10-18T02:45:55.668+0000] {logging_mixin.py:151} INFO - [2023-10-18T02:45:55.667+0000] {dagbag.py:536} INFO - Filling up the DagBag from /home/airflow/.local/lib/python3.8/site-packages/airflow/example_dags/example_branch_day_of_week_operator.py
[2023-10-18T02:45:55.673+0000] {processor.py:839} INFO - DAG(s) dict_keys(['example_weekday_branch_operator']) retrieved from /home/airflow/.local/lib/python3.8/site-packages/airflow/example_dags/example_branch_day_of_week_operator.py
[2023-10-18T02:45:55.694+0000] {logging_mixin.py:151} INFO - [2023-10-18T02:45:55.694+0000] {dag.py:2941} INFO - Sync 1 DAGs
[2023-10-18T02:45:55.707+0000] {logging_mixin.py:151} INFO - [2023-10-18T02:45:55.707+0000] {dag.py:3722} INFO - Setting next_dagrun for example_weekday_branch_operator to 2023-10-17T00:00:00+00:00, run_after=2023-10-18T00:00:00+00:00
[2023-10-18T02:45:55.722+0000] {processor.py:179} INFO - Processing /home/airflow/.local/lib/python3.8/site-packages/airflow/example_dags/example_branch_day_of_week_operator.py took 0.059 seconds
[2023-10-18T02:46:26.669+0000] {processor.py:157} INFO - Started process (PID=3028) to work on /home/airflow/.local/lib/python3.8/site-packages/airflow/example_dags/example_branch_day_of_week_operator.py
[2023-10-18T02:46:26.669+0000] {processor.py:829} INFO - Processing file /home/airflow/.local/lib/python3.8/site-packages/airflow/example_dags/example_branch_day_of_week_operator.py for tasks to queue
[2023-10-18T02:46:26.670+0000] {logging_mixin.py:151} INFO - [2023-10-18T02:46:26.669+0000] {dagbag.py:536} INFO - Filling up the DagBag from /home/airflow/.local/lib/python3.8/site-packages/airflow/example_dags/example_branch_day_of_week_operator.py
[2023-10-18T02:46:26.675+0000] {processor.py:839} INFO - DAG(s) dict_keys(['example_weekday_branch_operator']) retrieved from /home/airflow/.local/lib/python3.8/site-packages/airflow/example_dags/example_branch_day_of_week_operator.py
[2023-10-18T02:46:26.691+0000] {logging_mixin.py:151} INFO - [2023-10-18T02:46:26.691+0000] {dag.py:2941} INFO - Sync 1 DAGs
[2023-10-18T02:46:26.704+0000] {logging_mixin.py:151} INFO - [2023-10-18T02:46:26.704+0000] {dag.py:3722} INFO - Setting next_dagrun for example_weekday_branch_operator to 2023-10-17T00:00:00+00:00, run_after=2023-10-18T00:00:00+00:00
[2023-10-18T02:46:26.712+0000] {processor.py:179} INFO - Processing /home/airflow/.local/lib/python3.8/site-packages/airflow/example_dags/example_branch_day_of_week_operator.py took 0.049 seconds
[2023-10-18T02:46:56.768+0000] {processor.py:157} INFO - Started process (PID=3268) to work on /home/airflow/.local/lib/python3.8/site-packages/airflow/example_dags/example_branch_day_of_week_operator.py
[2023-10-18T02:46:56.769+0000] {processor.py:829} INFO - Processing file /home/airflow/.local/lib/python3.8/site-packages/airflow/example_dags/example_branch_day_of_week_operator.py for tasks to queue
[2023-10-18T02:46:56.769+0000] {logging_mixin.py:151} INFO - [2023-10-18T02:46:56.769+0000] {dagbag.py:536} INFO - Filling up the DagBag from /home/airflow/.local/lib/python3.8/site-packages/airflow/example_dags/example_branch_day_of_week_operator.py
[2023-10-18T02:46:56.774+0000] {processor.py:839} INFO - DAG(s) dict_keys(['example_weekday_branch_operator']) retrieved from /home/airflow/.local/lib/python3.8/site-packages/airflow/example_dags/example_branch_day_of_week_operator.py
[2023-10-18T02:46:56.790+0000] {logging_mixin.py:151} INFO - [2023-10-18T02:46:56.789+0000] {dag.py:2941} INFO - Sync 1 DAGs
[2023-10-18T02:46:56.801+0000] {logging_mixin.py:151} INFO - [2023-10-18T02:46:56.801+0000] {dag.py:3722} INFO - Setting next_dagrun for example_weekday_branch_operator to 2023-10-17T00:00:00+00:00, run_after=2023-10-18T00:00:00+00:00
[2023-10-18T02:46:56.810+0000] {processor.py:179} INFO - Processing /home/airflow/.local/lib/python3.8/site-packages/airflow/example_dags/example_branch_day_of_week_operator.py took 0.044 seconds
[2023-10-18T02:47:27.713+0000] {processor.py:157} INFO - Started process (PID=3504) to work on /home/airflow/.local/lib/python3.8/site-packages/airflow/example_dags/example_branch_day_of_week_operator.py
[2023-10-18T02:47:27.713+0000] {processor.py:829} INFO - Processing file /home/airflow/.local/lib/python3.8/site-packages/airflow/example_dags/example_branch_day_of_week_operator.py for tasks to queue
[2023-10-18T02:47:27.714+0000] {logging_mixin.py:151} INFO - [2023-10-18T02:47:27.714+0000] {dagbag.py:536} INFO - Filling up the DagBag from /home/airflow/.local/lib/python3.8/site-packages/airflow/example_dags/example_branch_day_of_week_operator.py
[2023-10-18T02:47:27.719+0000] {processor.py:839} INFO - DAG(s) dict_keys(['example_weekday_branch_operator']) retrieved from /home/airflow/.local/lib/python3.8/site-packages/airflow/example_dags/example_branch_day_of_week_operator.py
[2023-10-18T02:47:27.734+0000] {logging_mixin.py:151} INFO - [2023-10-18T02:47:27.734+0000] {dag.py:2941} INFO - Sync 1 DAGs
[2023-10-18T02:47:27.746+0000] {logging_mixin.py:151} INFO - [2023-10-18T02:47:27.746+0000] {dag.py:3722} INFO - Setting next_dagrun for example_weekday_branch_operator to 2023-10-17T00:00:00+00:00, run_after=2023-10-18T00:00:00+00:00
[2023-10-18T02:47:27.755+0000] {processor.py:179} INFO - Processing /home/airflow/.local/lib/python3.8/site-packages/airflow/example_dags/example_branch_day_of_week_operator.py took 0.044 seconds
[2023-10-18T02:47:57.886+0000] {processor.py:157} INFO - Started process (PID=3742) to work on /home/airflow/.local/lib/python3.8/site-packages/airflow/example_dags/example_branch_day_of_week_operator.py
[2023-10-18T02:47:57.886+0000] {processor.py:829} INFO - Processing file /home/airflow/.local/lib/python3.8/site-packages/airflow/example_dags/example_branch_day_of_week_operator.py for tasks to queue
[2023-10-18T02:47:57.887+0000] {logging_mixin.py:151} INFO - [2023-10-18T02:47:57.887+0000] {dagbag.py:536} INFO - Filling up the DagBag from /home/airflow/.local/lib/python3.8/site-packages/airflow/example_dags/example_branch_day_of_week_operator.py
[2023-10-18T02:47:57.892+0000] {processor.py:839} INFO - DAG(s) dict_keys(['example_weekday_branch_operator']) retrieved from /home/airflow/.local/lib/python3.8/site-packages/airflow/example_dags/example_branch_day_of_week_operator.py
[2023-10-18T02:47:57.908+0000] {logging_mixin.py:151} INFO - [2023-10-18T02:47:57.908+0000] {dag.py:2941} INFO - Sync 1 DAGs
[2023-10-18T02:47:57.920+0000] {logging_mixin.py:151} INFO - [2023-10-18T02:47:57.920+0000] {dag.py:3722} INFO - Setting next_dagrun for example_weekday_branch_operator to 2023-10-17T00:00:00+00:00, run_after=2023-10-18T00:00:00+00:00
[2023-10-18T02:47:57.929+0000] {processor.py:179} INFO - Processing /home/airflow/.local/lib/python3.8/site-packages/airflow/example_dags/example_branch_day_of_week_operator.py took 0.046 seconds
[2023-10-18T02:48:28.028+0000] {processor.py:157} INFO - Started process (PID=3980) to work on /home/airflow/.local/lib/python3.8/site-packages/airflow/example_dags/example_branch_day_of_week_operator.py
[2023-10-18T02:48:28.028+0000] {processor.py:829} INFO - Processing file /home/airflow/.local/lib/python3.8/site-packages/airflow/example_dags/example_branch_day_of_week_operator.py for tasks to queue
[2023-10-18T02:48:28.029+0000] {logging_mixin.py:151} INFO - [2023-10-18T02:48:28.029+0000] {dagbag.py:536} INFO - Filling up the DagBag from /home/airflow/.local/lib/python3.8/site-packages/airflow/example_dags/example_branch_day_of_week_operator.py
[2023-10-18T02:48:28.034+0000] {processor.py:839} INFO - DAG(s) dict_keys(['example_weekday_branch_operator']) retrieved from /home/airflow/.local/lib/python3.8/site-packages/airflow/example_dags/example_branch_day_of_week_operator.py
[2023-10-18T02:48:28.049+0000] {logging_mixin.py:151} INFO - [2023-10-18T02:48:28.049+0000] {dag.py:2941} INFO - Sync 1 DAGs
[2023-10-18T02:48:28.062+0000] {logging_mixin.py:151} INFO - [2023-10-18T02:48:28.062+0000] {dag.py:3722} INFO - Setting next_dagrun for example_weekday_branch_operator to 2023-10-17T00:00:00+00:00, run_after=2023-10-18T00:00:00+00:00
[2023-10-18T02:48:28.070+0000] {processor.py:179} INFO - Processing /home/airflow/.local/lib/python3.8/site-packages/airflow/example_dags/example_branch_day_of_week_operator.py took 0.045 seconds
[2023-10-18T02:48:58.210+0000] {processor.py:157} INFO - Started process (PID=4218) to work on /home/airflow/.local/lib/python3.8/site-packages/airflow/example_dags/example_branch_day_of_week_operator.py
[2023-10-18T02:48:58.210+0000] {processor.py:829} INFO - Processing file /home/airflow/.local/lib/python3.8/site-packages/airflow/example_dags/example_branch_day_of_week_operator.py for tasks to queue
[2023-10-18T02:48:58.211+0000] {logging_mixin.py:151} INFO - [2023-10-18T02:48:58.211+0000] {dagbag.py:536} INFO - Filling up the DagBag from /home/airflow/.local/lib/python3.8/site-packages/airflow/example_dags/example_branch_day_of_week_operator.py
[2023-10-18T02:48:58.216+0000] {processor.py:839} INFO - DAG(s) dict_keys(['example_weekday_branch_operator']) retrieved from /home/airflow/.local/lib/python3.8/site-packages/airflow/example_dags/example_branch_day_of_week_operator.py
[2023-10-18T02:48:58.232+0000] {logging_mixin.py:151} INFO - [2023-10-18T02:48:58.232+0000] {dag.py:2941} INFO - Sync 1 DAGs
[2023-10-18T02:48:58.244+0000] {logging_mixin.py:151} INFO - [2023-10-18T02:48:58.244+0000] {dag.py:3722} INFO - Setting next_dagrun for example_weekday_branch_operator to 2023-10-17T00:00:00+00:00, run_after=2023-10-18T00:00:00+00:00
[2023-10-18T02:48:58.253+0000] {processor.py:179} INFO - Processing /home/airflow/.local/lib/python3.8/site-packages/airflow/example_dags/example_branch_day_of_week_operator.py took 0.046 seconds
[2023-10-18T02:49:28.356+0000] {processor.py:157} INFO - Started process (PID=4456) to work on /home/airflow/.local/lib/python3.8/site-packages/airflow/example_dags/example_branch_day_of_week_operator.py
[2023-10-18T02:49:28.357+0000] {processor.py:829} INFO - Processing file /home/airflow/.local/lib/python3.8/site-packages/airflow/example_dags/example_branch_day_of_week_operator.py for tasks to queue
[2023-10-18T02:49:28.358+0000] {logging_mixin.py:151} INFO - [2023-10-18T02:49:28.357+0000] {dagbag.py:536} INFO - Filling up the DagBag from /home/airflow/.local/lib/python3.8/site-packages/airflow/example_dags/example_branch_day_of_week_operator.py
[2023-10-18T02:49:28.363+0000] {processor.py:839} INFO - DAG(s) dict_keys(['example_weekday_branch_operator']) retrieved from /home/airflow/.local/lib/python3.8/site-packages/airflow/example_dags/example_branch_day_of_week_operator.py
[2023-10-18T02:49:28.378+0000] {logging_mixin.py:151} INFO - [2023-10-18T02:49:28.378+0000] {dag.py:2941} INFO - Sync 1 DAGs
[2023-10-18T02:49:28.391+0000] {logging_mixin.py:151} INFO - [2023-10-18T02:49:28.391+0000] {dag.py:3722} INFO - Setting next_dagrun for example_weekday_branch_operator to 2023-10-17T00:00:00+00:00, run_after=2023-10-18T00:00:00+00:00
[2023-10-18T02:49:28.400+0000] {processor.py:179} INFO - Processing /home/airflow/.local/lib/python3.8/site-packages/airflow/example_dags/example_branch_day_of_week_operator.py took 0.046 seconds
[2023-10-18T02:49:58.478+0000] {processor.py:157} INFO - Started process (PID=4694) to work on /home/airflow/.local/lib/python3.8/site-packages/airflow/example_dags/example_branch_day_of_week_operator.py
[2023-10-18T02:49:58.478+0000] {processor.py:829} INFO - Processing file /home/airflow/.local/lib/python3.8/site-packages/airflow/example_dags/example_branch_day_of_week_operator.py for tasks to queue
[2023-10-18T02:49:58.479+0000] {logging_mixin.py:151} INFO - [2023-10-18T02:49:58.479+0000] {dagbag.py:536} INFO - Filling up the DagBag from /home/airflow/.local/lib/python3.8/site-packages/airflow/example_dags/example_branch_day_of_week_operator.py
[2023-10-18T02:49:58.483+0000] {processor.py:839} INFO - DAG(s) dict_keys(['example_weekday_branch_operator']) retrieved from /home/airflow/.local/lib/python3.8/site-packages/airflow/example_dags/example_branch_day_of_week_operator.py
[2023-10-18T02:49:58.498+0000] {logging_mixin.py:151} INFO - [2023-10-18T02:49:58.497+0000] {dag.py:2941} INFO - Sync 1 DAGs
[2023-10-18T02:49:58.512+0000] {logging_mixin.py:151} INFO - [2023-10-18T02:49:58.512+0000] {dag.py:3722} INFO - Setting next_dagrun for example_weekday_branch_operator to 2023-10-17T00:00:00+00:00, run_after=2023-10-18T00:00:00+00:00
[2023-10-18T02:49:58.521+0000] {processor.py:179} INFO - Processing /home/airflow/.local/lib/python3.8/site-packages/airflow/example_dags/example_branch_day_of_week_operator.py took 0.046 seconds
[2023-10-18T02:50:28.647+0000] {processor.py:157} INFO - Started process (PID=4933) to work on /home/airflow/.local/lib/python3.8/site-packages/airflow/example_dags/example_branch_day_of_week_operator.py
[2023-10-18T02:50:28.648+0000] {processor.py:829} INFO - Processing file /home/airflow/.local/lib/python3.8/site-packages/airflow/example_dags/example_branch_day_of_week_operator.py for tasks to queue
[2023-10-18T02:50:28.649+0000] {logging_mixin.py:151} INFO - [2023-10-18T02:50:28.649+0000] {dagbag.py:536} INFO - Filling up the DagBag from /home/airflow/.local/lib/python3.8/site-packages/airflow/example_dags/example_branch_day_of_week_operator.py
[2023-10-18T02:50:28.654+0000] {processor.py:839} INFO - DAG(s) dict_keys(['example_weekday_branch_operator']) retrieved from /home/airflow/.local/lib/python3.8/site-packages/airflow/example_dags/example_branch_day_of_week_operator.py
[2023-10-18T02:50:28.674+0000] {logging_mixin.py:151} INFO - [2023-10-18T02:50:28.673+0000] {dag.py:2941} INFO - Sync 1 DAGs
[2023-10-18T02:50:28.687+0000] {logging_mixin.py:151} INFO - [2023-10-18T02:50:28.687+0000] {dag.py:3722} INFO - Setting next_dagrun for example_weekday_branch_operator to 2023-10-17T00:00:00+00:00, run_after=2023-10-18T00:00:00+00:00
[2023-10-18T02:50:28.698+0000] {processor.py:179} INFO - Processing /home/airflow/.local/lib/python3.8/site-packages/airflow/example_dags/example_branch_day_of_week_operator.py took 0.053 seconds
[2023-10-18T02:50:58.835+0000] {processor.py:157} INFO - Started process (PID=5173) to work on /home/airflow/.local/lib/python3.8/site-packages/airflow/example_dags/example_branch_day_of_week_operator.py
[2023-10-18T02:50:58.835+0000] {processor.py:829} INFO - Processing file /home/airflow/.local/lib/python3.8/site-packages/airflow/example_dags/example_branch_day_of_week_operator.py for tasks to queue
[2023-10-18T02:50:58.836+0000] {logging_mixin.py:151} INFO - [2023-10-18T02:50:58.836+0000] {dagbag.py:536} INFO - Filling up the DagBag from /home/airflow/.local/lib/python3.8/site-packages/airflow/example_dags/example_branch_day_of_week_operator.py
[2023-10-18T02:50:58.841+0000] {processor.py:839} INFO - DAG(s) dict_keys(['example_weekday_branch_operator']) retrieved from /home/airflow/.local/lib/python3.8/site-packages/airflow/example_dags/example_branch_day_of_week_operator.py
[2023-10-18T02:50:58.858+0000] {logging_mixin.py:151} INFO - [2023-10-18T02:50:58.858+0000] {dag.py:2941} INFO - Sync 1 DAGs
[2023-10-18T02:50:58.870+0000] {logging_mixin.py:151} INFO - [2023-10-18T02:50:58.870+0000] {dag.py:3722} INFO - Setting next_dagrun for example_weekday_branch_operator to 2023-10-17T00:00:00+00:00, run_after=2023-10-18T00:00:00+00:00
[2023-10-18T02:50:58.878+0000] {processor.py:179} INFO - Processing /home/airflow/.local/lib/python3.8/site-packages/airflow/example_dags/example_branch_day_of_week_operator.py took 0.045 seconds
[2023-10-18T02:51:29.858+0000] {processor.py:157} INFO - Started process (PID=5409) to work on /home/airflow/.local/lib/python3.8/site-packages/airflow/example_dags/example_branch_day_of_week_operator.py
[2023-10-18T02:51:29.859+0000] {processor.py:829} INFO - Processing file /home/airflow/.local/lib/python3.8/site-packages/airflow/example_dags/example_branch_day_of_week_operator.py for tasks to queue
[2023-10-18T02:51:29.860+0000] {logging_mixin.py:151} INFO - [2023-10-18T02:51:29.860+0000] {dagbag.py:536} INFO - Filling up the DagBag from /home/airflow/.local/lib/python3.8/site-packages/airflow/example_dags/example_branch_day_of_week_operator.py
[2023-10-18T02:51:29.868+0000] {processor.py:839} INFO - DAG(s) dict_keys(['example_weekday_branch_operator']) retrieved from /home/airflow/.local/lib/python3.8/site-packages/airflow/example_dags/example_branch_day_of_week_operator.py
[2023-10-18T02:51:29.888+0000] {logging_mixin.py:151} INFO - [2023-10-18T02:51:29.888+0000] {dag.py:2941} INFO - Sync 1 DAGs
[2023-10-18T02:51:29.901+0000] {logging_mixin.py:151} INFO - [2023-10-18T02:51:29.901+0000] {dag.py:3722} INFO - Setting next_dagrun for example_weekday_branch_operator to 2023-10-17T00:00:00+00:00, run_after=2023-10-18T00:00:00+00:00
[2023-10-18T02:51:29.911+0000] {processor.py:179} INFO - Processing /home/airflow/.local/lib/python3.8/site-packages/airflow/example_dags/example_branch_day_of_week_operator.py took 0.056 seconds
[2023-10-18T02:51:59.983+0000] {processor.py:157} INFO - Started process (PID=5643) to work on /home/airflow/.local/lib/python3.8/site-packages/airflow/example_dags/example_branch_day_of_week_operator.py
[2023-10-18T02:51:59.984+0000] {processor.py:829} INFO - Processing file /home/airflow/.local/lib/python3.8/site-packages/airflow/example_dags/example_branch_day_of_week_operator.py for tasks to queue
[2023-10-18T02:51:59.985+0000] {logging_mixin.py:151} INFO - [2023-10-18T02:51:59.984+0000] {dagbag.py:536} INFO - Filling up the DagBag from /home/airflow/.local/lib/python3.8/site-packages/airflow/example_dags/example_branch_day_of_week_operator.py
[2023-10-18T02:51:59.992+0000] {processor.py:839} INFO - DAG(s) dict_keys(['example_weekday_branch_operator']) retrieved from /home/airflow/.local/lib/python3.8/site-packages/airflow/example_dags/example_branch_day_of_week_operator.py
[2023-10-18T02:52:00.011+0000] {logging_mixin.py:151} INFO - [2023-10-18T02:52:00.011+0000] {dag.py:2941} INFO - Sync 1 DAGs
[2023-10-18T02:52:00.025+0000] {logging_mixin.py:151} INFO - [2023-10-18T02:52:00.025+0000] {dag.py:3722} INFO - Setting next_dagrun for example_weekday_branch_operator to 2023-10-17T00:00:00+00:00, run_after=2023-10-18T00:00:00+00:00
[2023-10-18T02:52:00.034+0000] {processor.py:179} INFO - Processing /home/airflow/.local/lib/python3.8/site-packages/airflow/example_dags/example_branch_day_of_week_operator.py took 0.056 seconds
[2023-10-18T02:52:31.038+0000] {processor.py:157} INFO - Started process (PID=5883) to work on /home/airflow/.local/lib/python3.8/site-packages/airflow/example_dags/example_branch_day_of_week_operator.py
[2023-10-18T02:52:31.039+0000] {processor.py:829} INFO - Processing file /home/airflow/.local/lib/python3.8/site-packages/airflow/example_dags/example_branch_day_of_week_operator.py for tasks to queue
[2023-10-18T02:52:31.040+0000] {logging_mixin.py:151} INFO - [2023-10-18T02:52:31.040+0000] {dagbag.py:536} INFO - Filling up the DagBag from /home/airflow/.local/lib/python3.8/site-packages/airflow/example_dags/example_branch_day_of_week_operator.py
[2023-10-18T02:52:31.048+0000] {processor.py:839} INFO - DAG(s) dict_keys(['example_weekday_branch_operator']) retrieved from /home/airflow/.local/lib/python3.8/site-packages/airflow/example_dags/example_branch_day_of_week_operator.py
[2023-10-18T02:52:31.069+0000] {logging_mixin.py:151} INFO - [2023-10-18T02:52:31.069+0000] {dag.py:2941} INFO - Sync 1 DAGs
[2023-10-18T02:52:31.084+0000] {logging_mixin.py:151} INFO - [2023-10-18T02:52:31.084+0000] {dag.py:3722} INFO - Setting next_dagrun for example_weekday_branch_operator to 2023-10-17T00:00:00+00:00, run_after=2023-10-18T00:00:00+00:00
[2023-10-18T02:52:31.094+0000] {processor.py:179} INFO - Processing /home/airflow/.local/lib/python3.8/site-packages/airflow/example_dags/example_branch_day_of_week_operator.py took 0.060 seconds
[2023-10-18T02:53:01.140+0000] {processor.py:157} INFO - Started process (PID=6118) to work on /home/airflow/.local/lib/python3.8/site-packages/airflow/example_dags/example_branch_day_of_week_operator.py
[2023-10-18T02:53:01.141+0000] {processor.py:829} INFO - Processing file /home/airflow/.local/lib/python3.8/site-packages/airflow/example_dags/example_branch_day_of_week_operator.py for tasks to queue
[2023-10-18T02:53:01.142+0000] {logging_mixin.py:151} INFO - [2023-10-18T02:53:01.141+0000] {dagbag.py:536} INFO - Filling up the DagBag from /home/airflow/.local/lib/python3.8/site-packages/airflow/example_dags/example_branch_day_of_week_operator.py
[2023-10-18T02:53:01.147+0000] {processor.py:839} INFO - DAG(s) dict_keys(['example_weekday_branch_operator']) retrieved from /home/airflow/.local/lib/python3.8/site-packages/airflow/example_dags/example_branch_day_of_week_operator.py
[2023-10-18T02:53:01.165+0000] {logging_mixin.py:151} INFO - [2023-10-18T02:53:01.165+0000] {dag.py:2941} INFO - Sync 1 DAGs
[2023-10-18T02:53:01.179+0000] {logging_mixin.py:151} INFO - [2023-10-18T02:53:01.179+0000] {dag.py:3722} INFO - Setting next_dagrun for example_weekday_branch_operator to 2023-10-17T00:00:00+00:00, run_after=2023-10-18T00:00:00+00:00
[2023-10-18T02:53:01.189+0000] {processor.py:179} INFO - Processing /home/airflow/.local/lib/python3.8/site-packages/airflow/example_dags/example_branch_day_of_week_operator.py took 0.052 seconds
[2023-10-18T02:53:31.281+0000] {processor.py:157} INFO - Started process (PID=6356) to work on /home/airflow/.local/lib/python3.8/site-packages/airflow/example_dags/example_branch_day_of_week_operator.py
[2023-10-18T02:53:31.282+0000] {processor.py:829} INFO - Processing file /home/airflow/.local/lib/python3.8/site-packages/airflow/example_dags/example_branch_day_of_week_operator.py for tasks to queue
[2023-10-18T02:53:31.283+0000] {logging_mixin.py:151} INFO - [2023-10-18T02:53:31.282+0000] {dagbag.py:536} INFO - Filling up the DagBag from /home/airflow/.local/lib/python3.8/site-packages/airflow/example_dags/example_branch_day_of_week_operator.py
[2023-10-18T02:53:31.293+0000] {processor.py:839} INFO - DAG(s) dict_keys(['example_weekday_branch_operator']) retrieved from /home/airflow/.local/lib/python3.8/site-packages/airflow/example_dags/example_branch_day_of_week_operator.py
[2023-10-18T02:53:31.314+0000] {logging_mixin.py:151} INFO - [2023-10-18T02:53:31.314+0000] {dag.py:2941} INFO - Sync 1 DAGs
[2023-10-18T02:53:31.329+0000] {logging_mixin.py:151} INFO - [2023-10-18T02:53:31.329+0000] {dag.py:3722} INFO - Setting next_dagrun for example_weekday_branch_operator to 2023-10-17T00:00:00+00:00, run_after=2023-10-18T00:00:00+00:00
[2023-10-18T02:53:31.341+0000] {processor.py:179} INFO - Processing /home/airflow/.local/lib/python3.8/site-packages/airflow/example_dags/example_branch_day_of_week_operator.py took 0.065 seconds
