[2023-10-18T02:40:51.046+0000] {processor.py:157} INFO - Started process (PID=231) to work on /home/airflow/.local/lib/python3.8/site-packages/airflow/example_dags/example_kubernetes_executor.py
[2023-10-18T02:40:51.046+0000] {processor.py:829} INFO - Processing file /home/airflow/.local/lib/python3.8/site-packages/airflow/example_dags/example_kubernetes_executor.py for tasks to queue
[2023-10-18T02:40:51.047+0000] {logging_mixin.py:151} INFO - [2023-10-18T02:40:51.047+0000] {dagbag.py:536} INFO - Filling up the DagBag from /home/airflow/.local/lib/python3.8/site-packages/airflow/example_dags/example_kubernetes_executor.py
[2023-10-18T02:40:51.056+0000] {processor.py:839} INFO - DAG(s) dict_keys(['example_kubernetes_executor']) retrieved from /home/airflow/.local/lib/python3.8/site-packages/airflow/example_dags/example_kubernetes_executor.py
[2023-10-18T02:40:51.070+0000] {logging_mixin.py:151} INFO - [2023-10-18T02:40:51.070+0000] {dag.py:2941} INFO - Sync 1 DAGs
[2023-10-18T02:40:51.080+0000] {logging_mixin.py:151} INFO - [2023-10-18T02:40:51.079+0000] {dag.py:3722} INFO - Setting next_dagrun for example_kubernetes_executor to None, run_after=None
[2023-10-18T02:40:51.093+0000] {processor.py:179} INFO - Processing /home/airflow/.local/lib/python3.8/site-packages/airflow/example_dags/example_kubernetes_executor.py took 0.050 seconds
[2023-10-18T02:41:21.630+0000] {processor.py:157} INFO - Started process (PID=469) to work on /home/airflow/.local/lib/python3.8/site-packages/airflow/example_dags/example_kubernetes_executor.py
[2023-10-18T02:41:21.631+0000] {processor.py:829} INFO - Processing file /home/airflow/.local/lib/python3.8/site-packages/airflow/example_dags/example_kubernetes_executor.py for tasks to queue
[2023-10-18T02:41:21.631+0000] {logging_mixin.py:151} INFO - [2023-10-18T02:41:21.631+0000] {dagbag.py:536} INFO - Filling up the DagBag from /home/airflow/.local/lib/python3.8/site-packages/airflow/example_dags/example_kubernetes_executor.py
[2023-10-18T02:41:21.639+0000] {processor.py:839} INFO - DAG(s) dict_keys(['example_kubernetes_executor']) retrieved from /home/airflow/.local/lib/python3.8/site-packages/airflow/example_dags/example_kubernetes_executor.py
[2023-10-18T02:41:21.662+0000] {logging_mixin.py:151} INFO - [2023-10-18T02:41:21.662+0000] {dag.py:2941} INFO - Sync 1 DAGs
[2023-10-18T02:41:21.669+0000] {logging_mixin.py:151} INFO - [2023-10-18T02:41:21.668+0000] {dag.py:3722} INFO - Setting next_dagrun for example_kubernetes_executor to None, run_after=None
[2023-10-18T02:41:21.678+0000] {processor.py:179} INFO - Processing /home/airflow/.local/lib/python3.8/site-packages/airflow/example_dags/example_kubernetes_executor.py took 0.051 seconds
[2023-10-18T02:41:51.944+0000] {processor.py:157} INFO - Started process (PID=707) to work on /home/airflow/.local/lib/python3.8/site-packages/airflow/example_dags/example_kubernetes_executor.py
[2023-10-18T02:41:51.944+0000] {processor.py:829} INFO - Processing file /home/airflow/.local/lib/python3.8/site-packages/airflow/example_dags/example_kubernetes_executor.py for tasks to queue
[2023-10-18T02:41:51.945+0000] {logging_mixin.py:151} INFO - [2023-10-18T02:41:51.945+0000] {dagbag.py:536} INFO - Filling up the DagBag from /home/airflow/.local/lib/python3.8/site-packages/airflow/example_dags/example_kubernetes_executor.py
[2023-10-18T02:41:51.953+0000] {processor.py:839} INFO - DAG(s) dict_keys(['example_kubernetes_executor']) retrieved from /home/airflow/.local/lib/python3.8/site-packages/airflow/example_dags/example_kubernetes_executor.py
[2023-10-18T02:41:51.976+0000] {logging_mixin.py:151} INFO - [2023-10-18T02:41:51.976+0000] {dag.py:2941} INFO - Sync 1 DAGs
[2023-10-18T02:41:51.983+0000] {logging_mixin.py:151} INFO - [2023-10-18T02:41:51.983+0000] {dag.py:3722} INFO - Setting next_dagrun for example_kubernetes_executor to None, run_after=None
[2023-10-18T02:41:51.992+0000] {processor.py:179} INFO - Processing /home/airflow/.local/lib/python3.8/site-packages/airflow/example_dags/example_kubernetes_executor.py took 0.051 seconds
[2023-10-18T02:42:22.037+0000] {processor.py:157} INFO - Started process (PID=945) to work on /home/airflow/.local/lib/python3.8/site-packages/airflow/example_dags/example_kubernetes_executor.py
[2023-10-18T02:42:22.037+0000] {processor.py:829} INFO - Processing file /home/airflow/.local/lib/python3.8/site-packages/airflow/example_dags/example_kubernetes_executor.py for tasks to queue
[2023-10-18T02:42:22.038+0000] {logging_mixin.py:151} INFO - [2023-10-18T02:42:22.038+0000] {dagbag.py:536} INFO - Filling up the DagBag from /home/airflow/.local/lib/python3.8/site-packages/airflow/example_dags/example_kubernetes_executor.py
[2023-10-18T02:42:22.045+0000] {processor.py:839} INFO - DAG(s) dict_keys(['example_kubernetes_executor']) retrieved from /home/airflow/.local/lib/python3.8/site-packages/airflow/example_dags/example_kubernetes_executor.py
[2023-10-18T02:42:22.068+0000] {logging_mixin.py:151} INFO - [2023-10-18T02:42:22.068+0000] {dag.py:2941} INFO - Sync 1 DAGs
[2023-10-18T02:42:22.074+0000] {logging_mixin.py:151} INFO - [2023-10-18T02:42:22.074+0000] {dag.py:3722} INFO - Setting next_dagrun for example_kubernetes_executor to None, run_after=None
[2023-10-18T02:42:22.083+0000] {processor.py:179} INFO - Processing /home/airflow/.local/lib/python3.8/site-packages/airflow/example_dags/example_kubernetes_executor.py took 0.049 seconds
[2023-10-18T02:42:52.901+0000] {processor.py:157} INFO - Started process (PID=1231) to work on /home/airflow/.local/lib/python3.8/site-packages/airflow/example_dags/example_kubernetes_executor.py
[2023-10-18T02:42:52.901+0000] {processor.py:829} INFO - Processing file /home/airflow/.local/lib/python3.8/site-packages/airflow/example_dags/example_kubernetes_executor.py for tasks to queue
[2023-10-18T02:42:52.902+0000] {logging_mixin.py:151} INFO - [2023-10-18T02:42:52.902+0000] {dagbag.py:536} INFO - Filling up the DagBag from /home/airflow/.local/lib/python3.8/site-packages/airflow/example_dags/example_kubernetes_executor.py
[2023-10-18T02:42:52.910+0000] {processor.py:839} INFO - DAG(s) dict_keys(['example_kubernetes_executor']) retrieved from /home/airflow/.local/lib/python3.8/site-packages/airflow/example_dags/example_kubernetes_executor.py
[2023-10-18T02:42:52.934+0000] {logging_mixin.py:151} INFO - [2023-10-18T02:42:52.934+0000] {dag.py:2941} INFO - Sync 1 DAGs
[2023-10-18T02:42:52.941+0000] {logging_mixin.py:151} INFO - [2023-10-18T02:42:52.940+0000] {dag.py:3722} INFO - Setting next_dagrun for example_kubernetes_executor to None, run_after=None
[2023-10-18T02:42:52.950+0000] {processor.py:179} INFO - Processing /home/airflow/.local/lib/python3.8/site-packages/airflow/example_dags/example_kubernetes_executor.py took 0.052 seconds
[2023-10-18T02:43:22.992+0000] {processor.py:157} INFO - Started process (PID=1469) to work on /home/airflow/.local/lib/python3.8/site-packages/airflow/example_dags/example_kubernetes_executor.py
[2023-10-18T02:43:22.993+0000] {processor.py:829} INFO - Processing file /home/airflow/.local/lib/python3.8/site-packages/airflow/example_dags/example_kubernetes_executor.py for tasks to queue
[2023-10-18T02:43:22.993+0000] {logging_mixin.py:151} INFO - [2023-10-18T02:43:22.993+0000] {dagbag.py:536} INFO - Filling up the DagBag from /home/airflow/.local/lib/python3.8/site-packages/airflow/example_dags/example_kubernetes_executor.py
[2023-10-18T02:43:23.000+0000] {processor.py:839} INFO - DAG(s) dict_keys(['example_kubernetes_executor']) retrieved from /home/airflow/.local/lib/python3.8/site-packages/airflow/example_dags/example_kubernetes_executor.py
[2023-10-18T02:43:23.024+0000] {logging_mixin.py:151} INFO - [2023-10-18T02:43:23.024+0000] {dag.py:2941} INFO - Sync 1 DAGs
[2023-10-18T02:43:23.030+0000] {logging_mixin.py:151} INFO - [2023-10-18T02:43:23.030+0000] {dag.py:3722} INFO - Setting next_dagrun for example_kubernetes_executor to None, run_after=None
[2023-10-18T02:43:23.042+0000] {processor.py:179} INFO - Processing /home/airflow/.local/lib/python3.8/site-packages/airflow/example_dags/example_kubernetes_executor.py took 0.052 seconds
[2023-10-18T02:43:53.240+0000] {processor.py:157} INFO - Started process (PID=1706) to work on /home/airflow/.local/lib/python3.8/site-packages/airflow/example_dags/example_kubernetes_executor.py
[2023-10-18T02:43:53.240+0000] {processor.py:829} INFO - Processing file /home/airflow/.local/lib/python3.8/site-packages/airflow/example_dags/example_kubernetes_executor.py for tasks to queue
[2023-10-18T02:43:53.241+0000] {logging_mixin.py:151} INFO - [2023-10-18T02:43:53.241+0000] {dagbag.py:536} INFO - Filling up the DagBag from /home/airflow/.local/lib/python3.8/site-packages/airflow/example_dags/example_kubernetes_executor.py
[2023-10-18T02:43:53.248+0000] {processor.py:839} INFO - DAG(s) dict_keys(['example_kubernetes_executor']) retrieved from /home/airflow/.local/lib/python3.8/site-packages/airflow/example_dags/example_kubernetes_executor.py
[2023-10-18T02:43:53.271+0000] {logging_mixin.py:151} INFO - [2023-10-18T02:43:53.271+0000] {dag.py:2941} INFO - Sync 1 DAGs
[2023-10-18T02:43:53.279+0000] {logging_mixin.py:151} INFO - [2023-10-18T02:43:53.279+0000] {dag.py:3722} INFO - Setting next_dagrun for example_kubernetes_executor to None, run_after=None
[2023-10-18T02:43:53.288+0000] {processor.py:179} INFO - Processing /home/airflow/.local/lib/python3.8/site-packages/airflow/example_dags/example_kubernetes_executor.py took 0.051 seconds
[2023-10-18T02:44:24.130+0000] {processor.py:157} INFO - Started process (PID=1947) to work on /home/airflow/.local/lib/python3.8/site-packages/airflow/example_dags/example_kubernetes_executor.py
[2023-10-18T02:44:24.131+0000] {processor.py:829} INFO - Processing file /home/airflow/.local/lib/python3.8/site-packages/airflow/example_dags/example_kubernetes_executor.py for tasks to queue
[2023-10-18T02:44:24.132+0000] {logging_mixin.py:151} INFO - [2023-10-18T02:44:24.132+0000] {dagbag.py:536} INFO - Filling up the DagBag from /home/airflow/.local/lib/python3.8/site-packages/airflow/example_dags/example_kubernetes_executor.py
[2023-10-18T02:44:24.140+0000] {processor.py:839} INFO - DAG(s) dict_keys(['example_kubernetes_executor']) retrieved from /home/airflow/.local/lib/python3.8/site-packages/airflow/example_dags/example_kubernetes_executor.py
[2023-10-18T02:44:24.164+0000] {logging_mixin.py:151} INFO - [2023-10-18T02:44:24.163+0000] {dag.py:2941} INFO - Sync 1 DAGs
[2023-10-18T02:44:24.170+0000] {logging_mixin.py:151} INFO - [2023-10-18T02:44:24.170+0000] {dag.py:3722} INFO - Setting next_dagrun for example_kubernetes_executor to None, run_after=None
[2023-10-18T02:44:24.179+0000] {processor.py:179} INFO - Processing /home/airflow/.local/lib/python3.8/site-packages/airflow/example_dags/example_kubernetes_executor.py took 0.051 seconds
[2023-10-18T02:44:54.211+0000] {processor.py:157} INFO - Started process (PID=2186) to work on /home/airflow/.local/lib/python3.8/site-packages/airflow/example_dags/example_kubernetes_executor.py
[2023-10-18T02:44:54.211+0000] {processor.py:829} INFO - Processing file /home/airflow/.local/lib/python3.8/site-packages/airflow/example_dags/example_kubernetes_executor.py for tasks to queue
[2023-10-18T02:44:54.212+0000] {logging_mixin.py:151} INFO - [2023-10-18T02:44:54.212+0000] {dagbag.py:536} INFO - Filling up the DagBag from /home/airflow/.local/lib/python3.8/site-packages/airflow/example_dags/example_kubernetes_executor.py
[2023-10-18T02:44:54.220+0000] {processor.py:839} INFO - DAG(s) dict_keys(['example_kubernetes_executor']) retrieved from /home/airflow/.local/lib/python3.8/site-packages/airflow/example_dags/example_kubernetes_executor.py
[2023-10-18T02:44:54.244+0000] {logging_mixin.py:151} INFO - [2023-10-18T02:44:54.243+0000] {dag.py:2941} INFO - Sync 1 DAGs
[2023-10-18T02:44:54.250+0000] {logging_mixin.py:151} INFO - [2023-10-18T02:44:54.250+0000] {dag.py:3722} INFO - Setting next_dagrun for example_kubernetes_executor to None, run_after=None
[2023-10-18T02:44:54.262+0000] {processor.py:179} INFO - Processing /home/airflow/.local/lib/python3.8/site-packages/airflow/example_dags/example_kubernetes_executor.py took 0.053 seconds
[2023-10-18T02:45:24.432+0000] {processor.py:157} INFO - Started process (PID=2422) to work on /home/airflow/.local/lib/python3.8/site-packages/airflow/example_dags/example_kubernetes_executor.py
[2023-10-18T02:45:24.432+0000] {processor.py:829} INFO - Processing file /home/airflow/.local/lib/python3.8/site-packages/airflow/example_dags/example_kubernetes_executor.py for tasks to queue
[2023-10-18T02:45:24.433+0000] {logging_mixin.py:151} INFO - [2023-10-18T02:45:24.433+0000] {dagbag.py:536} INFO - Filling up the DagBag from /home/airflow/.local/lib/python3.8/site-packages/airflow/example_dags/example_kubernetes_executor.py
[2023-10-18T02:45:24.441+0000] {processor.py:839} INFO - DAG(s) dict_keys(['example_kubernetes_executor']) retrieved from /home/airflow/.local/lib/python3.8/site-packages/airflow/example_dags/example_kubernetes_executor.py
[2023-10-18T02:45:24.474+0000] {logging_mixin.py:151} INFO - [2023-10-18T02:45:24.474+0000] {dag.py:2941} INFO - Sync 1 DAGs
[2023-10-18T02:45:24.484+0000] {logging_mixin.py:151} INFO - [2023-10-18T02:45:24.484+0000] {dag.py:3722} INFO - Setting next_dagrun for example_kubernetes_executor to None, run_after=None
[2023-10-18T02:45:24.493+0000] {processor.py:179} INFO - Processing /home/airflow/.local/lib/python3.8/site-packages/airflow/example_dags/example_kubernetes_executor.py took 0.065 seconds
[2023-10-18T02:45:54.562+0000] {processor.py:157} INFO - Started process (PID=2662) to work on /home/airflow/.local/lib/python3.8/site-packages/airflow/example_dags/example_kubernetes_executor.py
[2023-10-18T02:45:54.563+0000] {processor.py:829} INFO - Processing file /home/airflow/.local/lib/python3.8/site-packages/airflow/example_dags/example_kubernetes_executor.py for tasks to queue
[2023-10-18T02:45:54.564+0000] {logging_mixin.py:151} INFO - [2023-10-18T02:45:54.563+0000] {dagbag.py:536} INFO - Filling up the DagBag from /home/airflow/.local/lib/python3.8/site-packages/airflow/example_dags/example_kubernetes_executor.py
[2023-10-18T02:45:54.571+0000] {processor.py:839} INFO - DAG(s) dict_keys(['example_kubernetes_executor']) retrieved from /home/airflow/.local/lib/python3.8/site-packages/airflow/example_dags/example_kubernetes_executor.py
[2023-10-18T02:45:54.594+0000] {logging_mixin.py:151} INFO - [2023-10-18T02:45:54.593+0000] {dag.py:2941} INFO - Sync 1 DAGs
[2023-10-18T02:45:54.600+0000] {logging_mixin.py:151} INFO - [2023-10-18T02:45:54.600+0000] {dag.py:3722} INFO - Setting next_dagrun for example_kubernetes_executor to None, run_after=None
[2023-10-18T02:45:54.611+0000] {processor.py:179} INFO - Processing /home/airflow/.local/lib/python3.8/site-packages/airflow/example_dags/example_kubernetes_executor.py took 0.050 seconds
[2023-10-18T02:46:24.661+0000] {processor.py:157} INFO - Started process (PID=2898) to work on /home/airflow/.local/lib/python3.8/site-packages/airflow/example_dags/example_kubernetes_executor.py
[2023-10-18T02:46:24.662+0000] {processor.py:829} INFO - Processing file /home/airflow/.local/lib/python3.8/site-packages/airflow/example_dags/example_kubernetes_executor.py for tasks to queue
[2023-10-18T02:46:24.663+0000] {logging_mixin.py:151} INFO - [2023-10-18T02:46:24.662+0000] {dagbag.py:536} INFO - Filling up the DagBag from /home/airflow/.local/lib/python3.8/site-packages/airflow/example_dags/example_kubernetes_executor.py
[2023-10-18T02:46:24.670+0000] {processor.py:839} INFO - DAG(s) dict_keys(['example_kubernetes_executor']) retrieved from /home/airflow/.local/lib/python3.8/site-packages/airflow/example_dags/example_kubernetes_executor.py
[2023-10-18T02:46:24.693+0000] {logging_mixin.py:151} INFO - [2023-10-18T02:46:24.693+0000] {dag.py:2941} INFO - Sync 1 DAGs
[2023-10-18T02:46:24.701+0000] {logging_mixin.py:151} INFO - [2023-10-18T02:46:24.701+0000] {dag.py:3722} INFO - Setting next_dagrun for example_kubernetes_executor to None, run_after=None
[2023-10-18T02:46:24.710+0000] {processor.py:179} INFO - Processing /home/airflow/.local/lib/python3.8/site-packages/airflow/example_dags/example_kubernetes_executor.py took 0.051 seconds
[2023-10-18T02:46:54.861+0000] {processor.py:157} INFO - Started process (PID=3136) to work on /home/airflow/.local/lib/python3.8/site-packages/airflow/example_dags/example_kubernetes_executor.py
[2023-10-18T02:46:54.861+0000] {processor.py:829} INFO - Processing file /home/airflow/.local/lib/python3.8/site-packages/airflow/example_dags/example_kubernetes_executor.py for tasks to queue
[2023-10-18T02:46:54.862+0000] {logging_mixin.py:151} INFO - [2023-10-18T02:46:54.862+0000] {dagbag.py:536} INFO - Filling up the DagBag from /home/airflow/.local/lib/python3.8/site-packages/airflow/example_dags/example_kubernetes_executor.py
[2023-10-18T02:46:54.869+0000] {processor.py:839} INFO - DAG(s) dict_keys(['example_kubernetes_executor']) retrieved from /home/airflow/.local/lib/python3.8/site-packages/airflow/example_dags/example_kubernetes_executor.py
[2023-10-18T02:46:54.892+0000] {logging_mixin.py:151} INFO - [2023-10-18T02:46:54.892+0000] {dag.py:2941} INFO - Sync 1 DAGs
[2023-10-18T02:46:54.898+0000] {logging_mixin.py:151} INFO - [2023-10-18T02:46:54.898+0000] {dag.py:3722} INFO - Setting next_dagrun for example_kubernetes_executor to None, run_after=None
[2023-10-18T02:46:54.907+0000] {processor.py:179} INFO - Processing /home/airflow/.local/lib/python3.8/site-packages/airflow/example_dags/example_kubernetes_executor.py took 0.048 seconds
[2023-10-18T02:47:25.761+0000] {processor.py:157} INFO - Started process (PID=3374) to work on /home/airflow/.local/lib/python3.8/site-packages/airflow/example_dags/example_kubernetes_executor.py
[2023-10-18T02:47:25.762+0000] {processor.py:829} INFO - Processing file /home/airflow/.local/lib/python3.8/site-packages/airflow/example_dags/example_kubernetes_executor.py for tasks to queue
[2023-10-18T02:47:25.762+0000] {logging_mixin.py:151} INFO - [2023-10-18T02:47:25.762+0000] {dagbag.py:536} INFO - Filling up the DagBag from /home/airflow/.local/lib/python3.8/site-packages/airflow/example_dags/example_kubernetes_executor.py
[2023-10-18T02:47:25.770+0000] {processor.py:839} INFO - DAG(s) dict_keys(['example_kubernetes_executor']) retrieved from /home/airflow/.local/lib/python3.8/site-packages/airflow/example_dags/example_kubernetes_executor.py
[2023-10-18T02:47:25.792+0000] {logging_mixin.py:151} INFO - [2023-10-18T02:47:25.792+0000] {dag.py:2941} INFO - Sync 1 DAGs
[2023-10-18T02:47:25.798+0000] {logging_mixin.py:151} INFO - [2023-10-18T02:47:25.798+0000] {dag.py:3722} INFO - Setting next_dagrun for example_kubernetes_executor to None, run_after=None
[2023-10-18T02:47:25.807+0000] {processor.py:179} INFO - Processing /home/airflow/.local/lib/python3.8/site-packages/airflow/example_dags/example_kubernetes_executor.py took 0.048 seconds
[2023-10-18T02:47:55.883+0000] {processor.py:157} INFO - Started process (PID=3614) to work on /home/airflow/.local/lib/python3.8/site-packages/airflow/example_dags/example_kubernetes_executor.py
[2023-10-18T02:47:55.884+0000] {processor.py:829} INFO - Processing file /home/airflow/.local/lib/python3.8/site-packages/airflow/example_dags/example_kubernetes_executor.py for tasks to queue
[2023-10-18T02:47:55.884+0000] {logging_mixin.py:151} INFO - [2023-10-18T02:47:55.884+0000] {dagbag.py:536} INFO - Filling up the DagBag from /home/airflow/.local/lib/python3.8/site-packages/airflow/example_dags/example_kubernetes_executor.py
[2023-10-18T02:47:55.892+0000] {processor.py:839} INFO - DAG(s) dict_keys(['example_kubernetes_executor']) retrieved from /home/airflow/.local/lib/python3.8/site-packages/airflow/example_dags/example_kubernetes_executor.py
[2023-10-18T02:47:55.915+0000] {logging_mixin.py:151} INFO - [2023-10-18T02:47:55.915+0000] {dag.py:2941} INFO - Sync 1 DAGs
[2023-10-18T02:47:55.921+0000] {logging_mixin.py:151} INFO - [2023-10-18T02:47:55.921+0000] {dag.py:3722} INFO - Setting next_dagrun for example_kubernetes_executor to None, run_after=None
[2023-10-18T02:47:55.930+0000] {processor.py:179} INFO - Processing /home/airflow/.local/lib/python3.8/site-packages/airflow/example_dags/example_kubernetes_executor.py took 0.049 seconds
[2023-10-18T02:48:26.093+0000] {processor.py:157} INFO - Started process (PID=3850) to work on /home/airflow/.local/lib/python3.8/site-packages/airflow/example_dags/example_kubernetes_executor.py
[2023-10-18T02:48:26.093+0000] {processor.py:829} INFO - Processing file /home/airflow/.local/lib/python3.8/site-packages/airflow/example_dags/example_kubernetes_executor.py for tasks to queue
[2023-10-18T02:48:26.094+0000] {logging_mixin.py:151} INFO - [2023-10-18T02:48:26.094+0000] {dagbag.py:536} INFO - Filling up the DagBag from /home/airflow/.local/lib/python3.8/site-packages/airflow/example_dags/example_kubernetes_executor.py
[2023-10-18T02:48:26.101+0000] {processor.py:839} INFO - DAG(s) dict_keys(['example_kubernetes_executor']) retrieved from /home/airflow/.local/lib/python3.8/site-packages/airflow/example_dags/example_kubernetes_executor.py
[2023-10-18T02:48:26.122+0000] {logging_mixin.py:151} INFO - [2023-10-18T02:48:26.122+0000] {dag.py:2941} INFO - Sync 1 DAGs
[2023-10-18T02:48:26.129+0000] {logging_mixin.py:151} INFO - [2023-10-18T02:48:26.128+0000] {dag.py:3722} INFO - Setting next_dagrun for example_kubernetes_executor to None, run_after=None
[2023-10-18T02:48:26.140+0000] {processor.py:179} INFO - Processing /home/airflow/.local/lib/python3.8/site-packages/airflow/example_dags/example_kubernetes_executor.py took 0.049 seconds
[2023-10-18T02:48:56.263+0000] {processor.py:157} INFO - Started process (PID=4088) to work on /home/airflow/.local/lib/python3.8/site-packages/airflow/example_dags/example_kubernetes_executor.py
[2023-10-18T02:48:56.264+0000] {processor.py:829} INFO - Processing file /home/airflow/.local/lib/python3.8/site-packages/airflow/example_dags/example_kubernetes_executor.py for tasks to queue
[2023-10-18T02:48:56.264+0000] {logging_mixin.py:151} INFO - [2023-10-18T02:48:56.264+0000] {dagbag.py:536} INFO - Filling up the DagBag from /home/airflow/.local/lib/python3.8/site-packages/airflow/example_dags/example_kubernetes_executor.py
[2023-10-18T02:48:56.272+0000] {processor.py:839} INFO - DAG(s) dict_keys(['example_kubernetes_executor']) retrieved from /home/airflow/.local/lib/python3.8/site-packages/airflow/example_dags/example_kubernetes_executor.py
[2023-10-18T02:48:56.297+0000] {logging_mixin.py:151} INFO - [2023-10-18T02:48:56.297+0000] {dag.py:2941} INFO - Sync 1 DAGs
[2023-10-18T02:48:56.304+0000] {logging_mixin.py:151} INFO - [2023-10-18T02:48:56.304+0000] {dag.py:3722} INFO - Setting next_dagrun for example_kubernetes_executor to None, run_after=None
[2023-10-18T02:48:56.313+0000] {processor.py:179} INFO - Processing /home/airflow/.local/lib/python3.8/site-packages/airflow/example_dags/example_kubernetes_executor.py took 0.052 seconds
[2023-10-18T02:49:26.430+0000] {processor.py:157} INFO - Started process (PID=4326) to work on /home/airflow/.local/lib/python3.8/site-packages/airflow/example_dags/example_kubernetes_executor.py
[2023-10-18T02:49:26.431+0000] {processor.py:829} INFO - Processing file /home/airflow/.local/lib/python3.8/site-packages/airflow/example_dags/example_kubernetes_executor.py for tasks to queue
[2023-10-18T02:49:26.431+0000] {logging_mixin.py:151} INFO - [2023-10-18T02:49:26.431+0000] {dagbag.py:536} INFO - Filling up the DagBag from /home/airflow/.local/lib/python3.8/site-packages/airflow/example_dags/example_kubernetes_executor.py
[2023-10-18T02:49:26.439+0000] {processor.py:839} INFO - DAG(s) dict_keys(['example_kubernetes_executor']) retrieved from /home/airflow/.local/lib/python3.8/site-packages/airflow/example_dags/example_kubernetes_executor.py
[2023-10-18T02:49:26.463+0000] {logging_mixin.py:151} INFO - [2023-10-18T02:49:26.463+0000] {dag.py:2941} INFO - Sync 1 DAGs
[2023-10-18T02:49:26.470+0000] {logging_mixin.py:151} INFO - [2023-10-18T02:49:26.470+0000] {dag.py:3722} INFO - Setting next_dagrun for example_kubernetes_executor to None, run_after=None
[2023-10-18T02:49:26.480+0000] {processor.py:179} INFO - Processing /home/airflow/.local/lib/python3.8/site-packages/airflow/example_dags/example_kubernetes_executor.py took 0.052 seconds
[2023-10-18T02:49:56.538+0000] {processor.py:157} INFO - Started process (PID=4564) to work on /home/airflow/.local/lib/python3.8/site-packages/airflow/example_dags/example_kubernetes_executor.py
[2023-10-18T02:49:56.539+0000] {processor.py:829} INFO - Processing file /home/airflow/.local/lib/python3.8/site-packages/airflow/example_dags/example_kubernetes_executor.py for tasks to queue
[2023-10-18T02:49:56.539+0000] {logging_mixin.py:151} INFO - [2023-10-18T02:49:56.539+0000] {dagbag.py:536} INFO - Filling up the DagBag from /home/airflow/.local/lib/python3.8/site-packages/airflow/example_dags/example_kubernetes_executor.py
[2023-10-18T02:49:56.546+0000] {processor.py:839} INFO - DAG(s) dict_keys(['example_kubernetes_executor']) retrieved from /home/airflow/.local/lib/python3.8/site-packages/airflow/example_dags/example_kubernetes_executor.py
[2023-10-18T02:49:56.570+0000] {logging_mixin.py:151} INFO - [2023-10-18T02:49:56.570+0000] {dag.py:2941} INFO - Sync 1 DAGs
[2023-10-18T02:49:56.577+0000] {logging_mixin.py:151} INFO - [2023-10-18T02:49:56.577+0000] {dag.py:3722} INFO - Setting next_dagrun for example_kubernetes_executor to None, run_after=None
[2023-10-18T02:49:56.587+0000] {processor.py:179} INFO - Processing /home/airflow/.local/lib/python3.8/site-packages/airflow/example_dags/example_kubernetes_executor.py took 0.051 seconds
[2023-10-18T02:50:26.672+0000] {processor.py:157} INFO - Started process (PID=4803) to work on /home/airflow/.local/lib/python3.8/site-packages/airflow/example_dags/example_kubernetes_executor.py
[2023-10-18T02:50:26.673+0000] {processor.py:829} INFO - Processing file /home/airflow/.local/lib/python3.8/site-packages/airflow/example_dags/example_kubernetes_executor.py for tasks to queue
[2023-10-18T02:50:26.673+0000] {logging_mixin.py:151} INFO - [2023-10-18T02:50:26.673+0000] {dagbag.py:536} INFO - Filling up the DagBag from /home/airflow/.local/lib/python3.8/site-packages/airflow/example_dags/example_kubernetes_executor.py
[2023-10-18T02:50:26.681+0000] {processor.py:839} INFO - DAG(s) dict_keys(['example_kubernetes_executor']) retrieved from /home/airflow/.local/lib/python3.8/site-packages/airflow/example_dags/example_kubernetes_executor.py
[2023-10-18T02:50:26.706+0000] {logging_mixin.py:151} INFO - [2023-10-18T02:50:26.706+0000] {dag.py:2941} INFO - Sync 1 DAGs
[2023-10-18T02:50:26.713+0000] {logging_mixin.py:151} INFO - [2023-10-18T02:50:26.713+0000] {dag.py:3722} INFO - Setting next_dagrun for example_kubernetes_executor to None, run_after=None
[2023-10-18T02:50:26.723+0000] {processor.py:179} INFO - Processing /home/airflow/.local/lib/python3.8/site-packages/airflow/example_dags/example_kubernetes_executor.py took 0.054 seconds
[2023-10-18T02:50:56.835+0000] {processor.py:157} INFO - Started process (PID=5041) to work on /home/airflow/.local/lib/python3.8/site-packages/airflow/example_dags/example_kubernetes_executor.py
[2023-10-18T02:50:56.836+0000] {processor.py:829} INFO - Processing file /home/airflow/.local/lib/python3.8/site-packages/airflow/example_dags/example_kubernetes_executor.py for tasks to queue
[2023-10-18T02:50:56.836+0000] {logging_mixin.py:151} INFO - [2023-10-18T02:50:56.836+0000] {dagbag.py:536} INFO - Filling up the DagBag from /home/airflow/.local/lib/python3.8/site-packages/airflow/example_dags/example_kubernetes_executor.py
[2023-10-18T02:50:56.843+0000] {processor.py:839} INFO - DAG(s) dict_keys(['example_kubernetes_executor']) retrieved from /home/airflow/.local/lib/python3.8/site-packages/airflow/example_dags/example_kubernetes_executor.py
[2023-10-18T02:50:56.867+0000] {logging_mixin.py:151} INFO - [2023-10-18T02:50:56.866+0000] {dag.py:2941} INFO - Sync 1 DAGs
[2023-10-18T02:50:56.874+0000] {logging_mixin.py:151} INFO - [2023-10-18T02:50:56.874+0000] {dag.py:3722} INFO - Setting next_dagrun for example_kubernetes_executor to None, run_after=None
[2023-10-18T02:50:56.884+0000] {processor.py:179} INFO - Processing /home/airflow/.local/lib/python3.8/site-packages/airflow/example_dags/example_kubernetes_executor.py took 0.051 seconds
[2023-10-18T02:51:27.010+0000] {processor.py:157} INFO - Started process (PID=5279) to work on /home/airflow/.local/lib/python3.8/site-packages/airflow/example_dags/example_kubernetes_executor.py
[2023-10-18T02:51:27.011+0000] {processor.py:829} INFO - Processing file /home/airflow/.local/lib/python3.8/site-packages/airflow/example_dags/example_kubernetes_executor.py for tasks to queue
[2023-10-18T02:51:27.012+0000] {logging_mixin.py:151} INFO - [2023-10-18T02:51:27.011+0000] {dagbag.py:536} INFO - Filling up the DagBag from /home/airflow/.local/lib/python3.8/site-packages/airflow/example_dags/example_kubernetes_executor.py
[2023-10-18T02:51:27.019+0000] {processor.py:839} INFO - DAG(s) dict_keys(['example_kubernetes_executor']) retrieved from /home/airflow/.local/lib/python3.8/site-packages/airflow/example_dags/example_kubernetes_executor.py
[2023-10-18T02:51:27.042+0000] {logging_mixin.py:151} INFO - [2023-10-18T02:51:27.042+0000] {dag.py:2941} INFO - Sync 1 DAGs
[2023-10-18T02:51:27.049+0000] {logging_mixin.py:151} INFO - [2023-10-18T02:51:27.049+0000] {dag.py:3722} INFO - Setting next_dagrun for example_kubernetes_executor to None, run_after=None
[2023-10-18T02:51:27.057+0000] {processor.py:179} INFO - Processing /home/airflow/.local/lib/python3.8/site-packages/airflow/example_dags/example_kubernetes_executor.py took 0.049 seconds
[2023-10-18T02:51:57.186+0000] {processor.py:157} INFO - Started process (PID=5516) to work on /home/airflow/.local/lib/python3.8/site-packages/airflow/example_dags/example_kubernetes_executor.py
[2023-10-18T02:51:57.186+0000] {processor.py:829} INFO - Processing file /home/airflow/.local/lib/python3.8/site-packages/airflow/example_dags/example_kubernetes_executor.py for tasks to queue
[2023-10-18T02:51:57.187+0000] {logging_mixin.py:151} INFO - [2023-10-18T02:51:57.186+0000] {dagbag.py:536} INFO - Filling up the DagBag from /home/airflow/.local/lib/python3.8/site-packages/airflow/example_dags/example_kubernetes_executor.py
[2023-10-18T02:51:57.195+0000] {processor.py:839} INFO - DAG(s) dict_keys(['example_kubernetes_executor']) retrieved from /home/airflow/.local/lib/python3.8/site-packages/airflow/example_dags/example_kubernetes_executor.py
[2023-10-18T02:51:57.218+0000] {logging_mixin.py:151} INFO - [2023-10-18T02:51:57.218+0000] {dag.py:2941} INFO - Sync 1 DAGs
[2023-10-18T02:51:57.225+0000] {logging_mixin.py:151} INFO - [2023-10-18T02:51:57.225+0000] {dag.py:3722} INFO - Setting next_dagrun for example_kubernetes_executor to None, run_after=None
[2023-10-18T02:51:57.234+0000] {processor.py:179} INFO - Processing /home/airflow/.local/lib/python3.8/site-packages/airflow/example_dags/example_kubernetes_executor.py took 0.051 seconds
[2023-10-18T02:52:28.091+0000] {processor.py:157} INFO - Started process (PID=5753) to work on /home/airflow/.local/lib/python3.8/site-packages/airflow/example_dags/example_kubernetes_executor.py
[2023-10-18T02:52:28.092+0000] {processor.py:829} INFO - Processing file /home/airflow/.local/lib/python3.8/site-packages/airflow/example_dags/example_kubernetes_executor.py for tasks to queue
[2023-10-18T02:52:28.093+0000] {logging_mixin.py:151} INFO - [2023-10-18T02:52:28.092+0000] {dagbag.py:536} INFO - Filling up the DagBag from /home/airflow/.local/lib/python3.8/site-packages/airflow/example_dags/example_kubernetes_executor.py
[2023-10-18T02:52:28.100+0000] {processor.py:839} INFO - DAG(s) dict_keys(['example_kubernetes_executor']) retrieved from /home/airflow/.local/lib/python3.8/site-packages/airflow/example_dags/example_kubernetes_executor.py
[2023-10-18T02:52:28.124+0000] {logging_mixin.py:151} INFO - [2023-10-18T02:52:28.124+0000] {dag.py:2941} INFO - Sync 1 DAGs
[2023-10-18T02:52:28.132+0000] {logging_mixin.py:151} INFO - [2023-10-18T02:52:28.132+0000] {dag.py:3722} INFO - Setting next_dagrun for example_kubernetes_executor to None, run_after=None
[2023-10-18T02:52:28.143+0000] {processor.py:179} INFO - Processing /home/airflow/.local/lib/python3.8/site-packages/airflow/example_dags/example_kubernetes_executor.py took 0.054 seconds
[2023-10-18T02:52:58.286+0000] {processor.py:157} INFO - Started process (PID=5991) to work on /home/airflow/.local/lib/python3.8/site-packages/airflow/example_dags/example_kubernetes_executor.py
[2023-10-18T02:52:58.286+0000] {processor.py:829} INFO - Processing file /home/airflow/.local/lib/python3.8/site-packages/airflow/example_dags/example_kubernetes_executor.py for tasks to queue
[2023-10-18T02:52:58.287+0000] {logging_mixin.py:151} INFO - [2023-10-18T02:52:58.287+0000] {dagbag.py:536} INFO - Filling up the DagBag from /home/airflow/.local/lib/python3.8/site-packages/airflow/example_dags/example_kubernetes_executor.py
[2023-10-18T02:52:58.294+0000] {processor.py:839} INFO - DAG(s) dict_keys(['example_kubernetes_executor']) retrieved from /home/airflow/.local/lib/python3.8/site-packages/airflow/example_dags/example_kubernetes_executor.py
[2023-10-18T02:52:58.317+0000] {logging_mixin.py:151} INFO - [2023-10-18T02:52:58.317+0000] {dag.py:2941} INFO - Sync 1 DAGs
[2023-10-18T02:52:58.323+0000] {logging_mixin.py:151} INFO - [2023-10-18T02:52:58.323+0000] {dag.py:3722} INFO - Setting next_dagrun for example_kubernetes_executor to None, run_after=None
[2023-10-18T02:52:58.332+0000] {processor.py:179} INFO - Processing /home/airflow/.local/lib/python3.8/site-packages/airflow/example_dags/example_kubernetes_executor.py took 0.048 seconds
[2023-10-18T02:53:28.452+0000] {processor.py:157} INFO - Started process (PID=6229) to work on /home/airflow/.local/lib/python3.8/site-packages/airflow/example_dags/example_kubernetes_executor.py
[2023-10-18T02:53:28.452+0000] {processor.py:829} INFO - Processing file /home/airflow/.local/lib/python3.8/site-packages/airflow/example_dags/example_kubernetes_executor.py for tasks to queue
[2023-10-18T02:53:28.453+0000] {logging_mixin.py:151} INFO - [2023-10-18T02:53:28.453+0000] {dagbag.py:536} INFO - Filling up the DagBag from /home/airflow/.local/lib/python3.8/site-packages/airflow/example_dags/example_kubernetes_executor.py
[2023-10-18T02:53:28.462+0000] {processor.py:839} INFO - DAG(s) dict_keys(['example_kubernetes_executor']) retrieved from /home/airflow/.local/lib/python3.8/site-packages/airflow/example_dags/example_kubernetes_executor.py
[2023-10-18T02:53:28.486+0000] {logging_mixin.py:151} INFO - [2023-10-18T02:53:28.486+0000] {dag.py:2941} INFO - Sync 1 DAGs
[2023-10-18T02:53:28.493+0000] {logging_mixin.py:151} INFO - [2023-10-18T02:53:28.493+0000] {dag.py:3722} INFO - Setting next_dagrun for example_kubernetes_executor to None, run_after=None
[2023-10-18T02:53:28.504+0000] {processor.py:179} INFO - Processing /home/airflow/.local/lib/python3.8/site-packages/airflow/example_dags/example_kubernetes_executor.py took 0.055 seconds
