[2023-10-18T02:40:51.321+0000] {processor.py:157} INFO - Started process (PID=266) to work on /home/airflow/.local/lib/python3.8/site-packages/airflow/example_dags/example_datasets.py
[2023-10-18T02:40:51.321+0000] {processor.py:829} INFO - Processing file /home/airflow/.local/lib/python3.8/site-packages/airflow/example_dags/example_datasets.py for tasks to queue
[2023-10-18T02:40:51.322+0000] {logging_mixin.py:151} INFO - [2023-10-18T02:40:51.322+0000] {dagbag.py:536} INFO - Filling up the DagBag from /home/airflow/.local/lib/python3.8/site-packages/airflow/example_dags/example_datasets.py
[2023-10-18T02:40:51.329+0000] {processor.py:839} INFO - DAG(s) dict_keys(['dataset_consumes_1', 'dataset_produces_1', 'dataset_consumes_1_and_2', 'dataset_consumes_1_never_scheduled', 'dataset_produces_2', 'dataset_consumes_unknown_never_scheduled']) retrieved from /home/airflow/.local/lib/python3.8/site-packages/airflow/example_dags/example_datasets.py
[2023-10-18T02:40:51.347+0000] {logging_mixin.py:151} INFO - [2023-10-18T02:40:51.347+0000] {dag.py:2941} INFO - Sync 6 DAGs
[2023-10-18T02:40:51.369+0000] {logging_mixin.py:151} INFO - [2023-10-18T02:40:51.367+0000] {dag.py:3722} INFO - Setting next_dagrun for dataset_consumes_1 to None, run_after=None
[2023-10-18T02:40:51.371+0000] {logging_mixin.py:151} INFO - [2023-10-18T02:40:51.371+0000] {dag.py:3722} INFO - Setting next_dagrun for dataset_consumes_1_and_2 to None, run_after=None
[2023-10-18T02:40:51.372+0000] {logging_mixin.py:151} INFO - [2023-10-18T02:40:51.372+0000] {dag.py:3722} INFO - Setting next_dagrun for dataset_consumes_1_never_scheduled to None, run_after=None
[2023-10-18T02:40:51.373+0000] {logging_mixin.py:151} INFO - [2023-10-18T02:40:51.372+0000] {dag.py:3722} INFO - Setting next_dagrun for dataset_consumes_unknown_never_scheduled to None, run_after=None
[2023-10-18T02:40:51.374+0000] {logging_mixin.py:151} INFO - [2023-10-18T02:40:51.374+0000] {dag.py:3722} INFO - Setting next_dagrun for dataset_produces_1 to 2023-10-17T00:00:00+00:00, run_after=2023-10-18T00:00:00+00:00
[2023-10-18T02:40:51.377+0000] {logging_mixin.py:151} INFO - [2023-10-18T02:40:51.377+0000] {dag.py:3722} INFO - Setting next_dagrun for dataset_produces_2 to None, run_after=None
[2023-10-18T02:40:51.394+0000] {processor.py:179} INFO - Processing /home/airflow/.local/lib/python3.8/site-packages/airflow/example_dags/example_datasets.py took 0.076 seconds
[2023-10-18T02:41:21.876+0000] {processor.py:157} INFO - Started process (PID=504) to work on /home/airflow/.local/lib/python3.8/site-packages/airflow/example_dags/example_datasets.py
[2023-10-18T02:41:21.876+0000] {processor.py:829} INFO - Processing file /home/airflow/.local/lib/python3.8/site-packages/airflow/example_dags/example_datasets.py for tasks to queue
[2023-10-18T02:41:21.877+0000] {logging_mixin.py:151} INFO - [2023-10-18T02:41:21.877+0000] {dagbag.py:536} INFO - Filling up the DagBag from /home/airflow/.local/lib/python3.8/site-packages/airflow/example_dags/example_datasets.py
[2023-10-18T02:41:21.882+0000] {processor.py:839} INFO - DAG(s) dict_keys(['dataset_produces_1', 'dataset_consumes_unknown_never_scheduled', 'dataset_consumes_1_never_scheduled', 'dataset_consumes_1', 'dataset_consumes_1_and_2', 'dataset_produces_2']) retrieved from /home/airflow/.local/lib/python3.8/site-packages/airflow/example_dags/example_datasets.py
[2023-10-18T02:41:21.904+0000] {logging_mixin.py:151} INFO - [2023-10-18T02:41:21.904+0000] {dag.py:2941} INFO - Sync 6 DAGs
[2023-10-18T02:41:21.916+0000] {logging_mixin.py:151} INFO - [2023-10-18T02:41:21.916+0000] {dag.py:3722} INFO - Setting next_dagrun for dataset_consumes_1 to None, run_after=None
[2023-10-18T02:41:21.918+0000] {logging_mixin.py:151} INFO - [2023-10-18T02:41:21.918+0000] {dag.py:3722} INFO - Setting next_dagrun for dataset_consumes_1_and_2 to None, run_after=None
[2023-10-18T02:41:21.918+0000] {logging_mixin.py:151} INFO - [2023-10-18T02:41:21.918+0000] {dag.py:3722} INFO - Setting next_dagrun for dataset_consumes_1_never_scheduled to None, run_after=None
[2023-10-18T02:41:21.919+0000] {logging_mixin.py:151} INFO - [2023-10-18T02:41:21.919+0000] {dag.py:3722} INFO - Setting next_dagrun for dataset_consumes_unknown_never_scheduled to None, run_after=None
[2023-10-18T02:41:21.921+0000] {logging_mixin.py:151} INFO - [2023-10-18T02:41:21.921+0000] {dag.py:3722} INFO - Setting next_dagrun for dataset_produces_1 to 2023-10-17T00:00:00+00:00, run_after=2023-10-18T00:00:00+00:00
[2023-10-18T02:41:21.922+0000] {logging_mixin.py:151} INFO - [2023-10-18T02:41:21.922+0000] {dag.py:3722} INFO - Setting next_dagrun for dataset_produces_2 to None, run_after=None
[2023-10-18T02:41:21.937+0000] {processor.py:179} INFO - Processing /home/airflow/.local/lib/python3.8/site-packages/airflow/example_dags/example_datasets.py took 0.064 seconds
[2023-10-18T02:41:52.145+0000] {processor.py:157} INFO - Started process (PID=742) to work on /home/airflow/.local/lib/python3.8/site-packages/airflow/example_dags/example_datasets.py
[2023-10-18T02:41:52.146+0000] {processor.py:829} INFO - Processing file /home/airflow/.local/lib/python3.8/site-packages/airflow/example_dags/example_datasets.py for tasks to queue
[2023-10-18T02:41:52.147+0000] {logging_mixin.py:151} INFO - [2023-10-18T02:41:52.146+0000] {dagbag.py:536} INFO - Filling up the DagBag from /home/airflow/.local/lib/python3.8/site-packages/airflow/example_dags/example_datasets.py
[2023-10-18T02:41:52.152+0000] {processor.py:839} INFO - DAG(s) dict_keys(['dataset_produces_1', 'dataset_consumes_unknown_never_scheduled', 'dataset_consumes_1_never_scheduled', 'dataset_consumes_1_and_2', 'dataset_consumes_1', 'dataset_produces_2']) retrieved from /home/airflow/.local/lib/python3.8/site-packages/airflow/example_dags/example_datasets.py
[2023-10-18T02:41:52.174+0000] {logging_mixin.py:151} INFO - [2023-10-18T02:41:52.174+0000] {dag.py:2941} INFO - Sync 6 DAGs
[2023-10-18T02:41:52.189+0000] {logging_mixin.py:151} INFO - [2023-10-18T02:41:52.189+0000] {dag.py:3722} INFO - Setting next_dagrun for dataset_consumes_1 to None, run_after=None
[2023-10-18T02:41:52.191+0000] {logging_mixin.py:151} INFO - [2023-10-18T02:41:52.191+0000] {dag.py:3722} INFO - Setting next_dagrun for dataset_consumes_1_and_2 to None, run_after=None
[2023-10-18T02:41:52.192+0000] {logging_mixin.py:151} INFO - [2023-10-18T02:41:52.192+0000] {dag.py:3722} INFO - Setting next_dagrun for dataset_consumes_1_never_scheduled to None, run_after=None
[2023-10-18T02:41:52.193+0000] {logging_mixin.py:151} INFO - [2023-10-18T02:41:52.193+0000] {dag.py:3722} INFO - Setting next_dagrun for dataset_consumes_unknown_never_scheduled to None, run_after=None
[2023-10-18T02:41:52.194+0000] {logging_mixin.py:151} INFO - [2023-10-18T02:41:52.194+0000] {dag.py:3722} INFO - Setting next_dagrun for dataset_produces_1 to 2023-10-17T00:00:00+00:00, run_after=2023-10-18T00:00:00+00:00
[2023-10-18T02:41:52.195+0000] {logging_mixin.py:151} INFO - [2023-10-18T02:41:52.195+0000] {dag.py:3722} INFO - Setting next_dagrun for dataset_produces_2 to None, run_after=None
[2023-10-18T02:41:52.211+0000] {processor.py:179} INFO - Processing /home/airflow/.local/lib/python3.8/site-packages/airflow/example_dags/example_datasets.py took 0.069 seconds
[2023-10-18T02:42:22.246+0000] {processor.py:157} INFO - Started process (PID=980) to work on /home/airflow/.local/lib/python3.8/site-packages/airflow/example_dags/example_datasets.py
[2023-10-18T02:42:22.246+0000] {processor.py:829} INFO - Processing file /home/airflow/.local/lib/python3.8/site-packages/airflow/example_dags/example_datasets.py for tasks to queue
[2023-10-18T02:42:22.247+0000] {logging_mixin.py:151} INFO - [2023-10-18T02:42:22.247+0000] {dagbag.py:536} INFO - Filling up the DagBag from /home/airflow/.local/lib/python3.8/site-packages/airflow/example_dags/example_datasets.py
[2023-10-18T02:42:22.253+0000] {processor.py:839} INFO - DAG(s) dict_keys(['dataset_consumes_1_and_2', 'dataset_consumes_unknown_never_scheduled', 'dataset_produces_1', 'dataset_consumes_1_never_scheduled', 'dataset_produces_2', 'dataset_consumes_1']) retrieved from /home/airflow/.local/lib/python3.8/site-packages/airflow/example_dags/example_datasets.py
[2023-10-18T02:42:22.276+0000] {logging_mixin.py:151} INFO - [2023-10-18T02:42:22.276+0000] {dag.py:2941} INFO - Sync 6 DAGs
[2023-10-18T02:42:22.289+0000] {logging_mixin.py:151} INFO - [2023-10-18T02:42:22.289+0000] {dag.py:3722} INFO - Setting next_dagrun for dataset_consumes_1 to None, run_after=None
[2023-10-18T02:42:22.291+0000] {logging_mixin.py:151} INFO - [2023-10-18T02:42:22.291+0000] {dag.py:3722} INFO - Setting next_dagrun for dataset_consumes_1_and_2 to None, run_after=None
[2023-10-18T02:42:22.292+0000] {logging_mixin.py:151} INFO - [2023-10-18T02:42:22.291+0000] {dag.py:3722} INFO - Setting next_dagrun for dataset_consumes_1_never_scheduled to None, run_after=None
[2023-10-18T02:42:22.292+0000] {logging_mixin.py:151} INFO - [2023-10-18T02:42:22.292+0000] {dag.py:3722} INFO - Setting next_dagrun for dataset_consumes_unknown_never_scheduled to None, run_after=None
[2023-10-18T02:42:22.294+0000] {logging_mixin.py:151} INFO - [2023-10-18T02:42:22.294+0000] {dag.py:3722} INFO - Setting next_dagrun for dataset_produces_1 to 2023-10-17T00:00:00+00:00, run_after=2023-10-18T00:00:00+00:00
[2023-10-18T02:42:22.294+0000] {logging_mixin.py:151} INFO - [2023-10-18T02:42:22.294+0000] {dag.py:3722} INFO - Setting next_dagrun for dataset_produces_2 to None, run_after=None
[2023-10-18T02:42:22.319+0000] {processor.py:179} INFO - Processing /home/airflow/.local/lib/python3.8/site-packages/airflow/example_dags/example_datasets.py took 0.075 seconds
[2023-10-18T02:42:53.129+0000] {processor.py:157} INFO - Started process (PID=1266) to work on /home/airflow/.local/lib/python3.8/site-packages/airflow/example_dags/example_datasets.py
[2023-10-18T02:42:53.130+0000] {processor.py:829} INFO - Processing file /home/airflow/.local/lib/python3.8/site-packages/airflow/example_dags/example_datasets.py for tasks to queue
[2023-10-18T02:42:53.130+0000] {logging_mixin.py:151} INFO - [2023-10-18T02:42:53.130+0000] {dagbag.py:536} INFO - Filling up the DagBag from /home/airflow/.local/lib/python3.8/site-packages/airflow/example_dags/example_datasets.py
[2023-10-18T02:42:53.136+0000] {processor.py:839} INFO - DAG(s) dict_keys(['dataset_consumes_1_never_scheduled', 'dataset_consumes_1_and_2', 'dataset_produces_2', 'dataset_produces_1', 'dataset_consumes_1', 'dataset_consumes_unknown_never_scheduled']) retrieved from /home/airflow/.local/lib/python3.8/site-packages/airflow/example_dags/example_datasets.py
[2023-10-18T02:42:53.161+0000] {logging_mixin.py:151} INFO - [2023-10-18T02:42:53.160+0000] {dag.py:2941} INFO - Sync 6 DAGs
[2023-10-18T02:42:53.173+0000] {logging_mixin.py:151} INFO - [2023-10-18T02:42:53.173+0000] {dag.py:3722} INFO - Setting next_dagrun for dataset_consumes_1 to None, run_after=None
[2023-10-18T02:42:53.175+0000] {logging_mixin.py:151} INFO - [2023-10-18T02:42:53.175+0000] {dag.py:3722} INFO - Setting next_dagrun for dataset_consumes_1_and_2 to None, run_after=None
[2023-10-18T02:42:53.176+0000] {logging_mixin.py:151} INFO - [2023-10-18T02:42:53.176+0000] {dag.py:3722} INFO - Setting next_dagrun for dataset_consumes_1_never_scheduled to None, run_after=None
[2023-10-18T02:42:53.177+0000] {logging_mixin.py:151} INFO - [2023-10-18T02:42:53.177+0000] {dag.py:3722} INFO - Setting next_dagrun for dataset_consumes_unknown_never_scheduled to None, run_after=None
[2023-10-18T02:42:53.178+0000] {logging_mixin.py:151} INFO - [2023-10-18T02:42:53.178+0000] {dag.py:3722} INFO - Setting next_dagrun for dataset_produces_1 to 2023-10-17T00:00:00+00:00, run_after=2023-10-18T00:00:00+00:00
[2023-10-18T02:42:53.179+0000] {logging_mixin.py:151} INFO - [2023-10-18T02:42:53.179+0000] {dag.py:3722} INFO - Setting next_dagrun for dataset_produces_2 to None, run_after=None
[2023-10-18T02:42:53.194+0000] {processor.py:179} INFO - Processing /home/airflow/.local/lib/python3.8/site-packages/airflow/example_dags/example_datasets.py took 0.067 seconds
[2023-10-18T02:43:23.244+0000] {processor.py:157} INFO - Started process (PID=1506) to work on /home/airflow/.local/lib/python3.8/site-packages/airflow/example_dags/example_datasets.py
[2023-10-18T02:43:23.244+0000] {processor.py:829} INFO - Processing file /home/airflow/.local/lib/python3.8/site-packages/airflow/example_dags/example_datasets.py for tasks to queue
[2023-10-18T02:43:23.245+0000] {logging_mixin.py:151} INFO - [2023-10-18T02:43:23.245+0000] {dagbag.py:536} INFO - Filling up the DagBag from /home/airflow/.local/lib/python3.8/site-packages/airflow/example_dags/example_datasets.py
[2023-10-18T02:43:23.251+0000] {processor.py:839} INFO - DAG(s) dict_keys(['dataset_produces_1', 'dataset_consumes_1_and_2', 'dataset_consumes_unknown_never_scheduled', 'dataset_consumes_1', 'dataset_consumes_1_never_scheduled', 'dataset_produces_2']) retrieved from /home/airflow/.local/lib/python3.8/site-packages/airflow/example_dags/example_datasets.py
[2023-10-18T02:43:23.274+0000] {logging_mixin.py:151} INFO - [2023-10-18T02:43:23.273+0000] {dag.py:2941} INFO - Sync 6 DAGs
[2023-10-18T02:43:23.286+0000] {logging_mixin.py:151} INFO - [2023-10-18T02:43:23.286+0000] {dag.py:3722} INFO - Setting next_dagrun for dataset_consumes_1 to None, run_after=None
[2023-10-18T02:43:23.288+0000] {logging_mixin.py:151} INFO - [2023-10-18T02:43:23.287+0000] {dag.py:3722} INFO - Setting next_dagrun for dataset_consumes_1_and_2 to None, run_after=None
[2023-10-18T02:43:23.288+0000] {logging_mixin.py:151} INFO - [2023-10-18T02:43:23.288+0000] {dag.py:3722} INFO - Setting next_dagrun for dataset_consumes_1_never_scheduled to None, run_after=None
[2023-10-18T02:43:23.289+0000] {logging_mixin.py:151} INFO - [2023-10-18T02:43:23.289+0000] {dag.py:3722} INFO - Setting next_dagrun for dataset_consumes_unknown_never_scheduled to None, run_after=None
[2023-10-18T02:43:23.290+0000] {logging_mixin.py:151} INFO - [2023-10-18T02:43:23.290+0000] {dag.py:3722} INFO - Setting next_dagrun for dataset_produces_1 to 2023-10-17T00:00:00+00:00, run_after=2023-10-18T00:00:00+00:00
[2023-10-18T02:43:23.291+0000] {logging_mixin.py:151} INFO - [2023-10-18T02:43:23.291+0000] {dag.py:3722} INFO - Setting next_dagrun for dataset_produces_2 to None, run_after=None
[2023-10-18T02:43:23.306+0000] {processor.py:179} INFO - Processing /home/airflow/.local/lib/python3.8/site-packages/airflow/example_dags/example_datasets.py took 0.064 seconds
[2023-10-18T02:43:53.438+0000] {processor.py:157} INFO - Started process (PID=1741) to work on /home/airflow/.local/lib/python3.8/site-packages/airflow/example_dags/example_datasets.py
[2023-10-18T02:43:53.438+0000] {processor.py:829} INFO - Processing file /home/airflow/.local/lib/python3.8/site-packages/airflow/example_dags/example_datasets.py for tasks to queue
[2023-10-18T02:43:53.439+0000] {logging_mixin.py:151} INFO - [2023-10-18T02:43:53.439+0000] {dagbag.py:536} INFO - Filling up the DagBag from /home/airflow/.local/lib/python3.8/site-packages/airflow/example_dags/example_datasets.py
[2023-10-18T02:43:53.445+0000] {processor.py:839} INFO - DAG(s) dict_keys(['dataset_consumes_unknown_never_scheduled', 'dataset_consumes_1_never_scheduled', 'dataset_produces_1', 'dataset_consumes_1_and_2', 'dataset_consumes_1', 'dataset_produces_2']) retrieved from /home/airflow/.local/lib/python3.8/site-packages/airflow/example_dags/example_datasets.py
[2023-10-18T02:43:53.468+0000] {logging_mixin.py:151} INFO - [2023-10-18T02:43:53.467+0000] {dag.py:2941} INFO - Sync 6 DAGs
[2023-10-18T02:43:53.480+0000] {logging_mixin.py:151} INFO - [2023-10-18T02:43:53.480+0000] {dag.py:3722} INFO - Setting next_dagrun for dataset_consumes_1 to None, run_after=None
[2023-10-18T02:43:53.482+0000] {logging_mixin.py:151} INFO - [2023-10-18T02:43:53.482+0000] {dag.py:3722} INFO - Setting next_dagrun for dataset_consumes_1_and_2 to None, run_after=None
[2023-10-18T02:43:53.483+0000] {logging_mixin.py:151} INFO - [2023-10-18T02:43:53.483+0000] {dag.py:3722} INFO - Setting next_dagrun for dataset_consumes_1_never_scheduled to None, run_after=None
[2023-10-18T02:43:53.484+0000] {logging_mixin.py:151} INFO - [2023-10-18T02:43:53.484+0000] {dag.py:3722} INFO - Setting next_dagrun for dataset_consumes_unknown_never_scheduled to None, run_after=None
[2023-10-18T02:43:53.486+0000] {logging_mixin.py:151} INFO - [2023-10-18T02:43:53.486+0000] {dag.py:3722} INFO - Setting next_dagrun for dataset_produces_1 to 2023-10-17T00:00:00+00:00, run_after=2023-10-18T00:00:00+00:00
[2023-10-18T02:43:53.487+0000] {logging_mixin.py:151} INFO - [2023-10-18T02:43:53.487+0000] {dag.py:3722} INFO - Setting next_dagrun for dataset_produces_2 to None, run_after=None
[2023-10-18T02:43:53.502+0000] {processor.py:179} INFO - Processing /home/airflow/.local/lib/python3.8/site-packages/airflow/example_dags/example_datasets.py took 0.067 seconds
[2023-10-18T02:44:24.365+0000] {processor.py:157} INFO - Started process (PID=1980) to work on /home/airflow/.local/lib/python3.8/site-packages/airflow/example_dags/example_datasets.py
[2023-10-18T02:44:24.366+0000] {processor.py:829} INFO - Processing file /home/airflow/.local/lib/python3.8/site-packages/airflow/example_dags/example_datasets.py for tasks to queue
[2023-10-18T02:44:24.367+0000] {logging_mixin.py:151} INFO - [2023-10-18T02:44:24.366+0000] {dagbag.py:536} INFO - Filling up the DagBag from /home/airflow/.local/lib/python3.8/site-packages/airflow/example_dags/example_datasets.py
[2023-10-18T02:44:24.372+0000] {processor.py:839} INFO - DAG(s) dict_keys(['dataset_produces_1', 'dataset_consumes_unknown_never_scheduled', 'dataset_consumes_1_and_2', 'dataset_produces_2', 'dataset_consumes_1_never_scheduled', 'dataset_consumes_1']) retrieved from /home/airflow/.local/lib/python3.8/site-packages/airflow/example_dags/example_datasets.py
[2023-10-18T02:44:24.394+0000] {logging_mixin.py:151} INFO - [2023-10-18T02:44:24.394+0000] {dag.py:2941} INFO - Sync 6 DAGs
[2023-10-18T02:44:24.405+0000] {logging_mixin.py:151} INFO - [2023-10-18T02:44:24.405+0000] {dag.py:3722} INFO - Setting next_dagrun for dataset_consumes_1 to None, run_after=None
[2023-10-18T02:44:24.407+0000] {logging_mixin.py:151} INFO - [2023-10-18T02:44:24.407+0000] {dag.py:3722} INFO - Setting next_dagrun for dataset_consumes_1_and_2 to None, run_after=None
[2023-10-18T02:44:24.407+0000] {logging_mixin.py:151} INFO - [2023-10-18T02:44:24.407+0000] {dag.py:3722} INFO - Setting next_dagrun for dataset_consumes_1_never_scheduled to None, run_after=None
[2023-10-18T02:44:24.408+0000] {logging_mixin.py:151} INFO - [2023-10-18T02:44:24.408+0000] {dag.py:3722} INFO - Setting next_dagrun for dataset_consumes_unknown_never_scheduled to None, run_after=None
[2023-10-18T02:44:24.409+0000] {logging_mixin.py:151} INFO - [2023-10-18T02:44:24.409+0000] {dag.py:3722} INFO - Setting next_dagrun for dataset_produces_1 to 2023-10-17T00:00:00+00:00, run_after=2023-10-18T00:00:00+00:00
[2023-10-18T02:44:24.410+0000] {logging_mixin.py:151} INFO - [2023-10-18T02:44:24.410+0000] {dag.py:3722} INFO - Setting next_dagrun for dataset_produces_2 to None, run_after=None
[2023-10-18T02:44:24.425+0000] {processor.py:179} INFO - Processing /home/airflow/.local/lib/python3.8/site-packages/airflow/example_dags/example_datasets.py took 0.062 seconds
[2023-10-18T02:44:54.487+0000] {processor.py:157} INFO - Started process (PID=2221) to work on /home/airflow/.local/lib/python3.8/site-packages/airflow/example_dags/example_datasets.py
[2023-10-18T02:44:54.487+0000] {processor.py:829} INFO - Processing file /home/airflow/.local/lib/python3.8/site-packages/airflow/example_dags/example_datasets.py for tasks to queue
[2023-10-18T02:44:54.488+0000] {logging_mixin.py:151} INFO - [2023-10-18T02:44:54.488+0000] {dagbag.py:536} INFO - Filling up the DagBag from /home/airflow/.local/lib/python3.8/site-packages/airflow/example_dags/example_datasets.py
[2023-10-18T02:44:54.493+0000] {processor.py:839} INFO - DAG(s) dict_keys(['dataset_consumes_1', 'dataset_consumes_1_never_scheduled', 'dataset_produces_1', 'dataset_produces_2', 'dataset_consumes_1_and_2', 'dataset_consumes_unknown_never_scheduled']) retrieved from /home/airflow/.local/lib/python3.8/site-packages/airflow/example_dags/example_datasets.py
[2023-10-18T02:44:54.514+0000] {logging_mixin.py:151} INFO - [2023-10-18T02:44:54.514+0000] {dag.py:2941} INFO - Sync 6 DAGs
[2023-10-18T02:44:54.525+0000] {logging_mixin.py:151} INFO - [2023-10-18T02:44:54.525+0000] {dag.py:3722} INFO - Setting next_dagrun for dataset_consumes_1 to None, run_after=None
[2023-10-18T02:44:54.527+0000] {logging_mixin.py:151} INFO - [2023-10-18T02:44:54.527+0000] {dag.py:3722} INFO - Setting next_dagrun for dataset_consumes_1_and_2 to None, run_after=None
[2023-10-18T02:44:54.528+0000] {logging_mixin.py:151} INFO - [2023-10-18T02:44:54.527+0000] {dag.py:3722} INFO - Setting next_dagrun for dataset_consumes_1_never_scheduled to None, run_after=None
[2023-10-18T02:44:54.528+0000] {logging_mixin.py:151} INFO - [2023-10-18T02:44:54.528+0000] {dag.py:3722} INFO - Setting next_dagrun for dataset_consumes_unknown_never_scheduled to None, run_after=None
[2023-10-18T02:44:54.529+0000] {logging_mixin.py:151} INFO - [2023-10-18T02:44:54.529+0000] {dag.py:3722} INFO - Setting next_dagrun for dataset_produces_1 to 2023-10-17T00:00:00+00:00, run_after=2023-10-18T00:00:00+00:00
[2023-10-18T02:44:54.530+0000] {logging_mixin.py:151} INFO - [2023-10-18T02:44:54.530+0000] {dag.py:3722} INFO - Setting next_dagrun for dataset_produces_2 to None, run_after=None
[2023-10-18T02:44:54.544+0000] {processor.py:179} INFO - Processing /home/airflow/.local/lib/python3.8/site-packages/airflow/example_dags/example_datasets.py took 0.059 seconds
[2023-10-18T02:45:24.719+0000] {processor.py:157} INFO - Started process (PID=2457) to work on /home/airflow/.local/lib/python3.8/site-packages/airflow/example_dags/example_datasets.py
[2023-10-18T02:45:24.720+0000] {processor.py:829} INFO - Processing file /home/airflow/.local/lib/python3.8/site-packages/airflow/example_dags/example_datasets.py for tasks to queue
[2023-10-18T02:45:24.721+0000] {logging_mixin.py:151} INFO - [2023-10-18T02:45:24.721+0000] {dagbag.py:536} INFO - Filling up the DagBag from /home/airflow/.local/lib/python3.8/site-packages/airflow/example_dags/example_datasets.py
[2023-10-18T02:45:24.729+0000] {processor.py:839} INFO - DAG(s) dict_keys(['dataset_consumes_unknown_never_scheduled', 'dataset_produces_2', 'dataset_consumes_1_never_scheduled', 'dataset_consumes_1', 'dataset_consumes_1_and_2', 'dataset_produces_1']) retrieved from /home/airflow/.local/lib/python3.8/site-packages/airflow/example_dags/example_datasets.py
[2023-10-18T02:45:24.756+0000] {logging_mixin.py:151} INFO - [2023-10-18T02:45:24.755+0000] {dag.py:2941} INFO - Sync 6 DAGs
[2023-10-18T02:45:24.769+0000] {logging_mixin.py:151} INFO - [2023-10-18T02:45:24.769+0000] {dag.py:3722} INFO - Setting next_dagrun for dataset_consumes_1 to None, run_after=None
[2023-10-18T02:45:24.771+0000] {logging_mixin.py:151} INFO - [2023-10-18T02:45:24.771+0000] {dag.py:3722} INFO - Setting next_dagrun for dataset_consumes_1_and_2 to None, run_after=None
[2023-10-18T02:45:24.772+0000] {logging_mixin.py:151} INFO - [2023-10-18T02:45:24.772+0000] {dag.py:3722} INFO - Setting next_dagrun for dataset_consumes_1_never_scheduled to None, run_after=None
[2023-10-18T02:45:24.773+0000] {logging_mixin.py:151} INFO - [2023-10-18T02:45:24.773+0000] {dag.py:3722} INFO - Setting next_dagrun for dataset_consumes_unknown_never_scheduled to None, run_after=None
[2023-10-18T02:45:24.775+0000] {logging_mixin.py:151} INFO - [2023-10-18T02:45:24.775+0000] {dag.py:3722} INFO - Setting next_dagrun for dataset_produces_1 to 2023-10-17T00:00:00+00:00, run_after=2023-10-18T00:00:00+00:00
[2023-10-18T02:45:24.776+0000] {logging_mixin.py:151} INFO - [2023-10-18T02:45:24.776+0000] {dag.py:3722} INFO - Setting next_dagrun for dataset_produces_2 to None, run_after=None
[2023-10-18T02:45:24.791+0000] {processor.py:179} INFO - Processing /home/airflow/.local/lib/python3.8/site-packages/airflow/example_dags/example_datasets.py took 0.076 seconds
[2023-10-18T02:45:54.848+0000] {processor.py:157} INFO - Started process (PID=2697) to work on /home/airflow/.local/lib/python3.8/site-packages/airflow/example_dags/example_datasets.py
[2023-10-18T02:45:54.849+0000] {processor.py:829} INFO - Processing file /home/airflow/.local/lib/python3.8/site-packages/airflow/example_dags/example_datasets.py for tasks to queue
[2023-10-18T02:45:54.850+0000] {logging_mixin.py:151} INFO - [2023-10-18T02:45:54.849+0000] {dagbag.py:536} INFO - Filling up the DagBag from /home/airflow/.local/lib/python3.8/site-packages/airflow/example_dags/example_datasets.py
[2023-10-18T02:45:54.856+0000] {processor.py:839} INFO - DAG(s) dict_keys(['dataset_consumes_1_never_scheduled', 'dataset_consumes_unknown_never_scheduled', 'dataset_consumes_1', 'dataset_produces_2', 'dataset_produces_1', 'dataset_consumes_1_and_2']) retrieved from /home/airflow/.local/lib/python3.8/site-packages/airflow/example_dags/example_datasets.py
[2023-10-18T02:45:54.877+0000] {logging_mixin.py:151} INFO - [2023-10-18T02:45:54.877+0000] {dag.py:2941} INFO - Sync 6 DAGs
[2023-10-18T02:45:54.889+0000] {logging_mixin.py:151} INFO - [2023-10-18T02:45:54.889+0000] {dag.py:3722} INFO - Setting next_dagrun for dataset_consumes_1 to None, run_after=None
[2023-10-18T02:45:54.892+0000] {logging_mixin.py:151} INFO - [2023-10-18T02:45:54.891+0000] {dag.py:3722} INFO - Setting next_dagrun for dataset_consumes_1_and_2 to None, run_after=None
[2023-10-18T02:45:54.892+0000] {logging_mixin.py:151} INFO - [2023-10-18T02:45:54.892+0000] {dag.py:3722} INFO - Setting next_dagrun for dataset_consumes_1_never_scheduled to None, run_after=None
[2023-10-18T02:45:54.893+0000] {logging_mixin.py:151} INFO - [2023-10-18T02:45:54.893+0000] {dag.py:3722} INFO - Setting next_dagrun for dataset_consumes_unknown_never_scheduled to None, run_after=None
[2023-10-18T02:45:54.894+0000] {logging_mixin.py:151} INFO - [2023-10-18T02:45:54.894+0000] {dag.py:3722} INFO - Setting next_dagrun for dataset_produces_1 to 2023-10-17T00:00:00+00:00, run_after=2023-10-18T00:00:00+00:00
[2023-10-18T02:45:54.897+0000] {logging_mixin.py:151} INFO - [2023-10-18T02:45:54.897+0000] {dag.py:3722} INFO - Setting next_dagrun for dataset_produces_2 to None, run_after=None
[2023-10-18T02:45:54.916+0000] {processor.py:179} INFO - Processing /home/airflow/.local/lib/python3.8/site-packages/airflow/example_dags/example_datasets.py took 0.070 seconds
[2023-10-18T02:46:25.896+0000] {processor.py:157} INFO - Started process (PID=2935) to work on /home/airflow/.local/lib/python3.8/site-packages/airflow/example_dags/example_datasets.py
[2023-10-18T02:46:25.897+0000] {processor.py:829} INFO - Processing file /home/airflow/.local/lib/python3.8/site-packages/airflow/example_dags/example_datasets.py for tasks to queue
[2023-10-18T02:46:25.898+0000] {logging_mixin.py:151} INFO - [2023-10-18T02:46:25.898+0000] {dagbag.py:536} INFO - Filling up the DagBag from /home/airflow/.local/lib/python3.8/site-packages/airflow/example_dags/example_datasets.py
[2023-10-18T02:46:25.908+0000] {processor.py:839} INFO - DAG(s) dict_keys(['dataset_produces_2', 'dataset_consumes_unknown_never_scheduled', 'dataset_produces_1', 'dataset_consumes_1', 'dataset_consumes_1_never_scheduled', 'dataset_consumes_1_and_2']) retrieved from /home/airflow/.local/lib/python3.8/site-packages/airflow/example_dags/example_datasets.py
[2023-10-18T02:46:25.938+0000] {logging_mixin.py:151} INFO - [2023-10-18T02:46:25.938+0000] {dag.py:2941} INFO - Sync 6 DAGs
[2023-10-18T02:46:25.951+0000] {logging_mixin.py:151} INFO - [2023-10-18T02:46:25.951+0000] {dag.py:3722} INFO - Setting next_dagrun for dataset_consumes_1 to None, run_after=None
[2023-10-18T02:46:25.953+0000] {logging_mixin.py:151} INFO - [2023-10-18T02:46:25.953+0000] {dag.py:3722} INFO - Setting next_dagrun for dataset_consumes_1_and_2 to None, run_after=None
[2023-10-18T02:46:25.954+0000] {logging_mixin.py:151} INFO - [2023-10-18T02:46:25.954+0000] {dag.py:3722} INFO - Setting next_dagrun for dataset_consumes_1_never_scheduled to None, run_after=None
[2023-10-18T02:46:25.954+0000] {logging_mixin.py:151} INFO - [2023-10-18T02:46:25.954+0000] {dag.py:3722} INFO - Setting next_dagrun for dataset_consumes_unknown_never_scheduled to None, run_after=None
[2023-10-18T02:46:25.956+0000] {logging_mixin.py:151} INFO - [2023-10-18T02:46:25.956+0000] {dag.py:3722} INFO - Setting next_dagrun for dataset_produces_1 to 2023-10-17T00:00:00+00:00, run_after=2023-10-18T00:00:00+00:00
[2023-10-18T02:46:25.958+0000] {logging_mixin.py:151} INFO - [2023-10-18T02:46:25.957+0000] {dag.py:3722} INFO - Setting next_dagrun for dataset_produces_2 to None, run_after=None
[2023-10-18T02:46:25.974+0000] {processor.py:179} INFO - Processing /home/airflow/.local/lib/python3.8/site-packages/airflow/example_dags/example_datasets.py took 0.082 seconds
[2023-10-18T02:46:56.082+0000] {processor.py:157} INFO - Started process (PID=3173) to work on /home/airflow/.local/lib/python3.8/site-packages/airflow/example_dags/example_datasets.py
[2023-10-18T02:46:56.083+0000] {processor.py:829} INFO - Processing file /home/airflow/.local/lib/python3.8/site-packages/airflow/example_dags/example_datasets.py for tasks to queue
[2023-10-18T02:46:56.084+0000] {logging_mixin.py:151} INFO - [2023-10-18T02:46:56.084+0000] {dagbag.py:536} INFO - Filling up the DagBag from /home/airflow/.local/lib/python3.8/site-packages/airflow/example_dags/example_datasets.py
[2023-10-18T02:46:56.092+0000] {processor.py:839} INFO - DAG(s) dict_keys(['dataset_consumes_1_never_scheduled', 'dataset_produces_1', 'dataset_consumes_unknown_never_scheduled', 'dataset_produces_2', 'dataset_consumes_1_and_2', 'dataset_consumes_1']) retrieved from /home/airflow/.local/lib/python3.8/site-packages/airflow/example_dags/example_datasets.py
[2023-10-18T02:46:56.121+0000] {logging_mixin.py:151} INFO - [2023-10-18T02:46:56.121+0000] {dag.py:2941} INFO - Sync 6 DAGs
[2023-10-18T02:46:56.133+0000] {logging_mixin.py:151} INFO - [2023-10-18T02:46:56.133+0000] {dag.py:3722} INFO - Setting next_dagrun for dataset_consumes_1 to None, run_after=None
[2023-10-18T02:46:56.135+0000] {logging_mixin.py:151} INFO - [2023-10-18T02:46:56.135+0000] {dag.py:3722} INFO - Setting next_dagrun for dataset_consumes_1_and_2 to None, run_after=None
[2023-10-18T02:46:56.136+0000] {logging_mixin.py:151} INFO - [2023-10-18T02:46:56.136+0000] {dag.py:3722} INFO - Setting next_dagrun for dataset_consumes_1_never_scheduled to None, run_after=None
[2023-10-18T02:46:56.137+0000] {logging_mixin.py:151} INFO - [2023-10-18T02:46:56.136+0000] {dag.py:3722} INFO - Setting next_dagrun for dataset_consumes_unknown_never_scheduled to None, run_after=None
[2023-10-18T02:46:56.138+0000] {logging_mixin.py:151} INFO - [2023-10-18T02:46:56.138+0000] {dag.py:3722} INFO - Setting next_dagrun for dataset_produces_1 to 2023-10-17T00:00:00+00:00, run_after=2023-10-18T00:00:00+00:00
[2023-10-18T02:46:56.139+0000] {logging_mixin.py:151} INFO - [2023-10-18T02:46:56.139+0000] {dag.py:3722} INFO - Setting next_dagrun for dataset_produces_2 to None, run_after=None
[2023-10-18T02:46:56.154+0000] {processor.py:179} INFO - Processing /home/airflow/.local/lib/python3.8/site-packages/airflow/example_dags/example_datasets.py took 0.076 seconds
[2023-10-18T02:47:27.089+0000] {processor.py:157} INFO - Started process (PID=3411) to work on /home/airflow/.local/lib/python3.8/site-packages/airflow/example_dags/example_datasets.py
[2023-10-18T02:47:27.090+0000] {processor.py:829} INFO - Processing file /home/airflow/.local/lib/python3.8/site-packages/airflow/example_dags/example_datasets.py for tasks to queue
[2023-10-18T02:47:27.091+0000] {logging_mixin.py:151} INFO - [2023-10-18T02:47:27.091+0000] {dagbag.py:536} INFO - Filling up the DagBag from /home/airflow/.local/lib/python3.8/site-packages/airflow/example_dags/example_datasets.py
[2023-10-18T02:47:27.101+0000] {processor.py:839} INFO - DAG(s) dict_keys(['dataset_produces_2', 'dataset_produces_1', 'dataset_consumes_unknown_never_scheduled', 'dataset_consumes_1_and_2', 'dataset_consumes_1_never_scheduled', 'dataset_consumes_1']) retrieved from /home/airflow/.local/lib/python3.8/site-packages/airflow/example_dags/example_datasets.py
[2023-10-18T02:47:27.130+0000] {logging_mixin.py:151} INFO - [2023-10-18T02:47:27.129+0000] {dag.py:2941} INFO - Sync 6 DAGs
[2023-10-18T02:47:27.142+0000] {logging_mixin.py:151} INFO - [2023-10-18T02:47:27.142+0000] {dag.py:3722} INFO - Setting next_dagrun for dataset_consumes_1 to None, run_after=None
[2023-10-18T02:47:27.144+0000] {logging_mixin.py:151} INFO - [2023-10-18T02:47:27.144+0000] {dag.py:3722} INFO - Setting next_dagrun for dataset_consumes_1_and_2 to None, run_after=None
[2023-10-18T02:47:27.145+0000] {logging_mixin.py:151} INFO - [2023-10-18T02:47:27.145+0000] {dag.py:3722} INFO - Setting next_dagrun for dataset_consumes_1_never_scheduled to None, run_after=None
[2023-10-18T02:47:27.145+0000] {logging_mixin.py:151} INFO - [2023-10-18T02:47:27.145+0000] {dag.py:3722} INFO - Setting next_dagrun for dataset_consumes_unknown_never_scheduled to None, run_after=None
[2023-10-18T02:47:27.147+0000] {logging_mixin.py:151} INFO - [2023-10-18T02:47:27.146+0000] {dag.py:3722} INFO - Setting next_dagrun for dataset_produces_1 to 2023-10-17T00:00:00+00:00, run_after=2023-10-18T00:00:00+00:00
[2023-10-18T02:47:27.147+0000] {logging_mixin.py:151} INFO - [2023-10-18T02:47:27.147+0000] {dag.py:3722} INFO - Setting next_dagrun for dataset_produces_2 to None, run_after=None
[2023-10-18T02:47:27.162+0000] {processor.py:179} INFO - Processing /home/airflow/.local/lib/python3.8/site-packages/airflow/example_dags/example_datasets.py took 0.078 seconds
[2023-10-18T02:47:57.281+0000] {processor.py:157} INFO - Started process (PID=3654) to work on /home/airflow/.local/lib/python3.8/site-packages/airflow/example_dags/example_datasets.py
[2023-10-18T02:47:57.282+0000] {processor.py:829} INFO - Processing file /home/airflow/.local/lib/python3.8/site-packages/airflow/example_dags/example_datasets.py for tasks to queue
[2023-10-18T02:47:57.283+0000] {logging_mixin.py:151} INFO - [2023-10-18T02:47:57.282+0000] {dagbag.py:536} INFO - Filling up the DagBag from /home/airflow/.local/lib/python3.8/site-packages/airflow/example_dags/example_datasets.py
[2023-10-18T02:47:57.289+0000] {processor.py:839} INFO - DAG(s) dict_keys(['dataset_produces_1', 'dataset_consumes_1_never_scheduled', 'dataset_produces_2', 'dataset_consumes_1_and_2', 'dataset_consumes_unknown_never_scheduled', 'dataset_consumes_1']) retrieved from /home/airflow/.local/lib/python3.8/site-packages/airflow/example_dags/example_datasets.py
[2023-10-18T02:47:57.312+0000] {logging_mixin.py:151} INFO - [2023-10-18T02:47:57.312+0000] {dag.py:2941} INFO - Sync 6 DAGs
[2023-10-18T02:47:57.327+0000] {logging_mixin.py:151} INFO - [2023-10-18T02:47:57.326+0000] {dag.py:3722} INFO - Setting next_dagrun for dataset_consumes_1 to None, run_after=None
[2023-10-18T02:47:57.332+0000] {logging_mixin.py:151} INFO - [2023-10-18T02:47:57.332+0000] {dag.py:3722} INFO - Setting next_dagrun for dataset_consumes_1_and_2 to None, run_after=None
[2023-10-18T02:47:57.336+0000] {logging_mixin.py:151} INFO - [2023-10-18T02:47:57.336+0000] {dag.py:3722} INFO - Setting next_dagrun for dataset_consumes_1_never_scheduled to None, run_after=None
[2023-10-18T02:47:57.337+0000] {logging_mixin.py:151} INFO - [2023-10-18T02:47:57.337+0000] {dag.py:3722} INFO - Setting next_dagrun for dataset_consumes_unknown_never_scheduled to None, run_after=None
[2023-10-18T02:47:57.338+0000] {logging_mixin.py:151} INFO - [2023-10-18T02:47:57.338+0000] {dag.py:3722} INFO - Setting next_dagrun for dataset_produces_1 to 2023-10-17T00:00:00+00:00, run_after=2023-10-18T00:00:00+00:00
[2023-10-18T02:47:57.339+0000] {logging_mixin.py:151} INFO - [2023-10-18T02:47:57.339+0000] {dag.py:3722} INFO - Setting next_dagrun for dataset_produces_2 to None, run_after=None
[2023-10-18T02:47:57.355+0000] {processor.py:179} INFO - Processing /home/airflow/.local/lib/python3.8/site-packages/airflow/example_dags/example_datasets.py took 0.076 seconds
[2023-10-18T02:48:27.428+0000] {processor.py:157} INFO - Started process (PID=3895) to work on /home/airflow/.local/lib/python3.8/site-packages/airflow/example_dags/example_datasets.py
[2023-10-18T02:48:27.428+0000] {processor.py:829} INFO - Processing file /home/airflow/.local/lib/python3.8/site-packages/airflow/example_dags/example_datasets.py for tasks to queue
[2023-10-18T02:48:27.429+0000] {logging_mixin.py:151} INFO - [2023-10-18T02:48:27.429+0000] {dagbag.py:536} INFO - Filling up the DagBag from /home/airflow/.local/lib/python3.8/site-packages/airflow/example_dags/example_datasets.py
[2023-10-18T02:48:27.435+0000] {processor.py:839} INFO - DAG(s) dict_keys(['dataset_produces_2', 'dataset_consumes_1_and_2', 'dataset_consumes_1_never_scheduled', 'dataset_consumes_unknown_never_scheduled', 'dataset_produces_1', 'dataset_consumes_1']) retrieved from /home/airflow/.local/lib/python3.8/site-packages/airflow/example_dags/example_datasets.py
[2023-10-18T02:48:27.457+0000] {logging_mixin.py:151} INFO - [2023-10-18T02:48:27.457+0000] {dag.py:2941} INFO - Sync 6 DAGs
[2023-10-18T02:48:27.469+0000] {logging_mixin.py:151} INFO - [2023-10-18T02:48:27.469+0000] {dag.py:3722} INFO - Setting next_dagrun for dataset_consumes_1 to None, run_after=None
[2023-10-18T02:48:27.470+0000] {logging_mixin.py:151} INFO - [2023-10-18T02:48:27.470+0000] {dag.py:3722} INFO - Setting next_dagrun for dataset_consumes_1_and_2 to None, run_after=None
[2023-10-18T02:48:27.471+0000] {logging_mixin.py:151} INFO - [2023-10-18T02:48:27.471+0000] {dag.py:3722} INFO - Setting next_dagrun for dataset_consumes_1_never_scheduled to None, run_after=None
[2023-10-18T02:48:27.472+0000] {logging_mixin.py:151} INFO - [2023-10-18T02:48:27.472+0000] {dag.py:3722} INFO - Setting next_dagrun for dataset_consumes_unknown_never_scheduled to None, run_after=None
[2023-10-18T02:48:27.473+0000] {logging_mixin.py:151} INFO - [2023-10-18T02:48:27.473+0000] {dag.py:3722} INFO - Setting next_dagrun for dataset_produces_1 to 2023-10-17T00:00:00+00:00, run_after=2023-10-18T00:00:00+00:00
[2023-10-18T02:48:27.474+0000] {logging_mixin.py:151} INFO - [2023-10-18T02:48:27.473+0000] {dag.py:3722} INFO - Setting next_dagrun for dataset_produces_2 to None, run_after=None
[2023-10-18T02:48:27.487+0000] {processor.py:179} INFO - Processing /home/airflow/.local/lib/python3.8/site-packages/airflow/example_dags/example_datasets.py took 0.062 seconds
[2023-10-18T02:48:57.561+0000] {processor.py:157} INFO - Started process (PID=4133) to work on /home/airflow/.local/lib/python3.8/site-packages/airflow/example_dags/example_datasets.py
[2023-10-18T02:48:57.561+0000] {processor.py:829} INFO - Processing file /home/airflow/.local/lib/python3.8/site-packages/airflow/example_dags/example_datasets.py for tasks to queue
[2023-10-18T02:48:57.562+0000] {logging_mixin.py:151} INFO - [2023-10-18T02:48:57.562+0000] {dagbag.py:536} INFO - Filling up the DagBag from /home/airflow/.local/lib/python3.8/site-packages/airflow/example_dags/example_datasets.py
[2023-10-18T02:48:57.568+0000] {processor.py:839} INFO - DAG(s) dict_keys(['dataset_produces_1', 'dataset_produces_2', 'dataset_consumes_1', 'dataset_consumes_unknown_never_scheduled', 'dataset_consumes_1_never_scheduled', 'dataset_consumes_1_and_2']) retrieved from /home/airflow/.local/lib/python3.8/site-packages/airflow/example_dags/example_datasets.py
[2023-10-18T02:48:57.589+0000] {logging_mixin.py:151} INFO - [2023-10-18T02:48:57.589+0000] {dag.py:2941} INFO - Sync 6 DAGs
[2023-10-18T02:48:57.601+0000] {logging_mixin.py:151} INFO - [2023-10-18T02:48:57.601+0000] {dag.py:3722} INFO - Setting next_dagrun for dataset_consumes_1 to None, run_after=None
[2023-10-18T02:48:57.603+0000] {logging_mixin.py:151} INFO - [2023-10-18T02:48:57.603+0000] {dag.py:3722} INFO - Setting next_dagrun for dataset_consumes_1_and_2 to None, run_after=None
[2023-10-18T02:48:57.603+0000] {logging_mixin.py:151} INFO - [2023-10-18T02:48:57.603+0000] {dag.py:3722} INFO - Setting next_dagrun for dataset_consumes_1_never_scheduled to None, run_after=None
[2023-10-18T02:48:57.604+0000] {logging_mixin.py:151} INFO - [2023-10-18T02:48:57.604+0000] {dag.py:3722} INFO - Setting next_dagrun for dataset_consumes_unknown_never_scheduled to None, run_after=None
[2023-10-18T02:48:57.605+0000] {logging_mixin.py:151} INFO - [2023-10-18T02:48:57.605+0000] {dag.py:3722} INFO - Setting next_dagrun for dataset_produces_1 to 2023-10-17T00:00:00+00:00, run_after=2023-10-18T00:00:00+00:00
[2023-10-18T02:48:57.606+0000] {logging_mixin.py:151} INFO - [2023-10-18T02:48:57.606+0000] {dag.py:3722} INFO - Setting next_dagrun for dataset_produces_2 to None, run_after=None
[2023-10-18T02:48:57.620+0000] {processor.py:179} INFO - Processing /home/airflow/.local/lib/python3.8/site-packages/airflow/example_dags/example_datasets.py took 0.062 seconds
[2023-10-18T02:49:27.695+0000] {processor.py:157} INFO - Started process (PID=4363) to work on /home/airflow/.local/lib/python3.8/site-packages/airflow/example_dags/example_datasets.py
[2023-10-18T02:49:27.697+0000] {processor.py:829} INFO - Processing file /home/airflow/.local/lib/python3.8/site-packages/airflow/example_dags/example_datasets.py for tasks to queue
[2023-10-18T02:49:27.698+0000] {logging_mixin.py:151} INFO - [2023-10-18T02:49:27.697+0000] {dagbag.py:536} INFO - Filling up the DagBag from /home/airflow/.local/lib/python3.8/site-packages/airflow/example_dags/example_datasets.py
[2023-10-18T02:49:27.710+0000] {processor.py:839} INFO - DAG(s) dict_keys(['dataset_consumes_1_never_scheduled', 'dataset_produces_1', 'dataset_consumes_unknown_never_scheduled', 'dataset_produces_2', 'dataset_consumes_1', 'dataset_consumes_1_and_2']) retrieved from /home/airflow/.local/lib/python3.8/site-packages/airflow/example_dags/example_datasets.py
[2023-10-18T02:49:27.740+0000] {logging_mixin.py:151} INFO - [2023-10-18T02:49:27.740+0000] {dag.py:2941} INFO - Sync 6 DAGs
[2023-10-18T02:49:27.752+0000] {logging_mixin.py:151} INFO - [2023-10-18T02:49:27.752+0000] {dag.py:3722} INFO - Setting next_dagrun for dataset_consumes_1 to None, run_after=None
[2023-10-18T02:49:27.754+0000] {logging_mixin.py:151} INFO - [2023-10-18T02:49:27.754+0000] {dag.py:3722} INFO - Setting next_dagrun for dataset_consumes_1_and_2 to None, run_after=None
[2023-10-18T02:49:27.755+0000] {logging_mixin.py:151} INFO - [2023-10-18T02:49:27.755+0000] {dag.py:3722} INFO - Setting next_dagrun for dataset_consumes_1_never_scheduled to None, run_after=None
[2023-10-18T02:49:27.755+0000] {logging_mixin.py:151} INFO - [2023-10-18T02:49:27.755+0000] {dag.py:3722} INFO - Setting next_dagrun for dataset_consumes_unknown_never_scheduled to None, run_after=None
[2023-10-18T02:49:27.757+0000] {logging_mixin.py:151} INFO - [2023-10-18T02:49:27.757+0000] {dag.py:3722} INFO - Setting next_dagrun for dataset_produces_1 to 2023-10-17T00:00:00+00:00, run_after=2023-10-18T00:00:00+00:00
[2023-10-18T02:49:27.757+0000] {logging_mixin.py:151} INFO - [2023-10-18T02:49:27.757+0000] {dag.py:3722} INFO - Setting next_dagrun for dataset_produces_2 to None, run_after=None
[2023-10-18T02:49:27.775+0000] {processor.py:179} INFO - Processing /home/airflow/.local/lib/python3.8/site-packages/airflow/example_dags/example_datasets.py took 0.084 seconds
[2023-10-18T02:49:57.816+0000] {processor.py:157} INFO - Started process (PID=4601) to work on /home/airflow/.local/lib/python3.8/site-packages/airflow/example_dags/example_datasets.py
[2023-10-18T02:49:57.818+0000] {processor.py:829} INFO - Processing file /home/airflow/.local/lib/python3.8/site-packages/airflow/example_dags/example_datasets.py for tasks to queue
[2023-10-18T02:49:57.819+0000] {logging_mixin.py:151} INFO - [2023-10-18T02:49:57.818+0000] {dagbag.py:536} INFO - Filling up the DagBag from /home/airflow/.local/lib/python3.8/site-packages/airflow/example_dags/example_datasets.py
[2023-10-18T02:49:57.829+0000] {processor.py:839} INFO - DAG(s) dict_keys(['dataset_produces_1', 'dataset_consumes_unknown_never_scheduled', 'dataset_produces_2', 'dataset_consumes_1_and_2', 'dataset_consumes_1', 'dataset_consumes_1_never_scheduled']) retrieved from /home/airflow/.local/lib/python3.8/site-packages/airflow/example_dags/example_datasets.py
[2023-10-18T02:49:57.857+0000] {logging_mixin.py:151} INFO - [2023-10-18T02:49:57.857+0000] {dag.py:2941} INFO - Sync 6 DAGs
[2023-10-18T02:49:57.870+0000] {logging_mixin.py:151} INFO - [2023-10-18T02:49:57.870+0000] {dag.py:3722} INFO - Setting next_dagrun for dataset_consumes_1 to None, run_after=None
[2023-10-18T02:49:57.872+0000] {logging_mixin.py:151} INFO - [2023-10-18T02:49:57.872+0000] {dag.py:3722} INFO - Setting next_dagrun for dataset_consumes_1_and_2 to None, run_after=None
[2023-10-18T02:49:57.872+0000] {logging_mixin.py:151} INFO - [2023-10-18T02:49:57.872+0000] {dag.py:3722} INFO - Setting next_dagrun for dataset_consumes_1_never_scheduled to None, run_after=None
[2023-10-18T02:49:57.873+0000] {logging_mixin.py:151} INFO - [2023-10-18T02:49:57.873+0000] {dag.py:3722} INFO - Setting next_dagrun for dataset_consumes_unknown_never_scheduled to None, run_after=None
[2023-10-18T02:49:57.875+0000] {logging_mixin.py:151} INFO - [2023-10-18T02:49:57.874+0000] {dag.py:3722} INFO - Setting next_dagrun for dataset_produces_1 to 2023-10-17T00:00:00+00:00, run_after=2023-10-18T00:00:00+00:00
[2023-10-18T02:49:57.875+0000] {logging_mixin.py:151} INFO - [2023-10-18T02:49:57.875+0000] {dag.py:3722} INFO - Setting next_dagrun for dataset_produces_2 to None, run_after=None
[2023-10-18T02:49:57.890+0000] {processor.py:179} INFO - Processing /home/airflow/.local/lib/python3.8/site-packages/airflow/example_dags/example_datasets.py took 0.078 seconds
[2023-10-18T02:50:27.945+0000] {processor.py:157} INFO - Started process (PID=4843) to work on /home/airflow/.local/lib/python3.8/site-packages/airflow/example_dags/example_datasets.py
[2023-10-18T02:50:27.945+0000] {processor.py:829} INFO - Processing file /home/airflow/.local/lib/python3.8/site-packages/airflow/example_dags/example_datasets.py for tasks to queue
[2023-10-18T02:50:27.946+0000] {logging_mixin.py:151} INFO - [2023-10-18T02:50:27.946+0000] {dagbag.py:536} INFO - Filling up the DagBag from /home/airflow/.local/lib/python3.8/site-packages/airflow/example_dags/example_datasets.py
[2023-10-18T02:50:27.953+0000] {processor.py:839} INFO - DAG(s) dict_keys(['dataset_produces_2', 'dataset_consumes_unknown_never_scheduled', 'dataset_consumes_1_never_scheduled', 'dataset_produces_1', 'dataset_consumes_1_and_2', 'dataset_consumes_1']) retrieved from /home/airflow/.local/lib/python3.8/site-packages/airflow/example_dags/example_datasets.py
[2023-10-18T02:50:27.978+0000] {logging_mixin.py:151} INFO - [2023-10-18T02:50:27.978+0000] {dag.py:2941} INFO - Sync 6 DAGs
[2023-10-18T02:50:27.991+0000] {logging_mixin.py:151} INFO - [2023-10-18T02:50:27.991+0000] {dag.py:3722} INFO - Setting next_dagrun for dataset_consumes_1 to None, run_after=None
[2023-10-18T02:50:27.993+0000] {logging_mixin.py:151} INFO - [2023-10-18T02:50:27.993+0000] {dag.py:3722} INFO - Setting next_dagrun for dataset_consumes_1_and_2 to None, run_after=None
[2023-10-18T02:50:27.994+0000] {logging_mixin.py:151} INFO - [2023-10-18T02:50:27.994+0000] {dag.py:3722} INFO - Setting next_dagrun for dataset_consumes_1_never_scheduled to None, run_after=None
[2023-10-18T02:50:27.995+0000] {logging_mixin.py:151} INFO - [2023-10-18T02:50:27.995+0000] {dag.py:3722} INFO - Setting next_dagrun for dataset_consumes_unknown_never_scheduled to None, run_after=None
[2023-10-18T02:50:27.996+0000] {logging_mixin.py:151} INFO - [2023-10-18T02:50:27.996+0000] {dag.py:3722} INFO - Setting next_dagrun for dataset_produces_1 to 2023-10-17T00:00:00+00:00, run_after=2023-10-18T00:00:00+00:00
[2023-10-18T02:50:27.997+0000] {logging_mixin.py:151} INFO - [2023-10-18T02:50:27.997+0000] {dag.py:3722} INFO - Setting next_dagrun for dataset_produces_2 to None, run_after=None
[2023-10-18T02:50:28.015+0000] {processor.py:179} INFO - Processing /home/airflow/.local/lib/python3.8/site-packages/airflow/example_dags/example_datasets.py took 0.073 seconds
[2023-10-18T02:50:58.085+0000] {processor.py:157} INFO - Started process (PID=5078) to work on /home/airflow/.local/lib/python3.8/site-packages/airflow/example_dags/example_datasets.py
[2023-10-18T02:50:58.086+0000] {processor.py:829} INFO - Processing file /home/airflow/.local/lib/python3.8/site-packages/airflow/example_dags/example_datasets.py for tasks to queue
[2023-10-18T02:50:58.087+0000] {logging_mixin.py:151} INFO - [2023-10-18T02:50:58.087+0000] {dagbag.py:536} INFO - Filling up the DagBag from /home/airflow/.local/lib/python3.8/site-packages/airflow/example_dags/example_datasets.py
[2023-10-18T02:50:58.096+0000] {processor.py:839} INFO - DAG(s) dict_keys(['dataset_produces_1', 'dataset_consumes_1_never_scheduled', 'dataset_consumes_unknown_never_scheduled', 'dataset_consumes_1', 'dataset_produces_2', 'dataset_consumes_1_and_2']) retrieved from /home/airflow/.local/lib/python3.8/site-packages/airflow/example_dags/example_datasets.py
[2023-10-18T02:50:58.125+0000] {logging_mixin.py:151} INFO - [2023-10-18T02:50:58.125+0000] {dag.py:2941} INFO - Sync 6 DAGs
[2023-10-18T02:50:58.138+0000] {logging_mixin.py:151} INFO - [2023-10-18T02:50:58.138+0000] {dag.py:3722} INFO - Setting next_dagrun for dataset_consumes_1 to None, run_after=None
[2023-10-18T02:50:58.140+0000] {logging_mixin.py:151} INFO - [2023-10-18T02:50:58.140+0000] {dag.py:3722} INFO - Setting next_dagrun for dataset_consumes_1_and_2 to None, run_after=None
[2023-10-18T02:50:58.141+0000] {logging_mixin.py:151} INFO - [2023-10-18T02:50:58.141+0000] {dag.py:3722} INFO - Setting next_dagrun for dataset_consumes_1_never_scheduled to None, run_after=None
[2023-10-18T02:50:58.142+0000] {logging_mixin.py:151} INFO - [2023-10-18T02:50:58.142+0000] {dag.py:3722} INFO - Setting next_dagrun for dataset_consumes_unknown_never_scheduled to None, run_after=None
[2023-10-18T02:50:58.144+0000] {logging_mixin.py:151} INFO - [2023-10-18T02:50:58.144+0000] {dag.py:3722} INFO - Setting next_dagrun for dataset_produces_1 to 2023-10-17T00:00:00+00:00, run_after=2023-10-18T00:00:00+00:00
[2023-10-18T02:50:58.145+0000] {logging_mixin.py:151} INFO - [2023-10-18T02:50:58.145+0000] {dag.py:3722} INFO - Setting next_dagrun for dataset_produces_2 to None, run_after=None
[2023-10-18T02:50:58.163+0000] {processor.py:179} INFO - Processing /home/airflow/.local/lib/python3.8/site-packages/airflow/example_dags/example_datasets.py took 0.082 seconds
[2023-10-18T02:51:28.265+0000] {processor.py:157} INFO - Started process (PID=5316) to work on /home/airflow/.local/lib/python3.8/site-packages/airflow/example_dags/example_datasets.py
[2023-10-18T02:51:28.266+0000] {processor.py:829} INFO - Processing file /home/airflow/.local/lib/python3.8/site-packages/airflow/example_dags/example_datasets.py for tasks to queue
[2023-10-18T02:51:28.267+0000] {logging_mixin.py:151} INFO - [2023-10-18T02:51:28.267+0000] {dagbag.py:536} INFO - Filling up the DagBag from /home/airflow/.local/lib/python3.8/site-packages/airflow/example_dags/example_datasets.py
[2023-10-18T02:51:28.277+0000] {processor.py:839} INFO - DAG(s) dict_keys(['dataset_consumes_1', 'dataset_produces_2', 'dataset_consumes_unknown_never_scheduled', 'dataset_consumes_1_and_2', 'dataset_produces_1', 'dataset_consumes_1_never_scheduled']) retrieved from /home/airflow/.local/lib/python3.8/site-packages/airflow/example_dags/example_datasets.py
[2023-10-18T02:51:28.306+0000] {logging_mixin.py:151} INFO - [2023-10-18T02:51:28.306+0000] {dag.py:2941} INFO - Sync 6 DAGs
[2023-10-18T02:51:28.319+0000] {logging_mixin.py:151} INFO - [2023-10-18T02:51:28.319+0000] {dag.py:3722} INFO - Setting next_dagrun for dataset_consumes_1 to None, run_after=None
[2023-10-18T02:51:28.320+0000] {logging_mixin.py:151} INFO - [2023-10-18T02:51:28.320+0000] {dag.py:3722} INFO - Setting next_dagrun for dataset_consumes_1_and_2 to None, run_after=None
[2023-10-18T02:51:28.321+0000] {logging_mixin.py:151} INFO - [2023-10-18T02:51:28.321+0000] {dag.py:3722} INFO - Setting next_dagrun for dataset_consumes_1_never_scheduled to None, run_after=None
[2023-10-18T02:51:28.322+0000] {logging_mixin.py:151} INFO - [2023-10-18T02:51:28.322+0000] {dag.py:3722} INFO - Setting next_dagrun for dataset_consumes_unknown_never_scheduled to None, run_after=None
[2023-10-18T02:51:28.323+0000] {logging_mixin.py:151} INFO - [2023-10-18T02:51:28.323+0000] {dag.py:3722} INFO - Setting next_dagrun for dataset_produces_1 to 2023-10-17T00:00:00+00:00, run_after=2023-10-18T00:00:00+00:00
[2023-10-18T02:51:28.324+0000] {logging_mixin.py:151} INFO - [2023-10-18T02:51:28.324+0000] {dag.py:3722} INFO - Setting next_dagrun for dataset_produces_2 to None, run_after=None
[2023-10-18T02:51:28.338+0000] {processor.py:179} INFO - Processing /home/airflow/.local/lib/python3.8/site-packages/airflow/example_dags/example_datasets.py took 0.078 seconds
[2023-10-18T02:51:58.418+0000] {processor.py:157} INFO - Started process (PID=5553) to work on /home/airflow/.local/lib/python3.8/site-packages/airflow/example_dags/example_datasets.py
[2023-10-18T02:51:58.420+0000] {processor.py:829} INFO - Processing file /home/airflow/.local/lib/python3.8/site-packages/airflow/example_dags/example_datasets.py for tasks to queue
[2023-10-18T02:51:58.421+0000] {logging_mixin.py:151} INFO - [2023-10-18T02:51:58.421+0000] {dagbag.py:536} INFO - Filling up the DagBag from /home/airflow/.local/lib/python3.8/site-packages/airflow/example_dags/example_datasets.py
[2023-10-18T02:51:58.430+0000] {processor.py:839} INFO - DAG(s) dict_keys(['dataset_consumes_1_and_2', 'dataset_produces_2', 'dataset_produces_1', 'dataset_consumes_unknown_never_scheduled', 'dataset_consumes_1_never_scheduled', 'dataset_consumes_1']) retrieved from /home/airflow/.local/lib/python3.8/site-packages/airflow/example_dags/example_datasets.py
[2023-10-18T02:51:58.458+0000] {logging_mixin.py:151} INFO - [2023-10-18T02:51:58.458+0000] {dag.py:2941} INFO - Sync 6 DAGs
[2023-10-18T02:51:58.471+0000] {logging_mixin.py:151} INFO - [2023-10-18T02:51:58.471+0000] {dag.py:3722} INFO - Setting next_dagrun for dataset_consumes_1 to None, run_after=None
[2023-10-18T02:51:58.472+0000] {logging_mixin.py:151} INFO - [2023-10-18T02:51:58.472+0000] {dag.py:3722} INFO - Setting next_dagrun for dataset_consumes_1_and_2 to None, run_after=None
[2023-10-18T02:51:58.473+0000] {logging_mixin.py:151} INFO - [2023-10-18T02:51:58.473+0000] {dag.py:3722} INFO - Setting next_dagrun for dataset_consumes_1_never_scheduled to None, run_after=None
[2023-10-18T02:51:58.474+0000] {logging_mixin.py:151} INFO - [2023-10-18T02:51:58.474+0000] {dag.py:3722} INFO - Setting next_dagrun for dataset_consumes_unknown_never_scheduled to None, run_after=None
[2023-10-18T02:51:58.475+0000] {logging_mixin.py:151} INFO - [2023-10-18T02:51:58.475+0000] {dag.py:3722} INFO - Setting next_dagrun for dataset_produces_1 to 2023-10-17T00:00:00+00:00, run_after=2023-10-18T00:00:00+00:00
[2023-10-18T02:51:58.476+0000] {logging_mixin.py:151} INFO - [2023-10-18T02:51:58.476+0000] {dag.py:3722} INFO - Setting next_dagrun for dataset_produces_2 to None, run_after=None
[2023-10-18T02:51:58.490+0000] {processor.py:179} INFO - Processing /home/airflow/.local/lib/python3.8/site-packages/airflow/example_dags/example_datasets.py took 0.077 seconds
[2023-10-18T02:52:29.340+0000] {processor.py:157} INFO - Started process (PID=5790) to work on /home/airflow/.local/lib/python3.8/site-packages/airflow/example_dags/example_datasets.py
[2023-10-18T02:52:29.341+0000] {processor.py:829} INFO - Processing file /home/airflow/.local/lib/python3.8/site-packages/airflow/example_dags/example_datasets.py for tasks to queue
[2023-10-18T02:52:29.342+0000] {logging_mixin.py:151} INFO - [2023-10-18T02:52:29.342+0000] {dagbag.py:536} INFO - Filling up the DagBag from /home/airflow/.local/lib/python3.8/site-packages/airflow/example_dags/example_datasets.py
[2023-10-18T02:52:29.349+0000] {processor.py:839} INFO - DAG(s) dict_keys(['dataset_consumes_1_and_2', 'dataset_produces_2', 'dataset_consumes_1_never_scheduled', 'dataset_produces_1', 'dataset_consumes_unknown_never_scheduled', 'dataset_consumes_1']) retrieved from /home/airflow/.local/lib/python3.8/site-packages/airflow/example_dags/example_datasets.py
[2023-10-18T02:52:29.377+0000] {logging_mixin.py:151} INFO - [2023-10-18T02:52:29.377+0000] {dag.py:2941} INFO - Sync 6 DAGs
[2023-10-18T02:52:29.392+0000] {logging_mixin.py:151} INFO - [2023-10-18T02:52:29.392+0000] {dag.py:3722} INFO - Setting next_dagrun for dataset_consumes_1 to None, run_after=None
[2023-10-18T02:52:29.394+0000] {logging_mixin.py:151} INFO - [2023-10-18T02:52:29.394+0000] {dag.py:3722} INFO - Setting next_dagrun for dataset_consumes_1_and_2 to None, run_after=None
[2023-10-18T02:52:29.395+0000] {logging_mixin.py:151} INFO - [2023-10-18T02:52:29.395+0000] {dag.py:3722} INFO - Setting next_dagrun for dataset_consumes_1_never_scheduled to None, run_after=None
[2023-10-18T02:52:29.396+0000] {logging_mixin.py:151} INFO - [2023-10-18T02:52:29.396+0000] {dag.py:3722} INFO - Setting next_dagrun for dataset_consumes_unknown_never_scheduled to None, run_after=None
[2023-10-18T02:52:29.398+0000] {logging_mixin.py:151} INFO - [2023-10-18T02:52:29.398+0000] {dag.py:3722} INFO - Setting next_dagrun for dataset_produces_1 to 2023-10-17T00:00:00+00:00, run_after=2023-10-18T00:00:00+00:00
[2023-10-18T02:52:29.399+0000] {logging_mixin.py:151} INFO - [2023-10-18T02:52:29.399+0000] {dag.py:3722} INFO - Setting next_dagrun for dataset_produces_2 to None, run_after=None
[2023-10-18T02:52:29.416+0000] {processor.py:179} INFO - Processing /home/airflow/.local/lib/python3.8/site-packages/airflow/example_dags/example_datasets.py took 0.079 seconds
[2023-10-18T02:52:59.538+0000] {processor.py:157} INFO - Started process (PID=6028) to work on /home/airflow/.local/lib/python3.8/site-packages/airflow/example_dags/example_datasets.py
[2023-10-18T02:52:59.539+0000] {processor.py:829} INFO - Processing file /home/airflow/.local/lib/python3.8/site-packages/airflow/example_dags/example_datasets.py for tasks to queue
[2023-10-18T02:52:59.540+0000] {logging_mixin.py:151} INFO - [2023-10-18T02:52:59.540+0000] {dagbag.py:536} INFO - Filling up the DagBag from /home/airflow/.local/lib/python3.8/site-packages/airflow/example_dags/example_datasets.py
[2023-10-18T02:52:59.550+0000] {processor.py:839} INFO - DAG(s) dict_keys(['dataset_consumes_unknown_never_scheduled', 'dataset_consumes_1', 'dataset_produces_2', 'dataset_consumes_1_and_2', 'dataset_produces_1', 'dataset_consumes_1_never_scheduled']) retrieved from /home/airflow/.local/lib/python3.8/site-packages/airflow/example_dags/example_datasets.py
[2023-10-18T02:52:59.583+0000] {logging_mixin.py:151} INFO - [2023-10-18T02:52:59.583+0000] {dag.py:2941} INFO - Sync 6 DAGs
[2023-10-18T02:52:59.597+0000] {logging_mixin.py:151} INFO - [2023-10-18T02:52:59.597+0000] {dag.py:3722} INFO - Setting next_dagrun for dataset_consumes_1 to None, run_after=None
[2023-10-18T02:52:59.599+0000] {logging_mixin.py:151} INFO - [2023-10-18T02:52:59.599+0000] {dag.py:3722} INFO - Setting next_dagrun for dataset_consumes_1_and_2 to None, run_after=None
[2023-10-18T02:52:59.600+0000] {logging_mixin.py:151} INFO - [2023-10-18T02:52:59.599+0000] {dag.py:3722} INFO - Setting next_dagrun for dataset_consumes_1_never_scheduled to None, run_after=None
[2023-10-18T02:52:59.600+0000] {logging_mixin.py:151} INFO - [2023-10-18T02:52:59.600+0000] {dag.py:3722} INFO - Setting next_dagrun for dataset_consumes_unknown_never_scheduled to None, run_after=None
[2023-10-18T02:52:59.602+0000] {logging_mixin.py:151} INFO - [2023-10-18T02:52:59.602+0000] {dag.py:3722} INFO - Setting next_dagrun for dataset_produces_1 to 2023-10-17T00:00:00+00:00, run_after=2023-10-18T00:00:00+00:00
[2023-10-18T02:52:59.602+0000] {logging_mixin.py:151} INFO - [2023-10-18T02:52:59.602+0000] {dag.py:3722} INFO - Setting next_dagrun for dataset_produces_2 to None, run_after=None
[2023-10-18T02:52:59.622+0000] {processor.py:179} INFO - Processing /home/airflow/.local/lib/python3.8/site-packages/airflow/example_dags/example_datasets.py took 0.087 seconds
[2023-10-18T02:53:29.685+0000] {processor.py:157} INFO - Started process (PID=6266) to work on /home/airflow/.local/lib/python3.8/site-packages/airflow/example_dags/example_datasets.py
[2023-10-18T02:53:29.686+0000] {processor.py:829} INFO - Processing file /home/airflow/.local/lib/python3.8/site-packages/airflow/example_dags/example_datasets.py for tasks to queue
[2023-10-18T02:53:29.688+0000] {logging_mixin.py:151} INFO - [2023-10-18T02:53:29.687+0000] {dagbag.py:536} INFO - Filling up the DagBag from /home/airflow/.local/lib/python3.8/site-packages/airflow/example_dags/example_datasets.py
[2023-10-18T02:53:29.697+0000] {processor.py:839} INFO - DAG(s) dict_keys(['dataset_produces_1', 'dataset_consumes_1', 'dataset_consumes_1_never_scheduled', 'dataset_consumes_1_and_2', 'dataset_consumes_unknown_never_scheduled', 'dataset_produces_2']) retrieved from /home/airflow/.local/lib/python3.8/site-packages/airflow/example_dags/example_datasets.py
[2023-10-18T02:53:29.724+0000] {logging_mixin.py:151} INFO - [2023-10-18T02:53:29.724+0000] {dag.py:2941} INFO - Sync 6 DAGs
[2023-10-18T02:53:29.738+0000] {logging_mixin.py:151} INFO - [2023-10-18T02:53:29.738+0000] {dag.py:3722} INFO - Setting next_dagrun for dataset_consumes_1 to None, run_after=None
[2023-10-18T02:53:29.740+0000] {logging_mixin.py:151} INFO - [2023-10-18T02:53:29.740+0000] {dag.py:3722} INFO - Setting next_dagrun for dataset_consumes_1_and_2 to None, run_after=None
[2023-10-18T02:53:29.741+0000] {logging_mixin.py:151} INFO - [2023-10-18T02:53:29.741+0000] {dag.py:3722} INFO - Setting next_dagrun for dataset_consumes_1_never_scheduled to None, run_after=None
[2023-10-18T02:53:29.741+0000] {logging_mixin.py:151} INFO - [2023-10-18T02:53:29.741+0000] {dag.py:3722} INFO - Setting next_dagrun for dataset_consumes_unknown_never_scheduled to None, run_after=None
[2023-10-18T02:53:29.743+0000] {logging_mixin.py:151} INFO - [2023-10-18T02:53:29.743+0000] {dag.py:3722} INFO - Setting next_dagrun for dataset_produces_1 to 2023-10-17T00:00:00+00:00, run_after=2023-10-18T00:00:00+00:00
[2023-10-18T02:53:29.744+0000] {logging_mixin.py:151} INFO - [2023-10-18T02:53:29.744+0000] {dag.py:3722} INFO - Setting next_dagrun for dataset_produces_2 to None, run_after=None
[2023-10-18T02:53:29.762+0000] {processor.py:179} INFO - Processing /home/airflow/.local/lib/python3.8/site-packages/airflow/example_dags/example_datasets.py took 0.082 seconds
[2023-10-18T02:54:00.657+0000] {processor.py:157} INFO - Started process (PID=6504) to work on /home/airflow/.local/lib/python3.8/site-packages/airflow/example_dags/example_datasets.py
[2023-10-18T02:54:00.658+0000] {processor.py:829} INFO - Processing file /home/airflow/.local/lib/python3.8/site-packages/airflow/example_dags/example_datasets.py for tasks to queue
[2023-10-18T02:54:00.659+0000] {logging_mixin.py:151} INFO - [2023-10-18T02:54:00.659+0000] {dagbag.py:536} INFO - Filling up the DagBag from /home/airflow/.local/lib/python3.8/site-packages/airflow/example_dags/example_datasets.py
[2023-10-18T02:54:00.667+0000] {processor.py:839} INFO - DAG(s) dict_keys(['dataset_produces_2', 'dataset_consumes_1', 'dataset_consumes_1_and_2', 'dataset_consumes_unknown_never_scheduled', 'dataset_produces_1', 'dataset_consumes_1_never_scheduled']) retrieved from /home/airflow/.local/lib/python3.8/site-packages/airflow/example_dags/example_datasets.py
[2023-10-18T02:54:00.696+0000] {logging_mixin.py:151} INFO - [2023-10-18T02:54:00.696+0000] {dag.py:2941} INFO - Sync 6 DAGs
[2023-10-18T02:54:00.709+0000] {logging_mixin.py:151} INFO - [2023-10-18T02:54:00.708+0000] {dag.py:3722} INFO - Setting next_dagrun for dataset_consumes_1 to None, run_after=None
[2023-10-18T02:54:00.710+0000] {logging_mixin.py:151} INFO - [2023-10-18T02:54:00.710+0000] {dag.py:3722} INFO - Setting next_dagrun for dataset_consumes_1_and_2 to None, run_after=None
[2023-10-18T02:54:00.711+0000] {logging_mixin.py:151} INFO - [2023-10-18T02:54:00.711+0000] {dag.py:3722} INFO - Setting next_dagrun for dataset_consumes_1_never_scheduled to None, run_after=None
[2023-10-18T02:54:00.712+0000] {logging_mixin.py:151} INFO - [2023-10-18T02:54:00.712+0000] {dag.py:3722} INFO - Setting next_dagrun for dataset_consumes_unknown_never_scheduled to None, run_after=None
[2023-10-18T02:54:00.713+0000] {logging_mixin.py:151} INFO - [2023-10-18T02:54:00.713+0000] {dag.py:3722} INFO - Setting next_dagrun for dataset_produces_1 to 2023-10-17T00:00:00+00:00, run_after=2023-10-18T00:00:00+00:00
[2023-10-18T02:54:00.714+0000] {logging_mixin.py:151} INFO - [2023-10-18T02:54:00.714+0000] {dag.py:3722} INFO - Setting next_dagrun for dataset_produces_2 to None, run_after=None
[2023-10-18T02:54:00.728+0000] {processor.py:179} INFO - Processing /home/airflow/.local/lib/python3.8/site-packages/airflow/example_dags/example_datasets.py took 0.074 seconds
