[2023-10-18T02:40:51.887+0000] {processor.py:157} INFO - Started process (PID=331) to work on /home/airflow/.local/lib/python3.8/site-packages/airflow/example_dags/example_branch_python_dop_operator_3.py
[2023-10-18T02:40:51.888+0000] {processor.py:829} INFO - Processing file /home/airflow/.local/lib/python3.8/site-packages/airflow/example_dags/example_branch_python_dop_operator_3.py for tasks to queue
[2023-10-18T02:40:51.889+0000] {logging_mixin.py:151} INFO - [2023-10-18T02:40:51.888+0000] {dagbag.py:536} INFO - Filling up the DagBag from /home/airflow/.local/lib/python3.8/site-packages/airflow/example_dags/example_branch_python_dop_operator_3.py
[2023-10-18T02:40:51.895+0000] {processor.py:839} INFO - DAG(s) dict_keys(['example_branch_dop_operator_v3']) retrieved from /home/airflow/.local/lib/python3.8/site-packages/airflow/example_dags/example_branch_python_dop_operator_3.py
[2023-10-18T02:40:51.909+0000] {logging_mixin.py:151} INFO - [2023-10-18T02:40:51.909+0000] {dag.py:2941} INFO - Sync 1 DAGs
[2023-10-18T02:40:51.924+0000] {logging_mixin.py:151} INFO - [2023-10-18T02:40:51.924+0000] {dag.py:3722} INFO - Setting next_dagrun for example_branch_dop_operator_v3 to 2023-10-18T02:39:00+00:00, run_after=2023-10-18T02:40:00+00:00
[2023-10-18T02:40:51.937+0000] {processor.py:179} INFO - Processing /home/airflow/.local/lib/python3.8/site-packages/airflow/example_dags/example_branch_python_dop_operator_3.py took 0.053 seconds
[2023-10-18T02:41:22.368+0000] {processor.py:157} INFO - Started process (PID=569) to work on /home/airflow/.local/lib/python3.8/site-packages/airflow/example_dags/example_branch_python_dop_operator_3.py
[2023-10-18T02:41:22.369+0000] {processor.py:829} INFO - Processing file /home/airflow/.local/lib/python3.8/site-packages/airflow/example_dags/example_branch_python_dop_operator_3.py for tasks to queue
[2023-10-18T02:41:22.369+0000] {logging_mixin.py:151} INFO - [2023-10-18T02:41:22.369+0000] {dagbag.py:536} INFO - Filling up the DagBag from /home/airflow/.local/lib/python3.8/site-packages/airflow/example_dags/example_branch_python_dop_operator_3.py
[2023-10-18T02:41:22.374+0000] {processor.py:839} INFO - DAG(s) dict_keys(['example_branch_dop_operator_v3']) retrieved from /home/airflow/.local/lib/python3.8/site-packages/airflow/example_dags/example_branch_python_dop_operator_3.py
[2023-10-18T02:41:22.388+0000] {logging_mixin.py:151} INFO - [2023-10-18T02:41:22.388+0000] {dag.py:2941} INFO - Sync 1 DAGs
[2023-10-18T02:41:22.401+0000] {logging_mixin.py:151} INFO - [2023-10-18T02:41:22.400+0000] {dag.py:3722} INFO - Setting next_dagrun for example_branch_dop_operator_v3 to 2023-10-18T02:40:00+00:00, run_after=2023-10-18T02:41:00+00:00
[2023-10-18T02:41:22.409+0000] {processor.py:179} INFO - Processing /home/airflow/.local/lib/python3.8/site-packages/airflow/example_dags/example_branch_python_dop_operator_3.py took 0.043 seconds
[2023-10-18T02:41:52.600+0000] {processor.py:157} INFO - Started process (PID=807) to work on /home/airflow/.local/lib/python3.8/site-packages/airflow/example_dags/example_branch_python_dop_operator_3.py
[2023-10-18T02:41:52.601+0000] {processor.py:829} INFO - Processing file /home/airflow/.local/lib/python3.8/site-packages/airflow/example_dags/example_branch_python_dop_operator_3.py for tasks to queue
[2023-10-18T02:41:52.602+0000] {logging_mixin.py:151} INFO - [2023-10-18T02:41:52.601+0000] {dagbag.py:536} INFO - Filling up the DagBag from /home/airflow/.local/lib/python3.8/site-packages/airflow/example_dags/example_branch_python_dop_operator_3.py
[2023-10-18T02:41:52.607+0000] {processor.py:839} INFO - DAG(s) dict_keys(['example_branch_dop_operator_v3']) retrieved from /home/airflow/.local/lib/python3.8/site-packages/airflow/example_dags/example_branch_python_dop_operator_3.py
[2023-10-18T02:41:52.622+0000] {logging_mixin.py:151} INFO - [2023-10-18T02:41:52.622+0000] {dag.py:2941} INFO - Sync 1 DAGs
[2023-10-18T02:41:52.638+0000] {logging_mixin.py:151} INFO - [2023-10-18T02:41:52.638+0000] {dag.py:3722} INFO - Setting next_dagrun for example_branch_dop_operator_v3 to 2023-10-18T02:40:00+00:00, run_after=2023-10-18T02:41:00+00:00
[2023-10-18T02:41:52.649+0000] {processor.py:179} INFO - Processing /home/airflow/.local/lib/python3.8/site-packages/airflow/example_dags/example_branch_python_dop_operator_3.py took 0.051 seconds
[2023-10-18T02:42:22.707+0000] {processor.py:157} INFO - Started process (PID=1045) to work on /home/airflow/.local/lib/python3.8/site-packages/airflow/example_dags/example_branch_python_dop_operator_3.py
[2023-10-18T02:42:22.708+0000] {processor.py:829} INFO - Processing file /home/airflow/.local/lib/python3.8/site-packages/airflow/example_dags/example_branch_python_dop_operator_3.py for tasks to queue
[2023-10-18T02:42:22.709+0000] {logging_mixin.py:151} INFO - [2023-10-18T02:42:22.708+0000] {dagbag.py:536} INFO - Filling up the DagBag from /home/airflow/.local/lib/python3.8/site-packages/airflow/example_dags/example_branch_python_dop_operator_3.py
[2023-10-18T02:42:22.714+0000] {processor.py:839} INFO - DAG(s) dict_keys(['example_branch_dop_operator_v3']) retrieved from /home/airflow/.local/lib/python3.8/site-packages/airflow/example_dags/example_branch_python_dop_operator_3.py
[2023-10-18T02:42:22.730+0000] {logging_mixin.py:151} INFO - [2023-10-18T02:42:22.730+0000] {dag.py:2941} INFO - Sync 1 DAGs
[2023-10-18T02:42:22.743+0000] {logging_mixin.py:151} INFO - [2023-10-18T02:42:22.743+0000] {dag.py:3722} INFO - Setting next_dagrun for example_branch_dop_operator_v3 to 2023-10-18T02:41:00+00:00, run_after=2023-10-18T02:42:00+00:00
[2023-10-18T02:42:22.754+0000] {processor.py:179} INFO - Processing /home/airflow/.local/lib/python3.8/site-packages/airflow/example_dags/example_branch_python_dop_operator_3.py took 0.049 seconds
[2023-10-18T02:42:53.587+0000] {processor.py:157} INFO - Started process (PID=1331) to work on /home/airflow/.local/lib/python3.8/site-packages/airflow/example_dags/example_branch_python_dop_operator_3.py
[2023-10-18T02:42:53.588+0000] {processor.py:829} INFO - Processing file /home/airflow/.local/lib/python3.8/site-packages/airflow/example_dags/example_branch_python_dop_operator_3.py for tasks to queue
[2023-10-18T02:42:53.588+0000] {logging_mixin.py:151} INFO - [2023-10-18T02:42:53.588+0000] {dagbag.py:536} INFO - Filling up the DagBag from /home/airflow/.local/lib/python3.8/site-packages/airflow/example_dags/example_branch_python_dop_operator_3.py
[2023-10-18T02:42:53.594+0000] {processor.py:839} INFO - DAG(s) dict_keys(['example_branch_dop_operator_v3']) retrieved from /home/airflow/.local/lib/python3.8/site-packages/airflow/example_dags/example_branch_python_dop_operator_3.py
[2023-10-18T02:42:53.611+0000] {logging_mixin.py:151} INFO - [2023-10-18T02:42:53.611+0000] {dag.py:2941} INFO - Sync 1 DAGs
[2023-10-18T02:42:53.625+0000] {logging_mixin.py:151} INFO - [2023-10-18T02:42:53.625+0000] {dag.py:3722} INFO - Setting next_dagrun for example_branch_dop_operator_v3 to 2023-10-18T02:41:00+00:00, run_after=2023-10-18T02:42:00+00:00
[2023-10-18T02:42:53.634+0000] {processor.py:179} INFO - Processing /home/airflow/.local/lib/python3.8/site-packages/airflow/example_dags/example_branch_python_dop_operator_3.py took 0.049 seconds
[2023-10-18T02:43:23.771+0000] {processor.py:157} INFO - Started process (PID=1569) to work on /home/airflow/.local/lib/python3.8/site-packages/airflow/example_dags/example_branch_python_dop_operator_3.py
[2023-10-18T02:43:23.772+0000] {processor.py:829} INFO - Processing file /home/airflow/.local/lib/python3.8/site-packages/airflow/example_dags/example_branch_python_dop_operator_3.py for tasks to queue
[2023-10-18T02:43:23.772+0000] {logging_mixin.py:151} INFO - [2023-10-18T02:43:23.772+0000] {dagbag.py:536} INFO - Filling up the DagBag from /home/airflow/.local/lib/python3.8/site-packages/airflow/example_dags/example_branch_python_dop_operator_3.py
[2023-10-18T02:43:23.778+0000] {processor.py:839} INFO - DAG(s) dict_keys(['example_branch_dop_operator_v3']) retrieved from /home/airflow/.local/lib/python3.8/site-packages/airflow/example_dags/example_branch_python_dop_operator_3.py
[2023-10-18T02:43:23.792+0000] {logging_mixin.py:151} INFO - [2023-10-18T02:43:23.792+0000] {dag.py:2941} INFO - Sync 1 DAGs
[2023-10-18T02:43:23.806+0000] {logging_mixin.py:151} INFO - [2023-10-18T02:43:23.806+0000] {dag.py:3722} INFO - Setting next_dagrun for example_branch_dop_operator_v3 to 2023-10-18T02:42:00+00:00, run_after=2023-10-18T02:43:00+00:00
[2023-10-18T02:43:23.816+0000] {processor.py:179} INFO - Processing /home/airflow/.local/lib/python3.8/site-packages/airflow/example_dags/example_branch_python_dop_operator_3.py took 0.047 seconds
[2023-10-18T02:43:53.887+0000] {processor.py:157} INFO - Started process (PID=1806) to work on /home/airflow/.local/lib/python3.8/site-packages/airflow/example_dags/example_branch_python_dop_operator_3.py
[2023-10-18T02:43:53.887+0000] {processor.py:829} INFO - Processing file /home/airflow/.local/lib/python3.8/site-packages/airflow/example_dags/example_branch_python_dop_operator_3.py for tasks to queue
[2023-10-18T02:43:53.888+0000] {logging_mixin.py:151} INFO - [2023-10-18T02:43:53.888+0000] {dagbag.py:536} INFO - Filling up the DagBag from /home/airflow/.local/lib/python3.8/site-packages/airflow/example_dags/example_branch_python_dop_operator_3.py
[2023-10-18T02:43:53.893+0000] {processor.py:839} INFO - DAG(s) dict_keys(['example_branch_dop_operator_v3']) retrieved from /home/airflow/.local/lib/python3.8/site-packages/airflow/example_dags/example_branch_python_dop_operator_3.py
[2023-10-18T02:43:53.908+0000] {logging_mixin.py:151} INFO - [2023-10-18T02:43:53.907+0000] {dag.py:2941} INFO - Sync 1 DAGs
[2023-10-18T02:43:53.921+0000] {logging_mixin.py:151} INFO - [2023-10-18T02:43:53.920+0000] {dag.py:3722} INFO - Setting next_dagrun for example_branch_dop_operator_v3 to 2023-10-18T02:42:00+00:00, run_after=2023-10-18T02:43:00+00:00
[2023-10-18T02:43:53.931+0000] {processor.py:179} INFO - Processing /home/airflow/.local/lib/python3.8/site-packages/airflow/example_dags/example_branch_python_dop_operator_3.py took 0.047 seconds
[2023-10-18T02:44:24.798+0000] {processor.py:157} INFO - Started process (PID=2045) to work on /home/airflow/.local/lib/python3.8/site-packages/airflow/example_dags/example_branch_python_dop_operator_3.py
[2023-10-18T02:44:24.798+0000] {processor.py:829} INFO - Processing file /home/airflow/.local/lib/python3.8/site-packages/airflow/example_dags/example_branch_python_dop_operator_3.py for tasks to queue
[2023-10-18T02:44:24.799+0000] {logging_mixin.py:151} INFO - [2023-10-18T02:44:24.799+0000] {dagbag.py:536} INFO - Filling up the DagBag from /home/airflow/.local/lib/python3.8/site-packages/airflow/example_dags/example_branch_python_dop_operator_3.py
[2023-10-18T02:44:24.804+0000] {processor.py:839} INFO - DAG(s) dict_keys(['example_branch_dop_operator_v3']) retrieved from /home/airflow/.local/lib/python3.8/site-packages/airflow/example_dags/example_branch_python_dop_operator_3.py
[2023-10-18T02:44:24.818+0000] {logging_mixin.py:151} INFO - [2023-10-18T02:44:24.818+0000] {dag.py:2941} INFO - Sync 1 DAGs
[2023-10-18T02:44:24.831+0000] {logging_mixin.py:151} INFO - [2023-10-18T02:44:24.831+0000] {dag.py:3722} INFO - Setting next_dagrun for example_branch_dop_operator_v3 to 2023-10-18T02:43:00+00:00, run_after=2023-10-18T02:44:00+00:00
[2023-10-18T02:44:24.839+0000] {processor.py:179} INFO - Processing /home/airflow/.local/lib/python3.8/site-packages/airflow/example_dags/example_branch_python_dop_operator_3.py took 0.044 seconds
[2023-10-18T02:44:54.903+0000] {processor.py:157} INFO - Started process (PID=2279) to work on /home/airflow/.local/lib/python3.8/site-packages/airflow/example_dags/example_branch_python_dop_operator_3.py
[2023-10-18T02:44:54.903+0000] {processor.py:829} INFO - Processing file /home/airflow/.local/lib/python3.8/site-packages/airflow/example_dags/example_branch_python_dop_operator_3.py for tasks to queue
[2023-10-18T02:44:54.904+0000] {logging_mixin.py:151} INFO - [2023-10-18T02:44:54.904+0000] {dagbag.py:536} INFO - Filling up the DagBag from /home/airflow/.local/lib/python3.8/site-packages/airflow/example_dags/example_branch_python_dop_operator_3.py
[2023-10-18T02:44:54.909+0000] {processor.py:839} INFO - DAG(s) dict_keys(['example_branch_dop_operator_v3']) retrieved from /home/airflow/.local/lib/python3.8/site-packages/airflow/example_dags/example_branch_python_dop_operator_3.py
[2023-10-18T02:44:54.926+0000] {logging_mixin.py:151} INFO - [2023-10-18T02:44:54.926+0000] {dag.py:2941} INFO - Sync 1 DAGs
[2023-10-18T02:44:54.938+0000] {logging_mixin.py:151} INFO - [2023-10-18T02:44:54.938+0000] {dag.py:3722} INFO - Setting next_dagrun for example_branch_dop_operator_v3 to 2023-10-18T02:43:00+00:00, run_after=2023-10-18T02:44:00+00:00
[2023-10-18T02:44:54.947+0000] {processor.py:179} INFO - Processing /home/airflow/.local/lib/python3.8/site-packages/airflow/example_dags/example_branch_python_dop_operator_3.py took 0.047 seconds
[2023-10-18T02:45:25.244+0000] {processor.py:157} INFO - Started process (PID=2522) to work on /home/airflow/.local/lib/python3.8/site-packages/airflow/example_dags/example_branch_python_dop_operator_3.py
[2023-10-18T02:45:25.245+0000] {processor.py:829} INFO - Processing file /home/airflow/.local/lib/python3.8/site-packages/airflow/example_dags/example_branch_python_dop_operator_3.py for tasks to queue
[2023-10-18T02:45:25.246+0000] {logging_mixin.py:151} INFO - [2023-10-18T02:45:25.245+0000] {dagbag.py:536} INFO - Filling up the DagBag from /home/airflow/.local/lib/python3.8/site-packages/airflow/example_dags/example_branch_python_dop_operator_3.py
[2023-10-18T02:45:25.251+0000] {processor.py:839} INFO - DAG(s) dict_keys(['example_branch_dop_operator_v3']) retrieved from /home/airflow/.local/lib/python3.8/site-packages/airflow/example_dags/example_branch_python_dop_operator_3.py
[2023-10-18T02:45:25.269+0000] {logging_mixin.py:151} INFO - [2023-10-18T02:45:25.268+0000] {dag.py:2941} INFO - Sync 1 DAGs
[2023-10-18T02:45:25.283+0000] {logging_mixin.py:151} INFO - [2023-10-18T02:45:25.283+0000] {dag.py:3722} INFO - Setting next_dagrun for example_branch_dop_operator_v3 to 2023-10-18T02:44:00+00:00, run_after=2023-10-18T02:45:00+00:00
[2023-10-18T02:45:25.292+0000] {processor.py:179} INFO - Processing /home/airflow/.local/lib/python3.8/site-packages/airflow/example_dags/example_branch_python_dop_operator_3.py took 0.050 seconds
[2023-10-18T02:45:55.407+0000] {processor.py:157} INFO - Started process (PID=2762) to work on /home/airflow/.local/lib/python3.8/site-packages/airflow/example_dags/example_branch_python_dop_operator_3.py
[2023-10-18T02:45:55.408+0000] {processor.py:829} INFO - Processing file /home/airflow/.local/lib/python3.8/site-packages/airflow/example_dags/example_branch_python_dop_operator_3.py for tasks to queue
[2023-10-18T02:45:55.408+0000] {logging_mixin.py:151} INFO - [2023-10-18T02:45:55.408+0000] {dagbag.py:536} INFO - Filling up the DagBag from /home/airflow/.local/lib/python3.8/site-packages/airflow/example_dags/example_branch_python_dop_operator_3.py
[2023-10-18T02:45:55.414+0000] {processor.py:839} INFO - DAG(s) dict_keys(['example_branch_dop_operator_v3']) retrieved from /home/airflow/.local/lib/python3.8/site-packages/airflow/example_dags/example_branch_python_dop_operator_3.py
[2023-10-18T02:45:55.437+0000] {logging_mixin.py:151} INFO - [2023-10-18T02:45:55.437+0000] {dag.py:2941} INFO - Sync 1 DAGs
[2023-10-18T02:45:55.453+0000] {logging_mixin.py:151} INFO - [2023-10-18T02:45:55.453+0000] {dag.py:3722} INFO - Setting next_dagrun for example_branch_dop_operator_v3 to 2023-10-18T02:44:00+00:00, run_after=2023-10-18T02:45:00+00:00
[2023-10-18T02:45:55.469+0000] {processor.py:179} INFO - Processing /home/airflow/.local/lib/python3.8/site-packages/airflow/example_dags/example_branch_python_dop_operator_3.py took 0.065 seconds
[2023-10-18T02:46:26.427+0000] {processor.py:157} INFO - Started process (PID=2998) to work on /home/airflow/.local/lib/python3.8/site-packages/airflow/example_dags/example_branch_python_dop_operator_3.py
[2023-10-18T02:46:26.427+0000] {processor.py:829} INFO - Processing file /home/airflow/.local/lib/python3.8/site-packages/airflow/example_dags/example_branch_python_dop_operator_3.py for tasks to queue
[2023-10-18T02:46:26.428+0000] {logging_mixin.py:151} INFO - [2023-10-18T02:46:26.428+0000] {dagbag.py:536} INFO - Filling up the DagBag from /home/airflow/.local/lib/python3.8/site-packages/airflow/example_dags/example_branch_python_dop_operator_3.py
[2023-10-18T02:46:26.433+0000] {processor.py:839} INFO - DAG(s) dict_keys(['example_branch_dop_operator_v3']) retrieved from /home/airflow/.local/lib/python3.8/site-packages/airflow/example_dags/example_branch_python_dop_operator_3.py
[2023-10-18T02:46:26.448+0000] {logging_mixin.py:151} INFO - [2023-10-18T02:46:26.448+0000] {dag.py:2941} INFO - Sync 1 DAGs
[2023-10-18T02:46:26.465+0000] {logging_mixin.py:151} INFO - [2023-10-18T02:46:26.465+0000] {dag.py:3722} INFO - Setting next_dagrun for example_branch_dop_operator_v3 to 2023-10-18T02:45:00+00:00, run_after=2023-10-18T02:46:00+00:00
[2023-10-18T02:46:26.478+0000] {processor.py:179} INFO - Processing /home/airflow/.local/lib/python3.8/site-packages/airflow/example_dags/example_branch_python_dop_operator_3.py took 0.053 seconds
[2023-10-18T02:46:56.520+0000] {processor.py:157} INFO - Started process (PID=3236) to work on /home/airflow/.local/lib/python3.8/site-packages/airflow/example_dags/example_branch_python_dop_operator_3.py
[2023-10-18T02:46:56.521+0000] {processor.py:829} INFO - Processing file /home/airflow/.local/lib/python3.8/site-packages/airflow/example_dags/example_branch_python_dop_operator_3.py for tasks to queue
[2023-10-18T02:46:56.522+0000] {logging_mixin.py:151} INFO - [2023-10-18T02:46:56.522+0000] {dagbag.py:536} INFO - Filling up the DagBag from /home/airflow/.local/lib/python3.8/site-packages/airflow/example_dags/example_branch_python_dop_operator_3.py
[2023-10-18T02:46:56.527+0000] {processor.py:839} INFO - DAG(s) dict_keys(['example_branch_dop_operator_v3']) retrieved from /home/airflow/.local/lib/python3.8/site-packages/airflow/example_dags/example_branch_python_dop_operator_3.py
[2023-10-18T02:46:56.541+0000] {logging_mixin.py:151} INFO - [2023-10-18T02:46:56.541+0000] {dag.py:2941} INFO - Sync 1 DAGs
[2023-10-18T02:46:56.555+0000] {logging_mixin.py:151} INFO - [2023-10-18T02:46:56.555+0000] {dag.py:3722} INFO - Setting next_dagrun for example_branch_dop_operator_v3 to 2023-10-18T02:45:00+00:00, run_after=2023-10-18T02:46:00+00:00
[2023-10-18T02:46:56.564+0000] {processor.py:179} INFO - Processing /home/airflow/.local/lib/python3.8/site-packages/airflow/example_dags/example_branch_python_dop_operator_3.py took 0.045 seconds
[2023-10-18T02:47:27.537+0000] {processor.py:157} INFO - Started process (PID=3474) to work on /home/airflow/.local/lib/python3.8/site-packages/airflow/example_dags/example_branch_python_dop_operator_3.py
[2023-10-18T02:47:27.538+0000] {processor.py:829} INFO - Processing file /home/airflow/.local/lib/python3.8/site-packages/airflow/example_dags/example_branch_python_dop_operator_3.py for tasks to queue
[2023-10-18T02:47:27.539+0000] {logging_mixin.py:151} INFO - [2023-10-18T02:47:27.539+0000] {dagbag.py:536} INFO - Filling up the DagBag from /home/airflow/.local/lib/python3.8/site-packages/airflow/example_dags/example_branch_python_dop_operator_3.py
[2023-10-18T02:47:27.544+0000] {processor.py:839} INFO - DAG(s) dict_keys(['example_branch_dop_operator_v3']) retrieved from /home/airflow/.local/lib/python3.8/site-packages/airflow/example_dags/example_branch_python_dop_operator_3.py
[2023-10-18T02:47:27.559+0000] {logging_mixin.py:151} INFO - [2023-10-18T02:47:27.559+0000] {dag.py:2941} INFO - Sync 1 DAGs
[2023-10-18T02:47:27.573+0000] {logging_mixin.py:151} INFO - [2023-10-18T02:47:27.573+0000] {dag.py:3722} INFO - Setting next_dagrun for example_branch_dop_operator_v3 to 2023-10-18T02:46:00+00:00, run_after=2023-10-18T02:47:00+00:00
[2023-10-18T02:47:27.582+0000] {processor.py:179} INFO - Processing /home/airflow/.local/lib/python3.8/site-packages/airflow/example_dags/example_branch_python_dop_operator_3.py took 0.047 seconds
[2023-10-18T02:47:57.695+0000] {processor.py:157} INFO - Started process (PID=3712) to work on /home/airflow/.local/lib/python3.8/site-packages/airflow/example_dags/example_branch_python_dop_operator_3.py
[2023-10-18T02:47:57.695+0000] {processor.py:829} INFO - Processing file /home/airflow/.local/lib/python3.8/site-packages/airflow/example_dags/example_branch_python_dop_operator_3.py for tasks to queue
[2023-10-18T02:47:57.696+0000] {logging_mixin.py:151} INFO - [2023-10-18T02:47:57.696+0000] {dagbag.py:536} INFO - Filling up the DagBag from /home/airflow/.local/lib/python3.8/site-packages/airflow/example_dags/example_branch_python_dop_operator_3.py
[2023-10-18T02:47:57.701+0000] {processor.py:839} INFO - DAG(s) dict_keys(['example_branch_dop_operator_v3']) retrieved from /home/airflow/.local/lib/python3.8/site-packages/airflow/example_dags/example_branch_python_dop_operator_3.py
[2023-10-18T02:47:57.718+0000] {logging_mixin.py:151} INFO - [2023-10-18T02:47:57.718+0000] {dag.py:2941} INFO - Sync 1 DAGs
[2023-10-18T02:47:57.732+0000] {logging_mixin.py:151} INFO - [2023-10-18T02:47:57.732+0000] {dag.py:3722} INFO - Setting next_dagrun for example_branch_dop_operator_v3 to 2023-10-18T02:46:00+00:00, run_after=2023-10-18T02:47:00+00:00
[2023-10-18T02:47:57.742+0000] {processor.py:179} INFO - Processing /home/airflow/.local/lib/python3.8/site-packages/airflow/example_dags/example_branch_python_dop_operator_3.py took 0.050 seconds
[2023-10-18T02:48:27.855+0000] {processor.py:157} INFO - Started process (PID=3952) to work on /home/airflow/.local/lib/python3.8/site-packages/airflow/example_dags/example_branch_python_dop_operator_3.py
[2023-10-18T02:48:27.855+0000] {processor.py:829} INFO - Processing file /home/airflow/.local/lib/python3.8/site-packages/airflow/example_dags/example_branch_python_dop_operator_3.py for tasks to queue
[2023-10-18T02:48:27.856+0000] {logging_mixin.py:151} INFO - [2023-10-18T02:48:27.856+0000] {dagbag.py:536} INFO - Filling up the DagBag from /home/airflow/.local/lib/python3.8/site-packages/airflow/example_dags/example_branch_python_dop_operator_3.py
[2023-10-18T02:48:27.861+0000] {processor.py:839} INFO - DAG(s) dict_keys(['example_branch_dop_operator_v3']) retrieved from /home/airflow/.local/lib/python3.8/site-packages/airflow/example_dags/example_branch_python_dop_operator_3.py
[2023-10-18T02:48:27.877+0000] {logging_mixin.py:151} INFO - [2023-10-18T02:48:27.877+0000] {dag.py:2941} INFO - Sync 1 DAGs
[2023-10-18T02:48:27.891+0000] {logging_mixin.py:151} INFO - [2023-10-18T02:48:27.891+0000] {dag.py:3722} INFO - Setting next_dagrun for example_branch_dop_operator_v3 to 2023-10-18T02:47:00+00:00, run_after=2023-10-18T02:48:00+00:00
[2023-10-18T02:48:27.902+0000] {processor.py:179} INFO - Processing /home/airflow/.local/lib/python3.8/site-packages/airflow/example_dags/example_branch_python_dop_operator_3.py took 0.049 seconds
[2023-10-18T02:48:58.026+0000] {processor.py:157} INFO - Started process (PID=4188) to work on /home/airflow/.local/lib/python3.8/site-packages/airflow/example_dags/example_branch_python_dop_operator_3.py
[2023-10-18T02:48:58.027+0000] {processor.py:829} INFO - Processing file /home/airflow/.local/lib/python3.8/site-packages/airflow/example_dags/example_branch_python_dop_operator_3.py for tasks to queue
[2023-10-18T02:48:58.027+0000] {logging_mixin.py:151} INFO - [2023-10-18T02:48:58.027+0000] {dagbag.py:536} INFO - Filling up the DagBag from /home/airflow/.local/lib/python3.8/site-packages/airflow/example_dags/example_branch_python_dop_operator_3.py
[2023-10-18T02:48:58.033+0000] {processor.py:839} INFO - DAG(s) dict_keys(['example_branch_dop_operator_v3']) retrieved from /home/airflow/.local/lib/python3.8/site-packages/airflow/example_dags/example_branch_python_dop_operator_3.py
[2023-10-18T02:48:58.048+0000] {logging_mixin.py:151} INFO - [2023-10-18T02:48:58.048+0000] {dag.py:2941} INFO - Sync 1 DAGs
[2023-10-18T02:48:58.062+0000] {logging_mixin.py:151} INFO - [2023-10-18T02:48:58.062+0000] {dag.py:3722} INFO - Setting next_dagrun for example_branch_dop_operator_v3 to 2023-10-18T02:47:00+00:00, run_after=2023-10-18T02:48:00+00:00
[2023-10-18T02:48:58.071+0000] {processor.py:179} INFO - Processing /home/airflow/.local/lib/python3.8/site-packages/airflow/example_dags/example_branch_python_dop_operator_3.py took 0.047 seconds
[2023-10-18T02:49:28.155+0000] {processor.py:157} INFO - Started process (PID=4426) to work on /home/airflow/.local/lib/python3.8/site-packages/airflow/example_dags/example_branch_python_dop_operator_3.py
[2023-10-18T02:49:28.156+0000] {processor.py:829} INFO - Processing file /home/airflow/.local/lib/python3.8/site-packages/airflow/example_dags/example_branch_python_dop_operator_3.py for tasks to queue
[2023-10-18T02:49:28.157+0000] {logging_mixin.py:151} INFO - [2023-10-18T02:49:28.157+0000] {dagbag.py:536} INFO - Filling up the DagBag from /home/airflow/.local/lib/python3.8/site-packages/airflow/example_dags/example_branch_python_dop_operator_3.py
[2023-10-18T02:49:28.162+0000] {processor.py:839} INFO - DAG(s) dict_keys(['example_branch_dop_operator_v3']) retrieved from /home/airflow/.local/lib/python3.8/site-packages/airflow/example_dags/example_branch_python_dop_operator_3.py
[2023-10-18T02:49:28.180+0000] {logging_mixin.py:151} INFO - [2023-10-18T02:49:28.180+0000] {dag.py:2941} INFO - Sync 1 DAGs
[2023-10-18T02:49:28.195+0000] {logging_mixin.py:151} INFO - [2023-10-18T02:49:28.195+0000] {dag.py:3722} INFO - Setting next_dagrun for example_branch_dop_operator_v3 to 2023-10-18T02:48:00+00:00, run_after=2023-10-18T02:49:00+00:00
[2023-10-18T02:49:28.207+0000] {processor.py:179} INFO - Processing /home/airflow/.local/lib/python3.8/site-packages/airflow/example_dags/example_branch_python_dop_operator_3.py took 0.055 seconds
[2023-10-18T02:49:58.235+0000] {processor.py:157} INFO - Started process (PID=4664) to work on /home/airflow/.local/lib/python3.8/site-packages/airflow/example_dags/example_branch_python_dop_operator_3.py
[2023-10-18T02:49:58.235+0000] {processor.py:829} INFO - Processing file /home/airflow/.local/lib/python3.8/site-packages/airflow/example_dags/example_branch_python_dop_operator_3.py for tasks to queue
[2023-10-18T02:49:58.236+0000] {logging_mixin.py:151} INFO - [2023-10-18T02:49:58.236+0000] {dagbag.py:536} INFO - Filling up the DagBag from /home/airflow/.local/lib/python3.8/site-packages/airflow/example_dags/example_branch_python_dop_operator_3.py
[2023-10-18T02:49:58.241+0000] {processor.py:839} INFO - DAG(s) dict_keys(['example_branch_dop_operator_v3']) retrieved from /home/airflow/.local/lib/python3.8/site-packages/airflow/example_dags/example_branch_python_dop_operator_3.py
[2023-10-18T02:49:58.255+0000] {logging_mixin.py:151} INFO - [2023-10-18T02:49:58.255+0000] {dag.py:2941} INFO - Sync 1 DAGs
[2023-10-18T02:49:58.268+0000] {logging_mixin.py:151} INFO - [2023-10-18T02:49:58.268+0000] {dag.py:3722} INFO - Setting next_dagrun for example_branch_dop_operator_v3 to 2023-10-18T02:48:00+00:00, run_after=2023-10-18T02:49:00+00:00
[2023-10-18T02:49:58.277+0000] {processor.py:179} INFO - Processing /home/airflow/.local/lib/python3.8/site-packages/airflow/example_dags/example_branch_python_dop_operator_3.py took 0.044 seconds
[2023-10-18T02:50:28.326+0000] {processor.py:157} INFO - Started process (PID=4898) to work on /home/airflow/.local/lib/python3.8/site-packages/airflow/example_dags/example_branch_python_dop_operator_3.py
[2023-10-18T02:50:28.326+0000] {processor.py:829} INFO - Processing file /home/airflow/.local/lib/python3.8/site-packages/airflow/example_dags/example_branch_python_dop_operator_3.py for tasks to queue
[2023-10-18T02:50:28.327+0000] {logging_mixin.py:151} INFO - [2023-10-18T02:50:28.327+0000] {dagbag.py:536} INFO - Filling up the DagBag from /home/airflow/.local/lib/python3.8/site-packages/airflow/example_dags/example_branch_python_dop_operator_3.py
[2023-10-18T02:50:28.333+0000] {processor.py:839} INFO - DAG(s) dict_keys(['example_branch_dop_operator_v3']) retrieved from /home/airflow/.local/lib/python3.8/site-packages/airflow/example_dags/example_branch_python_dop_operator_3.py
[2023-10-18T02:50:28.349+0000] {logging_mixin.py:151} INFO - [2023-10-18T02:50:28.349+0000] {dag.py:2941} INFO - Sync 1 DAGs
[2023-10-18T02:50:28.362+0000] {logging_mixin.py:151} INFO - [2023-10-18T02:50:28.362+0000] {dag.py:3722} INFO - Setting next_dagrun for example_branch_dop_operator_v3 to 2023-10-18T02:49:00+00:00, run_after=2023-10-18T02:50:00+00:00
[2023-10-18T02:50:28.372+0000] {processor.py:179} INFO - Processing /home/airflow/.local/lib/python3.8/site-packages/airflow/example_dags/example_branch_python_dop_operator_3.py took 0.048 seconds
[2023-10-18T02:50:58.483+0000] {processor.py:157} INFO - Started process (PID=5136) to work on /home/airflow/.local/lib/python3.8/site-packages/airflow/example_dags/example_branch_python_dop_operator_3.py
[2023-10-18T02:50:58.483+0000] {processor.py:829} INFO - Processing file /home/airflow/.local/lib/python3.8/site-packages/airflow/example_dags/example_branch_python_dop_operator_3.py for tasks to queue
[2023-10-18T02:50:58.484+0000] {logging_mixin.py:151} INFO - [2023-10-18T02:50:58.483+0000] {dagbag.py:536} INFO - Filling up the DagBag from /home/airflow/.local/lib/python3.8/site-packages/airflow/example_dags/example_branch_python_dop_operator_3.py
[2023-10-18T02:50:58.488+0000] {processor.py:839} INFO - DAG(s) dict_keys(['example_branch_dop_operator_v3']) retrieved from /home/airflow/.local/lib/python3.8/site-packages/airflow/example_dags/example_branch_python_dop_operator_3.py
[2023-10-18T02:50:58.506+0000] {logging_mixin.py:151} INFO - [2023-10-18T02:50:58.506+0000] {dag.py:2941} INFO - Sync 1 DAGs
[2023-10-18T02:50:58.521+0000] {logging_mixin.py:151} INFO - [2023-10-18T02:50:58.521+0000] {dag.py:3722} INFO - Setting next_dagrun for example_branch_dop_operator_v3 to 2023-10-18T02:49:00+00:00, run_after=2023-10-18T02:50:00+00:00
[2023-10-18T02:50:58.530+0000] {processor.py:179} INFO - Processing /home/airflow/.local/lib/python3.8/site-packages/airflow/example_dags/example_branch_python_dop_operator_3.py took 0.049 seconds
[2023-10-18T02:51:28.637+0000] {processor.py:157} INFO - Started process (PID=5374) to work on /home/airflow/.local/lib/python3.8/site-packages/airflow/example_dags/example_branch_python_dop_operator_3.py
[2023-10-18T02:51:28.638+0000] {processor.py:829} INFO - Processing file /home/airflow/.local/lib/python3.8/site-packages/airflow/example_dags/example_branch_python_dop_operator_3.py for tasks to queue
[2023-10-18T02:51:28.639+0000] {logging_mixin.py:151} INFO - [2023-10-18T02:51:28.638+0000] {dagbag.py:536} INFO - Filling up the DagBag from /home/airflow/.local/lib/python3.8/site-packages/airflow/example_dags/example_branch_python_dop_operator_3.py
[2023-10-18T02:51:28.644+0000] {processor.py:839} INFO - DAG(s) dict_keys(['example_branch_dop_operator_v3']) retrieved from /home/airflow/.local/lib/python3.8/site-packages/airflow/example_dags/example_branch_python_dop_operator_3.py
[2023-10-18T02:51:28.659+0000] {logging_mixin.py:151} INFO - [2023-10-18T02:51:28.659+0000] {dag.py:2941} INFO - Sync 1 DAGs
[2023-10-18T02:51:28.672+0000] {logging_mixin.py:151} INFO - [2023-10-18T02:51:28.672+0000] {dag.py:3722} INFO - Setting next_dagrun for example_branch_dop_operator_v3 to 2023-10-18T02:50:00+00:00, run_after=2023-10-18T02:51:00+00:00
[2023-10-18T02:51:28.681+0000] {processor.py:179} INFO - Processing /home/airflow/.local/lib/python3.8/site-packages/airflow/example_dags/example_branch_python_dop_operator_3.py took 0.046 seconds
[2023-10-18T02:51:58.786+0000] {processor.py:157} INFO - Started process (PID=5611) to work on /home/airflow/.local/lib/python3.8/site-packages/airflow/example_dags/example_branch_python_dop_operator_3.py
[2023-10-18T02:51:58.787+0000] {processor.py:829} INFO - Processing file /home/airflow/.local/lib/python3.8/site-packages/airflow/example_dags/example_branch_python_dop_operator_3.py for tasks to queue
[2023-10-18T02:51:58.788+0000] {logging_mixin.py:151} INFO - [2023-10-18T02:51:58.787+0000] {dagbag.py:536} INFO - Filling up the DagBag from /home/airflow/.local/lib/python3.8/site-packages/airflow/example_dags/example_branch_python_dop_operator_3.py
[2023-10-18T02:51:58.793+0000] {processor.py:839} INFO - DAG(s) dict_keys(['example_branch_dop_operator_v3']) retrieved from /home/airflow/.local/lib/python3.8/site-packages/airflow/example_dags/example_branch_python_dop_operator_3.py
[2023-10-18T02:51:58.807+0000] {logging_mixin.py:151} INFO - [2023-10-18T02:51:58.807+0000] {dag.py:2941} INFO - Sync 1 DAGs
[2023-10-18T02:51:58.822+0000] {logging_mixin.py:151} INFO - [2023-10-18T02:51:58.822+0000] {dag.py:3722} INFO - Setting next_dagrun for example_branch_dop_operator_v3 to 2023-10-18T02:50:00+00:00, run_after=2023-10-18T02:51:00+00:00
[2023-10-18T02:51:58.831+0000] {processor.py:179} INFO - Processing /home/airflow/.local/lib/python3.8/site-packages/airflow/example_dags/example_branch_python_dop_operator_3.py took 0.047 seconds
[2023-10-18T02:52:29.802+0000] {processor.py:157} INFO - Started process (PID=5848) to work on /home/airflow/.local/lib/python3.8/site-packages/airflow/example_dags/example_branch_python_dop_operator_3.py
[2023-10-18T02:52:29.803+0000] {processor.py:829} INFO - Processing file /home/airflow/.local/lib/python3.8/site-packages/airflow/example_dags/example_branch_python_dop_operator_3.py for tasks to queue
[2023-10-18T02:52:29.803+0000] {logging_mixin.py:151} INFO - [2023-10-18T02:52:29.803+0000] {dagbag.py:536} INFO - Filling up the DagBag from /home/airflow/.local/lib/python3.8/site-packages/airflow/example_dags/example_branch_python_dop_operator_3.py
[2023-10-18T02:52:29.809+0000] {processor.py:839} INFO - DAG(s) dict_keys(['example_branch_dop_operator_v3']) retrieved from /home/airflow/.local/lib/python3.8/site-packages/airflow/example_dags/example_branch_python_dop_operator_3.py
[2023-10-18T02:52:29.827+0000] {logging_mixin.py:151} INFO - [2023-10-18T02:52:29.827+0000] {dag.py:2941} INFO - Sync 1 DAGs
[2023-10-18T02:52:29.842+0000] {logging_mixin.py:151} INFO - [2023-10-18T02:52:29.842+0000] {dag.py:3722} INFO - Setting next_dagrun for example_branch_dop_operator_v3 to 2023-10-18T02:51:00+00:00, run_after=2023-10-18T02:52:00+00:00
[2023-10-18T02:52:29.850+0000] {processor.py:179} INFO - Processing /home/airflow/.local/lib/python3.8/site-packages/airflow/example_dags/example_branch_python_dop_operator_3.py took 0.051 seconds
[2023-10-18T02:52:59.936+0000] {processor.py:157} INFO - Started process (PID=6086) to work on /home/airflow/.local/lib/python3.8/site-packages/airflow/example_dags/example_branch_python_dop_operator_3.py
[2023-10-18T02:52:59.936+0000] {processor.py:829} INFO - Processing file /home/airflow/.local/lib/python3.8/site-packages/airflow/example_dags/example_branch_python_dop_operator_3.py for tasks to queue
[2023-10-18T02:52:59.937+0000] {logging_mixin.py:151} INFO - [2023-10-18T02:52:59.937+0000] {dagbag.py:536} INFO - Filling up the DagBag from /home/airflow/.local/lib/python3.8/site-packages/airflow/example_dags/example_branch_python_dop_operator_3.py
[2023-10-18T02:52:59.942+0000] {processor.py:839} INFO - DAG(s) dict_keys(['example_branch_dop_operator_v3']) retrieved from /home/airflow/.local/lib/python3.8/site-packages/airflow/example_dags/example_branch_python_dop_operator_3.py
[2023-10-18T02:52:59.958+0000] {logging_mixin.py:151} INFO - [2023-10-18T02:52:59.958+0000] {dag.py:2941} INFO - Sync 1 DAGs
[2023-10-18T02:52:59.972+0000] {logging_mixin.py:151} INFO - [2023-10-18T02:52:59.972+0000] {dag.py:3722} INFO - Setting next_dagrun for example_branch_dop_operator_v3 to 2023-10-18T02:51:00+00:00, run_after=2023-10-18T02:52:00+00:00
[2023-10-18T02:52:59.982+0000] {processor.py:179} INFO - Processing /home/airflow/.local/lib/python3.8/site-packages/airflow/example_dags/example_branch_python_dop_operator_3.py took 0.049 seconds
[2023-10-18T02:53:30.067+0000] {processor.py:157} INFO - Started process (PID=6324) to work on /home/airflow/.local/lib/python3.8/site-packages/airflow/example_dags/example_branch_python_dop_operator_3.py
[2023-10-18T02:53:30.067+0000] {processor.py:829} INFO - Processing file /home/airflow/.local/lib/python3.8/site-packages/airflow/example_dags/example_branch_python_dop_operator_3.py for tasks to queue
[2023-10-18T02:53:30.068+0000] {logging_mixin.py:151} INFO - [2023-10-18T02:53:30.068+0000] {dagbag.py:536} INFO - Filling up the DagBag from /home/airflow/.local/lib/python3.8/site-packages/airflow/example_dags/example_branch_python_dop_operator_3.py
[2023-10-18T02:53:30.073+0000] {processor.py:839} INFO - DAG(s) dict_keys(['example_branch_dop_operator_v3']) retrieved from /home/airflow/.local/lib/python3.8/site-packages/airflow/example_dags/example_branch_python_dop_operator_3.py
[2023-10-18T02:53:30.088+0000] {logging_mixin.py:151} INFO - [2023-10-18T02:53:30.088+0000] {dag.py:2941} INFO - Sync 1 DAGs
[2023-10-18T02:53:30.101+0000] {logging_mixin.py:151} INFO - [2023-10-18T02:53:30.101+0000] {dag.py:3722} INFO - Setting next_dagrun for example_branch_dop_operator_v3 to 2023-10-18T02:52:00+00:00, run_after=2023-10-18T02:53:00+00:00
[2023-10-18T02:53:30.110+0000] {processor.py:179} INFO - Processing /home/airflow/.local/lib/python3.8/site-packages/airflow/example_dags/example_branch_python_dop_operator_3.py took 0.045 seconds
