[2023-10-18T02:40:51.119+0000] {processor.py:157} INFO - Started process (PID=241) to work on /home/airflow/.local/lib/python3.8/site-packages/airflow/example_dags/example_short_circuit_operator.py
[2023-10-18T02:40:51.120+0000] {processor.py:829} INFO - Processing file /home/airflow/.local/lib/python3.8/site-packages/airflow/example_dags/example_short_circuit_operator.py for tasks to queue
[2023-10-18T02:40:51.121+0000] {logging_mixin.py:151} INFO - [2023-10-18T02:40:51.120+0000] {dagbag.py:536} INFO - Filling up the DagBag from /home/airflow/.local/lib/python3.8/site-packages/airflow/example_dags/example_short_circuit_operator.py
[2023-10-18T02:40:51.127+0000] {processor.py:839} INFO - DAG(s) dict_keys(['example_short_circuit_operator']) retrieved from /home/airflow/.local/lib/python3.8/site-packages/airflow/example_dags/example_short_circuit_operator.py
[2023-10-18T02:40:51.139+0000] {logging_mixin.py:151} INFO - [2023-10-18T02:40:51.139+0000] {dag.py:2941} INFO - Sync 1 DAGs
[2023-10-18T02:40:51.156+0000] {logging_mixin.py:151} INFO - [2023-10-18T02:40:51.156+0000] {dag.py:3722} INFO - Setting next_dagrun for example_short_circuit_operator to 2023-10-17T02:40:51.156657+00:00, run_after=2023-10-18T02:40:51.156657+00:00
[2023-10-18T02:40:51.170+0000] {processor.py:179} INFO - Processing /home/airflow/.local/lib/python3.8/site-packages/airflow/example_dags/example_short_circuit_operator.py took 0.053 seconds
[2023-10-18T02:41:21.695+0000] {processor.py:157} INFO - Started process (PID=479) to work on /home/airflow/.local/lib/python3.8/site-packages/airflow/example_dags/example_short_circuit_operator.py
[2023-10-18T02:41:21.696+0000] {processor.py:829} INFO - Processing file /home/airflow/.local/lib/python3.8/site-packages/airflow/example_dags/example_short_circuit_operator.py for tasks to queue
[2023-10-18T02:41:21.697+0000] {logging_mixin.py:151} INFO - [2023-10-18T02:41:21.697+0000] {dagbag.py:536} INFO - Filling up the DagBag from /home/airflow/.local/lib/python3.8/site-packages/airflow/example_dags/example_short_circuit_operator.py
[2023-10-18T02:41:21.702+0000] {processor.py:839} INFO - DAG(s) dict_keys(['example_short_circuit_operator']) retrieved from /home/airflow/.local/lib/python3.8/site-packages/airflow/example_dags/example_short_circuit_operator.py
[2023-10-18T02:41:21.717+0000] {logging_mixin.py:151} INFO - [2023-10-18T02:41:21.717+0000] {dag.py:2941} INFO - Sync 1 DAGs
[2023-10-18T02:41:21.729+0000] {logging_mixin.py:151} INFO - [2023-10-18T02:41:21.729+0000] {dag.py:3722} INFO - Setting next_dagrun for example_short_circuit_operator to 2023-10-17T02:41:21.728837+00:00, run_after=2023-10-18T02:41:21.728837+00:00
[2023-10-18T02:41:21.738+0000] {processor.py:179} INFO - Processing /home/airflow/.local/lib/python3.8/site-packages/airflow/example_dags/example_short_circuit_operator.py took 0.044 seconds
[2023-10-18T02:41:52.009+0000] {processor.py:157} INFO - Started process (PID=717) to work on /home/airflow/.local/lib/python3.8/site-packages/airflow/example_dags/example_short_circuit_operator.py
[2023-10-18T02:41:52.010+0000] {processor.py:829} INFO - Processing file /home/airflow/.local/lib/python3.8/site-packages/airflow/example_dags/example_short_circuit_operator.py for tasks to queue
[2023-10-18T02:41:52.011+0000] {logging_mixin.py:151} INFO - [2023-10-18T02:41:52.010+0000] {dagbag.py:536} INFO - Filling up the DagBag from /home/airflow/.local/lib/python3.8/site-packages/airflow/example_dags/example_short_circuit_operator.py
[2023-10-18T02:41:52.016+0000] {processor.py:839} INFO - DAG(s) dict_keys(['example_short_circuit_operator']) retrieved from /home/airflow/.local/lib/python3.8/site-packages/airflow/example_dags/example_short_circuit_operator.py
[2023-10-18T02:41:52.032+0000] {logging_mixin.py:151} INFO - [2023-10-18T02:41:52.032+0000] {dag.py:2941} INFO - Sync 1 DAGs
[2023-10-18T02:41:52.044+0000] {logging_mixin.py:151} INFO - [2023-10-18T02:41:52.044+0000] {dag.py:3722} INFO - Setting next_dagrun for example_short_circuit_operator to 2023-10-17T02:41:52.044101+00:00, run_after=2023-10-18T02:41:52.044101+00:00
[2023-10-18T02:41:52.053+0000] {processor.py:179} INFO - Processing /home/airflow/.local/lib/python3.8/site-packages/airflow/example_dags/example_short_circuit_operator.py took 0.046 seconds
[2023-10-18T02:42:22.102+0000] {processor.py:157} INFO - Started process (PID=955) to work on /home/airflow/.local/lib/python3.8/site-packages/airflow/example_dags/example_short_circuit_operator.py
[2023-10-18T02:42:22.102+0000] {processor.py:829} INFO - Processing file /home/airflow/.local/lib/python3.8/site-packages/airflow/example_dags/example_short_circuit_operator.py for tasks to queue
[2023-10-18T02:42:22.103+0000] {logging_mixin.py:151} INFO - [2023-10-18T02:42:22.103+0000] {dagbag.py:536} INFO - Filling up the DagBag from /home/airflow/.local/lib/python3.8/site-packages/airflow/example_dags/example_short_circuit_operator.py
[2023-10-18T02:42:22.108+0000] {processor.py:839} INFO - DAG(s) dict_keys(['example_short_circuit_operator']) retrieved from /home/airflow/.local/lib/python3.8/site-packages/airflow/example_dags/example_short_circuit_operator.py
[2023-10-18T02:42:22.127+0000] {logging_mixin.py:151} INFO - [2023-10-18T02:42:22.126+0000] {dag.py:2941} INFO - Sync 1 DAGs
[2023-10-18T02:42:22.139+0000] {logging_mixin.py:151} INFO - [2023-10-18T02:42:22.139+0000] {dag.py:3722} INFO - Setting next_dagrun for example_short_circuit_operator to 2023-10-17T02:42:22.139345+00:00, run_after=2023-10-18T02:42:22.139345+00:00
[2023-10-18T02:42:22.149+0000] {processor.py:179} INFO - Processing /home/airflow/.local/lib/python3.8/site-packages/airflow/example_dags/example_short_circuit_operator.py took 0.050 seconds
[2023-10-18T02:42:52.968+0000] {processor.py:157} INFO - Started process (PID=1241) to work on /home/airflow/.local/lib/python3.8/site-packages/airflow/example_dags/example_short_circuit_operator.py
[2023-10-18T02:42:52.968+0000] {processor.py:829} INFO - Processing file /home/airflow/.local/lib/python3.8/site-packages/airflow/example_dags/example_short_circuit_operator.py for tasks to queue
[2023-10-18T02:42:52.969+0000] {logging_mixin.py:151} INFO - [2023-10-18T02:42:52.969+0000] {dagbag.py:536} INFO - Filling up the DagBag from /home/airflow/.local/lib/python3.8/site-packages/airflow/example_dags/example_short_circuit_operator.py
[2023-10-18T02:42:52.974+0000] {processor.py:839} INFO - DAG(s) dict_keys(['example_short_circuit_operator']) retrieved from /home/airflow/.local/lib/python3.8/site-packages/airflow/example_dags/example_short_circuit_operator.py
[2023-10-18T02:42:52.990+0000] {logging_mixin.py:151} INFO - [2023-10-18T02:42:52.990+0000] {dag.py:2941} INFO - Sync 1 DAGs
[2023-10-18T02:42:53.002+0000] {logging_mixin.py:151} INFO - [2023-10-18T02:42:53.002+0000] {dag.py:3722} INFO - Setting next_dagrun for example_short_circuit_operator to 2023-10-17T02:42:53.002007+00:00, run_after=2023-10-18T02:42:53.002007+00:00
[2023-10-18T02:42:53.011+0000] {processor.py:179} INFO - Processing /home/airflow/.local/lib/python3.8/site-packages/airflow/example_dags/example_short_circuit_operator.py took 0.046 seconds
[2023-10-18T02:43:23.058+0000] {processor.py:157} INFO - Started process (PID=1479) to work on /home/airflow/.local/lib/python3.8/site-packages/airflow/example_dags/example_short_circuit_operator.py
[2023-10-18T02:43:23.059+0000] {processor.py:829} INFO - Processing file /home/airflow/.local/lib/python3.8/site-packages/airflow/example_dags/example_short_circuit_operator.py for tasks to queue
[2023-10-18T02:43:23.060+0000] {logging_mixin.py:151} INFO - [2023-10-18T02:43:23.060+0000] {dagbag.py:536} INFO - Filling up the DagBag from /home/airflow/.local/lib/python3.8/site-packages/airflow/example_dags/example_short_circuit_operator.py
[2023-10-18T02:43:23.065+0000] {processor.py:839} INFO - DAG(s) dict_keys(['example_short_circuit_operator']) retrieved from /home/airflow/.local/lib/python3.8/site-packages/airflow/example_dags/example_short_circuit_operator.py
[2023-10-18T02:43:23.081+0000] {logging_mixin.py:151} INFO - [2023-10-18T02:43:23.081+0000] {dag.py:2941} INFO - Sync 1 DAGs
[2023-10-18T02:43:23.092+0000] {logging_mixin.py:151} INFO - [2023-10-18T02:43:23.092+0000] {dag.py:3722} INFO - Setting next_dagrun for example_short_circuit_operator to 2023-10-17T02:43:23.092605+00:00, run_after=2023-10-18T02:43:23.092605+00:00
[2023-10-18T02:43:23.101+0000] {processor.py:179} INFO - Processing /home/airflow/.local/lib/python3.8/site-packages/airflow/example_dags/example_short_circuit_operator.py took 0.045 seconds
[2023-10-18T02:43:53.305+0000] {processor.py:157} INFO - Started process (PID=1716) to work on /home/airflow/.local/lib/python3.8/site-packages/airflow/example_dags/example_short_circuit_operator.py
[2023-10-18T02:43:53.306+0000] {processor.py:829} INFO - Processing file /home/airflow/.local/lib/python3.8/site-packages/airflow/example_dags/example_short_circuit_operator.py for tasks to queue
[2023-10-18T02:43:53.307+0000] {logging_mixin.py:151} INFO - [2023-10-18T02:43:53.306+0000] {dagbag.py:536} INFO - Filling up the DagBag from /home/airflow/.local/lib/python3.8/site-packages/airflow/example_dags/example_short_circuit_operator.py
[2023-10-18T02:43:53.312+0000] {processor.py:839} INFO - DAG(s) dict_keys(['example_short_circuit_operator']) retrieved from /home/airflow/.local/lib/python3.8/site-packages/airflow/example_dags/example_short_circuit_operator.py
[2023-10-18T02:43:53.328+0000] {logging_mixin.py:151} INFO - [2023-10-18T02:43:53.328+0000] {dag.py:2941} INFO - Sync 1 DAGs
[2023-10-18T02:43:53.339+0000] {logging_mixin.py:151} INFO - [2023-10-18T02:43:53.339+0000] {dag.py:3722} INFO - Setting next_dagrun for example_short_circuit_operator to 2023-10-17T02:43:53.339173+00:00, run_after=2023-10-18T02:43:53.339173+00:00
[2023-10-18T02:43:53.347+0000] {processor.py:179} INFO - Processing /home/airflow/.local/lib/python3.8/site-packages/airflow/example_dags/example_short_circuit_operator.py took 0.044 seconds
[2023-10-18T02:44:24.197+0000] {processor.py:157} INFO - Started process (PID=1957) to work on /home/airflow/.local/lib/python3.8/site-packages/airflow/example_dags/example_short_circuit_operator.py
[2023-10-18T02:44:24.198+0000] {processor.py:829} INFO - Processing file /home/airflow/.local/lib/python3.8/site-packages/airflow/example_dags/example_short_circuit_operator.py for tasks to queue
[2023-10-18T02:44:24.199+0000] {logging_mixin.py:151} INFO - [2023-10-18T02:44:24.198+0000] {dagbag.py:536} INFO - Filling up the DagBag from /home/airflow/.local/lib/python3.8/site-packages/airflow/example_dags/example_short_circuit_operator.py
[2023-10-18T02:44:24.204+0000] {processor.py:839} INFO - DAG(s) dict_keys(['example_short_circuit_operator']) retrieved from /home/airflow/.local/lib/python3.8/site-packages/airflow/example_dags/example_short_circuit_operator.py
[2023-10-18T02:44:24.219+0000] {logging_mixin.py:151} INFO - [2023-10-18T02:44:24.219+0000] {dag.py:2941} INFO - Sync 1 DAGs
[2023-10-18T02:44:24.229+0000] {logging_mixin.py:151} INFO - [2023-10-18T02:44:24.229+0000] {dag.py:3722} INFO - Setting next_dagrun for example_short_circuit_operator to 2023-10-17T02:44:24.229373+00:00, run_after=2023-10-18T02:44:24.229373+00:00
[2023-10-18T02:44:24.237+0000] {processor.py:179} INFO - Processing /home/airflow/.local/lib/python3.8/site-packages/airflow/example_dags/example_short_circuit_operator.py took 0.042 seconds
[2023-10-18T02:44:54.274+0000] {processor.py:157} INFO - Started process (PID=2196) to work on /home/airflow/.local/lib/python3.8/site-packages/airflow/example_dags/example_short_circuit_operator.py
[2023-10-18T02:44:54.275+0000] {processor.py:829} INFO - Processing file /home/airflow/.local/lib/python3.8/site-packages/airflow/example_dags/example_short_circuit_operator.py for tasks to queue
[2023-10-18T02:44:54.276+0000] {logging_mixin.py:151} INFO - [2023-10-18T02:44:54.275+0000] {dagbag.py:536} INFO - Filling up the DagBag from /home/airflow/.local/lib/python3.8/site-packages/airflow/example_dags/example_short_circuit_operator.py
[2023-10-18T02:44:54.280+0000] {processor.py:839} INFO - DAG(s) dict_keys(['example_short_circuit_operator']) retrieved from /home/airflow/.local/lib/python3.8/site-packages/airflow/example_dags/example_short_circuit_operator.py
[2023-10-18T02:44:54.294+0000] {logging_mixin.py:151} INFO - [2023-10-18T02:44:54.294+0000] {dag.py:2941} INFO - Sync 1 DAGs
[2023-10-18T02:44:54.305+0000] {logging_mixin.py:151} INFO - [2023-10-18T02:44:54.305+0000] {dag.py:3722} INFO - Setting next_dagrun for example_short_circuit_operator to 2023-10-17T02:44:54.304950+00:00, run_after=2023-10-18T02:44:54.304950+00:00
[2023-10-18T02:44:54.313+0000] {processor.py:179} INFO - Processing /home/airflow/.local/lib/python3.8/site-packages/airflow/example_dags/example_short_circuit_operator.py took 0.040 seconds
[2023-10-18T02:45:24.518+0000] {processor.py:157} INFO - Started process (PID=2432) to work on /home/airflow/.local/lib/python3.8/site-packages/airflow/example_dags/example_short_circuit_operator.py
[2023-10-18T02:45:24.519+0000] {processor.py:829} INFO - Processing file /home/airflow/.local/lib/python3.8/site-packages/airflow/example_dags/example_short_circuit_operator.py for tasks to queue
[2023-10-18T02:45:24.520+0000] {logging_mixin.py:151} INFO - [2023-10-18T02:45:24.519+0000] {dagbag.py:536} INFO - Filling up the DagBag from /home/airflow/.local/lib/python3.8/site-packages/airflow/example_dags/example_short_circuit_operator.py
[2023-10-18T02:45:24.525+0000] {processor.py:839} INFO - DAG(s) dict_keys(['example_short_circuit_operator']) retrieved from /home/airflow/.local/lib/python3.8/site-packages/airflow/example_dags/example_short_circuit_operator.py
[2023-10-18T02:45:24.541+0000] {logging_mixin.py:151} INFO - [2023-10-18T02:45:24.541+0000] {dag.py:2941} INFO - Sync 1 DAGs
[2023-10-18T02:45:24.553+0000] {logging_mixin.py:151} INFO - [2023-10-18T02:45:24.553+0000] {dag.py:3722} INFO - Setting next_dagrun for example_short_circuit_operator to 2023-10-17T02:45:24.553486+00:00, run_after=2023-10-18T02:45:24.553486+00:00
[2023-10-18T02:45:24.563+0000] {processor.py:179} INFO - Processing /home/airflow/.local/lib/python3.8/site-packages/airflow/example_dags/example_short_circuit_operator.py took 0.047 seconds
[2023-10-18T02:45:54.622+0000] {processor.py:157} INFO - Started process (PID=2672) to work on /home/airflow/.local/lib/python3.8/site-packages/airflow/example_dags/example_short_circuit_operator.py
[2023-10-18T02:45:54.623+0000] {processor.py:829} INFO - Processing file /home/airflow/.local/lib/python3.8/site-packages/airflow/example_dags/example_short_circuit_operator.py for tasks to queue
[2023-10-18T02:45:54.624+0000] {logging_mixin.py:151} INFO - [2023-10-18T02:45:54.623+0000] {dagbag.py:536} INFO - Filling up the DagBag from /home/airflow/.local/lib/python3.8/site-packages/airflow/example_dags/example_short_circuit_operator.py
[2023-10-18T02:45:54.628+0000] {processor.py:839} INFO - DAG(s) dict_keys(['example_short_circuit_operator']) retrieved from /home/airflow/.local/lib/python3.8/site-packages/airflow/example_dags/example_short_circuit_operator.py
[2023-10-18T02:45:54.643+0000] {logging_mixin.py:151} INFO - [2023-10-18T02:45:54.643+0000] {dag.py:2941} INFO - Sync 1 DAGs
[2023-10-18T02:45:54.653+0000] {logging_mixin.py:151} INFO - [2023-10-18T02:45:54.653+0000] {dag.py:3722} INFO - Setting next_dagrun for example_short_circuit_operator to 2023-10-17T02:45:54.653044+00:00, run_after=2023-10-18T02:45:54.653044+00:00
[2023-10-18T02:45:54.660+0000] {processor.py:179} INFO - Processing /home/airflow/.local/lib/python3.8/site-packages/airflow/example_dags/example_short_circuit_operator.py took 0.040 seconds
[2023-10-18T02:46:24.729+0000] {processor.py:157} INFO - Started process (PID=2908) to work on /home/airflow/.local/lib/python3.8/site-packages/airflow/example_dags/example_short_circuit_operator.py
[2023-10-18T02:46:24.730+0000] {processor.py:829} INFO - Processing file /home/airflow/.local/lib/python3.8/site-packages/airflow/example_dags/example_short_circuit_operator.py for tasks to queue
[2023-10-18T02:46:24.730+0000] {logging_mixin.py:151} INFO - [2023-10-18T02:46:24.730+0000] {dagbag.py:536} INFO - Filling up the DagBag from /home/airflow/.local/lib/python3.8/site-packages/airflow/example_dags/example_short_circuit_operator.py
[2023-10-18T02:46:24.736+0000] {processor.py:839} INFO - DAG(s) dict_keys(['example_short_circuit_operator']) retrieved from /home/airflow/.local/lib/python3.8/site-packages/airflow/example_dags/example_short_circuit_operator.py
[2023-10-18T02:46:24.751+0000] {logging_mixin.py:151} INFO - [2023-10-18T02:46:24.750+0000] {dag.py:2941} INFO - Sync 1 DAGs
[2023-10-18T02:46:24.762+0000] {logging_mixin.py:151} INFO - [2023-10-18T02:46:24.761+0000] {dag.py:3722} INFO - Setting next_dagrun for example_short_circuit_operator to 2023-10-17T02:46:24.761807+00:00, run_after=2023-10-18T02:46:24.761807+00:00
[2023-10-18T02:46:24.772+0000] {processor.py:179} INFO - Processing /home/airflow/.local/lib/python3.8/site-packages/airflow/example_dags/example_short_circuit_operator.py took 0.044 seconds
[2023-10-18T02:46:54.926+0000] {processor.py:157} INFO - Started process (PID=3146) to work on /home/airflow/.local/lib/python3.8/site-packages/airflow/example_dags/example_short_circuit_operator.py
[2023-10-18T02:46:54.927+0000] {processor.py:829} INFO - Processing file /home/airflow/.local/lib/python3.8/site-packages/airflow/example_dags/example_short_circuit_operator.py for tasks to queue
[2023-10-18T02:46:54.927+0000] {logging_mixin.py:151} INFO - [2023-10-18T02:46:54.927+0000] {dagbag.py:536} INFO - Filling up the DagBag from /home/airflow/.local/lib/python3.8/site-packages/airflow/example_dags/example_short_circuit_operator.py
[2023-10-18T02:46:54.933+0000] {processor.py:839} INFO - DAG(s) dict_keys(['example_short_circuit_operator']) retrieved from /home/airflow/.local/lib/python3.8/site-packages/airflow/example_dags/example_short_circuit_operator.py
[2023-10-18T02:46:54.950+0000] {logging_mixin.py:151} INFO - [2023-10-18T02:46:54.949+0000] {dag.py:2941} INFO - Sync 1 DAGs
[2023-10-18T02:46:54.961+0000] {logging_mixin.py:151} INFO - [2023-10-18T02:46:54.961+0000] {dag.py:3722} INFO - Setting next_dagrun for example_short_circuit_operator to 2023-10-17T02:46:54.961421+00:00, run_after=2023-10-18T02:46:54.961421+00:00
[2023-10-18T02:46:54.971+0000] {processor.py:179} INFO - Processing /home/airflow/.local/lib/python3.8/site-packages/airflow/example_dags/example_short_circuit_operator.py took 0.047 seconds
[2023-10-18T02:47:25.880+0000] {processor.py:157} INFO - Started process (PID=3386) to work on /home/airflow/.local/lib/python3.8/site-packages/airflow/example_dags/example_short_circuit_operator.py
[2023-10-18T02:47:25.881+0000] {processor.py:829} INFO - Processing file /home/airflow/.local/lib/python3.8/site-packages/airflow/example_dags/example_short_circuit_operator.py for tasks to queue
[2023-10-18T02:47:25.881+0000] {logging_mixin.py:151} INFO - [2023-10-18T02:47:25.881+0000] {dagbag.py:536} INFO - Filling up the DagBag from /home/airflow/.local/lib/python3.8/site-packages/airflow/example_dags/example_short_circuit_operator.py
[2023-10-18T02:47:25.886+0000] {processor.py:839} INFO - DAG(s) dict_keys(['example_short_circuit_operator']) retrieved from /home/airflow/.local/lib/python3.8/site-packages/airflow/example_dags/example_short_circuit_operator.py
[2023-10-18T02:47:25.902+0000] {logging_mixin.py:151} INFO - [2023-10-18T02:47:25.902+0000] {dag.py:2941} INFO - Sync 1 DAGs
[2023-10-18T02:47:25.913+0000] {logging_mixin.py:151} INFO - [2023-10-18T02:47:25.913+0000] {dag.py:3722} INFO - Setting next_dagrun for example_short_circuit_operator to 2023-10-17T02:47:25.913124+00:00, run_after=2023-10-18T02:47:25.913124+00:00
[2023-10-18T02:47:25.922+0000] {processor.py:179} INFO - Processing /home/airflow/.local/lib/python3.8/site-packages/airflow/example_dags/example_short_circuit_operator.py took 0.044 seconds
[2023-10-18T02:47:55.946+0000] {processor.py:157} INFO - Started process (PID=3624) to work on /home/airflow/.local/lib/python3.8/site-packages/airflow/example_dags/example_short_circuit_operator.py
[2023-10-18T02:47:55.947+0000] {processor.py:829} INFO - Processing file /home/airflow/.local/lib/python3.8/site-packages/airflow/example_dags/example_short_circuit_operator.py for tasks to queue
[2023-10-18T02:47:55.947+0000] {logging_mixin.py:151} INFO - [2023-10-18T02:47:55.947+0000] {dagbag.py:536} INFO - Filling up the DagBag from /home/airflow/.local/lib/python3.8/site-packages/airflow/example_dags/example_short_circuit_operator.py
[2023-10-18T02:47:55.952+0000] {processor.py:839} INFO - DAG(s) dict_keys(['example_short_circuit_operator']) retrieved from /home/airflow/.local/lib/python3.8/site-packages/airflow/example_dags/example_short_circuit_operator.py
[2023-10-18T02:47:55.967+0000] {logging_mixin.py:151} INFO - [2023-10-18T02:47:55.967+0000] {dag.py:2941} INFO - Sync 1 DAGs
[2023-10-18T02:47:55.978+0000] {logging_mixin.py:151} INFO - [2023-10-18T02:47:55.978+0000] {dag.py:3722} INFO - Setting next_dagrun for example_short_circuit_operator to 2023-10-17T02:47:55.978301+00:00, run_after=2023-10-18T02:47:55.978301+00:00
[2023-10-18T02:47:55.986+0000] {processor.py:179} INFO - Processing /home/airflow/.local/lib/python3.8/site-packages/airflow/example_dags/example_short_circuit_operator.py took 0.042 seconds
[2023-10-18T02:48:26.159+0000] {processor.py:157} INFO - Started process (PID=3860) to work on /home/airflow/.local/lib/python3.8/site-packages/airflow/example_dags/example_short_circuit_operator.py
[2023-10-18T02:48:26.159+0000] {processor.py:829} INFO - Processing file /home/airflow/.local/lib/python3.8/site-packages/airflow/example_dags/example_short_circuit_operator.py for tasks to queue
[2023-10-18T02:48:26.160+0000] {logging_mixin.py:151} INFO - [2023-10-18T02:48:26.159+0000] {dagbag.py:536} INFO - Filling up the DagBag from /home/airflow/.local/lib/python3.8/site-packages/airflow/example_dags/example_short_circuit_operator.py
[2023-10-18T02:48:26.164+0000] {processor.py:839} INFO - DAG(s) dict_keys(['example_short_circuit_operator']) retrieved from /home/airflow/.local/lib/python3.8/site-packages/airflow/example_dags/example_short_circuit_operator.py
[2023-10-18T02:48:26.180+0000] {logging_mixin.py:151} INFO - [2023-10-18T02:48:26.180+0000] {dag.py:2941} INFO - Sync 1 DAGs
[2023-10-18T02:48:26.190+0000] {logging_mixin.py:151} INFO - [2023-10-18T02:48:26.190+0000] {dag.py:3722} INFO - Setting next_dagrun for example_short_circuit_operator to 2023-10-17T02:48:26.190612+00:00, run_after=2023-10-18T02:48:26.190612+00:00
[2023-10-18T02:48:26.201+0000] {processor.py:179} INFO - Processing /home/airflow/.local/lib/python3.8/site-packages/airflow/example_dags/example_short_circuit_operator.py took 0.045 seconds
[2023-10-18T02:48:56.333+0000] {processor.py:157} INFO - Started process (PID=4098) to work on /home/airflow/.local/lib/python3.8/site-packages/airflow/example_dags/example_short_circuit_operator.py
[2023-10-18T02:48:56.334+0000] {processor.py:829} INFO - Processing file /home/airflow/.local/lib/python3.8/site-packages/airflow/example_dags/example_short_circuit_operator.py for tasks to queue
[2023-10-18T02:48:56.334+0000] {logging_mixin.py:151} INFO - [2023-10-18T02:48:56.334+0000] {dagbag.py:536} INFO - Filling up the DagBag from /home/airflow/.local/lib/python3.8/site-packages/airflow/example_dags/example_short_circuit_operator.py
[2023-10-18T02:48:56.339+0000] {processor.py:839} INFO - DAG(s) dict_keys(['example_short_circuit_operator']) retrieved from /home/airflow/.local/lib/python3.8/site-packages/airflow/example_dags/example_short_circuit_operator.py
[2023-10-18T02:48:56.354+0000] {logging_mixin.py:151} INFO - [2023-10-18T02:48:56.354+0000] {dag.py:2941} INFO - Sync 1 DAGs
[2023-10-18T02:48:56.366+0000] {logging_mixin.py:151} INFO - [2023-10-18T02:48:56.366+0000] {dag.py:3722} INFO - Setting next_dagrun for example_short_circuit_operator to 2023-10-17T02:48:56.366195+00:00, run_after=2023-10-18T02:48:56.366195+00:00
[2023-10-18T02:48:56.375+0000] {processor.py:179} INFO - Processing /home/airflow/.local/lib/python3.8/site-packages/airflow/example_dags/example_short_circuit_operator.py took 0.044 seconds
[2023-10-18T02:49:26.498+0000] {processor.py:157} INFO - Started process (PID=4336) to work on /home/airflow/.local/lib/python3.8/site-packages/airflow/example_dags/example_short_circuit_operator.py
[2023-10-18T02:49:26.499+0000] {processor.py:829} INFO - Processing file /home/airflow/.local/lib/python3.8/site-packages/airflow/example_dags/example_short_circuit_operator.py for tasks to queue
[2023-10-18T02:49:26.499+0000] {logging_mixin.py:151} INFO - [2023-10-18T02:49:26.499+0000] {dagbag.py:536} INFO - Filling up the DagBag from /home/airflow/.local/lib/python3.8/site-packages/airflow/example_dags/example_short_circuit_operator.py
[2023-10-18T02:49:26.504+0000] {processor.py:839} INFO - DAG(s) dict_keys(['example_short_circuit_operator']) retrieved from /home/airflow/.local/lib/python3.8/site-packages/airflow/example_dags/example_short_circuit_operator.py
[2023-10-18T02:49:26.520+0000] {logging_mixin.py:151} INFO - [2023-10-18T02:49:26.519+0000] {dag.py:2941} INFO - Sync 1 DAGs
[2023-10-18T02:49:26.530+0000] {logging_mixin.py:151} INFO - [2023-10-18T02:49:26.530+0000] {dag.py:3722} INFO - Setting next_dagrun for example_short_circuit_operator to 2023-10-17T02:49:26.530592+00:00, run_after=2023-10-18T02:49:26.530592+00:00
[2023-10-18T02:49:26.539+0000] {processor.py:179} INFO - Processing /home/airflow/.local/lib/python3.8/site-packages/airflow/example_dags/example_short_circuit_operator.py took 0.043 seconds
[2023-10-18T02:49:56.607+0000] {processor.py:157} INFO - Started process (PID=4574) to work on /home/airflow/.local/lib/python3.8/site-packages/airflow/example_dags/example_short_circuit_operator.py
[2023-10-18T02:49:56.608+0000] {processor.py:829} INFO - Processing file /home/airflow/.local/lib/python3.8/site-packages/airflow/example_dags/example_short_circuit_operator.py for tasks to queue
[2023-10-18T02:49:56.608+0000] {logging_mixin.py:151} INFO - [2023-10-18T02:49:56.608+0000] {dagbag.py:536} INFO - Filling up the DagBag from /home/airflow/.local/lib/python3.8/site-packages/airflow/example_dags/example_short_circuit_operator.py
[2023-10-18T02:49:56.613+0000] {processor.py:839} INFO - DAG(s) dict_keys(['example_short_circuit_operator']) retrieved from /home/airflow/.local/lib/python3.8/site-packages/airflow/example_dags/example_short_circuit_operator.py
[2023-10-18T02:49:56.629+0000] {logging_mixin.py:151} INFO - [2023-10-18T02:49:56.629+0000] {dag.py:2941} INFO - Sync 1 DAGs
[2023-10-18T02:49:56.642+0000] {logging_mixin.py:151} INFO - [2023-10-18T02:49:56.642+0000] {dag.py:3722} INFO - Setting next_dagrun for example_short_circuit_operator to 2023-10-17T02:49:56.642440+00:00, run_after=2023-10-18T02:49:56.642440+00:00
[2023-10-18T02:49:56.652+0000] {processor.py:179} INFO - Processing /home/airflow/.local/lib/python3.8/site-packages/airflow/example_dags/example_short_circuit_operator.py took 0.047 seconds
[2023-10-18T02:50:26.747+0000] {processor.py:157} INFO - Started process (PID=4813) to work on /home/airflow/.local/lib/python3.8/site-packages/airflow/example_dags/example_short_circuit_operator.py
[2023-10-18T02:50:26.747+0000] {processor.py:829} INFO - Processing file /home/airflow/.local/lib/python3.8/site-packages/airflow/example_dags/example_short_circuit_operator.py for tasks to queue
[2023-10-18T02:50:26.748+0000] {logging_mixin.py:151} INFO - [2023-10-18T02:50:26.748+0000] {dagbag.py:536} INFO - Filling up the DagBag from /home/airflow/.local/lib/python3.8/site-packages/airflow/example_dags/example_short_circuit_operator.py
[2023-10-18T02:50:26.753+0000] {processor.py:839} INFO - DAG(s) dict_keys(['example_short_circuit_operator']) retrieved from /home/airflow/.local/lib/python3.8/site-packages/airflow/example_dags/example_short_circuit_operator.py
[2023-10-18T02:50:26.771+0000] {logging_mixin.py:151} INFO - [2023-10-18T02:50:26.770+0000] {dag.py:2941} INFO - Sync 1 DAGs
[2023-10-18T02:50:26.783+0000] {logging_mixin.py:151} INFO - [2023-10-18T02:50:26.783+0000] {dag.py:3722} INFO - Setting next_dagrun for example_short_circuit_operator to 2023-10-17T02:50:26.783125+00:00, run_after=2023-10-18T02:50:26.783125+00:00
[2023-10-18T02:50:26.792+0000] {processor.py:179} INFO - Processing /home/airflow/.local/lib/python3.8/site-packages/airflow/example_dags/example_short_circuit_operator.py took 0.049 seconds
[2023-10-18T02:50:56.901+0000] {processor.py:157} INFO - Started process (PID=5051) to work on /home/airflow/.local/lib/python3.8/site-packages/airflow/example_dags/example_short_circuit_operator.py
[2023-10-18T02:50:56.902+0000] {processor.py:829} INFO - Processing file /home/airflow/.local/lib/python3.8/site-packages/airflow/example_dags/example_short_circuit_operator.py for tasks to queue
[2023-10-18T02:50:56.902+0000] {logging_mixin.py:151} INFO - [2023-10-18T02:50:56.902+0000] {dagbag.py:536} INFO - Filling up the DagBag from /home/airflow/.local/lib/python3.8/site-packages/airflow/example_dags/example_short_circuit_operator.py
[2023-10-18T02:50:56.908+0000] {processor.py:839} INFO - DAG(s) dict_keys(['example_short_circuit_operator']) retrieved from /home/airflow/.local/lib/python3.8/site-packages/airflow/example_dags/example_short_circuit_operator.py
[2023-10-18T02:50:56.923+0000] {logging_mixin.py:151} INFO - [2023-10-18T02:50:56.923+0000] {dag.py:2941} INFO - Sync 1 DAGs
[2023-10-18T02:50:56.935+0000] {logging_mixin.py:151} INFO - [2023-10-18T02:50:56.935+0000] {dag.py:3722} INFO - Setting next_dagrun for example_short_circuit_operator to 2023-10-17T02:50:56.935336+00:00, run_after=2023-10-18T02:50:56.935336+00:00
[2023-10-18T02:50:56.944+0000] {processor.py:179} INFO - Processing /home/airflow/.local/lib/python3.8/site-packages/airflow/example_dags/example_short_circuit_operator.py took 0.045 seconds
[2023-10-18T02:51:27.076+0000] {processor.py:157} INFO - Started process (PID=5291) to work on /home/airflow/.local/lib/python3.8/site-packages/airflow/example_dags/example_short_circuit_operator.py
[2023-10-18T02:51:27.076+0000] {processor.py:829} INFO - Processing file /home/airflow/.local/lib/python3.8/site-packages/airflow/example_dags/example_short_circuit_operator.py for tasks to queue
[2023-10-18T02:51:27.077+0000] {logging_mixin.py:151} INFO - [2023-10-18T02:51:27.077+0000] {dagbag.py:536} INFO - Filling up the DagBag from /home/airflow/.local/lib/python3.8/site-packages/airflow/example_dags/example_short_circuit_operator.py
[2023-10-18T02:51:27.082+0000] {processor.py:839} INFO - DAG(s) dict_keys(['example_short_circuit_operator']) retrieved from /home/airflow/.local/lib/python3.8/site-packages/airflow/example_dags/example_short_circuit_operator.py
[2023-10-18T02:51:27.096+0000] {logging_mixin.py:151} INFO - [2023-10-18T02:51:27.096+0000] {dag.py:2941} INFO - Sync 1 DAGs
[2023-10-18T02:51:27.106+0000] {logging_mixin.py:151} INFO - [2023-10-18T02:51:27.106+0000] {dag.py:3722} INFO - Setting next_dagrun for example_short_circuit_operator to 2023-10-17T02:51:27.106557+00:00, run_after=2023-10-18T02:51:27.106557+00:00
[2023-10-18T02:51:27.114+0000] {processor.py:179} INFO - Processing /home/airflow/.local/lib/python3.8/site-packages/airflow/example_dags/example_short_circuit_operator.py took 0.040 seconds
[2023-10-18T02:51:57.250+0000] {processor.py:157} INFO - Started process (PID=5526) to work on /home/airflow/.local/lib/python3.8/site-packages/airflow/example_dags/example_short_circuit_operator.py
[2023-10-18T02:51:57.251+0000] {processor.py:829} INFO - Processing file /home/airflow/.local/lib/python3.8/site-packages/airflow/example_dags/example_short_circuit_operator.py for tasks to queue
[2023-10-18T02:51:57.252+0000] {logging_mixin.py:151} INFO - [2023-10-18T02:51:57.251+0000] {dagbag.py:536} INFO - Filling up the DagBag from /home/airflow/.local/lib/python3.8/site-packages/airflow/example_dags/example_short_circuit_operator.py
[2023-10-18T02:51:57.257+0000] {processor.py:839} INFO - DAG(s) dict_keys(['example_short_circuit_operator']) retrieved from /home/airflow/.local/lib/python3.8/site-packages/airflow/example_dags/example_short_circuit_operator.py
[2023-10-18T02:51:57.272+0000] {logging_mixin.py:151} INFO - [2023-10-18T02:51:57.272+0000] {dag.py:2941} INFO - Sync 1 DAGs
[2023-10-18T02:51:57.284+0000] {logging_mixin.py:151} INFO - [2023-10-18T02:51:57.284+0000] {dag.py:3722} INFO - Setting next_dagrun for example_short_circuit_operator to 2023-10-17T02:51:57.284362+00:00, run_after=2023-10-18T02:51:57.284362+00:00
[2023-10-18T02:51:57.293+0000] {processor.py:179} INFO - Processing /home/airflow/.local/lib/python3.8/site-packages/airflow/example_dags/example_short_circuit_operator.py took 0.044 seconds
[2023-10-18T02:52:28.162+0000] {processor.py:157} INFO - Started process (PID=5763) to work on /home/airflow/.local/lib/python3.8/site-packages/airflow/example_dags/example_short_circuit_operator.py
[2023-10-18T02:52:28.163+0000] {processor.py:829} INFO - Processing file /home/airflow/.local/lib/python3.8/site-packages/airflow/example_dags/example_short_circuit_operator.py for tasks to queue
[2023-10-18T02:52:28.163+0000] {logging_mixin.py:151} INFO - [2023-10-18T02:52:28.163+0000] {dagbag.py:536} INFO - Filling up the DagBag from /home/airflow/.local/lib/python3.8/site-packages/airflow/example_dags/example_short_circuit_operator.py
[2023-10-18T02:52:28.168+0000] {processor.py:839} INFO - DAG(s) dict_keys(['example_short_circuit_operator']) retrieved from /home/airflow/.local/lib/python3.8/site-packages/airflow/example_dags/example_short_circuit_operator.py
[2023-10-18T02:52:28.185+0000] {logging_mixin.py:151} INFO - [2023-10-18T02:52:28.185+0000] {dag.py:2941} INFO - Sync 1 DAGs
[2023-10-18T02:52:28.197+0000] {logging_mixin.py:151} INFO - [2023-10-18T02:52:28.196+0000] {dag.py:3722} INFO - Setting next_dagrun for example_short_circuit_operator to 2023-10-17T02:52:28.196661+00:00, run_after=2023-10-18T02:52:28.196661+00:00
[2023-10-18T02:52:28.208+0000] {processor.py:179} INFO - Processing /home/airflow/.local/lib/python3.8/site-packages/airflow/example_dags/example_short_circuit_operator.py took 0.049 seconds
[2023-10-18T02:52:58.352+0000] {processor.py:157} INFO - Started process (PID=6001) to work on /home/airflow/.local/lib/python3.8/site-packages/airflow/example_dags/example_short_circuit_operator.py
[2023-10-18T02:52:58.352+0000] {processor.py:829} INFO - Processing file /home/airflow/.local/lib/python3.8/site-packages/airflow/example_dags/example_short_circuit_operator.py for tasks to queue
[2023-10-18T02:52:58.353+0000] {logging_mixin.py:151} INFO - [2023-10-18T02:52:58.353+0000] {dagbag.py:536} INFO - Filling up the DagBag from /home/airflow/.local/lib/python3.8/site-packages/airflow/example_dags/example_short_circuit_operator.py
[2023-10-18T02:52:58.358+0000] {processor.py:839} INFO - DAG(s) dict_keys(['example_short_circuit_operator']) retrieved from /home/airflow/.local/lib/python3.8/site-packages/airflow/example_dags/example_short_circuit_operator.py
[2023-10-18T02:52:58.373+0000] {logging_mixin.py:151} INFO - [2023-10-18T02:52:58.373+0000] {dag.py:2941} INFO - Sync 1 DAGs
[2023-10-18T02:52:58.385+0000] {logging_mixin.py:151} INFO - [2023-10-18T02:52:58.384+0000] {dag.py:3722} INFO - Setting next_dagrun for example_short_circuit_operator to 2023-10-17T02:52:58.384679+00:00, run_after=2023-10-18T02:52:58.384679+00:00
[2023-10-18T02:52:58.393+0000] {processor.py:179} INFO - Processing /home/airflow/.local/lib/python3.8/site-packages/airflow/example_dags/example_short_circuit_operator.py took 0.043 seconds
[2023-10-18T02:53:28.524+0000] {processor.py:157} INFO - Started process (PID=6241) to work on /home/airflow/.local/lib/python3.8/site-packages/airflow/example_dags/example_short_circuit_operator.py
[2023-10-18T02:53:28.525+0000] {processor.py:829} INFO - Processing file /home/airflow/.local/lib/python3.8/site-packages/airflow/example_dags/example_short_circuit_operator.py for tasks to queue
[2023-10-18T02:53:28.526+0000] {logging_mixin.py:151} INFO - [2023-10-18T02:53:28.525+0000] {dagbag.py:536} INFO - Filling up the DagBag from /home/airflow/.local/lib/python3.8/site-packages/airflow/example_dags/example_short_circuit_operator.py
[2023-10-18T02:53:28.531+0000] {processor.py:839} INFO - DAG(s) dict_keys(['example_short_circuit_operator']) retrieved from /home/airflow/.local/lib/python3.8/site-packages/airflow/example_dags/example_short_circuit_operator.py
[2023-10-18T02:53:28.546+0000] {logging_mixin.py:151} INFO - [2023-10-18T02:53:28.546+0000] {dag.py:2941} INFO - Sync 1 DAGs
[2023-10-18T02:53:28.560+0000] {logging_mixin.py:151} INFO - [2023-10-18T02:53:28.559+0000] {dag.py:3722} INFO - Setting next_dagrun for example_short_circuit_operator to 2023-10-17T02:53:28.559770+00:00, run_after=2023-10-18T02:53:28.559770+00:00
[2023-10-18T02:53:28.570+0000] {processor.py:179} INFO - Processing /home/airflow/.local/lib/python3.8/site-packages/airflow/example_dags/example_short_circuit_operator.py took 0.047 seconds
