[2023-10-18T02:40:52.141+0000] {processor.py:157} INFO - Started process (PID=366) to work on /home/airflow/.local/lib/python3.8/site-packages/airflow/example_dags/example_xcom.py
[2023-10-18T02:40:52.142+0000] {processor.py:829} INFO - Processing file /home/airflow/.local/lib/python3.8/site-packages/airflow/example_dags/example_xcom.py for tasks to queue
[2023-10-18T02:40:52.145+0000] {logging_mixin.py:151} INFO - [2023-10-18T02:40:52.144+0000] {dagbag.py:536} INFO - Filling up the DagBag from /home/airflow/.local/lib/python3.8/site-packages/airflow/example_dags/example_xcom.py
[2023-10-18T02:40:52.151+0000] {processor.py:839} INFO - DAG(s) dict_keys(['example_xcom']) retrieved from /home/airflow/.local/lib/python3.8/site-packages/airflow/example_dags/example_xcom.py
[2023-10-18T02:40:52.163+0000] {logging_mixin.py:151} INFO - [2023-10-18T02:40:52.163+0000] {dag.py:2941} INFO - Sync 1 DAGs
[2023-10-18T02:40:52.176+0000] {logging_mixin.py:151} INFO - [2023-10-18T02:40:52.176+0000] {dag.py:3722} INFO - Setting next_dagrun for example_xcom to 2021-01-01T00:00:00+00:00, run_after=2021-01-01T00:00:00+00:00
[2023-10-18T02:40:52.190+0000] {processor.py:179} INFO - Processing /home/airflow/.local/lib/python3.8/site-packages/airflow/example_dags/example_xcom.py took 0.052 seconds
[2023-10-18T02:41:22.628+0000] {processor.py:157} INFO - Started process (PID=604) to work on /home/airflow/.local/lib/python3.8/site-packages/airflow/example_dags/example_xcom.py
[2023-10-18T02:41:22.629+0000] {processor.py:829} INFO - Processing file /home/airflow/.local/lib/python3.8/site-packages/airflow/example_dags/example_xcom.py for tasks to queue
[2023-10-18T02:41:22.630+0000] {logging_mixin.py:151} INFO - [2023-10-18T02:41:22.629+0000] {dagbag.py:536} INFO - Filling up the DagBag from /home/airflow/.local/lib/python3.8/site-packages/airflow/example_dags/example_xcom.py
[2023-10-18T02:41:22.634+0000] {processor.py:839} INFO - DAG(s) dict_keys(['example_xcom']) retrieved from /home/airflow/.local/lib/python3.8/site-packages/airflow/example_dags/example_xcom.py
[2023-10-18T02:41:22.652+0000] {logging_mixin.py:151} INFO - [2023-10-18T02:41:22.652+0000] {dag.py:2941} INFO - Sync 1 DAGs
[2023-10-18T02:41:22.662+0000] {logging_mixin.py:151} INFO - [2023-10-18T02:41:22.662+0000] {dag.py:3722} INFO - Setting next_dagrun for example_xcom to 2021-01-01T00:00:00+00:00, run_after=2021-01-01T00:00:00+00:00
[2023-10-18T02:41:22.673+0000] {processor.py:179} INFO - Processing /home/airflow/.local/lib/python3.8/site-packages/airflow/example_dags/example_xcom.py took 0.046 seconds
[2023-10-18T02:41:52.810+0000] {processor.py:157} INFO - Started process (PID=842) to work on /home/airflow/.local/lib/python3.8/site-packages/airflow/example_dags/example_xcom.py
[2023-10-18T02:41:52.811+0000] {processor.py:829} INFO - Processing file /home/airflow/.local/lib/python3.8/site-packages/airflow/example_dags/example_xcom.py for tasks to queue
[2023-10-18T02:41:52.811+0000] {logging_mixin.py:151} INFO - [2023-10-18T02:41:52.811+0000] {dagbag.py:536} INFO - Filling up the DagBag from /home/airflow/.local/lib/python3.8/site-packages/airflow/example_dags/example_xcom.py
[2023-10-18T02:41:52.816+0000] {processor.py:839} INFO - DAG(s) dict_keys(['example_xcom']) retrieved from /home/airflow/.local/lib/python3.8/site-packages/airflow/example_dags/example_xcom.py
[2023-10-18T02:41:52.832+0000] {logging_mixin.py:151} INFO - [2023-10-18T02:41:52.832+0000] {dag.py:2941} INFO - Sync 1 DAGs
[2023-10-18T02:41:52.843+0000] {logging_mixin.py:151} INFO - [2023-10-18T02:41:52.843+0000] {dag.py:3722} INFO - Setting next_dagrun for example_xcom to 2021-01-01T00:00:00+00:00, run_after=2021-01-01T00:00:00+00:00
[2023-10-18T02:41:52.852+0000] {processor.py:179} INFO - Processing /home/airflow/.local/lib/python3.8/site-packages/airflow/example_dags/example_xcom.py took 0.044 seconds
[2023-10-18T02:42:22.928+0000] {processor.py:157} INFO - Started process (PID=1080) to work on /home/airflow/.local/lib/python3.8/site-packages/airflow/example_dags/example_xcom.py
[2023-10-18T02:42:22.929+0000] {processor.py:829} INFO - Processing file /home/airflow/.local/lib/python3.8/site-packages/airflow/example_dags/example_xcom.py for tasks to queue
[2023-10-18T02:42:22.930+0000] {logging_mixin.py:151} INFO - [2023-10-18T02:42:22.929+0000] {dagbag.py:536} INFO - Filling up the DagBag from /home/airflow/.local/lib/python3.8/site-packages/airflow/example_dags/example_xcom.py
[2023-10-18T02:42:22.935+0000] {processor.py:839} INFO - DAG(s) dict_keys(['example_xcom']) retrieved from /home/airflow/.local/lib/python3.8/site-packages/airflow/example_dags/example_xcom.py
[2023-10-18T02:42:22.951+0000] {logging_mixin.py:151} INFO - [2023-10-18T02:42:22.951+0000] {dag.py:2941} INFO - Sync 1 DAGs
[2023-10-18T02:42:22.964+0000] {logging_mixin.py:151} INFO - [2023-10-18T02:42:22.964+0000] {dag.py:3722} INFO - Setting next_dagrun for example_xcom to 2021-01-01T00:00:00+00:00, run_after=2021-01-01T00:00:00+00:00
[2023-10-18T02:42:22.976+0000] {processor.py:179} INFO - Processing /home/airflow/.local/lib/python3.8/site-packages/airflow/example_dags/example_xcom.py took 0.050 seconds
[2023-10-18T02:42:53.788+0000] {processor.py:157} INFO - Started process (PID=1366) to work on /home/airflow/.local/lib/python3.8/site-packages/airflow/example_dags/example_xcom.py
[2023-10-18T02:42:53.789+0000] {processor.py:829} INFO - Processing file /home/airflow/.local/lib/python3.8/site-packages/airflow/example_dags/example_xcom.py for tasks to queue
[2023-10-18T02:42:53.789+0000] {logging_mixin.py:151} INFO - [2023-10-18T02:42:53.789+0000] {dagbag.py:536} INFO - Filling up the DagBag from /home/airflow/.local/lib/python3.8/site-packages/airflow/example_dags/example_xcom.py
[2023-10-18T02:42:53.794+0000] {processor.py:839} INFO - DAG(s) dict_keys(['example_xcom']) retrieved from /home/airflow/.local/lib/python3.8/site-packages/airflow/example_dags/example_xcom.py
[2023-10-18T02:42:53.809+0000] {logging_mixin.py:151} INFO - [2023-10-18T02:42:53.809+0000] {dag.py:2941} INFO - Sync 1 DAGs
[2023-10-18T02:42:53.820+0000] {logging_mixin.py:151} INFO - [2023-10-18T02:42:53.820+0000] {dag.py:3722} INFO - Setting next_dagrun for example_xcom to 2021-01-01T00:00:00+00:00, run_after=2021-01-01T00:00:00+00:00
[2023-10-18T02:42:53.831+0000] {processor.py:179} INFO - Processing /home/airflow/.local/lib/python3.8/site-packages/airflow/example_dags/example_xcom.py took 0.046 seconds
[2023-10-18T02:43:24.045+0000] {processor.py:157} INFO - Started process (PID=1606) to work on /home/airflow/.local/lib/python3.8/site-packages/airflow/example_dags/example_xcom.py
[2023-10-18T02:43:24.046+0000] {processor.py:829} INFO - Processing file /home/airflow/.local/lib/python3.8/site-packages/airflow/example_dags/example_xcom.py for tasks to queue
[2023-10-18T02:43:24.046+0000] {logging_mixin.py:151} INFO - [2023-10-18T02:43:24.046+0000] {dagbag.py:536} INFO - Filling up the DagBag from /home/airflow/.local/lib/python3.8/site-packages/airflow/example_dags/example_xcom.py
[2023-10-18T02:43:24.050+0000] {processor.py:839} INFO - DAG(s) dict_keys(['example_xcom']) retrieved from /home/airflow/.local/lib/python3.8/site-packages/airflow/example_dags/example_xcom.py
[2023-10-18T02:43:24.065+0000] {logging_mixin.py:151} INFO - [2023-10-18T02:43:24.065+0000] {dag.py:2941} INFO - Sync 1 DAGs
[2023-10-18T02:43:24.077+0000] {logging_mixin.py:151} INFO - [2023-10-18T02:43:24.077+0000] {dag.py:3722} INFO - Setting next_dagrun for example_xcom to 2021-01-01T00:00:00+00:00, run_after=2021-01-01T00:00:00+00:00
[2023-10-18T02:43:24.087+0000] {processor.py:179} INFO - Processing /home/airflow/.local/lib/python3.8/site-packages/airflow/example_dags/example_xcom.py took 0.043 seconds
[2023-10-18T02:43:54.122+0000] {processor.py:157} INFO - Started process (PID=1848) to work on /home/airflow/.local/lib/python3.8/site-packages/airflow/example_dags/example_xcom.py
[2023-10-18T02:43:54.123+0000] {processor.py:829} INFO - Processing file /home/airflow/.local/lib/python3.8/site-packages/airflow/example_dags/example_xcom.py for tasks to queue
[2023-10-18T02:43:54.123+0000] {logging_mixin.py:151} INFO - [2023-10-18T02:43:54.123+0000] {dagbag.py:536} INFO - Filling up the DagBag from /home/airflow/.local/lib/python3.8/site-packages/airflow/example_dags/example_xcom.py
[2023-10-18T02:43:54.127+0000] {processor.py:839} INFO - DAG(s) dict_keys(['example_xcom']) retrieved from /home/airflow/.local/lib/python3.8/site-packages/airflow/example_dags/example_xcom.py
[2023-10-18T02:43:54.143+0000] {logging_mixin.py:151} INFO - [2023-10-18T02:43:54.143+0000] {dag.py:2941} INFO - Sync 1 DAGs
[2023-10-18T02:43:54.158+0000] {logging_mixin.py:151} INFO - [2023-10-18T02:43:54.158+0000] {dag.py:3722} INFO - Setting next_dagrun for example_xcom to 2021-01-01T00:00:00+00:00, run_after=2021-01-01T00:00:00+00:00
[2023-10-18T02:43:54.167+0000] {processor.py:179} INFO - Processing /home/airflow/.local/lib/python3.8/site-packages/airflow/example_dags/example_xcom.py took 0.047 seconds
[2023-10-18T02:44:25.067+0000] {processor.py:157} INFO - Started process (PID=2082) to work on /home/airflow/.local/lib/python3.8/site-packages/airflow/example_dags/example_xcom.py
[2023-10-18T02:44:25.067+0000] {processor.py:829} INFO - Processing file /home/airflow/.local/lib/python3.8/site-packages/airflow/example_dags/example_xcom.py for tasks to queue
[2023-10-18T02:44:25.068+0000] {logging_mixin.py:151} INFO - [2023-10-18T02:44:25.068+0000] {dagbag.py:536} INFO - Filling up the DagBag from /home/airflow/.local/lib/python3.8/site-packages/airflow/example_dags/example_xcom.py
[2023-10-18T02:44:25.072+0000] {processor.py:839} INFO - DAG(s) dict_keys(['example_xcom']) retrieved from /home/airflow/.local/lib/python3.8/site-packages/airflow/example_dags/example_xcom.py
[2023-10-18T02:44:25.088+0000] {logging_mixin.py:151} INFO - [2023-10-18T02:44:25.087+0000] {dag.py:2941} INFO - Sync 1 DAGs
[2023-10-18T02:44:25.099+0000] {logging_mixin.py:151} INFO - [2023-10-18T02:44:25.098+0000] {dag.py:3722} INFO - Setting next_dagrun for example_xcom to 2021-01-01T00:00:00+00:00, run_after=2021-01-01T00:00:00+00:00
[2023-10-18T02:44:25.109+0000] {processor.py:179} INFO - Processing /home/airflow/.local/lib/python3.8/site-packages/airflow/example_dags/example_xcom.py took 0.044 seconds
[2023-10-18T02:44:55.127+0000] {processor.py:157} INFO - Started process (PID=2319) to work on /home/airflow/.local/lib/python3.8/site-packages/airflow/example_dags/example_xcom.py
[2023-10-18T02:44:55.128+0000] {processor.py:829} INFO - Processing file /home/airflow/.local/lib/python3.8/site-packages/airflow/example_dags/example_xcom.py for tasks to queue
[2023-10-18T02:44:55.129+0000] {logging_mixin.py:151} INFO - [2023-10-18T02:44:55.128+0000] {dagbag.py:536} INFO - Filling up the DagBag from /home/airflow/.local/lib/python3.8/site-packages/airflow/example_dags/example_xcom.py
[2023-10-18T02:44:55.133+0000] {processor.py:839} INFO - DAG(s) dict_keys(['example_xcom']) retrieved from /home/airflow/.local/lib/python3.8/site-packages/airflow/example_dags/example_xcom.py
[2023-10-18T02:44:55.147+0000] {logging_mixin.py:151} INFO - [2023-10-18T02:44:55.147+0000] {dag.py:2941} INFO - Sync 1 DAGs
[2023-10-18T02:44:55.158+0000] {logging_mixin.py:151} INFO - [2023-10-18T02:44:55.158+0000] {dag.py:3722} INFO - Setting next_dagrun for example_xcom to 2021-01-01T00:00:00+00:00, run_after=2021-01-01T00:00:00+00:00
[2023-10-18T02:44:55.169+0000] {processor.py:179} INFO - Processing /home/airflow/.local/lib/python3.8/site-packages/airflow/example_dags/example_xcom.py took 0.043 seconds
[2023-10-18T02:45:25.449+0000] {processor.py:157} INFO - Started process (PID=2557) to work on /home/airflow/.local/lib/python3.8/site-packages/airflow/example_dags/example_xcom.py
[2023-10-18T02:45:25.449+0000] {processor.py:829} INFO - Processing file /home/airflow/.local/lib/python3.8/site-packages/airflow/example_dags/example_xcom.py for tasks to queue
[2023-10-18T02:45:25.450+0000] {logging_mixin.py:151} INFO - [2023-10-18T02:45:25.450+0000] {dagbag.py:536} INFO - Filling up the DagBag from /home/airflow/.local/lib/python3.8/site-packages/airflow/example_dags/example_xcom.py
[2023-10-18T02:45:25.455+0000] {processor.py:839} INFO - DAG(s) dict_keys(['example_xcom']) retrieved from /home/airflow/.local/lib/python3.8/site-packages/airflow/example_dags/example_xcom.py
[2023-10-18T02:45:25.470+0000] {logging_mixin.py:151} INFO - [2023-10-18T02:45:25.470+0000] {dag.py:2941} INFO - Sync 1 DAGs
[2023-10-18T02:45:25.482+0000] {logging_mixin.py:151} INFO - [2023-10-18T02:45:25.481+0000] {dag.py:3722} INFO - Setting next_dagrun for example_xcom to 2021-01-01T00:00:00+00:00, run_after=2021-01-01T00:00:00+00:00
[2023-10-18T02:45:25.490+0000] {processor.py:179} INFO - Processing /home/airflow/.local/lib/python3.8/site-packages/airflow/example_dags/example_xcom.py took 0.044 seconds
[2023-10-18T02:45:55.681+0000] {processor.py:157} INFO - Started process (PID=2795) to work on /home/airflow/.local/lib/python3.8/site-packages/airflow/example_dags/example_xcom.py
[2023-10-18T02:45:55.682+0000] {processor.py:829} INFO - Processing file /home/airflow/.local/lib/python3.8/site-packages/airflow/example_dags/example_xcom.py for tasks to queue
[2023-10-18T02:45:55.683+0000] {logging_mixin.py:151} INFO - [2023-10-18T02:45:55.682+0000] {dagbag.py:536} INFO - Filling up the DagBag from /home/airflow/.local/lib/python3.8/site-packages/airflow/example_dags/example_xcom.py
[2023-10-18T02:45:55.687+0000] {processor.py:839} INFO - DAG(s) dict_keys(['example_xcom']) retrieved from /home/airflow/.local/lib/python3.8/site-packages/airflow/example_dags/example_xcom.py
[2023-10-18T02:45:55.703+0000] {logging_mixin.py:151} INFO - [2023-10-18T02:45:55.703+0000] {dag.py:2941} INFO - Sync 1 DAGs
[2023-10-18T02:45:55.715+0000] {logging_mixin.py:151} INFO - [2023-10-18T02:45:55.715+0000] {dag.py:3722} INFO - Setting next_dagrun for example_xcom to 2021-01-01T00:00:00+00:00, run_after=2021-01-01T00:00:00+00:00
[2023-10-18T02:45:55.729+0000] {processor.py:179} INFO - Processing /home/airflow/.local/lib/python3.8/site-packages/airflow/example_dags/example_xcom.py took 0.050 seconds
[2023-10-18T02:46:26.684+0000] {processor.py:157} INFO - Started process (PID=3033) to work on /home/airflow/.local/lib/python3.8/site-packages/airflow/example_dags/example_xcom.py
[2023-10-18T02:46:26.684+0000] {processor.py:829} INFO - Processing file /home/airflow/.local/lib/python3.8/site-packages/airflow/example_dags/example_xcom.py for tasks to queue
[2023-10-18T02:46:26.685+0000] {logging_mixin.py:151} INFO - [2023-10-18T02:46:26.685+0000] {dagbag.py:536} INFO - Filling up the DagBag from /home/airflow/.local/lib/python3.8/site-packages/airflow/example_dags/example_xcom.py
[2023-10-18T02:46:26.691+0000] {processor.py:839} INFO - DAG(s) dict_keys(['example_xcom']) retrieved from /home/airflow/.local/lib/python3.8/site-packages/airflow/example_dags/example_xcom.py
[2023-10-18T02:46:26.705+0000] {logging_mixin.py:151} INFO - [2023-10-18T02:46:26.705+0000] {dag.py:2941} INFO - Sync 1 DAGs
[2023-10-18T02:46:26.717+0000] {logging_mixin.py:151} INFO - [2023-10-18T02:46:26.717+0000] {dag.py:3722} INFO - Setting next_dagrun for example_xcom to 2021-01-01T00:00:00+00:00, run_after=2021-01-01T00:00:00+00:00
[2023-10-18T02:46:26.726+0000] {processor.py:179} INFO - Processing /home/airflow/.local/lib/python3.8/site-packages/airflow/example_dags/example_xcom.py took 0.045 seconds
[2023-10-18T02:46:56.771+0000] {processor.py:157} INFO - Started process (PID=3271) to work on /home/airflow/.local/lib/python3.8/site-packages/airflow/example_dags/example_xcom.py
[2023-10-18T02:46:56.772+0000] {processor.py:829} INFO - Processing file /home/airflow/.local/lib/python3.8/site-packages/airflow/example_dags/example_xcom.py for tasks to queue
[2023-10-18T02:46:56.773+0000] {logging_mixin.py:151} INFO - [2023-10-18T02:46:56.772+0000] {dagbag.py:536} INFO - Filling up the DagBag from /home/airflow/.local/lib/python3.8/site-packages/airflow/example_dags/example_xcom.py
[2023-10-18T02:46:56.777+0000] {processor.py:839} INFO - DAG(s) dict_keys(['example_xcom']) retrieved from /home/airflow/.local/lib/python3.8/site-packages/airflow/example_dags/example_xcom.py
[2023-10-18T02:46:56.792+0000] {logging_mixin.py:151} INFO - [2023-10-18T02:46:56.792+0000] {dag.py:2941} INFO - Sync 1 DAGs
[2023-10-18T02:46:56.802+0000] {logging_mixin.py:151} INFO - [2023-10-18T02:46:56.802+0000] {dag.py:3722} INFO - Setting next_dagrun for example_xcom to 2021-01-01T00:00:00+00:00, run_after=2021-01-01T00:00:00+00:00
[2023-10-18T02:46:56.810+0000] {processor.py:179} INFO - Processing /home/airflow/.local/lib/python3.8/site-packages/airflow/example_dags/example_xcom.py took 0.041 seconds
[2023-10-18T02:47:27.724+0000] {processor.py:157} INFO - Started process (PID=3509) to work on /home/airflow/.local/lib/python3.8/site-packages/airflow/example_dags/example_xcom.py
[2023-10-18T02:47:27.724+0000] {processor.py:829} INFO - Processing file /home/airflow/.local/lib/python3.8/site-packages/airflow/example_dags/example_xcom.py for tasks to queue
[2023-10-18T02:47:27.725+0000] {logging_mixin.py:151} INFO - [2023-10-18T02:47:27.725+0000] {dagbag.py:536} INFO - Filling up the DagBag from /home/airflow/.local/lib/python3.8/site-packages/airflow/example_dags/example_xcom.py
[2023-10-18T02:47:27.729+0000] {processor.py:839} INFO - DAG(s) dict_keys(['example_xcom']) retrieved from /home/airflow/.local/lib/python3.8/site-packages/airflow/example_dags/example_xcom.py
[2023-10-18T02:47:27.744+0000] {logging_mixin.py:151} INFO - [2023-10-18T02:47:27.744+0000] {dag.py:2941} INFO - Sync 1 DAGs
[2023-10-18T02:47:27.755+0000] {logging_mixin.py:151} INFO - [2023-10-18T02:47:27.755+0000] {dag.py:3722} INFO - Setting next_dagrun for example_xcom to 2021-01-01T00:00:00+00:00, run_after=2021-01-01T00:00:00+00:00
[2023-10-18T02:47:27.763+0000] {processor.py:179} INFO - Processing /home/airflow/.local/lib/python3.8/site-packages/airflow/example_dags/example_xcom.py took 0.042 seconds
[2023-10-18T02:47:57.903+0000] {processor.py:157} INFO - Started process (PID=3747) to work on /home/airflow/.local/lib/python3.8/site-packages/airflow/example_dags/example_xcom.py
[2023-10-18T02:47:57.904+0000] {processor.py:829} INFO - Processing file /home/airflow/.local/lib/python3.8/site-packages/airflow/example_dags/example_xcom.py for tasks to queue
[2023-10-18T02:47:57.904+0000] {logging_mixin.py:151} INFO - [2023-10-18T02:47:57.904+0000] {dagbag.py:536} INFO - Filling up the DagBag from /home/airflow/.local/lib/python3.8/site-packages/airflow/example_dags/example_xcom.py
[2023-10-18T02:47:57.909+0000] {processor.py:839} INFO - DAG(s) dict_keys(['example_xcom']) retrieved from /home/airflow/.local/lib/python3.8/site-packages/airflow/example_dags/example_xcom.py
[2023-10-18T02:47:57.925+0000] {logging_mixin.py:151} INFO - [2023-10-18T02:47:57.924+0000] {dag.py:2941} INFO - Sync 1 DAGs
[2023-10-18T02:47:57.936+0000] {logging_mixin.py:151} INFO - [2023-10-18T02:47:57.936+0000] {dag.py:3722} INFO - Setting next_dagrun for example_xcom to 2021-01-01T00:00:00+00:00, run_after=2021-01-01T00:00:00+00:00
[2023-10-18T02:47:57.946+0000] {processor.py:179} INFO - Processing /home/airflow/.local/lib/python3.8/site-packages/airflow/example_dags/example_xcom.py took 0.045 seconds
[2023-10-18T02:48:28.039+0000] {processor.py:157} INFO - Started process (PID=3985) to work on /home/airflow/.local/lib/python3.8/site-packages/airflow/example_dags/example_xcom.py
[2023-10-18T02:48:28.039+0000] {processor.py:829} INFO - Processing file /home/airflow/.local/lib/python3.8/site-packages/airflow/example_dags/example_xcom.py for tasks to queue
[2023-10-18T02:48:28.040+0000] {logging_mixin.py:151} INFO - [2023-10-18T02:48:28.040+0000] {dagbag.py:536} INFO - Filling up the DagBag from /home/airflow/.local/lib/python3.8/site-packages/airflow/example_dags/example_xcom.py
[2023-10-18T02:48:28.044+0000] {processor.py:839} INFO - DAG(s) dict_keys(['example_xcom']) retrieved from /home/airflow/.local/lib/python3.8/site-packages/airflow/example_dags/example_xcom.py
[2023-10-18T02:48:28.060+0000] {logging_mixin.py:151} INFO - [2023-10-18T02:48:28.060+0000] {dag.py:2941} INFO - Sync 1 DAGs
[2023-10-18T02:48:28.070+0000] {logging_mixin.py:151} INFO - [2023-10-18T02:48:28.070+0000] {dag.py:3722} INFO - Setting next_dagrun for example_xcom to 2021-01-01T00:00:00+00:00, run_after=2021-01-01T00:00:00+00:00
[2023-10-18T02:48:28.079+0000] {processor.py:179} INFO - Processing /home/airflow/.local/lib/python3.8/site-packages/airflow/example_dags/example_xcom.py took 0.042 seconds
[2023-10-18T02:48:58.223+0000] {processor.py:157} INFO - Started process (PID=4223) to work on /home/airflow/.local/lib/python3.8/site-packages/airflow/example_dags/example_xcom.py
[2023-10-18T02:48:58.223+0000] {processor.py:829} INFO - Processing file /home/airflow/.local/lib/python3.8/site-packages/airflow/example_dags/example_xcom.py for tasks to queue
[2023-10-18T02:48:58.224+0000] {logging_mixin.py:151} INFO - [2023-10-18T02:48:58.224+0000] {dagbag.py:536} INFO - Filling up the DagBag from /home/airflow/.local/lib/python3.8/site-packages/airflow/example_dags/example_xcom.py
[2023-10-18T02:48:58.228+0000] {processor.py:839} INFO - DAG(s) dict_keys(['example_xcom']) retrieved from /home/airflow/.local/lib/python3.8/site-packages/airflow/example_dags/example_xcom.py
[2023-10-18T02:48:58.243+0000] {logging_mixin.py:151} INFO - [2023-10-18T02:48:58.243+0000] {dag.py:2941} INFO - Sync 1 DAGs
[2023-10-18T02:48:58.254+0000] {logging_mixin.py:151} INFO - [2023-10-18T02:48:58.254+0000] {dag.py:3722} INFO - Setting next_dagrun for example_xcom to 2021-01-01T00:00:00+00:00, run_after=2021-01-01T00:00:00+00:00
[2023-10-18T02:48:58.265+0000] {processor.py:179} INFO - Processing /home/airflow/.local/lib/python3.8/site-packages/airflow/example_dags/example_xcom.py took 0.045 seconds
[2023-10-18T02:49:28.374+0000] {processor.py:157} INFO - Started process (PID=4461) to work on /home/airflow/.local/lib/python3.8/site-packages/airflow/example_dags/example_xcom.py
[2023-10-18T02:49:28.375+0000] {processor.py:829} INFO - Processing file /home/airflow/.local/lib/python3.8/site-packages/airflow/example_dags/example_xcom.py for tasks to queue
[2023-10-18T02:49:28.376+0000] {logging_mixin.py:151} INFO - [2023-10-18T02:49:28.375+0000] {dagbag.py:536} INFO - Filling up the DagBag from /home/airflow/.local/lib/python3.8/site-packages/airflow/example_dags/example_xcom.py
[2023-10-18T02:49:28.380+0000] {processor.py:839} INFO - DAG(s) dict_keys(['example_xcom']) retrieved from /home/airflow/.local/lib/python3.8/site-packages/airflow/example_dags/example_xcom.py
[2023-10-18T02:49:28.395+0000] {logging_mixin.py:151} INFO - [2023-10-18T02:49:28.395+0000] {dag.py:2941} INFO - Sync 1 DAGs
[2023-10-18T02:49:28.409+0000] {logging_mixin.py:151} INFO - [2023-10-18T02:49:28.409+0000] {dag.py:3722} INFO - Setting next_dagrun for example_xcom to 2021-01-01T00:00:00+00:00, run_after=2021-01-01T00:00:00+00:00
[2023-10-18T02:49:28.418+0000] {processor.py:179} INFO - Processing /home/airflow/.local/lib/python3.8/site-packages/airflow/example_dags/example_xcom.py took 0.046 seconds
[2023-10-18T02:49:58.518+0000] {processor.py:157} INFO - Started process (PID=4699) to work on /home/airflow/.local/lib/python3.8/site-packages/airflow/example_dags/example_xcom.py
[2023-10-18T02:49:58.518+0000] {processor.py:829} INFO - Processing file /home/airflow/.local/lib/python3.8/site-packages/airflow/example_dags/example_xcom.py for tasks to queue
[2023-10-18T02:49:58.519+0000] {logging_mixin.py:151} INFO - [2023-10-18T02:49:58.519+0000] {dagbag.py:536} INFO - Filling up the DagBag from /home/airflow/.local/lib/python3.8/site-packages/airflow/example_dags/example_xcom.py
[2023-10-18T02:49:58.524+0000] {processor.py:839} INFO - DAG(s) dict_keys(['example_xcom']) retrieved from /home/airflow/.local/lib/python3.8/site-packages/airflow/example_dags/example_xcom.py
[2023-10-18T02:49:58.540+0000] {logging_mixin.py:151} INFO - [2023-10-18T02:49:58.540+0000] {dag.py:2941} INFO - Sync 1 DAGs
[2023-10-18T02:49:58.552+0000] {logging_mixin.py:151} INFO - [2023-10-18T02:49:58.551+0000] {dag.py:3722} INFO - Setting next_dagrun for example_xcom to 2021-01-01T00:00:00+00:00, run_after=2021-01-01T00:00:00+00:00
[2023-10-18T02:49:58.563+0000] {processor.py:179} INFO - Processing /home/airflow/.local/lib/python3.8/site-packages/airflow/example_dags/example_xcom.py took 0.047 seconds
[2023-10-18T02:50:28.700+0000] {processor.py:157} INFO - Started process (PID=4938) to work on /home/airflow/.local/lib/python3.8/site-packages/airflow/example_dags/example_xcom.py
[2023-10-18T02:50:28.701+0000] {processor.py:829} INFO - Processing file /home/airflow/.local/lib/python3.8/site-packages/airflow/example_dags/example_xcom.py for tasks to queue
[2023-10-18T02:50:28.701+0000] {logging_mixin.py:151} INFO - [2023-10-18T02:50:28.701+0000] {dagbag.py:536} INFO - Filling up the DagBag from /home/airflow/.local/lib/python3.8/site-packages/airflow/example_dags/example_xcom.py
[2023-10-18T02:50:28.706+0000] {processor.py:839} INFO - DAG(s) dict_keys(['example_xcom']) retrieved from /home/airflow/.local/lib/python3.8/site-packages/airflow/example_dags/example_xcom.py
[2023-10-18T02:50:28.723+0000] {logging_mixin.py:151} INFO - [2023-10-18T02:50:28.722+0000] {dag.py:2941} INFO - Sync 1 DAGs
[2023-10-18T02:50:28.735+0000] {logging_mixin.py:151} INFO - [2023-10-18T02:50:28.735+0000] {dag.py:3722} INFO - Setting next_dagrun for example_xcom to 2021-01-01T00:00:00+00:00, run_after=2021-01-01T00:00:00+00:00
[2023-10-18T02:50:28.748+0000] {processor.py:179} INFO - Processing /home/airflow/.local/lib/python3.8/site-packages/airflow/example_dags/example_xcom.py took 0.050 seconds
[2023-10-18T02:50:58.839+0000] {processor.py:157} INFO - Started process (PID=5176) to work on /home/airflow/.local/lib/python3.8/site-packages/airflow/example_dags/example_xcom.py
[2023-10-18T02:50:58.840+0000] {processor.py:829} INFO - Processing file /home/airflow/.local/lib/python3.8/site-packages/airflow/example_dags/example_xcom.py for tasks to queue
[2023-10-18T02:50:58.840+0000] {logging_mixin.py:151} INFO - [2023-10-18T02:50:58.840+0000] {dagbag.py:536} INFO - Filling up the DagBag from /home/airflow/.local/lib/python3.8/site-packages/airflow/example_dags/example_xcom.py
[2023-10-18T02:50:58.845+0000] {processor.py:839} INFO - DAG(s) dict_keys(['example_xcom']) retrieved from /home/airflow/.local/lib/python3.8/site-packages/airflow/example_dags/example_xcom.py
[2023-10-18T02:50:58.859+0000] {logging_mixin.py:151} INFO - [2023-10-18T02:50:58.858+0000] {dag.py:2941} INFO - Sync 1 DAGs
[2023-10-18T02:50:58.869+0000] {logging_mixin.py:151} INFO - [2023-10-18T02:50:58.869+0000] {dag.py:3722} INFO - Setting next_dagrun for example_xcom to 2021-01-01T00:00:00+00:00, run_after=2021-01-01T00:00:00+00:00
[2023-10-18T02:50:58.878+0000] {processor.py:179} INFO - Processing /home/airflow/.local/lib/python3.8/site-packages/airflow/example_dags/example_xcom.py took 0.041 seconds
[2023-10-18T02:51:29.927+0000] {processor.py:157} INFO - Started process (PID=5414) to work on /home/airflow/.local/lib/python3.8/site-packages/airflow/example_dags/example_xcom.py
[2023-10-18T02:51:29.928+0000] {processor.py:829} INFO - Processing file /home/airflow/.local/lib/python3.8/site-packages/airflow/example_dags/example_xcom.py for tasks to queue
[2023-10-18T02:51:29.928+0000] {logging_mixin.py:151} INFO - [2023-10-18T02:51:29.928+0000] {dagbag.py:536} INFO - Filling up the DagBag from /home/airflow/.local/lib/python3.8/site-packages/airflow/example_dags/example_xcom.py
[2023-10-18T02:51:29.933+0000] {processor.py:839} INFO - DAG(s) dict_keys(['example_xcom']) retrieved from /home/airflow/.local/lib/python3.8/site-packages/airflow/example_dags/example_xcom.py
[2023-10-18T02:51:29.947+0000] {logging_mixin.py:151} INFO - [2023-10-18T02:51:29.947+0000] {dag.py:2941} INFO - Sync 1 DAGs
[2023-10-18T02:51:29.958+0000] {logging_mixin.py:151} INFO - [2023-10-18T02:51:29.958+0000] {dag.py:3722} INFO - Setting next_dagrun for example_xcom to 2021-01-01T00:00:00+00:00, run_after=2021-01-01T00:00:00+00:00
[2023-10-18T02:51:29.967+0000] {processor.py:179} INFO - Processing /home/airflow/.local/lib/python3.8/site-packages/airflow/example_dags/example_xcom.py took 0.042 seconds
[2023-10-18T02:51:59.998+0000] {processor.py:157} INFO - Started process (PID=5646) to work on /home/airflow/.local/lib/python3.8/site-packages/airflow/example_dags/example_xcom.py
[2023-10-18T02:51:59.999+0000] {processor.py:829} INFO - Processing file /home/airflow/.local/lib/python3.8/site-packages/airflow/example_dags/example_xcom.py for tasks to queue
[2023-10-18T02:51:59.999+0000] {logging_mixin.py:151} INFO - [2023-10-18T02:51:59.999+0000] {dagbag.py:536} INFO - Filling up the DagBag from /home/airflow/.local/lib/python3.8/site-packages/airflow/example_dags/example_xcom.py
[2023-10-18T02:52:00.005+0000] {processor.py:839} INFO - DAG(s) dict_keys(['example_xcom']) retrieved from /home/airflow/.local/lib/python3.8/site-packages/airflow/example_dags/example_xcom.py
[2023-10-18T02:52:00.022+0000] {logging_mixin.py:151} INFO - [2023-10-18T02:52:00.022+0000] {dag.py:2941} INFO - Sync 1 DAGs
[2023-10-18T02:52:00.033+0000] {logging_mixin.py:151} INFO - [2023-10-18T02:52:00.033+0000] {dag.py:3722} INFO - Setting next_dagrun for example_xcom to 2021-01-01T00:00:00+00:00, run_after=2021-01-01T00:00:00+00:00
[2023-10-18T02:52:00.044+0000] {processor.py:179} INFO - Processing /home/airflow/.local/lib/python3.8/site-packages/airflow/example_dags/example_xcom.py took 0.049 seconds
[2023-10-18T02:52:31.112+0000] {processor.py:157} INFO - Started process (PID=5888) to work on /home/airflow/.local/lib/python3.8/site-packages/airflow/example_dags/example_xcom.py
[2023-10-18T02:52:31.113+0000] {processor.py:829} INFO - Processing file /home/airflow/.local/lib/python3.8/site-packages/airflow/example_dags/example_xcom.py for tasks to queue
[2023-10-18T02:52:31.113+0000] {logging_mixin.py:151} INFO - [2023-10-18T02:52:31.113+0000] {dagbag.py:536} INFO - Filling up the DagBag from /home/airflow/.local/lib/python3.8/site-packages/airflow/example_dags/example_xcom.py
[2023-10-18T02:52:31.118+0000] {processor.py:839} INFO - DAG(s) dict_keys(['example_xcom']) retrieved from /home/airflow/.local/lib/python3.8/site-packages/airflow/example_dags/example_xcom.py
[2023-10-18T02:52:31.133+0000] {logging_mixin.py:151} INFO - [2023-10-18T02:52:31.133+0000] {dag.py:2941} INFO - Sync 1 DAGs
[2023-10-18T02:52:31.144+0000] {logging_mixin.py:151} INFO - [2023-10-18T02:52:31.144+0000] {dag.py:3722} INFO - Setting next_dagrun for example_xcom to 2021-01-01T00:00:00+00:00, run_after=2021-01-01T00:00:00+00:00
[2023-10-18T02:52:31.153+0000] {processor.py:179} INFO - Processing /home/airflow/.local/lib/python3.8/site-packages/airflow/example_dags/example_xcom.py took 0.043 seconds
[2023-10-18T02:53:01.208+0000] {processor.py:157} INFO - Started process (PID=6126) to work on /home/airflow/.local/lib/python3.8/site-packages/airflow/example_dags/example_xcom.py
[2023-10-18T02:53:01.208+0000] {processor.py:829} INFO - Processing file /home/airflow/.local/lib/python3.8/site-packages/airflow/example_dags/example_xcom.py for tasks to queue
[2023-10-18T02:53:01.209+0000] {logging_mixin.py:151} INFO - [2023-10-18T02:53:01.209+0000] {dagbag.py:536} INFO - Filling up the DagBag from /home/airflow/.local/lib/python3.8/site-packages/airflow/example_dags/example_xcom.py
[2023-10-18T02:53:01.213+0000] {processor.py:839} INFO - DAG(s) dict_keys(['example_xcom']) retrieved from /home/airflow/.local/lib/python3.8/site-packages/airflow/example_dags/example_xcom.py
[2023-10-18T02:53:01.228+0000] {logging_mixin.py:151} INFO - [2023-10-18T02:53:01.228+0000] {dag.py:2941} INFO - Sync 1 DAGs
[2023-10-18T02:53:01.239+0000] {logging_mixin.py:151} INFO - [2023-10-18T02:53:01.239+0000] {dag.py:3722} INFO - Setting next_dagrun for example_xcom to 2021-01-01T00:00:00+00:00, run_after=2021-01-01T00:00:00+00:00
[2023-10-18T02:53:01.250+0000] {processor.py:179} INFO - Processing /home/airflow/.local/lib/python3.8/site-packages/airflow/example_dags/example_xcom.py took 0.045 seconds
[2023-10-18T02:53:31.285+0000] {processor.py:157} INFO - Started process (PID=6359) to work on /home/airflow/.local/lib/python3.8/site-packages/airflow/example_dags/example_xcom.py
[2023-10-18T02:53:31.286+0000] {processor.py:829} INFO - Processing file /home/airflow/.local/lib/python3.8/site-packages/airflow/example_dags/example_xcom.py for tasks to queue
[2023-10-18T02:53:31.287+0000] {logging_mixin.py:151} INFO - [2023-10-18T02:53:31.286+0000] {dagbag.py:536} INFO - Filling up the DagBag from /home/airflow/.local/lib/python3.8/site-packages/airflow/example_dags/example_xcom.py
[2023-10-18T02:53:31.294+0000] {processor.py:839} INFO - DAG(s) dict_keys(['example_xcom']) retrieved from /home/airflow/.local/lib/python3.8/site-packages/airflow/example_dags/example_xcom.py
[2023-10-18T02:53:31.314+0000] {logging_mixin.py:151} INFO - [2023-10-18T02:53:31.314+0000] {dag.py:2941} INFO - Sync 1 DAGs
[2023-10-18T02:53:31.329+0000] {logging_mixin.py:151} INFO - [2023-10-18T02:53:31.328+0000] {dag.py:3722} INFO - Setting next_dagrun for example_xcom to 2021-01-01T00:00:00+00:00, run_after=2021-01-01T00:00:00+00:00
[2023-10-18T02:53:31.341+0000] {processor.py:179} INFO - Processing /home/airflow/.local/lib/python3.8/site-packages/airflow/example_dags/example_xcom.py took 0.060 seconds
