[2023-10-18T02:40:51.083+0000] {processor.py:157} INFO - Started process (PID=236) to work on /home/airflow/.local/lib/python3.8/site-packages/airflow/example_dags/example_nested_branch_dag.py
[2023-10-18T02:40:51.084+0000] {processor.py:829} INFO - Processing file /home/airflow/.local/lib/python3.8/site-packages/airflow/example_dags/example_nested_branch_dag.py for tasks to queue
[2023-10-18T02:40:51.085+0000] {logging_mixin.py:151} INFO - [2023-10-18T02:40:51.085+0000] {dagbag.py:536} INFO - Filling up the DagBag from /home/airflow/.local/lib/python3.8/site-packages/airflow/example_dags/example_nested_branch_dag.py
[2023-10-18T02:40:51.091+0000] {processor.py:839} INFO - DAG(s) dict_keys(['example_nested_branch_dag']) retrieved from /home/airflow/.local/lib/python3.8/site-packages/airflow/example_dags/example_nested_branch_dag.py
[2023-10-18T02:40:51.102+0000] {logging_mixin.py:151} INFO - [2023-10-18T02:40:51.101+0000] {dag.py:2941} INFO - Sync 1 DAGs
[2023-10-18T02:40:51.124+0000] {logging_mixin.py:151} INFO - [2023-10-18T02:40:51.123+0000] {dag.py:3722} INFO - Setting next_dagrun for example_nested_branch_dag to 2023-10-17T00:00:00+00:00, run_after=2023-10-18T00:00:00+00:00
[2023-10-18T02:40:51.140+0000] {processor.py:179} INFO - Processing /home/airflow/.local/lib/python3.8/site-packages/airflow/example_dags/example_nested_branch_dag.py took 0.059 seconds
[2023-10-18T02:41:21.671+0000] {processor.py:157} INFO - Started process (PID=474) to work on /home/airflow/.local/lib/python3.8/site-packages/airflow/example_dags/example_nested_branch_dag.py
[2023-10-18T02:41:21.671+0000] {processor.py:829} INFO - Processing file /home/airflow/.local/lib/python3.8/site-packages/airflow/example_dags/example_nested_branch_dag.py for tasks to queue
[2023-10-18T02:41:21.672+0000] {logging_mixin.py:151} INFO - [2023-10-18T02:41:21.672+0000] {dagbag.py:536} INFO - Filling up the DagBag from /home/airflow/.local/lib/python3.8/site-packages/airflow/example_dags/example_nested_branch_dag.py
[2023-10-18T02:41:21.678+0000] {processor.py:839} INFO - DAG(s) dict_keys(['example_nested_branch_dag']) retrieved from /home/airflow/.local/lib/python3.8/site-packages/airflow/example_dags/example_nested_branch_dag.py
[2023-10-18T02:41:21.694+0000] {logging_mixin.py:151} INFO - [2023-10-18T02:41:21.694+0000] {dag.py:2941} INFO - Sync 1 DAGs
[2023-10-18T02:41:21.706+0000] {logging_mixin.py:151} INFO - [2023-10-18T02:41:21.706+0000] {dag.py:3722} INFO - Setting next_dagrun for example_nested_branch_dag to 2023-10-17T00:00:00+00:00, run_after=2023-10-18T00:00:00+00:00
[2023-10-18T02:41:21.715+0000] {processor.py:179} INFO - Processing /home/airflow/.local/lib/python3.8/site-packages/airflow/example_dags/example_nested_branch_dag.py took 0.046 seconds
[2023-10-18T02:41:51.959+0000] {processor.py:157} INFO - Started process (PID=712) to work on /home/airflow/.local/lib/python3.8/site-packages/airflow/example_dags/example_nested_branch_dag.py
[2023-10-18T02:41:51.960+0000] {processor.py:829} INFO - Processing file /home/airflow/.local/lib/python3.8/site-packages/airflow/example_dags/example_nested_branch_dag.py for tasks to queue
[2023-10-18T02:41:51.960+0000] {logging_mixin.py:151} INFO - [2023-10-18T02:41:51.960+0000] {dagbag.py:536} INFO - Filling up the DagBag from /home/airflow/.local/lib/python3.8/site-packages/airflow/example_dags/example_nested_branch_dag.py
[2023-10-18T02:41:51.966+0000] {processor.py:839} INFO - DAG(s) dict_keys(['example_nested_branch_dag']) retrieved from /home/airflow/.local/lib/python3.8/site-packages/airflow/example_dags/example_nested_branch_dag.py
[2023-10-18T02:41:51.981+0000] {logging_mixin.py:151} INFO - [2023-10-18T02:41:51.981+0000] {dag.py:2941} INFO - Sync 1 DAGs
[2023-10-18T02:41:51.993+0000] {logging_mixin.py:151} INFO - [2023-10-18T02:41:51.993+0000] {dag.py:3722} INFO - Setting next_dagrun for example_nested_branch_dag to 2023-10-17T00:00:00+00:00, run_after=2023-10-18T00:00:00+00:00
[2023-10-18T02:41:52.003+0000] {processor.py:179} INFO - Processing /home/airflow/.local/lib/python3.8/site-packages/airflow/example_dags/example_nested_branch_dag.py took 0.046 seconds
[2023-10-18T02:42:22.057+0000] {processor.py:157} INFO - Started process (PID=950) to work on /home/airflow/.local/lib/python3.8/site-packages/airflow/example_dags/example_nested_branch_dag.py
[2023-10-18T02:42:22.058+0000] {processor.py:829} INFO - Processing file /home/airflow/.local/lib/python3.8/site-packages/airflow/example_dags/example_nested_branch_dag.py for tasks to queue
[2023-10-18T02:42:22.058+0000] {logging_mixin.py:151} INFO - [2023-10-18T02:42:22.058+0000] {dagbag.py:536} INFO - Filling up the DagBag from /home/airflow/.local/lib/python3.8/site-packages/airflow/example_dags/example_nested_branch_dag.py
[2023-10-18T02:42:22.064+0000] {processor.py:839} INFO - DAG(s) dict_keys(['example_nested_branch_dag']) retrieved from /home/airflow/.local/lib/python3.8/site-packages/airflow/example_dags/example_nested_branch_dag.py
[2023-10-18T02:42:22.081+0000] {logging_mixin.py:151} INFO - [2023-10-18T02:42:22.081+0000] {dag.py:2941} INFO - Sync 1 DAGs
[2023-10-18T02:42:22.094+0000] {logging_mixin.py:151} INFO - [2023-10-18T02:42:22.094+0000] {dag.py:3722} INFO - Setting next_dagrun for example_nested_branch_dag to 2023-10-17T00:00:00+00:00, run_after=2023-10-18T00:00:00+00:00
[2023-10-18T02:42:22.103+0000] {processor.py:179} INFO - Processing /home/airflow/.local/lib/python3.8/site-packages/airflow/example_dags/example_nested_branch_dag.py took 0.049 seconds
[2023-10-18T02:42:52.947+0000] {processor.py:157} INFO - Started process (PID=1236) to work on /home/airflow/.local/lib/python3.8/site-packages/airflow/example_dags/example_nested_branch_dag.py
[2023-10-18T02:42:52.947+0000] {processor.py:829} INFO - Processing file /home/airflow/.local/lib/python3.8/site-packages/airflow/example_dags/example_nested_branch_dag.py for tasks to queue
[2023-10-18T02:42:52.948+0000] {logging_mixin.py:151} INFO - [2023-10-18T02:42:52.948+0000] {dagbag.py:536} INFO - Filling up the DagBag from /home/airflow/.local/lib/python3.8/site-packages/airflow/example_dags/example_nested_branch_dag.py
[2023-10-18T02:42:52.954+0000] {processor.py:839} INFO - DAG(s) dict_keys(['example_nested_branch_dag']) retrieved from /home/airflow/.local/lib/python3.8/site-packages/airflow/example_dags/example_nested_branch_dag.py
[2023-10-18T02:42:52.970+0000] {logging_mixin.py:151} INFO - [2023-10-18T02:42:52.970+0000] {dag.py:2941} INFO - Sync 1 DAGs
[2023-10-18T02:42:52.982+0000] {logging_mixin.py:151} INFO - [2023-10-18T02:42:52.982+0000] {dag.py:3722} INFO - Setting next_dagrun for example_nested_branch_dag to 2023-10-17T00:00:00+00:00, run_after=2023-10-18T00:00:00+00:00
[2023-10-18T02:42:52.991+0000] {processor.py:179} INFO - Processing /home/airflow/.local/lib/python3.8/site-packages/airflow/example_dags/example_nested_branch_dag.py took 0.047 seconds
[2023-10-18T02:43:23.010+0000] {processor.py:157} INFO - Started process (PID=1474) to work on /home/airflow/.local/lib/python3.8/site-packages/airflow/example_dags/example_nested_branch_dag.py
[2023-10-18T02:43:23.011+0000] {processor.py:829} INFO - Processing file /home/airflow/.local/lib/python3.8/site-packages/airflow/example_dags/example_nested_branch_dag.py for tasks to queue
[2023-10-18T02:43:23.012+0000] {logging_mixin.py:151} INFO - [2023-10-18T02:43:23.011+0000] {dagbag.py:536} INFO - Filling up the DagBag from /home/airflow/.local/lib/python3.8/site-packages/airflow/example_dags/example_nested_branch_dag.py
[2023-10-18T02:43:23.018+0000] {processor.py:839} INFO - DAG(s) dict_keys(['example_nested_branch_dag']) retrieved from /home/airflow/.local/lib/python3.8/site-packages/airflow/example_dags/example_nested_branch_dag.py
[2023-10-18T02:43:23.032+0000] {logging_mixin.py:151} INFO - [2023-10-18T02:43:23.032+0000] {dag.py:2941} INFO - Sync 1 DAGs
[2023-10-18T02:43:23.045+0000] {logging_mixin.py:151} INFO - [2023-10-18T02:43:23.045+0000] {dag.py:3722} INFO - Setting next_dagrun for example_nested_branch_dag to 2023-10-17T00:00:00+00:00, run_after=2023-10-18T00:00:00+00:00
[2023-10-18T02:43:23.054+0000] {processor.py:179} INFO - Processing /home/airflow/.local/lib/python3.8/site-packages/airflow/example_dags/example_nested_branch_dag.py took 0.046 seconds
[2023-10-18T02:43:53.256+0000] {processor.py:157} INFO - Started process (PID=1711) to work on /home/airflow/.local/lib/python3.8/site-packages/airflow/example_dags/example_nested_branch_dag.py
[2023-10-18T02:43:53.256+0000] {processor.py:829} INFO - Processing file /home/airflow/.local/lib/python3.8/site-packages/airflow/example_dags/example_nested_branch_dag.py for tasks to queue
[2023-10-18T02:43:53.257+0000] {logging_mixin.py:151} INFO - [2023-10-18T02:43:53.257+0000] {dagbag.py:536} INFO - Filling up the DagBag from /home/airflow/.local/lib/python3.8/site-packages/airflow/example_dags/example_nested_branch_dag.py
[2023-10-18T02:43:53.263+0000] {processor.py:839} INFO - DAG(s) dict_keys(['example_nested_branch_dag']) retrieved from /home/airflow/.local/lib/python3.8/site-packages/airflow/example_dags/example_nested_branch_dag.py
[2023-10-18T02:43:53.279+0000] {logging_mixin.py:151} INFO - [2023-10-18T02:43:53.279+0000] {dag.py:2941} INFO - Sync 1 DAGs
[2023-10-18T02:43:53.293+0000] {logging_mixin.py:151} INFO - [2023-10-18T02:43:53.293+0000] {dag.py:3722} INFO - Setting next_dagrun for example_nested_branch_dag to 2023-10-17T00:00:00+00:00, run_after=2023-10-18T00:00:00+00:00
[2023-10-18T02:43:53.301+0000] {processor.py:179} INFO - Processing /home/airflow/.local/lib/python3.8/site-packages/airflow/example_dags/example_nested_branch_dag.py took 0.048 seconds
[2023-10-18T02:44:24.135+0000] {processor.py:157} INFO - Started process (PID=1950) to work on /home/airflow/.local/lib/python3.8/site-packages/airflow/example_dags/example_nested_branch_dag.py
[2023-10-18T02:44:24.135+0000] {processor.py:829} INFO - Processing file /home/airflow/.local/lib/python3.8/site-packages/airflow/example_dags/example_nested_branch_dag.py for tasks to queue
[2023-10-18T02:44:24.136+0000] {logging_mixin.py:151} INFO - [2023-10-18T02:44:24.136+0000] {dagbag.py:536} INFO - Filling up the DagBag from /home/airflow/.local/lib/python3.8/site-packages/airflow/example_dags/example_nested_branch_dag.py
[2023-10-18T02:44:24.142+0000] {processor.py:839} INFO - DAG(s) dict_keys(['example_nested_branch_dag']) retrieved from /home/airflow/.local/lib/python3.8/site-packages/airflow/example_dags/example_nested_branch_dag.py
[2023-10-18T02:44:24.156+0000] {logging_mixin.py:151} INFO - [2023-10-18T02:44:24.156+0000] {dag.py:2941} INFO - Sync 1 DAGs
[2023-10-18T02:44:24.169+0000] {logging_mixin.py:151} INFO - [2023-10-18T02:44:24.168+0000] {dag.py:3722} INFO - Setting next_dagrun for example_nested_branch_dag to 2023-10-17T00:00:00+00:00, run_after=2023-10-18T00:00:00+00:00
[2023-10-18T02:44:24.179+0000] {processor.py:179} INFO - Processing /home/airflow/.local/lib/python3.8/site-packages/airflow/example_dags/example_nested_branch_dag.py took 0.046 seconds
[2023-10-18T02:44:54.214+0000] {processor.py:157} INFO - Started process (PID=2189) to work on /home/airflow/.local/lib/python3.8/site-packages/airflow/example_dags/example_nested_branch_dag.py
[2023-10-18T02:44:54.215+0000] {processor.py:829} INFO - Processing file /home/airflow/.local/lib/python3.8/site-packages/airflow/example_dags/example_nested_branch_dag.py for tasks to queue
[2023-10-18T02:44:54.215+0000] {logging_mixin.py:151} INFO - [2023-10-18T02:44:54.215+0000] {dagbag.py:536} INFO - Filling up the DagBag from /home/airflow/.local/lib/python3.8/site-packages/airflow/example_dags/example_nested_branch_dag.py
[2023-10-18T02:44:54.221+0000] {processor.py:839} INFO - DAG(s) dict_keys(['example_nested_branch_dag']) retrieved from /home/airflow/.local/lib/python3.8/site-packages/airflow/example_dags/example_nested_branch_dag.py
[2023-10-18T02:44:54.236+0000] {logging_mixin.py:151} INFO - [2023-10-18T02:44:54.236+0000] {dag.py:2941} INFO - Sync 1 DAGs
[2023-10-18T02:44:54.248+0000] {logging_mixin.py:151} INFO - [2023-10-18T02:44:54.248+0000] {dag.py:3722} INFO - Setting next_dagrun for example_nested_branch_dag to 2023-10-17T00:00:00+00:00, run_after=2023-10-18T00:00:00+00:00
[2023-10-18T02:44:54.257+0000] {processor.py:179} INFO - Processing /home/airflow/.local/lib/python3.8/site-packages/airflow/example_dags/example_nested_branch_dag.py took 0.045 seconds
[2023-10-18T02:45:24.489+0000] {processor.py:157} INFO - Started process (PID=2427) to work on /home/airflow/.local/lib/python3.8/site-packages/airflow/example_dags/example_nested_branch_dag.py
[2023-10-18T02:45:24.490+0000] {processor.py:829} INFO - Processing file /home/airflow/.local/lib/python3.8/site-packages/airflow/example_dags/example_nested_branch_dag.py for tasks to queue
[2023-10-18T02:45:24.490+0000] {logging_mixin.py:151} INFO - [2023-10-18T02:45:24.490+0000] {dagbag.py:536} INFO - Filling up the DagBag from /home/airflow/.local/lib/python3.8/site-packages/airflow/example_dags/example_nested_branch_dag.py
[2023-10-18T02:45:24.496+0000] {processor.py:839} INFO - DAG(s) dict_keys(['example_nested_branch_dag']) retrieved from /home/airflow/.local/lib/python3.8/site-packages/airflow/example_dags/example_nested_branch_dag.py
[2023-10-18T02:45:24.521+0000] {logging_mixin.py:151} INFO - [2023-10-18T02:45:24.521+0000] {dag.py:2941} INFO - Sync 1 DAGs
[2023-10-18T02:45:24.534+0000] {logging_mixin.py:151} INFO - [2023-10-18T02:45:24.533+0000] {dag.py:3722} INFO - Setting next_dagrun for example_nested_branch_dag to 2023-10-17T00:00:00+00:00, run_after=2023-10-18T00:00:00+00:00
[2023-10-18T02:45:24.542+0000] {processor.py:179} INFO - Processing /home/airflow/.local/lib/python3.8/site-packages/airflow/example_dags/example_nested_branch_dag.py took 0.056 seconds
[2023-10-18T02:45:54.566+0000] {processor.py:157} INFO - Started process (PID=2665) to work on /home/airflow/.local/lib/python3.8/site-packages/airflow/example_dags/example_nested_branch_dag.py
[2023-10-18T02:45:54.566+0000] {processor.py:829} INFO - Processing file /home/airflow/.local/lib/python3.8/site-packages/airflow/example_dags/example_nested_branch_dag.py for tasks to queue
[2023-10-18T02:45:54.567+0000] {logging_mixin.py:151} INFO - [2023-10-18T02:45:54.566+0000] {dagbag.py:536} INFO - Filling up the DagBag from /home/airflow/.local/lib/python3.8/site-packages/airflow/example_dags/example_nested_branch_dag.py
[2023-10-18T02:45:54.572+0000] {processor.py:839} INFO - DAG(s) dict_keys(['example_nested_branch_dag']) retrieved from /home/airflow/.local/lib/python3.8/site-packages/airflow/example_dags/example_nested_branch_dag.py
[2023-10-18T02:45:54.586+0000] {logging_mixin.py:151} INFO - [2023-10-18T02:45:54.586+0000] {dag.py:2941} INFO - Sync 1 DAGs
[2023-10-18T02:45:54.598+0000] {logging_mixin.py:151} INFO - [2023-10-18T02:45:54.598+0000] {dag.py:3722} INFO - Setting next_dagrun for example_nested_branch_dag to 2023-10-17T00:00:00+00:00, run_after=2023-10-18T00:00:00+00:00
[2023-10-18T02:45:54.606+0000] {processor.py:179} INFO - Processing /home/airflow/.local/lib/python3.8/site-packages/airflow/example_dags/example_nested_branch_dag.py took 0.043 seconds
[2023-10-18T02:46:24.678+0000] {processor.py:157} INFO - Started process (PID=2903) to work on /home/airflow/.local/lib/python3.8/site-packages/airflow/example_dags/example_nested_branch_dag.py
[2023-10-18T02:46:24.678+0000] {processor.py:829} INFO - Processing file /home/airflow/.local/lib/python3.8/site-packages/airflow/example_dags/example_nested_branch_dag.py for tasks to queue
[2023-10-18T02:46:24.679+0000] {logging_mixin.py:151} INFO - [2023-10-18T02:46:24.679+0000] {dagbag.py:536} INFO - Filling up the DagBag from /home/airflow/.local/lib/python3.8/site-packages/airflow/example_dags/example_nested_branch_dag.py
[2023-10-18T02:46:24.685+0000] {processor.py:839} INFO - DAG(s) dict_keys(['example_nested_branch_dag']) retrieved from /home/airflow/.local/lib/python3.8/site-packages/airflow/example_dags/example_nested_branch_dag.py
[2023-10-18T02:46:24.700+0000] {logging_mixin.py:151} INFO - [2023-10-18T02:46:24.700+0000] {dag.py:2941} INFO - Sync 1 DAGs
[2023-10-18T02:46:24.712+0000] {logging_mixin.py:151} INFO - [2023-10-18T02:46:24.712+0000] {dag.py:3722} INFO - Setting next_dagrun for example_nested_branch_dag to 2023-10-17T00:00:00+00:00, run_after=2023-10-18T00:00:00+00:00
[2023-10-18T02:46:24.724+0000] {processor.py:179} INFO - Processing /home/airflow/.local/lib/python3.8/site-packages/airflow/example_dags/example_nested_branch_dag.py took 0.048 seconds
[2023-10-18T02:46:54.879+0000] {processor.py:157} INFO - Started process (PID=3141) to work on /home/airflow/.local/lib/python3.8/site-packages/airflow/example_dags/example_nested_branch_dag.py
[2023-10-18T02:46:54.879+0000] {processor.py:829} INFO - Processing file /home/airflow/.local/lib/python3.8/site-packages/airflow/example_dags/example_nested_branch_dag.py for tasks to queue
[2023-10-18T02:46:54.880+0000] {logging_mixin.py:151} INFO - [2023-10-18T02:46:54.880+0000] {dagbag.py:536} INFO - Filling up the DagBag from /home/airflow/.local/lib/python3.8/site-packages/airflow/example_dags/example_nested_branch_dag.py
[2023-10-18T02:46:54.886+0000] {processor.py:839} INFO - DAG(s) dict_keys(['example_nested_branch_dag']) retrieved from /home/airflow/.local/lib/python3.8/site-packages/airflow/example_dags/example_nested_branch_dag.py
[2023-10-18T02:46:54.901+0000] {logging_mixin.py:151} INFO - [2023-10-18T02:46:54.901+0000] {dag.py:2941} INFO - Sync 1 DAGs
[2023-10-18T02:46:54.912+0000] {logging_mixin.py:151} INFO - [2023-10-18T02:46:54.912+0000] {dag.py:3722} INFO - Setting next_dagrun for example_nested_branch_dag to 2023-10-17T00:00:00+00:00, run_after=2023-10-18T00:00:00+00:00
[2023-10-18T02:46:54.921+0000] {processor.py:179} INFO - Processing /home/airflow/.local/lib/python3.8/site-packages/airflow/example_dags/example_nested_branch_dag.py took 0.045 seconds
[2023-10-18T02:47:25.825+0000] {processor.py:157} INFO - Started process (PID=3381) to work on /home/airflow/.local/lib/python3.8/site-packages/airflow/example_dags/example_nested_branch_dag.py
[2023-10-18T02:47:25.826+0000] {processor.py:829} INFO - Processing file /home/airflow/.local/lib/python3.8/site-packages/airflow/example_dags/example_nested_branch_dag.py for tasks to queue
[2023-10-18T02:47:25.826+0000] {logging_mixin.py:151} INFO - [2023-10-18T02:47:25.826+0000] {dagbag.py:536} INFO - Filling up the DagBag from /home/airflow/.local/lib/python3.8/site-packages/airflow/example_dags/example_nested_branch_dag.py
[2023-10-18T02:47:25.832+0000] {processor.py:839} INFO - DAG(s) dict_keys(['example_nested_branch_dag']) retrieved from /home/airflow/.local/lib/python3.8/site-packages/airflow/example_dags/example_nested_branch_dag.py
[2023-10-18T02:47:25.846+0000] {logging_mixin.py:151} INFO - [2023-10-18T02:47:25.846+0000] {dag.py:2941} INFO - Sync 1 DAGs
[2023-10-18T02:47:25.857+0000] {logging_mixin.py:151} INFO - [2023-10-18T02:47:25.857+0000] {dag.py:3722} INFO - Setting next_dagrun for example_nested_branch_dag to 2023-10-17T00:00:00+00:00, run_after=2023-10-18T00:00:00+00:00
[2023-10-18T02:47:25.865+0000] {processor.py:179} INFO - Processing /home/airflow/.local/lib/python3.8/site-packages/airflow/example_dags/example_nested_branch_dag.py took 0.042 seconds
[2023-10-18T02:47:55.891+0000] {processor.py:157} INFO - Started process (PID=3617) to work on /home/airflow/.local/lib/python3.8/site-packages/airflow/example_dags/example_nested_branch_dag.py
[2023-10-18T02:47:55.892+0000] {processor.py:829} INFO - Processing file /home/airflow/.local/lib/python3.8/site-packages/airflow/example_dags/example_nested_branch_dag.py for tasks to queue
[2023-10-18T02:47:55.892+0000] {logging_mixin.py:151} INFO - [2023-10-18T02:47:55.892+0000] {dagbag.py:536} INFO - Filling up the DagBag from /home/airflow/.local/lib/python3.8/site-packages/airflow/example_dags/example_nested_branch_dag.py
[2023-10-18T02:47:55.898+0000] {processor.py:839} INFO - DAG(s) dict_keys(['example_nested_branch_dag']) retrieved from /home/airflow/.local/lib/python3.8/site-packages/airflow/example_dags/example_nested_branch_dag.py
[2023-10-18T02:47:55.913+0000] {logging_mixin.py:151} INFO - [2023-10-18T02:47:55.913+0000] {dag.py:2941} INFO - Sync 1 DAGs
[2023-10-18T02:47:55.924+0000] {logging_mixin.py:151} INFO - [2023-10-18T02:47:55.924+0000] {dag.py:3722} INFO - Setting next_dagrun for example_nested_branch_dag to 2023-10-17T00:00:00+00:00, run_after=2023-10-18T00:00:00+00:00
[2023-10-18T02:47:55.935+0000] {processor.py:179} INFO - Processing /home/airflow/.local/lib/python3.8/site-packages/airflow/example_dags/example_nested_branch_dag.py took 0.046 seconds
[2023-10-18T02:48:26.151+0000] {processor.py:157} INFO - Started process (PID=3857) to work on /home/airflow/.local/lib/python3.8/site-packages/airflow/example_dags/example_nested_branch_dag.py
[2023-10-18T02:48:26.151+0000] {processor.py:829} INFO - Processing file /home/airflow/.local/lib/python3.8/site-packages/airflow/example_dags/example_nested_branch_dag.py for tasks to queue
[2023-10-18T02:48:26.152+0000] {logging_mixin.py:151} INFO - [2023-10-18T02:48:26.152+0000] {dagbag.py:536} INFO - Filling up the DagBag from /home/airflow/.local/lib/python3.8/site-packages/airflow/example_dags/example_nested_branch_dag.py
[2023-10-18T02:48:26.158+0000] {processor.py:839} INFO - DAG(s) dict_keys(['example_nested_branch_dag']) retrieved from /home/airflow/.local/lib/python3.8/site-packages/airflow/example_dags/example_nested_branch_dag.py
[2023-10-18T02:48:26.174+0000] {logging_mixin.py:151} INFO - [2023-10-18T02:48:26.174+0000] {dag.py:2941} INFO - Sync 1 DAGs
[2023-10-18T02:48:26.186+0000] {logging_mixin.py:151} INFO - [2023-10-18T02:48:26.186+0000] {dag.py:3722} INFO - Setting next_dagrun for example_nested_branch_dag to 2023-10-17T00:00:00+00:00, run_after=2023-10-18T00:00:00+00:00
[2023-10-18T02:48:26.195+0000] {processor.py:179} INFO - Processing /home/airflow/.local/lib/python3.8/site-packages/airflow/example_dags/example_nested_branch_dag.py took 0.046 seconds
[2023-10-18T02:48:56.287+0000] {processor.py:157} INFO - Started process (PID=4093) to work on /home/airflow/.local/lib/python3.8/site-packages/airflow/example_dags/example_nested_branch_dag.py
[2023-10-18T02:48:56.288+0000] {processor.py:829} INFO - Processing file /home/airflow/.local/lib/python3.8/site-packages/airflow/example_dags/example_nested_branch_dag.py for tasks to queue
[2023-10-18T02:48:56.288+0000] {logging_mixin.py:151} INFO - [2023-10-18T02:48:56.288+0000] {dagbag.py:536} INFO - Filling up the DagBag from /home/airflow/.local/lib/python3.8/site-packages/airflow/example_dags/example_nested_branch_dag.py
[2023-10-18T02:48:56.294+0000] {processor.py:839} INFO - DAG(s) dict_keys(['example_nested_branch_dag']) retrieved from /home/airflow/.local/lib/python3.8/site-packages/airflow/example_dags/example_nested_branch_dag.py
[2023-10-18T02:48:56.310+0000] {logging_mixin.py:151} INFO - [2023-10-18T02:48:56.310+0000] {dag.py:2941} INFO - Sync 1 DAGs
[2023-10-18T02:48:56.322+0000] {logging_mixin.py:151} INFO - [2023-10-18T02:48:56.322+0000] {dag.py:3722} INFO - Setting next_dagrun for example_nested_branch_dag to 2023-10-17T00:00:00+00:00, run_after=2023-10-18T00:00:00+00:00
[2023-10-18T02:48:56.330+0000] {processor.py:179} INFO - Processing /home/airflow/.local/lib/python3.8/site-packages/airflow/example_dags/example_nested_branch_dag.py took 0.045 seconds
[2023-10-18T02:49:26.476+0000] {processor.py:157} INFO - Started process (PID=4331) to work on /home/airflow/.local/lib/python3.8/site-packages/airflow/example_dags/example_nested_branch_dag.py
[2023-10-18T02:49:26.476+0000] {processor.py:829} INFO - Processing file /home/airflow/.local/lib/python3.8/site-packages/airflow/example_dags/example_nested_branch_dag.py for tasks to queue
[2023-10-18T02:49:26.477+0000] {logging_mixin.py:151} INFO - [2023-10-18T02:49:26.477+0000] {dagbag.py:536} INFO - Filling up the DagBag from /home/airflow/.local/lib/python3.8/site-packages/airflow/example_dags/example_nested_branch_dag.py
[2023-10-18T02:49:26.483+0000] {processor.py:839} INFO - DAG(s) dict_keys(['example_nested_branch_dag']) retrieved from /home/airflow/.local/lib/python3.8/site-packages/airflow/example_dags/example_nested_branch_dag.py
[2023-10-18T02:49:26.498+0000] {logging_mixin.py:151} INFO - [2023-10-18T02:49:26.498+0000] {dag.py:2941} INFO - Sync 1 DAGs
[2023-10-18T02:49:26.511+0000] {logging_mixin.py:151} INFO - [2023-10-18T02:49:26.511+0000] {dag.py:3722} INFO - Setting next_dagrun for example_nested_branch_dag to 2023-10-17T00:00:00+00:00, run_after=2023-10-18T00:00:00+00:00
[2023-10-18T02:49:26.519+0000] {processor.py:179} INFO - Processing /home/airflow/.local/lib/python3.8/site-packages/airflow/example_dags/example_nested_branch_dag.py took 0.046 seconds
[2023-10-18T02:49:56.588+0000] {processor.py:157} INFO - Started process (PID=4569) to work on /home/airflow/.local/lib/python3.8/site-packages/airflow/example_dags/example_nested_branch_dag.py
[2023-10-18T02:49:56.589+0000] {processor.py:829} INFO - Processing file /home/airflow/.local/lib/python3.8/site-packages/airflow/example_dags/example_nested_branch_dag.py for tasks to queue
[2023-10-18T02:49:56.590+0000] {logging_mixin.py:151} INFO - [2023-10-18T02:49:56.589+0000] {dagbag.py:536} INFO - Filling up the DagBag from /home/airflow/.local/lib/python3.8/site-packages/airflow/example_dags/example_nested_branch_dag.py
[2023-10-18T02:49:56.596+0000] {processor.py:839} INFO - DAG(s) dict_keys(['example_nested_branch_dag']) retrieved from /home/airflow/.local/lib/python3.8/site-packages/airflow/example_dags/example_nested_branch_dag.py
[2023-10-18T02:49:56.611+0000] {logging_mixin.py:151} INFO - [2023-10-18T02:49:56.611+0000] {dag.py:2941} INFO - Sync 1 DAGs
[2023-10-18T02:49:56.623+0000] {logging_mixin.py:151} INFO - [2023-10-18T02:49:56.623+0000] {dag.py:3722} INFO - Setting next_dagrun for example_nested_branch_dag to 2023-10-17T00:00:00+00:00, run_after=2023-10-18T00:00:00+00:00
[2023-10-18T02:49:56.632+0000] {processor.py:179} INFO - Processing /home/airflow/.local/lib/python3.8/site-packages/airflow/example_dags/example_nested_branch_dag.py took 0.046 seconds
[2023-10-18T02:50:26.703+0000] {processor.py:157} INFO - Started process (PID=4808) to work on /home/airflow/.local/lib/python3.8/site-packages/airflow/example_dags/example_nested_branch_dag.py
[2023-10-18T02:50:26.703+0000] {processor.py:829} INFO - Processing file /home/airflow/.local/lib/python3.8/site-packages/airflow/example_dags/example_nested_branch_dag.py for tasks to queue
[2023-10-18T02:50:26.704+0000] {logging_mixin.py:151} INFO - [2023-10-18T02:50:26.704+0000] {dagbag.py:536} INFO - Filling up the DagBag from /home/airflow/.local/lib/python3.8/site-packages/airflow/example_dags/example_nested_branch_dag.py
[2023-10-18T02:50:26.711+0000] {processor.py:839} INFO - DAG(s) dict_keys(['example_nested_branch_dag']) retrieved from /home/airflow/.local/lib/python3.8/site-packages/airflow/example_dags/example_nested_branch_dag.py
[2023-10-18T02:50:26.728+0000] {logging_mixin.py:151} INFO - [2023-10-18T02:50:26.728+0000] {dag.py:2941} INFO - Sync 1 DAGs
[2023-10-18T02:50:26.743+0000] {logging_mixin.py:151} INFO - [2023-10-18T02:50:26.743+0000] {dag.py:3722} INFO - Setting next_dagrun for example_nested_branch_dag to 2023-10-17T00:00:00+00:00, run_after=2023-10-18T00:00:00+00:00
[2023-10-18T02:50:26.752+0000] {processor.py:179} INFO - Processing /home/airflow/.local/lib/python3.8/site-packages/airflow/example_dags/example_nested_branch_dag.py took 0.051 seconds
[2023-10-18T02:50:56.874+0000] {processor.py:157} INFO - Started process (PID=5046) to work on /home/airflow/.local/lib/python3.8/site-packages/airflow/example_dags/example_nested_branch_dag.py
[2023-10-18T02:50:56.875+0000] {processor.py:829} INFO - Processing file /home/airflow/.local/lib/python3.8/site-packages/airflow/example_dags/example_nested_branch_dag.py for tasks to queue
[2023-10-18T02:50:56.876+0000] {logging_mixin.py:151} INFO - [2023-10-18T02:50:56.875+0000] {dagbag.py:536} INFO - Filling up the DagBag from /home/airflow/.local/lib/python3.8/site-packages/airflow/example_dags/example_nested_branch_dag.py
[2023-10-18T02:50:56.881+0000] {processor.py:839} INFO - DAG(s) dict_keys(['example_nested_branch_dag']) retrieved from /home/airflow/.local/lib/python3.8/site-packages/airflow/example_dags/example_nested_branch_dag.py
[2023-10-18T02:50:56.899+0000] {logging_mixin.py:151} INFO - [2023-10-18T02:50:56.899+0000] {dag.py:2941} INFO - Sync 1 DAGs
[2023-10-18T02:50:56.912+0000] {logging_mixin.py:151} INFO - [2023-10-18T02:50:56.912+0000] {dag.py:3722} INFO - Setting next_dagrun for example_nested_branch_dag to 2023-10-17T00:00:00+00:00, run_after=2023-10-18T00:00:00+00:00
[2023-10-18T02:50:56.921+0000] {processor.py:179} INFO - Processing /home/airflow/.local/lib/python3.8/site-packages/airflow/example_dags/example_nested_branch_dag.py took 0.049 seconds
[2023-10-18T02:51:27.018+0000] {processor.py:157} INFO - Started process (PID=5284) to work on /home/airflow/.local/lib/python3.8/site-packages/airflow/example_dags/example_nested_branch_dag.py
[2023-10-18T02:51:27.019+0000] {processor.py:829} INFO - Processing file /home/airflow/.local/lib/python3.8/site-packages/airflow/example_dags/example_nested_branch_dag.py for tasks to queue
[2023-10-18T02:51:27.019+0000] {logging_mixin.py:151} INFO - [2023-10-18T02:51:27.019+0000] {dagbag.py:536} INFO - Filling up the DagBag from /home/airflow/.local/lib/python3.8/site-packages/airflow/example_dags/example_nested_branch_dag.py
[2023-10-18T02:51:27.025+0000] {processor.py:839} INFO - DAG(s) dict_keys(['example_nested_branch_dag']) retrieved from /home/airflow/.local/lib/python3.8/site-packages/airflow/example_dags/example_nested_branch_dag.py
[2023-10-18T02:51:27.040+0000] {logging_mixin.py:151} INFO - [2023-10-18T02:51:27.040+0000] {dag.py:2941} INFO - Sync 1 DAGs
[2023-10-18T02:51:27.052+0000] {logging_mixin.py:151} INFO - [2023-10-18T02:51:27.052+0000] {dag.py:3722} INFO - Setting next_dagrun for example_nested_branch_dag to 2023-10-17T00:00:00+00:00, run_after=2023-10-18T00:00:00+00:00
[2023-10-18T02:51:27.060+0000] {processor.py:179} INFO - Processing /home/airflow/.local/lib/python3.8/site-packages/airflow/example_dags/example_nested_branch_dag.py took 0.044 seconds
[2023-10-18T02:51:57.207+0000] {processor.py:157} INFO - Started process (PID=5521) to work on /home/airflow/.local/lib/python3.8/site-packages/airflow/example_dags/example_nested_branch_dag.py
[2023-10-18T02:51:57.207+0000] {processor.py:829} INFO - Processing file /home/airflow/.local/lib/python3.8/site-packages/airflow/example_dags/example_nested_branch_dag.py for tasks to queue
[2023-10-18T02:51:57.208+0000] {logging_mixin.py:151} INFO - [2023-10-18T02:51:57.208+0000] {dagbag.py:536} INFO - Filling up the DagBag from /home/airflow/.local/lib/python3.8/site-packages/airflow/example_dags/example_nested_branch_dag.py
[2023-10-18T02:51:57.214+0000] {processor.py:839} INFO - DAG(s) dict_keys(['example_nested_branch_dag']) retrieved from /home/airflow/.local/lib/python3.8/site-packages/airflow/example_dags/example_nested_branch_dag.py
[2023-10-18T02:51:57.229+0000] {logging_mixin.py:151} INFO - [2023-10-18T02:51:57.229+0000] {dag.py:2941} INFO - Sync 1 DAGs
[2023-10-18T02:51:57.242+0000] {logging_mixin.py:151} INFO - [2023-10-18T02:51:57.242+0000] {dag.py:3722} INFO - Setting next_dagrun for example_nested_branch_dag to 2023-10-17T00:00:00+00:00, run_after=2023-10-18T00:00:00+00:00
[2023-10-18T02:51:57.252+0000] {processor.py:179} INFO - Processing /home/airflow/.local/lib/python3.8/site-packages/airflow/example_dags/example_nested_branch_dag.py took 0.048 seconds
[2023-10-18T02:52:28.117+0000] {processor.py:157} INFO - Started process (PID=5758) to work on /home/airflow/.local/lib/python3.8/site-packages/airflow/example_dags/example_nested_branch_dag.py
[2023-10-18T02:52:28.117+0000] {processor.py:829} INFO - Processing file /home/airflow/.local/lib/python3.8/site-packages/airflow/example_dags/example_nested_branch_dag.py for tasks to queue
[2023-10-18T02:52:28.118+0000] {logging_mixin.py:151} INFO - [2023-10-18T02:52:28.118+0000] {dagbag.py:536} INFO - Filling up the DagBag from /home/airflow/.local/lib/python3.8/site-packages/airflow/example_dags/example_nested_branch_dag.py
[2023-10-18T02:52:28.124+0000] {processor.py:839} INFO - DAG(s) dict_keys(['example_nested_branch_dag']) retrieved from /home/airflow/.local/lib/python3.8/site-packages/airflow/example_dags/example_nested_branch_dag.py
[2023-10-18T02:52:28.141+0000] {logging_mixin.py:151} INFO - [2023-10-18T02:52:28.141+0000] {dag.py:2941} INFO - Sync 1 DAGs
[2023-10-18T02:52:28.154+0000] {logging_mixin.py:151} INFO - [2023-10-18T02:52:28.154+0000] {dag.py:3722} INFO - Setting next_dagrun for example_nested_branch_dag to 2023-10-17T00:00:00+00:00, run_after=2023-10-18T00:00:00+00:00
[2023-10-18T02:52:28.166+0000] {processor.py:179} INFO - Processing /home/airflow/.local/lib/python3.8/site-packages/airflow/example_dags/example_nested_branch_dag.py took 0.051 seconds
[2023-10-18T02:52:58.298+0000] {processor.py:157} INFO - Started process (PID=5996) to work on /home/airflow/.local/lib/python3.8/site-packages/airflow/example_dags/example_nested_branch_dag.py
[2023-10-18T02:52:58.299+0000] {processor.py:829} INFO - Processing file /home/airflow/.local/lib/python3.8/site-packages/airflow/example_dags/example_nested_branch_dag.py for tasks to queue
[2023-10-18T02:52:58.299+0000] {logging_mixin.py:151} INFO - [2023-10-18T02:52:58.299+0000] {dagbag.py:536} INFO - Filling up the DagBag from /home/airflow/.local/lib/python3.8/site-packages/airflow/example_dags/example_nested_branch_dag.py
[2023-10-18T02:52:58.305+0000] {processor.py:839} INFO - DAG(s) dict_keys(['example_nested_branch_dag']) retrieved from /home/airflow/.local/lib/python3.8/site-packages/airflow/example_dags/example_nested_branch_dag.py
[2023-10-18T02:52:58.320+0000] {logging_mixin.py:151} INFO - [2023-10-18T02:52:58.320+0000] {dag.py:2941} INFO - Sync 1 DAGs
[2023-10-18T02:52:58.331+0000] {logging_mixin.py:151} INFO - [2023-10-18T02:52:58.331+0000] {dag.py:3722} INFO - Setting next_dagrun for example_nested_branch_dag to 2023-10-17T00:00:00+00:00, run_after=2023-10-18T00:00:00+00:00
[2023-10-18T02:52:58.342+0000] {processor.py:179} INFO - Processing /home/airflow/.local/lib/python3.8/site-packages/airflow/example_dags/example_nested_branch_dag.py took 0.046 seconds
[2023-10-18T02:53:28.469+0000] {processor.py:157} INFO - Started process (PID=6234) to work on /home/airflow/.local/lib/python3.8/site-packages/airflow/example_dags/example_nested_branch_dag.py
[2023-10-18T02:53:28.470+0000] {processor.py:829} INFO - Processing file /home/airflow/.local/lib/python3.8/site-packages/airflow/example_dags/example_nested_branch_dag.py for tasks to queue
[2023-10-18T02:53:28.470+0000] {logging_mixin.py:151} INFO - [2023-10-18T02:53:28.470+0000] {dagbag.py:536} INFO - Filling up the DagBag from /home/airflow/.local/lib/python3.8/site-packages/airflow/example_dags/example_nested_branch_dag.py
[2023-10-18T02:53:28.476+0000] {processor.py:839} INFO - DAG(s) dict_keys(['example_nested_branch_dag']) retrieved from /home/airflow/.local/lib/python3.8/site-packages/airflow/example_dags/example_nested_branch_dag.py
[2023-10-18T02:53:28.492+0000] {logging_mixin.py:151} INFO - [2023-10-18T02:53:28.492+0000] {dag.py:2941} INFO - Sync 1 DAGs
[2023-10-18T02:53:28.504+0000] {logging_mixin.py:151} INFO - [2023-10-18T02:53:28.504+0000] {dag.py:3722} INFO - Setting next_dagrun for example_nested_branch_dag to 2023-10-17T00:00:00+00:00, run_after=2023-10-18T00:00:00+00:00
[2023-10-18T02:53:28.514+0000] {processor.py:179} INFO - Processing /home/airflow/.local/lib/python3.8/site-packages/airflow/example_dags/example_nested_branch_dag.py took 0.047 seconds
[2023-10-18T02:53:59.454+0000] {processor.py:157} INFO - Started process (PID=6472) to work on /home/airflow/.local/lib/python3.8/site-packages/airflow/example_dags/example_nested_branch_dag.py
[2023-10-18T02:53:59.455+0000] {processor.py:829} INFO - Processing file /home/airflow/.local/lib/python3.8/site-packages/airflow/example_dags/example_nested_branch_dag.py for tasks to queue
[2023-10-18T02:53:59.455+0000] {logging_mixin.py:151} INFO - [2023-10-18T02:53:59.455+0000] {dagbag.py:536} INFO - Filling up the DagBag from /home/airflow/.local/lib/python3.8/site-packages/airflow/example_dags/example_nested_branch_dag.py
[2023-10-18T02:53:59.461+0000] {processor.py:839} INFO - DAG(s) dict_keys(['example_nested_branch_dag']) retrieved from /home/airflow/.local/lib/python3.8/site-packages/airflow/example_dags/example_nested_branch_dag.py
[2023-10-18T02:53:59.477+0000] {logging_mixin.py:151} INFO - [2023-10-18T02:53:59.477+0000] {dag.py:2941} INFO - Sync 1 DAGs
[2023-10-18T02:53:59.490+0000] {logging_mixin.py:151} INFO - [2023-10-18T02:53:59.490+0000] {dag.py:3722} INFO - Setting next_dagrun for example_nested_branch_dag to 2023-10-17T00:00:00+00:00, run_after=2023-10-18T00:00:00+00:00
[2023-10-18T02:53:59.501+0000] {processor.py:179} INFO - Processing /home/airflow/.local/lib/python3.8/site-packages/airflow/example_dags/example_nested_branch_dag.py took 0.049 seconds
