[2023-10-18T02:40:50.892+0000] {processor.py:157} INFO - Started process (PID=211) to work on /home/airflow/.local/lib/python3.8/site-packages/airflow/example_dags/example_params_ui_tutorial.py
[2023-10-18T02:40:50.893+0000] {processor.py:829} INFO - Processing file /home/airflow/.local/lib/python3.8/site-packages/airflow/example_dags/example_params_ui_tutorial.py for tasks to queue
[2023-10-18T02:40:50.894+0000] {logging_mixin.py:151} INFO - [2023-10-18T02:40:50.894+0000] {dagbag.py:536} INFO - Filling up the DagBag from /home/airflow/.local/lib/python3.8/site-packages/airflow/example_dags/example_params_ui_tutorial.py
[2023-10-18T02:40:50.917+0000] {processor.py:839} INFO - DAG(s) dict_keys(['example_params_ui_tutorial']) retrieved from /home/airflow/.local/lib/python3.8/site-packages/airflow/example_dags/example_params_ui_tutorial.py
[2023-10-18T02:40:50.934+0000] {logging_mixin.py:151} INFO - [2023-10-18T02:40:50.934+0000] {dag.py:2941} INFO - Sync 1 DAGs
[2023-10-18T02:40:50.945+0000] {logging_mixin.py:151} INFO - [2023-10-18T02:40:50.945+0000] {dag.py:3722} INFO - Setting next_dagrun for example_params_ui_tutorial to None, run_after=None
[2023-10-18T02:40:50.959+0000] {processor.py:179} INFO - Processing /home/airflow/.local/lib/python3.8/site-packages/airflow/example_dags/example_params_ui_tutorial.py took 0.070 seconds
[2023-10-18T02:41:21.488+0000] {processor.py:157} INFO - Started process (PID=449) to work on /home/airflow/.local/lib/python3.8/site-packages/airflow/example_dags/example_params_ui_tutorial.py
[2023-10-18T02:41:21.489+0000] {processor.py:829} INFO - Processing file /home/airflow/.local/lib/python3.8/site-packages/airflow/example_dags/example_params_ui_tutorial.py for tasks to queue
[2023-10-18T02:41:21.489+0000] {logging_mixin.py:151} INFO - [2023-10-18T02:41:21.489+0000] {dagbag.py:536} INFO - Filling up the DagBag from /home/airflow/.local/lib/python3.8/site-packages/airflow/example_dags/example_params_ui_tutorial.py
[2023-10-18T02:41:21.506+0000] {processor.py:839} INFO - DAG(s) dict_keys(['example_params_ui_tutorial']) retrieved from /home/airflow/.local/lib/python3.8/site-packages/airflow/example_dags/example_params_ui_tutorial.py
[2023-10-18T02:41:21.533+0000] {logging_mixin.py:151} INFO - [2023-10-18T02:41:21.533+0000] {dag.py:2941} INFO - Sync 1 DAGs
[2023-10-18T02:41:21.540+0000] {logging_mixin.py:151} INFO - [2023-10-18T02:41:21.540+0000] {dag.py:3722} INFO - Setting next_dagrun for example_params_ui_tutorial to None, run_after=None
[2023-10-18T02:41:21.549+0000] {processor.py:179} INFO - Processing /home/airflow/.local/lib/python3.8/site-packages/airflow/example_dags/example_params_ui_tutorial.py took 0.063 seconds
[2023-10-18T02:41:51.803+0000] {processor.py:157} INFO - Started process (PID=689) to work on /home/airflow/.local/lib/python3.8/site-packages/airflow/example_dags/example_params_ui_tutorial.py
[2023-10-18T02:41:51.806+0000] {processor.py:829} INFO - Processing file /home/airflow/.local/lib/python3.8/site-packages/airflow/example_dags/example_params_ui_tutorial.py for tasks to queue
[2023-10-18T02:41:51.807+0000] {logging_mixin.py:151} INFO - [2023-10-18T02:41:51.807+0000] {dagbag.py:536} INFO - Filling up the DagBag from /home/airflow/.local/lib/python3.8/site-packages/airflow/example_dags/example_params_ui_tutorial.py
[2023-10-18T02:41:51.825+0000] {processor.py:839} INFO - DAG(s) dict_keys(['example_params_ui_tutorial']) retrieved from /home/airflow/.local/lib/python3.8/site-packages/airflow/example_dags/example_params_ui_tutorial.py
[2023-10-18T02:41:51.851+0000] {logging_mixin.py:151} INFO - [2023-10-18T02:41:51.851+0000] {dag.py:2941} INFO - Sync 1 DAGs
[2023-10-18T02:41:51.858+0000] {logging_mixin.py:151} INFO - [2023-10-18T02:41:51.858+0000] {dag.py:3722} INFO - Setting next_dagrun for example_params_ui_tutorial to None, run_after=None
[2023-10-18T02:41:51.868+0000] {processor.py:179} INFO - Processing /home/airflow/.local/lib/python3.8/site-packages/airflow/example_dags/example_params_ui_tutorial.py took 0.068 seconds
[2023-10-18T02:42:21.910+0000] {processor.py:157} INFO - Started process (PID=927) to work on /home/airflow/.local/lib/python3.8/site-packages/airflow/example_dags/example_params_ui_tutorial.py
[2023-10-18T02:42:21.911+0000] {processor.py:829} INFO - Processing file /home/airflow/.local/lib/python3.8/site-packages/airflow/example_dags/example_params_ui_tutorial.py for tasks to queue
[2023-10-18T02:42:21.911+0000] {logging_mixin.py:151} INFO - [2023-10-18T02:42:21.911+0000] {dagbag.py:536} INFO - Filling up the DagBag from /home/airflow/.local/lib/python3.8/site-packages/airflow/example_dags/example_params_ui_tutorial.py
[2023-10-18T02:42:21.929+0000] {processor.py:839} INFO - DAG(s) dict_keys(['example_params_ui_tutorial']) retrieved from /home/airflow/.local/lib/python3.8/site-packages/airflow/example_dags/example_params_ui_tutorial.py
[2023-10-18T02:42:21.956+0000] {logging_mixin.py:151} INFO - [2023-10-18T02:42:21.955+0000] {dag.py:2941} INFO - Sync 1 DAGs
[2023-10-18T02:42:21.964+0000] {logging_mixin.py:151} INFO - [2023-10-18T02:42:21.963+0000] {dag.py:3722} INFO - Setting next_dagrun for example_params_ui_tutorial to None, run_after=None
[2023-10-18T02:42:21.973+0000] {processor.py:179} INFO - Processing /home/airflow/.local/lib/python3.8/site-packages/airflow/example_dags/example_params_ui_tutorial.py took 0.065 seconds
[2023-10-18T02:42:52.752+0000] {processor.py:157} INFO - Started process (PID=1211) to work on /home/airflow/.local/lib/python3.8/site-packages/airflow/example_dags/example_params_ui_tutorial.py
[2023-10-18T02:42:52.753+0000] {processor.py:829} INFO - Processing file /home/airflow/.local/lib/python3.8/site-packages/airflow/example_dags/example_params_ui_tutorial.py for tasks to queue
[2023-10-18T02:42:52.753+0000] {logging_mixin.py:151} INFO - [2023-10-18T02:42:52.753+0000] {dagbag.py:536} INFO - Filling up the DagBag from /home/airflow/.local/lib/python3.8/site-packages/airflow/example_dags/example_params_ui_tutorial.py
[2023-10-18T02:42:52.771+0000] {processor.py:839} INFO - DAG(s) dict_keys(['example_params_ui_tutorial']) retrieved from /home/airflow/.local/lib/python3.8/site-packages/airflow/example_dags/example_params_ui_tutorial.py
[2023-10-18T02:42:52.798+0000] {logging_mixin.py:151} INFO - [2023-10-18T02:42:52.798+0000] {dag.py:2941} INFO - Sync 1 DAGs
[2023-10-18T02:42:52.804+0000] {logging_mixin.py:151} INFO - [2023-10-18T02:42:52.804+0000] {dag.py:3722} INFO - Setting next_dagrun for example_params_ui_tutorial to None, run_after=None
[2023-10-18T02:42:52.814+0000] {processor.py:179} INFO - Processing /home/airflow/.local/lib/python3.8/site-packages/airflow/example_dags/example_params_ui_tutorial.py took 0.064 seconds
[2023-10-18T02:43:22.853+0000] {processor.py:157} INFO - Started process (PID=1449) to work on /home/airflow/.local/lib/python3.8/site-packages/airflow/example_dags/example_params_ui_tutorial.py
[2023-10-18T02:43:22.854+0000] {processor.py:829} INFO - Processing file /home/airflow/.local/lib/python3.8/site-packages/airflow/example_dags/example_params_ui_tutorial.py for tasks to queue
[2023-10-18T02:43:22.854+0000] {logging_mixin.py:151} INFO - [2023-10-18T02:43:22.854+0000] {dagbag.py:536} INFO - Filling up the DagBag from /home/airflow/.local/lib/python3.8/site-packages/airflow/example_dags/example_params_ui_tutorial.py
[2023-10-18T02:43:22.872+0000] {processor.py:839} INFO - DAG(s) dict_keys(['example_params_ui_tutorial']) retrieved from /home/airflow/.local/lib/python3.8/site-packages/airflow/example_dags/example_params_ui_tutorial.py
[2023-10-18T02:43:22.898+0000] {logging_mixin.py:151} INFO - [2023-10-18T02:43:22.898+0000] {dag.py:2941} INFO - Sync 1 DAGs
[2023-10-18T02:43:22.905+0000] {logging_mixin.py:151} INFO - [2023-10-18T02:43:22.905+0000] {dag.py:3722} INFO - Setting next_dagrun for example_params_ui_tutorial to None, run_after=None
[2023-10-18T02:43:22.914+0000] {processor.py:179} INFO - Processing /home/airflow/.local/lib/python3.8/site-packages/airflow/example_dags/example_params_ui_tutorial.py took 0.063 seconds
[2023-10-18T02:43:53.112+0000] {processor.py:157} INFO - Started process (PID=1688) to work on /home/airflow/.local/lib/python3.8/site-packages/airflow/example_dags/example_params_ui_tutorial.py
[2023-10-18T02:43:53.112+0000] {processor.py:829} INFO - Processing file /home/airflow/.local/lib/python3.8/site-packages/airflow/example_dags/example_params_ui_tutorial.py for tasks to queue
[2023-10-18T02:43:53.113+0000] {logging_mixin.py:151} INFO - [2023-10-18T02:43:53.112+0000] {dagbag.py:536} INFO - Filling up the DagBag from /home/airflow/.local/lib/python3.8/site-packages/airflow/example_dags/example_params_ui_tutorial.py
[2023-10-18T02:43:53.132+0000] {processor.py:839} INFO - DAG(s) dict_keys(['example_params_ui_tutorial']) retrieved from /home/airflow/.local/lib/python3.8/site-packages/airflow/example_dags/example_params_ui_tutorial.py
[2023-10-18T02:43:53.159+0000] {logging_mixin.py:151} INFO - [2023-10-18T02:43:53.159+0000] {dag.py:2941} INFO - Sync 1 DAGs
[2023-10-18T02:43:53.165+0000] {logging_mixin.py:151} INFO - [2023-10-18T02:43:53.165+0000] {dag.py:3722} INFO - Setting next_dagrun for example_params_ui_tutorial to None, run_after=None
[2023-10-18T02:43:53.174+0000] {processor.py:179} INFO - Processing /home/airflow/.local/lib/python3.8/site-packages/airflow/example_dags/example_params_ui_tutorial.py took 0.065 seconds
[2023-10-18T02:44:23.938+0000] {processor.py:157} INFO - Started process (PID=1927) to work on /home/airflow/.local/lib/python3.8/site-packages/airflow/example_dags/example_params_ui_tutorial.py
[2023-10-18T02:44:23.939+0000] {processor.py:829} INFO - Processing file /home/airflow/.local/lib/python3.8/site-packages/airflow/example_dags/example_params_ui_tutorial.py for tasks to queue
[2023-10-18T02:44:23.940+0000] {logging_mixin.py:151} INFO - [2023-10-18T02:44:23.939+0000] {dagbag.py:536} INFO - Filling up the DagBag from /home/airflow/.local/lib/python3.8/site-packages/airflow/example_dags/example_params_ui_tutorial.py
[2023-10-18T02:44:23.958+0000] {processor.py:839} INFO - DAG(s) dict_keys(['example_params_ui_tutorial']) retrieved from /home/airflow/.local/lib/python3.8/site-packages/airflow/example_dags/example_params_ui_tutorial.py
[2023-10-18T02:44:23.985+0000] {logging_mixin.py:151} INFO - [2023-10-18T02:44:23.985+0000] {dag.py:2941} INFO - Sync 1 DAGs
[2023-10-18T02:44:23.991+0000] {logging_mixin.py:151} INFO - [2023-10-18T02:44:23.991+0000] {dag.py:3722} INFO - Setting next_dagrun for example_params_ui_tutorial to None, run_after=None
[2023-10-18T02:44:23.999+0000] {processor.py:179} INFO - Processing /home/airflow/.local/lib/python3.8/site-packages/airflow/example_dags/example_params_ui_tutorial.py took 0.063 seconds
[2023-10-18T02:44:54.020+0000] {processor.py:157} INFO - Started process (PID=2164) to work on /home/airflow/.local/lib/python3.8/site-packages/airflow/example_dags/example_params_ui_tutorial.py
[2023-10-18T02:44:54.020+0000] {processor.py:829} INFO - Processing file /home/airflow/.local/lib/python3.8/site-packages/airflow/example_dags/example_params_ui_tutorial.py for tasks to queue
[2023-10-18T02:44:54.021+0000] {logging_mixin.py:151} INFO - [2023-10-18T02:44:54.020+0000] {dagbag.py:536} INFO - Filling up the DagBag from /home/airflow/.local/lib/python3.8/site-packages/airflow/example_dags/example_params_ui_tutorial.py
[2023-10-18T02:44:54.039+0000] {processor.py:839} INFO - DAG(s) dict_keys(['example_params_ui_tutorial']) retrieved from /home/airflow/.local/lib/python3.8/site-packages/airflow/example_dags/example_params_ui_tutorial.py
[2023-10-18T02:44:54.066+0000] {logging_mixin.py:151} INFO - [2023-10-18T02:44:54.066+0000] {dag.py:2941} INFO - Sync 1 DAGs
[2023-10-18T02:44:54.073+0000] {logging_mixin.py:151} INFO - [2023-10-18T02:44:54.073+0000] {dag.py:3722} INFO - Setting next_dagrun for example_params_ui_tutorial to None, run_after=None
[2023-10-18T02:44:54.082+0000] {processor.py:179} INFO - Processing /home/airflow/.local/lib/python3.8/site-packages/airflow/example_dags/example_params_ui_tutorial.py took 0.064 seconds
[2023-10-18T02:45:24.261+0000] {processor.py:157} INFO - Started process (PID=2402) to work on /home/airflow/.local/lib/python3.8/site-packages/airflow/example_dags/example_params_ui_tutorial.py
[2023-10-18T02:45:24.262+0000] {processor.py:829} INFO - Processing file /home/airflow/.local/lib/python3.8/site-packages/airflow/example_dags/example_params_ui_tutorial.py for tasks to queue
[2023-10-18T02:45:24.262+0000] {logging_mixin.py:151} INFO - [2023-10-18T02:45:24.262+0000] {dagbag.py:536} INFO - Filling up the DagBag from /home/airflow/.local/lib/python3.8/site-packages/airflow/example_dags/example_params_ui_tutorial.py
[2023-10-18T02:45:24.281+0000] {processor.py:839} INFO - DAG(s) dict_keys(['example_params_ui_tutorial']) retrieved from /home/airflow/.local/lib/python3.8/site-packages/airflow/example_dags/example_params_ui_tutorial.py
[2023-10-18T02:45:24.311+0000] {logging_mixin.py:151} INFO - [2023-10-18T02:45:24.311+0000] {dag.py:2941} INFO - Sync 1 DAGs
[2023-10-18T02:45:24.319+0000] {logging_mixin.py:151} INFO - [2023-10-18T02:45:24.319+0000] {dag.py:3722} INFO - Setting next_dagrun for example_params_ui_tutorial to None, run_after=None
[2023-10-18T02:45:24.332+0000] {processor.py:179} INFO - Processing /home/airflow/.local/lib/python3.8/site-packages/airflow/example_dags/example_params_ui_tutorial.py took 0.074 seconds
[2023-10-18T02:45:54.373+0000] {processor.py:157} INFO - Started process (PID=2642) to work on /home/airflow/.local/lib/python3.8/site-packages/airflow/example_dags/example_params_ui_tutorial.py
[2023-10-18T02:45:54.374+0000] {processor.py:829} INFO - Processing file /home/airflow/.local/lib/python3.8/site-packages/airflow/example_dags/example_params_ui_tutorial.py for tasks to queue
[2023-10-18T02:45:54.375+0000] {logging_mixin.py:151} INFO - [2023-10-18T02:45:54.374+0000] {dagbag.py:536} INFO - Filling up the DagBag from /home/airflow/.local/lib/python3.8/site-packages/airflow/example_dags/example_params_ui_tutorial.py
[2023-10-18T02:45:54.392+0000] {processor.py:839} INFO - DAG(s) dict_keys(['example_params_ui_tutorial']) retrieved from /home/airflow/.local/lib/python3.8/site-packages/airflow/example_dags/example_params_ui_tutorial.py
[2023-10-18T02:45:54.418+0000] {logging_mixin.py:151} INFO - [2023-10-18T02:45:54.418+0000] {dag.py:2941} INFO - Sync 1 DAGs
[2023-10-18T02:45:54.424+0000] {logging_mixin.py:151} INFO - [2023-10-18T02:45:54.424+0000] {dag.py:3722} INFO - Setting next_dagrun for example_params_ui_tutorial to None, run_after=None
[2023-10-18T02:45:54.433+0000] {processor.py:179} INFO - Processing /home/airflow/.local/lib/python3.8/site-packages/airflow/example_dags/example_params_ui_tutorial.py took 0.062 seconds
[2023-10-18T02:46:24.526+0000] {processor.py:157} INFO - Started process (PID=2878) to work on /home/airflow/.local/lib/python3.8/site-packages/airflow/example_dags/example_params_ui_tutorial.py
[2023-10-18T02:46:24.527+0000] {processor.py:829} INFO - Processing file /home/airflow/.local/lib/python3.8/site-packages/airflow/example_dags/example_params_ui_tutorial.py for tasks to queue
[2023-10-18T02:46:24.528+0000] {logging_mixin.py:151} INFO - [2023-10-18T02:46:24.527+0000] {dagbag.py:536} INFO - Filling up the DagBag from /home/airflow/.local/lib/python3.8/site-packages/airflow/example_dags/example_params_ui_tutorial.py
[2023-10-18T02:46:24.546+0000] {processor.py:839} INFO - DAG(s) dict_keys(['example_params_ui_tutorial']) retrieved from /home/airflow/.local/lib/python3.8/site-packages/airflow/example_dags/example_params_ui_tutorial.py
[2023-10-18T02:46:24.574+0000] {logging_mixin.py:151} INFO - [2023-10-18T02:46:24.574+0000] {dag.py:2941} INFO - Sync 1 DAGs
[2023-10-18T02:46:24.580+0000] {logging_mixin.py:151} INFO - [2023-10-18T02:46:24.580+0000] {dag.py:3722} INFO - Setting next_dagrun for example_params_ui_tutorial to None, run_after=None
[2023-10-18T02:46:24.589+0000] {processor.py:179} INFO - Processing /home/airflow/.local/lib/python3.8/site-packages/airflow/example_dags/example_params_ui_tutorial.py took 0.065 seconds
[2023-10-18T02:46:54.711+0000] {processor.py:157} INFO - Started process (PID=3116) to work on /home/airflow/.local/lib/python3.8/site-packages/airflow/example_dags/example_params_ui_tutorial.py
[2023-10-18T02:46:54.711+0000] {processor.py:829} INFO - Processing file /home/airflow/.local/lib/python3.8/site-packages/airflow/example_dags/example_params_ui_tutorial.py for tasks to queue
[2023-10-18T02:46:54.712+0000] {logging_mixin.py:151} INFO - [2023-10-18T02:46:54.712+0000] {dagbag.py:536} INFO - Filling up the DagBag from /home/airflow/.local/lib/python3.8/site-packages/airflow/example_dags/example_params_ui_tutorial.py
[2023-10-18T02:46:54.730+0000] {processor.py:839} INFO - DAG(s) dict_keys(['example_params_ui_tutorial']) retrieved from /home/airflow/.local/lib/python3.8/site-packages/airflow/example_dags/example_params_ui_tutorial.py
[2023-10-18T02:46:54.758+0000] {logging_mixin.py:151} INFO - [2023-10-18T02:46:54.758+0000] {dag.py:2941} INFO - Sync 1 DAGs
[2023-10-18T02:46:54.764+0000] {logging_mixin.py:151} INFO - [2023-10-18T02:46:54.764+0000] {dag.py:3722} INFO - Setting next_dagrun for example_params_ui_tutorial to None, run_after=None
[2023-10-18T02:46:54.773+0000] {processor.py:179} INFO - Processing /home/airflow/.local/lib/python3.8/site-packages/airflow/example_dags/example_params_ui_tutorial.py took 0.065 seconds
[2023-10-18T02:47:25.630+0000] {processor.py:157} INFO - Started process (PID=3356) to work on /home/airflow/.local/lib/python3.8/site-packages/airflow/example_dags/example_params_ui_tutorial.py
[2023-10-18T02:47:25.631+0000] {processor.py:829} INFO - Processing file /home/airflow/.local/lib/python3.8/site-packages/airflow/example_dags/example_params_ui_tutorial.py for tasks to queue
[2023-10-18T02:47:25.632+0000] {logging_mixin.py:151} INFO - [2023-10-18T02:47:25.631+0000] {dagbag.py:536} INFO - Filling up the DagBag from /home/airflow/.local/lib/python3.8/site-packages/airflow/example_dags/example_params_ui_tutorial.py
[2023-10-18T02:47:25.650+0000] {processor.py:839} INFO - DAG(s) dict_keys(['example_params_ui_tutorial']) retrieved from /home/airflow/.local/lib/python3.8/site-packages/airflow/example_dags/example_params_ui_tutorial.py
[2023-10-18T02:47:25.676+0000] {logging_mixin.py:151} INFO - [2023-10-18T02:47:25.676+0000] {dag.py:2941} INFO - Sync 1 DAGs
[2023-10-18T02:47:25.682+0000] {logging_mixin.py:151} INFO - [2023-10-18T02:47:25.682+0000] {dag.py:3722} INFO - Setting next_dagrun for example_params_ui_tutorial to None, run_after=None
[2023-10-18T02:47:25.691+0000] {processor.py:179} INFO - Processing /home/airflow/.local/lib/python3.8/site-packages/airflow/example_dags/example_params_ui_tutorial.py took 0.063 seconds
[2023-10-18T02:47:55.747+0000] {processor.py:157} INFO - Started process (PID=3592) to work on /home/airflow/.local/lib/python3.8/site-packages/airflow/example_dags/example_params_ui_tutorial.py
[2023-10-18T02:47:55.748+0000] {processor.py:829} INFO - Processing file /home/airflow/.local/lib/python3.8/site-packages/airflow/example_dags/example_params_ui_tutorial.py for tasks to queue
[2023-10-18T02:47:55.748+0000] {logging_mixin.py:151} INFO - [2023-10-18T02:47:55.748+0000] {dagbag.py:536} INFO - Filling up the DagBag from /home/airflow/.local/lib/python3.8/site-packages/airflow/example_dags/example_params_ui_tutorial.py
[2023-10-18T02:47:55.766+0000] {processor.py:839} INFO - DAG(s) dict_keys(['example_params_ui_tutorial']) retrieved from /home/airflow/.local/lib/python3.8/site-packages/airflow/example_dags/example_params_ui_tutorial.py
[2023-10-18T02:47:55.793+0000] {logging_mixin.py:151} INFO - [2023-10-18T02:47:55.793+0000] {dag.py:2941} INFO - Sync 1 DAGs
[2023-10-18T02:47:55.800+0000] {logging_mixin.py:151} INFO - [2023-10-18T02:47:55.799+0000] {dag.py:3722} INFO - Setting next_dagrun for example_params_ui_tutorial to None, run_after=None
[2023-10-18T02:47:55.808+0000] {processor.py:179} INFO - Processing /home/airflow/.local/lib/python3.8/site-packages/airflow/example_dags/example_params_ui_tutorial.py took 0.063 seconds
[2023-10-18T02:48:25.959+0000] {processor.py:157} INFO - Started process (PID=3830) to work on /home/airflow/.local/lib/python3.8/site-packages/airflow/example_dags/example_params_ui_tutorial.py
[2023-10-18T02:48:25.960+0000] {processor.py:829} INFO - Processing file /home/airflow/.local/lib/python3.8/site-packages/airflow/example_dags/example_params_ui_tutorial.py for tasks to queue
[2023-10-18T02:48:25.961+0000] {logging_mixin.py:151} INFO - [2023-10-18T02:48:25.961+0000] {dagbag.py:536} INFO - Filling up the DagBag from /home/airflow/.local/lib/python3.8/site-packages/airflow/example_dags/example_params_ui_tutorial.py
[2023-10-18T02:48:25.979+0000] {processor.py:839} INFO - DAG(s) dict_keys(['example_params_ui_tutorial']) retrieved from /home/airflow/.local/lib/python3.8/site-packages/airflow/example_dags/example_params_ui_tutorial.py
[2023-10-18T02:48:26.006+0000] {logging_mixin.py:151} INFO - [2023-10-18T02:48:26.006+0000] {dag.py:2941} INFO - Sync 1 DAGs
[2023-10-18T02:48:26.013+0000] {logging_mixin.py:151} INFO - [2023-10-18T02:48:26.013+0000] {dag.py:3722} INFO - Setting next_dagrun for example_params_ui_tutorial to None, run_after=None
[2023-10-18T02:48:26.021+0000] {processor.py:179} INFO - Processing /home/airflow/.local/lib/python3.8/site-packages/airflow/example_dags/example_params_ui_tutorial.py took 0.064 seconds
[2023-10-18T02:48:56.143+0000] {processor.py:157} INFO - Started process (PID=4070) to work on /home/airflow/.local/lib/python3.8/site-packages/airflow/example_dags/example_params_ui_tutorial.py
[2023-10-18T02:48:56.143+0000] {processor.py:829} INFO - Processing file /home/airflow/.local/lib/python3.8/site-packages/airflow/example_dags/example_params_ui_tutorial.py for tasks to queue
[2023-10-18T02:48:56.144+0000] {logging_mixin.py:151} INFO - [2023-10-18T02:48:56.144+0000] {dagbag.py:536} INFO - Filling up the DagBag from /home/airflow/.local/lib/python3.8/site-packages/airflow/example_dags/example_params_ui_tutorial.py
[2023-10-18T02:48:56.162+0000] {processor.py:839} INFO - DAG(s) dict_keys(['example_params_ui_tutorial']) retrieved from /home/airflow/.local/lib/python3.8/site-packages/airflow/example_dags/example_params_ui_tutorial.py
[2023-10-18T02:48:56.188+0000] {logging_mixin.py:151} INFO - [2023-10-18T02:48:56.188+0000] {dag.py:2941} INFO - Sync 1 DAGs
[2023-10-18T02:48:56.195+0000] {logging_mixin.py:151} INFO - [2023-10-18T02:48:56.194+0000] {dag.py:3722} INFO - Setting next_dagrun for example_params_ui_tutorial to None, run_after=None
[2023-10-18T02:48:56.204+0000] {processor.py:179} INFO - Processing /home/airflow/.local/lib/python3.8/site-packages/airflow/example_dags/example_params_ui_tutorial.py took 0.063 seconds
[2023-10-18T02:49:26.285+0000] {processor.py:157} INFO - Started process (PID=4306) to work on /home/airflow/.local/lib/python3.8/site-packages/airflow/example_dags/example_params_ui_tutorial.py
[2023-10-18T02:49:26.286+0000] {processor.py:829} INFO - Processing file /home/airflow/.local/lib/python3.8/site-packages/airflow/example_dags/example_params_ui_tutorial.py for tasks to queue
[2023-10-18T02:49:26.286+0000] {logging_mixin.py:151} INFO - [2023-10-18T02:49:26.286+0000] {dagbag.py:536} INFO - Filling up the DagBag from /home/airflow/.local/lib/python3.8/site-packages/airflow/example_dags/example_params_ui_tutorial.py
[2023-10-18T02:49:26.305+0000] {processor.py:839} INFO - DAG(s) dict_keys(['example_params_ui_tutorial']) retrieved from /home/airflow/.local/lib/python3.8/site-packages/airflow/example_dags/example_params_ui_tutorial.py
[2023-10-18T02:49:26.333+0000] {logging_mixin.py:151} INFO - [2023-10-18T02:49:26.333+0000] {dag.py:2941} INFO - Sync 1 DAGs
[2023-10-18T02:49:26.340+0000] {logging_mixin.py:151} INFO - [2023-10-18T02:49:26.340+0000] {dag.py:3722} INFO - Setting next_dagrun for example_params_ui_tutorial to None, run_after=None
[2023-10-18T02:49:26.350+0000] {processor.py:179} INFO - Processing /home/airflow/.local/lib/python3.8/site-packages/airflow/example_dags/example_params_ui_tutorial.py took 0.066 seconds
[2023-10-18T02:49:56.393+0000] {processor.py:157} INFO - Started process (PID=4544) to work on /home/airflow/.local/lib/python3.8/site-packages/airflow/example_dags/example_params_ui_tutorial.py
[2023-10-18T02:49:56.393+0000] {processor.py:829} INFO - Processing file /home/airflow/.local/lib/python3.8/site-packages/airflow/example_dags/example_params_ui_tutorial.py for tasks to queue
[2023-10-18T02:49:56.394+0000] {logging_mixin.py:151} INFO - [2023-10-18T02:49:56.394+0000] {dagbag.py:536} INFO - Filling up the DagBag from /home/airflow/.local/lib/python3.8/site-packages/airflow/example_dags/example_params_ui_tutorial.py
[2023-10-18T02:49:56.412+0000] {processor.py:839} INFO - DAG(s) dict_keys(['example_params_ui_tutorial']) retrieved from /home/airflow/.local/lib/python3.8/site-packages/airflow/example_dags/example_params_ui_tutorial.py
[2023-10-18T02:49:56.440+0000] {logging_mixin.py:151} INFO - [2023-10-18T02:49:56.440+0000] {dag.py:2941} INFO - Sync 1 DAGs
[2023-10-18T02:49:56.447+0000] {logging_mixin.py:151} INFO - [2023-10-18T02:49:56.447+0000] {dag.py:3722} INFO - Setting next_dagrun for example_params_ui_tutorial to None, run_after=None
[2023-10-18T02:49:56.456+0000] {processor.py:179} INFO - Processing /home/airflow/.local/lib/python3.8/site-packages/airflow/example_dags/example_params_ui_tutorial.py took 0.066 seconds
[2023-10-18T02:50:26.517+0000] {processor.py:157} INFO - Started process (PID=4783) to work on /home/airflow/.local/lib/python3.8/site-packages/airflow/example_dags/example_params_ui_tutorial.py
[2023-10-18T02:50:26.518+0000] {processor.py:829} INFO - Processing file /home/airflow/.local/lib/python3.8/site-packages/airflow/example_dags/example_params_ui_tutorial.py for tasks to queue
[2023-10-18T02:50:26.519+0000] {logging_mixin.py:151} INFO - [2023-10-18T02:50:26.518+0000] {dagbag.py:536} INFO - Filling up the DagBag from /home/airflow/.local/lib/python3.8/site-packages/airflow/example_dags/example_params_ui_tutorial.py
[2023-10-18T02:50:26.537+0000] {processor.py:839} INFO - DAG(s) dict_keys(['example_params_ui_tutorial']) retrieved from /home/airflow/.local/lib/python3.8/site-packages/airflow/example_dags/example_params_ui_tutorial.py
[2023-10-18T02:50:26.567+0000] {logging_mixin.py:151} INFO - [2023-10-18T02:50:26.567+0000] {dag.py:2941} INFO - Sync 1 DAGs
[2023-10-18T02:50:26.574+0000] {logging_mixin.py:151} INFO - [2023-10-18T02:50:26.574+0000] {dag.py:3722} INFO - Setting next_dagrun for example_params_ui_tutorial to None, run_after=None
[2023-10-18T02:50:26.585+0000] {processor.py:179} INFO - Processing /home/airflow/.local/lib/python3.8/site-packages/airflow/example_dags/example_params_ui_tutorial.py took 0.070 seconds
[2023-10-18T02:50:56.691+0000] {processor.py:157} INFO - Started process (PID=5021) to work on /home/airflow/.local/lib/python3.8/site-packages/airflow/example_dags/example_params_ui_tutorial.py
[2023-10-18T02:50:56.691+0000] {processor.py:829} INFO - Processing file /home/airflow/.local/lib/python3.8/site-packages/airflow/example_dags/example_params_ui_tutorial.py for tasks to queue
[2023-10-18T02:50:56.692+0000] {logging_mixin.py:151} INFO - [2023-10-18T02:50:56.692+0000] {dagbag.py:536} INFO - Filling up the DagBag from /home/airflow/.local/lib/python3.8/site-packages/airflow/example_dags/example_params_ui_tutorial.py
[2023-10-18T02:50:56.710+0000] {processor.py:839} INFO - DAG(s) dict_keys(['example_params_ui_tutorial']) retrieved from /home/airflow/.local/lib/python3.8/site-packages/airflow/example_dags/example_params_ui_tutorial.py
[2023-10-18T02:50:56.737+0000] {logging_mixin.py:151} INFO - [2023-10-18T02:50:56.737+0000] {dag.py:2941} INFO - Sync 1 DAGs
[2023-10-18T02:50:56.744+0000] {logging_mixin.py:151} INFO - [2023-10-18T02:50:56.744+0000] {dag.py:3722} INFO - Setting next_dagrun for example_params_ui_tutorial to None, run_after=None
[2023-10-18T02:50:56.753+0000] {processor.py:179} INFO - Processing /home/airflow/.local/lib/python3.8/site-packages/airflow/example_dags/example_params_ui_tutorial.py took 0.065 seconds
[2023-10-18T02:51:26.871+0000] {processor.py:157} INFO - Started process (PID=5259) to work on /home/airflow/.local/lib/python3.8/site-packages/airflow/example_dags/example_params_ui_tutorial.py
[2023-10-18T02:51:26.872+0000] {processor.py:829} INFO - Processing file /home/airflow/.local/lib/python3.8/site-packages/airflow/example_dags/example_params_ui_tutorial.py for tasks to queue
[2023-10-18T02:51:26.873+0000] {logging_mixin.py:151} INFO - [2023-10-18T02:51:26.873+0000] {dagbag.py:536} INFO - Filling up the DagBag from /home/airflow/.local/lib/python3.8/site-packages/airflow/example_dags/example_params_ui_tutorial.py
[2023-10-18T02:51:26.892+0000] {processor.py:839} INFO - DAG(s) dict_keys(['example_params_ui_tutorial']) retrieved from /home/airflow/.local/lib/python3.8/site-packages/airflow/example_dags/example_params_ui_tutorial.py
[2023-10-18T02:51:26.919+0000] {logging_mixin.py:151} INFO - [2023-10-18T02:51:26.919+0000] {dag.py:2941} INFO - Sync 1 DAGs
[2023-10-18T02:51:26.925+0000] {logging_mixin.py:151} INFO - [2023-10-18T02:51:26.925+0000] {dag.py:3722} INFO - Setting next_dagrun for example_params_ui_tutorial to None, run_after=None
[2023-10-18T02:51:26.934+0000] {processor.py:179} INFO - Processing /home/airflow/.local/lib/python3.8/site-packages/airflow/example_dags/example_params_ui_tutorial.py took 0.065 seconds
[2023-10-18T02:51:57.039+0000] {processor.py:157} INFO - Started process (PID=5496) to work on /home/airflow/.local/lib/python3.8/site-packages/airflow/example_dags/example_params_ui_tutorial.py
[2023-10-18T02:51:57.039+0000] {processor.py:829} INFO - Processing file /home/airflow/.local/lib/python3.8/site-packages/airflow/example_dags/example_params_ui_tutorial.py for tasks to queue
[2023-10-18T02:51:57.040+0000] {logging_mixin.py:151} INFO - [2023-10-18T02:51:57.040+0000] {dagbag.py:536} INFO - Filling up the DagBag from /home/airflow/.local/lib/python3.8/site-packages/airflow/example_dags/example_params_ui_tutorial.py
[2023-10-18T02:51:57.058+0000] {processor.py:839} INFO - DAG(s) dict_keys(['example_params_ui_tutorial']) retrieved from /home/airflow/.local/lib/python3.8/site-packages/airflow/example_dags/example_params_ui_tutorial.py
[2023-10-18T02:51:57.086+0000] {logging_mixin.py:151} INFO - [2023-10-18T02:51:57.086+0000] {dag.py:2941} INFO - Sync 1 DAGs
[2023-10-18T02:51:57.093+0000] {logging_mixin.py:151} INFO - [2023-10-18T02:51:57.093+0000] {dag.py:3722} INFO - Setting next_dagrun for example_params_ui_tutorial to None, run_after=None
[2023-10-18T02:51:57.102+0000] {processor.py:179} INFO - Processing /home/airflow/.local/lib/python3.8/site-packages/airflow/example_dags/example_params_ui_tutorial.py took 0.066 seconds
[2023-10-18T02:52:27.929+0000] {processor.py:157} INFO - Started process (PID=5733) to work on /home/airflow/.local/lib/python3.8/site-packages/airflow/example_dags/example_params_ui_tutorial.py
[2023-10-18T02:52:27.930+0000] {processor.py:829} INFO - Processing file /home/airflow/.local/lib/python3.8/site-packages/airflow/example_dags/example_params_ui_tutorial.py for tasks to queue
[2023-10-18T02:52:27.930+0000] {logging_mixin.py:151} INFO - [2023-10-18T02:52:27.930+0000] {dagbag.py:536} INFO - Filling up the DagBag from /home/airflow/.local/lib/python3.8/site-packages/airflow/example_dags/example_params_ui_tutorial.py
[2023-10-18T02:52:27.949+0000] {processor.py:839} INFO - DAG(s) dict_keys(['example_params_ui_tutorial']) retrieved from /home/airflow/.local/lib/python3.8/site-packages/airflow/example_dags/example_params_ui_tutorial.py
[2023-10-18T02:52:27.982+0000] {logging_mixin.py:151} INFO - [2023-10-18T02:52:27.982+0000] {dag.py:2941} INFO - Sync 1 DAGs
[2023-10-18T02:52:27.990+0000] {logging_mixin.py:151} INFO - [2023-10-18T02:52:27.990+0000] {dag.py:3722} INFO - Setting next_dagrun for example_params_ui_tutorial to None, run_after=None
[2023-10-18T02:52:28.000+0000] {processor.py:179} INFO - Processing /home/airflow/.local/lib/python3.8/site-packages/airflow/example_dags/example_params_ui_tutorial.py took 0.073 seconds
[2023-10-18T02:52:58.137+0000] {processor.py:157} INFO - Started process (PID=5971) to work on /home/airflow/.local/lib/python3.8/site-packages/airflow/example_dags/example_params_ui_tutorial.py
[2023-10-18T02:52:58.137+0000] {processor.py:829} INFO - Processing file /home/airflow/.local/lib/python3.8/site-packages/airflow/example_dags/example_params_ui_tutorial.py for tasks to queue
[2023-10-18T02:52:58.138+0000] {logging_mixin.py:151} INFO - [2023-10-18T02:52:58.138+0000] {dagbag.py:536} INFO - Filling up the DagBag from /home/airflow/.local/lib/python3.8/site-packages/airflow/example_dags/example_params_ui_tutorial.py
[2023-10-18T02:52:58.157+0000] {processor.py:839} INFO - DAG(s) dict_keys(['example_params_ui_tutorial']) retrieved from /home/airflow/.local/lib/python3.8/site-packages/airflow/example_dags/example_params_ui_tutorial.py
[2023-10-18T02:52:58.184+0000] {logging_mixin.py:151} INFO - [2023-10-18T02:52:58.184+0000] {dag.py:2941} INFO - Sync 1 DAGs
[2023-10-18T02:52:58.191+0000] {logging_mixin.py:151} INFO - [2023-10-18T02:52:58.190+0000] {dag.py:3722} INFO - Setting next_dagrun for example_params_ui_tutorial to None, run_after=None
[2023-10-18T02:52:58.200+0000] {processor.py:179} INFO - Processing /home/airflow/.local/lib/python3.8/site-packages/airflow/example_dags/example_params_ui_tutorial.py took 0.065 seconds
[2023-10-18T02:53:28.298+0000] {processor.py:157} INFO - Started process (PID=6209) to work on /home/airflow/.local/lib/python3.8/site-packages/airflow/example_dags/example_params_ui_tutorial.py
[2023-10-18T02:53:28.299+0000] {processor.py:829} INFO - Processing file /home/airflow/.local/lib/python3.8/site-packages/airflow/example_dags/example_params_ui_tutorial.py for tasks to queue
[2023-10-18T02:53:28.299+0000] {logging_mixin.py:151} INFO - [2023-10-18T02:53:28.299+0000] {dagbag.py:536} INFO - Filling up the DagBag from /home/airflow/.local/lib/python3.8/site-packages/airflow/example_dags/example_params_ui_tutorial.py
[2023-10-18T02:53:28.318+0000] {processor.py:839} INFO - DAG(s) dict_keys(['example_params_ui_tutorial']) retrieved from /home/airflow/.local/lib/python3.8/site-packages/airflow/example_dags/example_params_ui_tutorial.py
[2023-10-18T02:53:28.347+0000] {logging_mixin.py:151} INFO - [2023-10-18T02:53:28.347+0000] {dag.py:2941} INFO - Sync 1 DAGs
[2023-10-18T02:53:28.354+0000] {logging_mixin.py:151} INFO - [2023-10-18T02:53:28.354+0000] {dag.py:3722} INFO - Setting next_dagrun for example_params_ui_tutorial to None, run_after=None
[2023-10-18T02:53:28.364+0000] {processor.py:179} INFO - Processing /home/airflow/.local/lib/python3.8/site-packages/airflow/example_dags/example_params_ui_tutorial.py took 0.069 seconds
[2023-10-18T02:53:59.283+0000] {processor.py:157} INFO - Started process (PID=6447) to work on /home/airflow/.local/lib/python3.8/site-packages/airflow/example_dags/example_params_ui_tutorial.py
[2023-10-18T02:53:59.284+0000] {processor.py:829} INFO - Processing file /home/airflow/.local/lib/python3.8/site-packages/airflow/example_dags/example_params_ui_tutorial.py for tasks to queue
[2023-10-18T02:53:59.284+0000] {logging_mixin.py:151} INFO - [2023-10-18T02:53:59.284+0000] {dagbag.py:536} INFO - Filling up the DagBag from /home/airflow/.local/lib/python3.8/site-packages/airflow/example_dags/example_params_ui_tutorial.py
[2023-10-18T02:53:59.303+0000] {processor.py:839} INFO - DAG(s) dict_keys(['example_params_ui_tutorial']) retrieved from /home/airflow/.local/lib/python3.8/site-packages/airflow/example_dags/example_params_ui_tutorial.py
[2023-10-18T02:53:59.332+0000] {logging_mixin.py:151} INFO - [2023-10-18T02:53:59.332+0000] {dag.py:2941} INFO - Sync 1 DAGs
[2023-10-18T02:53:59.340+0000] {logging_mixin.py:151} INFO - [2023-10-18T02:53:59.340+0000] {dag.py:3722} INFO - Setting next_dagrun for example_params_ui_tutorial to None, run_after=None
[2023-10-18T02:53:59.349+0000] {processor.py:179} INFO - Processing /home/airflow/.local/lib/python3.8/site-packages/airflow/example_dags/example_params_ui_tutorial.py took 0.069 seconds
