[2023-10-18T02:40:51.194+0000] {processor.py:157} INFO - Started process (PID=251) to work on /home/airflow/.local/lib/python3.8/site-packages/airflow/example_dags/example_complex.py
[2023-10-18T02:40:51.195+0000] {processor.py:829} INFO - Processing file /home/airflow/.local/lib/python3.8/site-packages/airflow/example_dags/example_complex.py for tasks to queue
[2023-10-18T02:40:51.196+0000] {logging_mixin.py:151} INFO - [2023-10-18T02:40:51.196+0000] {dagbag.py:536} INFO - Filling up the DagBag from /home/airflow/.local/lib/python3.8/site-packages/airflow/example_dags/example_complex.py
[2023-10-18T02:40:51.205+0000] {processor.py:839} INFO - DAG(s) dict_keys(['example_complex']) retrieved from /home/airflow/.local/lib/python3.8/site-packages/airflow/example_dags/example_complex.py
[2023-10-18T02:40:51.221+0000] {logging_mixin.py:151} INFO - [2023-10-18T02:40:51.221+0000] {dag.py:2941} INFO - Sync 1 DAGs
[2023-10-18T02:40:51.231+0000] {logging_mixin.py:151} INFO - [2023-10-18T02:40:51.231+0000] {dag.py:3722} INFO - Setting next_dagrun for example_complex to None, run_after=None
[2023-10-18T02:40:51.242+0000] {processor.py:179} INFO - Processing /home/airflow/.local/lib/python3.8/site-packages/airflow/example_dags/example_complex.py took 0.051 seconds
[2023-10-18T02:41:21.755+0000] {processor.py:157} INFO - Started process (PID=489) to work on /home/airflow/.local/lib/python3.8/site-packages/airflow/example_dags/example_complex.py
[2023-10-18T02:41:21.755+0000] {processor.py:829} INFO - Processing file /home/airflow/.local/lib/python3.8/site-packages/airflow/example_dags/example_complex.py for tasks to queue
[2023-10-18T02:41:21.756+0000] {logging_mixin.py:151} INFO - [2023-10-18T02:41:21.756+0000] {dagbag.py:536} INFO - Filling up the DagBag from /home/airflow/.local/lib/python3.8/site-packages/airflow/example_dags/example_complex.py
[2023-10-18T02:41:21.762+0000] {processor.py:839} INFO - DAG(s) dict_keys(['example_complex']) retrieved from /home/airflow/.local/lib/python3.8/site-packages/airflow/example_dags/example_complex.py
[2023-10-18T02:41:21.781+0000] {logging_mixin.py:151} INFO - [2023-10-18T02:41:21.781+0000] {dag.py:2941} INFO - Sync 1 DAGs
[2023-10-18T02:41:21.788+0000] {logging_mixin.py:151} INFO - [2023-10-18T02:41:21.788+0000] {dag.py:3722} INFO - Setting next_dagrun for example_complex to None, run_after=None
[2023-10-18T02:41:21.797+0000] {processor.py:179} INFO - Processing /home/airflow/.local/lib/python3.8/site-packages/airflow/example_dags/example_complex.py took 0.045 seconds
[2023-10-18T02:41:52.072+0000] {processor.py:157} INFO - Started process (PID=729) to work on /home/airflow/.local/lib/python3.8/site-packages/airflow/example_dags/example_complex.py
[2023-10-18T02:41:52.073+0000] {processor.py:829} INFO - Processing file /home/airflow/.local/lib/python3.8/site-packages/airflow/example_dags/example_complex.py for tasks to queue
[2023-10-18T02:41:52.074+0000] {logging_mixin.py:151} INFO - [2023-10-18T02:41:52.073+0000] {dagbag.py:536} INFO - Filling up the DagBag from /home/airflow/.local/lib/python3.8/site-packages/airflow/example_dags/example_complex.py
[2023-10-18T02:41:52.080+0000] {processor.py:839} INFO - DAG(s) dict_keys(['example_complex']) retrieved from /home/airflow/.local/lib/python3.8/site-packages/airflow/example_dags/example_complex.py
[2023-10-18T02:41:52.104+0000] {logging_mixin.py:151} INFO - [2023-10-18T02:41:52.103+0000] {dag.py:2941} INFO - Sync 1 DAGs
[2023-10-18T02:41:52.110+0000] {logging_mixin.py:151} INFO - [2023-10-18T02:41:52.110+0000] {dag.py:3722} INFO - Setting next_dagrun for example_complex to None, run_after=None
[2023-10-18T02:41:52.119+0000] {processor.py:179} INFO - Processing /home/airflow/.local/lib/python3.8/site-packages/airflow/example_dags/example_complex.py took 0.050 seconds
[2023-10-18T02:42:22.170+0000] {processor.py:157} INFO - Started process (PID=965) to work on /home/airflow/.local/lib/python3.8/site-packages/airflow/example_dags/example_complex.py
[2023-10-18T02:42:22.171+0000] {processor.py:829} INFO - Processing file /home/airflow/.local/lib/python3.8/site-packages/airflow/example_dags/example_complex.py for tasks to queue
[2023-10-18T02:42:22.171+0000] {logging_mixin.py:151} INFO - [2023-10-18T02:42:22.171+0000] {dagbag.py:536} INFO - Filling up the DagBag from /home/airflow/.local/lib/python3.8/site-packages/airflow/example_dags/example_complex.py
[2023-10-18T02:42:22.177+0000] {processor.py:839} INFO - DAG(s) dict_keys(['example_complex']) retrieved from /home/airflow/.local/lib/python3.8/site-packages/airflow/example_dags/example_complex.py
[2023-10-18T02:42:22.197+0000] {logging_mixin.py:151} INFO - [2023-10-18T02:42:22.197+0000] {dag.py:2941} INFO - Sync 1 DAGs
[2023-10-18T02:42:22.204+0000] {logging_mixin.py:151} INFO - [2023-10-18T02:42:22.204+0000] {dag.py:3722} INFO - Setting next_dagrun for example_complex to None, run_after=None
[2023-10-18T02:42:22.213+0000] {processor.py:179} INFO - Processing /home/airflow/.local/lib/python3.8/site-packages/airflow/example_dags/example_complex.py took 0.045 seconds
[2023-10-18T02:42:53.031+0000] {processor.py:157} INFO - Started process (PID=1251) to work on /home/airflow/.local/lib/python3.8/site-packages/airflow/example_dags/example_complex.py
[2023-10-18T02:42:53.032+0000] {processor.py:829} INFO - Processing file /home/airflow/.local/lib/python3.8/site-packages/airflow/example_dags/example_complex.py for tasks to queue
[2023-10-18T02:42:53.032+0000] {logging_mixin.py:151} INFO - [2023-10-18T02:42:53.032+0000] {dagbag.py:536} INFO - Filling up the DagBag from /home/airflow/.local/lib/python3.8/site-packages/airflow/example_dags/example_complex.py
[2023-10-18T02:42:53.039+0000] {processor.py:839} INFO - DAG(s) dict_keys(['example_complex']) retrieved from /home/airflow/.local/lib/python3.8/site-packages/airflow/example_dags/example_complex.py
[2023-10-18T02:42:53.058+0000] {logging_mixin.py:151} INFO - [2023-10-18T02:42:53.058+0000] {dag.py:2941} INFO - Sync 1 DAGs
[2023-10-18T02:42:53.065+0000] {logging_mixin.py:151} INFO - [2023-10-18T02:42:53.065+0000] {dag.py:3722} INFO - Setting next_dagrun for example_complex to None, run_after=None
[2023-10-18T02:42:53.075+0000] {processor.py:179} INFO - Processing /home/airflow/.local/lib/python3.8/site-packages/airflow/example_dags/example_complex.py took 0.046 seconds
[2023-10-18T02:43:23.122+0000] {processor.py:157} INFO - Started process (PID=1489) to work on /home/airflow/.local/lib/python3.8/site-packages/airflow/example_dags/example_complex.py
[2023-10-18T02:43:23.122+0000] {processor.py:829} INFO - Processing file /home/airflow/.local/lib/python3.8/site-packages/airflow/example_dags/example_complex.py for tasks to queue
[2023-10-18T02:43:23.123+0000] {logging_mixin.py:151} INFO - [2023-10-18T02:43:23.123+0000] {dagbag.py:536} INFO - Filling up the DagBag from /home/airflow/.local/lib/python3.8/site-packages/airflow/example_dags/example_complex.py
[2023-10-18T02:43:23.129+0000] {processor.py:839} INFO - DAG(s) dict_keys(['example_complex']) retrieved from /home/airflow/.local/lib/python3.8/site-packages/airflow/example_dags/example_complex.py
[2023-10-18T02:43:23.150+0000] {logging_mixin.py:151} INFO - [2023-10-18T02:43:23.149+0000] {dag.py:2941} INFO - Sync 1 DAGs
[2023-10-18T02:43:23.156+0000] {logging_mixin.py:151} INFO - [2023-10-18T02:43:23.156+0000] {dag.py:3722} INFO - Setting next_dagrun for example_complex to None, run_after=None
[2023-10-18T02:43:23.165+0000] {processor.py:179} INFO - Processing /home/airflow/.local/lib/python3.8/site-packages/airflow/example_dags/example_complex.py took 0.046 seconds
[2023-10-18T02:43:53.368+0000] {processor.py:157} INFO - Started process (PID=1726) to work on /home/airflow/.local/lib/python3.8/site-packages/airflow/example_dags/example_complex.py
[2023-10-18T02:43:53.369+0000] {processor.py:829} INFO - Processing file /home/airflow/.local/lib/python3.8/site-packages/airflow/example_dags/example_complex.py for tasks to queue
[2023-10-18T02:43:53.369+0000] {logging_mixin.py:151} INFO - [2023-10-18T02:43:53.369+0000] {dagbag.py:536} INFO - Filling up the DagBag from /home/airflow/.local/lib/python3.8/site-packages/airflow/example_dags/example_complex.py
[2023-10-18T02:43:53.375+0000] {processor.py:839} INFO - DAG(s) dict_keys(['example_complex']) retrieved from /home/airflow/.local/lib/python3.8/site-packages/airflow/example_dags/example_complex.py
[2023-10-18T02:43:53.395+0000] {logging_mixin.py:151} INFO - [2023-10-18T02:43:53.395+0000] {dag.py:2941} INFO - Sync 1 DAGs
[2023-10-18T02:43:53.401+0000] {logging_mixin.py:151} INFO - [2023-10-18T02:43:53.401+0000] {dag.py:3722} INFO - Setting next_dagrun for example_complex to None, run_after=None
[2023-10-18T02:43:53.410+0000] {processor.py:179} INFO - Processing /home/airflow/.local/lib/python3.8/site-packages/airflow/example_dags/example_complex.py took 0.044 seconds
[2023-10-18T02:44:24.256+0000] {processor.py:157} INFO - Started process (PID=1965) to work on /home/airflow/.local/lib/python3.8/site-packages/airflow/example_dags/example_complex.py
[2023-10-18T02:44:24.256+0000] {processor.py:829} INFO - Processing file /home/airflow/.local/lib/python3.8/site-packages/airflow/example_dags/example_complex.py for tasks to queue
[2023-10-18T02:44:24.257+0000] {logging_mixin.py:151} INFO - [2023-10-18T02:44:24.257+0000] {dagbag.py:536} INFO - Filling up the DagBag from /home/airflow/.local/lib/python3.8/site-packages/airflow/example_dags/example_complex.py
[2023-10-18T02:44:24.262+0000] {processor.py:839} INFO - DAG(s) dict_keys(['example_complex']) retrieved from /home/airflow/.local/lib/python3.8/site-packages/airflow/example_dags/example_complex.py
[2023-10-18T02:44:24.281+0000] {logging_mixin.py:151} INFO - [2023-10-18T02:44:24.280+0000] {dag.py:2941} INFO - Sync 1 DAGs
[2023-10-18T02:44:24.287+0000] {logging_mixin.py:151} INFO - [2023-10-18T02:44:24.287+0000] {dag.py:3722} INFO - Setting next_dagrun for example_complex to None, run_after=None
[2023-10-18T02:44:24.297+0000] {processor.py:179} INFO - Processing /home/airflow/.local/lib/python3.8/site-packages/airflow/example_dags/example_complex.py took 0.044 seconds
[2023-10-18T02:44:54.331+0000] {processor.py:157} INFO - Started process (PID=2204) to work on /home/airflow/.local/lib/python3.8/site-packages/airflow/example_dags/example_complex.py
[2023-10-18T02:44:54.332+0000] {processor.py:829} INFO - Processing file /home/airflow/.local/lib/python3.8/site-packages/airflow/example_dags/example_complex.py for tasks to queue
[2023-10-18T02:44:54.332+0000] {logging_mixin.py:151} INFO - [2023-10-18T02:44:54.332+0000] {dagbag.py:536} INFO - Filling up the DagBag from /home/airflow/.local/lib/python3.8/site-packages/airflow/example_dags/example_complex.py
[2023-10-18T02:44:54.338+0000] {processor.py:839} INFO - DAG(s) dict_keys(['example_complex']) retrieved from /home/airflow/.local/lib/python3.8/site-packages/airflow/example_dags/example_complex.py
[2023-10-18T02:44:54.357+0000] {logging_mixin.py:151} INFO - [2023-10-18T02:44:54.357+0000] {dag.py:2941} INFO - Sync 1 DAGs
[2023-10-18T02:44:54.363+0000] {logging_mixin.py:151} INFO - [2023-10-18T02:44:54.363+0000] {dag.py:3722} INFO - Setting next_dagrun for example_complex to None, run_after=None
[2023-10-18T02:44:54.373+0000] {processor.py:179} INFO - Processing /home/airflow/.local/lib/python3.8/site-packages/airflow/example_dags/example_complex.py took 0.044 seconds
[2023-10-18T02:45:24.591+0000] {processor.py:157} INFO - Started process (PID=2442) to work on /home/airflow/.local/lib/python3.8/site-packages/airflow/example_dags/example_complex.py
[2023-10-18T02:45:24.591+0000] {processor.py:829} INFO - Processing file /home/airflow/.local/lib/python3.8/site-packages/airflow/example_dags/example_complex.py for tasks to queue
[2023-10-18T02:45:24.592+0000] {logging_mixin.py:151} INFO - [2023-10-18T02:45:24.592+0000] {dagbag.py:536} INFO - Filling up the DagBag from /home/airflow/.local/lib/python3.8/site-packages/airflow/example_dags/example_complex.py
[2023-10-18T02:45:24.598+0000] {processor.py:839} INFO - DAG(s) dict_keys(['example_complex']) retrieved from /home/airflow/.local/lib/python3.8/site-packages/airflow/example_dags/example_complex.py
[2023-10-18T02:45:24.619+0000] {logging_mixin.py:151} INFO - [2023-10-18T02:45:24.619+0000] {dag.py:2941} INFO - Sync 1 DAGs
[2023-10-18T02:45:24.635+0000] {logging_mixin.py:151} INFO - [2023-10-18T02:45:24.634+0000] {dag.py:3722} INFO - Setting next_dagrun for example_complex to None, run_after=None
[2023-10-18T02:45:24.646+0000] {processor.py:179} INFO - Processing /home/airflow/.local/lib/python3.8/site-packages/airflow/example_dags/example_complex.py took 0.058 seconds
[2023-10-18T02:45:54.678+0000] {processor.py:157} INFO - Started process (PID=2680) to work on /home/airflow/.local/lib/python3.8/site-packages/airflow/example_dags/example_complex.py
[2023-10-18T02:45:54.678+0000] {processor.py:829} INFO - Processing file /home/airflow/.local/lib/python3.8/site-packages/airflow/example_dags/example_complex.py for tasks to queue
[2023-10-18T02:45:54.679+0000] {logging_mixin.py:151} INFO - [2023-10-18T02:45:54.679+0000] {dagbag.py:536} INFO - Filling up the DagBag from /home/airflow/.local/lib/python3.8/site-packages/airflow/example_dags/example_complex.py
[2023-10-18T02:45:54.685+0000] {processor.py:839} INFO - DAG(s) dict_keys(['example_complex']) retrieved from /home/airflow/.local/lib/python3.8/site-packages/airflow/example_dags/example_complex.py
[2023-10-18T02:45:54.703+0000] {logging_mixin.py:151} INFO - [2023-10-18T02:45:54.703+0000] {dag.py:2941} INFO - Sync 1 DAGs
[2023-10-18T02:45:54.709+0000] {logging_mixin.py:151} INFO - [2023-10-18T02:45:54.709+0000] {dag.py:3722} INFO - Setting next_dagrun for example_complex to None, run_after=None
[2023-10-18T02:45:54.719+0000] {processor.py:179} INFO - Processing /home/airflow/.local/lib/python3.8/site-packages/airflow/example_dags/example_complex.py took 0.043 seconds
[2023-10-18T02:46:24.791+0000] {processor.py:157} INFO - Started process (PID=2918) to work on /home/airflow/.local/lib/python3.8/site-packages/airflow/example_dags/example_complex.py
[2023-10-18T02:46:24.792+0000] {processor.py:829} INFO - Processing file /home/airflow/.local/lib/python3.8/site-packages/airflow/example_dags/example_complex.py for tasks to queue
[2023-10-18T02:46:24.793+0000] {logging_mixin.py:151} INFO - [2023-10-18T02:46:24.792+0000] {dagbag.py:536} INFO - Filling up the DagBag from /home/airflow/.local/lib/python3.8/site-packages/airflow/example_dags/example_complex.py
[2023-10-18T02:46:24.799+0000] {processor.py:839} INFO - DAG(s) dict_keys(['example_complex']) retrieved from /home/airflow/.local/lib/python3.8/site-packages/airflow/example_dags/example_complex.py
[2023-10-18T02:46:24.819+0000] {logging_mixin.py:151} INFO - [2023-10-18T02:46:24.819+0000] {dag.py:2941} INFO - Sync 1 DAGs
[2023-10-18T02:46:24.825+0000] {logging_mixin.py:151} INFO - [2023-10-18T02:46:24.825+0000] {dag.py:3722} INFO - Setting next_dagrun for example_complex to None, run_after=None
[2023-10-18T02:46:24.834+0000] {processor.py:179} INFO - Processing /home/airflow/.local/lib/python3.8/site-packages/airflow/example_dags/example_complex.py took 0.046 seconds
[2023-10-18T02:46:54.993+0000] {processor.py:157} INFO - Started process (PID=3156) to work on /home/airflow/.local/lib/python3.8/site-packages/airflow/example_dags/example_complex.py
[2023-10-18T02:46:54.994+0000] {processor.py:829} INFO - Processing file /home/airflow/.local/lib/python3.8/site-packages/airflow/example_dags/example_complex.py for tasks to queue
[2023-10-18T02:46:54.995+0000] {logging_mixin.py:151} INFO - [2023-10-18T02:46:54.994+0000] {dagbag.py:536} INFO - Filling up the DagBag from /home/airflow/.local/lib/python3.8/site-packages/airflow/example_dags/example_complex.py
[2023-10-18T02:46:55.001+0000] {processor.py:839} INFO - DAG(s) dict_keys(['example_complex']) retrieved from /home/airflow/.local/lib/python3.8/site-packages/airflow/example_dags/example_complex.py
[2023-10-18T02:46:55.021+0000] {logging_mixin.py:151} INFO - [2023-10-18T02:46:55.021+0000] {dag.py:2941} INFO - Sync 1 DAGs
[2023-10-18T02:46:55.028+0000] {logging_mixin.py:151} INFO - [2023-10-18T02:46:55.028+0000] {dag.py:3722} INFO - Setting next_dagrun for example_complex to None, run_after=None
[2023-10-18T02:46:55.037+0000] {processor.py:179} INFO - Processing /home/airflow/.local/lib/python3.8/site-packages/airflow/example_dags/example_complex.py took 0.046 seconds
[2023-10-18T02:47:25.938+0000] {processor.py:157} INFO - Started process (PID=3396) to work on /home/airflow/.local/lib/python3.8/site-packages/airflow/example_dags/example_complex.py
[2023-10-18T02:47:25.938+0000] {processor.py:829} INFO - Processing file /home/airflow/.local/lib/python3.8/site-packages/airflow/example_dags/example_complex.py for tasks to queue
[2023-10-18T02:47:25.939+0000] {logging_mixin.py:151} INFO - [2023-10-18T02:47:25.939+0000] {dagbag.py:536} INFO - Filling up the DagBag from /home/airflow/.local/lib/python3.8/site-packages/airflow/example_dags/example_complex.py
[2023-10-18T02:47:25.945+0000] {processor.py:839} INFO - DAG(s) dict_keys(['example_complex']) retrieved from /home/airflow/.local/lib/python3.8/site-packages/airflow/example_dags/example_complex.py
[2023-10-18T02:47:25.964+0000] {logging_mixin.py:151} INFO - [2023-10-18T02:47:25.964+0000] {dag.py:2941} INFO - Sync 1 DAGs
[2023-10-18T02:47:25.971+0000] {logging_mixin.py:151} INFO - [2023-10-18T02:47:25.971+0000] {dag.py:3722} INFO - Setting next_dagrun for example_complex to None, run_after=None
[2023-10-18T02:47:25.979+0000] {processor.py:179} INFO - Processing /home/airflow/.local/lib/python3.8/site-packages/airflow/example_dags/example_complex.py took 0.043 seconds
[2023-10-18T02:47:56.053+0000] {processor.py:157} INFO - Started process (PID=3634) to work on /home/airflow/.local/lib/python3.8/site-packages/airflow/example_dags/example_complex.py
[2023-10-18T02:47:56.053+0000] {processor.py:829} INFO - Processing file /home/airflow/.local/lib/python3.8/site-packages/airflow/example_dags/example_complex.py for tasks to queue
[2023-10-18T02:47:56.054+0000] {logging_mixin.py:151} INFO - [2023-10-18T02:47:56.054+0000] {dagbag.py:536} INFO - Filling up the DagBag from /home/airflow/.local/lib/python3.8/site-packages/airflow/example_dags/example_complex.py
[2023-10-18T02:47:56.060+0000] {processor.py:839} INFO - DAG(s) dict_keys(['example_complex']) retrieved from /home/airflow/.local/lib/python3.8/site-packages/airflow/example_dags/example_complex.py
[2023-10-18T02:47:56.079+0000] {logging_mixin.py:151} INFO - [2023-10-18T02:47:56.079+0000] {dag.py:2941} INFO - Sync 1 DAGs
[2023-10-18T02:47:56.086+0000] {logging_mixin.py:151} INFO - [2023-10-18T02:47:56.086+0000] {dag.py:3722} INFO - Setting next_dagrun for example_complex to None, run_after=None
[2023-10-18T02:47:56.094+0000] {processor.py:179} INFO - Processing /home/airflow/.local/lib/python3.8/site-packages/airflow/example_dags/example_complex.py took 0.043 seconds
[2023-10-18T02:48:26.222+0000] {processor.py:157} INFO - Started process (PID=3870) to work on /home/airflow/.local/lib/python3.8/site-packages/airflow/example_dags/example_complex.py
[2023-10-18T02:48:26.223+0000] {processor.py:829} INFO - Processing file /home/airflow/.local/lib/python3.8/site-packages/airflow/example_dags/example_complex.py for tasks to queue
[2023-10-18T02:48:26.223+0000] {logging_mixin.py:151} INFO - [2023-10-18T02:48:26.223+0000] {dagbag.py:536} INFO - Filling up the DagBag from /home/airflow/.local/lib/python3.8/site-packages/airflow/example_dags/example_complex.py
[2023-10-18T02:48:26.229+0000] {processor.py:839} INFO - DAG(s) dict_keys(['example_complex']) retrieved from /home/airflow/.local/lib/python3.8/site-packages/airflow/example_dags/example_complex.py
[2023-10-18T02:48:26.247+0000] {logging_mixin.py:151} INFO - [2023-10-18T02:48:26.247+0000] {dag.py:2941} INFO - Sync 1 DAGs
[2023-10-18T02:48:26.255+0000] {logging_mixin.py:151} INFO - [2023-10-18T02:48:26.255+0000] {dag.py:3722} INFO - Setting next_dagrun for example_complex to None, run_after=None
[2023-10-18T02:48:26.264+0000] {processor.py:179} INFO - Processing /home/airflow/.local/lib/python3.8/site-packages/airflow/example_dags/example_complex.py took 0.045 seconds
[2023-10-18T02:48:56.392+0000] {processor.py:157} INFO - Started process (PID=4108) to work on /home/airflow/.local/lib/python3.8/site-packages/airflow/example_dags/example_complex.py
[2023-10-18T02:48:56.393+0000] {processor.py:829} INFO - Processing file /home/airflow/.local/lib/python3.8/site-packages/airflow/example_dags/example_complex.py for tasks to queue
[2023-10-18T02:48:56.394+0000] {logging_mixin.py:151} INFO - [2023-10-18T02:48:56.393+0000] {dagbag.py:536} INFO - Filling up the DagBag from /home/airflow/.local/lib/python3.8/site-packages/airflow/example_dags/example_complex.py
[2023-10-18T02:48:56.400+0000] {processor.py:839} INFO - DAG(s) dict_keys(['example_complex']) retrieved from /home/airflow/.local/lib/python3.8/site-packages/airflow/example_dags/example_complex.py
[2023-10-18T02:48:56.418+0000] {logging_mixin.py:151} INFO - [2023-10-18T02:48:56.418+0000] {dag.py:2941} INFO - Sync 1 DAGs
[2023-10-18T02:48:56.425+0000] {logging_mixin.py:151} INFO - [2023-10-18T02:48:56.425+0000] {dag.py:3722} INFO - Setting next_dagrun for example_complex to None, run_after=None
[2023-10-18T02:48:56.434+0000] {processor.py:179} INFO - Processing /home/airflow/.local/lib/python3.8/site-packages/airflow/example_dags/example_complex.py took 0.043 seconds
[2023-10-18T02:49:26.560+0000] {processor.py:157} INFO - Started process (PID=4346) to work on /home/airflow/.local/lib/python3.8/site-packages/airflow/example_dags/example_complex.py
[2023-10-18T02:49:26.560+0000] {processor.py:829} INFO - Processing file /home/airflow/.local/lib/python3.8/site-packages/airflow/example_dags/example_complex.py for tasks to queue
[2023-10-18T02:49:26.561+0000] {logging_mixin.py:151} INFO - [2023-10-18T02:49:26.561+0000] {dagbag.py:536} INFO - Filling up the DagBag from /home/airflow/.local/lib/python3.8/site-packages/airflow/example_dags/example_complex.py
[2023-10-18T02:49:26.567+0000] {processor.py:839} INFO - DAG(s) dict_keys(['example_complex']) retrieved from /home/airflow/.local/lib/python3.8/site-packages/airflow/example_dags/example_complex.py
[2023-10-18T02:49:26.586+0000] {logging_mixin.py:151} INFO - [2023-10-18T02:49:26.586+0000] {dag.py:2941} INFO - Sync 1 DAGs
[2023-10-18T02:49:26.593+0000] {logging_mixin.py:151} INFO - [2023-10-18T02:49:26.593+0000] {dag.py:3722} INFO - Setting next_dagrun for example_complex to None, run_after=None
[2023-10-18T02:49:26.603+0000] {processor.py:179} INFO - Processing /home/airflow/.local/lib/python3.8/site-packages/airflow/example_dags/example_complex.py took 0.045 seconds
[2023-10-18T02:49:56.669+0000] {processor.py:157} INFO - Started process (PID=4584) to work on /home/airflow/.local/lib/python3.8/site-packages/airflow/example_dags/example_complex.py
[2023-10-18T02:49:56.669+0000] {processor.py:829} INFO - Processing file /home/airflow/.local/lib/python3.8/site-packages/airflow/example_dags/example_complex.py for tasks to queue
[2023-10-18T02:49:56.670+0000] {logging_mixin.py:151} INFO - [2023-10-18T02:49:56.670+0000] {dagbag.py:536} INFO - Filling up the DagBag from /home/airflow/.local/lib/python3.8/site-packages/airflow/example_dags/example_complex.py
[2023-10-18T02:49:56.676+0000] {processor.py:839} INFO - DAG(s) dict_keys(['example_complex']) retrieved from /home/airflow/.local/lib/python3.8/site-packages/airflow/example_dags/example_complex.py
[2023-10-18T02:49:56.696+0000] {logging_mixin.py:151} INFO - [2023-10-18T02:49:56.696+0000] {dag.py:2941} INFO - Sync 1 DAGs
[2023-10-18T02:49:56.702+0000] {logging_mixin.py:151} INFO - [2023-10-18T02:49:56.702+0000] {dag.py:3722} INFO - Setting next_dagrun for example_complex to None, run_after=None
[2023-10-18T02:49:56.712+0000] {processor.py:179} INFO - Processing /home/airflow/.local/lib/python3.8/site-packages/airflow/example_dags/example_complex.py took 0.045 seconds
[2023-10-18T02:50:26.810+0000] {processor.py:157} INFO - Started process (PID=4823) to work on /home/airflow/.local/lib/python3.8/site-packages/airflow/example_dags/example_complex.py
[2023-10-18T02:50:26.811+0000] {processor.py:829} INFO - Processing file /home/airflow/.local/lib/python3.8/site-packages/airflow/example_dags/example_complex.py for tasks to queue
[2023-10-18T02:50:26.812+0000] {logging_mixin.py:151} INFO - [2023-10-18T02:50:26.812+0000] {dagbag.py:536} INFO - Filling up the DagBag from /home/airflow/.local/lib/python3.8/site-packages/airflow/example_dags/example_complex.py
[2023-10-18T02:50:26.818+0000] {processor.py:839} INFO - DAG(s) dict_keys(['example_complex']) retrieved from /home/airflow/.local/lib/python3.8/site-packages/airflow/example_dags/example_complex.py
[2023-10-18T02:50:26.839+0000] {logging_mixin.py:151} INFO - [2023-10-18T02:50:26.839+0000] {dag.py:2941} INFO - Sync 1 DAGs
[2023-10-18T02:50:26.846+0000] {logging_mixin.py:151} INFO - [2023-10-18T02:50:26.846+0000] {dag.py:3722} INFO - Setting next_dagrun for example_complex to None, run_after=None
[2023-10-18T02:50:26.856+0000] {processor.py:179} INFO - Processing /home/airflow/.local/lib/python3.8/site-packages/airflow/example_dags/example_complex.py took 0.048 seconds
[2023-10-18T02:50:56.965+0000] {processor.py:157} INFO - Started process (PID=5061) to work on /home/airflow/.local/lib/python3.8/site-packages/airflow/example_dags/example_complex.py
[2023-10-18T02:50:56.966+0000] {processor.py:829} INFO - Processing file /home/airflow/.local/lib/python3.8/site-packages/airflow/example_dags/example_complex.py for tasks to queue
[2023-10-18T02:50:56.966+0000] {logging_mixin.py:151} INFO - [2023-10-18T02:50:56.966+0000] {dagbag.py:536} INFO - Filling up the DagBag from /home/airflow/.local/lib/python3.8/site-packages/airflow/example_dags/example_complex.py
[2023-10-18T02:50:56.973+0000] {processor.py:839} INFO - DAG(s) dict_keys(['example_complex']) retrieved from /home/airflow/.local/lib/python3.8/site-packages/airflow/example_dags/example_complex.py
[2023-10-18T02:50:56.992+0000] {logging_mixin.py:151} INFO - [2023-10-18T02:50:56.992+0000] {dag.py:2941} INFO - Sync 1 DAGs
[2023-10-18T02:50:56.999+0000] {logging_mixin.py:151} INFO - [2023-10-18T02:50:56.999+0000] {dag.py:3722} INFO - Setting next_dagrun for example_complex to None, run_after=None
[2023-10-18T02:50:57.010+0000] {processor.py:179} INFO - Processing /home/airflow/.local/lib/python3.8/site-packages/airflow/example_dags/example_complex.py took 0.047 seconds
[2023-10-18T02:51:27.132+0000] {processor.py:157} INFO - Started process (PID=5299) to work on /home/airflow/.local/lib/python3.8/site-packages/airflow/example_dags/example_complex.py
[2023-10-18T02:51:27.133+0000] {processor.py:829} INFO - Processing file /home/airflow/.local/lib/python3.8/site-packages/airflow/example_dags/example_complex.py for tasks to queue
[2023-10-18T02:51:27.133+0000] {logging_mixin.py:151} INFO - [2023-10-18T02:51:27.133+0000] {dagbag.py:536} INFO - Filling up the DagBag from /home/airflow/.local/lib/python3.8/site-packages/airflow/example_dags/example_complex.py
[2023-10-18T02:51:27.139+0000] {processor.py:839} INFO - DAG(s) dict_keys(['example_complex']) retrieved from /home/airflow/.local/lib/python3.8/site-packages/airflow/example_dags/example_complex.py
[2023-10-18T02:51:27.157+0000] {logging_mixin.py:151} INFO - [2023-10-18T02:51:27.157+0000] {dag.py:2941} INFO - Sync 1 DAGs
[2023-10-18T02:51:27.163+0000] {logging_mixin.py:151} INFO - [2023-10-18T02:51:27.163+0000] {dag.py:3722} INFO - Setting next_dagrun for example_complex to None, run_after=None
[2023-10-18T02:51:27.175+0000] {processor.py:179} INFO - Processing /home/airflow/.local/lib/python3.8/site-packages/airflow/example_dags/example_complex.py took 0.046 seconds
[2023-10-18T02:51:57.309+0000] {processor.py:157} INFO - Started process (PID=5536) to work on /home/airflow/.local/lib/python3.8/site-packages/airflow/example_dags/example_complex.py
[2023-10-18T02:51:57.310+0000] {processor.py:829} INFO - Processing file /home/airflow/.local/lib/python3.8/site-packages/airflow/example_dags/example_complex.py for tasks to queue
[2023-10-18T02:51:57.310+0000] {logging_mixin.py:151} INFO - [2023-10-18T02:51:57.310+0000] {dagbag.py:536} INFO - Filling up the DagBag from /home/airflow/.local/lib/python3.8/site-packages/airflow/example_dags/example_complex.py
[2023-10-18T02:51:57.316+0000] {processor.py:839} INFO - DAG(s) dict_keys(['example_complex']) retrieved from /home/airflow/.local/lib/python3.8/site-packages/airflow/example_dags/example_complex.py
[2023-10-18T02:51:57.335+0000] {logging_mixin.py:151} INFO - [2023-10-18T02:51:57.335+0000] {dag.py:2941} INFO - Sync 1 DAGs
[2023-10-18T02:51:57.342+0000] {logging_mixin.py:151} INFO - [2023-10-18T02:51:57.342+0000] {dag.py:3722} INFO - Setting next_dagrun for example_complex to None, run_after=None
[2023-10-18T02:51:57.351+0000] {processor.py:179} INFO - Processing /home/airflow/.local/lib/python3.8/site-packages/airflow/example_dags/example_complex.py took 0.044 seconds
[2023-10-18T02:52:28.229+0000] {processor.py:157} INFO - Started process (PID=5773) to work on /home/airflow/.local/lib/python3.8/site-packages/airflow/example_dags/example_complex.py
[2023-10-18T02:52:28.230+0000] {processor.py:829} INFO - Processing file /home/airflow/.local/lib/python3.8/site-packages/airflow/example_dags/example_complex.py for tasks to queue
[2023-10-18T02:52:28.231+0000] {logging_mixin.py:151} INFO - [2023-10-18T02:52:28.230+0000] {dagbag.py:536} INFO - Filling up the DagBag from /home/airflow/.local/lib/python3.8/site-packages/airflow/example_dags/example_complex.py
[2023-10-18T02:52:28.237+0000] {processor.py:839} INFO - DAG(s) dict_keys(['example_complex']) retrieved from /home/airflow/.local/lib/python3.8/site-packages/airflow/example_dags/example_complex.py
[2023-10-18T02:52:28.257+0000] {logging_mixin.py:151} INFO - [2023-10-18T02:52:28.257+0000] {dag.py:2941} INFO - Sync 1 DAGs
[2023-10-18T02:52:28.264+0000] {logging_mixin.py:151} INFO - [2023-10-18T02:52:28.264+0000] {dag.py:3722} INFO - Setting next_dagrun for example_complex to None, run_after=None
[2023-10-18T02:52:28.275+0000] {processor.py:179} INFO - Processing /home/airflow/.local/lib/python3.8/site-packages/airflow/example_dags/example_complex.py took 0.048 seconds
[2023-10-18T02:52:58.409+0000] {processor.py:157} INFO - Started process (PID=6013) to work on /home/airflow/.local/lib/python3.8/site-packages/airflow/example_dags/example_complex.py
[2023-10-18T02:52:58.410+0000] {processor.py:829} INFO - Processing file /home/airflow/.local/lib/python3.8/site-packages/airflow/example_dags/example_complex.py for tasks to queue
[2023-10-18T02:52:58.410+0000] {logging_mixin.py:151} INFO - [2023-10-18T02:52:58.410+0000] {dagbag.py:536} INFO - Filling up the DagBag from /home/airflow/.local/lib/python3.8/site-packages/airflow/example_dags/example_complex.py
[2023-10-18T02:52:58.416+0000] {processor.py:839} INFO - DAG(s) dict_keys(['example_complex']) retrieved from /home/airflow/.local/lib/python3.8/site-packages/airflow/example_dags/example_complex.py
[2023-10-18T02:52:58.434+0000] {logging_mixin.py:151} INFO - [2023-10-18T02:52:58.434+0000] {dag.py:2941} INFO - Sync 1 DAGs
[2023-10-18T02:52:58.440+0000] {logging_mixin.py:151} INFO - [2023-10-18T02:52:58.440+0000] {dag.py:3722} INFO - Setting next_dagrun for example_complex to None, run_after=None
[2023-10-18T02:52:58.448+0000] {processor.py:179} INFO - Processing /home/airflow/.local/lib/python3.8/site-packages/airflow/example_dags/example_complex.py took 0.040 seconds
[2023-10-18T02:53:28.589+0000] {processor.py:157} INFO - Started process (PID=6251) to work on /home/airflow/.local/lib/python3.8/site-packages/airflow/example_dags/example_complex.py
[2023-10-18T02:53:28.590+0000] {processor.py:829} INFO - Processing file /home/airflow/.local/lib/python3.8/site-packages/airflow/example_dags/example_complex.py for tasks to queue
[2023-10-18T02:53:28.591+0000] {logging_mixin.py:151} INFO - [2023-10-18T02:53:28.590+0000] {dagbag.py:536} INFO - Filling up the DagBag from /home/airflow/.local/lib/python3.8/site-packages/airflow/example_dags/example_complex.py
[2023-10-18T02:53:28.597+0000] {processor.py:839} INFO - DAG(s) dict_keys(['example_complex']) retrieved from /home/airflow/.local/lib/python3.8/site-packages/airflow/example_dags/example_complex.py
[2023-10-18T02:53:28.617+0000] {logging_mixin.py:151} INFO - [2023-10-18T02:53:28.617+0000] {dag.py:2941} INFO - Sync 1 DAGs
[2023-10-18T02:53:28.624+0000] {logging_mixin.py:151} INFO - [2023-10-18T02:53:28.624+0000] {dag.py:3722} INFO - Setting next_dagrun for example_complex to None, run_after=None
[2023-10-18T02:53:28.634+0000] {processor.py:179} INFO - Processing /home/airflow/.local/lib/python3.8/site-packages/airflow/example_dags/example_complex.py took 0.046 seconds
