[2023-10-18T02:40:51.015+0000] {processor.py:157} INFO - Started process (PID=226) to work on /home/airflow/.local/lib/python3.8/site-packages/airflow/example_dags/example_task_group_decorator.py
[2023-10-18T02:40:51.016+0000] {processor.py:829} INFO - Processing file /home/airflow/.local/lib/python3.8/site-packages/airflow/example_dags/example_task_group_decorator.py for tasks to queue
[2023-10-18T02:40:51.016+0000] {logging_mixin.py:151} INFO - [2023-10-18T02:40:51.016+0000] {dagbag.py:536} INFO - Filling up the DagBag from /home/airflow/.local/lib/python3.8/site-packages/airflow/example_dags/example_task_group_decorator.py
[2023-10-18T02:40:51.025+0000] {processor.py:839} INFO - DAG(s) dict_keys(['example_task_group_decorator']) retrieved from /home/airflow/.local/lib/python3.8/site-packages/airflow/example_dags/example_task_group_decorator.py
[2023-10-18T02:40:51.036+0000] {logging_mixin.py:151} INFO - [2023-10-18T02:40:51.036+0000] {dag.py:2941} INFO - Sync 1 DAGs
[2023-10-18T02:40:51.050+0000] {logging_mixin.py:151} INFO - [2023-10-18T02:40:51.050+0000] {dag.py:3722} INFO - Setting next_dagrun for example_task_group_decorator to 2023-10-17T02:40:51.050152+00:00, run_after=2023-10-18T02:40:51.050152+00:00
[2023-10-18T02:40:51.060+0000] {processor.py:179} INFO - Processing /home/airflow/.local/lib/python3.8/site-packages/airflow/example_dags/example_task_group_decorator.py took 0.048 seconds
[2023-10-18T02:41:21.602+0000] {processor.py:157} INFO - Started process (PID=464) to work on /home/airflow/.local/lib/python3.8/site-packages/airflow/example_dags/example_task_group_decorator.py
[2023-10-18T02:41:21.603+0000] {processor.py:829} INFO - Processing file /home/airflow/.local/lib/python3.8/site-packages/airflow/example_dags/example_task_group_decorator.py for tasks to queue
[2023-10-18T02:41:21.604+0000] {logging_mixin.py:151} INFO - [2023-10-18T02:41:21.603+0000] {dagbag.py:536} INFO - Filling up the DagBag from /home/airflow/.local/lib/python3.8/site-packages/airflow/example_dags/example_task_group_decorator.py
[2023-10-18T02:41:21.612+0000] {processor.py:839} INFO - DAG(s) dict_keys(['example_task_group_decorator']) retrieved from /home/airflow/.local/lib/python3.8/site-packages/airflow/example_dags/example_task_group_decorator.py
[2023-10-18T02:41:21.629+0000] {logging_mixin.py:151} INFO - [2023-10-18T02:41:21.629+0000] {dag.py:2941} INFO - Sync 1 DAGs
[2023-10-18T02:41:21.642+0000] {logging_mixin.py:151} INFO - [2023-10-18T02:41:21.642+0000] {dag.py:3722} INFO - Setting next_dagrun for example_task_group_decorator to 2023-10-17T02:41:21.642018+00:00, run_after=2023-10-18T02:41:21.642018+00:00
[2023-10-18T02:41:21.651+0000] {processor.py:179} INFO - Processing /home/airflow/.local/lib/python3.8/site-packages/airflow/example_dags/example_task_group_decorator.py took 0.050 seconds
[2023-10-18T02:41:51.893+0000] {processor.py:157} INFO - Started process (PID=702) to work on /home/airflow/.local/lib/python3.8/site-packages/airflow/example_dags/example_task_group_decorator.py
[2023-10-18T02:41:51.894+0000] {processor.py:829} INFO - Processing file /home/airflow/.local/lib/python3.8/site-packages/airflow/example_dags/example_task_group_decorator.py for tasks to queue
[2023-10-18T02:41:51.894+0000] {logging_mixin.py:151} INFO - [2023-10-18T02:41:51.894+0000] {dagbag.py:536} INFO - Filling up the DagBag from /home/airflow/.local/lib/python3.8/site-packages/airflow/example_dags/example_task_group_decorator.py
[2023-10-18T02:41:51.902+0000] {processor.py:839} INFO - DAG(s) dict_keys(['example_task_group_decorator']) retrieved from /home/airflow/.local/lib/python3.8/site-packages/airflow/example_dags/example_task_group_decorator.py
[2023-10-18T02:41:51.919+0000] {logging_mixin.py:151} INFO - [2023-10-18T02:41:51.919+0000] {dag.py:2941} INFO - Sync 1 DAGs
[2023-10-18T02:41:51.930+0000] {logging_mixin.py:151} INFO - [2023-10-18T02:41:51.930+0000] {dag.py:3722} INFO - Setting next_dagrun for example_task_group_decorator to 2023-10-17T02:41:51.930495+00:00, run_after=2023-10-18T02:41:51.930495+00:00
[2023-10-18T02:41:51.940+0000] {processor.py:179} INFO - Processing /home/airflow/.local/lib/python3.8/site-packages/airflow/example_dags/example_task_group_decorator.py took 0.049 seconds
[2023-10-18T02:42:21.992+0000] {processor.py:157} INFO - Started process (PID=940) to work on /home/airflow/.local/lib/python3.8/site-packages/airflow/example_dags/example_task_group_decorator.py
[2023-10-18T02:42:21.993+0000] {processor.py:829} INFO - Processing file /home/airflow/.local/lib/python3.8/site-packages/airflow/example_dags/example_task_group_decorator.py for tasks to queue
[2023-10-18T02:42:21.994+0000] {logging_mixin.py:151} INFO - [2023-10-18T02:42:21.993+0000] {dagbag.py:536} INFO - Filling up the DagBag from /home/airflow/.local/lib/python3.8/site-packages/airflow/example_dags/example_task_group_decorator.py
[2023-10-18T02:42:22.001+0000] {processor.py:839} INFO - DAG(s) dict_keys(['example_task_group_decorator']) retrieved from /home/airflow/.local/lib/python3.8/site-packages/airflow/example_dags/example_task_group_decorator.py
[2023-10-18T02:42:22.017+0000] {logging_mixin.py:151} INFO - [2023-10-18T02:42:22.017+0000] {dag.py:2941} INFO - Sync 1 DAGs
[2023-10-18T02:42:22.029+0000] {logging_mixin.py:151} INFO - [2023-10-18T02:42:22.029+0000] {dag.py:3722} INFO - Setting next_dagrun for example_task_group_decorator to 2023-10-17T02:42:22.029496+00:00, run_after=2023-10-18T02:42:22.029496+00:00
[2023-10-18T02:42:22.038+0000] {processor.py:179} INFO - Processing /home/airflow/.local/lib/python3.8/site-packages/airflow/example_dags/example_task_group_decorator.py took 0.048 seconds
[2023-10-18T02:42:52.877+0000] {processor.py:157} INFO - Started process (PID=1226) to work on /home/airflow/.local/lib/python3.8/site-packages/airflow/example_dags/example_task_group_decorator.py
[2023-10-18T02:42:52.878+0000] {processor.py:829} INFO - Processing file /home/airflow/.local/lib/python3.8/site-packages/airflow/example_dags/example_task_group_decorator.py for tasks to queue
[2023-10-18T02:42:52.879+0000] {logging_mixin.py:151} INFO - [2023-10-18T02:42:52.878+0000] {dagbag.py:536} INFO - Filling up the DagBag from /home/airflow/.local/lib/python3.8/site-packages/airflow/example_dags/example_task_group_decorator.py
[2023-10-18T02:42:52.887+0000] {processor.py:839} INFO - DAG(s) dict_keys(['example_task_group_decorator']) retrieved from /home/airflow/.local/lib/python3.8/site-packages/airflow/example_dags/example_task_group_decorator.py
[2023-10-18T02:42:52.906+0000] {logging_mixin.py:151} INFO - [2023-10-18T02:42:52.905+0000] {dag.py:2941} INFO - Sync 1 DAGs
[2023-10-18T02:42:52.918+0000] {logging_mixin.py:151} INFO - [2023-10-18T02:42:52.917+0000] {dag.py:3722} INFO - Setting next_dagrun for example_task_group_decorator to 2023-10-17T02:42:52.917713+00:00, run_after=2023-10-18T02:42:52.917713+00:00
[2023-10-18T02:42:52.929+0000] {processor.py:179} INFO - Processing /home/airflow/.local/lib/python3.8/site-packages/airflow/example_dags/example_task_group_decorator.py took 0.055 seconds
[2023-10-18T02:43:22.946+0000] {processor.py:157} INFO - Started process (PID=1464) to work on /home/airflow/.local/lib/python3.8/site-packages/airflow/example_dags/example_task_group_decorator.py
[2023-10-18T02:43:22.947+0000] {processor.py:829} INFO - Processing file /home/airflow/.local/lib/python3.8/site-packages/airflow/example_dags/example_task_group_decorator.py for tasks to queue
[2023-10-18T02:43:22.947+0000] {logging_mixin.py:151} INFO - [2023-10-18T02:43:22.947+0000] {dagbag.py:536} INFO - Filling up the DagBag from /home/airflow/.local/lib/python3.8/site-packages/airflow/example_dags/example_task_group_decorator.py
[2023-10-18T02:43:22.955+0000] {processor.py:839} INFO - DAG(s) dict_keys(['example_task_group_decorator']) retrieved from /home/airflow/.local/lib/python3.8/site-packages/airflow/example_dags/example_task_group_decorator.py
[2023-10-18T02:43:22.970+0000] {logging_mixin.py:151} INFO - [2023-10-18T02:43:22.970+0000] {dag.py:2941} INFO - Sync 1 DAGs
[2023-10-18T02:43:22.982+0000] {logging_mixin.py:151} INFO - [2023-10-18T02:43:22.982+0000] {dag.py:3722} INFO - Setting next_dagrun for example_task_group_decorator to 2023-10-17T02:43:22.982602+00:00, run_after=2023-10-18T02:43:22.982602+00:00
[2023-10-18T02:43:22.991+0000] {processor.py:179} INFO - Processing /home/airflow/.local/lib/python3.8/site-packages/airflow/example_dags/example_task_group_decorator.py took 0.047 seconds
[2023-10-18T02:43:53.192+0000] {processor.py:157} INFO - Started process (PID=1701) to work on /home/airflow/.local/lib/python3.8/site-packages/airflow/example_dags/example_task_group_decorator.py
[2023-10-18T02:43:53.193+0000] {processor.py:829} INFO - Processing file /home/airflow/.local/lib/python3.8/site-packages/airflow/example_dags/example_task_group_decorator.py for tasks to queue
[2023-10-18T02:43:53.194+0000] {logging_mixin.py:151} INFO - [2023-10-18T02:43:53.193+0000] {dagbag.py:536} INFO - Filling up the DagBag from /home/airflow/.local/lib/python3.8/site-packages/airflow/example_dags/example_task_group_decorator.py
[2023-10-18T02:43:53.202+0000] {processor.py:839} INFO - DAG(s) dict_keys(['example_task_group_decorator']) retrieved from /home/airflow/.local/lib/python3.8/site-packages/airflow/example_dags/example_task_group_decorator.py
[2023-10-18T02:43:53.218+0000] {logging_mixin.py:151} INFO - [2023-10-18T02:43:53.218+0000] {dag.py:2941} INFO - Sync 1 DAGs
[2023-10-18T02:43:53.229+0000] {logging_mixin.py:151} INFO - [2023-10-18T02:43:53.229+0000] {dag.py:3722} INFO - Setting next_dagrun for example_task_group_decorator to 2023-10-17T02:43:53.229525+00:00, run_after=2023-10-18T02:43:53.229525+00:00
[2023-10-18T02:43:53.238+0000] {processor.py:179} INFO - Processing /home/airflow/.local/lib/python3.8/site-packages/airflow/example_dags/example_task_group_decorator.py took 0.048 seconds
[2023-10-18T02:44:24.073+0000] {processor.py:157} INFO - Started process (PID=1942) to work on /home/airflow/.local/lib/python3.8/site-packages/airflow/example_dags/example_task_group_decorator.py
[2023-10-18T02:44:24.073+0000] {processor.py:829} INFO - Processing file /home/airflow/.local/lib/python3.8/site-packages/airflow/example_dags/example_task_group_decorator.py for tasks to queue
[2023-10-18T02:44:24.074+0000] {logging_mixin.py:151} INFO - [2023-10-18T02:44:24.074+0000] {dagbag.py:536} INFO - Filling up the DagBag from /home/airflow/.local/lib/python3.8/site-packages/airflow/example_dags/example_task_group_decorator.py
[2023-10-18T02:44:24.082+0000] {processor.py:839} INFO - DAG(s) dict_keys(['example_task_group_decorator']) retrieved from /home/airflow/.local/lib/python3.8/site-packages/airflow/example_dags/example_task_group_decorator.py
[2023-10-18T02:44:24.097+0000] {logging_mixin.py:151} INFO - [2023-10-18T02:44:24.097+0000] {dag.py:2941} INFO - Sync 1 DAGs
[2023-10-18T02:44:24.107+0000] {logging_mixin.py:151} INFO - [2023-10-18T02:44:24.107+0000] {dag.py:3722} INFO - Setting next_dagrun for example_task_group_decorator to 2023-10-17T02:44:24.107185+00:00, run_after=2023-10-18T02:44:24.107185+00:00
[2023-10-18T02:44:24.115+0000] {processor.py:179} INFO - Processing /home/airflow/.local/lib/python3.8/site-packages/airflow/example_dags/example_task_group_decorator.py took 0.044 seconds
[2023-10-18T02:44:54.154+0000] {processor.py:157} INFO - Started process (PID=2181) to work on /home/airflow/.local/lib/python3.8/site-packages/airflow/example_dags/example_task_group_decorator.py
[2023-10-18T02:44:54.154+0000] {processor.py:829} INFO - Processing file /home/airflow/.local/lib/python3.8/site-packages/airflow/example_dags/example_task_group_decorator.py for tasks to queue
[2023-10-18T02:44:54.155+0000] {logging_mixin.py:151} INFO - [2023-10-18T02:44:54.155+0000] {dagbag.py:536} INFO - Filling up the DagBag from /home/airflow/.local/lib/python3.8/site-packages/airflow/example_dags/example_task_group_decorator.py
[2023-10-18T02:44:54.162+0000] {processor.py:839} INFO - DAG(s) dict_keys(['example_task_group_decorator']) retrieved from /home/airflow/.local/lib/python3.8/site-packages/airflow/example_dags/example_task_group_decorator.py
[2023-10-18T02:44:54.177+0000] {logging_mixin.py:151} INFO - [2023-10-18T02:44:54.177+0000] {dag.py:2941} INFO - Sync 1 DAGs
[2023-10-18T02:44:54.188+0000] {logging_mixin.py:151} INFO - [2023-10-18T02:44:54.188+0000] {dag.py:3722} INFO - Setting next_dagrun for example_task_group_decorator to 2023-10-17T02:44:54.187872+00:00, run_after=2023-10-18T02:44:54.187872+00:00
[2023-10-18T02:44:54.196+0000] {processor.py:179} INFO - Processing /home/airflow/.local/lib/python3.8/site-packages/airflow/example_dags/example_task_group_decorator.py took 0.044 seconds
[2023-10-18T02:45:24.407+0000] {processor.py:157} INFO - Started process (PID=2417) to work on /home/airflow/.local/lib/python3.8/site-packages/airflow/example_dags/example_task_group_decorator.py
[2023-10-18T02:45:24.408+0000] {processor.py:829} INFO - Processing file /home/airflow/.local/lib/python3.8/site-packages/airflow/example_dags/example_task_group_decorator.py for tasks to queue
[2023-10-18T02:45:24.409+0000] {logging_mixin.py:151} INFO - [2023-10-18T02:45:24.409+0000] {dagbag.py:536} INFO - Filling up the DagBag from /home/airflow/.local/lib/python3.8/site-packages/airflow/example_dags/example_task_group_decorator.py
[2023-10-18T02:45:24.419+0000] {processor.py:839} INFO - DAG(s) dict_keys(['example_task_group_decorator']) retrieved from /home/airflow/.local/lib/python3.8/site-packages/airflow/example_dags/example_task_group_decorator.py
[2023-10-18T02:45:24.437+0000] {logging_mixin.py:151} INFO - [2023-10-18T02:45:24.437+0000] {dag.py:2941} INFO - Sync 1 DAGs
[2023-10-18T02:45:24.453+0000] {logging_mixin.py:151} INFO - [2023-10-18T02:45:24.453+0000] {dag.py:3722} INFO - Setting next_dagrun for example_task_group_decorator to 2023-10-17T02:45:24.453065+00:00, run_after=2023-10-18T02:45:24.453065+00:00
[2023-10-18T02:45:24.467+0000] {processor.py:179} INFO - Processing /home/airflow/.local/lib/python3.8/site-packages/airflow/example_dags/example_task_group_decorator.py took 0.062 seconds
[2023-10-18T02:45:54.506+0000] {processor.py:157} INFO - Started process (PID=2657) to work on /home/airflow/.local/lib/python3.8/site-packages/airflow/example_dags/example_task_group_decorator.py
[2023-10-18T02:45:54.507+0000] {processor.py:829} INFO - Processing file /home/airflow/.local/lib/python3.8/site-packages/airflow/example_dags/example_task_group_decorator.py for tasks to queue
[2023-10-18T02:45:54.507+0000] {logging_mixin.py:151} INFO - [2023-10-18T02:45:54.507+0000] {dagbag.py:536} INFO - Filling up the DagBag from /home/airflow/.local/lib/python3.8/site-packages/airflow/example_dags/example_task_group_decorator.py
[2023-10-18T02:45:54.515+0000] {processor.py:839} INFO - DAG(s) dict_keys(['example_task_group_decorator']) retrieved from /home/airflow/.local/lib/python3.8/site-packages/airflow/example_dags/example_task_group_decorator.py
[2023-10-18T02:45:54.529+0000] {logging_mixin.py:151} INFO - [2023-10-18T02:45:54.529+0000] {dag.py:2941} INFO - Sync 1 DAGs
[2023-10-18T02:45:54.539+0000] {logging_mixin.py:151} INFO - [2023-10-18T02:45:54.539+0000] {dag.py:3722} INFO - Setting next_dagrun for example_task_group_decorator to 2023-10-17T02:45:54.539331+00:00, run_after=2023-10-18T02:45:54.539331+00:00
[2023-10-18T02:45:54.547+0000] {processor.py:179} INFO - Processing /home/airflow/.local/lib/python3.8/site-packages/airflow/example_dags/example_task_group_decorator.py took 0.043 seconds
[2023-10-18T02:46:24.615+0000] {processor.py:157} INFO - Started process (PID=2893) to work on /home/airflow/.local/lib/python3.8/site-packages/airflow/example_dags/example_task_group_decorator.py
[2023-10-18T02:46:24.615+0000] {processor.py:829} INFO - Processing file /home/airflow/.local/lib/python3.8/site-packages/airflow/example_dags/example_task_group_decorator.py for tasks to queue
[2023-10-18T02:46:24.616+0000] {logging_mixin.py:151} INFO - [2023-10-18T02:46:24.616+0000] {dagbag.py:536} INFO - Filling up the DagBag from /home/airflow/.local/lib/python3.8/site-packages/airflow/example_dags/example_task_group_decorator.py
[2023-10-18T02:46:24.623+0000] {processor.py:839} INFO - DAG(s) dict_keys(['example_task_group_decorator']) retrieved from /home/airflow/.local/lib/python3.8/site-packages/airflow/example_dags/example_task_group_decorator.py
[2023-10-18T02:46:24.639+0000] {logging_mixin.py:151} INFO - [2023-10-18T02:46:24.639+0000] {dag.py:2941} INFO - Sync 1 DAGs
[2023-10-18T02:46:24.650+0000] {logging_mixin.py:151} INFO - [2023-10-18T02:46:24.650+0000] {dag.py:3722} INFO - Setting next_dagrun for example_task_group_decorator to 2023-10-17T02:46:24.650199+00:00, run_after=2023-10-18T02:46:24.650199+00:00
[2023-10-18T02:46:24.659+0000] {processor.py:179} INFO - Processing /home/airflow/.local/lib/python3.8/site-packages/airflow/example_dags/example_task_group_decorator.py took 0.047 seconds
[2023-10-18T02:46:54.815+0000] {processor.py:157} INFO - Started process (PID=3131) to work on /home/airflow/.local/lib/python3.8/site-packages/airflow/example_dags/example_task_group_decorator.py
[2023-10-18T02:46:54.815+0000] {processor.py:829} INFO - Processing file /home/airflow/.local/lib/python3.8/site-packages/airflow/example_dags/example_task_group_decorator.py for tasks to queue
[2023-10-18T02:46:54.816+0000] {logging_mixin.py:151} INFO - [2023-10-18T02:46:54.816+0000] {dagbag.py:536} INFO - Filling up the DagBag from /home/airflow/.local/lib/python3.8/site-packages/airflow/example_dags/example_task_group_decorator.py
[2023-10-18T02:46:54.824+0000] {processor.py:839} INFO - DAG(s) dict_keys(['example_task_group_decorator']) retrieved from /home/airflow/.local/lib/python3.8/site-packages/airflow/example_dags/example_task_group_decorator.py
[2023-10-18T02:46:54.839+0000] {logging_mixin.py:151} INFO - [2023-10-18T02:46:54.839+0000] {dag.py:2941} INFO - Sync 1 DAGs
[2023-10-18T02:46:54.850+0000] {logging_mixin.py:151} INFO - [2023-10-18T02:46:54.850+0000] {dag.py:3722} INFO - Setting next_dagrun for example_task_group_decorator to 2023-10-17T02:46:54.850411+00:00, run_after=2023-10-18T02:46:54.850411+00:00
[2023-10-18T02:46:54.859+0000] {processor.py:179} INFO - Processing /home/airflow/.local/lib/python3.8/site-packages/airflow/example_dags/example_task_group_decorator.py took 0.047 seconds
[2023-10-18T02:47:25.757+0000] {processor.py:157} INFO - Started process (PID=3371) to work on /home/airflow/.local/lib/python3.8/site-packages/airflow/example_dags/example_task_group_decorator.py
[2023-10-18T02:47:25.758+0000] {processor.py:829} INFO - Processing file /home/airflow/.local/lib/python3.8/site-packages/airflow/example_dags/example_task_group_decorator.py for tasks to queue
[2023-10-18T02:47:25.758+0000] {logging_mixin.py:151} INFO - [2023-10-18T02:47:25.758+0000] {dagbag.py:536} INFO - Filling up the DagBag from /home/airflow/.local/lib/python3.8/site-packages/airflow/example_dags/example_task_group_decorator.py
[2023-10-18T02:47:25.766+0000] {processor.py:839} INFO - DAG(s) dict_keys(['example_task_group_decorator']) retrieved from /home/airflow/.local/lib/python3.8/site-packages/airflow/example_dags/example_task_group_decorator.py
[2023-10-18T02:47:25.784+0000] {logging_mixin.py:151} INFO - [2023-10-18T02:47:25.784+0000] {dag.py:2941} INFO - Sync 1 DAGs
[2023-10-18T02:47:25.796+0000] {logging_mixin.py:151} INFO - [2023-10-18T02:47:25.796+0000] {dag.py:3722} INFO - Setting next_dagrun for example_task_group_decorator to 2023-10-17T02:47:25.796045+00:00, run_after=2023-10-18T02:47:25.796045+00:00
[2023-10-18T02:47:25.806+0000] {processor.py:179} INFO - Processing /home/airflow/.local/lib/python3.8/site-packages/airflow/example_dags/example_task_group_decorator.py took 0.051 seconds
[2023-10-18T02:47:55.831+0000] {processor.py:157} INFO - Started process (PID=3607) to work on /home/airflow/.local/lib/python3.8/site-packages/airflow/example_dags/example_task_group_decorator.py
[2023-10-18T02:47:55.831+0000] {processor.py:829} INFO - Processing file /home/airflow/.local/lib/python3.8/site-packages/airflow/example_dags/example_task_group_decorator.py for tasks to queue
[2023-10-18T02:47:55.832+0000] {logging_mixin.py:151} INFO - [2023-10-18T02:47:55.831+0000] {dagbag.py:536} INFO - Filling up the DagBag from /home/airflow/.local/lib/python3.8/site-packages/airflow/example_dags/example_task_group_decorator.py
[2023-10-18T02:47:55.840+0000] {processor.py:839} INFO - DAG(s) dict_keys(['example_task_group_decorator']) retrieved from /home/airflow/.local/lib/python3.8/site-packages/airflow/example_dags/example_task_group_decorator.py
[2023-10-18T02:47:55.855+0000] {logging_mixin.py:151} INFO - [2023-10-18T02:47:55.855+0000] {dag.py:2941} INFO - Sync 1 DAGs
[2023-10-18T02:47:55.866+0000] {logging_mixin.py:151} INFO - [2023-10-18T02:47:55.866+0000] {dag.py:3722} INFO - Setting next_dagrun for example_task_group_decorator to 2023-10-17T02:47:55.866092+00:00, run_after=2023-10-18T02:47:55.866092+00:00
[2023-10-18T02:47:55.875+0000] {processor.py:179} INFO - Processing /home/airflow/.local/lib/python3.8/site-packages/airflow/example_dags/example_task_group_decorator.py took 0.046 seconds
[2023-10-18T02:48:26.089+0000] {processor.py:157} INFO - Started process (PID=3847) to work on /home/airflow/.local/lib/python3.8/site-packages/airflow/example_dags/example_task_group_decorator.py
[2023-10-18T02:48:26.090+0000] {processor.py:829} INFO - Processing file /home/airflow/.local/lib/python3.8/site-packages/airflow/example_dags/example_task_group_decorator.py for tasks to queue
[2023-10-18T02:48:26.090+0000] {logging_mixin.py:151} INFO - [2023-10-18T02:48:26.090+0000] {dagbag.py:536} INFO - Filling up the DagBag from /home/airflow/.local/lib/python3.8/site-packages/airflow/example_dags/example_task_group_decorator.py
[2023-10-18T02:48:26.098+0000] {processor.py:839} INFO - DAG(s) dict_keys(['example_task_group_decorator']) retrieved from /home/airflow/.local/lib/python3.8/site-packages/airflow/example_dags/example_task_group_decorator.py
[2023-10-18T02:48:26.114+0000] {logging_mixin.py:151} INFO - [2023-10-18T02:48:26.114+0000] {dag.py:2941} INFO - Sync 1 DAGs
[2023-10-18T02:48:26.126+0000] {logging_mixin.py:151} INFO - [2023-10-18T02:48:26.126+0000] {dag.py:3722} INFO - Setting next_dagrun for example_task_group_decorator to 2023-10-17T02:48:26.126010+00:00, run_after=2023-10-18T02:48:26.126010+00:00
[2023-10-18T02:48:26.135+0000] {processor.py:179} INFO - Processing /home/airflow/.local/lib/python3.8/site-packages/airflow/example_dags/example_task_group_decorator.py took 0.048 seconds
[2023-10-18T02:48:56.224+0000] {processor.py:157} INFO - Started process (PID=4083) to work on /home/airflow/.local/lib/python3.8/site-packages/airflow/example_dags/example_task_group_decorator.py
[2023-10-18T02:48:56.224+0000] {processor.py:829} INFO - Processing file /home/airflow/.local/lib/python3.8/site-packages/airflow/example_dags/example_task_group_decorator.py for tasks to queue
[2023-10-18T02:48:56.225+0000] {logging_mixin.py:151} INFO - [2023-10-18T02:48:56.225+0000] {dagbag.py:536} INFO - Filling up the DagBag from /home/airflow/.local/lib/python3.8/site-packages/airflow/example_dags/example_task_group_decorator.py
[2023-10-18T02:48:56.232+0000] {processor.py:839} INFO - DAG(s) dict_keys(['example_task_group_decorator']) retrieved from /home/airflow/.local/lib/python3.8/site-packages/airflow/example_dags/example_task_group_decorator.py
[2023-10-18T02:48:56.249+0000] {logging_mixin.py:151} INFO - [2023-10-18T02:48:56.249+0000] {dag.py:2941} INFO - Sync 1 DAGs
[2023-10-18T02:48:56.260+0000] {logging_mixin.py:151} INFO - [2023-10-18T02:48:56.260+0000] {dag.py:3722} INFO - Setting next_dagrun for example_task_group_decorator to 2023-10-17T02:48:56.260684+00:00, run_after=2023-10-18T02:48:56.260684+00:00
[2023-10-18T02:48:56.270+0000] {processor.py:179} INFO - Processing /home/airflow/.local/lib/python3.8/site-packages/airflow/example_dags/example_task_group_decorator.py took 0.048 seconds
[2023-10-18T02:49:26.411+0000] {processor.py:157} INFO - Started process (PID=4321) to work on /home/airflow/.local/lib/python3.8/site-packages/airflow/example_dags/example_task_group_decorator.py
[2023-10-18T02:49:26.412+0000] {processor.py:829} INFO - Processing file /home/airflow/.local/lib/python3.8/site-packages/airflow/example_dags/example_task_group_decorator.py for tasks to queue
[2023-10-18T02:49:26.413+0000] {logging_mixin.py:151} INFO - [2023-10-18T02:49:26.412+0000] {dagbag.py:536} INFO - Filling up the DagBag from /home/airflow/.local/lib/python3.8/site-packages/airflow/example_dags/example_task_group_decorator.py
[2023-10-18T02:49:26.421+0000] {processor.py:839} INFO - DAG(s) dict_keys(['example_task_group_decorator']) retrieved from /home/airflow/.local/lib/python3.8/site-packages/airflow/example_dags/example_task_group_decorator.py
[2023-10-18T02:49:26.438+0000] {logging_mixin.py:151} INFO - [2023-10-18T02:49:26.437+0000] {dag.py:2941} INFO - Sync 1 DAGs
[2023-10-18T02:49:26.449+0000] {logging_mixin.py:151} INFO - [2023-10-18T02:49:26.449+0000] {dag.py:3722} INFO - Setting next_dagrun for example_task_group_decorator to 2023-10-17T02:49:26.449238+00:00, run_after=2023-10-18T02:49:26.449238+00:00
[2023-10-18T02:49:26.458+0000] {processor.py:179} INFO - Processing /home/airflow/.local/lib/python3.8/site-packages/airflow/example_dags/example_task_group_decorator.py took 0.049 seconds
[2023-10-18T02:49:56.519+0000] {processor.py:157} INFO - Started process (PID=4559) to work on /home/airflow/.local/lib/python3.8/site-packages/airflow/example_dags/example_task_group_decorator.py
[2023-10-18T02:49:56.519+0000] {processor.py:829} INFO - Processing file /home/airflow/.local/lib/python3.8/site-packages/airflow/example_dags/example_task_group_decorator.py for tasks to queue
[2023-10-18T02:49:56.520+0000] {logging_mixin.py:151} INFO - [2023-10-18T02:49:56.520+0000] {dagbag.py:536} INFO - Filling up the DagBag from /home/airflow/.local/lib/python3.8/site-packages/airflow/example_dags/example_task_group_decorator.py
[2023-10-18T02:49:56.528+0000] {processor.py:839} INFO - DAG(s) dict_keys(['example_task_group_decorator']) retrieved from /home/airflow/.local/lib/python3.8/site-packages/airflow/example_dags/example_task_group_decorator.py
[2023-10-18T02:49:56.546+0000] {logging_mixin.py:151} INFO - [2023-10-18T02:49:56.546+0000] {dag.py:2941} INFO - Sync 1 DAGs
[2023-10-18T02:49:56.558+0000] {logging_mixin.py:151} INFO - [2023-10-18T02:49:56.558+0000] {dag.py:3722} INFO - Setting next_dagrun for example_task_group_decorator to 2023-10-17T02:49:56.558577+00:00, run_after=2023-10-18T02:49:56.558577+00:00
[2023-10-18T02:49:56.567+0000] {processor.py:179} INFO - Processing /home/airflow/.local/lib/python3.8/site-packages/airflow/example_dags/example_task_group_decorator.py took 0.051 seconds
[2023-10-18T02:50:26.635+0000] {processor.py:157} INFO - Started process (PID=4798) to work on /home/airflow/.local/lib/python3.8/site-packages/airflow/example_dags/example_task_group_decorator.py
[2023-10-18T02:50:26.636+0000] {processor.py:829} INFO - Processing file /home/airflow/.local/lib/python3.8/site-packages/airflow/example_dags/example_task_group_decorator.py for tasks to queue
[2023-10-18T02:50:26.636+0000] {logging_mixin.py:151} INFO - [2023-10-18T02:50:26.636+0000] {dagbag.py:536} INFO - Filling up the DagBag from /home/airflow/.local/lib/python3.8/site-packages/airflow/example_dags/example_task_group_decorator.py
[2023-10-18T02:50:26.644+0000] {processor.py:839} INFO - DAG(s) dict_keys(['example_task_group_decorator']) retrieved from /home/airflow/.local/lib/python3.8/site-packages/airflow/example_dags/example_task_group_decorator.py
[2023-10-18T02:50:26.661+0000] {logging_mixin.py:151} INFO - [2023-10-18T02:50:26.660+0000] {dag.py:2941} INFO - Sync 1 DAGs
[2023-10-18T02:50:26.674+0000] {logging_mixin.py:151} INFO - [2023-10-18T02:50:26.674+0000] {dag.py:3722} INFO - Setting next_dagrun for example_task_group_decorator to 2023-10-17T02:50:26.674064+00:00, run_after=2023-10-18T02:50:26.674064+00:00
[2023-10-18T02:50:26.683+0000] {processor.py:179} INFO - Processing /home/airflow/.local/lib/python3.8/site-packages/airflow/example_dags/example_task_group_decorator.py took 0.051 seconds
[2023-10-18T02:50:56.811+0000] {processor.py:157} INFO - Started process (PID=5036) to work on /home/airflow/.local/lib/python3.8/site-packages/airflow/example_dags/example_task_group_decorator.py
[2023-10-18T02:50:56.812+0000] {processor.py:829} INFO - Processing file /home/airflow/.local/lib/python3.8/site-packages/airflow/example_dags/example_task_group_decorator.py for tasks to queue
[2023-10-18T02:50:56.812+0000] {logging_mixin.py:151} INFO - [2023-10-18T02:50:56.812+0000] {dagbag.py:536} INFO - Filling up the DagBag from /home/airflow/.local/lib/python3.8/site-packages/airflow/example_dags/example_task_group_decorator.py
[2023-10-18T02:50:56.820+0000] {processor.py:839} INFO - DAG(s) dict_keys(['example_task_group_decorator']) retrieved from /home/airflow/.local/lib/python3.8/site-packages/airflow/example_dags/example_task_group_decorator.py
[2023-10-18T02:50:56.836+0000] {logging_mixin.py:151} INFO - [2023-10-18T02:50:56.836+0000] {dag.py:2941} INFO - Sync 1 DAGs
[2023-10-18T02:50:56.847+0000] {logging_mixin.py:151} INFO - [2023-10-18T02:50:56.847+0000] {dag.py:3722} INFO - Setting next_dagrun for example_task_group_decorator to 2023-10-17T02:50:56.847352+00:00, run_after=2023-10-18T02:50:56.847352+00:00
[2023-10-18T02:50:56.856+0000] {processor.py:179} INFO - Processing /home/airflow/.local/lib/python3.8/site-packages/airflow/example_dags/example_task_group_decorator.py took 0.047 seconds
[2023-10-18T02:51:26.958+0000] {processor.py:157} INFO - Started process (PID=5274) to work on /home/airflow/.local/lib/python3.8/site-packages/airflow/example_dags/example_task_group_decorator.py
[2023-10-18T02:51:26.959+0000] {processor.py:829} INFO - Processing file /home/airflow/.local/lib/python3.8/site-packages/airflow/example_dags/example_task_group_decorator.py for tasks to queue
[2023-10-18T02:51:26.959+0000] {logging_mixin.py:151} INFO - [2023-10-18T02:51:26.959+0000] {dagbag.py:536} INFO - Filling up the DagBag from /home/airflow/.local/lib/python3.8/site-packages/airflow/example_dags/example_task_group_decorator.py
[2023-10-18T02:51:26.967+0000] {processor.py:839} INFO - DAG(s) dict_keys(['example_task_group_decorator']) retrieved from /home/airflow/.local/lib/python3.8/site-packages/airflow/example_dags/example_task_group_decorator.py
[2023-10-18T02:51:26.982+0000] {logging_mixin.py:151} INFO - [2023-10-18T02:51:26.982+0000] {dag.py:2941} INFO - Sync 1 DAGs
[2023-10-18T02:51:26.992+0000] {logging_mixin.py:151} INFO - [2023-10-18T02:51:26.992+0000] {dag.py:3722} INFO - Setting next_dagrun for example_task_group_decorator to 2023-10-17T02:51:26.992631+00:00, run_after=2023-10-18T02:51:26.992631+00:00
[2023-10-18T02:51:27.001+0000] {processor.py:179} INFO - Processing /home/airflow/.local/lib/python3.8/site-packages/airflow/example_dags/example_task_group_decorator.py took 0.045 seconds
[2023-10-18T02:51:57.142+0000] {processor.py:157} INFO - Started process (PID=5511) to work on /home/airflow/.local/lib/python3.8/site-packages/airflow/example_dags/example_task_group_decorator.py
[2023-10-18T02:51:57.142+0000] {processor.py:829} INFO - Processing file /home/airflow/.local/lib/python3.8/site-packages/airflow/example_dags/example_task_group_decorator.py for tasks to queue
[2023-10-18T02:51:57.143+0000] {logging_mixin.py:151} INFO - [2023-10-18T02:51:57.143+0000] {dagbag.py:536} INFO - Filling up the DagBag from /home/airflow/.local/lib/python3.8/site-packages/airflow/example_dags/example_task_group_decorator.py
[2023-10-18T02:51:57.152+0000] {processor.py:839} INFO - DAG(s) dict_keys(['example_task_group_decorator']) retrieved from /home/airflow/.local/lib/python3.8/site-packages/airflow/example_dags/example_task_group_decorator.py
[2023-10-18T02:51:57.168+0000] {logging_mixin.py:151} INFO - [2023-10-18T02:51:57.168+0000] {dag.py:2941} INFO - Sync 1 DAGs
[2023-10-18T02:51:57.180+0000] {logging_mixin.py:151} INFO - [2023-10-18T02:51:57.180+0000] {dag.py:3722} INFO - Setting next_dagrun for example_task_group_decorator to 2023-10-17T02:51:57.180038+00:00, run_after=2023-10-18T02:51:57.180038+00:00
[2023-10-18T02:51:57.189+0000] {processor.py:179} INFO - Processing /home/airflow/.local/lib/python3.8/site-packages/airflow/example_dags/example_task_group_decorator.py took 0.050 seconds
[2023-10-18T02:52:28.042+0000] {processor.py:157} INFO - Started process (PID=5748) to work on /home/airflow/.local/lib/python3.8/site-packages/airflow/example_dags/example_task_group_decorator.py
[2023-10-18T02:52:28.043+0000] {processor.py:829} INFO - Processing file /home/airflow/.local/lib/python3.8/site-packages/airflow/example_dags/example_task_group_decorator.py for tasks to queue
[2023-10-18T02:52:28.044+0000] {logging_mixin.py:151} INFO - [2023-10-18T02:52:28.043+0000] {dagbag.py:536} INFO - Filling up the DagBag from /home/airflow/.local/lib/python3.8/site-packages/airflow/example_dags/example_task_group_decorator.py
[2023-10-18T02:52:28.053+0000] {processor.py:839} INFO - DAG(s) dict_keys(['example_task_group_decorator']) retrieved from /home/airflow/.local/lib/python3.8/site-packages/airflow/example_dags/example_task_group_decorator.py
[2023-10-18T02:52:28.070+0000] {logging_mixin.py:151} INFO - [2023-10-18T02:52:28.070+0000] {dag.py:2941} INFO - Sync 1 DAGs
[2023-10-18T02:52:28.083+0000] {logging_mixin.py:151} INFO - [2023-10-18T02:52:28.083+0000] {dag.py:3722} INFO - Setting next_dagrun for example_task_group_decorator to 2023-10-17T02:52:28.083018+00:00, run_after=2023-10-18T02:52:28.083018+00:00
[2023-10-18T02:52:28.095+0000] {processor.py:179} INFO - Processing /home/airflow/.local/lib/python3.8/site-packages/airflow/example_dags/example_task_group_decorator.py took 0.055 seconds
[2023-10-18T02:52:58.234+0000] {processor.py:157} INFO - Started process (PID=5986) to work on /home/airflow/.local/lib/python3.8/site-packages/airflow/example_dags/example_task_group_decorator.py
[2023-10-18T02:52:58.234+0000] {processor.py:829} INFO - Processing file /home/airflow/.local/lib/python3.8/site-packages/airflow/example_dags/example_task_group_decorator.py for tasks to queue
[2023-10-18T02:52:58.235+0000] {logging_mixin.py:151} INFO - [2023-10-18T02:52:58.235+0000] {dagbag.py:536} INFO - Filling up the DagBag from /home/airflow/.local/lib/python3.8/site-packages/airflow/example_dags/example_task_group_decorator.py
[2023-10-18T02:52:58.243+0000] {processor.py:839} INFO - DAG(s) dict_keys(['example_task_group_decorator']) retrieved from /home/airflow/.local/lib/python3.8/site-packages/airflow/example_dags/example_task_group_decorator.py
[2023-10-18T02:52:58.259+0000] {logging_mixin.py:151} INFO - [2023-10-18T02:52:58.259+0000] {dag.py:2941} INFO - Sync 1 DAGs
[2023-10-18T02:52:58.270+0000] {logging_mixin.py:151} INFO - [2023-10-18T02:52:58.270+0000] {dag.py:3722} INFO - Setting next_dagrun for example_task_group_decorator to 2023-10-17T02:52:58.270261+00:00, run_after=2023-10-18T02:52:58.270261+00:00
[2023-10-18T02:52:58.279+0000] {processor.py:179} INFO - Processing /home/airflow/.local/lib/python3.8/site-packages/airflow/example_dags/example_task_group_decorator.py took 0.048 seconds
[2023-10-18T02:53:28.400+0000] {processor.py:157} INFO - Started process (PID=6224) to work on /home/airflow/.local/lib/python3.8/site-packages/airflow/example_dags/example_task_group_decorator.py
[2023-10-18T02:53:28.401+0000] {processor.py:829} INFO - Processing file /home/airflow/.local/lib/python3.8/site-packages/airflow/example_dags/example_task_group_decorator.py for tasks to queue
[2023-10-18T02:53:28.402+0000] {logging_mixin.py:151} INFO - [2023-10-18T02:53:28.402+0000] {dagbag.py:536} INFO - Filling up the DagBag from /home/airflow/.local/lib/python3.8/site-packages/airflow/example_dags/example_task_group_decorator.py
[2023-10-18T02:53:28.410+0000] {processor.py:839} INFO - DAG(s) dict_keys(['example_task_group_decorator']) retrieved from /home/airflow/.local/lib/python3.8/site-packages/airflow/example_dags/example_task_group_decorator.py
[2023-10-18T02:53:28.427+0000] {logging_mixin.py:151} INFO - [2023-10-18T02:53:28.427+0000] {dag.py:2941} INFO - Sync 1 DAGs
[2023-10-18T02:53:28.440+0000] {logging_mixin.py:151} INFO - [2023-10-18T02:53:28.440+0000] {dag.py:3722} INFO - Setting next_dagrun for example_task_group_decorator to 2023-10-17T02:53:28.440323+00:00, run_after=2023-10-18T02:53:28.440323+00:00
[2023-10-18T02:53:28.450+0000] {processor.py:179} INFO - Processing /home/airflow/.local/lib/python3.8/site-packages/airflow/example_dags/example_task_group_decorator.py took 0.052 seconds
[2023-10-18T02:53:59.385+0000] {processor.py:157} INFO - Started process (PID=6462) to work on /home/airflow/.local/lib/python3.8/site-packages/airflow/example_dags/example_task_group_decorator.py
[2023-10-18T02:53:59.386+0000] {processor.py:829} INFO - Processing file /home/airflow/.local/lib/python3.8/site-packages/airflow/example_dags/example_task_group_decorator.py for tasks to queue
[2023-10-18T02:53:59.386+0000] {logging_mixin.py:151} INFO - [2023-10-18T02:53:59.386+0000] {dagbag.py:536} INFO - Filling up the DagBag from /home/airflow/.local/lib/python3.8/site-packages/airflow/example_dags/example_task_group_decorator.py
[2023-10-18T02:53:59.395+0000] {processor.py:839} INFO - DAG(s) dict_keys(['example_task_group_decorator']) retrieved from /home/airflow/.local/lib/python3.8/site-packages/airflow/example_dags/example_task_group_decorator.py
[2023-10-18T02:53:59.410+0000] {logging_mixin.py:151} INFO - [2023-10-18T02:53:59.410+0000] {dag.py:2941} INFO - Sync 1 DAGs
[2023-10-18T02:53:59.422+0000] {logging_mixin.py:151} INFO - [2023-10-18T02:53:59.422+0000] {dag.py:3722} INFO - Setting next_dagrun for example_task_group_decorator to 2023-10-17T02:53:59.422345+00:00, run_after=2023-10-18T02:53:59.422345+00:00
[2023-10-18T02:53:59.432+0000] {processor.py:179} INFO - Processing /home/airflow/.local/lib/python3.8/site-packages/airflow/example_dags/example_task_group_decorator.py took 0.050 seconds
