[2023-10-18T02:40:50.681+0000] {processor.py:157} INFO - Started process (PID=181) to work on /home/airflow/.local/lib/python3.8/site-packages/airflow/example_dags/tutorial_taskflow_api.py
[2023-10-18T02:40:50.682+0000] {processor.py:829} INFO - Processing file /home/airflow/.local/lib/python3.8/site-packages/airflow/example_dags/tutorial_taskflow_api.py for tasks to queue
[2023-10-18T02:40:50.683+0000] {logging_mixin.py:151} INFO - [2023-10-18T02:40:50.682+0000] {dagbag.py:536} INFO - Filling up the DagBag from /home/airflow/.local/lib/python3.8/site-packages/airflow/example_dags/tutorial_taskflow_api.py
[2023-10-18T02:40:50.690+0000] {processor.py:839} INFO - DAG(s) dict_keys(['tutorial_taskflow_api']) retrieved from /home/airflow/.local/lib/python3.8/site-packages/airflow/example_dags/tutorial_taskflow_api.py
[2023-10-18T02:40:50.701+0000] {logging_mixin.py:151} INFO - [2023-10-18T02:40:50.701+0000] {dag.py:2941} INFO - Sync 1 DAGs
[2023-10-18T02:40:50.716+0000] {logging_mixin.py:151} INFO - [2023-10-18T02:40:50.716+0000] {dag.py:3722} INFO - Setting next_dagrun for tutorial_taskflow_api to None, run_after=None
[2023-10-18T02:40:50.727+0000] {processor.py:179} INFO - Processing /home/airflow/.local/lib/python3.8/site-packages/airflow/example_dags/tutorial_taskflow_api.py took 0.048 seconds
[2023-10-18T02:41:21.315+0000] {processor.py:157} INFO - Started process (PID=419) to work on /home/airflow/.local/lib/python3.8/site-packages/airflow/example_dags/tutorial_taskflow_api.py
[2023-10-18T02:41:21.316+0000] {processor.py:829} INFO - Processing file /home/airflow/.local/lib/python3.8/site-packages/airflow/example_dags/tutorial_taskflow_api.py for tasks to queue
[2023-10-18T02:41:21.317+0000] {logging_mixin.py:151} INFO - [2023-10-18T02:41:21.316+0000] {dagbag.py:536} INFO - Filling up the DagBag from /home/airflow/.local/lib/python3.8/site-packages/airflow/example_dags/tutorial_taskflow_api.py
[2023-10-18T02:41:21.321+0000] {processor.py:839} INFO - DAG(s) dict_keys(['tutorial_taskflow_api']) retrieved from /home/airflow/.local/lib/python3.8/site-packages/airflow/example_dags/tutorial_taskflow_api.py
[2023-10-18T02:41:21.335+0000] {logging_mixin.py:151} INFO - [2023-10-18T02:41:21.335+0000] {dag.py:2941} INFO - Sync 1 DAGs
[2023-10-18T02:41:21.342+0000] {logging_mixin.py:151} INFO - [2023-10-18T02:41:21.342+0000] {dag.py:3722} INFO - Setting next_dagrun for tutorial_taskflow_api to None, run_after=None
[2023-10-18T02:41:21.350+0000] {processor.py:179} INFO - Processing /home/airflow/.local/lib/python3.8/site-packages/airflow/example_dags/tutorial_taskflow_api.py took 0.037 seconds
[2023-10-18T02:41:51.563+0000] {processor.py:157} INFO - Started process (PID=659) to work on /home/airflow/.local/lib/python3.8/site-packages/airflow/example_dags/tutorial_taskflow_api.py
[2023-10-18T02:41:51.564+0000] {processor.py:829} INFO - Processing file /home/airflow/.local/lib/python3.8/site-packages/airflow/example_dags/tutorial_taskflow_api.py for tasks to queue
[2023-10-18T02:41:51.564+0000] {logging_mixin.py:151} INFO - [2023-10-18T02:41:51.564+0000] {dagbag.py:536} INFO - Filling up the DagBag from /home/airflow/.local/lib/python3.8/site-packages/airflow/example_dags/tutorial_taskflow_api.py
[2023-10-18T02:41:51.569+0000] {processor.py:839} INFO - DAG(s) dict_keys(['tutorial_taskflow_api']) retrieved from /home/airflow/.local/lib/python3.8/site-packages/airflow/example_dags/tutorial_taskflow_api.py
[2023-10-18T02:41:51.586+0000] {logging_mixin.py:151} INFO - [2023-10-18T02:41:51.586+0000] {dag.py:2941} INFO - Sync 1 DAGs
[2023-10-18T02:41:51.592+0000] {logging_mixin.py:151} INFO - [2023-10-18T02:41:51.592+0000] {dag.py:3722} INFO - Setting next_dagrun for tutorial_taskflow_api to None, run_after=None
[2023-10-18T02:41:51.603+0000] {processor.py:179} INFO - Processing /home/airflow/.local/lib/python3.8/site-packages/airflow/example_dags/tutorial_taskflow_api.py took 0.042 seconds
[2023-10-18T02:42:21.677+0000] {processor.py:157} INFO - Started process (PID=897) to work on /home/airflow/.local/lib/python3.8/site-packages/airflow/example_dags/tutorial_taskflow_api.py
[2023-10-18T02:42:21.677+0000] {processor.py:829} INFO - Processing file /home/airflow/.local/lib/python3.8/site-packages/airflow/example_dags/tutorial_taskflow_api.py for tasks to queue
[2023-10-18T02:42:21.678+0000] {logging_mixin.py:151} INFO - [2023-10-18T02:42:21.678+0000] {dagbag.py:536} INFO - Filling up the DagBag from /home/airflow/.local/lib/python3.8/site-packages/airflow/example_dags/tutorial_taskflow_api.py
[2023-10-18T02:42:21.682+0000] {processor.py:839} INFO - DAG(s) dict_keys(['tutorial_taskflow_api']) retrieved from /home/airflow/.local/lib/python3.8/site-packages/airflow/example_dags/tutorial_taskflow_api.py
[2023-10-18T02:42:21.701+0000] {logging_mixin.py:151} INFO - [2023-10-18T02:42:21.701+0000] {dag.py:2941} INFO - Sync 1 DAGs
[2023-10-18T02:42:21.708+0000] {logging_mixin.py:151} INFO - [2023-10-18T02:42:21.708+0000] {dag.py:3722} INFO - Setting next_dagrun for tutorial_taskflow_api to None, run_after=None
[2023-10-18T02:42:21.717+0000] {processor.py:179} INFO - Processing /home/airflow/.local/lib/python3.8/site-packages/airflow/example_dags/tutorial_taskflow_api.py took 0.042 seconds
[2023-10-18T02:42:52.562+0000] {processor.py:157} INFO - Started process (PID=1181) to work on /home/airflow/.local/lib/python3.8/site-packages/airflow/example_dags/tutorial_taskflow_api.py
[2023-10-18T02:42:52.563+0000] {processor.py:829} INFO - Processing file /home/airflow/.local/lib/python3.8/site-packages/airflow/example_dags/tutorial_taskflow_api.py for tasks to queue
[2023-10-18T02:42:52.563+0000] {logging_mixin.py:151} INFO - [2023-10-18T02:42:52.563+0000] {dagbag.py:536} INFO - Filling up the DagBag from /home/airflow/.local/lib/python3.8/site-packages/airflow/example_dags/tutorial_taskflow_api.py
[2023-10-18T02:42:52.567+0000] {processor.py:839} INFO - DAG(s) dict_keys(['tutorial_taskflow_api']) retrieved from /home/airflow/.local/lib/python3.8/site-packages/airflow/example_dags/tutorial_taskflow_api.py
[2023-10-18T02:42:52.586+0000] {logging_mixin.py:151} INFO - [2023-10-18T02:42:52.586+0000] {dag.py:2941} INFO - Sync 1 DAGs
[2023-10-18T02:42:52.594+0000] {logging_mixin.py:151} INFO - [2023-10-18T02:42:52.594+0000] {dag.py:3722} INFO - Setting next_dagrun for tutorial_taskflow_api to None, run_after=None
[2023-10-18T02:42:52.604+0000] {processor.py:179} INFO - Processing /home/airflow/.local/lib/python3.8/site-packages/airflow/example_dags/tutorial_taskflow_api.py took 0.044 seconds
[2023-10-18T02:43:22.684+0000] {processor.py:157} INFO - Started process (PID=1419) to work on /home/airflow/.local/lib/python3.8/site-packages/airflow/example_dags/tutorial_taskflow_api.py
[2023-10-18T02:43:22.684+0000] {processor.py:829} INFO - Processing file /home/airflow/.local/lib/python3.8/site-packages/airflow/example_dags/tutorial_taskflow_api.py for tasks to queue
[2023-10-18T02:43:22.685+0000] {logging_mixin.py:151} INFO - [2023-10-18T02:43:22.685+0000] {dagbag.py:536} INFO - Filling up the DagBag from /home/airflow/.local/lib/python3.8/site-packages/airflow/example_dags/tutorial_taskflow_api.py
[2023-10-18T02:43:22.689+0000] {processor.py:839} INFO - DAG(s) dict_keys(['tutorial_taskflow_api']) retrieved from /home/airflow/.local/lib/python3.8/site-packages/airflow/example_dags/tutorial_taskflow_api.py
[2023-10-18T02:43:22.705+0000] {logging_mixin.py:151} INFO - [2023-10-18T02:43:22.705+0000] {dag.py:2941} INFO - Sync 1 DAGs
[2023-10-18T02:43:22.712+0000] {logging_mixin.py:151} INFO - [2023-10-18T02:43:22.712+0000] {dag.py:3722} INFO - Setting next_dagrun for tutorial_taskflow_api to None, run_after=None
[2023-10-18T02:43:22.721+0000] {processor.py:179} INFO - Processing /home/airflow/.local/lib/python3.8/site-packages/airflow/example_dags/tutorial_taskflow_api.py took 0.040 seconds
[2023-10-18T02:43:52.893+0000] {processor.py:157} INFO - Started process (PID=1656) to work on /home/airflow/.local/lib/python3.8/site-packages/airflow/example_dags/tutorial_taskflow_api.py
[2023-10-18T02:43:52.893+0000] {processor.py:829} INFO - Processing file /home/airflow/.local/lib/python3.8/site-packages/airflow/example_dags/tutorial_taskflow_api.py for tasks to queue
[2023-10-18T02:43:52.894+0000] {logging_mixin.py:151} INFO - [2023-10-18T02:43:52.894+0000] {dagbag.py:536} INFO - Filling up the DagBag from /home/airflow/.local/lib/python3.8/site-packages/airflow/example_dags/tutorial_taskflow_api.py
[2023-10-18T02:43:52.897+0000] {processor.py:839} INFO - DAG(s) dict_keys(['tutorial_taskflow_api']) retrieved from /home/airflow/.local/lib/python3.8/site-packages/airflow/example_dags/tutorial_taskflow_api.py
[2023-10-18T02:43:52.912+0000] {logging_mixin.py:151} INFO - [2023-10-18T02:43:52.912+0000] {dag.py:2941} INFO - Sync 1 DAGs
[2023-10-18T02:43:52.918+0000] {logging_mixin.py:151} INFO - [2023-10-18T02:43:52.918+0000] {dag.py:3722} INFO - Setting next_dagrun for tutorial_taskflow_api to None, run_after=None
[2023-10-18T02:43:52.927+0000] {processor.py:179} INFO - Processing /home/airflow/.local/lib/python3.8/site-packages/airflow/example_dags/tutorial_taskflow_api.py took 0.037 seconds
[2023-10-18T02:44:23.709+0000] {processor.py:157} INFO - Started process (PID=1895) to work on /home/airflow/.local/lib/python3.8/site-packages/airflow/example_dags/tutorial_taskflow_api.py
[2023-10-18T02:44:23.710+0000] {processor.py:829} INFO - Processing file /home/airflow/.local/lib/python3.8/site-packages/airflow/example_dags/tutorial_taskflow_api.py for tasks to queue
[2023-10-18T02:44:23.710+0000] {logging_mixin.py:151} INFO - [2023-10-18T02:44:23.710+0000] {dagbag.py:536} INFO - Filling up the DagBag from /home/airflow/.local/lib/python3.8/site-packages/airflow/example_dags/tutorial_taskflow_api.py
[2023-10-18T02:44:23.713+0000] {processor.py:839} INFO - DAG(s) dict_keys(['tutorial_taskflow_api']) retrieved from /home/airflow/.local/lib/python3.8/site-packages/airflow/example_dags/tutorial_taskflow_api.py
[2023-10-18T02:44:23.728+0000] {logging_mixin.py:151} INFO - [2023-10-18T02:44:23.728+0000] {dag.py:2941} INFO - Sync 1 DAGs
[2023-10-18T02:44:23.734+0000] {logging_mixin.py:151} INFO - [2023-10-18T02:44:23.734+0000] {dag.py:3722} INFO - Setting next_dagrun for tutorial_taskflow_api to None, run_after=None
[2023-10-18T02:44:23.743+0000] {processor.py:179} INFO - Processing /home/airflow/.local/lib/python3.8/site-packages/airflow/example_dags/tutorial_taskflow_api.py took 0.036 seconds
[2023-10-18T02:44:53.840+0000] {processor.py:157} INFO - Started process (PID=2136) to work on /home/airflow/.local/lib/python3.8/site-packages/airflow/example_dags/tutorial_taskflow_api.py
[2023-10-18T02:44:53.841+0000] {processor.py:829} INFO - Processing file /home/airflow/.local/lib/python3.8/site-packages/airflow/example_dags/tutorial_taskflow_api.py for tasks to queue
[2023-10-18T02:44:53.841+0000] {logging_mixin.py:151} INFO - [2023-10-18T02:44:53.841+0000] {dagbag.py:536} INFO - Filling up the DagBag from /home/airflow/.local/lib/python3.8/site-packages/airflow/example_dags/tutorial_taskflow_api.py
[2023-10-18T02:44:53.845+0000] {processor.py:839} INFO - DAG(s) dict_keys(['tutorial_taskflow_api']) retrieved from /home/airflow/.local/lib/python3.8/site-packages/airflow/example_dags/tutorial_taskflow_api.py
[2023-10-18T02:44:53.860+0000] {logging_mixin.py:151} INFO - [2023-10-18T02:44:53.860+0000] {dag.py:2941} INFO - Sync 1 DAGs
[2023-10-18T02:44:53.867+0000] {logging_mixin.py:151} INFO - [2023-10-18T02:44:53.867+0000] {dag.py:3722} INFO - Setting next_dagrun for tutorial_taskflow_api to None, run_after=None
[2023-10-18T02:44:53.876+0000] {processor.py:179} INFO - Processing /home/airflow/.local/lib/python3.8/site-packages/airflow/example_dags/tutorial_taskflow_api.py took 0.038 seconds
[2023-10-18T02:45:24.053+0000] {processor.py:157} INFO - Started process (PID=2374) to work on /home/airflow/.local/lib/python3.8/site-packages/airflow/example_dags/tutorial_taskflow_api.py
[2023-10-18T02:45:24.054+0000] {processor.py:829} INFO - Processing file /home/airflow/.local/lib/python3.8/site-packages/airflow/example_dags/tutorial_taskflow_api.py for tasks to queue
[2023-10-18T02:45:24.055+0000] {logging_mixin.py:151} INFO - [2023-10-18T02:45:24.054+0000] {dagbag.py:536} INFO - Filling up the DagBag from /home/airflow/.local/lib/python3.8/site-packages/airflow/example_dags/tutorial_taskflow_api.py
[2023-10-18T02:45:24.059+0000] {processor.py:839} INFO - DAG(s) dict_keys(['tutorial_taskflow_api']) retrieved from /home/airflow/.local/lib/python3.8/site-packages/airflow/example_dags/tutorial_taskflow_api.py
[2023-10-18T02:45:24.075+0000] {logging_mixin.py:151} INFO - [2023-10-18T02:45:24.075+0000] {dag.py:2941} INFO - Sync 1 DAGs
[2023-10-18T02:45:24.082+0000] {logging_mixin.py:151} INFO - [2023-10-18T02:45:24.082+0000] {dag.py:3722} INFO - Setting next_dagrun for tutorial_taskflow_api to None, run_after=None
[2023-10-18T02:45:24.092+0000] {processor.py:179} INFO - Processing /home/airflow/.local/lib/python3.8/site-packages/airflow/example_dags/tutorial_taskflow_api.py took 0.042 seconds
[2023-10-18T02:45:54.154+0000] {processor.py:157} INFO - Started process (PID=2612) to work on /home/airflow/.local/lib/python3.8/site-packages/airflow/example_dags/tutorial_taskflow_api.py
[2023-10-18T02:45:54.155+0000] {processor.py:829} INFO - Processing file /home/airflow/.local/lib/python3.8/site-packages/airflow/example_dags/tutorial_taskflow_api.py for tasks to queue
[2023-10-18T02:45:54.155+0000] {logging_mixin.py:151} INFO - [2023-10-18T02:45:54.155+0000] {dagbag.py:536} INFO - Filling up the DagBag from /home/airflow/.local/lib/python3.8/site-packages/airflow/example_dags/tutorial_taskflow_api.py
[2023-10-18T02:45:54.160+0000] {processor.py:839} INFO - DAG(s) dict_keys(['tutorial_taskflow_api']) retrieved from /home/airflow/.local/lib/python3.8/site-packages/airflow/example_dags/tutorial_taskflow_api.py
[2023-10-18T02:45:54.174+0000] {logging_mixin.py:151} INFO - [2023-10-18T02:45:54.174+0000] {dag.py:2941} INFO - Sync 1 DAGs
[2023-10-18T02:45:54.181+0000] {logging_mixin.py:151} INFO - [2023-10-18T02:45:54.181+0000] {dag.py:3722} INFO - Setting next_dagrun for tutorial_taskflow_api to None, run_after=None
[2023-10-18T02:45:54.190+0000] {processor.py:179} INFO - Processing /home/airflow/.local/lib/python3.8/site-packages/airflow/example_dags/tutorial_taskflow_api.py took 0.038 seconds
[2023-10-18T02:46:24.360+0000] {processor.py:157} INFO - Started process (PID=2848) to work on /home/airflow/.local/lib/python3.8/site-packages/airflow/example_dags/tutorial_taskflow_api.py
[2023-10-18T02:46:24.361+0000] {processor.py:829} INFO - Processing file /home/airflow/.local/lib/python3.8/site-packages/airflow/example_dags/tutorial_taskflow_api.py for tasks to queue
[2023-10-18T02:46:24.361+0000] {logging_mixin.py:151} INFO - [2023-10-18T02:46:24.361+0000] {dagbag.py:536} INFO - Filling up the DagBag from /home/airflow/.local/lib/python3.8/site-packages/airflow/example_dags/tutorial_taskflow_api.py
[2023-10-18T02:46:24.365+0000] {processor.py:839} INFO - DAG(s) dict_keys(['tutorial_taskflow_api']) retrieved from /home/airflow/.local/lib/python3.8/site-packages/airflow/example_dags/tutorial_taskflow_api.py
[2023-10-18T02:46:24.380+0000] {logging_mixin.py:151} INFO - [2023-10-18T02:46:24.380+0000] {dag.py:2941} INFO - Sync 1 DAGs
[2023-10-18T02:46:24.386+0000] {logging_mixin.py:151} INFO - [2023-10-18T02:46:24.386+0000] {dag.py:3722} INFO - Setting next_dagrun for tutorial_taskflow_api to None, run_after=None
[2023-10-18T02:46:24.395+0000] {processor.py:179} INFO - Processing /home/airflow/.local/lib/python3.8/site-packages/airflow/example_dags/tutorial_taskflow_api.py took 0.037 seconds
[2023-10-18T02:46:54.534+0000] {processor.py:157} INFO - Started process (PID=3086) to work on /home/airflow/.local/lib/python3.8/site-packages/airflow/example_dags/tutorial_taskflow_api.py
[2023-10-18T02:46:54.535+0000] {processor.py:829} INFO - Processing file /home/airflow/.local/lib/python3.8/site-packages/airflow/example_dags/tutorial_taskflow_api.py for tasks to queue
[2023-10-18T02:46:54.535+0000] {logging_mixin.py:151} INFO - [2023-10-18T02:46:54.535+0000] {dagbag.py:536} INFO - Filling up the DagBag from /home/airflow/.local/lib/python3.8/site-packages/airflow/example_dags/tutorial_taskflow_api.py
[2023-10-18T02:46:54.540+0000] {processor.py:839} INFO - DAG(s) dict_keys(['tutorial_taskflow_api']) retrieved from /home/airflow/.local/lib/python3.8/site-packages/airflow/example_dags/tutorial_taskflow_api.py
[2023-10-18T02:46:54.555+0000] {logging_mixin.py:151} INFO - [2023-10-18T02:46:54.555+0000] {dag.py:2941} INFO - Sync 1 DAGs
[2023-10-18T02:46:54.562+0000] {logging_mixin.py:151} INFO - [2023-10-18T02:46:54.562+0000] {dag.py:3722} INFO - Setting next_dagrun for tutorial_taskflow_api to None, run_after=None
[2023-10-18T02:46:54.571+0000] {processor.py:179} INFO - Processing /home/airflow/.local/lib/python3.8/site-packages/airflow/example_dags/tutorial_taskflow_api.py took 0.040 seconds
[2023-10-18T02:47:25.400+0000] {processor.py:157} INFO - Started process (PID=3324) to work on /home/airflow/.local/lib/python3.8/site-packages/airflow/example_dags/tutorial_taskflow_api.py
[2023-10-18T02:47:25.400+0000] {processor.py:829} INFO - Processing file /home/airflow/.local/lib/python3.8/site-packages/airflow/example_dags/tutorial_taskflow_api.py for tasks to queue
[2023-10-18T02:47:25.401+0000] {logging_mixin.py:151} INFO - [2023-10-18T02:47:25.401+0000] {dagbag.py:536} INFO - Filling up the DagBag from /home/airflow/.local/lib/python3.8/site-packages/airflow/example_dags/tutorial_taskflow_api.py
[2023-10-18T02:47:25.405+0000] {processor.py:839} INFO - DAG(s) dict_keys(['tutorial_taskflow_api']) retrieved from /home/airflow/.local/lib/python3.8/site-packages/airflow/example_dags/tutorial_taskflow_api.py
[2023-10-18T02:47:25.419+0000] {logging_mixin.py:151} INFO - [2023-10-18T02:47:25.419+0000] {dag.py:2941} INFO - Sync 1 DAGs
[2023-10-18T02:47:25.426+0000] {logging_mixin.py:151} INFO - [2023-10-18T02:47:25.426+0000] {dag.py:3722} INFO - Setting next_dagrun for tutorial_taskflow_api to None, run_after=None
[2023-10-18T02:47:25.434+0000] {processor.py:179} INFO - Processing /home/airflow/.local/lib/python3.8/site-packages/airflow/example_dags/tutorial_taskflow_api.py took 0.037 seconds
[2023-10-18T02:47:55.571+0000] {processor.py:157} INFO - Started process (PID=3562) to work on /home/airflow/.local/lib/python3.8/site-packages/airflow/example_dags/tutorial_taskflow_api.py
[2023-10-18T02:47:55.571+0000] {processor.py:829} INFO - Processing file /home/airflow/.local/lib/python3.8/site-packages/airflow/example_dags/tutorial_taskflow_api.py for tasks to queue
[2023-10-18T02:47:55.572+0000] {logging_mixin.py:151} INFO - [2023-10-18T02:47:55.572+0000] {dagbag.py:536} INFO - Filling up the DagBag from /home/airflow/.local/lib/python3.8/site-packages/airflow/example_dags/tutorial_taskflow_api.py
[2023-10-18T02:47:55.576+0000] {processor.py:839} INFO - DAG(s) dict_keys(['tutorial_taskflow_api']) retrieved from /home/airflow/.local/lib/python3.8/site-packages/airflow/example_dags/tutorial_taskflow_api.py
[2023-10-18T02:47:55.592+0000] {logging_mixin.py:151} INFO - [2023-10-18T02:47:55.592+0000] {dag.py:2941} INFO - Sync 1 DAGs
[2023-10-18T02:47:55.599+0000] {logging_mixin.py:151} INFO - [2023-10-18T02:47:55.599+0000] {dag.py:3722} INFO - Setting next_dagrun for tutorial_taskflow_api to None, run_after=None
[2023-10-18T02:47:55.608+0000] {processor.py:179} INFO - Processing /home/airflow/.local/lib/python3.8/site-packages/airflow/example_dags/tutorial_taskflow_api.py took 0.040 seconds
[2023-10-18T02:48:25.791+0000] {processor.py:157} INFO - Started process (PID=3802) to work on /home/airflow/.local/lib/python3.8/site-packages/airflow/example_dags/tutorial_taskflow_api.py
[2023-10-18T02:48:25.792+0000] {processor.py:829} INFO - Processing file /home/airflow/.local/lib/python3.8/site-packages/airflow/example_dags/tutorial_taskflow_api.py for tasks to queue
[2023-10-18T02:48:25.793+0000] {logging_mixin.py:151} INFO - [2023-10-18T02:48:25.792+0000] {dagbag.py:536} INFO - Filling up the DagBag from /home/airflow/.local/lib/python3.8/site-packages/airflow/example_dags/tutorial_taskflow_api.py
[2023-10-18T02:48:25.797+0000] {processor.py:839} INFO - DAG(s) dict_keys(['tutorial_taskflow_api']) retrieved from /home/airflow/.local/lib/python3.8/site-packages/airflow/example_dags/tutorial_taskflow_api.py
[2023-10-18T02:48:25.813+0000] {logging_mixin.py:151} INFO - [2023-10-18T02:48:25.813+0000] {dag.py:2941} INFO - Sync 1 DAGs
[2023-10-18T02:48:25.819+0000] {logging_mixin.py:151} INFO - [2023-10-18T02:48:25.819+0000] {dag.py:3722} INFO - Setting next_dagrun for tutorial_taskflow_api to None, run_after=None
[2023-10-18T02:48:25.829+0000] {processor.py:179} INFO - Processing /home/airflow/.local/lib/python3.8/site-packages/airflow/example_dags/tutorial_taskflow_api.py took 0.039 seconds
[2023-10-18T02:48:55.908+0000] {processor.py:157} INFO - Started process (PID=4038) to work on /home/airflow/.local/lib/python3.8/site-packages/airflow/example_dags/tutorial_taskflow_api.py
[2023-10-18T02:48:55.908+0000] {processor.py:829} INFO - Processing file /home/airflow/.local/lib/python3.8/site-packages/airflow/example_dags/tutorial_taskflow_api.py for tasks to queue
[2023-10-18T02:48:55.909+0000] {logging_mixin.py:151} INFO - [2023-10-18T02:48:55.909+0000] {dagbag.py:536} INFO - Filling up the DagBag from /home/airflow/.local/lib/python3.8/site-packages/airflow/example_dags/tutorial_taskflow_api.py
[2023-10-18T02:48:55.912+0000] {processor.py:839} INFO - DAG(s) dict_keys(['tutorial_taskflow_api']) retrieved from /home/airflow/.local/lib/python3.8/site-packages/airflow/example_dags/tutorial_taskflow_api.py
[2023-10-18T02:48:55.927+0000] {logging_mixin.py:151} INFO - [2023-10-18T02:48:55.927+0000] {dag.py:2941} INFO - Sync 1 DAGs
[2023-10-18T02:48:55.934+0000] {logging_mixin.py:151} INFO - [2023-10-18T02:48:55.934+0000] {dag.py:3722} INFO - Setting next_dagrun for tutorial_taskflow_api to None, run_after=None
[2023-10-18T02:48:55.943+0000] {processor.py:179} INFO - Processing /home/airflow/.local/lib/python3.8/site-packages/airflow/example_dags/tutorial_taskflow_api.py took 0.037 seconds
[2023-10-18T02:49:26.052+0000] {processor.py:157} INFO - Started process (PID=4276) to work on /home/airflow/.local/lib/python3.8/site-packages/airflow/example_dags/tutorial_taskflow_api.py
[2023-10-18T02:49:26.053+0000] {processor.py:829} INFO - Processing file /home/airflow/.local/lib/python3.8/site-packages/airflow/example_dags/tutorial_taskflow_api.py for tasks to queue
[2023-10-18T02:49:26.053+0000] {logging_mixin.py:151} INFO - [2023-10-18T02:49:26.053+0000] {dagbag.py:536} INFO - Filling up the DagBag from /home/airflow/.local/lib/python3.8/site-packages/airflow/example_dags/tutorial_taskflow_api.py
[2023-10-18T02:49:26.057+0000] {processor.py:839} INFO - DAG(s) dict_keys(['tutorial_taskflow_api']) retrieved from /home/airflow/.local/lib/python3.8/site-packages/airflow/example_dags/tutorial_taskflow_api.py
[2023-10-18T02:49:26.073+0000] {logging_mixin.py:151} INFO - [2023-10-18T02:49:26.073+0000] {dag.py:2941} INFO - Sync 1 DAGs
[2023-10-18T02:49:26.079+0000] {logging_mixin.py:151} INFO - [2023-10-18T02:49:26.079+0000] {dag.py:3722} INFO - Setting next_dagrun for tutorial_taskflow_api to None, run_after=None
[2023-10-18T02:49:26.088+0000] {processor.py:179} INFO - Processing /home/airflow/.local/lib/python3.8/site-packages/airflow/example_dags/tutorial_taskflow_api.py took 0.038 seconds
[2023-10-18T02:49:56.148+0000] {processor.py:157} INFO - Started process (PID=4514) to work on /home/airflow/.local/lib/python3.8/site-packages/airflow/example_dags/tutorial_taskflow_api.py
[2023-10-18T02:49:56.148+0000] {processor.py:829} INFO - Processing file /home/airflow/.local/lib/python3.8/site-packages/airflow/example_dags/tutorial_taskflow_api.py for tasks to queue
[2023-10-18T02:49:56.149+0000] {logging_mixin.py:151} INFO - [2023-10-18T02:49:56.149+0000] {dagbag.py:536} INFO - Filling up the DagBag from /home/airflow/.local/lib/python3.8/site-packages/airflow/example_dags/tutorial_taskflow_api.py
[2023-10-18T02:49:56.153+0000] {processor.py:839} INFO - DAG(s) dict_keys(['tutorial_taskflow_api']) retrieved from /home/airflow/.local/lib/python3.8/site-packages/airflow/example_dags/tutorial_taskflow_api.py
[2023-10-18T02:49:56.168+0000] {logging_mixin.py:151} INFO - [2023-10-18T02:49:56.168+0000] {dag.py:2941} INFO - Sync 1 DAGs
[2023-10-18T02:49:56.175+0000] {logging_mixin.py:151} INFO - [2023-10-18T02:49:56.175+0000] {dag.py:3722} INFO - Setting next_dagrun for tutorial_taskflow_api to None, run_after=None
[2023-10-18T02:49:56.183+0000] {processor.py:179} INFO - Processing /home/airflow/.local/lib/python3.8/site-packages/airflow/example_dags/tutorial_taskflow_api.py took 0.038 seconds
[2023-10-18T02:50:26.336+0000] {processor.py:157} INFO - Started process (PID=4753) to work on /home/airflow/.local/lib/python3.8/site-packages/airflow/example_dags/tutorial_taskflow_api.py
[2023-10-18T02:50:26.336+0000] {processor.py:829} INFO - Processing file /home/airflow/.local/lib/python3.8/site-packages/airflow/example_dags/tutorial_taskflow_api.py for tasks to queue
[2023-10-18T02:50:26.337+0000] {logging_mixin.py:151} INFO - [2023-10-18T02:50:26.337+0000] {dagbag.py:536} INFO - Filling up the DagBag from /home/airflow/.local/lib/python3.8/site-packages/airflow/example_dags/tutorial_taskflow_api.py
[2023-10-18T02:50:26.341+0000] {processor.py:839} INFO - DAG(s) dict_keys(['tutorial_taskflow_api']) retrieved from /home/airflow/.local/lib/python3.8/site-packages/airflow/example_dags/tutorial_taskflow_api.py
[2023-10-18T02:50:26.357+0000] {logging_mixin.py:151} INFO - [2023-10-18T02:50:26.357+0000] {dag.py:2941} INFO - Sync 1 DAGs
[2023-10-18T02:50:26.364+0000] {logging_mixin.py:151} INFO - [2023-10-18T02:50:26.364+0000] {dag.py:3722} INFO - Setting next_dagrun for tutorial_taskflow_api to None, run_after=None
[2023-10-18T02:50:26.374+0000] {processor.py:179} INFO - Processing /home/airflow/.local/lib/python3.8/site-packages/airflow/example_dags/tutorial_taskflow_api.py took 0.040 seconds
[2023-10-18T02:50:56.462+0000] {processor.py:157} INFO - Started process (PID=4991) to work on /home/airflow/.local/lib/python3.8/site-packages/airflow/example_dags/tutorial_taskflow_api.py
[2023-10-18T02:50:56.462+0000] {processor.py:829} INFO - Processing file /home/airflow/.local/lib/python3.8/site-packages/airflow/example_dags/tutorial_taskflow_api.py for tasks to queue
[2023-10-18T02:50:56.463+0000] {logging_mixin.py:151} INFO - [2023-10-18T02:50:56.463+0000] {dagbag.py:536} INFO - Filling up the DagBag from /home/airflow/.local/lib/python3.8/site-packages/airflow/example_dags/tutorial_taskflow_api.py
[2023-10-18T02:50:56.466+0000] {processor.py:839} INFO - DAG(s) dict_keys(['tutorial_taskflow_api']) retrieved from /home/airflow/.local/lib/python3.8/site-packages/airflow/example_dags/tutorial_taskflow_api.py
[2023-10-18T02:50:56.481+0000] {logging_mixin.py:151} INFO - [2023-10-18T02:50:56.481+0000] {dag.py:2941} INFO - Sync 1 DAGs
[2023-10-18T02:50:56.488+0000] {logging_mixin.py:151} INFO - [2023-10-18T02:50:56.488+0000] {dag.py:3722} INFO - Setting next_dagrun for tutorial_taskflow_api to None, run_after=None
[2023-10-18T02:50:56.497+0000] {processor.py:179} INFO - Processing /home/airflow/.local/lib/python3.8/site-packages/airflow/example_dags/tutorial_taskflow_api.py took 0.037 seconds
[2023-10-18T02:51:26.696+0000] {processor.py:157} INFO - Started process (PID=5229) to work on /home/airflow/.local/lib/python3.8/site-packages/airflow/example_dags/tutorial_taskflow_api.py
[2023-10-18T02:51:26.696+0000] {processor.py:829} INFO - Processing file /home/airflow/.local/lib/python3.8/site-packages/airflow/example_dags/tutorial_taskflow_api.py for tasks to queue
[2023-10-18T02:51:26.697+0000] {logging_mixin.py:151} INFO - [2023-10-18T02:51:26.696+0000] {dagbag.py:536} INFO - Filling up the DagBag from /home/airflow/.local/lib/python3.8/site-packages/airflow/example_dags/tutorial_taskflow_api.py
[2023-10-18T02:51:26.701+0000] {processor.py:839} INFO - DAG(s) dict_keys(['tutorial_taskflow_api']) retrieved from /home/airflow/.local/lib/python3.8/site-packages/airflow/example_dags/tutorial_taskflow_api.py
[2023-10-18T02:51:26.716+0000] {logging_mixin.py:151} INFO - [2023-10-18T02:51:26.716+0000] {dag.py:2941} INFO - Sync 1 DAGs
[2023-10-18T02:51:26.722+0000] {logging_mixin.py:151} INFO - [2023-10-18T02:51:26.722+0000] {dag.py:3722} INFO - Setting next_dagrun for tutorial_taskflow_api to None, run_after=None
[2023-10-18T02:51:26.732+0000] {processor.py:179} INFO - Processing /home/airflow/.local/lib/python3.8/site-packages/airflow/example_dags/tutorial_taskflow_api.py took 0.039 seconds
[2023-10-18T02:51:56.865+0000] {processor.py:157} INFO - Started process (PID=5466) to work on /home/airflow/.local/lib/python3.8/site-packages/airflow/example_dags/tutorial_taskflow_api.py
[2023-10-18T02:51:56.866+0000] {processor.py:829} INFO - Processing file /home/airflow/.local/lib/python3.8/site-packages/airflow/example_dags/tutorial_taskflow_api.py for tasks to queue
[2023-10-18T02:51:56.866+0000] {logging_mixin.py:151} INFO - [2023-10-18T02:51:56.866+0000] {dagbag.py:536} INFO - Filling up the DagBag from /home/airflow/.local/lib/python3.8/site-packages/airflow/example_dags/tutorial_taskflow_api.py
[2023-10-18T02:51:56.870+0000] {processor.py:839} INFO - DAG(s) dict_keys(['tutorial_taskflow_api']) retrieved from /home/airflow/.local/lib/python3.8/site-packages/airflow/example_dags/tutorial_taskflow_api.py
[2023-10-18T02:51:56.888+0000] {logging_mixin.py:151} INFO - [2023-10-18T02:51:56.888+0000] {dag.py:2941} INFO - Sync 1 DAGs
[2023-10-18T02:51:56.895+0000] {logging_mixin.py:151} INFO - [2023-10-18T02:51:56.895+0000] {dag.py:3722} INFO - Setting next_dagrun for tutorial_taskflow_api to None, run_after=None
[2023-10-18T02:51:56.904+0000] {processor.py:179} INFO - Processing /home/airflow/.local/lib/python3.8/site-packages/airflow/example_dags/tutorial_taskflow_api.py took 0.042 seconds
[2023-10-18T02:52:27.745+0000] {processor.py:157} INFO - Started process (PID=5703) to work on /home/airflow/.local/lib/python3.8/site-packages/airflow/example_dags/tutorial_taskflow_api.py
[2023-10-18T02:52:27.746+0000] {processor.py:829} INFO - Processing file /home/airflow/.local/lib/python3.8/site-packages/airflow/example_dags/tutorial_taskflow_api.py for tasks to queue
[2023-10-18T02:52:27.747+0000] {logging_mixin.py:151} INFO - [2023-10-18T02:52:27.746+0000] {dagbag.py:536} INFO - Filling up the DagBag from /home/airflow/.local/lib/python3.8/site-packages/airflow/example_dags/tutorial_taskflow_api.py
[2023-10-18T02:52:27.751+0000] {processor.py:839} INFO - DAG(s) dict_keys(['tutorial_taskflow_api']) retrieved from /home/airflow/.local/lib/python3.8/site-packages/airflow/example_dags/tutorial_taskflow_api.py
[2023-10-18T02:52:27.767+0000] {logging_mixin.py:151} INFO - [2023-10-18T02:52:27.767+0000] {dag.py:2941} INFO - Sync 1 DAGs
[2023-10-18T02:52:27.774+0000] {logging_mixin.py:151} INFO - [2023-10-18T02:52:27.774+0000] {dag.py:3722} INFO - Setting next_dagrun for tutorial_taskflow_api to None, run_after=None
[2023-10-18T02:52:27.783+0000] {processor.py:179} INFO - Processing /home/airflow/.local/lib/python3.8/site-packages/airflow/example_dags/tutorial_taskflow_api.py took 0.040 seconds
[2023-10-18T02:52:57.961+0000] {processor.py:157} INFO - Started process (PID=5941) to work on /home/airflow/.local/lib/python3.8/site-packages/airflow/example_dags/tutorial_taskflow_api.py
[2023-10-18T02:52:57.962+0000] {processor.py:829} INFO - Processing file /home/airflow/.local/lib/python3.8/site-packages/airflow/example_dags/tutorial_taskflow_api.py for tasks to queue
[2023-10-18T02:52:57.962+0000] {logging_mixin.py:151} INFO - [2023-10-18T02:52:57.962+0000] {dagbag.py:536} INFO - Filling up the DagBag from /home/airflow/.local/lib/python3.8/site-packages/airflow/example_dags/tutorial_taskflow_api.py
[2023-10-18T02:52:57.966+0000] {processor.py:839} INFO - DAG(s) dict_keys(['tutorial_taskflow_api']) retrieved from /home/airflow/.local/lib/python3.8/site-packages/airflow/example_dags/tutorial_taskflow_api.py
[2023-10-18T02:52:57.984+0000] {logging_mixin.py:151} INFO - [2023-10-18T02:52:57.984+0000] {dag.py:2941} INFO - Sync 1 DAGs
[2023-10-18T02:52:57.992+0000] {logging_mixin.py:151} INFO - [2023-10-18T02:52:57.992+0000] {dag.py:3722} INFO - Setting next_dagrun for tutorial_taskflow_api to None, run_after=None
[2023-10-18T02:52:58.001+0000] {processor.py:179} INFO - Processing /home/airflow/.local/lib/python3.8/site-packages/airflow/example_dags/tutorial_taskflow_api.py took 0.042 seconds
[2023-10-18T02:53:28.119+0000] {processor.py:157} INFO - Started process (PID=6179) to work on /home/airflow/.local/lib/python3.8/site-packages/airflow/example_dags/tutorial_taskflow_api.py
[2023-10-18T02:53:28.120+0000] {processor.py:829} INFO - Processing file /home/airflow/.local/lib/python3.8/site-packages/airflow/example_dags/tutorial_taskflow_api.py for tasks to queue
[2023-10-18T02:53:28.121+0000] {logging_mixin.py:151} INFO - [2023-10-18T02:53:28.120+0000] {dagbag.py:536} INFO - Filling up the DagBag from /home/airflow/.local/lib/python3.8/site-packages/airflow/example_dags/tutorial_taskflow_api.py
[2023-10-18T02:53:28.125+0000] {processor.py:839} INFO - DAG(s) dict_keys(['tutorial_taskflow_api']) retrieved from /home/airflow/.local/lib/python3.8/site-packages/airflow/example_dags/tutorial_taskflow_api.py
[2023-10-18T02:53:28.140+0000] {logging_mixin.py:151} INFO - [2023-10-18T02:53:28.140+0000] {dag.py:2941} INFO - Sync 1 DAGs
[2023-10-18T02:53:28.148+0000] {logging_mixin.py:151} INFO - [2023-10-18T02:53:28.148+0000] {dag.py:3722} INFO - Setting next_dagrun for tutorial_taskflow_api to None, run_after=None
[2023-10-18T02:53:28.157+0000] {processor.py:179} INFO - Processing /home/airflow/.local/lib/python3.8/site-packages/airflow/example_dags/tutorial_taskflow_api.py took 0.041 seconds
