[2023-10-18T03:00:02.627+0000] {processor.py:157} INFO - Started process (PID=233) to work on /opt/airflow/dags/our_first_dag.py
[2023-10-18T03:00:02.628+0000] {processor.py:829} INFO - Processing file /opt/airflow/dags/our_first_dag.py for tasks to queue
[2023-10-18T03:00:02.629+0000] {logging_mixin.py:151} INFO - [2023-10-18T03:00:02.628+0000] {dagbag.py:536} INFO - Filling up the DagBag from /opt/airflow/dags/our_first_dag.py
[2023-10-18T03:00:02.636+0000] {processor.py:841} WARNING - No viable dags retrieved from /opt/airflow/dags/our_first_dag.py
[2023-10-18T03:00:02.650+0000] {processor.py:179} INFO - Processing /opt/airflow/dags/our_first_dag.py took 0.025 seconds
[2023-10-18T03:00:32.983+0000] {processor.py:157} INFO - Started process (PID=244) to work on /opt/airflow/dags/our_first_dag.py
[2023-10-18T03:00:32.984+0000] {processor.py:829} INFO - Processing file /opt/airflow/dags/our_first_dag.py for tasks to queue
[2023-10-18T03:00:32.985+0000] {logging_mixin.py:151} INFO - [2023-10-18T03:00:32.985+0000] {dagbag.py:536} INFO - Filling up the DagBag from /opt/airflow/dags/our_first_dag.py
[2023-10-18T03:00:32.990+0000] {processor.py:841} WARNING - No viable dags retrieved from /opt/airflow/dags/our_first_dag.py
[2023-10-18T03:00:33.006+0000] {processor.py:179} INFO - Processing /opt/airflow/dags/our_first_dag.py took 0.027 seconds
[2023-10-18T03:01:03.301+0000] {processor.py:157} INFO - Started process (PID=256) to work on /opt/airflow/dags/our_first_dag.py
[2023-10-18T03:01:03.302+0000] {processor.py:829} INFO - Processing file /opt/airflow/dags/our_first_dag.py for tasks to queue
[2023-10-18T03:01:03.303+0000] {logging_mixin.py:151} INFO - [2023-10-18T03:01:03.303+0000] {dagbag.py:536} INFO - Filling up the DagBag from /opt/airflow/dags/our_first_dag.py
[2023-10-18T03:01:03.306+0000] {processor.py:841} WARNING - No viable dags retrieved from /opt/airflow/dags/our_first_dag.py
[2023-10-18T03:01:03.321+0000] {processor.py:179} INFO - Processing /opt/airflow/dags/our_first_dag.py took 0.025 seconds
[2023-10-18T03:01:33.677+0000] {processor.py:157} INFO - Started process (PID=268) to work on /opt/airflow/dags/our_first_dag.py
[2023-10-18T03:01:33.679+0000] {processor.py:829} INFO - Processing file /opt/airflow/dags/our_first_dag.py for tasks to queue
[2023-10-18T03:01:33.680+0000] {logging_mixin.py:151} INFO - [2023-10-18T03:01:33.679+0000] {dagbag.py:536} INFO - Filling up the DagBag from /opt/airflow/dags/our_first_dag.py
[2023-10-18T03:01:33.684+0000] {processor.py:841} WARNING - No viable dags retrieved from /opt/airflow/dags/our_first_dag.py
[2023-10-18T03:01:33.702+0000] {processor.py:179} INFO - Processing /opt/airflow/dags/our_first_dag.py took 0.028 seconds
[2023-10-18T03:02:03.007+0000] {processor.py:157} INFO - Started process (PID=280) to work on /opt/airflow/dags/our_first_dag.py
[2023-10-18T03:02:03.007+0000] {processor.py:829} INFO - Processing file /opt/airflow/dags/our_first_dag.py for tasks to queue
[2023-10-18T03:02:03.008+0000] {logging_mixin.py:151} INFO - [2023-10-18T03:02:03.008+0000] {dagbag.py:536} INFO - Filling up the DagBag from /opt/airflow/dags/our_first_dag.py
[2023-10-18T03:02:03.012+0000] {processor.py:841} WARNING - No viable dags retrieved from /opt/airflow/dags/our_first_dag.py
[2023-10-18T03:02:03.024+0000] {processor.py:179} INFO - Processing /opt/airflow/dags/our_first_dag.py took 0.019 seconds
[2023-10-18T03:02:33.345+0000] {processor.py:157} INFO - Started process (PID=292) to work on /opt/airflow/dags/our_first_dag.py
[2023-10-18T03:02:33.346+0000] {processor.py:829} INFO - Processing file /opt/airflow/dags/our_first_dag.py for tasks to queue
[2023-10-18T03:02:33.347+0000] {logging_mixin.py:151} INFO - [2023-10-18T03:02:33.347+0000] {dagbag.py:536} INFO - Filling up the DagBag from /opt/airflow/dags/our_first_dag.py
[2023-10-18T03:02:33.351+0000] {processor.py:841} WARNING - No viable dags retrieved from /opt/airflow/dags/our_first_dag.py
[2023-10-18T03:02:33.365+0000] {processor.py:179} INFO - Processing /opt/airflow/dags/our_first_dag.py took 0.024 seconds
[2023-10-18T03:03:03.691+0000] {processor.py:157} INFO - Started process (PID=304) to work on /opt/airflow/dags/our_first_dag.py
[2023-10-18T03:03:03.692+0000] {processor.py:829} INFO - Processing file /opt/airflow/dags/our_first_dag.py for tasks to queue
[2023-10-18T03:03:03.693+0000] {logging_mixin.py:151} INFO - [2023-10-18T03:03:03.693+0000] {dagbag.py:536} INFO - Filling up the DagBag from /opt/airflow/dags/our_first_dag.py
[2023-10-18T03:03:03.697+0000] {processor.py:841} WARNING - No viable dags retrieved from /opt/airflow/dags/our_first_dag.py
[2023-10-18T03:03:03.712+0000] {processor.py:179} INFO - Processing /opt/airflow/dags/our_first_dag.py took 0.024 seconds
[2023-10-18T03:03:09.787+0000] {processor.py:157} INFO - Started process (PID=309) to work on /opt/airflow/dags/our_first_dag.py
[2023-10-18T03:03:09.788+0000] {processor.py:829} INFO - Processing file /opt/airflow/dags/our_first_dag.py for tasks to queue
[2023-10-18T03:03:09.789+0000] {logging_mixin.py:151} INFO - [2023-10-18T03:03:09.789+0000] {dagbag.py:536} INFO - Filling up the DagBag from /opt/airflow/dags/our_first_dag.py
[2023-10-18T03:03:09.810+0000] {processor.py:839} INFO - DAG(s) dict_keys(['our_first_dag_v5']) retrieved from /opt/airflow/dags/our_first_dag.py
[2023-10-18T03:03:09.921+0000] {logging_mixin.py:151} INFO - [2023-10-18T03:03:09.921+0000] {manager.py:499} INFO - Created Permission View: %s
[2023-10-18T03:03:09.926+0000] {logging_mixin.py:151} INFO - [2023-10-18T03:03:09.925+0000] {manager.py:499} INFO - Created Permission View: %s
[2023-10-18T03:03:09.928+0000] {logging_mixin.py:151} INFO - [2023-10-18T03:03:09.928+0000] {manager.py:499} INFO - Created Permission View: %s
[2023-10-18T03:03:09.928+0000] {logging_mixin.py:151} INFO - [2023-10-18T03:03:09.928+0000] {dag.py:2941} INFO - Sync 1 DAGs
[2023-10-18T03:03:09.933+0000] {logging_mixin.py:151} INFO - [2023-10-18T03:03:09.933+0000] {dag.py:2963} INFO - Creating ORM DAG for our_first_dag_v5
[2023-10-18T03:03:09.938+0000] {logging_mixin.py:151} INFO - [2023-10-18T03:03:09.938+0000] {dag.py:3722} INFO - Setting next_dagrun for our_first_dag_v5 to 2023-10-18T00:00:00+00:00, run_after=2023-10-19T00:00:00+00:00
[2023-10-18T03:03:09.945+0000] {processor.py:179} INFO - Processing /opt/airflow/dags/our_first_dag.py took 0.160 seconds
[2023-10-18T03:03:36.070+0000] {processor.py:157} INFO - Started process (PID=321) to work on /opt/airflow/dags/our_first_dag.py
[2023-10-18T03:03:36.071+0000] {processor.py:829} INFO - Processing file /opt/airflow/dags/our_first_dag.py for tasks to queue
[2023-10-18T03:03:36.071+0000] {logging_mixin.py:151} INFO - [2023-10-18T03:03:36.071+0000] {dagbag.py:536} INFO - Filling up the DagBag from /opt/airflow/dags/our_first_dag.py
[2023-10-18T03:03:36.082+0000] {processor.py:839} INFO - DAG(s) dict_keys(['our_first_dag_v5']) retrieved from /opt/airflow/dags/our_first_dag.py
[2023-10-18T03:03:36.096+0000] {logging_mixin.py:151} INFO - [2023-10-18T03:03:36.096+0000] {dag.py:2941} INFO - Sync 1 DAGs
[2023-10-18T03:03:36.111+0000] {logging_mixin.py:151} INFO - [2023-10-18T03:03:36.111+0000] {dag.py:3722} INFO - Setting next_dagrun for our_first_dag_v5 to 2023-10-18T00:00:00+00:00, run_after=2023-10-19T00:00:00+00:00
[2023-10-18T03:03:36.121+0000] {processor.py:179} INFO - Processing /opt/airflow/dags/our_first_dag.py took 0.054 seconds
[2023-10-18T03:03:42.143+0000] {processor.py:157} INFO - Started process (PID=326) to work on /opt/airflow/dags/our_first_dag.py
[2023-10-18T03:03:42.144+0000] {processor.py:829} INFO - Processing file /opt/airflow/dags/our_first_dag.py for tasks to queue
[2023-10-18T03:03:42.145+0000] {logging_mixin.py:151} INFO - [2023-10-18T03:03:42.144+0000] {dagbag.py:536} INFO - Filling up the DagBag from /opt/airflow/dags/our_first_dag.py
[2023-10-18T03:03:42.157+0000] {processor.py:839} INFO - DAG(s) dict_keys(['our_first_dag_v1']) retrieved from /opt/airflow/dags/our_first_dag.py
[2023-10-18T03:03:42.222+0000] {logging_mixin.py:151} INFO - [2023-10-18T03:03:42.222+0000] {manager.py:499} INFO - Created Permission View: %s
[2023-10-18T03:03:42.226+0000] {logging_mixin.py:151} INFO - [2023-10-18T03:03:42.226+0000] {manager.py:499} INFO - Created Permission View: %s
[2023-10-18T03:03:42.229+0000] {logging_mixin.py:151} INFO - [2023-10-18T03:03:42.229+0000] {manager.py:499} INFO - Created Permission View: %s
[2023-10-18T03:03:42.230+0000] {logging_mixin.py:151} INFO - [2023-10-18T03:03:42.230+0000] {dag.py:2941} INFO - Sync 1 DAGs
[2023-10-18T03:03:42.234+0000] {logging_mixin.py:151} INFO - [2023-10-18T03:03:42.234+0000] {dag.py:2963} INFO - Creating ORM DAG for our_first_dag_v1
[2023-10-18T03:03:42.239+0000] {logging_mixin.py:151} INFO - [2023-10-18T03:03:42.239+0000] {dag.py:3722} INFO - Setting next_dagrun for our_first_dag_v1 to 2023-10-18T00:00:00+00:00, run_after=2023-10-19T00:00:00+00:00
[2023-10-18T03:03:42.246+0000] {processor.py:179} INFO - Processing /opt/airflow/dags/our_first_dag.py took 0.108 seconds
[2023-10-18T03:04:12.515+0000] {processor.py:157} INFO - Started process (PID=341) to work on /opt/airflow/dags/our_first_dag.py
[2023-10-18T03:04:12.516+0000] {processor.py:829} INFO - Processing file /opt/airflow/dags/our_first_dag.py for tasks to queue
[2023-10-18T03:04:12.516+0000] {logging_mixin.py:151} INFO - [2023-10-18T03:04:12.516+0000] {dagbag.py:536} INFO - Filling up the DagBag from /opt/airflow/dags/our_first_dag.py
[2023-10-18T03:04:12.525+0000] {processor.py:839} INFO - DAG(s) dict_keys(['our_first_dag_v1']) retrieved from /opt/airflow/dags/our_first_dag.py
[2023-10-18T03:04:12.544+0000] {logging_mixin.py:151} INFO - [2023-10-18T03:04:12.544+0000] {dag.py:2941} INFO - Sync 1 DAGs
[2023-10-18T03:04:12.558+0000] {logging_mixin.py:151} INFO - [2023-10-18T03:04:12.558+0000] {dag.py:3722} INFO - Setting next_dagrun for our_first_dag_v1 to 2023-10-18T00:00:00+00:00, run_after=2023-10-19T00:00:00+00:00
[2023-10-18T03:04:12.566+0000] {processor.py:179} INFO - Processing /opt/airflow/dags/our_first_dag.py took 0.053 seconds
[2023-10-18T03:04:42.842+0000] {processor.py:157} INFO - Started process (PID=353) to work on /opt/airflow/dags/our_first_dag.py
[2023-10-18T03:04:42.842+0000] {processor.py:829} INFO - Processing file /opt/airflow/dags/our_first_dag.py for tasks to queue
[2023-10-18T03:04:42.843+0000] {logging_mixin.py:151} INFO - [2023-10-18T03:04:42.843+0000] {dagbag.py:536} INFO - Filling up the DagBag from /opt/airflow/dags/our_first_dag.py
[2023-10-18T03:04:42.850+0000] {processor.py:839} INFO - DAG(s) dict_keys(['our_first_dag_v1']) retrieved from /opt/airflow/dags/our_first_dag.py
[2023-10-18T03:04:42.866+0000] {logging_mixin.py:151} INFO - [2023-10-18T03:04:42.866+0000] {dag.py:2941} INFO - Sync 1 DAGs
[2023-10-18T03:04:42.877+0000] {logging_mixin.py:151} INFO - [2023-10-18T03:04:42.877+0000] {dag.py:3722} INFO - Setting next_dagrun for our_first_dag_v1 to 2023-10-18T00:00:00+00:00, run_after=2023-10-19T00:00:00+00:00
[2023-10-18T03:04:42.885+0000] {processor.py:179} INFO - Processing /opt/airflow/dags/our_first_dag.py took 0.045 seconds
[2023-10-18T03:05:13.158+0000] {processor.py:157} INFO - Started process (PID=365) to work on /opt/airflow/dags/our_first_dag.py
[2023-10-18T03:05:13.159+0000] {processor.py:829} INFO - Processing file /opt/airflow/dags/our_first_dag.py for tasks to queue
[2023-10-18T03:05:13.160+0000] {logging_mixin.py:151} INFO - [2023-10-18T03:05:13.160+0000] {dagbag.py:536} INFO - Filling up the DagBag from /opt/airflow/dags/our_first_dag.py
[2023-10-18T03:05:13.170+0000] {processor.py:839} INFO - DAG(s) dict_keys(['our_first_dag_v1']) retrieved from /opt/airflow/dags/our_first_dag.py
[2023-10-18T03:05:13.188+0000] {logging_mixin.py:151} INFO - [2023-10-18T03:05:13.188+0000] {dag.py:2941} INFO - Sync 1 DAGs
[2023-10-18T03:05:13.200+0000] {logging_mixin.py:151} INFO - [2023-10-18T03:05:13.200+0000] {dag.py:3722} INFO - Setting next_dagrun for our_first_dag_v1 to 2023-10-18T00:00:00+00:00, run_after=2023-10-19T00:00:00+00:00
[2023-10-18T03:05:13.208+0000] {processor.py:179} INFO - Processing /opt/airflow/dags/our_first_dag.py took 0.052 seconds
[2023-10-18T03:05:25.257+0000] {processor.py:157} INFO - Started process (PID=370) to work on /opt/airflow/dags/our_first_dag.py
[2023-10-18T03:05:25.258+0000] {processor.py:829} INFO - Processing file /opt/airflow/dags/our_first_dag.py for tasks to queue
[2023-10-18T03:05:25.259+0000] {logging_mixin.py:151} INFO - [2023-10-18T03:05:25.259+0000] {dagbag.py:536} INFO - Filling up the DagBag from /opt/airflow/dags/our_first_dag.py
[2023-10-18T03:05:25.270+0000] {processor.py:839} INFO - DAG(s) dict_keys(['our_first_dag_v2']) retrieved from /opt/airflow/dags/our_first_dag.py
[2023-10-18T03:05:25.344+0000] {logging_mixin.py:151} INFO - [2023-10-18T03:05:25.343+0000] {manager.py:499} INFO - Created Permission View: %s
[2023-10-18T03:05:25.349+0000] {logging_mixin.py:151} INFO - [2023-10-18T03:05:25.349+0000] {manager.py:499} INFO - Created Permission View: %s
[2023-10-18T03:05:25.352+0000] {logging_mixin.py:151} INFO - [2023-10-18T03:05:25.352+0000] {manager.py:499} INFO - Created Permission View: %s
[2023-10-18T03:05:25.352+0000] {logging_mixin.py:151} INFO - [2023-10-18T03:05:25.352+0000] {dag.py:2941} INFO - Sync 1 DAGs
[2023-10-18T03:05:25.358+0000] {logging_mixin.py:151} INFO - [2023-10-18T03:05:25.358+0000] {dag.py:2963} INFO - Creating ORM DAG for our_first_dag_v2
[2023-10-18T03:05:25.363+0000] {logging_mixin.py:151} INFO - [2023-10-18T03:05:25.363+0000] {dag.py:3722} INFO - Setting next_dagrun for our_first_dag_v2 to 2023-10-18T00:00:00+00:00, run_after=2023-10-19T00:00:00+00:00
[2023-10-18T03:05:25.372+0000] {processor.py:179} INFO - Processing /opt/airflow/dags/our_first_dag.py took 0.119 seconds
[2023-10-18T03:05:55.594+0000] {processor.py:157} INFO - Started process (PID=388) to work on /opt/airflow/dags/our_first_dag.py
[2023-10-18T03:05:55.595+0000] {processor.py:829} INFO - Processing file /opt/airflow/dags/our_first_dag.py for tasks to queue
[2023-10-18T03:05:55.596+0000] {logging_mixin.py:151} INFO - [2023-10-18T03:05:55.595+0000] {dagbag.py:536} INFO - Filling up the DagBag from /opt/airflow/dags/our_first_dag.py
[2023-10-18T03:05:55.611+0000] {processor.py:839} INFO - DAG(s) dict_keys(['our_first_dag_v2']) retrieved from /opt/airflow/dags/our_first_dag.py
[2023-10-18T03:05:55.635+0000] {logging_mixin.py:151} INFO - [2023-10-18T03:05:55.635+0000] {dag.py:2941} INFO - Sync 1 DAGs
[2023-10-18T03:05:55.646+0000] {logging_mixin.py:151} INFO - [2023-10-18T03:05:55.646+0000] {dag.py:3722} INFO - Setting next_dagrun for our_first_dag_v2 to 2023-10-18T00:00:00+00:00, run_after=2023-10-19T00:00:00+00:00
[2023-10-18T03:05:55.654+0000] {processor.py:179} INFO - Processing /opt/airflow/dags/our_first_dag.py took 0.064 seconds
[2023-10-18T03:06:13.818+0000] {processor.py:157} INFO - Started process (PID=400) to work on /opt/airflow/dags/our_first_dag.py
[2023-10-18T03:06:13.819+0000] {processor.py:829} INFO - Processing file /opt/airflow/dags/our_first_dag.py for tasks to queue
[2023-10-18T03:06:13.820+0000] {logging_mixin.py:151} INFO - [2023-10-18T03:06:13.820+0000] {dagbag.py:536} INFO - Filling up the DagBag from /opt/airflow/dags/our_first_dag.py
[2023-10-18T03:06:13.834+0000] {processor.py:839} INFO - DAG(s) dict_keys(['our_first_dag_v3']) retrieved from /opt/airflow/dags/our_first_dag.py
[2023-10-18T03:06:13.901+0000] {logging_mixin.py:151} INFO - [2023-10-18T03:06:13.901+0000] {manager.py:499} INFO - Created Permission View: %s
[2023-10-18T03:06:13.905+0000] {logging_mixin.py:151} INFO - [2023-10-18T03:06:13.905+0000] {manager.py:499} INFO - Created Permission View: %s
[2023-10-18T03:06:13.908+0000] {logging_mixin.py:151} INFO - [2023-10-18T03:06:13.908+0000] {manager.py:499} INFO - Created Permission View: %s
[2023-10-18T03:06:13.908+0000] {logging_mixin.py:151} INFO - [2023-10-18T03:06:13.908+0000] {dag.py:2941} INFO - Sync 1 DAGs
[2023-10-18T03:06:13.914+0000] {logging_mixin.py:151} INFO - [2023-10-18T03:06:13.914+0000] {dag.py:2963} INFO - Creating ORM DAG for our_first_dag_v3
[2023-10-18T03:06:13.919+0000] {logging_mixin.py:151} INFO - [2023-10-18T03:06:13.919+0000] {dag.py:3722} INFO - Setting next_dagrun for our_first_dag_v3 to 2023-10-18T00:00:00+00:00, run_after=2023-10-19T00:00:00+00:00
[2023-10-18T03:06:13.926+0000] {processor.py:179} INFO - Processing /opt/airflow/dags/our_first_dag.py took 0.111 seconds
